207 3317121
103 104
103 105
102 103
102 106
101 102
101 107
100 101
100 108
99 100
99 109
98 99
98 110
97 98
97 111
96 97
96 112
95 96
95 113
94 95
94 114
93 94
93 115
92 93
92 116
91 92
91 117
90 91
90 118
89 90
89 119
88 89
88 120
87 88
87 121
86 87
86 122
85 86
85 123
84 85
84 124
83 84
83 125
82 83
82 126
81 82
81 127
80 81
80 128
79 80
79 129
78 79
78 130
77 78
77 131
76 77
76 132
75 76
75 133
74 75
74 134
73 74
73 135
72 73
72 136
71 72
71 137
70 71
70 138
69 70
69 139
68 69
68 140
67 68
67 141
66 67
66 142
65 66
65 143
64 65
64 144
63 64
63 145
62 63
62 146
61 62
61 147
60 61
60 148
59 60
59 149
58 59
58 150
57 58
57 151
56 57
56 152
55 56
55 153
54 55
54 154
53 54
53 155
52 53
52 156
51 52
51 157
50 51
50 158
49 50
49 159
48 49
48 160
47 48
47 161
46 47
46 162
45 46
45 163
44 45
44 164
43 44
43 165
42 43
42 166
41 42
41 167
40 41
40 168
39 40
39 169
38 39
38 170
37 38
37 171
36 37
36 172
35 36
35 173
34 35
34 174
33 34
33 175
32 33
32 176
31 32
31 177
30 31
30 178
29 30
29 179
28 29
28 180
27 28
27 181
26 27
26 182
25 26
25 183
24 25
24 184
23 24
23 185
22 23
22 186
21 22
21 187
20 21
20 188
19 20
19 189
18 19
18 190
17 18
17 191
16 17
16 192
15 16
15 193
14 15
14 194
13 14
13 195
12 13
12 196
11 12
11 197
10 11
10 198
9 10
9 199
8 9
8 200
7 8
7 201
6 7
6 202
5 6
5 203
4 5
4 204
3 4
3 205
2 3
2 206
1 2
1 207
1 208
