2927 13889888
266 267
266 268
266 269
266 270
266 271
266 272
266 273
266 274
266 275
266 276
266 277
265 266
265 278
265 279
265 280
265 281
265 282
265 283
265 284
265 285
265 286
265 287
264 265
264 288
264 289
264 290
264 291
264 292
264 293
264 294
264 295
264 296
264 297
263 264
263 298
263 299
263 300
263 301
263 302
263 303
263 304
263 305
263 306
263 307
262 263
262 308
262 309
262 310
262 311
262 312
262 313
262 314
262 315
262 316
262 317
261 262
261 318
261 319
261 320
261 321
261 322
261 323
261 324
261 325
261 326
261 327
260 261
260 328
260 329
260 330
260 331
260 332
260 333
260 334
260 335
260 336
260 337
259 260
259 338
259 339
259 340
259 341
259 342
259 343
259 344
259 345
259 346
259 347
258 259
258 348
258 349
258 350
258 351
258 352
258 353
258 354
258 355
258 356
258 357
257 258
257 358
257 359
257 360
257 361
257 362
257 363
257 364
257 365
257 366
257 367
256 257
256 368
256 369
256 370
256 371
256 372
256 373
256 374
256 375
256 376
256 377
255 256
255 378
255 379
255 380
255 381
255 382
255 383
255 384
255 385
255 386
255 387
254 255
254 388
254 389
254 390
254 391
254 392
254 393
254 394
254 395
254 396
254 397
253 254
253 398
253 399
253 400
253 401
253 402
253 403
253 404
253 405
253 406
253 407
252 253
252 408
252 409
252 410
252 411
252 412
252 413
252 414
252 415
252 416
252 417
251 252
251 418
251 419
251 420
251 421
251 422
251 423
251 424
251 425
251 426
251 427
250 251
250 428
250 429
250 430
250 431
250 432
250 433
250 434
250 435
250 436
250 437
249 250
249 438
249 439
249 440
249 441
249 442
249 443
249 444
249 445
249 446
249 447
248 249
248 448
248 449
248 450
248 451
248 452
248 453
248 454
248 455
248 456
248 457
247 248
247 458
247 459
247 460
247 461
247 462
247 463
247 464
247 465
247 466
247 467
246 247
246 468
246 469
246 470
246 471
246 472
246 473
246 474
246 475
246 476
246 477
245 246
245 478
245 479
245 480
245 481
245 482
245 483
245 484
245 485
245 486
245 487
244 245
244 488
244 489
244 490
244 491
244 492
244 493
244 494
244 495
244 496
244 497
243 244
243 498
243 499
243 500
243 501
243 502
243 503
243 504
243 505
243 506
243 507
242 243
242 508
242 509
242 510
242 511
242 512
242 513
242 514
242 515
242 516
242 517
241 242
241 518
241 519
241 520
241 521
241 522
241 523
241 524
241 525
241 526
241 527
240 241
240 528
240 529
240 530
240 531
240 532
240 533
240 534
240 535
240 536
240 537
239 240
239 538
239 539
239 540
239 541
239 542
239 543
239 544
239 545
239 546
239 547
238 239
238 548
238 549
238 550
238 551
238 552
238 553
238 554
238 555
238 556
238 557
237 238
237 558
237 559
237 560
237 561
237 562
237 563
237 564
237 565
237 566
237 567
236 237
236 568
236 569
236 570
236 571
236 572
236 573
236 574
236 575
236 576
236 577
235 236
235 578
235 579
235 580
235 581
235 582
235 583
235 584
235 585
235 586
235 587
234 235
234 588
234 589
234 590
234 591
234 592
234 593
234 594
234 595
234 596
234 597
233 234
233 598
233 599
233 600
233 601
233 602
233 603
233 604
233 605
233 606
233 607
232 233
232 608
232 609
232 610
232 611
232 612
232 613
232 614
232 615
232 616
232 617
231 232
231 618
231 619
231 620
231 621
231 622
231 623
231 624
231 625
231 626
231 627
230 231
230 628
230 629
230 630
230 631
230 632
230 633
230 634
230 635
230 636
230 637
229 230
229 638
229 639
229 640
229 641
229 642
229 643
229 644
229 645
229 646
229 647
228 229
228 648
228 649
228 650
228 651
228 652
228 653
228 654
228 655
228 656
228 657
227 228
227 658
227 659
227 660
227 661
227 662
227 663
227 664
227 665
227 666
227 667
226 227
226 668
226 669
226 670
226 671
226 672
226 673
226 674
226 675
226 676
226 677
225 226
225 678
225 679
225 680
225 681
225 682
225 683
225 684
225 685
225 686
225 687
224 225
224 688
224 689
224 690
224 691
224 692
224 693
224 694
224 695
224 696
224 697
223 224
223 698
223 699
223 700
223 701
223 702
223 703
223 704
223 705
223 706
223 707
222 223
222 708
222 709
222 710
222 711
222 712
222 713
222 714
222 715
222 716
222 717
221 222
221 718
221 719
221 720
221 721
221 722
221 723
221 724
221 725
221 726
221 727
220 221
220 728
220 729
220 730
220 731
220 732
220 733
220 734
220 735
220 736
220 737
219 220
219 738
219 739
219 740
219 741
219 742
219 743
219 744
219 745
219 746
219 747
218 219
218 748
218 749
218 750
218 751
218 752
218 753
218 754
218 755
218 756
218 757
217 218
217 758
217 759
217 760
217 761
217 762
217 763
217 764
217 765
217 766
217 767
216 217
216 768
216 769
216 770
216 771
216 772
216 773
216 774
216 775
216 776
216 777
215 216
215 778
215 779
215 780
215 781
215 782
215 783
215 784
215 785
215 786
215 787
214 215
214 788
214 789
214 790
214 791
214 792
214 793
214 794
214 795
214 796
214 797
213 214
213 798
213 799
213 800
213 801
213 802
213 803
213 804
213 805
213 806
213 807
212 213
212 808
212 809
212 810
212 811
212 812
212 813
212 814
212 815
212 816
212 817
211 212
211 818
211 819
211 820
211 821
211 822
211 823
211 824
211 825
211 826
211 827
210 211
210 828
210 829
210 830
210 831
210 832
210 833
210 834
210 835
210 836
210 837
209 210
209 838
209 839
209 840
209 841
209 842
209 843
209 844
209 845
209 846
209 847
208 209
208 848
208 849
208 850
208 851
208 852
208 853
208 854
208 855
208 856
208 857
207 208
207 858
207 859
207 860
207 861
207 862
207 863
207 864
207 865
207 866
207 867
206 207
206 868
206 869
206 870
206 871
206 872
206 873
206 874
206 875
206 876
206 877
205 206
205 878
205 879
205 880
205 881
205 882
205 883
205 884
205 885
205 886
205 887
204 205
204 888
204 889
204 890
204 891
204 892
204 893
204 894
204 895
204 896
204 897
203 204
203 898
203 899
203 900
203 901
203 902
203 903
203 904
203 905
203 906
203 907
202 203
202 908
202 909
202 910
202 911
202 912
202 913
202 914
202 915
202 916
202 917
201 202
201 918
201 919
201 920
201 921
201 922
201 923
201 924
201 925
201 926
201 927
200 201
200 928
200 929
200 930
200 931
200 932
200 933
200 934
200 935
200 936
200 937
199 200
199 938
199 939
199 940
199 941
199 942
199 943
199 944
199 945
199 946
199 947
198 199
198 948
198 949
198 950
198 951
198 952
198 953
198 954
198 955
198 956
198 957
197 198
197 958
197 959
197 960
197 961
197 962
197 963
197 964
197 965
197 966
197 967
196 197
196 968
196 969
196 970
196 971
196 972
196 973
196 974
196 975
196 976
196 977
195 196
195 978
195 979
195 980
195 981
195 982
195 983
195 984
195 985
195 986
195 987
194 195
194 988
194 989
194 990
194 991
194 992
194 993
194 994
194 995
194 996
194 997
193 194
193 998
193 999
193 1000
193 1001
193 1002
193 1003
193 1004
193 1005
193 1006
193 1007
192 193
192 1008
192 1009
192 1010
192 1011
192 1012
192 1013
192 1014
192 1015
192 1016
192 1017
191 192
191 1018
191 1019
191 1020
191 1021
191 1022
191 1023
191 1024
191 1025
191 1026
191 1027
190 191
190 1028
190 1029
190 1030
190 1031
190 1032
190 1033
190 1034
190 1035
190 1036
190 1037
189 190
189 1038
189 1039
189 1040
189 1041
189 1042
189 1043
189 1044
189 1045
189 1046
189 1047
188 189
188 1048
188 1049
188 1050
188 1051
188 1052
188 1053
188 1054
188 1055
188 1056
188 1057
187 188
187 1058
187 1059
187 1060
187 1061
187 1062
187 1063
187 1064
187 1065
187 1066
187 1067
186 187
186 1068
186 1069
186 1070
186 1071
186 1072
186 1073
186 1074
186 1075
186 1076
186 1077
185 186
185 1078
185 1079
185 1080
185 1081
185 1082
185 1083
185 1084
185 1085
185 1086
185 1087
184 185
184 1088
184 1089
184 1090
184 1091
184 1092
184 1093
184 1094
184 1095
184 1096
184 1097
183 184
183 1098
183 1099
183 1100
183 1101
183 1102
183 1103
183 1104
183 1105
183 1106
183 1107
182 183
182 1108
182 1109
182 1110
182 1111
182 1112
182 1113
182 1114
182 1115
182 1116
182 1117
181 182
181 1118
181 1119
181 1120
181 1121
181 1122
181 1123
181 1124
181 1125
181 1126
181 1127
180 181
180 1128
180 1129
180 1130
180 1131
180 1132
180 1133
180 1134
180 1135
180 1136
180 1137
179 180
179 1138
179 1139
179 1140
179 1141
179 1142
179 1143
179 1144
179 1145
179 1146
179 1147
178 179
178 1148
178 1149
178 1150
178 1151
178 1152
178 1153
178 1154
178 1155
178 1156
178 1157
177 178
177 1158
177 1159
177 1160
177 1161
177 1162
177 1163
177 1164
177 1165
177 1166
177 1167
176 177
176 1168
176 1169
176 1170
176 1171
176 1172
176 1173
176 1174
176 1175
176 1176
176 1177
175 176
175 1178
175 1179
175 1180
175 1181
175 1182
175 1183
175 1184
175 1185
175 1186
175 1187
174 175
174 1188
174 1189
174 1190
174 1191
174 1192
174 1193
174 1194
174 1195
174 1196
174 1197
173 174
173 1198
173 1199
173 1200
173 1201
173 1202
173 1203
173 1204
173 1205
173 1206
173 1207
172 173
172 1208
172 1209
172 1210
172 1211
172 1212
172 1213
172 1214
172 1215
172 1216
172 1217
171 172
171 1218
171 1219
171 1220
171 1221
171 1222
171 1223
171 1224
171 1225
171 1226
171 1227
170 171
170 1228
170 1229
170 1230
170 1231
170 1232
170 1233
170 1234
170 1235
170 1236
170 1237
169 170
169 1238
169 1239
169 1240
169 1241
169 1242
169 1243
169 1244
169 1245
169 1246
169 1247
168 169
168 1248
168 1249
168 1250
168 1251
168 1252
168 1253
168 1254
168 1255
168 1256
168 1257
167 168
167 1258
167 1259
167 1260
167 1261
167 1262
167 1263
167 1264
167 1265
167 1266
167 1267
166 167
166 1268
166 1269
166 1270
166 1271
166 1272
166 1273
166 1274
166 1275
166 1276
166 1277
165 166
165 1278
165 1279
165 1280
165 1281
165 1282
165 1283
165 1284
165 1285
165 1286
165 1287
164 165
164 1288
164 1289
164 1290
164 1291
164 1292
164 1293
164 1294
164 1295
164 1296
164 1297
163 164
163 1298
163 1299
163 1300
163 1301
163 1302
163 1303
163 1304
163 1305
163 1306
163 1307
162 163
162 1308
162 1309
162 1310
162 1311
162 1312
162 1313
162 1314
162 1315
162 1316
162 1317
161 162
161 1318
161 1319
161 1320
161 1321
161 1322
161 1323
161 1324
161 1325
161 1326
161 1327
160 161
160 1328
160 1329
160 1330
160 1331
160 1332
160 1333
160 1334
160 1335
160 1336
160 1337
159 160
159 1338
159 1339
159 1340
159 1341
159 1342
159 1343
159 1344
159 1345
159 1346
159 1347
158 159
158 1348
158 1349
158 1350
158 1351
158 1352
158 1353
158 1354
158 1355
158 1356
158 1357
157 158
157 1358
157 1359
157 1360
157 1361
157 1362
157 1363
157 1364
157 1365
157 1366
157 1367
156 157
156 1368
156 1369
156 1370
156 1371
156 1372
156 1373
156 1374
156 1375
156 1376
156 1377
155 156
155 1378
155 1379
155 1380
155 1381
155 1382
155 1383
155 1384
155 1385
155 1386
155 1387
154 155
154 1388
154 1389
154 1390
154 1391
154 1392
154 1393
154 1394
154 1395
154 1396
154 1397
153 154
153 1398
153 1399
153 1400
153 1401
153 1402
153 1403
153 1404
153 1405
153 1406
153 1407
152 153
152 1408
152 1409
152 1410
152 1411
152 1412
152 1413
152 1414
152 1415
152 1416
152 1417
151 152
151 1418
151 1419
151 1420
151 1421
151 1422
151 1423
151 1424
151 1425
151 1426
151 1427
150 151
150 1428
150 1429
150 1430
150 1431
150 1432
150 1433
150 1434
150 1435
150 1436
150 1437
149 150
149 1438
149 1439
149 1440
149 1441
149 1442
149 1443
149 1444
149 1445
149 1446
149 1447
148 149
148 1448
148 1449
148 1450
148 1451
148 1452
148 1453
148 1454
148 1455
148 1456
148 1457
147 148
147 1458
147 1459
147 1460
147 1461
147 1462
147 1463
147 1464
147 1465
147 1466
147 1467
146 147
146 1468
146 1469
146 1470
146 1471
146 1472
146 1473
146 1474
146 1475
146 1476
146 1477
145 146
145 1478
145 1479
145 1480
145 1481
145 1482
145 1483
145 1484
145 1485
145 1486
145 1487
144 145
144 1488
144 1489
144 1490
144 1491
144 1492
144 1493
144 1494
144 1495
144 1496
144 1497
143 144
143 1498
143 1499
143 1500
143 1501
143 1502
143 1503
143 1504
143 1505
143 1506
143 1507
142 143
142 1508
142 1509
142 1510
142 1511
142 1512
142 1513
142 1514
142 1515
142 1516
142 1517
141 142
141 1518
141 1519
141 1520
141 1521
141 1522
141 1523
141 1524
141 1525
141 1526
141 1527
140 141
140 1528
140 1529
140 1530
140 1531
140 1532
140 1533
140 1534
140 1535
140 1536
140 1537
139 140
139 1538
139 1539
139 1540
139 1541
139 1542
139 1543
139 1544
139 1545
139 1546
139 1547
138 139
138 1548
138 1549
138 1550
138 1551
138 1552
138 1553
138 1554
138 1555
138 1556
138 1557
137 138
137 1558
137 1559
137 1560
137 1561
137 1562
137 1563
137 1564
137 1565
137 1566
137 1567
136 137
136 1568
136 1569
136 1570
136 1571
136 1572
136 1573
136 1574
136 1575
136 1576
136 1577
135 136
135 1578
135 1579
135 1580
135 1581
135 1582
135 1583
135 1584
135 1585
135 1586
135 1587
134 135
134 1588
134 1589
134 1590
134 1591
134 1592
134 1593
134 1594
134 1595
134 1596
134 1597
133 134
133 1598
133 1599
133 1600
133 1601
133 1602
133 1603
133 1604
133 1605
133 1606
133 1607
132 133
132 1608
132 1609
132 1610
132 1611
132 1612
132 1613
132 1614
132 1615
132 1616
132 1617
131 132
131 1618
131 1619
131 1620
131 1621
131 1622
131 1623
131 1624
131 1625
131 1626
131 1627
130 131
130 1628
130 1629
130 1630
130 1631
130 1632
130 1633
130 1634
130 1635
130 1636
130 1637
129 130
129 1638
129 1639
129 1640
129 1641
129 1642
129 1643
129 1644
129 1645
129 1646
129 1647
128 129
128 1648
128 1649
128 1650
128 1651
128 1652
128 1653
128 1654
128 1655
128 1656
128 1657
127 128
127 1658
127 1659
127 1660
127 1661
127 1662
127 1663
127 1664
127 1665
127 1666
127 1667
126 127
126 1668
126 1669
126 1670
126 1671
126 1672
126 1673
126 1674
126 1675
126 1676
126 1677
125 126
125 1678
125 1679
125 1680
125 1681
125 1682
125 1683
125 1684
125 1685
125 1686
125 1687
124 125
124 1688
124 1689
124 1690
124 1691
124 1692
124 1693
124 1694
124 1695
124 1696
124 1697
123 124
123 1698
123 1699
123 1700
123 1701
123 1702
123 1703
123 1704
123 1705
123 1706
123 1707
122 123
122 1708
122 1709
122 1710
122 1711
122 1712
122 1713
122 1714
122 1715
122 1716
122 1717
121 122
121 1718
121 1719
121 1720
121 1721
121 1722
121 1723
121 1724
121 1725
121 1726
121 1727
120 121
120 1728
120 1729
120 1730
120 1731
120 1732
120 1733
120 1734
120 1735
120 1736
120 1737
119 120
119 1738
119 1739
119 1740
119 1741
119 1742
119 1743
119 1744
119 1745
119 1746
119 1747
118 119
118 1748
118 1749
118 1750
118 1751
118 1752
118 1753
118 1754
118 1755
118 1756
118 1757
117 118
117 1758
117 1759
117 1760
117 1761
117 1762
117 1763
117 1764
117 1765
117 1766
117 1767
116 117
116 1768
116 1769
116 1770
116 1771
116 1772
116 1773
116 1774
116 1775
116 1776
116 1777
115 116
115 1778
115 1779
115 1780
115 1781
115 1782
115 1783
115 1784
115 1785
115 1786
115 1787
114 115
114 1788
114 1789
114 1790
114 1791
114 1792
114 1793
114 1794
114 1795
114 1796
114 1797
113 114
113 1798
113 1799
113 1800
113 1801
113 1802
113 1803
113 1804
113 1805
113 1806
113 1807
112 113
112 1808
112 1809
112 1810
112 1811
112 1812
112 1813
112 1814
112 1815
112 1816
112 1817
111 112
111 1818
111 1819
111 1820
111 1821
111 1822
111 1823
111 1824
111 1825
111 1826
111 1827
110 111
110 1828
110 1829
110 1830
110 1831
110 1832
110 1833
110 1834
110 1835
110 1836
110 1837
109 110
109 1838
109 1839
109 1840
109 1841
109 1842
109 1843
109 1844
109 1845
109 1846
109 1847
108 109
108 1848
108 1849
108 1850
108 1851
108 1852
108 1853
108 1854
108 1855
108 1856
108 1857
107 108
107 1858
107 1859
107 1860
107 1861
107 1862
107 1863
107 1864
107 1865
107 1866
107 1867
106 107
106 1868
106 1869
106 1870
106 1871
106 1872
106 1873
106 1874
106 1875
106 1876
106 1877
105 106
105 1878
105 1879
105 1880
105 1881
105 1882
105 1883
105 1884
105 1885
105 1886
105 1887
104 105
104 1888
104 1889
104 1890
104 1891
104 1892
104 1893
104 1894
104 1895
104 1896
104 1897
103 104
103 1898
103 1899
103 1900
103 1901
103 1902
103 1903
103 1904
103 1905
103 1906
103 1907
102 103
102 1908
102 1909
102 1910
102 1911
102 1912
102 1913
102 1914
102 1915
102 1916
102 1917
101 102
101 1918
101 1919
101 1920
101 1921
101 1922
101 1923
101 1924
101 1925
101 1926
101 1927
100 101
100 1928
100 1929
100 1930
100 1931
100 1932
100 1933
100 1934
100 1935
100 1936
100 1937
99 100
99 1938
99 1939
99 1940
99 1941
99 1942
99 1943
99 1944
99 1945
99 1946
99 1947
98 99
98 1948
98 1949
98 1950
98 1951
98 1952
98 1953
98 1954
98 1955
98 1956
98 1957
97 98
97 1958
97 1959
97 1960
97 1961
97 1962
97 1963
97 1964
97 1965
97 1966
97 1967
96 97
96 1968
96 1969
96 1970
96 1971
96 1972
96 1973
96 1974
96 1975
96 1976
96 1977
95 96
95 1978
95 1979
95 1980
95 1981
95 1982
95 1983
95 1984
95 1985
95 1986
95 1987
94 95
94 1988
94 1989
94 1990
94 1991
94 1992
94 1993
94 1994
94 1995
94 1996
94 1997
93 94
93 1998
93 1999
93 2000
93 2001
93 2002
93 2003
93 2004
93 2005
93 2006
93 2007
92 93
92 2008
92 2009
92 2010
92 2011
92 2012
92 2013
92 2014
92 2015
92 2016
92 2017
91 92
91 2018
91 2019
91 2020
91 2021
91 2022
91 2023
91 2024
91 2025
91 2026
91 2027
90 91
90 2028
90 2029
90 2030
90 2031
90 2032
90 2033
90 2034
90 2035
90 2036
90 2037
89 90
89 2038
89 2039
89 2040
89 2041
89 2042
89 2043
89 2044
89 2045
89 2046
89 2047
88 89
88 2048
88 2049
88 2050
88 2051
88 2052
88 2053
88 2054
88 2055
88 2056
88 2057
87 88
87 2058
87 2059
87 2060
87 2061
87 2062
87 2063
87 2064
87 2065
87 2066
87 2067
86 87
86 2068
86 2069
86 2070
86 2071
86 2072
86 2073
86 2074
86 2075
86 2076
86 2077
85 86
85 2078
85 2079
85 2080
85 2081
85 2082
85 2083
85 2084
85 2085
85 2086
85 2087
84 85
84 2088
84 2089
84 2090
84 2091
84 2092
84 2093
84 2094
84 2095
84 2096
84 2097
83 84
83 2098
83 2099
83 2100
83 2101
83 2102
83 2103
83 2104
83 2105
83 2106
83 2107
82 83
82 2108
82 2109
82 2110
82 2111
82 2112
82 2113
82 2114
82 2115
82 2116
82 2117
81 82
81 2118
81 2119
81 2120
81 2121
81 2122
81 2123
81 2124
81 2125
81 2126
81 2127
80 81
80 2128
80 2129
80 2130
80 2131
80 2132
80 2133
80 2134
80 2135
80 2136
80 2137
79 80
79 2138
79 2139
79 2140
79 2141
79 2142
79 2143
79 2144
79 2145
79 2146
79 2147
78 79
78 2148
78 2149
78 2150
78 2151
78 2152
78 2153
78 2154
78 2155
78 2156
78 2157
77 78
77 2158
77 2159
77 2160
77 2161
77 2162
77 2163
77 2164
77 2165
77 2166
77 2167
76 77
76 2168
76 2169
76 2170
76 2171
76 2172
76 2173
76 2174
76 2175
76 2176
76 2177
75 76
75 2178
75 2179
75 2180
75 2181
75 2182
75 2183
75 2184
75 2185
75 2186
75 2187
74 75
74 2188
74 2189
74 2190
74 2191
74 2192
74 2193
74 2194
74 2195
74 2196
74 2197
73 74
73 2198
73 2199
73 2200
73 2201
73 2202
73 2203
73 2204
73 2205
73 2206
73 2207
72 73
72 2208
72 2209
72 2210
72 2211
72 2212
72 2213
72 2214
72 2215
72 2216
72 2217
71 72
71 2218
71 2219
71 2220
71 2221
71 2222
71 2223
71 2224
71 2225
71 2226
71 2227
70 71
70 2228
70 2229
70 2230
70 2231
70 2232
70 2233
70 2234
70 2235
70 2236
70 2237
69 70
69 2238
69 2239
69 2240
69 2241
69 2242
69 2243
69 2244
69 2245
69 2246
69 2247
68 69
68 2248
68 2249
68 2250
68 2251
68 2252
68 2253
68 2254
68 2255
68 2256
68 2257
67 68
67 2258
67 2259
67 2260
67 2261
67 2262
67 2263
67 2264
67 2265
67 2266
67 2267
66 67
66 2268
66 2269
66 2270
66 2271
66 2272
66 2273
66 2274
66 2275
66 2276
66 2277
65 66
65 2278
65 2279
65 2280
65 2281
65 2282
65 2283
65 2284
65 2285
65 2286
65 2287
64 65
64 2288
64 2289
64 2290
64 2291
64 2292
64 2293
64 2294
64 2295
64 2296
64 2297
63 64
63 2298
63 2299
63 2300
63 2301
63 2302
63 2303
63 2304
63 2305
63 2306
63 2307
62 63
62 2308
62 2309
62 2310
62 2311
62 2312
62 2313
62 2314
62 2315
62 2316
62 2317
61 62
61 2318
61 2319
61 2320
61 2321
61 2322
61 2323
61 2324
61 2325
61 2326
61 2327
60 61
60 2328
60 2329
60 2330
60 2331
60 2332
60 2333
60 2334
60 2335
60 2336
60 2337
59 60
59 2338
59 2339
59 2340
59 2341
59 2342
59 2343
59 2344
59 2345
59 2346
59 2347
58 59
58 2348
58 2349
58 2350
58 2351
58 2352
58 2353
58 2354
58 2355
58 2356
58 2357
57 58
57 2358
57 2359
57 2360
57 2361
57 2362
57 2363
57 2364
57 2365
57 2366
57 2367
56 57
56 2368
56 2369
56 2370
56 2371
56 2372
56 2373
56 2374
56 2375
56 2376
56 2377
55 56
55 2378
55 2379
55 2380
55 2381
55 2382
55 2383
55 2384
55 2385
55 2386
55 2387
54 55
54 2388
54 2389
54 2390
54 2391
54 2392
54 2393
54 2394
54 2395
54 2396
54 2397
53 54
53 2398
53 2399
53 2400
53 2401
53 2402
53 2403
53 2404
53 2405
53 2406
53 2407
52 53
52 2408
52 2409
52 2410
52 2411
52 2412
52 2413
52 2414
52 2415
52 2416
52 2417
51 52
51 2418
51 2419
51 2420
51 2421
51 2422
51 2423
51 2424
51 2425
51 2426
51 2427
50 51
50 2428
50 2429
50 2430
50 2431
50 2432
50 2433
50 2434
50 2435
50 2436
50 2437
49 50
49 2438
49 2439
49 2440
49 2441
49 2442
49 2443
49 2444
49 2445
49 2446
49 2447
48 49
48 2448
48 2449
48 2450
48 2451
48 2452
48 2453
48 2454
48 2455
48 2456
48 2457
47 48
47 2458
47 2459
47 2460
47 2461
47 2462
47 2463
47 2464
47 2465
47 2466
47 2467
46 47
46 2468
46 2469
46 2470
46 2471
46 2472
46 2473
46 2474
46 2475
46 2476
46 2477
45 46
45 2478
45 2479
45 2480
45 2481
45 2482
45 2483
45 2484
45 2485
45 2486
45 2487
44 45
44 2488
44 2489
44 2490
44 2491
44 2492
44 2493
44 2494
44 2495
44 2496
44 2497
43 44
43 2498
43 2499
43 2500
43 2501
43 2502
43 2503
43 2504
43 2505
43 2506
43 2507
42 43
42 2508
42 2509
42 2510
42 2511
42 2512
42 2513
42 2514
42 2515
42 2516
42 2517
41 42
41 2518
41 2519
41 2520
41 2521
41 2522
41 2523
41 2524
41 2525
41 2526
41 2527
40 41
40 2528
40 2529
40 2530
40 2531
40 2532
40 2533
40 2534
40 2535
40 2536
40 2537
39 40
39 2538
39 2539
39 2540
39 2541
39 2542
39 2543
39 2544
39 2545
39 2546
39 2547
38 39
38 2548
38 2549
38 2550
38 2551
38 2552
38 2553
38 2554
38 2555
38 2556
38 2557
37 38
37 2558
37 2559
37 2560
37 2561
37 2562
37 2563
37 2564
37 2565
37 2566
37 2567
36 37
36 2568
36 2569
36 2570
36 2571
36 2572
36 2573
36 2574
36 2575
36 2576
36 2577
35 36
35 2578
35 2579
35 2580
35 2581
35 2582
35 2583
35 2584
35 2585
35 2586
35 2587
34 35
34 2588
34 2589
34 2590
34 2591
34 2592
34 2593
34 2594
34 2595
34 2596
34 2597
33 34
33 2598
33 2599
33 2600
33 2601
33 2602
33 2603
33 2604
33 2605
33 2606
33 2607
32 33
32 2608
32 2609
32 2610
32 2611
32 2612
32 2613
32 2614
32 2615
32 2616
32 2617
31 32
31 2618
31 2619
31 2620
31 2621
31 2622
31 2623
31 2624
31 2625
31 2626
31 2627
30 31
30 2628
30 2629
30 2630
30 2631
30 2632
30 2633
30 2634
30 2635
30 2636
30 2637
29 30
29 2638
29 2639
29 2640
29 2641
29 2642
29 2643
29 2644
29 2645
29 2646
29 2647
28 29
28 2648
28 2649
28 2650
28 2651
28 2652
28 2653
28 2654
28 2655
28 2656
28 2657
27 28
27 2658
27 2659
27 2660
27 2661
27 2662
27 2663
27 2664
27 2665
27 2666
27 2667
26 27
26 2668
26 2669
26 2670
26 2671
26 2672
26 2673
26 2674
26 2675
26 2676
26 2677
25 26
25 2678
25 2679
25 2680
25 2681
25 2682
25 2683
25 2684
25 2685
25 2686
25 2687
24 25
24 2688
24 2689
24 2690
24 2691
24 2692
24 2693
24 2694
24 2695
24 2696
24 2697
23 24
23 2698
23 2699
23 2700
23 2701
23 2702
23 2703
23 2704
23 2705
23 2706
23 2707
22 23
22 2708
22 2709
22 2710
22 2711
22 2712
22 2713
22 2714
22 2715
22 2716
22 2717
21 22
21 2718
21 2719
21 2720
21 2721
21 2722
21 2723
21 2724
21 2725
21 2726
21 2727
20 21
20 2728
20 2729
20 2730
20 2731
20 2732
20 2733
20 2734
20 2735
20 2736
20 2737
19 20
19 2738
19 2739
19 2740
19 2741
19 2742
19 2743
19 2744
19 2745
19 2746
19 2747
18 19
18 2748
18 2749
18 2750
18 2751
18 2752
18 2753
18 2754
18 2755
18 2756
18 2757
17 18
17 2758
17 2759
17 2760
17 2761
17 2762
17 2763
17 2764
17 2765
17 2766
17 2767
16 17
16 2768
16 2769
16 2770
16 2771
16 2772
16 2773
16 2774
16 2775
16 2776
16 2777
15 16
15 2778
15 2779
15 2780
15 2781
15 2782
15 2783
15 2784
15 2785
15 2786
15 2787
14 15
14 2788
14 2789
14 2790
14 2791
14 2792
14 2793
14 2794
14 2795
14 2796
14 2797
13 14
13 2798
13 2799
13 2800
13 2801
13 2802
13 2803
13 2804
13 2805
13 2806
13 2807
12 13
12 2808
12 2809
12 2810
12 2811
12 2812
12 2813
12 2814
12 2815
12 2816
12 2817
11 12
11 2818
11 2819
11 2820
11 2821
11 2822
11 2823
11 2824
11 2825
11 2826
11 2827
10 11
10 2828
10 2829
10 2830
10 2831
10 2832
10 2833
10 2834
10 2835
10 2836
10 2837
9 10
9 2838
9 2839
9 2840
9 2841
9 2842
9 2843
9 2844
9 2845
9 2846
9 2847
8 9
8 2848
8 2849
8 2850
8 2851
8 2852
8 2853
8 2854
8 2855
8 2856
8 2857
7 8
7 2858
7 2859
7 2860
7 2861
7 2862
7 2863
7 2864
7 2865
7 2866
7 2867
6 7
6 2868
6 2869
6 2870
6 2871
6 2872
6 2873
6 2874
6 2875
6 2876
6 2877
5 6
5 2878
5 2879
5 2880
5 2881
5 2882
5 2883
5 2884
5 2885
5 2886
5 2887
4 5
4 2888
4 2889
4 2890
4 2891
4 2892
4 2893
4 2894
4 2895
4 2896
4 2897
3 4
3 2898
3 2899
3 2900
3 2901
3 2902
3 2903
3 2904
3 2905
3 2906
3 2907
2 3
2 2908
2 2909
2 2910
2 2911
2 2912
2 2913
2 2914
2 2915
2 2916
2 2917
1 2
1 2918
1 2919
1 2920
1 2921
1 2922
1 2923
1 2924
1 2925
1 2926
1 2927
1 2928
