379 3140470
76 77
76 78
76 79
76 80
76 81
75 76
75 82
75 83
75 84
75 85
74 75
74 86
74 87
74 88
74 89
73 74
73 90
73 91
73 92
73 93
72 73
72 94
72 95
72 96
72 97
71 72
71 98
71 99
71 100
71 101
70 71
70 102
70 103
70 104
70 105
69 70
69 106
69 107
69 108
69 109
68 69
68 110
68 111
68 112
68 113
67 68
67 114
67 115
67 116
67 117
66 67
66 118
66 119
66 120
66 121
65 66
65 122
65 123
65 124
65 125
64 65
64 126
64 127
64 128
64 129
63 64
63 130
63 131
63 132
63 133
62 63
62 134
62 135
62 136
62 137
61 62
61 138
61 139
61 140
61 141
60 61
60 142
60 143
60 144
60 145
59 60
59 146
59 147
59 148
59 149
58 59
58 150
58 151
58 152
58 153
57 58
57 154
57 155
57 156
57 157
56 57
56 158
56 159
56 160
56 161
55 56
55 162
55 163
55 164
55 165
54 55
54 166
54 167
54 168
54 169
53 54
53 170
53 171
53 172
53 173
52 53
52 174
52 175
52 176
52 177
51 52
51 178
51 179
51 180
51 181
50 51
50 182
50 183
50 184
50 185
49 50
49 186
49 187
49 188
49 189
48 49
48 190
48 191
48 192
48 193
47 48
47 194
47 195
47 196
47 197
46 47
46 198
46 199
46 200
46 201
45 46
45 202
45 203
45 204
45 205
44 45
44 206
44 207
44 208
44 209
43 44
43 210
43 211
43 212
43 213
42 43
42 214
42 215
42 216
42 217
41 42
41 218
41 219
41 220
41 221
40 41
40 222
40 223
40 224
40 225
39 40
39 226
39 227
39 228
39 229
38 39
38 230
38 231
38 232
38 233
37 38
37 234
37 235
37 236
37 237
36 37
36 238
36 239
36 240
36 241
35 36
35 242
35 243
35 244
35 245
34 35
34 246
34 247
34 248
34 249
33 34
33 250
33 251
33 252
33 253
32 33
32 254
32 255
32 256
32 257
31 32
31 258
31 259
31 260
31 261
30 31
30 262
30 263
30 264
30 265
29 30
29 266
29 267
29 268
29 269
28 29
28 270
28 271
28 272
28 273
27 28
27 274
27 275
27 276
27 277
26 27
26 278
26 279
26 280
26 281
25 26
25 282
25 283
25 284
25 285
24 25
24 286
24 287
24 288
24 289
23 24
23 290
23 291
23 292
23 293
22 23
22 294
22 295
22 296
22 297
21 22
21 298
21 299
21 300
21 301
20 21
20 302
20 303
20 304
20 305
19 20
19 306
19 307
19 308
19 309
18 19
18 310
18 311
18 312
18 313
17 18
17 314
17 315
17 316
17 317
16 17
16 318
16 319
16 320
16 321
15 16
15 322
15 323
15 324
15 325
14 15
14 326
14 327
14 328
14 329
13 14
13 330
13 331
13 332
13 333
12 13
12 334
12 335
12 336
12 337
11 12
11 338
11 339
11 340
11 341
10 11
10 342
10 343
10 344
10 345
9 10
9 346
9 347
9 348
9 349
8 9
8 350
8 351
8 352
8 353
7 8
7 354
7 355
7 356
7 357
6 7
6 358
6 359
6 360
6 361
5 6
5 362
5 363
5 364
5 365
4 5
4 366
4 367
4 368
4 369
3 4
3 370
3 371
3 372
3 373
2 3
2 374
2 375
2 376
2 377
1 2
1 378
1 379
1 380
