364 3508667
121 122
121 123
121 124
120 121
120 125
120 126
119 120
119 127
119 128
118 119
118 129
118 130
117 118
117 131
117 132
116 117
116 133
116 134
115 116
115 135
115 136
114 115
114 137
114 138
113 114
113 139
113 140
112 113
112 141
112 142
111 112
111 143
111 144
110 111
110 145
110 146
109 110
109 147
109 148
108 109
108 149
108 150
107 108
107 151
107 152
106 107
106 153
106 154
105 106
105 155
105 156
104 105
104 157
104 158
103 104
103 159
103 160
102 103
102 161
102 162
101 102
101 163
101 164
100 101
100 165
100 166
99 100
99 167
99 168
98 99
98 169
98 170
97 98
97 171
97 172
96 97
96 173
96 174
95 96
95 175
95 176
94 95
94 177
94 178
93 94
93 179
93 180
92 93
92 181
92 182
91 92
91 183
91 184
90 91
90 185
90 186
89 90
89 187
89 188
88 89
88 189
88 190
87 88
87 191
87 192
86 87
86 193
86 194
85 86
85 195
85 196
84 85
84 197
84 198
83 84
83 199
83 200
82 83
82 201
82 202
81 82
81 203
81 204
80 81
80 205
80 206
79 80
79 207
79 208
78 79
78 209
78 210
77 78
77 211
77 212
76 77
76 213
76 214
75 76
75 215
75 216
74 75
74 217
74 218
73 74
73 219
73 220
72 73
72 221
72 222
71 72
71 223
71 224
70 71
70 225
70 226
69 70
69 227
69 228
68 69
68 229
68 230
67 68
67 231
67 232
66 67
66 233
66 234
65 66
65 235
65 236
64 65
64 237
64 238
63 64
63 239
63 240
62 63
62 241
62 242
61 62
61 243
61 244
60 61
60 245
60 246
59 60
59 247
59 248
58 59
58 249
58 250
57 58
57 251
57 252
56 57
56 253
56 254
55 56
55 255
55 256
54 55
54 257
54 258
53 54
53 259
53 260
52 53
52 261
52 262
51 52
51 263
51 264
50 51
50 265
50 266
49 50
49 267
49 268
48 49
48 269
48 270
47 48
47 271
47 272
46 47
46 273
46 274
45 46
45 275
45 276
44 45
44 277
44 278
43 44
43 279
43 280
42 43
42 281
42 282
41 42
41 283
41 284
40 41
40 285
40 286
39 40
39 287
39 288
38 39
38 289
38 290
37 38
37 291
37 292
36 37
36 293
36 294
35 36
35 295
35 296
34 35
34 297
34 298
33 34
33 299
33 300
32 33
32 301
32 302
31 32
31 303
31 304
30 31
30 305
30 306
29 30
29 307
29 308
28 29
28 309
28 310
27 28
27 311
27 312
26 27
26 313
26 314
25 26
25 315
25 316
24 25
24 317
24 318
23 24
23 319
23 320
22 23
22 321
22 322
21 22
21 323
21 324
20 21
20 325
20 326
19 20
19 327
19 328
18 19
18 329
18 330
17 18
17 331
17 332
16 17
16 333
16 334
15 16
15 335
15 336
14 15
14 337
14 338
13 14
13 339
13 340
12 13
12 341
12 342
11 12
11 343
11 344
10 11
10 345
10 346
9 10
9 347
9 348
8 9
8 349
8 350
7 8
7 351
7 352
6 7
6 353
6 354
5 6
5 355
5 356
4 5
4 357
4 358
3 4
3 359
3 360
2 3
2 361
2 362
1 2
1 363
1 364
1 365
