317 6799456
158 159
158 160
157 158
157 161
156 157
156 162
155 156
155 163
154 155
154 164
153 154
153 165
152 153
152 166
151 152
151 167
150 151
150 168
149 150
149 169
148 149
148 170
147 148
147 171
146 147
146 172
145 146
145 173
144 145
144 174
143 144
143 175
142 143
142 176
141 142
141 177
140 141
140 178
139 140
139 179
138 139
138 180
137 138
137 181
136 137
136 182
135 136
135 183
134 135
134 184
133 134
133 185
132 133
132 186
131 132
131 187
130 131
130 188
129 130
129 189
128 129
128 190
127 128
127 191
126 127
126 192
125 126
125 193
124 125
124 194
123 124
123 195
122 123
122 196
121 122
121 197
120 121
120 198
119 120
119 199
118 119
118 200
117 118
117 201
116 117
116 202
115 116
115 203
114 115
114 204
113 114
113 205
112 113
112 206
111 112
111 207
110 111
110 208
109 110
109 209
108 109
108 210
107 108
107 211
106 107
106 212
105 106
105 213
104 105
104 214
103 104
103 215
102 103
102 216
101 102
101 217
100 101
100 218
99 100
99 219
98 99
98 220
97 98
97 221
96 97
96 222
95 96
95 223
94 95
94 224
93 94
93 225
92 93
92 226
91 92
91 227
90 91
90 228
89 90
89 229
88 89
88 230
87 88
87 231
86 87
86 232
85 86
85 233
84 85
84 234
83 84
83 235
82 83
82 236
81 82
81 237
80 81
80 238
79 80
79 239
78 79
78 240
77 78
77 241
76 77
76 242
75 76
75 243
74 75
74 244
73 74
73 245
72 73
72 246
71 72
71 247
70 71
70 248
69 70
69 249
68 69
68 250
67 68
67 251
66 67
66 252
65 66
65 253
64 65
64 254
63 64
63 255
62 63
62 256
61 62
61 257
60 61
60 258
59 60
59 259
58 59
58 260
57 58
57 261
56 57
56 262
55 56
55 263
54 55
54 264
53 54
53 265
52 53
52 266
51 52
51 267
50 51
50 268
49 50
49 269
48 49
48 270
47 48
47 271
46 47
46 272
45 46
45 273
44 45
44 274
43 44
43 275
42 43
42 276
41 42
41 277
40 41
40 278
39 40
39 279
38 39
38 280
37 38
37 281
36 37
36 282
35 36
35 283
34 35
34 284
33 34
33 285
32 33
32 286
31 32
31 287
30 31
30 288
29 30
29 289
28 29
28 290
27 28
27 291
26 27
26 292
25 26
25 293
24 25
24 294
23 24
23 295
22 23
22 296
21 22
21 297
20 21
20 298
19 20
19 299
18 19
18 300
17 18
17 301
16 17
16 302
15 16
15 303
14 15
14 304
13 14
13 305
12 13
12 306
11 12
11 307
10 11
10 308
9 10
9 309
8 9
8 310
7 8
7 311
6 7
6 312
5 6
5 313
4 5
4 314
3 4
3 315
2 3
2 316
1 2
1 317
1 318
