415 5383994
207 208
207 209
206 207
206 210
205 206
205 211
204 205
204 212
203 204
203 213
202 203
202 214
201 202
201 215
200 201
200 216
199 200
199 217
198 199
198 218
197 198
197 219
196 197
196 220
195 196
195 221
194 195
194 222
193 194
193 223
192 193
192 224
191 192
191 225
190 191
190 226
189 190
189 227
188 189
188 228
187 188
187 229
186 187
186 230
185 186
185 231
184 185
184 232
183 184
183 233
182 183
182 234
181 182
181 235
180 181
180 236
179 180
179 237
178 179
178 238
177 178
177 239
176 177
176 240
175 176
175 241
174 175
174 242
173 174
173 243
172 173
172 244
171 172
171 245
170 171
170 246
169 170
169 247
168 169
168 248
167 168
167 249
166 167
166 250
165 166
165 251
164 165
164 252
163 164
163 253
162 163
162 254
161 162
161 255
160 161
160 256
159 160
159 257
158 159
158 258
157 158
157 259
156 157
156 260
155 156
155 261
154 155
154 262
153 154
153 263
152 153
152 264
151 152
151 265
150 151
150 266
149 150
149 267
148 149
148 268
147 148
147 269
146 147
146 270
145 146
145 271
144 145
144 272
143 144
143 273
142 143
142 274
141 142
141 275
140 141
140 276
139 140
139 277
138 139
138 278
137 138
137 279
136 137
136 280
135 136
135 281
134 135
134 282
133 134
133 283
132 133
132 284
131 132
131 285
130 131
130 286
129 130
129 287
128 129
128 288
127 128
127 289
126 127
126 290
125 126
125 291
124 125
124 292
123 124
123 293
122 123
122 294
121 122
121 295
120 121
120 296
119 120
119 297
118 119
118 298
117 118
117 299
116 117
116 300
115 116
115 301
114 115
114 302
113 114
113 303
112 113
112 304
111 112
111 305
110 111
110 306
109 110
109 307
108 109
108 308
107 108
107 309
106 107
106 310
105 106
105 311
104 105
104 312
103 104
103 313
102 103
102 314
101 102
101 315
100 101
100 316
99 100
99 317
98 99
98 318
97 98
97 319
96 97
96 320
95 96
95 321
94 95
94 322
93 94
93 323
92 93
92 324
91 92
91 325
90 91
90 326
89 90
89 327
88 89
88 328
87 88
87 329
86 87
86 330
85 86
85 331
84 85
84 332
83 84
83 333
82 83
82 334
81 82
81 335
80 81
80 336
79 80
79 337
78 79
78 338
77 78
77 339
76 77
76 340
75 76
75 341
74 75
74 342
73 74
73 343
72 73
72 344
71 72
71 345
70 71
70 346
69 70
69 347
68 69
68 348
67 68
67 349
66 67
66 350
65 66
65 351
64 65
64 352
63 64
63 353
62 63
62 354
61 62
61 355
60 61
60 356
59 60
59 357
58 59
58 358
57 58
57 359
56 57
56 360
55 56
55 361
54 55
54 362
53 54
53 363
52 53
52 364
51 52
51 365
50 51
50 366
49 50
49 367
48 49
48 368
47 48
47 369
46 47
46 370
45 46
45 371
44 45
44 372
43 44
43 373
42 43
42 374
41 42
41 375
40 41
40 376
39 40
39 377
38 39
38 378
37 38
37 379
36 37
36 380
35 36
35 381
34 35
34 382
33 34
33 383
32 33
32 384
31 32
31 385
30 31
30 386
29 30
29 387
28 29
28 388
27 28
27 389
26 27
26 390
25 26
25 391
24 25
24 392
23 24
23 393
22 23
22 394
21 22
21 395
20 21
20 396
19 20
19 397
18 19
18 398
17 18
17 399
16 17
16 400
15 16
15 401
14 15
14 402
13 14
13 403
12 13
12 404
11 12
11 405
10 11
10 406
9 10
9 407
8 9
8 408
7 8
7 409
6 7
6 410
5 6
5 411
4 5
4 412
3 4
3 413
2 3
2 414
1 2
1 415
1 416
