571 9396678
190 191
190 192
190 193
189 190
189 194
189 195
188 189
188 196
188 197
187 188
187 198
187 199
186 187
186 200
186 201
185 186
185 202
185 203
184 185
184 204
184 205
183 184
183 206
183 207
182 183
182 208
182 209
181 182
181 210
181 211
180 181
180 212
180 213
179 180
179 214
179 215
178 179
178 216
178 217
177 178
177 218
177 219
176 177
176 220
176 221
175 176
175 222
175 223
174 175
174 224
174 225
173 174
173 226
173 227
172 173
172 228
172 229
171 172
171 230
171 231
170 171
170 232
170 233
169 170
169 234
169 235
168 169
168 236
168 237
167 168
167 238
167 239
166 167
166 240
166 241
165 166
165 242
165 243
164 165
164 244
164 245
163 164
163 246
163 247
162 163
162 248
162 249
161 162
161 250
161 251
160 161
160 252
160 253
159 160
159 254
159 255
158 159
158 256
158 257
157 158
157 258
157 259
156 157
156 260
156 261
155 156
155 262
155 263
154 155
154 264
154 265
153 154
153 266
153 267
152 153
152 268
152 269
151 152
151 270
151 271
150 151
150 272
150 273
149 150
149 274
149 275
148 149
148 276
148 277
147 148
147 278
147 279
146 147
146 280
146 281
145 146
145 282
145 283
144 145
144 284
144 285
143 144
143 286
143 287
142 143
142 288
142 289
141 142
141 290
141 291
140 141
140 292
140 293
139 140
139 294
139 295
138 139
138 296
138 297
137 138
137 298
137 299
136 137
136 300
136 301
135 136
135 302
135 303
134 135
134 304
134 305
133 134
133 306
133 307
132 133
132 308
132 309
131 132
131 310
131 311
130 131
130 312
130 313
129 130
129 314
129 315
128 129
128 316
128 317
127 128
127 318
127 319
126 127
126 320
126 321
125 126
125 322
125 323
124 125
124 324
124 325
123 124
123 326
123 327
122 123
122 328
122 329
121 122
121 330
121 331
120 121
120 332
120 333
119 120
119 334
119 335
118 119
118 336
118 337
117 118
117 338
117 339
116 117
116 340
116 341
115 116
115 342
115 343
114 115
114 344
114 345
113 114
113 346
113 347
112 113
112 348
112 349
111 112
111 350
111 351
110 111
110 352
110 353
109 110
109 354
109 355
108 109
108 356
108 357
107 108
107 358
107 359
106 107
106 360
106 361
105 106
105 362
105 363
104 105
104 364
104 365
103 104
103 366
103 367
102 103
102 368
102 369
101 102
101 370
101 371
100 101
100 372
100 373
99 100
99 374
99 375
98 99
98 376
98 377
97 98
97 378
97 379
96 97
96 380
96 381
95 96
95 382
95 383
94 95
94 384
94 385
93 94
93 386
93 387
92 93
92 388
92 389
91 92
91 390
91 391
90 91
90 392
90 393
89 90
89 394
89 395
88 89
88 396
88 397
87 88
87 398
87 399
86 87
86 400
86 401
85 86
85 402
85 403
84 85
84 404
84 405
83 84
83 406
83 407
82 83
82 408
82 409
81 82
81 410
81 411
80 81
80 412
80 413
79 80
79 414
79 415
78 79
78 416
78 417
77 78
77 418
77 419
76 77
76 420
76 421
75 76
75 422
75 423
74 75
74 424
74 425
73 74
73 426
73 427
72 73
72 428
72 429
71 72
71 430
71 431
70 71
70 432
70 433
69 70
69 434
69 435
68 69
68 436
68 437
67 68
67 438
67 439
66 67
66 440
66 441
65 66
65 442
65 443
64 65
64 444
64 445
63 64
63 446
63 447
62 63
62 448
62 449
61 62
61 450
61 451
60 61
60 452
60 453
59 60
59 454
59 455
58 59
58 456
58 457
57 58
57 458
57 459
56 57
56 460
56 461
55 56
55 462
55 463
54 55
54 464
54 465
53 54
53 466
53 467
52 53
52 468
52 469
51 52
51 470
51 471
50 51
50 472
50 473
49 50
49 474
49 475
48 49
48 476
48 477
47 48
47 478
47 479
46 47
46 480
46 481
45 46
45 482
45 483
44 45
44 484
44 485
43 44
43 486
43 487
42 43
42 488
42 489
41 42
41 490
41 491
40 41
40 492
40 493
39 40
39 494
39 495
38 39
38 496
38 497
37 38
37 498
37 499
36 37
36 500
36 501
35 36
35 502
35 503
34 35
34 504
34 505
33 34
33 506
33 507
32 33
32 508
32 509
31 32
31 510
31 511
30 31
30 512
30 513
29 30
29 514
29 515
28 29
28 516
28 517
27 28
27 518
27 519
26 27
26 520
26 521
25 26
25 522
25 523
24 25
24 524
24 525
23 24
23 526
23 527
22 23
22 528
22 529
21 22
21 530
21 531
20 21
20 532
20 533
19 20
19 534
19 535
18 19
18 536
18 537
17 18
17 538
17 539
16 17
16 540
16 541
15 16
15 542
15 543
14 15
14 544
14 545
13 14
13 546
13 547
12 13
12 548
12 549
11 12
11 550
11 551
10 11
10 552
10 553
9 10
9 554
9 555
8 9
8 556
8 557
7 8
7 558
7 559
6 7
6 560
6 561
5 6
5 562
5 563
4 5
4 564
4 565
3 4
3 566
3 567
2 3
2 568
2 569
1 2
1 570
1 571
1 572
