530 9024252
177 178
177 179
177 180
176 177
176 181
176 182
175 176
175 183
175 184
174 175
174 185
174 186
173 174
173 187
173 188
172 173
172 189
172 190
171 172
171 191
171 192
170 171
170 193
170 194
169 170
169 195
169 196
168 169
168 197
168 198
167 168
167 199
167 200
166 167
166 201
166 202
165 166
165 203
165 204
164 165
164 205
164 206
163 164
163 207
163 208
162 163
162 209
162 210
161 162
161 211
161 212
160 161
160 213
160 214
159 160
159 215
159 216
158 159
158 217
158 218
157 158
157 219
157 220
156 157
156 221
156 222
155 156
155 223
155 224
154 155
154 225
154 226
153 154
153 227
153 228
152 153
152 229
152 230
151 152
151 231
151 232
150 151
150 233
150 234
149 150
149 235
149 236
148 149
148 237
148 238
147 148
147 239
147 240
146 147
146 241
146 242
145 146
145 243
145 244
144 145
144 245
144 246
143 144
143 247
143 248
142 143
142 249
142 250
141 142
141 251
141 252
140 141
140 253
140 254
139 140
139 255
139 256
138 139
138 257
138 258
137 138
137 259
137 260
136 137
136 261
136 262
135 136
135 263
135 264
134 135
134 265
134 266
133 134
133 267
133 268
132 133
132 269
132 270
131 132
131 271
131 272
130 131
130 273
130 274
129 130
129 275
129 276
128 129
128 277
128 278
127 128
127 279
127 280
126 127
126 281
126 282
125 126
125 283
125 284
124 125
124 285
124 286
123 124
123 287
123 288
122 123
122 289
122 290
121 122
121 291
121 292
120 121
120 293
120 294
119 120
119 295
119 296
118 119
118 297
118 298
117 118
117 299
117 300
116 117
116 301
116 302
115 116
115 303
115 304
114 115
114 305
114 306
113 114
113 307
113 308
112 113
112 309
112 310
111 112
111 311
111 312
110 111
110 313
110 314
109 110
109 315
109 316
108 109
108 317
108 318
107 108
107 319
107 320
106 107
106 321
106 322
105 106
105 323
105 324
104 105
104 325
104 326
103 104
103 327
103 328
102 103
102 329
102 330
101 102
101 331
101 332
100 101
100 333
100 334
99 100
99 335
99 336
98 99
98 337
98 338
97 98
97 339
97 340
96 97
96 341
96 342
95 96
95 343
95 344
94 95
94 345
94 346
93 94
93 347
93 348
92 93
92 349
92 350
91 92
91 351
91 352
90 91
90 353
90 354
89 90
89 355
89 356
88 89
88 357
88 358
87 88
87 359
87 360
86 87
86 361
86 362
85 86
85 363
85 364
84 85
84 365
84 366
83 84
83 367
83 368
82 83
82 369
82 370
81 82
81 371
81 372
80 81
80 373
80 374
79 80
79 375
79 376
78 79
78 377
78 378
77 78
77 379
77 380
76 77
76 381
76 382
75 76
75 383
75 384
74 75
74 385
74 386
73 74
73 387
73 388
72 73
72 389
72 390
71 72
71 391
71 392
70 71
70 393
70 394
69 70
69 395
69 396
68 69
68 397
68 398
67 68
67 399
67 400
66 67
66 401
66 402
65 66
65 403
65 404
64 65
64 405
64 406
63 64
63 407
63 408
62 63
62 409
62 410
61 62
61 411
61 412
60 61
60 413
60 414
59 60
59 415
59 416
58 59
58 417
58 418
57 58
57 419
57 420
56 57
56 421
56 422
55 56
55 423
55 424
54 55
54 425
54 426
53 54
53 427
53 428
52 53
52 429
52 430
51 52
51 431
51 432
50 51
50 433
50 434
49 50
49 435
49 436
48 49
48 437
48 438
47 48
47 439
47 440
46 47
46 441
46 442
45 46
45 443
45 444
44 45
44 445
44 446
43 44
43 447
43 448
42 43
42 449
42 450
41 42
41 451
41 452
40 41
40 453
40 454
39 40
39 455
39 456
38 39
38 457
38 458
37 38
37 459
37 460
36 37
36 461
36 462
35 36
35 463
35 464
34 35
34 465
34 466
33 34
33 467
33 468
32 33
32 469
32 470
31 32
31 471
31 472
30 31
30 473
30 474
29 30
29 475
29 476
28 29
28 477
28 478
27 28
27 479
27 480
26 27
26 481
26 482
25 26
25 483
25 484
24 25
24 485
24 486
23 24
23 487
23 488
22 23
22 489
22 490
21 22
21 491
21 492
20 21
20 493
20 494
19 20
19 495
19 496
18 19
18 497
18 498
17 18
17 499
17 500
16 17
16 501
16 502
15 16
15 503
15 504
14 15
14 505
14 506
13 14
13 507
13 508
12 13
12 509
12 510
11 12
11 511
11 512
10 11
10 513
10 514
9 10
9 515
9 516
8 9
8 517
8 518
7 8
7 519
7 520
6 7
6 521
6 522
5 6
5 523
5 524
4 5
4 525
4 526
3 4
3 527
3 528
2 3
2 529
2 530
1 2
1 531
