583 11437238
291 292
291 293
290 291
290 294
289 290
289 295
288 289
288 296
287 288
287 297
286 287
286 298
285 286
285 299
284 285
284 300
283 284
283 301
282 283
282 302
281 282
281 303
280 281
280 304
279 280
279 305
278 279
278 306
277 278
277 307
276 277
276 308
275 276
275 309
274 275
274 310
273 274
273 311
272 273
272 312
271 272
271 313
270 271
270 314
269 270
269 315
268 269
268 316
267 268
267 317
266 267
266 318
265 266
265 319
264 265
264 320
263 264
263 321
262 263
262 322
261 262
261 323
260 261
260 324
259 260
259 325
258 259
258 326
257 258
257 327
256 257
256 328
255 256
255 329
254 255
254 330
253 254
253 331
252 253
252 332
251 252
251 333
250 251
250 334
249 250
249 335
248 249
248 336
247 248
247 337
246 247
246 338
245 246
245 339
244 245
244 340
243 244
243 341
242 243
242 342
241 242
241 343
240 241
240 344
239 240
239 345
238 239
238 346
237 238
237 347
236 237
236 348
235 236
235 349
234 235
234 350
233 234
233 351
232 233
232 352
231 232
231 353
230 231
230 354
229 230
229 355
228 229
228 356
227 228
227 357
226 227
226 358
225 226
225 359
224 225
224 360
223 224
223 361
222 223
222 362
221 222
221 363
220 221
220 364
219 220
219 365
218 219
218 366
217 218
217 367
216 217
216 368
215 216
215 369
214 215
214 370
213 214
213 371
212 213
212 372
211 212
211 373
210 211
210 374
209 210
209 375
208 209
208 376
207 208
207 377
206 207
206 378
205 206
205 379
204 205
204 380
203 204
203 381
202 203
202 382
201 202
201 383
200 201
200 384
199 200
199 385
198 199
198 386
197 198
197 387
196 197
196 388
195 196
195 389
194 195
194 390
193 194
193 391
192 193
192 392
191 192
191 393
190 191
190 394
189 190
189 395
188 189
188 396
187 188
187 397
186 187
186 398
185 186
185 399
184 185
184 400
183 184
183 401
182 183
182 402
181 182
181 403
180 181
180 404
179 180
179 405
178 179
178 406
177 178
177 407
176 177
176 408
175 176
175 409
174 175
174 410
173 174
173 411
172 173
172 412
171 172
171 413
170 171
170 414
169 170
169 415
168 169
168 416
167 168
167 417
166 167
166 418
165 166
165 419
164 165
164 420
163 164
163 421
162 163
162 422
161 162
161 423
160 161
160 424
159 160
159 425
158 159
158 426
157 158
157 427
156 157
156 428
155 156
155 429
154 155
154 430
153 154
153 431
152 153
152 432
151 152
151 433
150 151
150 434
149 150
149 435
148 149
148 436
147 148
147 437
146 147
146 438
145 146
145 439
144 145
144 440
143 144
143 441
142 143
142 442
141 142
141 443
140 141
140 444
139 140
139 445
138 139
138 446
137 138
137 447
136 137
136 448
135 136
135 449
134 135
134 450
133 134
133 451
132 133
132 452
131 132
131 453
130 131
130 454
129 130
129 455
128 129
128 456
127 128
127 457
126 127
126 458
125 126
125 459
124 125
124 460
123 124
123 461
122 123
122 462
121 122
121 463
120 121
120 464
119 120
119 465
118 119
118 466
117 118
117 467
116 117
116 468
115 116
115 469
114 115
114 470
113 114
113 471
112 113
112 472
111 112
111 473
110 111
110 474
109 110
109 475
108 109
108 476
107 108
107 477
106 107
106 478
105 106
105 479
104 105
104 480
103 104
103 481
102 103
102 482
101 102
101 483
100 101
100 484
99 100
99 485
98 99
98 486
97 98
97 487
96 97
96 488
95 96
95 489
94 95
94 490
93 94
93 491
92 93
92 492
91 92
91 493
90 91
90 494
89 90
89 495
88 89
88 496
87 88
87 497
86 87
86 498
85 86
85 499
84 85
84 500
83 84
83 501
82 83
82 502
81 82
81 503
80 81
80 504
79 80
79 505
78 79
78 506
77 78
77 507
76 77
76 508
75 76
75 509
74 75
74 510
73 74
73 511
72 73
72 512
71 72
71 513
70 71
70 514
69 70
69 515
68 69
68 516
67 68
67 517
66 67
66 518
65 66
65 519
64 65
64 520
63 64
63 521
62 63
62 522
61 62
61 523
60 61
60 524
59 60
59 525
58 59
58 526
57 58
57 527
56 57
56 528
55 56
55 529
54 55
54 530
53 54
53 531
52 53
52 532
51 52
51 533
50 51
50 534
49 50
49 535
48 49
48 536
47 48
47 537
46 47
46 538
45 46
45 539
44 45
44 540
43 44
43 541
42 43
42 542
41 42
41 543
40 41
40 544
39 40
39 545
38 39
38 546
37 38
37 547
36 37
36 548
35 36
35 549
34 35
34 550
33 34
33 551
32 33
32 552
31 32
31 553
30 31
30 554
29 30
29 555
28 29
28 556
27 28
27 557
26 27
26 558
25 26
25 559
24 25
24 560
23 24
23 561
22 23
22 562
21 22
21 563
20 21
20 564
19 20
19 565
18 19
18 566
17 18
17 567
16 17
16 568
15 16
15 569
14 15
14 570
13 14
13 571
12 13
12 572
11 12
11 573
10 11
10 574
9 10
9 575
8 9
8 576
7 8
7 577
6 7
6 578
5 6
5 579
4 5
4 580
3 4
3 581
2 3
2 582
1 2
1 583
1 584
