560 3223790
63 64
63 65
63 66
63 67
63 68
63 69
63 70
63 71
63 72
62 63
62 73
62 74
62 75
62 76
62 77
62 78
62 79
62 80
61 62
61 81
61 82
61 83
61 84
61 85
61 86
61 87
61 88
60 61
60 89
60 90
60 91
60 92
60 93
60 94
60 95
60 96
59 60
59 97
59 98
59 99
59 100
59 101
59 102
59 103
59 104
58 59
58 105
58 106
58 107
58 108
58 109
58 110
58 111
58 112
57 58
57 113
57 114
57 115
57 116
57 117
57 118
57 119
57 120
56 57
56 121
56 122
56 123
56 124
56 125
56 126
56 127
56 128
55 56
55 129
55 130
55 131
55 132
55 133
55 134
55 135
55 136
54 55
54 137
54 138
54 139
54 140
54 141
54 142
54 143
54 144
53 54
53 145
53 146
53 147
53 148
53 149
53 150
53 151
53 152
52 53
52 153
52 154
52 155
52 156
52 157
52 158
52 159
52 160
51 52
51 161
51 162
51 163
51 164
51 165
51 166
51 167
51 168
50 51
50 169
50 170
50 171
50 172
50 173
50 174
50 175
50 176
49 50
49 177
49 178
49 179
49 180
49 181
49 182
49 183
49 184
48 49
48 185
48 186
48 187
48 188
48 189
48 190
48 191
48 192
47 48
47 193
47 194
47 195
47 196
47 197
47 198
47 199
47 200
46 47
46 201
46 202
46 203
46 204
46 205
46 206
46 207
46 208
45 46
45 209
45 210
45 211
45 212
45 213
45 214
45 215
45 216
44 45
44 217
44 218
44 219
44 220
44 221
44 222
44 223
44 224
43 44
43 225
43 226
43 227
43 228
43 229
43 230
43 231
43 232
42 43
42 233
42 234
42 235
42 236
42 237
42 238
42 239
42 240
41 42
41 241
41 242
41 243
41 244
41 245
41 246
41 247
41 248
40 41
40 249
40 250
40 251
40 252
40 253
40 254
40 255
40 256
39 40
39 257
39 258
39 259
39 260
39 261
39 262
39 263
39 264
38 39
38 265
38 266
38 267
38 268
38 269
38 270
38 271
38 272
37 38
37 273
37 274
37 275
37 276
37 277
37 278
37 279
37 280
36 37
36 281
36 282
36 283
36 284
36 285
36 286
36 287
36 288
35 36
35 289
35 290
35 291
35 292
35 293
35 294
35 295
35 296
34 35
34 297
34 298
34 299
34 300
34 301
34 302
34 303
34 304
33 34
33 305
33 306
33 307
33 308
33 309
33 310
33 311
33 312
32 33
32 313
32 314
32 315
32 316
32 317
32 318
32 319
32 320
31 32
31 321
31 322
31 323
31 324
31 325
31 326
31 327
31 328
30 31
30 329
30 330
30 331
30 332
30 333
30 334
30 335
30 336
29 30
29 337
29 338
29 339
29 340
29 341
29 342
29 343
29 344
28 29
28 345
28 346
28 347
28 348
28 349
28 350
28 351
28 352
27 28
27 353
27 354
27 355
27 356
27 357
27 358
27 359
27 360
26 27
26 361
26 362
26 363
26 364
26 365
26 366
26 367
26 368
25 26
25 369
25 370
25 371
25 372
25 373
25 374
25 375
25 376
24 25
24 377
24 378
24 379
24 380
24 381
24 382
24 383
24 384
23 24
23 385
23 386
23 387
23 388
23 389
23 390
23 391
23 392
22 23
22 393
22 394
22 395
22 396
22 397
22 398
22 399
22 400
21 22
21 401
21 402
21 403
21 404
21 405
21 406
21 407
21 408
20 21
20 409
20 410
20 411
20 412
20 413
20 414
20 415
20 416
19 20
19 417
19 418
19 419
19 420
19 421
19 422
19 423
19 424
18 19
18 425
18 426
18 427
18 428
18 429
18 430
18 431
18 432
17 18
17 433
17 434
17 435
17 436
17 437
17 438
17 439
17 440
16 17
16 441
16 442
16 443
16 444
16 445
16 446
16 447
16 448
15 16
15 449
15 450
15 451
15 452
15 453
15 454
15 455
15 456
14 15
14 457
14 458
14 459
14 460
14 461
14 462
14 463
14 464
13 14
13 465
13 466
13 467
13 468
13 469
13 470
13 471
13 472
12 13
12 473
12 474
12 475
12 476
12 477
12 478
12 479
12 480
11 12
11 481
11 482
11 483
11 484
11 485
11 486
11 487
11 488
10 11
10 489
10 490
10 491
10 492
10 493
10 494
10 495
10 496
9 10
9 497
9 498
9 499
9 500
9 501
9 502
9 503
9 504
8 9
8 505
8 506
8 507
8 508
8 509
8 510
8 511
8 512
7 8
7 513
7 514
7 515
7 516
7 517
7 518
7 519
7 520
6 7
6 521
6 522
6 523
6 524
6 525
6 526
6 527
6 528
5 6
5 529
5 530
5 531
5 532
5 533
5 534
5 535
5 536
4 5
4 537
4 538
4 539
4 540
4 541
4 542
4 543
4 544
3 4
3 545
3 546
3 547
3 548
3 549
3 550
3 551
3 552
2 3
2 553
2 554
2 555
2 556
2 557
2 558
2 559
2 560
1 2
1 561
