628 13149156
314 315
314 316
313 314
313 317
312 313
312 318
311 312
311 319
310 311
310 320
309 310
309 321
308 309
308 322
307 308
307 323
306 307
306 324
305 306
305 325
304 305
304 326
303 304
303 327
302 303
302 328
301 302
301 329
300 301
300 330
299 300
299 331
298 299
298 332
297 298
297 333
296 297
296 334
295 296
295 335
294 295
294 336
293 294
293 337
292 293
292 338
291 292
291 339
290 291
290 340
289 290
289 341
288 289
288 342
287 288
287 343
286 287
286 344
285 286
285 345
284 285
284 346
283 284
283 347
282 283
282 348
281 282
281 349
280 281
280 350
279 280
279 351
278 279
278 352
277 278
277 353
276 277
276 354
275 276
275 355
274 275
274 356
273 274
273 357
272 273
272 358
271 272
271 359
270 271
270 360
269 270
269 361
268 269
268 362
267 268
267 363
266 267
266 364
265 266
265 365
264 265
264 366
263 264
263 367
262 263
262 368
261 262
261 369
260 261
260 370
259 260
259 371
258 259
258 372
257 258
257 373
256 257
256 374
255 256
255 375
254 255
254 376
253 254
253 377
252 253
252 378
251 252
251 379
250 251
250 380
249 250
249 381
248 249
248 382
247 248
247 383
246 247
246 384
245 246
245 385
244 245
244 386
243 244
243 387
242 243
242 388
241 242
241 389
240 241
240 390
239 240
239 391
238 239
238 392
237 238
237 393
236 237
236 394
235 236
235 395
234 235
234 396
233 234
233 397
232 233
232 398
231 232
231 399
230 231
230 400
229 230
229 401
228 229
228 402
227 228
227 403
226 227
226 404
225 226
225 405
224 225
224 406
223 224
223 407
222 223
222 408
221 222
221 409
220 221
220 410
219 220
219 411
218 219
218 412
217 218
217 413
216 217
216 414
215 216
215 415
214 215
214 416
213 214
213 417
212 213
212 418
211 212
211 419
210 211
210 420
209 210
209 421
208 209
208 422
207 208
207 423
206 207
206 424
205 206
205 425
204 205
204 426
203 204
203 427
202 203
202 428
201 202
201 429
200 201
200 430
199 200
199 431
198 199
198 432
197 198
197 433
196 197
196 434
195 196
195 435
194 195
194 436
193 194
193 437
192 193
192 438
191 192
191 439
190 191
190 440
189 190
189 441
188 189
188 442
187 188
187 443
186 187
186 444
185 186
185 445
184 185
184 446
183 184
183 447
182 183
182 448
181 182
181 449
180 181
180 450
179 180
179 451
178 179
178 452
177 178
177 453
176 177
176 454
175 176
175 455
174 175
174 456
173 174
173 457
172 173
172 458
171 172
171 459
170 171
170 460
169 170
169 461
168 169
168 462
167 168
167 463
166 167
166 464
165 166
165 465
164 165
164 466
163 164
163 467
162 163
162 468
161 162
161 469
160 161
160 470
159 160
159 471
158 159
158 472
157 158
157 473
156 157
156 474
155 156
155 475
154 155
154 476
153 154
153 477
152 153
152 478
151 152
151 479
150 151
150 480
149 150
149 481
148 149
148 482
147 148
147 483
146 147
146 484
145 146
145 485
144 145
144 486
143 144
143 487
142 143
142 488
141 142
141 489
140 141
140 490
139 140
139 491
138 139
138 492
137 138
137 493
136 137
136 494
135 136
135 495
134 135
134 496
133 134
133 497
132 133
132 498
131 132
131 499
130 131
130 500
129 130
129 501
128 129
128 502
127 128
127 503
126 127
126 504
125 126
125 505
124 125
124 506
123 124
123 507
122 123
122 508
121 122
121 509
120 121
120 510
119 120
119 511
118 119
118 512
117 118
117 513
116 117
116 514
115 116
115 515
114 115
114 516
113 114
113 517
112 113
112 518
111 112
111 519
110 111
110 520
109 110
109 521
108 109
108 522
107 108
107 523
106 107
106 524
105 106
105 525
104 105
104 526
103 104
103 527
102 103
102 528
101 102
101 529
100 101
100 530
99 100
99 531
98 99
98 532
97 98
97 533
96 97
96 534
95 96
95 535
94 95
94 536
93 94
93 537
92 93
92 538
91 92
91 539
90 91
90 540
89 90
89 541
88 89
88 542
87 88
87 543
86 87
86 544
85 86
85 545
84 85
84 546
83 84
83 547
82 83
82 548
81 82
81 549
80 81
80 550
79 80
79 551
78 79
78 552
77 78
77 553
76 77
76 554
75 76
75 555
74 75
74 556
73 74
73 557
72 73
72 558
71 72
71 559
70 71
70 560
69 70
69 561
68 69
68 562
67 68
67 563
66 67
66 564
65 66
65 565
64 65
64 566
63 64
63 567
62 63
62 568
61 62
61 569
60 61
60 570
59 60
59 571
58 59
58 572
57 58
57 573
56 57
56 574
55 56
55 575
54 55
54 576
53 54
53 577
52 53
52 578
51 52
51 579
50 51
50 580
49 50
49 581
48 49
48 582
47 48
47 583
46 47
46 584
45 46
45 585
44 45
44 586
43 44
43 587
42 43
42 588
41 42
41 589
40 41
40 590
39 40
39 591
38 39
38 592
37 38
37 593
36 37
36 594
35 36
35 595
34 35
34 596
33 34
33 597
32 33
32 598
31 32
31 599
30 31
30 600
29 30
29 601
28 29
28 602
27 28
27 603
26 27
26 604
25 26
25 605
24 25
24 606
23 24
23 607
22 23
22 608
21 22
21 609
20 21
20 610
19 20
19 611
18 19
18 612
17 18
17 613
16 17
16 614
15 16
15 615
14 15
14 616
13 14
13 617
12 13
12 618
11 12
11 619
10 11
10 620
9 10
9 621
8 9
8 622
7 8
7 623
6 7
6 624
5 6
5 625
4 5
4 626
3 4
3 627
2 3
2 628
1 2
1 629
