628 9258317
158 159
158 160
158 161
158 162
157 158
157 163
157 164
157 165
156 157
156 166
156 167
156 168
155 156
155 169
155 170
155 171
154 155
154 172
154 173
154 174
153 154
153 175
153 176
153 177
152 153
152 178
152 179
152 180
151 152
151 181
151 182
151 183
150 151
150 184
150 185
150 186
149 150
149 187
149 188
149 189
148 149
148 190
148 191
148 192
147 148
147 193
147 194
147 195
146 147
146 196
146 197
146 198
145 146
145 199
145 200
145 201
144 145
144 202
144 203
144 204
143 144
143 205
143 206
143 207
142 143
142 208
142 209
142 210
141 142
141 211
141 212
141 213
140 141
140 214
140 215
140 216
139 140
139 217
139 218
139 219
138 139
138 220
138 221
138 222
137 138
137 223
137 224
137 225
136 137
136 226
136 227
136 228
135 136
135 229
135 230
135 231
134 135
134 232
134 233
134 234
133 134
133 235
133 236
133 237
132 133
132 238
132 239
132 240
131 132
131 241
131 242
131 243
130 131
130 244
130 245
130 246
129 130
129 247
129 248
129 249
128 129
128 250
128 251
128 252
127 128
127 253
127 254
127 255
126 127
126 256
126 257
126 258
125 126
125 259
125 260
125 261
124 125
124 262
124 263
124 264
123 124
123 265
123 266
123 267
122 123
122 268
122 269
122 270
121 122
121 271
121 272
121 273
120 121
120 274
120 275
120 276
119 120
119 277
119 278
119 279
118 119
118 280
118 281
118 282
117 118
117 283
117 284
117 285
116 117
116 286
116 287
116 288
115 116
115 289
115 290
115 291
114 115
114 292
114 293
114 294
113 114
113 295
113 296
113 297
112 113
112 298
112 299
112 300
111 112
111 301
111 302
111 303
110 111
110 304
110 305
110 306
109 110
109 307
109 308
109 309
108 109
108 310
108 311
108 312
107 108
107 313
107 314
107 315
106 107
106 316
106 317
106 318
105 106
105 319
105 320
105 321
104 105
104 322
104 323
104 324
103 104
103 325
103 326
103 327
102 103
102 328
102 329
102 330
101 102
101 331
101 332
101 333
100 101
100 334
100 335
100 336
99 100
99 337
99 338
99 339
98 99
98 340
98 341
98 342
97 98
97 343
97 344
97 345
96 97
96 346
96 347
96 348
95 96
95 349
95 350
95 351
94 95
94 352
94 353
94 354
93 94
93 355
93 356
93 357
92 93
92 358
92 359
92 360
91 92
91 361
91 362
91 363
90 91
90 364
90 365
90 366
89 90
89 367
89 368
89 369
88 89
88 370
88 371
88 372
87 88
87 373
87 374
87 375
86 87
86 376
86 377
86 378
85 86
85 379
85 380
85 381
84 85
84 382
84 383
84 384
83 84
83 385
83 386
83 387
82 83
82 388
82 389
82 390
81 82
81 391
81 392
81 393
80 81
80 394
80 395
80 396
79 80
79 397
79 398
79 399
78 79
78 400
78 401
78 402
77 78
77 403
77 404
77 405
76 77
76 406
76 407
76 408
75 76
75 409
75 410
75 411
74 75
74 412
74 413
74 414
73 74
73 415
73 416
73 417
72 73
72 418
72 419
72 420
71 72
71 421
71 422
71 423
70 71
70 424
70 425
70 426
69 70
69 427
69 428
69 429
68 69
68 430
68 431
68 432
67 68
67 433
67 434
67 435
66 67
66 436
66 437
66 438
65 66
65 439
65 440
65 441
64 65
64 442
64 443
64 444
63 64
63 445
63 446
63 447
62 63
62 448
62 449
62 450
61 62
61 451
61 452
61 453
60 61
60 454
60 455
60 456
59 60
59 457
59 458
59 459
58 59
58 460
58 461
58 462
57 58
57 463
57 464
57 465
56 57
56 466
56 467
56 468
55 56
55 469
55 470
55 471
54 55
54 472
54 473
54 474
53 54
53 475
53 476
53 477
52 53
52 478
52 479
52 480
51 52
51 481
51 482
51 483
50 51
50 484
50 485
50 486
49 50
49 487
49 488
49 489
48 49
48 490
48 491
48 492
47 48
47 493
47 494
47 495
46 47
46 496
46 497
46 498
45 46
45 499
45 500
45 501
44 45
44 502
44 503
44 504
43 44
43 505
43 506
43 507
42 43
42 508
42 509
42 510
41 42
41 511
41 512
41 513
40 41
40 514
40 515
40 516
39 40
39 517
39 518
39 519
38 39
38 520
38 521
38 522
37 38
37 523
37 524
37 525
36 37
36 526
36 527
36 528
35 36
35 529
35 530
35 531
34 35
34 532
34 533
34 534
33 34
33 535
33 536
33 537
32 33
32 538
32 539
32 540
31 32
31 541
31 542
31 543
30 31
30 544
30 545
30 546
29 30
29 547
29 548
29 549
28 29
28 550
28 551
28 552
27 28
27 553
27 554
27 555
26 27
26 556
26 557
26 558
25 26
25 559
25 560
25 561
24 25
24 562
24 563
24 564
23 24
23 565
23 566
23 567
22 23
22 568
22 569
22 570
21 22
21 571
21 572
21 573
20 21
20 574
20 575
20 576
19 20
19 577
19 578
19 579
18 19
18 580
18 581
18 582
17 18
17 583
17 584
17 585
16 17
16 586
16 587
16 588
15 16
15 589
15 590
15 591
14 15
14 592
14 593
14 594
13 14
13 595
13 596
13 597
12 13
12 598
12 599
12 600
11 12
11 601
11 602
11 603
10 11
10 604
10 605
10 606
9 10
9 607
9 608
9 609
8 9
8 610
8 611
8 612
7 8
7 613
7 614
7 615
6 7
6 616
6 617
6 618
5 6
5 619
5 620
5 621
4 5
4 622
4 623
4 624
3 4
3 625
3 626
3 627
2 3
2 628
1 2
1 629
