838 24516016
419 420
419 421
418 419
418 422
417 418
417 423
416 417
416 424
415 416
415 425
414 415
414 426
413 414
413 427
412 413
412 428
411 412
411 429
410 411
410 430
409 410
409 431
408 409
408 432
407 408
407 433
406 407
406 434
405 406
405 435
404 405
404 436
403 404
403 437
402 403
402 438
401 402
401 439
400 401
400 440
399 400
399 441
398 399
398 442
397 398
397 443
396 397
396 444
395 396
395 445
394 395
394 446
393 394
393 447
392 393
392 448
391 392
391 449
390 391
390 450
389 390
389 451
388 389
388 452
387 388
387 453
386 387
386 454
385 386
385 455
384 385
384 456
383 384
383 457
382 383
382 458
381 382
381 459
380 381
380 460
379 380
379 461
378 379
378 462
377 378
377 463
376 377
376 464
375 376
375 465
374 375
374 466
373 374
373 467
372 373
372 468
371 372
371 469
370 371
370 470
369 370
369 471
368 369
368 472
367 368
367 473
366 367
366 474
365 366
365 475
364 365
364 476
363 364
363 477
362 363
362 478
361 362
361 479
360 361
360 480
359 360
359 481
358 359
358 482
357 358
357 483
356 357
356 484
355 356
355 485
354 355
354 486
353 354
353 487
352 353
352 488
351 352
351 489
350 351
350 490
349 350
349 491
348 349
348 492
347 348
347 493
346 347
346 494
345 346
345 495
344 345
344 496
343 344
343 497
342 343
342 498
341 342
341 499
340 341
340 500
339 340
339 501
338 339
338 502
337 338
337 503
336 337
336 504
335 336
335 505
334 335
334 506
333 334
333 507
332 333
332 508
331 332
331 509
330 331
330 510
329 330
329 511
328 329
328 512
327 328
327 513
326 327
326 514
325 326
325 515
324 325
324 516
323 324
323 517
322 323
322 518
321 322
321 519
320 321
320 520
319 320
319 521
318 319
318 522
317 318
317 523
316 317
316 524
315 316
315 525
314 315
314 526
313 314
313 527
312 313
312 528
311 312
311 529
310 311
310 530
309 310
309 531
308 309
308 532
307 308
307 533
306 307
306 534
305 306
305 535
304 305
304 536
303 304
303 537
302 303
302 538
301 302
301 539
300 301
300 540
299 300
299 541
298 299
298 542
297 298
297 543
296 297
296 544
295 296
295 545
294 295
294 546
293 294
293 547
292 293
292 548
291 292
291 549
290 291
290 550
289 290
289 551
288 289
288 552
287 288
287 553
286 287
286 554
285 286
285 555
284 285
284 556
283 284
283 557
282 283
282 558
281 282
281 559
280 281
280 560
279 280
279 561
278 279
278 562
277 278
277 563
276 277
276 564
275 276
275 565
274 275
274 566
273 274
273 567
272 273
272 568
271 272
271 569
270 271
270 570
269 270
269 571
268 269
268 572
267 268
267 573
266 267
266 574
265 266
265 575
264 265
264 576
263 264
263 577
262 263
262 578
261 262
261 579
260 261
260 580
259 260
259 581
258 259
258 582
257 258
257 583
256 257
256 584
255 256
255 585
254 255
254 586
253 254
253 587
252 253
252 588
251 252
251 589
250 251
250 590
249 250
249 591
248 249
248 592
247 248
247 593
246 247
246 594
245 246
245 595
244 245
244 596
243 244
243 597
242 243
242 598
241 242
241 599
240 241
240 600
239 240
239 601
238 239
238 602
237 238
237 603
236 237
236 604
235 236
235 605
234 235
234 606
233 234
233 607
232 233
232 608
231 232
231 609
230 231
230 610
229 230
229 611
228 229
228 612
227 228
227 613
226 227
226 614
225 226
225 615
224 225
224 616
223 224
223 617
222 223
222 618
221 222
221 619
220 221
220 620
219 220
219 621
218 219
218 622
217 218
217 623
216 217
216 624
215 216
215 625
214 215
214 626
213 214
213 627
212 213
212 628
211 212
211 629
210 211
210 630
209 210
209 631
208 209
208 632
207 208
207 633
206 207
206 634
205 206
205 635
204 205
204 636
203 204
203 637
202 203
202 638
201 202
201 639
200 201
200 640
199 200
199 641
198 199
198 642
197 198
197 643
196 197
196 644
195 196
195 645
194 195
194 646
193 194
193 647
192 193
192 648
191 192
191 649
190 191
190 650
189 190
189 651
188 189
188 652
187 188
187 653
186 187
186 654
185 186
185 655
184 185
184 656
183 184
183 657
182 183
182 658
181 182
181 659
180 181
180 660
179 180
179 661
178 179
178 662
177 178
177 663
176 177
176 664
175 176
175 665
174 175
174 666
173 174
173 667
172 173
172 668
171 172
171 669
170 171
170 670
169 170
169 671
168 169
168 672
167 168
167 673
166 167
166 674
165 166
165 675
164 165
164 676
163 164
163 677
162 163
162 678
161 162
161 679
160 161
160 680
159 160
159 681
158 159
158 682
157 158
157 683
156 157
156 684
155 156
155 685
154 155
154 686
153 154
153 687
152 153
152 688
151 152
151 689
150 151
150 690
149 150
149 691
148 149
148 692
147 148
147 693
146 147
146 694
145 146
145 695
144 145
144 696
143 144
143 697
142 143
142 698
141 142
141 699
140 141
140 700
139 140
139 701
138 139
138 702
137 138
137 703
136 137
136 704
135 136
135 705
134 135
134 706
133 134
133 707
132 133
132 708
131 132
131 709
130 131
130 710
129 130
129 711
128 129
128 712
127 128
127 713
126 127
126 714
125 126
125 715
124 125
124 716
123 124
123 717
122 123
122 718
121 122
121 719
120 121
120 720
119 120
119 721
118 119
118 722
117 118
117 723
116 117
116 724
115 116
115 725
114 115
114 726
113 114
113 727
112 113
112 728
111 112
111 729
110 111
110 730
109 110
109 731
108 109
108 732
107 108
107 733
106 107
106 734
105 106
105 735
104 105
104 736
103 104
103 737
102 103
102 738
101 102
101 739
100 101
100 740
99 100
99 741
98 99
98 742
97 98
97 743
96 97
96 744
95 96
95 745
94 95
94 746
93 94
93 747
92 93
92 748
91 92
91 749
90 91
90 750
89 90
89 751
88 89
88 752
87 88
87 753
86 87
86 754
85 86
85 755
84 85
84 756
83 84
83 757
82 83
82 758
81 82
81 759
80 81
80 760
79 80
79 761
78 79
78 762
77 78
77 763
76 77
76 764
75 76
75 765
74 75
74 766
73 74
73 767
72 73
72 768
71 72
71 769
70 71
70 770
69 70
69 771
68 69
68 772
67 68
67 773
66 67
66 774
65 66
65 775
64 65
64 776
63 64
63 777
62 63
62 778
61 62
61 779
60 61
60 780
59 60
59 781
58 59
58 782
57 58
57 783
56 57
56 784
55 56
55 785
54 55
54 786
53 54
53 787
52 53
52 788
51 52
51 789
50 51
50 790
49 50
49 791
48 49
48 792
47 48
47 793
46 47
46 794
45 46
45 795
44 45
44 796
43 44
43 797
42 43
42 798
41 42
41 799
40 41
40 800
39 40
39 801
38 39
38 802
37 38
37 803
36 37
36 804
35 36
35 805
34 35
34 806
33 34
33 807
32 33
32 808
31 32
31 809
30 31
30 810
29 30
29 811
28 29
28 812
27 28
27 813
26 27
26 814
25 26
25 815
24 25
24 816
23 24
23 817
22 23
22 818
21 22
21 819
20 21
20 820
19 20
19 821
18 19
18 822
17 18
17 823
16 17
16 824
15 16
15 825
14 15
14 826
13 14
13 827
12 13
12 828
11 12
11 829
10 11
10 830
9 10
9 831
8 9
8 832
7 8
7 833
6 7
6 834
5 6
5 835
4 5
4 836
3 4
3 837
2 3
2 838
1 2
1 839
