767 18960055
383 384
383 385
382 383
382 386
381 382
381 387
380 381
380 388
379 380
379 389
378 379
378 390
377 378
377 391
376 377
376 392
375 376
375 393
374 375
374 394
373 374
373 395
372 373
372 396
371 372
371 397
370 371
370 398
369 370
369 399
368 369
368 400
367 368
367 401
366 367
366 402
365 366
365 403
364 365
364 404
363 364
363 405
362 363
362 406
361 362
361 407
360 361
360 408
359 360
359 409
358 359
358 410
357 358
357 411
356 357
356 412
355 356
355 413
354 355
354 414
353 354
353 415
352 353
352 416
351 352
351 417
350 351
350 418
349 350
349 419
348 349
348 420
347 348
347 421
346 347
346 422
345 346
345 423
344 345
344 424
343 344
343 425
342 343
342 426
341 342
341 427
340 341
340 428
339 340
339 429
338 339
338 430
337 338
337 431
336 337
336 432
335 336
335 433
334 335
334 434
333 334
333 435
332 333
332 436
331 332
331 437
330 331
330 438
329 330
329 439
328 329
328 440
327 328
327 441
326 327
326 442
325 326
325 443
324 325
324 444
323 324
323 445
322 323
322 446
321 322
321 447
320 321
320 448
319 320
319 449
318 319
318 450
317 318
317 451
316 317
316 452
315 316
315 453
314 315
314 454
313 314
313 455
312 313
312 456
311 312
311 457
310 311
310 458
309 310
309 459
308 309
308 460
307 308
307 461
306 307
306 462
305 306
305 463
304 305
304 464
303 304
303 465
302 303
302 466
301 302
301 467
300 301
300 468
299 300
299 469
298 299
298 470
297 298
297 471
296 297
296 472
295 296
295 473
294 295
294 474
293 294
293 475
292 293
292 476
291 292
291 477
290 291
290 478
289 290
289 479
288 289
288 480
287 288
287 481
286 287
286 482
285 286
285 483
284 285
284 484
283 284
283 485
282 283
282 486
281 282
281 487
280 281
280 488
279 280
279 489
278 279
278 490
277 278
277 491
276 277
276 492
275 276
275 493
274 275
274 494
273 274
273 495
272 273
272 496
271 272
271 497
270 271
270 498
269 270
269 499
268 269
268 500
267 268
267 501
266 267
266 502
265 266
265 503
264 265
264 504
263 264
263 505
262 263
262 506
261 262
261 507
260 261
260 508
259 260
259 509
258 259
258 510
257 258
257 511
256 257
256 512
255 256
255 513
254 255
254 514
253 254
253 515
252 253
252 516
251 252
251 517
250 251
250 518
249 250
249 519
248 249
248 520
247 248
247 521
246 247
246 522
245 246
245 523
244 245
244 524
243 244
243 525
242 243
242 526
241 242
241 527
240 241
240 528
239 240
239 529
238 239
238 530
237 238
237 531
236 237
236 532
235 236
235 533
234 235
234 534
233 234
233 535
232 233
232 536
231 232
231 537
230 231
230 538
229 230
229 539
228 229
228 540
227 228
227 541
226 227
226 542
225 226
225 543
224 225
224 544
223 224
223 545
222 223
222 546
221 222
221 547
220 221
220 548
219 220
219 549
218 219
218 550
217 218
217 551
216 217
216 552
215 216
215 553
214 215
214 554
213 214
213 555
212 213
212 556
211 212
211 557
210 211
210 558
209 210
209 559
208 209
208 560
207 208
207 561
206 207
206 562
205 206
205 563
204 205
204 564
203 204
203 565
202 203
202 566
201 202
201 567
200 201
200 568
199 200
199 569
198 199
198 570
197 198
197 571
196 197
196 572
195 196
195 573
194 195
194 574
193 194
193 575
192 193
192 576
191 192
191 577
190 191
190 578
189 190
189 579
188 189
188 580
187 188
187 581
186 187
186 582
185 186
185 583
184 185
184 584
183 184
183 585
182 183
182 586
181 182
181 587
180 181
180 588
179 180
179 589
178 179
178 590
177 178
177 591
176 177
176 592
175 176
175 593
174 175
174 594
173 174
173 595
172 173
172 596
171 172
171 597
170 171
170 598
169 170
169 599
168 169
168 600
167 168
167 601
166 167
166 602
165 166
165 603
164 165
164 604
163 164
163 605
162 163
162 606
161 162
161 607
160 161
160 608
159 160
159 609
158 159
158 610
157 158
157 611
156 157
156 612
155 156
155 613
154 155
154 614
153 154
153 615
152 153
152 616
151 152
151 617
150 151
150 618
149 150
149 619
148 149
148 620
147 148
147 621
146 147
146 622
145 146
145 623
144 145
144 624
143 144
143 625
142 143
142 626
141 142
141 627
140 141
140 628
139 140
139 629
138 139
138 630
137 138
137 631
136 137
136 632
135 136
135 633
134 135
134 634
133 134
133 635
132 133
132 636
131 132
131 637
130 131
130 638
129 130
129 639
128 129
128 640
127 128
127 641
126 127
126 642
125 126
125 643
124 125
124 644
123 124
123 645
122 123
122 646
121 122
121 647
120 121
120 648
119 120
119 649
118 119
118 650
117 118
117 651
116 117
116 652
115 116
115 653
114 115
114 654
113 114
113 655
112 113
112 656
111 112
111 657
110 111
110 658
109 110
109 659
108 109
108 660
107 108
107 661
106 107
106 662
105 106
105 663
104 105
104 664
103 104
103 665
102 103
102 666
101 102
101 667
100 101
100 668
99 100
99 669
98 99
98 670
97 98
97 671
96 97
96 672
95 96
95 673
94 95
94 674
93 94
93 675
92 93
92 676
91 92
91 677
90 91
90 678
89 90
89 679
88 89
88 680
87 88
87 681
86 87
86 682
85 86
85 683
84 85
84 684
83 84
83 685
82 83
82 686
81 82
81 687
80 81
80 688
79 80
79 689
78 79
78 690
77 78
77 691
76 77
76 692
75 76
75 693
74 75
74 694
73 74
73 695
72 73
72 696
71 72
71 697
70 71
70 698
69 70
69 699
68 69
68 700
67 68
67 701
66 67
66 702
65 66
65 703
64 65
64 704
63 64
63 705
62 63
62 706
61 62
61 707
60 61
60 708
59 60
59 709
58 59
58 710
57 58
57 711
56 57
56 712
55 56
55 713
54 55
54 714
53 54
53 715
52 53
52 716
51 52
51 717
50 51
50 718
49 50
49 719
48 49
48 720
47 48
47 721
46 47
46 722
45 46
45 723
44 45
44 724
43 44
43 725
42 43
42 726
41 42
41 727
40 41
40 728
39 40
39 729
38 39
38 730
37 38
37 731
36 37
36 732
35 36
35 733
34 35
34 734
33 34
33 735
32 33
32 736
31 32
31 737
30 31
30 738
29 30
29 739
28 29
28 740
27 28
27 741
26 27
26 742
25 26
25 743
24 25
24 744
23 24
23 745
22 23
22 746
21 22
21 747
20 21
20 748
19 20
19 749
18 19
18 750
17 18
17 751
16 17
16 752
15 16
15 753
14 15
14 754
13 14
13 755
12 13
12 756
11 12
11 757
10 11
10 758
9 10
9 759
8 9
8 760
7 8
7 761
6 7
6 762
5 6
5 763
4 5
4 764
3 4
3 765
2 3
2 766
1 2
1 767
1 768
