782 4263811
87 88
87 89
87 90
87 91
87 92
87 93
87 94
87 95
87 96
86 87
86 97
86 98
86 99
86 100
86 101
86 102
86 103
86 104
85 86
85 105
85 106
85 107
85 108
85 109
85 110
85 111
85 112
84 85
84 113
84 114
84 115
84 116
84 117
84 118
84 119
84 120
83 84
83 121
83 122
83 123
83 124
83 125
83 126
83 127
83 128
82 83
82 129
82 130
82 131
82 132
82 133
82 134
82 135
82 136
81 82
81 137
81 138
81 139
81 140
81 141
81 142
81 143
81 144
80 81
80 145
80 146
80 147
80 148
80 149
80 150
80 151
80 152
79 80
79 153
79 154
79 155
79 156
79 157
79 158
79 159
79 160
78 79
78 161
78 162
78 163
78 164
78 165
78 166
78 167
78 168
77 78
77 169
77 170
77 171
77 172
77 173
77 174
77 175
77 176
76 77
76 177
76 178
76 179
76 180
76 181
76 182
76 183
76 184
75 76
75 185
75 186
75 187
75 188
75 189
75 190
75 191
75 192
74 75
74 193
74 194
74 195
74 196
74 197
74 198
74 199
74 200
73 74
73 201
73 202
73 203
73 204
73 205
73 206
73 207
73 208
72 73
72 209
72 210
72 211
72 212
72 213
72 214
72 215
72 216
71 72
71 217
71 218
71 219
71 220
71 221
71 222
71 223
71 224
70 71
70 225
70 226
70 227
70 228
70 229
70 230
70 231
70 232
69 70
69 233
69 234
69 235
69 236
69 237
69 238
69 239
69 240
68 69
68 241
68 242
68 243
68 244
68 245
68 246
68 247
68 248
67 68
67 249
67 250
67 251
67 252
67 253
67 254
67 255
67 256
66 67
66 257
66 258
66 259
66 260
66 261
66 262
66 263
66 264
65 66
65 265
65 266
65 267
65 268
65 269
65 270
65 271
65 272
64 65
64 273
64 274
64 275
64 276
64 277
64 278
64 279
64 280
63 64
63 281
63 282
63 283
63 284
63 285
63 286
63 287
63 288
62 63
62 289
62 290
62 291
62 292
62 293
62 294
62 295
62 296
61 62
61 297
61 298
61 299
61 300
61 301
61 302
61 303
61 304
60 61
60 305
60 306
60 307
60 308
60 309
60 310
60 311
60 312
59 60
59 313
59 314
59 315
59 316
59 317
59 318
59 319
59 320
58 59
58 321
58 322
58 323
58 324
58 325
58 326
58 327
58 328
57 58
57 329
57 330
57 331
57 332
57 333
57 334
57 335
57 336
56 57
56 337
56 338
56 339
56 340
56 341
56 342
56 343
56 344
55 56
55 345
55 346
55 347
55 348
55 349
55 350
55 351
55 352
54 55
54 353
54 354
54 355
54 356
54 357
54 358
54 359
54 360
53 54
53 361
53 362
53 363
53 364
53 365
53 366
53 367
53 368
52 53
52 369
52 370
52 371
52 372
52 373
52 374
52 375
52 376
51 52
51 377
51 378
51 379
51 380
51 381
51 382
51 383
51 384
50 51
50 385
50 386
50 387
50 388
50 389
50 390
50 391
50 392
49 50
49 393
49 394
49 395
49 396
49 397
49 398
49 399
49 400
48 49
48 401
48 402
48 403
48 404
48 405
48 406
48 407
48 408
47 48
47 409
47 410
47 411
47 412
47 413
47 414
47 415
47 416
46 47
46 417
46 418
46 419
46 420
46 421
46 422
46 423
46 424
45 46
45 425
45 426
45 427
45 428
45 429
45 430
45 431
45 432
44 45
44 433
44 434
44 435
44 436
44 437
44 438
44 439
44 440
43 44
43 441
43 442
43 443
43 444
43 445
43 446
43 447
43 448
42 43
42 449
42 450
42 451
42 452
42 453
42 454
42 455
42 456
41 42
41 457
41 458
41 459
41 460
41 461
41 462
41 463
41 464
40 41
40 465
40 466
40 467
40 468
40 469
40 470
40 471
40 472
39 40
39 473
39 474
39 475
39 476
39 477
39 478
39 479
39 480
38 39
38 481
38 482
38 483
38 484
38 485
38 486
38 487
38 488
37 38
37 489
37 490
37 491
37 492
37 493
37 494
37 495
37 496
36 37
36 497
36 498
36 499
36 500
36 501
36 502
36 503
36 504
35 36
35 505
35 506
35 507
35 508
35 509
35 510
35 511
35 512
34 35
34 513
34 514
34 515
34 516
34 517
34 518
34 519
34 520
33 34
33 521
33 522
33 523
33 524
33 525
33 526
33 527
33 528
32 33
32 529
32 530
32 531
32 532
32 533
32 534
32 535
32 536
31 32
31 537
31 538
31 539
31 540
31 541
31 542
31 543
31 544
30 31
30 545
30 546
30 547
30 548
30 549
30 550
30 551
30 552
29 30
29 553
29 554
29 555
29 556
29 557
29 558
29 559
29 560
28 29
28 561
28 562
28 563
28 564
28 565
28 566
28 567
28 568
27 28
27 569
27 570
27 571
27 572
27 573
27 574
27 575
27 576
26 27
26 577
26 578
26 579
26 580
26 581
26 582
26 583
26 584
25 26
25 585
25 586
25 587
25 588
25 589
25 590
25 591
25 592
24 25
24 593
24 594
24 595
24 596
24 597
24 598
24 599
24 600
23 24
23 601
23 602
23 603
23 604
23 605
23 606
23 607
23 608
22 23
22 609
22 610
22 611
22 612
22 613
22 614
22 615
22 616
21 22
21 617
21 618
21 619
21 620
21 621
21 622
21 623
21 624
20 21
20 625
20 626
20 627
20 628
20 629
20 630
20 631
20 632
19 20
19 633
19 634
19 635
19 636
19 637
19 638
19 639
19 640
18 19
18 641
18 642
18 643
18 644
18 645
18 646
18 647
18 648
17 18
17 649
17 650
17 651
17 652
17 653
17 654
17 655
17 656
16 17
16 657
16 658
16 659
16 660
16 661
16 662
16 663
16 664
15 16
15 665
15 666
15 667
15 668
15 669
15 670
15 671
15 672
14 15
14 673
14 674
14 675
14 676
14 677
14 678
14 679
14 680
13 14
13 681
13 682
13 683
13 684
13 685
13 686
13 687
13 688
12 13
12 689
12 690
12 691
12 692
12 693
12 694
12 695
12 696
11 12
11 697
11 698
11 699
11 700
11 701
11 702
11 703
11 704
10 11
10 705
10 706
10 707
10 708
10 709
10 710
10 711
10 712
9 10
9 713
9 714
9 715
9 716
9 717
9 718
9 719
9 720
8 9
8 721
8 722
8 723
8 724
8 725
8 726
8 727
8 728
7 8
7 729
7 730
7 731
7 732
7 733
7 734
7 735
7 736
6 7
6 737
6 738
6 739
6 740
6 741
6 742
6 743
6 744
5 6
5 745
5 746
5 747
5 748
5 749
5 750
5 751
5 752
4 5
4 753
4 754
4 755
4 756
4 757
4 758
4 759
4 760
3 4
3 761
3 762
3 763
3 764
3 765
3 766
3 767
3 768
2 3
2 769
2 770
2 771
2 772
2 773
2 774
2 775
2 776
1 2
1 777
1 778
1 779
1 780
1 781
1 782
1 783
