791 6695732
264 265
264 266
264 267
263 264
263 268
263 269
262 263
262 270
262 271
261 262
261 272
261 273
260 261
260 274
260 275
259 260
259 276
259 277
258 259
258 278
258 279
257 258
257 280
257 281
256 257
256 282
256 283
255 256
255 284
255 285
254 255
254 286
254 287
253 254
253 288
253 289
252 253
252 290
252 291
251 252
251 292
251 293
250 251
250 294
250 295
249 250
249 296
249 297
248 249
248 298
248 299
247 248
247 300
247 301
246 247
246 302
246 303
245 246
245 304
245 305
244 245
244 306
244 307
243 244
243 308
243 309
242 243
242 310
242 311
241 242
241 312
241 313
240 241
240 314
240 315
239 240
239 316
239 317
238 239
238 318
238 319
237 238
237 320
237 321
236 237
236 322
236 323
235 236
235 324
235 325
234 235
234 326
234 327
233 234
233 328
233 329
232 233
232 330
232 331
231 232
231 332
231 333
230 231
230 334
230 335
229 230
229 336
229 337
228 229
228 338
228 339
227 228
227 340
227 341
226 227
226 342
226 343
225 226
225 344
225 345
224 225
224 346
224 347
223 224
223 348
223 349
222 223
222 350
222 351
221 222
221 352
221 353
220 221
220 354
220 355
219 220
219 356
219 357
218 219
218 358
218 359
217 218
217 360
217 361
216 217
216 362
216 363
215 216
215 364
215 365
214 215
214 366
214 367
213 214
213 368
213 369
212 213
212 370
212 371
211 212
211 372
211 373
210 211
210 374
210 375
209 210
209 376
209 377
208 209
208 378
208 379
207 208
207 380
207 381
206 207
206 382
206 383
205 206
205 384
205 385
204 205
204 386
204 387
203 204
203 388
203 389
202 203
202 390
202 391
201 202
201 392
201 393
200 201
200 394
200 395
199 200
199 396
199 397
198 199
198 398
198 399
197 198
197 400
197 401
196 197
196 402
196 403
195 196
195 404
195 405
194 195
194 406
194 407
193 194
193 408
193 409
192 193
192 410
192 411
191 192
191 412
191 413
190 191
190 414
190 415
189 190
189 416
189 417
188 189
188 418
188 419
187 188
187 420
187 421
186 187
186 422
186 423
185 186
185 424
185 425
184 185
184 426
184 427
183 184
183 428
183 429
182 183
182 430
182 431
181 182
181 432
181 433
180 181
180 434
180 435
179 180
179 436
179 437
178 179
178 438
178 439
177 178
177 440
177 441
176 177
176 442
176 443
175 176
175 444
175 445
174 175
174 446
174 447
173 174
173 448
173 449
172 173
172 450
172 451
171 172
171 452
171 453
170 171
170 454
170 455
169 170
169 456
169 457
168 169
168 458
168 459
167 168
167 460
167 461
166 167
166 462
166 463
165 166
165 464
165 465
164 165
164 466
164 467
163 164
163 468
163 469
162 163
162 470
162 471
161 162
161 472
161 473
160 161
160 474
160 475
159 160
159 476
159 477
158 159
158 478
158 479
157 158
157 480
157 481
156 157
156 482
156 483
155 156
155 484
155 485
154 155
154 486
154 487
153 154
153 488
153 489
152 153
152 490
152 491
151 152
151 492
151 493
150 151
150 494
150 495
149 150
149 496
149 497
148 149
148 498
148 499
147 148
147 500
147 501
146 147
146 502
146 503
145 146
145 504
145 505
144 145
144 506
144 507
143 144
143 508
143 509
142 143
142 510
142 511
141 142
141 512
141 513
140 141
140 514
140 515
139 140
139 516
139 517
138 139
138 518
138 519
137 138
137 520
137 521
136 137
136 522
136 523
135 136
135 524
135 525
134 135
134 526
134 527
133 134
133 528
133 529
132 133
132 530
132 531
131 132
131 532
131 533
130 131
130 534
130 535
129 130
129 536
129 537
128 129
128 538
128 539
127 128
127 540
127 541
126 127
126 542
126 543
125 126
125 544
125 545
124 125
124 546
124 547
123 124
123 548
123 549
122 123
122 550
122 551
121 122
121 552
121 553
120 121
120 554
120 555
119 120
119 556
119 557
118 119
118 558
118 559
117 118
117 560
117 561
116 117
116 562
116 563
115 116
115 564
115 565
114 115
114 566
114 567
113 114
113 568
113 569
112 113
112 570
112 571
111 112
111 572
111 573
110 111
110 574
110 575
109 110
109 576
109 577
108 109
108 578
108 579
107 108
107 580
107 581
106 107
106 582
106 583
105 106
105 584
105 585
104 105
104 586
104 587
103 104
103 588
103 589
102 103
102 590
102 591
101 102
101 592
101 593
100 101
100 594
100 595
99 100
99 596
99 597
98 99
98 598
98 599
97 98
97 600
97 601
96 97
96 602
96 603
95 96
95 604
95 605
94 95
94 606
94 607
93 94
93 608
93 609
92 93
92 610
92 611
91 92
91 612
91 613
90 91
90 614
90 615
89 90
89 616
89 617
88 89
88 618
88 619
87 88
87 620
87 621
86 87
86 622
86 623
85 86
85 624
85 625
84 85
84 626
84 627
83 84
83 628
83 629
82 83
82 630
82 631
81 82
81 632
81 633
80 81
80 634
80 635
79 80
79 636
79 637
78 79
78 638
78 639
77 78
77 640
77 641
76 77
76 642
76 643
75 76
75 644
75 645
74 75
74 646
74 647
73 74
73 648
73 649
72 73
72 650
72 651
71 72
71 652
71 653
70 71
70 654
70 655
69 70
69 656
69 657
68 69
68 658
68 659
67 68
67 660
67 661
66 67
66 662
66 663
65 66
65 664
65 665
64 65
64 666
64 667
63 64
63 668
63 669
62 63
62 670
62 671
61 62
61 672
61 673
60 61
60 674
60 675
59 60
59 676
59 677
58 59
58 678
58 679
57 58
57 680
57 681
56 57
56 682
56 683
55 56
55 684
55 685
54 55
54 686
54 687
53 54
53 688
53 689
52 53
52 690
52 691
51 52
51 692
51 693
50 51
50 694
50 695
49 50
49 696
49 697
48 49
48 698
48 699
47 48
47 700
47 701
46 47
46 702
46 703
45 46
45 704
45 705
44 45
44 706
44 707
43 44
43 708
43 709
42 43
42 710
42 711
41 42
41 712
41 713
40 41
40 714
40 715
39 40
39 716
39 717
38 39
38 718
38 719
37 38
37 720
37 721
36 37
36 722
36 723
35 36
35 724
35 725
34 35
34 726
34 727
33 34
33 728
33 729
32 33
32 730
32 731
31 32
31 732
31 733
30 31
30 734
30 735
29 30
29 736
29 737
28 29
28 738
28 739
27 28
27 740
27 741
26 27
26 742
26 743
25 26
25 744
25 745
24 25
24 746
24 747
23 24
23 748
23 749
22 23
22 750
22 751
21 22
21 752
21 753
20 21
20 754
20 755
19 20
19 756
19 757
18 19
18 758
18 759
17 18
17 760
17 761
16 17
16 762
16 763
15 16
15 764
15 765
14 15
14 766
14 767
13 14
13 768
13 769
12 13
12 770
12 771
11 12
11 772
11 773
10 11
10 774
10 775
9 10
9 776
9 777
8 9
8 778
8 779
7 8
7 780
7 781
6 7
6 782
6 783
5 6
5 784
5 785
4 5
4 786
4 787
3 4
3 788
3 789
2 3
2 790
2 791
1 2
1 792
