938 12031060
312 313
312 314
312 315
312 316
311 312
311 317
311 318
310 311
310 319
310 320
309 310
309 321
309 322
308 309
308 323
308 324
307 308
307 325
307 326
306 307
306 327
306 328
305 306
305 329
305 330
304 305
304 331
304 332
303 304
303 333
303 334
302 303
302 335
302 336
301 302
301 337
301 338
300 301
300 339
300 340
299 300
299 341
299 342
298 299
298 343
298 344
297 298
297 345
297 346
296 297
296 347
296 348
295 296
295 349
295 350
294 295
294 351
294 352
293 294
293 353
293 354
292 293
292 355
292 356
291 292
291 357
291 358
290 291
290 359
290 360
289 290
289 361
289 362
288 289
288 363
288 364
287 288
287 365
287 366
286 287
286 367
286 368
285 286
285 369
285 370
284 285
284 371
284 372
283 284
283 373
283 374
282 283
282 375
282 376
281 282
281 377
281 378
280 281
280 379
280 380
279 280
279 381
279 382
278 279
278 383
278 384
277 278
277 385
277 386
276 277
276 387
276 388
275 276
275 389
275 390
274 275
274 391
274 392
273 274
273 393
273 394
272 273
272 395
272 396
271 272
271 397
271 398
270 271
270 399
270 400
269 270
269 401
269 402
268 269
268 403
268 404
267 268
267 405
267 406
266 267
266 407
266 408
265 266
265 409
265 410
264 265
264 411
264 412
263 264
263 413
263 414
262 263
262 415
262 416
261 262
261 417
261 418
260 261
260 419
260 420
259 260
259 421
259 422
258 259
258 423
258 424
257 258
257 425
257 426
256 257
256 427
256 428
255 256
255 429
255 430
254 255
254 431
254 432
253 254
253 433
253 434
252 253
252 435
252 436
251 252
251 437
251 438
250 251
250 439
250 440
249 250
249 441
249 442
248 249
248 443
248 444
247 248
247 445
247 446
246 247
246 447
246 448
245 246
245 449
245 450
244 245
244 451
244 452
243 244
243 453
243 454
242 243
242 455
242 456
241 242
241 457
241 458
240 241
240 459
240 460
239 240
239 461
239 462
238 239
238 463
238 464
237 238
237 465
237 466
236 237
236 467
236 468
235 236
235 469
235 470
234 235
234 471
234 472
233 234
233 473
233 474
232 233
232 475
232 476
231 232
231 477
231 478
230 231
230 479
230 480
229 230
229 481
229 482
228 229
228 483
228 484
227 228
227 485
227 486
226 227
226 487
226 488
225 226
225 489
225 490
224 225
224 491
224 492
223 224
223 493
223 494
222 223
222 495
222 496
221 222
221 497
221 498
220 221
220 499
220 500
219 220
219 501
219 502
218 219
218 503
218 504
217 218
217 505
217 506
216 217
216 507
216 508
215 216
215 509
215 510
214 215
214 511
214 512
213 214
213 513
213 514
212 213
212 515
212 516
211 212
211 517
211 518
210 211
210 519
210 520
209 210
209 521
209 522
208 209
208 523
208 524
207 208
207 525
207 526
206 207
206 527
206 528
205 206
205 529
205 530
204 205
204 531
204 532
203 204
203 533
203 534
202 203
202 535
202 536
201 202
201 537
201 538
200 201
200 539
200 540
199 200
199 541
199 542
198 199
198 543
198 544
197 198
197 545
197 546
196 197
196 547
196 548
195 196
195 549
195 550
194 195
194 551
194 552
193 194
193 553
193 554
192 193
192 555
192 556
191 192
191 557
191 558
190 191
190 559
190 560
189 190
189 561
189 562
188 189
188 563
188 564
187 188
187 565
187 566
186 187
186 567
186 568
185 186
185 569
185 570
184 185
184 571
184 572
183 184
183 573
183 574
182 183
182 575
182 576
181 182
181 577
181 578
180 181
180 579
180 580
179 180
179 581
179 582
178 179
178 583
178 584
177 178
177 585
177 586
176 177
176 587
176 588
175 176
175 589
175 590
174 175
174 591
174 592
173 174
173 593
173 594
172 173
172 595
172 596
171 172
171 597
171 598
170 171
170 599
170 600
169 170
169 601
169 602
168 169
168 603
168 604
167 168
167 605
167 606
166 167
166 607
166 608
165 166
165 609
165 610
164 165
164 611
164 612
163 164
163 613
163 614
162 163
162 615
162 616
161 162
161 617
161 618
160 161
160 619
160 620
159 160
159 621
159 622
158 159
158 623
158 624
157 158
157 625
157 626
156 157
156 627
156 628
155 156
155 629
155 630
154 155
154 631
154 632
153 154
153 633
153 634
152 153
152 635
152 636
151 152
151 637
151 638
150 151
150 639
150 640
149 150
149 641
149 642
148 149
148 643
148 644
147 148
147 645
147 646
146 147
146 647
146 648
145 146
145 649
145 650
144 145
144 651
144 652
143 144
143 653
143 654
142 143
142 655
142 656
141 142
141 657
141 658
140 141
140 659
140 660
139 140
139 661
139 662
138 139
138 663
138 664
137 138
137 665
137 666
136 137
136 667
136 668
135 136
135 669
135 670
134 135
134 671
134 672
133 134
133 673
133 674
132 133
132 675
132 676
131 132
131 677
131 678
130 131
130 679
130 680
129 130
129 681
129 682
128 129
128 683
128 684
127 128
127 685
127 686
126 127
126 687
126 688
125 126
125 689
125 690
124 125
124 691
124 692
123 124
123 693
123 694
122 123
122 695
122 696
121 122
121 697
121 698
120 121
120 699
120 700
119 120
119 701
119 702
118 119
118 703
118 704
117 118
117 705
117 706
116 117
116 707
116 708
115 116
115 709
115 710
114 115
114 711
114 712
113 114
113 713
113 714
112 113
112 715
112 716
111 112
111 717
111 718
110 111
110 719
110 720
109 110
109 721
109 722
108 109
108 723
108 724
107 108
107 725
107 726
106 107
106 727
106 728
105 106
105 729
105 730
104 105
104 731
104 732
103 104
103 733
103 734
102 103
102 735
102 736
101 102
101 737
101 738
100 101
100 739
100 740
99 100
99 741
99 742
98 99
98 743
98 744
97 98
97 745
97 746
96 97
96 747
96 748
95 96
95 749
95 750
94 95
94 751
94 752
93 94
93 753
93 754
92 93
92 755
92 756
91 92
91 757
91 758
90 91
90 759
90 760
89 90
89 761
89 762
88 89
88 763
88 764
87 88
87 765
87 766
86 87
86 767
86 768
85 86
85 769
85 770
84 85
84 771
84 772
83 84
83 773
83 774
82 83
82 775
82 776
81 82
81 777
81 778
80 81
80 779
80 780
79 80
79 781
79 782
78 79
78 783
78 784
77 78
77 785
77 786
76 77
76 787
76 788
75 76
75 789
75 790
74 75
74 791
74 792
73 74
73 793
73 794
72 73
72 795
72 796
71 72
71 797
71 798
70 71
70 799
70 800
69 70
69 801
69 802
68 69
68 803
68 804
67 68
67 805
67 806
66 67
66 807
66 808
65 66
65 809
65 810
64 65
64 811
64 812
63 64
63 813
63 814
62 63
62 815
62 816
61 62
61 817
61 818
60 61
60 819
60 820
59 60
59 821
59 822
58 59
58 823
58 824
57 58
57 825
57 826
56 57
56 827
56 828
55 56
55 829
55 830
54 55
54 831
54 832
53 54
53 833
53 834
52 53
52 835
52 836
51 52
51 837
51 838
50 51
50 839
50 840
49 50
49 841
49 842
48 49
48 843
48 844
47 48
47 845
47 846
46 47
46 847
46 848
45 46
45 849
45 850
44 45
44 851
44 852
43 44
43 853
43 854
42 43
42 855
42 856
41 42
41 857
41 858
40 41
40 859
40 860
39 40
39 861
39 862
38 39
38 863
38 864
37 38
37 865
37 866
36 37
36 867
36 868
35 36
35 869
35 870
34 35
34 871
34 872
33 34
33 873
33 874
32 33
32 875
32 876
31 32
31 877
31 878
30 31
30 879
30 880
29 30
29 881
29 882
28 29
28 883
28 884
27 28
27 885
27 886
26 27
26 887
26 888
25 26
25 889
25 890
24 25
24 891
24 892
23 24
23 893
23 894
22 23
22 895
22 896
21 22
21 897
21 898
20 21
20 899
20 900
19 20
19 901
19 902
18 19
18 903
18 904
17 18
17 905
17 906
16 17
16 907
16 908
15 16
15 909
15 910
14 15
14 911
14 912
13 14
13 913
13 914
12 13
12 915
12 916
11 12
11 917
11 918
10 11
10 919
10 920
9 10
9 921
9 922
8 9
8 923
8 924
7 8
7 925
7 926
6 7
6 927
6 928
5 6
5 929
5 930
4 5
4 931
4 932
3 4
3 933
3 934
2 3
2 935
2 936
1 2
1 937
1 938
1 939
