923 14203740
461 462
461 463
460 461
460 464
459 460
459 465
458 459
458 466
457 458
457 467
456 457
456 468
455 456
455 469
454 455
454 470
453 454
453 471
452 453
452 472
451 452
451 473
450 451
450 474
449 450
449 475
448 449
448 476
447 448
447 477
446 447
446 478
445 446
445 479
444 445
444 480
443 444
443 481
442 443
442 482
441 442
441 483
440 441
440 484
439 440
439 485
438 439
438 486
437 438
437 487
436 437
436 488
435 436
435 489
434 435
434 490
433 434
433 491
432 433
432 492
431 432
431 493
430 431
430 494
429 430
429 495
428 429
428 496
427 428
427 497
426 427
426 498
425 426
425 499
424 425
424 500
423 424
423 501
422 423
422 502
421 422
421 503
420 421
420 504
419 420
419 505
418 419
418 506
417 418
417 507
416 417
416 508
415 416
415 509
414 415
414 510
413 414
413 511
412 413
412 512
411 412
411 513
410 411
410 514
409 410
409 515
408 409
408 516
407 408
407 517
406 407
406 518
405 406
405 519
404 405
404 520
403 404
403 521
402 403
402 522
401 402
401 523
400 401
400 524
399 400
399 525
398 399
398 526
397 398
397 527
396 397
396 528
395 396
395 529
394 395
394 530
393 394
393 531
392 393
392 532
391 392
391 533
390 391
390 534
389 390
389 535
388 389
388 536
387 388
387 537
386 387
386 538
385 386
385 539
384 385
384 540
383 384
383 541
382 383
382 542
381 382
381 543
380 381
380 544
379 380
379 545
378 379
378 546
377 378
377 547
376 377
376 548
375 376
375 549
374 375
374 550
373 374
373 551
372 373
372 552
371 372
371 553
370 371
370 554
369 370
369 555
368 369
368 556
367 368
367 557
366 367
366 558
365 366
365 559
364 365
364 560
363 364
363 561
362 363
362 562
361 362
361 563
360 361
360 564
359 360
359 565
358 359
358 566
357 358
357 567
356 357
356 568
355 356
355 569
354 355
354 570
353 354
353 571
352 353
352 572
351 352
351 573
350 351
350 574
349 350
349 575
348 349
348 576
347 348
347 577
346 347
346 578
345 346
345 579
344 345
344 580
343 344
343 581
342 343
342 582
341 342
341 583
340 341
340 584
339 340
339 585
338 339
338 586
337 338
337 587
336 337
336 588
335 336
335 589
334 335
334 590
333 334
333 591
332 333
332 592
331 332
331 593
330 331
330 594
329 330
329 595
328 329
328 596
327 328
327 597
326 327
326 598
325 326
325 599
324 325
324 600
323 324
323 601
322 323
322 602
321 322
321 603
320 321
320 604
319 320
319 605
318 319
318 606
317 318
317 607
316 317
316 608
315 316
315 609
314 315
314 610
313 314
313 611
312 313
312 612
311 312
311 613
310 311
310 614
309 310
309 615
308 309
308 616
307 308
307 617
306 307
306 618
305 306
305 619
304 305
304 620
303 304
303 621
302 303
302 622
301 302
301 623
300 301
300 624
299 300
299 625
298 299
298 626
297 298
297 627
296 297
296 628
295 296
295 629
294 295
294 630
293 294
293 631
292 293
292 632
291 292
291 633
290 291
290 634
289 290
289 635
288 289
288 636
287 288
287 637
286 287
286 638
285 286
285 639
284 285
284 640
283 284
283 641
282 283
282 642
281 282
281 643
280 281
280 644
279 280
279 645
278 279
278 646
277 278
277 647
276 277
276 648
275 276
275 649
274 275
274 650
273 274
273 651
272 273
272 652
271 272
271 653
270 271
270 654
269 270
269 655
268 269
268 656
267 268
267 657
266 267
266 658
265 266
265 659
264 265
264 660
263 264
263 661
262 263
262 662
261 262
261 663
260 261
260 664
259 260
259 665
258 259
258 666
257 258
257 667
256 257
256 668
255 256
255 669
254 255
254 670
253 254
253 671
252 253
252 672
251 252
251 673
250 251
250 674
249 250
249 675
248 249
248 676
247 248
247 677
246 247
246 678
245 246
245 679
244 245
244 680
243 244
243 681
242 243
242 682
241 242
241 683
240 241
240 684
239 240
239 685
238 239
238 686
237 238
237 687
236 237
236 688
235 236
235 689
234 235
234 690
233 234
233 691
232 233
232 692
231 232
231 693
230 231
230 694
229 230
229 695
228 229
228 696
227 228
227 697
226 227
226 698
225 226
225 699
224 225
224 700
223 224
223 701
222 223
222 702
221 222
221 703
220 221
220 704
219 220
219 705
218 219
218 706
217 218
217 707
216 217
216 708
215 216
215 709
214 215
214 710
213 214
213 711
212 213
212 712
211 212
211 713
210 211
210 714
209 210
209 715
208 209
208 716
207 208
207 717
206 207
206 718
205 206
205 719
204 205
204 720
203 204
203 721
202 203
202 722
201 202
201 723
200 201
200 724
199 200
199 725
198 199
198 726
197 198
197 727
196 197
196 728
195 196
195 729
194 195
194 730
193 194
193 731
192 193
192 732
191 192
191 733
190 191
190 734
189 190
189 735
188 189
188 736
187 188
187 737
186 187
186 738
185 186
185 739
184 185
184 740
183 184
183 741
182 183
182 742
181 182
181 743
180 181
180 744
179 180
179 745
178 179
178 746
177 178
177 747
176 177
176 748
175 176
175 749
174 175
174 750
173 174
173 751
172 173
172 752
171 172
171 753
170 171
170 754
169 170
169 755
168 169
168 756
167 168
167 757
166 167
166 758
165 166
165 759
164 165
164 760
163 164
163 761
162 163
162 762
161 162
161 763
160 161
160 764
159 160
159 765
158 159
158 766
157 158
157 767
156 157
156 768
155 156
155 769
154 155
154 770
153 154
153 771
152 153
152 772
151 152
151 773
150 151
150 774
149 150
149 775
148 149
148 776
147 148
147 777
146 147
146 778
145 146
145 779
144 145
144 780
143 144
143 781
142 143
142 782
141 142
141 783
140 141
140 784
139 140
139 785
138 139
138 786
137 138
137 787
136 137
136 788
135 136
135 789
134 135
134 790
133 134
133 791
132 133
132 792
131 132
131 793
130 131
130 794
129 130
129 795
128 129
128 796
127 128
127 797
126 127
126 798
125 126
125 799
124 125
124 800
123 124
123 801
122 123
122 802
121 122
121 803
120 121
120 804
119 120
119 805
118 119
118 806
117 118
117 807
116 117
116 808
115 116
115 809
114 115
114 810
113 114
113 811
112 113
112 812
111 112
111 813
110 111
110 814
109 110
109 815
108 109
108 816
107 108
107 817
106 107
106 818
105 106
105 819
104 105
104 820
103 104
103 821
102 103
102 822
101 102
101 823
100 101
100 824
99 100
99 825
98 99
98 826
97 98
97 827
96 97
96 828
95 96
95 829
94 95
94 830
93 94
93 831
92 93
92 832
91 92
91 833
90 91
90 834
89 90
89 835
88 89
88 836
87 88
87 837
86 87
86 838
85 86
85 839
84 85
84 840
83 84
83 841
82 83
82 842
81 82
81 843
80 81
80 844
79 80
79 845
78 79
78 846
77 78
77 847
76 77
76 848
75 76
75 849
74 75
74 850
73 74
73 851
72 73
72 852
71 72
71 853
70 71
70 854
69 70
69 855
68 69
68 856
67 68
67 857
66 67
66 858
65 66
65 859
64 65
64 860
63 64
63 861
62 63
62 862
61 62
61 863
60 61
60 864
59 60
59 865
58 59
58 866
57 58
57 867
56 57
56 868
55 56
55 869
54 55
54 870
53 54
53 871
52 53
52 872
51 52
51 873
50 51
50 874
49 50
49 875
48 49
48 876
47 48
47 877
46 47
46 878
45 46
45 879
44 45
44 880
43 44
43 881
42 43
42 882
41 42
41 883
40 41
40 884
39 40
39 885
38 39
38 886
37 38
37 887
36 37
36 888
35 36
35 889
34 35
34 890
33 34
33 891
32 33
32 892
31 32
31 893
30 31
30 894
29 30
29 895
28 29
28 896
27 28
27 897
26 27
26 898
25 26
25 899
24 25
24 900
23 24
23 901
22 23
22 902
21 22
21 903
20 21
20 904
19 20
19 905
18 19
18 906
17 18
17 907
16 17
16 908
15 16
15 909
14 15
14 910
13 14
13 911
12 13
12 912
11 12
11 913
10 11
10 914
9 10
9 915
8 9
8 916
7 8
7 917
6 7
6 918
5 6
5 919
4 5
4 920
3 4
3 921
2 3
2 922
1 2
1 923
1 924
