1059 3631294
67 68
67 69
67 70
67 71
67 72
67 73
67 74
67 75
67 76
67 77
67 78
67 79
67 80
67 81
67 82
67 83
66 67
66 84
66 85
66 86
66 87
66 88
66 89
66 90
66 91
66 92
66 93
66 94
66 95
66 96
66 97
66 98
65 66
65 99
65 100
65 101
65 102
65 103
65 104
65 105
65 106
65 107
65 108
65 109
65 110
65 111
65 112
65 113
64 65
64 114
64 115
64 116
64 117
64 118
64 119
64 120
64 121
64 122
64 123
64 124
64 125
64 126
64 127
64 128
63 64
63 129
63 130
63 131
63 132
63 133
63 134
63 135
63 136
63 137
63 138
63 139
63 140
63 141
63 142
63 143
62 63
62 144
62 145
62 146
62 147
62 148
62 149
62 150
62 151
62 152
62 153
62 154
62 155
62 156
62 157
62 158
61 62
61 159
61 160
61 161
61 162
61 163
61 164
61 165
61 166
61 167
61 168
61 169
61 170
61 171
61 172
61 173
60 61
60 174
60 175
60 176
60 177
60 178
60 179
60 180
60 181
60 182
60 183
60 184
60 185
60 186
60 187
60 188
59 60
59 189
59 190
59 191
59 192
59 193
59 194
59 195
59 196
59 197
59 198
59 199
59 200
59 201
59 202
59 203
58 59
58 204
58 205
58 206
58 207
58 208
58 209
58 210
58 211
58 212
58 213
58 214
58 215
58 216
58 217
58 218
57 58
57 219
57 220
57 221
57 222
57 223
57 224
57 225
57 226
57 227
57 228
57 229
57 230
57 231
57 232
57 233
56 57
56 234
56 235
56 236
56 237
56 238
56 239
56 240
56 241
56 242
56 243
56 244
56 245
56 246
56 247
56 248
55 56
55 249
55 250
55 251
55 252
55 253
55 254
55 255
55 256
55 257
55 258
55 259
55 260
55 261
55 262
55 263
54 55
54 264
54 265
54 266
54 267
54 268
54 269
54 270
54 271
54 272
54 273
54 274
54 275
54 276
54 277
54 278
53 54
53 279
53 280
53 281
53 282
53 283
53 284
53 285
53 286
53 287
53 288
53 289
53 290
53 291
53 292
53 293
52 53
52 294
52 295
52 296
52 297
52 298
52 299
52 300
52 301
52 302
52 303
52 304
52 305
52 306
52 307
52 308
51 52
51 309
51 310
51 311
51 312
51 313
51 314
51 315
51 316
51 317
51 318
51 319
51 320
51 321
51 322
51 323
50 51
50 324
50 325
50 326
50 327
50 328
50 329
50 330
50 331
50 332
50 333
50 334
50 335
50 336
50 337
50 338
49 50
49 339
49 340
49 341
49 342
49 343
49 344
49 345
49 346
49 347
49 348
49 349
49 350
49 351
49 352
49 353
48 49
48 354
48 355
48 356
48 357
48 358
48 359
48 360
48 361
48 362
48 363
48 364
48 365
48 366
48 367
48 368
47 48
47 369
47 370
47 371
47 372
47 373
47 374
47 375
47 376
47 377
47 378
47 379
47 380
47 381
47 382
47 383
46 47
46 384
46 385
46 386
46 387
46 388
46 389
46 390
46 391
46 392
46 393
46 394
46 395
46 396
46 397
46 398
45 46
45 399
45 400
45 401
45 402
45 403
45 404
45 405
45 406
45 407
45 408
45 409
45 410
45 411
45 412
45 413
44 45
44 414
44 415
44 416
44 417
44 418
44 419
44 420
44 421
44 422
44 423
44 424
44 425
44 426
44 427
44 428
43 44
43 429
43 430
43 431
43 432
43 433
43 434
43 435
43 436
43 437
43 438
43 439
43 440
43 441
43 442
43 443
42 43
42 444
42 445
42 446
42 447
42 448
42 449
42 450
42 451
42 452
42 453
42 454
42 455
42 456
42 457
42 458
41 42
41 459
41 460
41 461
41 462
41 463
41 464
41 465
41 466
41 467
41 468
41 469
41 470
41 471
41 472
41 473
40 41
40 474
40 475
40 476
40 477
40 478
40 479
40 480
40 481
40 482
40 483
40 484
40 485
40 486
40 487
40 488
39 40
39 489
39 490
39 491
39 492
39 493
39 494
39 495
39 496
39 497
39 498
39 499
39 500
39 501
39 502
39 503
38 39
38 504
38 505
38 506
38 507
38 508
38 509
38 510
38 511
38 512
38 513
38 514
38 515
38 516
38 517
38 518
37 38
37 519
37 520
37 521
37 522
37 523
37 524
37 525
37 526
37 527
37 528
37 529
37 530
37 531
37 532
37 533
36 37
36 534
36 535
36 536
36 537
36 538
36 539
36 540
36 541
36 542
36 543
36 544
36 545
36 546
36 547
36 548
35 36
35 549
35 550
35 551
35 552
35 553
35 554
35 555
35 556
35 557
35 558
35 559
35 560
35 561
35 562
35 563
34 35
34 564
34 565
34 566
34 567
34 568
34 569
34 570
34 571
34 572
34 573
34 574
34 575
34 576
34 577
34 578
33 34
33 579
33 580
33 581
33 582
33 583
33 584
33 585
33 586
33 587
33 588
33 589
33 590
33 591
33 592
33 593
32 33
32 594
32 595
32 596
32 597
32 598
32 599
32 600
32 601
32 602
32 603
32 604
32 605
32 606
32 607
32 608
31 32
31 609
31 610
31 611
31 612
31 613
31 614
31 615
31 616
31 617
31 618
31 619
31 620
31 621
31 622
31 623
30 31
30 624
30 625
30 626
30 627
30 628
30 629
30 630
30 631
30 632
30 633
30 634
30 635
30 636
30 637
30 638
29 30
29 639
29 640
29 641
29 642
29 643
29 644
29 645
29 646
29 647
29 648
29 649
29 650
29 651
29 652
29 653
28 29
28 654
28 655
28 656
28 657
28 658
28 659
28 660
28 661
28 662
28 663
28 664
28 665
28 666
28 667
28 668
27 28
27 669
27 670
27 671
27 672
27 673
27 674
27 675
27 676
27 677
27 678
27 679
27 680
27 681
27 682
27 683
26 27
26 684
26 685
26 686
26 687
26 688
26 689
26 690
26 691
26 692
26 693
26 694
26 695
26 696
26 697
26 698
25 26
25 699
25 700
25 701
25 702
25 703
25 704
25 705
25 706
25 707
25 708
25 709
25 710
25 711
25 712
25 713
24 25
24 714
24 715
24 716
24 717
24 718
24 719
24 720
24 721
24 722
24 723
24 724
24 725
24 726
24 727
24 728
23 24
23 729
23 730
23 731
23 732
23 733
23 734
23 735
23 736
23 737
23 738
23 739
23 740
23 741
23 742
23 743
22 23
22 744
22 745
22 746
22 747
22 748
22 749
22 750
22 751
22 752
22 753
22 754
22 755
22 756
22 757
22 758
21 22
21 759
21 760
21 761
21 762
21 763
21 764
21 765
21 766
21 767
21 768
21 769
21 770
21 771
21 772
21 773
20 21
20 774
20 775
20 776
20 777
20 778
20 779
20 780
20 781
20 782
20 783
20 784
20 785
20 786
20 787
20 788
19 20
19 789
19 790
19 791
19 792
19 793
19 794
19 795
19 796
19 797
19 798
19 799
19 800
19 801
19 802
19 803
18 19
18 804
18 805
18 806
18 807
18 808
18 809
18 810
18 811
18 812
18 813
18 814
18 815
18 816
18 817
18 818
17 18
17 819
17 820
17 821
17 822
17 823
17 824
17 825
17 826
17 827
17 828
17 829
17 830
17 831
17 832
17 833
16 17
16 834
16 835
16 836
16 837
16 838
16 839
16 840
16 841
16 842
16 843
16 844
16 845
16 846
16 847
16 848
15 16
15 849
15 850
15 851
15 852
15 853
15 854
15 855
15 856
15 857
15 858
15 859
15 860
15 861
15 862
15 863
14 15
14 864
14 865
14 866
14 867
14 868
14 869
14 870
14 871
14 872
14 873
14 874
14 875
14 876
14 877
14 878
13 14
13 879
13 880
13 881
13 882
13 883
13 884
13 885
13 886
13 887
13 888
13 889
13 890
13 891
13 892
13 893
12 13
12 894
12 895
12 896
12 897
12 898
12 899
12 900
12 901
12 902
12 903
12 904
12 905
12 906
12 907
12 908
11 12
11 909
11 910
11 911
11 912
11 913
11 914
11 915
11 916
11 917
11 918
11 919
11 920
11 921
11 922
11 923
10 11
10 924
10 925
10 926
10 927
10 928
10 929
10 930
10 931
10 932
10 933
10 934
10 935
10 936
10 937
10 938
9 10
9 939
9 940
9 941
9 942
9 943
9 944
9 945
9 946
9 947
9 948
9 949
9 950
9 951
9 952
9 953
8 9
8 954
8 955
8 956
8 957
8 958
8 959
8 960
8 961
8 962
8 963
8 964
8 965
8 966
8 967
8 968
7 8
7 969
7 970
7 971
7 972
7 973
7 974
7 975
7 976
7 977
7 978
7 979
7 980
7 981
7 982
7 983
6 7
6 984
6 985
6 986
6 987
6 988
6 989
6 990
6 991
6 992
6 993
6 994
6 995
6 996
6 997
6 998
5 6
5 999
5 1000
5 1001
5 1002
5 1003
5 1004
5 1005
5 1006
5 1007
5 1008
5 1009
5 1010
5 1011
5 1012
5 1013
4 5
4 1014
4 1015
4 1016
4 1017
4 1018
4 1019
4 1020
4 1021
4 1022
4 1023
4 1024
4 1025
4 1026
4 1027
4 1028
3 4
3 1029
3 1030
3 1031
3 1032
3 1033
3 1034
3 1035
3 1036
3 1037
3 1038
3 1039
3 1040
3 1041
3 1042
3 1043
2 3
2 1044
2 1045
2 1046
2 1047
2 1048
2 1049
2 1050
2 1051
2 1052
2 1053
2 1054
2 1055
2 1056
2 1057
2 1058
1 2
1 1059
1 1060
