1173 32850542
586 587
586 588
585 586
585 589
584 585
584 590
583 584
583 591
582 583
582 592
581 582
581 593
580 581
580 594
579 580
579 595
578 579
578 596
577 578
577 597
576 577
576 598
575 576
575 599
574 575
574 600
573 574
573 601
572 573
572 602
571 572
571 603
570 571
570 604
569 570
569 605
568 569
568 606
567 568
567 607
566 567
566 608
565 566
565 609
564 565
564 610
563 564
563 611
562 563
562 612
561 562
561 613
560 561
560 614
559 560
559 615
558 559
558 616
557 558
557 617
556 557
556 618
555 556
555 619
554 555
554 620
553 554
553 621
552 553
552 622
551 552
551 623
550 551
550 624
549 550
549 625
548 549
548 626
547 548
547 627
546 547
546 628
545 546
545 629
544 545
544 630
543 544
543 631
542 543
542 632
541 542
541 633
540 541
540 634
539 540
539 635
538 539
538 636
537 538
537 637
536 537
536 638
535 536
535 639
534 535
534 640
533 534
533 641
532 533
532 642
531 532
531 643
530 531
530 644
529 530
529 645
528 529
528 646
527 528
527 647
526 527
526 648
525 526
525 649
524 525
524 650
523 524
523 651
522 523
522 652
521 522
521 653
520 521
520 654
519 520
519 655
518 519
518 656
517 518
517 657
516 517
516 658
515 516
515 659
514 515
514 660
513 514
513 661
512 513
512 662
511 512
511 663
510 511
510 664
509 510
509 665
508 509
508 666
507 508
507 667
506 507
506 668
505 506
505 669
504 505
504 670
503 504
503 671
502 503
502 672
501 502
501 673
500 501
500 674
499 500
499 675
498 499
498 676
497 498
497 677
496 497
496 678
495 496
495 679
494 495
494 680
493 494
493 681
492 493
492 682
491 492
491 683
490 491
490 684
489 490
489 685
488 489
488 686
487 488
487 687
486 487
486 688
485 486
485 689
484 485
484 690
483 484
483 691
482 483
482 692
481 482
481 693
480 481
480 694
479 480
479 695
478 479
478 696
477 478
477 697
476 477
476 698
475 476
475 699
474 475
474 700
473 474
473 701
472 473
472 702
471 472
471 703
470 471
470 704
469 470
469 705
468 469
468 706
467 468
467 707
466 467
466 708
465 466
465 709
464 465
464 710
463 464
463 711
462 463
462 712
461 462
461 713
460 461
460 714
459 460
459 715
458 459
458 716
457 458
457 717
456 457
456 718
455 456
455 719
454 455
454 720
453 454
453 721
452 453
452 722
451 452
451 723
450 451
450 724
449 450
449 725
448 449
448 726
447 448
447 727
446 447
446 728
445 446
445 729
444 445
444 730
443 444
443 731
442 443
442 732
441 442
441 733
440 441
440 734
439 440
439 735
438 439
438 736
437 438
437 737
436 437
436 738
435 436
435 739
434 435
434 740
433 434
433 741
432 433
432 742
431 432
431 743
430 431
430 744
429 430
429 745
428 429
428 746
427 428
427 747
426 427
426 748
425 426
425 749
424 425
424 750
423 424
423 751
422 423
422 752
421 422
421 753
420 421
420 754
419 420
419 755
418 419
418 756
417 418
417 757
416 417
416 758
415 416
415 759
414 415
414 760
413 414
413 761
412 413
412 762
411 412
411 763
410 411
410 764
409 410
409 765
408 409
408 766
407 408
407 767
406 407
406 768
405 406
405 769
404 405
404 770
403 404
403 771
402 403
402 772
401 402
401 773
400 401
400 774
399 400
399 775
398 399
398 776
397 398
397 777
396 397
396 778
395 396
395 779
394 395
394 780
393 394
393 781
392 393
392 782
391 392
391 783
390 391
390 784
389 390
389 785
388 389
388 786
387 388
387 787
386 387
386 788
385 386
385 789
384 385
384 790
383 384
383 791
382 383
382 792
381 382
381 793
380 381
380 794
379 380
379 795
378 379
378 796
377 378
377 797
376 377
376 798
375 376
375 799
374 375
374 800
373 374
373 801
372 373
372 802
371 372
371 803
370 371
370 804
369 370
369 805
368 369
368 806
367 368
367 807
366 367
366 808
365 366
365 809
364 365
364 810
363 364
363 811
362 363
362 812
361 362
361 813
360 361
360 814
359 360
359 815
358 359
358 816
357 358
357 817
356 357
356 818
355 356
355 819
354 355
354 820
353 354
353 821
352 353
352 822
351 352
351 823
350 351
350 824
349 350
349 825
348 349
348 826
347 348
347 827
346 347
346 828
345 346
345 829
344 345
344 830
343 344
343 831
342 343
342 832
341 342
341 833
340 341
340 834
339 340
339 835
338 339
338 836
337 338
337 837
336 337
336 838
335 336
335 839
334 335
334 840
333 334
333 841
332 333
332 842
331 332
331 843
330 331
330 844
329 330
329 845
328 329
328 846
327 328
327 847
326 327
326 848
325 326
325 849
324 325
324 850
323 324
323 851
322 323
322 852
321 322
321 853
320 321
320 854
319 320
319 855
318 319
318 856
317 318
317 857
316 317
316 858
315 316
315 859
314 315
314 860
313 314
313 861
312 313
312 862
311 312
311 863
310 311
310 864
309 310
309 865
308 309
308 866
307 308
307 867
306 307
306 868
305 306
305 869
304 305
304 870
303 304
303 871
302 303
302 872
301 302
301 873
300 301
300 874
299 300
299 875
298 299
298 876
297 298
297 877
296 297
296 878
295 296
295 879
294 295
294 880
293 294
293 881
292 293
292 882
291 292
291 883
290 291
290 884
289 290
289 885
288 289
288 886
287 288
287 887
286 287
286 888
285 286
285 889
284 285
284 890
283 284
283 891
282 283
282 892
281 282
281 893
280 281
280 894
279 280
279 895
278 279
278 896
277 278
277 897
276 277
276 898
275 276
275 899
274 275
274 900
273 274
273 901
272 273
272 902
271 272
271 903
270 271
270 904
269 270
269 905
268 269
268 906
267 268
267 907
266 267
266 908
265 266
265 909
264 265
264 910
263 264
263 911
262 263
262 912
261 262
261 913
260 261
260 914
259 260
259 915
258 259
258 916
257 258
257 917
256 257
256 918
255 256
255 919
254 255
254 920
253 254
253 921
252 253
252 922
251 252
251 923
250 251
250 924
249 250
249 925
248 249
248 926
247 248
247 927
246 247
246 928
245 246
245 929
244 245
244 930
243 244
243 931
242 243
242 932
241 242
241 933
240 241
240 934
239 240
239 935
238 239
238 936
237 238
237 937
236 237
236 938
235 236
235 939
234 235
234 940
233 234
233 941
232 233
232 942
231 232
231 943
230 231
230 944
229 230
229 945
228 229
228 946
227 228
227 947
226 227
226 948
225 226
225 949
224 225
224 950
223 224
223 951
222 223
222 952
221 222
221 953
220 221
220 954
219 220
219 955
218 219
218 956
217 218
217 957
216 217
216 958
215 216
215 959
214 215
214 960
213 214
213 961
212 213
212 962
211 212
211 963
210 211
210 964
209 210
209 965
208 209
208 966
207 208
207 967
206 207
206 968
205 206
205 969
204 205
204 970
203 204
203 971
202 203
202 972
201 202
201 973
200 201
200 974
199 200
199 975
198 199
198 976
197 198
197 977
196 197
196 978
195 196
195 979
194 195
194 980
193 194
193 981
192 193
192 982
191 192
191 983
190 191
190 984
189 190
189 985
188 189
188 986
187 188
187 987
186 187
186 988
185 186
185 989
184 185
184 990
183 184
183 991
182 183
182 992
181 182
181 993
180 181
180 994
179 180
179 995
178 179
178 996
177 178
177 997
176 177
176 998
175 176
175 999
174 175
174 1000
173 174
173 1001
172 173
172 1002
171 172
171 1003
170 171
170 1004
169 170
169 1005
168 169
168 1006
167 168
167 1007
166 167
166 1008
165 166
165 1009
164 165
164 1010
163 164
163 1011
162 163
162 1012
161 162
161 1013
160 161
160 1014
159 160
159 1015
158 159
158 1016
157 158
157 1017
156 157
156 1018
155 156
155 1019
154 155
154 1020
153 154
153 1021
152 153
152 1022
151 152
151 1023
150 151
150 1024
149 150
149 1025
148 149
148 1026
147 148
147 1027
146 147
146 1028
145 146
145 1029
144 145
144 1030
143 144
143 1031
142 143
142 1032
141 142
141 1033
140 141
140 1034
139 140
139 1035
138 139
138 1036
137 138
137 1037
136 137
136 1038
135 136
135 1039
134 135
134 1040
133 134
133 1041
132 133
132 1042
131 132
131 1043
130 131
130 1044
129 130
129 1045
128 129
128 1046
127 128
127 1047
126 127
126 1048
125 126
125 1049
124 125
124 1050
123 124
123 1051
122 123
122 1052
121 122
121 1053
120 121
120 1054
119 120
119 1055
118 119
118 1056
117 118
117 1057
116 117
116 1058
115 116
115 1059
114 115
114 1060
113 114
113 1061
112 113
112 1062
111 112
111 1063
110 111
110 1064
109 110
109 1065
108 109
108 1066
107 108
107 1067
106 107
106 1068
105 106
105 1069
104 105
104 1070
103 104
103 1071
102 103
102 1072
101 102
101 1073
100 101
100 1074
99 100
99 1075
98 99
98 1076
97 98
97 1077
96 97
96 1078
95 96
95 1079
94 95
94 1080
93 94
93 1081
92 93
92 1082
91 92
91 1083
90 91
90 1084
89 90
89 1085
88 89
88 1086
87 88
87 1087
86 87
86 1088
85 86
85 1089
84 85
84 1090
83 84
83 1091
82 83
82 1092
81 82
81 1093
80 81
80 1094
79 80
79 1095
78 79
78 1096
77 78
77 1097
76 77
76 1098
75 76
75 1099
74 75
74 1100
73 74
73 1101
72 73
72 1102
71 72
71 1103
70 71
70 1104
69 70
69 1105
68 69
68 1106
67 68
67 1107
66 67
66 1108
65 66
65 1109
64 65
64 1110
63 64
63 1111
62 63
62 1112
61 62
61 1113
60 61
60 1114
59 60
59 1115
58 59
58 1116
57 58
57 1117
56 57
56 1118
55 56
55 1119
54 55
54 1120
53 54
53 1121
52 53
52 1122
51 52
51 1123
50 51
50 1124
49 50
49 1125
48 49
48 1126
47 48
47 1127
46 47
46 1128
45 46
45 1129
44 45
44 1130
43 44
43 1131
42 43
42 1132
41 42
41 1133
40 41
40 1134
39 40
39 1135
38 39
38 1136
37 38
37 1137
36 37
36 1138
35 36
35 1139
34 35
34 1140
33 34
33 1141
32 33
32 1142
31 32
31 1143
30 31
30 1144
29 30
29 1145
28 29
28 1146
27 28
27 1147
26 27
26 1148
25 26
25 1149
24 25
24 1150
23 24
23 1151
22 23
22 1152
21 22
21 1153
20 21
20 1154
19 20
19 1155
18 19
18 1156
17 18
17 1157
16 17
16 1158
15 16
15 1159
14 15
14 1160
13 14
13 1161
12 13
12 1162
11 12
11 1163
10 11
10 1164
9 10
9 1165
8 9
8 1166
7 8
7 1167
6 7
6 1168
5 6
5 1169
4 5
4 1170
3 4
3 1171
2 3
2 1172
1 2
1 1173
1 1174
