1131 30428525
565 566
565 567
564 565
564 568
563 564
563 569
562 563
562 570
561 562
561 571
560 561
560 572
559 560
559 573
558 559
558 574
557 558
557 575
556 557
556 576
555 556
555 577
554 555
554 578
553 554
553 579
552 553
552 580
551 552
551 581
550 551
550 582
549 550
549 583
548 549
548 584
547 548
547 585
546 547
546 586
545 546
545 587
544 545
544 588
543 544
543 589
542 543
542 590
541 542
541 591
540 541
540 592
539 540
539 593
538 539
538 594
537 538
537 595
536 537
536 596
535 536
535 597
534 535
534 598
533 534
533 599
532 533
532 600
531 532
531 601
530 531
530 602
529 530
529 603
528 529
528 604
527 528
527 605
526 527
526 606
525 526
525 607
524 525
524 608
523 524
523 609
522 523
522 610
521 522
521 611
520 521
520 612
519 520
519 613
518 519
518 614
517 518
517 615
516 517
516 616
515 516
515 617
514 515
514 618
513 514
513 619
512 513
512 620
511 512
511 621
510 511
510 622
509 510
509 623
508 509
508 624
507 508
507 625
506 507
506 626
505 506
505 627
504 505
504 628
503 504
503 629
502 503
502 630
501 502
501 631
500 501
500 632
499 500
499 633
498 499
498 634
497 498
497 635
496 497
496 636
495 496
495 637
494 495
494 638
493 494
493 639
492 493
492 640
491 492
491 641
490 491
490 642
489 490
489 643
488 489
488 644
487 488
487 645
486 487
486 646
485 486
485 647
484 485
484 648
483 484
483 649
482 483
482 650
481 482
481 651
480 481
480 652
479 480
479 653
478 479
478 654
477 478
477 655
476 477
476 656
475 476
475 657
474 475
474 658
473 474
473 659
472 473
472 660
471 472
471 661
470 471
470 662
469 470
469 663
468 469
468 664
467 468
467 665
466 467
466 666
465 466
465 667
464 465
464 668
463 464
463 669
462 463
462 670
461 462
461 671
460 461
460 672
459 460
459 673
458 459
458 674
457 458
457 675
456 457
456 676
455 456
455 677
454 455
454 678
453 454
453 679
452 453
452 680
451 452
451 681
450 451
450 682
449 450
449 683
448 449
448 684
447 448
447 685
446 447
446 686
445 446
445 687
444 445
444 688
443 444
443 689
442 443
442 690
441 442
441 691
440 441
440 692
439 440
439 693
438 439
438 694
437 438
437 695
436 437
436 696
435 436
435 697
434 435
434 698
433 434
433 699
432 433
432 700
431 432
431 701
430 431
430 702
429 430
429 703
428 429
428 704
427 428
427 705
426 427
426 706
425 426
425 707
424 425
424 708
423 424
423 709
422 423
422 710
421 422
421 711
420 421
420 712
419 420
419 713
418 419
418 714
417 418
417 715
416 417
416 716
415 416
415 717
414 415
414 718
413 414
413 719
412 413
412 720
411 412
411 721
410 411
410 722
409 410
409 723
408 409
408 724
407 408
407 725
406 407
406 726
405 406
405 727
404 405
404 728
403 404
403 729
402 403
402 730
401 402
401 731
400 401
400 732
399 400
399 733
398 399
398 734
397 398
397 735
396 397
396 736
395 396
395 737
394 395
394 738
393 394
393 739
392 393
392 740
391 392
391 741
390 391
390 742
389 390
389 743
388 389
388 744
387 388
387 745
386 387
386 746
385 386
385 747
384 385
384 748
383 384
383 749
382 383
382 750
381 382
381 751
380 381
380 752
379 380
379 753
378 379
378 754
377 378
377 755
376 377
376 756
375 376
375 757
374 375
374 758
373 374
373 759
372 373
372 760
371 372
371 761
370 371
370 762
369 370
369 763
368 369
368 764
367 368
367 765
366 367
366 766
365 366
365 767
364 365
364 768
363 364
363 769
362 363
362 770
361 362
361 771
360 361
360 772
359 360
359 773
358 359
358 774
357 358
357 775
356 357
356 776
355 356
355 777
354 355
354 778
353 354
353 779
352 353
352 780
351 352
351 781
350 351
350 782
349 350
349 783
348 349
348 784
347 348
347 785
346 347
346 786
345 346
345 787
344 345
344 788
343 344
343 789
342 343
342 790
341 342
341 791
340 341
340 792
339 340
339 793
338 339
338 794
337 338
337 795
336 337
336 796
335 336
335 797
334 335
334 798
333 334
333 799
332 333
332 800
331 332
331 801
330 331
330 802
329 330
329 803
328 329
328 804
327 328
327 805
326 327
326 806
325 326
325 807
324 325
324 808
323 324
323 809
322 323
322 810
321 322
321 811
320 321
320 812
319 320
319 813
318 319
318 814
317 318
317 815
316 317
316 816
315 316
315 817
314 315
314 818
313 314
313 819
312 313
312 820
311 312
311 821
310 311
310 822
309 310
309 823
308 309
308 824
307 308
307 825
306 307
306 826
305 306
305 827
304 305
304 828
303 304
303 829
302 303
302 830
301 302
301 831
300 301
300 832
299 300
299 833
298 299
298 834
297 298
297 835
296 297
296 836
295 296
295 837
294 295
294 838
293 294
293 839
292 293
292 840
291 292
291 841
290 291
290 842
289 290
289 843
288 289
288 844
287 288
287 845
286 287
286 846
285 286
285 847
284 285
284 848
283 284
283 849
282 283
282 850
281 282
281 851
280 281
280 852
279 280
279 853
278 279
278 854
277 278
277 855
276 277
276 856
275 276
275 857
274 275
274 858
273 274
273 859
272 273
272 860
271 272
271 861
270 271
270 862
269 270
269 863
268 269
268 864
267 268
267 865
266 267
266 866
265 266
265 867
264 265
264 868
263 264
263 869
262 263
262 870
261 262
261 871
260 261
260 872
259 260
259 873
258 259
258 874
257 258
257 875
256 257
256 876
255 256
255 877
254 255
254 878
253 254
253 879
252 253
252 880
251 252
251 881
250 251
250 882
249 250
249 883
248 249
248 884
247 248
247 885
246 247
246 886
245 246
245 887
244 245
244 888
243 244
243 889
242 243
242 890
241 242
241 891
240 241
240 892
239 240
239 893
238 239
238 894
237 238
237 895
236 237
236 896
235 236
235 897
234 235
234 898
233 234
233 899
232 233
232 900
231 232
231 901
230 231
230 902
229 230
229 903
228 229
228 904
227 228
227 905
226 227
226 906
225 226
225 907
224 225
224 908
223 224
223 909
222 223
222 910
221 222
221 911
220 221
220 912
219 220
219 913
218 219
218 914
217 218
217 915
216 217
216 916
215 216
215 917
214 215
214 918
213 214
213 919
212 213
212 920
211 212
211 921
210 211
210 922
209 210
209 923
208 209
208 924
207 208
207 925
206 207
206 926
205 206
205 927
204 205
204 928
203 204
203 929
202 203
202 930
201 202
201 931
200 201
200 932
199 200
199 933
198 199
198 934
197 198
197 935
196 197
196 936
195 196
195 937
194 195
194 938
193 194
193 939
192 193
192 940
191 192
191 941
190 191
190 942
189 190
189 943
188 189
188 944
187 188
187 945
186 187
186 946
185 186
185 947
184 185
184 948
183 184
183 949
182 183
182 950
181 182
181 951
180 181
180 952
179 180
179 953
178 179
178 954
177 178
177 955
176 177
176 956
175 176
175 957
174 175
174 958
173 174
173 959
172 173
172 960
171 172
171 961
170 171
170 962
169 170
169 963
168 169
168 964
167 168
167 965
166 167
166 966
165 166
165 967
164 165
164 968
163 164
163 969
162 163
162 970
161 162
161 971
160 161
160 972
159 160
159 973
158 159
158 974
157 158
157 975
156 157
156 976
155 156
155 977
154 155
154 978
153 154
153 979
152 153
152 980
151 152
151 981
150 151
150 982
149 150
149 983
148 149
148 984
147 148
147 985
146 147
146 986
145 146
145 987
144 145
144 988
143 144
143 989
142 143
142 990
141 142
141 991
140 141
140 992
139 140
139 993
138 139
138 994
137 138
137 995
136 137
136 996
135 136
135 997
134 135
134 998
133 134
133 999
132 133
132 1000
131 132
131 1001
130 131
130 1002
129 130
129 1003
128 129
128 1004
127 128
127 1005
126 127
126 1006
125 126
125 1007
124 125
124 1008
123 124
123 1009
122 123
122 1010
121 122
121 1011
120 121
120 1012
119 120
119 1013
118 119
118 1014
117 118
117 1015
116 117
116 1016
115 116
115 1017
114 115
114 1018
113 114
113 1019
112 113
112 1020
111 112
111 1021
110 111
110 1022
109 110
109 1023
108 109
108 1024
107 108
107 1025
106 107
106 1026
105 106
105 1027
104 105
104 1028
103 104
103 1029
102 103
102 1030
101 102
101 1031
100 101
100 1032
99 100
99 1033
98 99
98 1034
97 98
97 1035
96 97
96 1036
95 96
95 1037
94 95
94 1038
93 94
93 1039
92 93
92 1040
91 92
91 1041
90 91
90 1042
89 90
89 1043
88 89
88 1044
87 88
87 1045
86 87
86 1046
85 86
85 1047
84 85
84 1048
83 84
83 1049
82 83
82 1050
81 82
81 1051
80 81
80 1052
79 80
79 1053
78 79
78 1054
77 78
77 1055
76 77
76 1056
75 76
75 1057
74 75
74 1058
73 74
73 1059
72 73
72 1060
71 72
71 1061
70 71
70 1062
69 70
69 1063
68 69
68 1064
67 68
67 1065
66 67
66 1066
65 66
65 1067
64 65
64 1068
63 64
63 1069
62 63
62 1070
61 62
61 1071
60 61
60 1072
59 60
59 1073
58 59
58 1074
57 58
57 1075
56 57
56 1076
55 56
55 1077
54 55
54 1078
53 54
53 1079
52 53
52 1080
51 52
51 1081
50 51
50 1082
49 50
49 1083
48 49
48 1084
47 48
47 1085
46 47
46 1086
45 46
45 1087
44 45
44 1088
43 44
43 1089
42 43
42 1090
41 42
41 1091
40 41
40 1092
39 40
39 1093
38 39
38 1094
37 38
37 1095
36 37
36 1096
35 36
35 1097
34 35
34 1098
33 34
33 1099
32 33
32 1100
31 32
31 1101
30 31
30 1102
29 30
29 1103
28 29
28 1104
27 28
27 1105
26 27
26 1106
25 26
25 1107
24 25
24 1108
23 24
23 1109
22 23
22 1110
21 22
21 1111
20 21
20 1112
19 20
19 1113
18 19
18 1114
17 18
17 1115
16 17
16 1116
15 16
15 1117
14 15
14 1118
13 14
13 1119
12 13
12 1120
11 12
11 1121
10 11
10 1122
9 10
9 1123
8 9
8 1124
7 8
7 1125
6 7
6 1126
5 6
5 1127
4 5
4 1128
3 4
3 1129
2 3
2 1130
1 2
1 1131
1 1132
