1143 13475451
229 230
229 231
229 232
229 233
229 234
228 229
228 235
228 236
228 237
228 238
227 228
227 239
227 240
227 241
227 242
226 227
226 243
226 244
226 245
226 246
225 226
225 247
225 248
225 249
225 250
224 225
224 251
224 252
224 253
224 254
223 224
223 255
223 256
223 257
223 258
222 223
222 259
222 260
222 261
222 262
221 222
221 263
221 264
221 265
221 266
220 221
220 267
220 268
220 269
220 270
219 220
219 271
219 272
219 273
219 274
218 219
218 275
218 276
218 277
218 278
217 218
217 279
217 280
217 281
217 282
216 217
216 283
216 284
216 285
216 286
215 216
215 287
215 288
215 289
215 290
214 215
214 291
214 292
214 293
214 294
213 214
213 295
213 296
213 297
213 298
212 213
212 299
212 300
212 301
212 302
211 212
211 303
211 304
211 305
211 306
210 211
210 307
210 308
210 309
210 310
209 210
209 311
209 312
209 313
209 314
208 209
208 315
208 316
208 317
208 318
207 208
207 319
207 320
207 321
207 322
206 207
206 323
206 324
206 325
206 326
205 206
205 327
205 328
205 329
205 330
204 205
204 331
204 332
204 333
204 334
203 204
203 335
203 336
203 337
203 338
202 203
202 339
202 340
202 341
202 342
201 202
201 343
201 344
201 345
201 346
200 201
200 347
200 348
200 349
200 350
199 200
199 351
199 352
199 353
199 354
198 199
198 355
198 356
198 357
198 358
197 198
197 359
197 360
197 361
197 362
196 197
196 363
196 364
196 365
196 366
195 196
195 367
195 368
195 369
195 370
194 195
194 371
194 372
194 373
194 374
193 194
193 375
193 376
193 377
193 378
192 193
192 379
192 380
192 381
192 382
191 192
191 383
191 384
191 385
191 386
190 191
190 387
190 388
190 389
190 390
189 190
189 391
189 392
189 393
189 394
188 189
188 395
188 396
188 397
188 398
187 188
187 399
187 400
187 401
187 402
186 187
186 403
186 404
186 405
186 406
185 186
185 407
185 408
185 409
185 410
184 185
184 411
184 412
184 413
184 414
183 184
183 415
183 416
183 417
183 418
182 183
182 419
182 420
182 421
182 422
181 182
181 423
181 424
181 425
181 426
180 181
180 427
180 428
180 429
180 430
179 180
179 431
179 432
179 433
179 434
178 179
178 435
178 436
178 437
178 438
177 178
177 439
177 440
177 441
177 442
176 177
176 443
176 444
176 445
176 446
175 176
175 447
175 448
175 449
175 450
174 175
174 451
174 452
174 453
174 454
173 174
173 455
173 456
173 457
173 458
172 173
172 459
172 460
172 461
172 462
171 172
171 463
171 464
171 465
171 466
170 171
170 467
170 468
170 469
170 470
169 170
169 471
169 472
169 473
169 474
168 169
168 475
168 476
168 477
168 478
167 168
167 479
167 480
167 481
167 482
166 167
166 483
166 484
166 485
166 486
165 166
165 487
165 488
165 489
165 490
164 165
164 491
164 492
164 493
164 494
163 164
163 495
163 496
163 497
163 498
162 163
162 499
162 500
162 501
162 502
161 162
161 503
161 504
161 505
161 506
160 161
160 507
160 508
160 509
160 510
159 160
159 511
159 512
159 513
159 514
158 159
158 515
158 516
158 517
158 518
157 158
157 519
157 520
157 521
157 522
156 157
156 523
156 524
156 525
156 526
155 156
155 527
155 528
155 529
155 530
154 155
154 531
154 532
154 533
154 534
153 154
153 535
153 536
153 537
153 538
152 153
152 539
152 540
152 541
152 542
151 152
151 543
151 544
151 545
151 546
150 151
150 547
150 548
150 549
150 550
149 150
149 551
149 552
149 553
149 554
148 149
148 555
148 556
148 557
148 558
147 148
147 559
147 560
147 561
147 562
146 147
146 563
146 564
146 565
146 566
145 146
145 567
145 568
145 569
145 570
144 145
144 571
144 572
144 573
144 574
143 144
143 575
143 576
143 577
143 578
142 143
142 579
142 580
142 581
142 582
141 142
141 583
141 584
141 585
141 586
140 141
140 587
140 588
140 589
140 590
139 140
139 591
139 592
139 593
139 594
138 139
138 595
138 596
138 597
138 598
137 138
137 599
137 600
137 601
137 602
136 137
136 603
136 604
136 605
136 606
135 136
135 607
135 608
135 609
135 610
134 135
134 611
134 612
134 613
134 614
133 134
133 615
133 616
133 617
133 618
132 133
132 619
132 620
132 621
132 622
131 132
131 623
131 624
131 625
131 626
130 131
130 627
130 628
130 629
130 630
129 130
129 631
129 632
129 633
129 634
128 129
128 635
128 636
128 637
128 638
127 128
127 639
127 640
127 641
127 642
126 127
126 643
126 644
126 645
126 646
125 126
125 647
125 648
125 649
125 650
124 125
124 651
124 652
124 653
124 654
123 124
123 655
123 656
123 657
123 658
122 123
122 659
122 660
122 661
122 662
121 122
121 663
121 664
121 665
121 666
120 121
120 667
120 668
120 669
120 670
119 120
119 671
119 672
119 673
119 674
118 119
118 675
118 676
118 677
118 678
117 118
117 679
117 680
117 681
117 682
116 117
116 683
116 684
116 685
116 686
115 116
115 687
115 688
115 689
115 690
114 115
114 691
114 692
114 693
114 694
113 114
113 695
113 696
113 697
113 698
112 113
112 699
112 700
112 701
112 702
111 112
111 703
111 704
111 705
111 706
110 111
110 707
110 708
110 709
110 710
109 110
109 711
109 712
109 713
109 714
108 109
108 715
108 716
108 717
108 718
107 108
107 719
107 720
107 721
107 722
106 107
106 723
106 724
106 725
106 726
105 106
105 727
105 728
105 729
105 730
104 105
104 731
104 732
104 733
104 734
103 104
103 735
103 736
103 737
103 738
102 103
102 739
102 740
102 741
102 742
101 102
101 743
101 744
101 745
101 746
100 101
100 747
100 748
100 749
100 750
99 100
99 751
99 752
99 753
99 754
98 99
98 755
98 756
98 757
98 758
97 98
97 759
97 760
97 761
97 762
96 97
96 763
96 764
96 765
96 766
95 96
95 767
95 768
95 769
95 770
94 95
94 771
94 772
94 773
94 774
93 94
93 775
93 776
93 777
93 778
92 93
92 779
92 780
92 781
92 782
91 92
91 783
91 784
91 785
91 786
90 91
90 787
90 788
90 789
90 790
89 90
89 791
89 792
89 793
89 794
88 89
88 795
88 796
88 797
88 798
87 88
87 799
87 800
87 801
87 802
86 87
86 803
86 804
86 805
86 806
85 86
85 807
85 808
85 809
85 810
84 85
84 811
84 812
84 813
84 814
83 84
83 815
83 816
83 817
83 818
82 83
82 819
82 820
82 821
82 822
81 82
81 823
81 824
81 825
81 826
80 81
80 827
80 828
80 829
80 830
79 80
79 831
79 832
79 833
79 834
78 79
78 835
78 836
78 837
78 838
77 78
77 839
77 840
77 841
77 842
76 77
76 843
76 844
76 845
76 846
75 76
75 847
75 848
75 849
75 850
74 75
74 851
74 852
74 853
74 854
73 74
73 855
73 856
73 857
73 858
72 73
72 859
72 860
72 861
72 862
71 72
71 863
71 864
71 865
71 866
70 71
70 867
70 868
70 869
70 870
69 70
69 871
69 872
69 873
69 874
68 69
68 875
68 876
68 877
68 878
67 68
67 879
67 880
67 881
67 882
66 67
66 883
66 884
66 885
66 886
65 66
65 887
65 888
65 889
65 890
64 65
64 891
64 892
64 893
64 894
63 64
63 895
63 896
63 897
63 898
62 63
62 899
62 900
62 901
62 902
61 62
61 903
61 904
61 905
61 906
60 61
60 907
60 908
60 909
60 910
59 60
59 911
59 912
59 913
59 914
58 59
58 915
58 916
58 917
58 918
57 58
57 919
57 920
57 921
57 922
56 57
56 923
56 924
56 925
56 926
55 56
55 927
55 928
55 929
55 930
54 55
54 931
54 932
54 933
54 934
53 54
53 935
53 936
53 937
53 938
52 53
52 939
52 940
52 941
52 942
51 52
51 943
51 944
51 945
51 946
50 51
50 947
50 948
50 949
50 950
49 50
49 951
49 952
49 953
49 954
48 49
48 955
48 956
48 957
48 958
47 48
47 959
47 960
47 961
47 962
46 47
46 963
46 964
46 965
46 966
45 46
45 967
45 968
45 969
45 970
44 45
44 971
44 972
44 973
44 974
43 44
43 975
43 976
43 977
43 978
42 43
42 979
42 980
42 981
42 982
41 42
41 983
41 984
41 985
41 986
40 41
40 987
40 988
40 989
40 990
39 40
39 991
39 992
39 993
39 994
38 39
38 995
38 996
38 997
38 998
37 38
37 999
37 1000
37 1001
37 1002
36 37
36 1003
36 1004
36 1005
36 1006
35 36
35 1007
35 1008
35 1009
35 1010
34 35
34 1011
34 1012
34 1013
34 1014
33 34
33 1015
33 1016
33 1017
33 1018
32 33
32 1019
32 1020
32 1021
32 1022
31 32
31 1023
31 1024
31 1025
31 1026
30 31
30 1027
30 1028
30 1029
30 1030
29 30
29 1031
29 1032
29 1033
29 1034
28 29
28 1035
28 1036
28 1037
28 1038
27 28
27 1039
27 1040
27 1041
27 1042
26 27
26 1043
26 1044
26 1045
26 1046
25 26
25 1047
25 1048
25 1049
25 1050
24 25
24 1051
24 1052
24 1053
24 1054
23 24
23 1055
23 1056
23 1057
23 1058
22 23
22 1059
22 1060
22 1061
22 1062
21 22
21 1063
21 1064
21 1065
21 1066
20 21
20 1067
20 1068
20 1069
20 1070
19 20
19 1071
19 1072
19 1073
19 1074
18 19
18 1075
18 1076
18 1077
18 1078
17 18
17 1079
17 1080
17 1081
17 1082
16 17
16 1083
16 1084
16 1085
16 1086
15 16
15 1087
15 1088
15 1089
15 1090
14 15
14 1091
14 1092
14 1093
14 1094
13 14
13 1095
13 1096
13 1097
13 1098
12 13
12 1099
12 1100
12 1101
12 1102
11 12
11 1103
11 1104
11 1105
11 1106
10 11
10 1107
10 1108
10 1109
10 1110
9 10
9 1111
9 1112
9 1113
9 1114
8 9
8 1115
8 1116
8 1117
8 1118
7 8
7 1119
7 1120
7 1121
7 1122
6 7
6 1123
6 1124
6 1125
6 1126
5 6
5 1127
5 1128
5 1129
5 1130
4 5
4 1131
4 1132
4 1133
4 1134
3 4
3 1135
3 1136
3 1137
3 1138
2 3
2 1139
2 1140
2 1141
2 1142
1 2
1 1143
1 1144
