1192 23190532
596 597
596 598
595 596
595 599
594 595
594 600
593 594
593 601
592 593
592 602
591 592
591 603
590 591
590 604
589 590
589 605
588 589
588 606
587 588
587 607
586 587
586 608
585 586
585 609
584 585
584 610
583 584
583 611
582 583
582 612
581 582
581 613
580 581
580 614
579 580
579 615
578 579
578 616
577 578
577 617
576 577
576 618
575 576
575 619
574 575
574 620
573 574
573 621
572 573
572 622
571 572
571 623
570 571
570 624
569 570
569 625
568 569
568 626
567 568
567 627
566 567
566 628
565 566
565 629
564 565
564 630
563 564
563 631
562 563
562 632
561 562
561 633
560 561
560 634
559 560
559 635
558 559
558 636
557 558
557 637
556 557
556 638
555 556
555 639
554 555
554 640
553 554
553 641
552 553
552 642
551 552
551 643
550 551
550 644
549 550
549 645
548 549
548 646
547 548
547 647
546 547
546 648
545 546
545 649
544 545
544 650
543 544
543 651
542 543
542 652
541 542
541 653
540 541
540 654
539 540
539 655
538 539
538 656
537 538
537 657
536 537
536 658
535 536
535 659
534 535
534 660
533 534
533 661
532 533
532 662
531 532
531 663
530 531
530 664
529 530
529 665
528 529
528 666
527 528
527 667
526 527
526 668
525 526
525 669
524 525
524 670
523 524
523 671
522 523
522 672
521 522
521 673
520 521
520 674
519 520
519 675
518 519
518 676
517 518
517 677
516 517
516 678
515 516
515 679
514 515
514 680
513 514
513 681
512 513
512 682
511 512
511 683
510 511
510 684
509 510
509 685
508 509
508 686
507 508
507 687
506 507
506 688
505 506
505 689
504 505
504 690
503 504
503 691
502 503
502 692
501 502
501 693
500 501
500 694
499 500
499 695
498 499
498 696
497 498
497 697
496 497
496 698
495 496
495 699
494 495
494 700
493 494
493 701
492 493
492 702
491 492
491 703
490 491
490 704
489 490
489 705
488 489
488 706
487 488
487 707
486 487
486 708
485 486
485 709
484 485
484 710
483 484
483 711
482 483
482 712
481 482
481 713
480 481
480 714
479 480
479 715
478 479
478 716
477 478
477 717
476 477
476 718
475 476
475 719
474 475
474 720
473 474
473 721
472 473
472 722
471 472
471 723
470 471
470 724
469 470
469 725
468 469
468 726
467 468
467 727
466 467
466 728
465 466
465 729
464 465
464 730
463 464
463 731
462 463
462 732
461 462
461 733
460 461
460 734
459 460
459 735
458 459
458 736
457 458
457 737
456 457
456 738
455 456
455 739
454 455
454 740
453 454
453 741
452 453
452 742
451 452
451 743
450 451
450 744
449 450
449 745
448 449
448 746
447 448
447 747
446 447
446 748
445 446
445 749
444 445
444 750
443 444
443 751
442 443
442 752
441 442
441 753
440 441
440 754
439 440
439 755
438 439
438 756
437 438
437 757
436 437
436 758
435 436
435 759
434 435
434 760
433 434
433 761
432 433
432 762
431 432
431 763
430 431
430 764
429 430
429 765
428 429
428 766
427 428
427 767
426 427
426 768
425 426
425 769
424 425
424 770
423 424
423 771
422 423
422 772
421 422
421 773
420 421
420 774
419 420
419 775
418 419
418 776
417 418
417 777
416 417
416 778
415 416
415 779
414 415
414 780
413 414
413 781
412 413
412 782
411 412
411 783
410 411
410 784
409 410
409 785
408 409
408 786
407 408
407 787
406 407
406 788
405 406
405 789
404 405
404 790
403 404
403 791
402 403
402 792
401 402
401 793
400 401
400 794
399 400
399 795
398 399
398 796
397 398
397 797
396 397
396 798
395 396
395 799
394 395
394 800
393 394
393 801
392 393
392 802
391 392
391 803
390 391
390 804
389 390
389 805
388 389
388 806
387 388
387 807
386 387
386 808
385 386
385 809
384 385
384 810
383 384
383 811
382 383
382 812
381 382
381 813
380 381
380 814
379 380
379 815
378 379
378 816
377 378
377 817
376 377
376 818
375 376
375 819
374 375
374 820
373 374
373 821
372 373
372 822
371 372
371 823
370 371
370 824
369 370
369 825
368 369
368 826
367 368
367 827
366 367
366 828
365 366
365 829
364 365
364 830
363 364
363 831
362 363
362 832
361 362
361 833
360 361
360 834
359 360
359 835
358 359
358 836
357 358
357 837
356 357
356 838
355 356
355 839
354 355
354 840
353 354
353 841
352 353
352 842
351 352
351 843
350 351
350 844
349 350
349 845
348 349
348 846
347 348
347 847
346 347
346 848
345 346
345 849
344 345
344 850
343 344
343 851
342 343
342 852
341 342
341 853
340 341
340 854
339 340
339 855
338 339
338 856
337 338
337 857
336 337
336 858
335 336
335 859
334 335
334 860
333 334
333 861
332 333
332 862
331 332
331 863
330 331
330 864
329 330
329 865
328 329
328 866
327 328
327 867
326 327
326 868
325 326
325 869
324 325
324 870
323 324
323 871
322 323
322 872
321 322
321 873
320 321
320 874
319 320
319 875
318 319
318 876
317 318
317 877
316 317
316 878
315 316
315 879
314 315
314 880
313 314
313 881
312 313
312 882
311 312
311 883
310 311
310 884
309 310
309 885
308 309
308 886
307 308
307 887
306 307
306 888
305 306
305 889
304 305
304 890
303 304
303 891
302 303
302 892
301 302
301 893
300 301
300 894
299 300
299 895
298 299
298 896
297 298
297 897
296 297
296 898
295 296
295 899
294 295
294 900
293 294
293 901
292 293
292 902
291 292
291 903
290 291
290 904
289 290
289 905
288 289
288 906
287 288
287 907
286 287
286 908
285 286
285 909
284 285
284 910
283 284
283 911
282 283
282 912
281 282
281 913
280 281
280 914
279 280
279 915
278 279
278 916
277 278
277 917
276 277
276 918
275 276
275 919
274 275
274 920
273 274
273 921
272 273
272 922
271 272
271 923
270 271
270 924
269 270
269 925
268 269
268 926
267 268
267 927
266 267
266 928
265 266
265 929
264 265
264 930
263 264
263 931
262 263
262 932
261 262
261 933
260 261
260 934
259 260
259 935
258 259
258 936
257 258
257 937
256 257
256 938
255 256
255 939
254 255
254 940
253 254
253 941
252 253
252 942
251 252
251 943
250 251
250 944
249 250
249 945
248 249
248 946
247 248
247 947
246 247
246 948
245 246
245 949
244 245
244 950
243 244
243 951
242 243
242 952
241 242
241 953
240 241
240 954
239 240
239 955
238 239
238 956
237 238
237 957
236 237
236 958
235 236
235 959
234 235
234 960
233 234
233 961
232 233
232 962
231 232
231 963
230 231
230 964
229 230
229 965
228 229
228 966
227 228
227 967
226 227
226 968
225 226
225 969
224 225
224 970
223 224
223 971
222 223
222 972
221 222
221 973
220 221
220 974
219 220
219 975
218 219
218 976
217 218
217 977
216 217
216 978
215 216
215 979
214 215
214 980
213 214
213 981
212 213
212 982
211 212
211 983
210 211
210 984
209 210
209 985
208 209
208 986
207 208
207 987
206 207
206 988
205 206
205 989
204 205
204 990
203 204
203 991
202 203
202 992
201 202
201 993
200 201
200 994
199 200
199 995
198 199
198 996
197 198
197 997
196 197
196 998
195 196
195 999
194 195
194 1000
193 194
193 1001
192 193
192 1002
191 192
191 1003
190 191
190 1004
189 190
189 1005
188 189
188 1006
187 188
187 1007
186 187
186 1008
185 186
185 1009
184 185
184 1010
183 184
183 1011
182 183
182 1012
181 182
181 1013
180 181
180 1014
179 180
179 1015
178 179
178 1016
177 178
177 1017
176 177
176 1018
175 176
175 1019
174 175
174 1020
173 174
173 1021
172 173
172 1022
171 172
171 1023
170 171
170 1024
169 170
169 1025
168 169
168 1026
167 168
167 1027
166 167
166 1028
165 166
165 1029
164 165
164 1030
163 164
163 1031
162 163
162 1032
161 162
161 1033
160 161
160 1034
159 160
159 1035
158 159
158 1036
157 158
157 1037
156 157
156 1038
155 156
155 1039
154 155
154 1040
153 154
153 1041
152 153
152 1042
151 152
151 1043
150 151
150 1044
149 150
149 1045
148 149
148 1046
147 148
147 1047
146 147
146 1048
145 146
145 1049
144 145
144 1050
143 144
143 1051
142 143
142 1052
141 142
141 1053
140 141
140 1054
139 140
139 1055
138 139
138 1056
137 138
137 1057
136 137
136 1058
135 136
135 1059
134 135
134 1060
133 134
133 1061
132 133
132 1062
131 132
131 1063
130 131
130 1064
129 130
129 1065
128 129
128 1066
127 128
127 1067
126 127
126 1068
125 126
125 1069
124 125
124 1070
123 124
123 1071
122 123
122 1072
121 122
121 1073
120 121
120 1074
119 120
119 1075
118 119
118 1076
117 118
117 1077
116 117
116 1078
115 116
115 1079
114 115
114 1080
113 114
113 1081
112 113
112 1082
111 112
111 1083
110 111
110 1084
109 110
109 1085
108 109
108 1086
107 108
107 1087
106 107
106 1088
105 106
105 1089
104 105
104 1090
103 104
103 1091
102 103
102 1092
101 102
101 1093
100 101
100 1094
99 100
99 1095
98 99
98 1096
97 98
97 1097
96 97
96 1098
95 96
95 1099
94 95
94 1100
93 94
93 1101
92 93
92 1102
91 92
91 1103
90 91
90 1104
89 90
89 1105
88 89
88 1106
87 88
87 1107
86 87
86 1108
85 86
85 1109
84 85
84 1110
83 84
83 1111
82 83
82 1112
81 82
81 1113
80 81
80 1114
79 80
79 1115
78 79
78 1116
77 78
77 1117
76 77
76 1118
75 76
75 1119
74 75
74 1120
73 74
73 1121
72 73
72 1122
71 72
71 1123
70 71
70 1124
69 70
69 1125
68 69
68 1126
67 68
67 1127
66 67
66 1128
65 66
65 1129
64 65
64 1130
63 64
63 1131
62 63
62 1132
61 62
61 1133
60 61
60 1134
59 60
59 1135
58 59
58 1136
57 58
57 1137
56 57
56 1138
55 56
55 1139
54 55
54 1140
53 54
53 1141
52 53
52 1142
51 52
51 1143
50 51
50 1144
49 50
49 1145
48 49
48 1146
47 48
47 1147
46 47
46 1148
45 46
45 1149
44 45
44 1150
43 44
43 1151
42 43
42 1152
41 42
41 1153
40 41
40 1154
39 40
39 1155
38 39
38 1156
37 38
37 1157
36 37
36 1158
35 36
35 1159
34 35
34 1160
33 34
33 1161
32 33
32 1162
31 32
31 1163
30 31
30 1164
29 30
29 1165
28 29
28 1166
27 28
27 1167
26 27
26 1168
25 26
25 1169
24 25
24 1170
23 24
23 1171
22 23
22 1172
21 22
21 1173
20 21
20 1174
19 20
19 1175
18 19
18 1176
17 18
17 1177
16 17
16 1178
15 16
15 1179
14 15
14 1180
13 14
13 1181
12 13
12 1182
11 12
11 1183
10 11
10 1184
9 10
9 1185
8 9
8 1186
7 8
7 1187
6 7
6 1188
5 6
5 1189
4 5
4 1190
3 4
3 1191
2 3
2 1192
1 2
1 1193
