1281 19528052
640 641
640 642
639 640
639 643
638 639
638 644
637 638
637 645
636 637
636 646
635 636
635 647
634 635
634 648
633 634
633 649
632 633
632 650
631 632
631 651
630 631
630 652
629 630
629 653
628 629
628 654
627 628
627 655
626 627
626 656
625 626
625 657
624 625
624 658
623 624
623 659
622 623
622 660
621 622
621 661
620 621
620 662
619 620
619 663
618 619
618 664
617 618
617 665
616 617
616 666
615 616
615 667
614 615
614 668
613 614
613 669
612 613
612 670
611 612
611 671
610 611
610 672
609 610
609 673
608 609
608 674
607 608
607 675
606 607
606 676
605 606
605 677
604 605
604 678
603 604
603 679
602 603
602 680
601 602
601 681
600 601
600 682
599 600
599 683
598 599
598 684
597 598
597 685
596 597
596 686
595 596
595 687
594 595
594 688
593 594
593 689
592 593
592 690
591 592
591 691
590 591
590 692
589 590
589 693
588 589
588 694
587 588
587 695
586 587
586 696
585 586
585 697
584 585
584 698
583 584
583 699
582 583
582 700
581 582
581 701
580 581
580 702
579 580
579 703
578 579
578 704
577 578
577 705
576 577
576 706
575 576
575 707
574 575
574 708
573 574
573 709
572 573
572 710
571 572
571 711
570 571
570 712
569 570
569 713
568 569
568 714
567 568
567 715
566 567
566 716
565 566
565 717
564 565
564 718
563 564
563 719
562 563
562 720
561 562
561 721
560 561
560 722
559 560
559 723
558 559
558 724
557 558
557 725
556 557
556 726
555 556
555 727
554 555
554 728
553 554
553 729
552 553
552 730
551 552
551 731
550 551
550 732
549 550
549 733
548 549
548 734
547 548
547 735
546 547
546 736
545 546
545 737
544 545
544 738
543 544
543 739
542 543
542 740
541 542
541 741
540 541
540 742
539 540
539 743
538 539
538 744
537 538
537 745
536 537
536 746
535 536
535 747
534 535
534 748
533 534
533 749
532 533
532 750
531 532
531 751
530 531
530 752
529 530
529 753
528 529
528 754
527 528
527 755
526 527
526 756
525 526
525 757
524 525
524 758
523 524
523 759
522 523
522 760
521 522
521 761
520 521
520 762
519 520
519 763
518 519
518 764
517 518
517 765
516 517
516 766
515 516
515 767
514 515
514 768
513 514
513 769
512 513
512 770
511 512
511 771
510 511
510 772
509 510
509 773
508 509
508 774
507 508
507 775
506 507
506 776
505 506
505 777
504 505
504 778
503 504
503 779
502 503
502 780
501 502
501 781
500 501
500 782
499 500
499 783
498 499
498 784
497 498
497 785
496 497
496 786
495 496
495 787
494 495
494 788
493 494
493 789
492 493
492 790
491 492
491 791
490 491
490 792
489 490
489 793
488 489
488 794
487 488
487 795
486 487
486 796
485 486
485 797
484 485
484 798
483 484
483 799
482 483
482 800
481 482
481 801
480 481
480 802
479 480
479 803
478 479
478 804
477 478
477 805
476 477
476 806
475 476
475 807
474 475
474 808
473 474
473 809
472 473
472 810
471 472
471 811
470 471
470 812
469 470
469 813
468 469
468 814
467 468
467 815
466 467
466 816
465 466
465 817
464 465
464 818
463 464
463 819
462 463
462 820
461 462
461 821
460 461
460 822
459 460
459 823
458 459
458 824
457 458
457 825
456 457
456 826
455 456
455 827
454 455
454 828
453 454
453 829
452 453
452 830
451 452
451 831
450 451
450 832
449 450
449 833
448 449
448 834
447 448
447 835
446 447
446 836
445 446
445 837
444 445
444 838
443 444
443 839
442 443
442 840
441 442
441 841
440 441
440 842
439 440
439 843
438 439
438 844
437 438
437 845
436 437
436 846
435 436
435 847
434 435
434 848
433 434
433 849
432 433
432 850
431 432
431 851
430 431
430 852
429 430
429 853
428 429
428 854
427 428
427 855
426 427
426 856
425 426
425 857
424 425
424 858
423 424
423 859
422 423
422 860
421 422
421 861
420 421
420 862
419 420
419 863
418 419
418 864
417 418
417 865
416 417
416 866
415 416
415 867
414 415
414 868
413 414
413 869
412 413
412 870
411 412
411 871
410 411
410 872
409 410
409 873
408 409
408 874
407 408
407 875
406 407
406 876
405 406
405 877
404 405
404 878
403 404
403 879
402 403
402 880
401 402
401 881
400 401
400 882
399 400
399 883
398 399
398 884
397 398
397 885
396 397
396 886
395 396
395 887
394 395
394 888
393 394
393 889
392 393
392 890
391 392
391 891
390 391
390 892
389 390
389 893
388 389
388 894
387 388
387 895
386 387
386 896
385 386
385 897
384 385
384 898
383 384
383 899
382 383
382 900
381 382
381 901
380 381
380 902
379 380
379 903
378 379
378 904
377 378
377 905
376 377
376 906
375 376
375 907
374 375
374 908
373 374
373 909
372 373
372 910
371 372
371 911
370 371
370 912
369 370
369 913
368 369
368 914
367 368
367 915
366 367
366 916
365 366
365 917
364 365
364 918
363 364
363 919
362 363
362 920
361 362
361 921
360 361
360 922
359 360
359 923
358 359
358 924
357 358
357 925
356 357
356 926
355 356
355 927
354 355
354 928
353 354
353 929
352 353
352 930
351 352
351 931
350 351
350 932
349 350
349 933
348 349
348 934
347 348
347 935
346 347
346 936
345 346
345 937
344 345
344 938
343 344
343 939
342 343
342 940
341 342
341 941
340 341
340 942
339 340
339 943
338 339
338 944
337 338
337 945
336 337
336 946
335 336
335 947
334 335
334 948
333 334
333 949
332 333
332 950
331 332
331 951
330 331
330 952
329 330
329 953
328 329
328 954
327 328
327 955
326 327
326 956
325 326
325 957
324 325
324 958
323 324
323 959
322 323
322 960
321 322
321 961
320 321
320 962
319 320
319 963
318 319
318 964
317 318
317 965
316 317
316 966
315 316
315 967
314 315
314 968
313 314
313 969
312 313
312 970
311 312
311 971
310 311
310 972
309 310
309 973
308 309
308 974
307 308
307 975
306 307
306 976
305 306
305 977
304 305
304 978
303 304
303 979
302 303
302 980
301 302
301 981
300 301
300 982
299 300
299 983
298 299
298 984
297 298
297 985
296 297
296 986
295 296
295 987
294 295
294 988
293 294
293 989
292 293
292 990
291 292
291 991
290 291
290 992
289 290
289 993
288 289
288 994
287 288
287 995
286 287
286 996
285 286
285 997
284 285
284 998
283 284
283 999
282 283
282 1000
281 282
281 1001
280 281
280 1002
279 280
279 1003
278 279
278 1004
277 278
277 1005
276 277
276 1006
275 276
275 1007
274 275
274 1008
273 274
273 1009
272 273
272 1010
271 272
271 1011
270 271
270 1012
269 270
269 1013
268 269
268 1014
267 268
267 1015
266 267
266 1016
265 266
265 1017
264 265
264 1018
263 264
263 1019
262 263
262 1020
261 262
261 1021
260 261
260 1022
259 260
259 1023
258 259
258 1024
257 258
257 1025
256 257
256 1026
255 256
255 1027
254 255
254 1028
253 254
253 1029
252 253
252 1030
251 252
251 1031
250 251
250 1032
249 250
249 1033
248 249
248 1034
247 248
247 1035
246 247
246 1036
245 246
245 1037
244 245
244 1038
243 244
243 1039
242 243
242 1040
241 242
241 1041
240 241
240 1042
239 240
239 1043
238 239
238 1044
237 238
237 1045
236 237
236 1046
235 236
235 1047
234 235
234 1048
233 234
233 1049
232 233
232 1050
231 232
231 1051
230 231
230 1052
229 230
229 1053
228 229
228 1054
227 228
227 1055
226 227
226 1056
225 226
225 1057
224 225
224 1058
223 224
223 1059
222 223
222 1060
221 222
221 1061
220 221
220 1062
219 220
219 1063
218 219
218 1064
217 218
217 1065
216 217
216 1066
215 216
215 1067
214 215
214 1068
213 214
213 1069
212 213
212 1070
211 212
211 1071
210 211
210 1072
209 210
209 1073
208 209
208 1074
207 208
207 1075
206 207
206 1076
205 206
205 1077
204 205
204 1078
203 204
203 1079
202 203
202 1080
201 202
201 1081
200 201
200 1082
199 200
199 1083
198 199
198 1084
197 198
197 1085
196 197
196 1086
195 196
195 1087
194 195
194 1088
193 194
193 1089
192 193
192 1090
191 192
191 1091
190 191
190 1092
189 190
189 1093
188 189
188 1094
187 188
187 1095
186 187
186 1096
185 186
185 1097
184 185
184 1098
183 184
183 1099
182 183
182 1100
181 182
181 1101
180 181
180 1102
179 180
179 1103
178 179
178 1104
177 178
177 1105
176 177
176 1106
175 176
175 1107
174 175
174 1108
173 174
173 1109
172 173
172 1110
171 172
171 1111
170 171
170 1112
169 170
169 1113
168 169
168 1114
167 168
167 1115
166 167
166 1116
165 166
165 1117
164 165
164 1118
163 164
163 1119
162 163
162 1120
161 162
161 1121
160 161
160 1122
159 160
159 1123
158 159
158 1124
157 158
157 1125
156 157
156 1126
155 156
155 1127
154 155
154 1128
153 154
153 1129
152 153
152 1130
151 152
151 1131
150 151
150 1132
149 150
149 1133
148 149
148 1134
147 148
147 1135
146 147
146 1136
145 146
145 1137
144 145
144 1138
143 144
143 1139
142 143
142 1140
141 142
141 1141
140 141
140 1142
139 140
139 1143
138 139
138 1144
137 138
137 1145
136 137
136 1146
135 136
135 1147
134 135
134 1148
133 134
133 1149
132 133
132 1150
131 132
131 1151
130 131
130 1152
129 130
129 1153
128 129
128 1154
127 128
127 1155
126 127
126 1156
125 126
125 1157
124 125
124 1158
123 124
123 1159
122 123
122 1160
121 122
121 1161
120 121
120 1162
119 120
119 1163
118 119
118 1164
117 118
117 1165
116 117
116 1166
115 116
115 1167
114 115
114 1168
113 114
113 1169
112 113
112 1170
111 112
111 1171
110 111
110 1172
109 110
109 1173
108 109
108 1174
107 108
107 1175
106 107
106 1176
105 106
105 1177
104 105
104 1178
103 104
103 1179
102 103
102 1180
101 102
101 1181
100 101
100 1182
99 100
99 1183
98 99
98 1184
97 98
97 1185
96 97
96 1186
95 96
95 1187
94 95
94 1188
93 94
93 1189
92 93
92 1190
91 92
91 1191
90 91
90 1192
89 90
89 1193
88 89
88 1194
87 88
87 1195
86 87
86 1196
85 86
85 1197
84 85
84 1198
83 84
83 1199
82 83
82 1200
81 82
81 1201
80 81
80 1202
79 80
79 1203
78 79
78 1204
77 78
77 1205
76 77
76 1206
75 76
75 1207
74 75
74 1208
73 74
73 1209
72 73
72 1210
71 72
71 1211
70 71
70 1212
69 70
69 1213
68 69
68 1214
67 68
67 1215
66 67
66 1216
65 66
65 1217
64 65
64 1218
63 64
63 1219
62 63
62 1220
61 62
61 1221
60 61
60 1222
59 60
59 1223
58 59
58 1224
57 58
57 1225
56 57
56 1226
55 56
55 1227
54 55
54 1228
53 54
53 1229
52 53
52 1230
51 52
51 1231
50 51
50 1232
49 50
49 1233
48 49
48 1234
47 48
47 1235
46 47
46 1236
45 46
45 1237
44 45
44 1238
43 44
43 1239
42 43
42 1240
41 42
41 1241
40 41
40 1242
39 40
39 1243
38 39
38 1244
37 38
37 1245
36 37
36 1246
35 36
35 1247
34 35
34 1248
33 34
33 1249
32 33
32 1250
31 32
31 1251
30 31
30 1252
29 30
29 1253
28 29
28 1254
27 28
27 1255
26 27
26 1256
25 26
25 1257
24 25
24 1258
23 24
23 1259
22 23
22 1260
21 22
21 1261
20 21
20 1262
19 20
19 1263
18 19
18 1264
17 18
17 1265
16 17
16 1266
15 16
15 1267
14 15
14 1268
13 14
13 1269
12 13
12 1270
11 12
11 1271
10 11
10 1272
9 10
9 1273
8 9
8 1274
7 8
7 1275
6 7
6 1276
5 6
5 1277
4 5
4 1278
3 4
3 1279
2 3
2 1280
1 2
1 1281
1 1282
