1218 19108189
406 407
406 408
406 409
405 406
405 410
405 411
404 405
404 412
404 413
403 404
403 414
403 415
402 403
402 416
402 417
401 402
401 418
401 419
400 401
400 420
400 421
399 400
399 422
399 423
398 399
398 424
398 425
397 398
397 426
397 427
396 397
396 428
396 429
395 396
395 430
395 431
394 395
394 432
394 433
393 394
393 434
393 435
392 393
392 436
392 437
391 392
391 438
391 439
390 391
390 440
390 441
389 390
389 442
389 443
388 389
388 444
388 445
387 388
387 446
387 447
386 387
386 448
386 449
385 386
385 450
385 451
384 385
384 452
384 453
383 384
383 454
383 455
382 383
382 456
382 457
381 382
381 458
381 459
380 381
380 460
380 461
379 380
379 462
379 463
378 379
378 464
378 465
377 378
377 466
377 467
376 377
376 468
376 469
375 376
375 470
375 471
374 375
374 472
374 473
373 374
373 474
373 475
372 373
372 476
372 477
371 372
371 478
371 479
370 371
370 480
370 481
369 370
369 482
369 483
368 369
368 484
368 485
367 368
367 486
367 487
366 367
366 488
366 489
365 366
365 490
365 491
364 365
364 492
364 493
363 364
363 494
363 495
362 363
362 496
362 497
361 362
361 498
361 499
360 361
360 500
360 501
359 360
359 502
359 503
358 359
358 504
358 505
357 358
357 506
357 507
356 357
356 508
356 509
355 356
355 510
355 511
354 355
354 512
354 513
353 354
353 514
353 515
352 353
352 516
352 517
351 352
351 518
351 519
350 351
350 520
350 521
349 350
349 522
349 523
348 349
348 524
348 525
347 348
347 526
347 527
346 347
346 528
346 529
345 346
345 530
345 531
344 345
344 532
344 533
343 344
343 534
343 535
342 343
342 536
342 537
341 342
341 538
341 539
340 341
340 540
340 541
339 340
339 542
339 543
338 339
338 544
338 545
337 338
337 546
337 547
336 337
336 548
336 549
335 336
335 550
335 551
334 335
334 552
334 553
333 334
333 554
333 555
332 333
332 556
332 557
331 332
331 558
331 559
330 331
330 560
330 561
329 330
329 562
329 563
328 329
328 564
328 565
327 328
327 566
327 567
326 327
326 568
326 569
325 326
325 570
325 571
324 325
324 572
324 573
323 324
323 574
323 575
322 323
322 576
322 577
321 322
321 578
321 579
320 321
320 580
320 581
319 320
319 582
319 583
318 319
318 584
318 585
317 318
317 586
317 587
316 317
316 588
316 589
315 316
315 590
315 591
314 315
314 592
314 593
313 314
313 594
313 595
312 313
312 596
312 597
311 312
311 598
311 599
310 311
310 600
310 601
309 310
309 602
309 603
308 309
308 604
308 605
307 308
307 606
307 607
306 307
306 608
306 609
305 306
305 610
305 611
304 305
304 612
304 613
303 304
303 614
303 615
302 303
302 616
302 617
301 302
301 618
301 619
300 301
300 620
300 621
299 300
299 622
299 623
298 299
298 624
298 625
297 298
297 626
297 627
296 297
296 628
296 629
295 296
295 630
295 631
294 295
294 632
294 633
293 294
293 634
293 635
292 293
292 636
292 637
291 292
291 638
291 639
290 291
290 640
290 641
289 290
289 642
289 643
288 289
288 644
288 645
287 288
287 646
287 647
286 287
286 648
286 649
285 286
285 650
285 651
284 285
284 652
284 653
283 284
283 654
283 655
282 283
282 656
282 657
281 282
281 658
281 659
280 281
280 660
280 661
279 280
279 662
279 663
278 279
278 664
278 665
277 278
277 666
277 667
276 277
276 668
276 669
275 276
275 670
275 671
274 275
274 672
274 673
273 274
273 674
273 675
272 273
272 676
272 677
271 272
271 678
271 679
270 271
270 680
270 681
269 270
269 682
269 683
268 269
268 684
268 685
267 268
267 686
267 687
266 267
266 688
266 689
265 266
265 690
265 691
264 265
264 692
264 693
263 264
263 694
263 695
262 263
262 696
262 697
261 262
261 698
261 699
260 261
260 700
260 701
259 260
259 702
259 703
258 259
258 704
258 705
257 258
257 706
257 707
256 257
256 708
256 709
255 256
255 710
255 711
254 255
254 712
254 713
253 254
253 714
253 715
252 253
252 716
252 717
251 252
251 718
251 719
250 251
250 720
250 721
249 250
249 722
249 723
248 249
248 724
248 725
247 248
247 726
247 727
246 247
246 728
246 729
245 246
245 730
245 731
244 245
244 732
244 733
243 244
243 734
243 735
242 243
242 736
242 737
241 242
241 738
241 739
240 241
240 740
240 741
239 240
239 742
239 743
238 239
238 744
238 745
237 238
237 746
237 747
236 237
236 748
236 749
235 236
235 750
235 751
234 235
234 752
234 753
233 234
233 754
233 755
232 233
232 756
232 757
231 232
231 758
231 759
230 231
230 760
230 761
229 230
229 762
229 763
228 229
228 764
228 765
227 228
227 766
227 767
226 227
226 768
226 769
225 226
225 770
225 771
224 225
224 772
224 773
223 224
223 774
223 775
222 223
222 776
222 777
221 222
221 778
221 779
220 221
220 780
220 781
219 220
219 782
219 783
218 219
218 784
218 785
217 218
217 786
217 787
216 217
216 788
216 789
215 216
215 790
215 791
214 215
214 792
214 793
213 214
213 794
213 795
212 213
212 796
212 797
211 212
211 798
211 799
210 211
210 800
210 801
209 210
209 802
209 803
208 209
208 804
208 805
207 208
207 806
207 807
206 207
206 808
206 809
205 206
205 810
205 811
204 205
204 812
204 813
203 204
203 814
203 815
202 203
202 816
202 817
201 202
201 818
201 819
200 201
200 820
200 821
199 200
199 822
199 823
198 199
198 824
198 825
197 198
197 826
197 827
196 197
196 828
196 829
195 196
195 830
195 831
194 195
194 832
194 833
193 194
193 834
193 835
192 193
192 836
192 837
191 192
191 838
191 839
190 191
190 840
190 841
189 190
189 842
189 843
188 189
188 844
188 845
187 188
187 846
187 847
186 187
186 848
186 849
185 186
185 850
185 851
184 185
184 852
184 853
183 184
183 854
183 855
182 183
182 856
182 857
181 182
181 858
181 859
180 181
180 860
180 861
179 180
179 862
179 863
178 179
178 864
178 865
177 178
177 866
177 867
176 177
176 868
176 869
175 176
175 870
175 871
174 175
174 872
174 873
173 174
173 874
173 875
172 173
172 876
172 877
171 172
171 878
171 879
170 171
170 880
170 881
169 170
169 882
169 883
168 169
168 884
168 885
167 168
167 886
167 887
166 167
166 888
166 889
165 166
165 890
165 891
164 165
164 892
164 893
163 164
163 894
163 895
162 163
162 896
162 897
161 162
161 898
161 899
160 161
160 900
160 901
159 160
159 902
159 903
158 159
158 904
158 905
157 158
157 906
157 907
156 157
156 908
156 909
155 156
155 910
155 911
154 155
154 912
154 913
153 154
153 914
153 915
152 153
152 916
152 917
151 152
151 918
151 919
150 151
150 920
150 921
149 150
149 922
149 923
148 149
148 924
148 925
147 148
147 926
147 927
146 147
146 928
146 929
145 146
145 930
145 931
144 145
144 932
144 933
143 144
143 934
143 935
142 143
142 936
142 937
141 142
141 938
141 939
140 141
140 940
140 941
139 140
139 942
139 943
138 139
138 944
138 945
137 138
137 946
137 947
136 137
136 948
136 949
135 136
135 950
135 951
134 135
134 952
134 953
133 134
133 954
133 955
132 133
132 956
132 957
131 132
131 958
131 959
130 131
130 960
130 961
129 130
129 962
129 963
128 129
128 964
128 965
127 128
127 966
127 967
126 127
126 968
126 969
125 126
125 970
125 971
124 125
124 972
124 973
123 124
123 974
123 975
122 123
122 976
122 977
121 122
121 978
121 979
120 121
120 980
120 981
119 120
119 982
119 983
118 119
118 984
118 985
117 118
117 986
117 987
116 117
116 988
116 989
115 116
115 990
115 991
114 115
114 992
114 993
113 114
113 994
113 995
112 113
112 996
112 997
111 112
111 998
111 999
110 111
110 1000
110 1001
109 110
109 1002
109 1003
108 109
108 1004
108 1005
107 108
107 1006
107 1007
106 107
106 1008
106 1009
105 106
105 1010
105 1011
104 105
104 1012
104 1013
103 104
103 1014
103 1015
102 103
102 1016
102 1017
101 102
101 1018
101 1019
100 101
100 1020
100 1021
99 100
99 1022
99 1023
98 99
98 1024
98 1025
97 98
97 1026
97 1027
96 97
96 1028
96 1029
95 96
95 1030
95 1031
94 95
94 1032
94 1033
93 94
93 1034
93 1035
92 93
92 1036
92 1037
91 92
91 1038
91 1039
90 91
90 1040
90 1041
89 90
89 1042
89 1043
88 89
88 1044
88 1045
87 88
87 1046
87 1047
86 87
86 1048
86 1049
85 86
85 1050
85 1051
84 85
84 1052
84 1053
83 84
83 1054
83 1055
82 83
82 1056
82 1057
81 82
81 1058
81 1059
80 81
80 1060
80 1061
79 80
79 1062
79 1063
78 79
78 1064
78 1065
77 78
77 1066
77 1067
76 77
76 1068
76 1069
75 76
75 1070
75 1071
74 75
74 1072
74 1073
73 74
73 1074
73 1075
72 73
72 1076
72 1077
71 72
71 1078
71 1079
70 71
70 1080
70 1081
69 70
69 1082
69 1083
68 69
68 1084
68 1085
67 68
67 1086
67 1087
66 67
66 1088
66 1089
65 66
65 1090
65 1091
64 65
64 1092
64 1093
63 64
63 1094
63 1095
62 63
62 1096
62 1097
61 62
61 1098
61 1099
60 61
60 1100
60 1101
59 60
59 1102
59 1103
58 59
58 1104
58 1105
57 58
57 1106
57 1107
56 57
56 1108
56 1109
55 56
55 1110
55 1111
54 55
54 1112
54 1113
53 54
53 1114
53 1115
52 53
52 1116
52 1117
51 52
51 1118
51 1119
50 51
50 1120
50 1121
49 50
49 1122
49 1123
48 49
48 1124
48 1125
47 48
47 1126
47 1127
46 47
46 1128
46 1129
45 46
45 1130
45 1131
44 45
44 1132
44 1133
43 44
43 1134
43 1135
42 43
42 1136
42 1137
41 42
41 1138
41 1139
40 41
40 1140
40 1141
39 40
39 1142
39 1143
38 39
38 1144
38 1145
37 38
37 1146
37 1147
36 37
36 1148
36 1149
35 36
35 1150
35 1151
34 35
34 1152
34 1153
33 34
33 1154
33 1155
32 33
32 1156
32 1157
31 32
31 1158
31 1159
30 31
30 1160
30 1161
29 30
29 1162
29 1163
28 29
28 1164
28 1165
27 28
27 1166
27 1167
26 27
26 1168
26 1169
25 26
25 1170
25 1171
24 25
24 1172
24 1173
23 24
23 1174
23 1175
22 23
22 1176
22 1177
21 22
21 1178
21 1179
20 21
20 1180
20 1181
19 20
19 1182
19 1183
18 19
18 1184
18 1185
17 18
17 1186
17 1187
16 17
16 1188
16 1189
15 16
15 1190
15 1191
14 15
14 1192
14 1193
13 14
13 1194
13 1195
12 13
12 1196
12 1197
11 12
11 1198
11 1199
10 11
10 1200
10 1201
9 10
9 1202
9 1203
8 9
8 1204
8 1205
7 8
7 1206
7 1207
6 7
6 1208
6 1209
5 6
5 1210
5 1211
4 5
4 1212
4 1213
3 4
3 1214
3 1215
2 3
2 1216
2 1217
1 2
1 1218
1 1219
