1274 12159175
213 214
213 215
213 216
213 217
213 218
213 219
212 213
212 220
212 221
212 222
212 223
212 224
211 212
211 225
211 226
211 227
211 228
211 229
210 211
210 230
210 231
210 232
210 233
210 234
209 210
209 235
209 236
209 237
209 238
209 239
208 209
208 240
208 241
208 242
208 243
208 244
207 208
207 245
207 246
207 247
207 248
207 249
206 207
206 250
206 251
206 252
206 253
206 254
205 206
205 255
205 256
205 257
205 258
205 259
204 205
204 260
204 261
204 262
204 263
204 264
203 204
203 265
203 266
203 267
203 268
203 269
202 203
202 270
202 271
202 272
202 273
202 274
201 202
201 275
201 276
201 277
201 278
201 279
200 201
200 280
200 281
200 282
200 283
200 284
199 200
199 285
199 286
199 287
199 288
199 289
198 199
198 290
198 291
198 292
198 293
198 294
197 198
197 295
197 296
197 297
197 298
197 299
196 197
196 300
196 301
196 302
196 303
196 304
195 196
195 305
195 306
195 307
195 308
195 309
194 195
194 310
194 311
194 312
194 313
194 314
193 194
193 315
193 316
193 317
193 318
193 319
192 193
192 320
192 321
192 322
192 323
192 324
191 192
191 325
191 326
191 327
191 328
191 329
190 191
190 330
190 331
190 332
190 333
190 334
189 190
189 335
189 336
189 337
189 338
189 339
188 189
188 340
188 341
188 342
188 343
188 344
187 188
187 345
187 346
187 347
187 348
187 349
186 187
186 350
186 351
186 352
186 353
186 354
185 186
185 355
185 356
185 357
185 358
185 359
184 185
184 360
184 361
184 362
184 363
184 364
183 184
183 365
183 366
183 367
183 368
183 369
182 183
182 370
182 371
182 372
182 373
182 374
181 182
181 375
181 376
181 377
181 378
181 379
180 181
180 380
180 381
180 382
180 383
180 384
179 180
179 385
179 386
179 387
179 388
179 389
178 179
178 390
178 391
178 392
178 393
178 394
177 178
177 395
177 396
177 397
177 398
177 399
176 177
176 400
176 401
176 402
176 403
176 404
175 176
175 405
175 406
175 407
175 408
175 409
174 175
174 410
174 411
174 412
174 413
174 414
173 174
173 415
173 416
173 417
173 418
173 419
172 173
172 420
172 421
172 422
172 423
172 424
171 172
171 425
171 426
171 427
171 428
171 429
170 171
170 430
170 431
170 432
170 433
170 434
169 170
169 435
169 436
169 437
169 438
169 439
168 169
168 440
168 441
168 442
168 443
168 444
167 168
167 445
167 446
167 447
167 448
167 449
166 167
166 450
166 451
166 452
166 453
166 454
165 166
165 455
165 456
165 457
165 458
165 459
164 165
164 460
164 461
164 462
164 463
164 464
163 164
163 465
163 466
163 467
163 468
163 469
162 163
162 470
162 471
162 472
162 473
162 474
161 162
161 475
161 476
161 477
161 478
161 479
160 161
160 480
160 481
160 482
160 483
160 484
159 160
159 485
159 486
159 487
159 488
159 489
158 159
158 490
158 491
158 492
158 493
158 494
157 158
157 495
157 496
157 497
157 498
157 499
156 157
156 500
156 501
156 502
156 503
156 504
155 156
155 505
155 506
155 507
155 508
155 509
154 155
154 510
154 511
154 512
154 513
154 514
153 154
153 515
153 516
153 517
153 518
153 519
152 153
152 520
152 521
152 522
152 523
152 524
151 152
151 525
151 526
151 527
151 528
151 529
150 151
150 530
150 531
150 532
150 533
150 534
149 150
149 535
149 536
149 537
149 538
149 539
148 149
148 540
148 541
148 542
148 543
148 544
147 148
147 545
147 546
147 547
147 548
147 549
146 147
146 550
146 551
146 552
146 553
146 554
145 146
145 555
145 556
145 557
145 558
145 559
144 145
144 560
144 561
144 562
144 563
144 564
143 144
143 565
143 566
143 567
143 568
143 569
142 143
142 570
142 571
142 572
142 573
142 574
141 142
141 575
141 576
141 577
141 578
141 579
140 141
140 580
140 581
140 582
140 583
140 584
139 140
139 585
139 586
139 587
139 588
139 589
138 139
138 590
138 591
138 592
138 593
138 594
137 138
137 595
137 596
137 597
137 598
137 599
136 137
136 600
136 601
136 602
136 603
136 604
135 136
135 605
135 606
135 607
135 608
135 609
134 135
134 610
134 611
134 612
134 613
134 614
133 134
133 615
133 616
133 617
133 618
133 619
132 133
132 620
132 621
132 622
132 623
132 624
131 132
131 625
131 626
131 627
131 628
131 629
130 131
130 630
130 631
130 632
130 633
130 634
129 130
129 635
129 636
129 637
129 638
129 639
128 129
128 640
128 641
128 642
128 643
128 644
127 128
127 645
127 646
127 647
127 648
127 649
126 127
126 650
126 651
126 652
126 653
126 654
125 126
125 655
125 656
125 657
125 658
125 659
124 125
124 660
124 661
124 662
124 663
124 664
123 124
123 665
123 666
123 667
123 668
123 669
122 123
122 670
122 671
122 672
122 673
122 674
121 122
121 675
121 676
121 677
121 678
121 679
120 121
120 680
120 681
120 682
120 683
120 684
119 120
119 685
119 686
119 687
119 688
119 689
118 119
118 690
118 691
118 692
118 693
118 694
117 118
117 695
117 696
117 697
117 698
117 699
116 117
116 700
116 701
116 702
116 703
116 704
115 116
115 705
115 706
115 707
115 708
115 709
114 115
114 710
114 711
114 712
114 713
114 714
113 114
113 715
113 716
113 717
113 718
113 719
112 113
112 720
112 721
112 722
112 723
112 724
111 112
111 725
111 726
111 727
111 728
111 729
110 111
110 730
110 731
110 732
110 733
110 734
109 110
109 735
109 736
109 737
109 738
109 739
108 109
108 740
108 741
108 742
108 743
108 744
107 108
107 745
107 746
107 747
107 748
107 749
106 107
106 750
106 751
106 752
106 753
106 754
105 106
105 755
105 756
105 757
105 758
105 759
104 105
104 760
104 761
104 762
104 763
104 764
103 104
103 765
103 766
103 767
103 768
103 769
102 103
102 770
102 771
102 772
102 773
102 774
101 102
101 775
101 776
101 777
101 778
101 779
100 101
100 780
100 781
100 782
100 783
100 784
99 100
99 785
99 786
99 787
99 788
99 789
98 99
98 790
98 791
98 792
98 793
98 794
97 98
97 795
97 796
97 797
97 798
97 799
96 97
96 800
96 801
96 802
96 803
96 804
95 96
95 805
95 806
95 807
95 808
95 809
94 95
94 810
94 811
94 812
94 813
94 814
93 94
93 815
93 816
93 817
93 818
93 819
92 93
92 820
92 821
92 822
92 823
92 824
91 92
91 825
91 826
91 827
91 828
91 829
90 91
90 830
90 831
90 832
90 833
90 834
89 90
89 835
89 836
89 837
89 838
89 839
88 89
88 840
88 841
88 842
88 843
88 844
87 88
87 845
87 846
87 847
87 848
87 849
86 87
86 850
86 851
86 852
86 853
86 854
85 86
85 855
85 856
85 857
85 858
85 859
84 85
84 860
84 861
84 862
84 863
84 864
83 84
83 865
83 866
83 867
83 868
83 869
82 83
82 870
82 871
82 872
82 873
82 874
81 82
81 875
81 876
81 877
81 878
81 879
80 81
80 880
80 881
80 882
80 883
80 884
79 80
79 885
79 886
79 887
79 888
79 889
78 79
78 890
78 891
78 892
78 893
78 894
77 78
77 895
77 896
77 897
77 898
77 899
76 77
76 900
76 901
76 902
76 903
76 904
75 76
75 905
75 906
75 907
75 908
75 909
74 75
74 910
74 911
74 912
74 913
74 914
73 74
73 915
73 916
73 917
73 918
73 919
72 73
72 920
72 921
72 922
72 923
72 924
71 72
71 925
71 926
71 927
71 928
71 929
70 71
70 930
70 931
70 932
70 933
70 934
69 70
69 935
69 936
69 937
69 938
69 939
68 69
68 940
68 941
68 942
68 943
68 944
67 68
67 945
67 946
67 947
67 948
67 949
66 67
66 950
66 951
66 952
66 953
66 954
65 66
65 955
65 956
65 957
65 958
65 959
64 65
64 960
64 961
64 962
64 963
64 964
63 64
63 965
63 966
63 967
63 968
63 969
62 63
62 970
62 971
62 972
62 973
62 974
61 62
61 975
61 976
61 977
61 978
61 979
60 61
60 980
60 981
60 982
60 983
60 984
59 60
59 985
59 986
59 987
59 988
59 989
58 59
58 990
58 991
58 992
58 993
58 994
57 58
57 995
57 996
57 997
57 998
57 999
56 57
56 1000
56 1001
56 1002
56 1003
56 1004
55 56
55 1005
55 1006
55 1007
55 1008
55 1009
54 55
54 1010
54 1011
54 1012
54 1013
54 1014
53 54
53 1015
53 1016
53 1017
53 1018
53 1019
52 53
52 1020
52 1021
52 1022
52 1023
52 1024
51 52
51 1025
51 1026
51 1027
51 1028
51 1029
50 51
50 1030
50 1031
50 1032
50 1033
50 1034
49 50
49 1035
49 1036
49 1037
49 1038
49 1039
48 49
48 1040
48 1041
48 1042
48 1043
48 1044
47 48
47 1045
47 1046
47 1047
47 1048
47 1049
46 47
46 1050
46 1051
46 1052
46 1053
46 1054
45 46
45 1055
45 1056
45 1057
45 1058
45 1059
44 45
44 1060
44 1061
44 1062
44 1063
44 1064
43 44
43 1065
43 1066
43 1067
43 1068
43 1069
42 43
42 1070
42 1071
42 1072
42 1073
42 1074
41 42
41 1075
41 1076
41 1077
41 1078
41 1079
40 41
40 1080
40 1081
40 1082
40 1083
40 1084
39 40
39 1085
39 1086
39 1087
39 1088
39 1089
38 39
38 1090
38 1091
38 1092
38 1093
38 1094
37 38
37 1095
37 1096
37 1097
37 1098
37 1099
36 37
36 1100
36 1101
36 1102
36 1103
36 1104
35 36
35 1105
35 1106
35 1107
35 1108
35 1109
34 35
34 1110
34 1111
34 1112
34 1113
34 1114
33 34
33 1115
33 1116
33 1117
33 1118
33 1119
32 33
32 1120
32 1121
32 1122
32 1123
32 1124
31 32
31 1125
31 1126
31 1127
31 1128
31 1129
30 31
30 1130
30 1131
30 1132
30 1133
30 1134
29 30
29 1135
29 1136
29 1137
29 1138
29 1139
28 29
28 1140
28 1141
28 1142
28 1143
28 1144
27 28
27 1145
27 1146
27 1147
27 1148
27 1149
26 27
26 1150
26 1151
26 1152
26 1153
26 1154
25 26
25 1155
25 1156
25 1157
25 1158
25 1159
24 25
24 1160
24 1161
24 1162
24 1163
24 1164
23 24
23 1165
23 1166
23 1167
23 1168
23 1169
22 23
22 1170
22 1171
22 1172
22 1173
22 1174
21 22
21 1175
21 1176
21 1177
21 1178
21 1179
20 21
20 1180
20 1181
20 1182
20 1183
20 1184
19 20
19 1185
19 1186
19 1187
19 1188
19 1189
18 19
18 1190
18 1191
18 1192
18 1193
18 1194
17 18
17 1195
17 1196
17 1197
17 1198
17 1199
16 17
16 1200
16 1201
16 1202
16 1203
16 1204
15 16
15 1205
15 1206
15 1207
15 1208
15 1209
14 15
14 1210
14 1211
14 1212
14 1213
14 1214
13 14
13 1215
13 1216
13 1217
13 1218
13 1219
12 13
12 1220
12 1221
12 1222
12 1223
12 1224
11 12
11 1225
11 1226
11 1227
11 1228
11 1229
10 11
10 1230
10 1231
10 1232
10 1233
10 1234
9 10
9 1235
9 1236
9 1237
9 1238
9 1239
8 9
8 1240
8 1241
8 1242
8 1243
8 1244
7 8
7 1245
7 1246
7 1247
7 1248
7 1249
6 7
6 1250
6 1251
6 1252
6 1253
6 1254
5 6
5 1255
5 1256
5 1257
5 1258
5 1259
4 5
4 1260
4 1261
4 1262
4 1263
4 1264
3 4
3 1265
3 1266
3 1267
3 1268
3 1269
2 3
2 1270
2 1271
2 1272
2 1273
2 1274
1 2
1 1275
