1203 20981458
401 402
401 403
401 404
400 401
400 405
400 406
399 400
399 407
399 408
398 399
398 409
398 410
397 398
397 411
397 412
396 397
396 413
396 414
395 396
395 415
395 416
394 395
394 417
394 418
393 394
393 419
393 420
392 393
392 421
392 422
391 392
391 423
391 424
390 391
390 425
390 426
389 390
389 427
389 428
388 389
388 429
388 430
387 388
387 431
387 432
386 387
386 433
386 434
385 386
385 435
385 436
384 385
384 437
384 438
383 384
383 439
383 440
382 383
382 441
382 442
381 382
381 443
381 444
380 381
380 445
380 446
379 380
379 447
379 448
378 379
378 449
378 450
377 378
377 451
377 452
376 377
376 453
376 454
375 376
375 455
375 456
374 375
374 457
374 458
373 374
373 459
373 460
372 373
372 461
372 462
371 372
371 463
371 464
370 371
370 465
370 466
369 370
369 467
369 468
368 369
368 469
368 470
367 368
367 471
367 472
366 367
366 473
366 474
365 366
365 475
365 476
364 365
364 477
364 478
363 364
363 479
363 480
362 363
362 481
362 482
361 362
361 483
361 484
360 361
360 485
360 486
359 360
359 487
359 488
358 359
358 489
358 490
357 358
357 491
357 492
356 357
356 493
356 494
355 356
355 495
355 496
354 355
354 497
354 498
353 354
353 499
353 500
352 353
352 501
352 502
351 352
351 503
351 504
350 351
350 505
350 506
349 350
349 507
349 508
348 349
348 509
348 510
347 348
347 511
347 512
346 347
346 513
346 514
345 346
345 515
345 516
344 345
344 517
344 518
343 344
343 519
343 520
342 343
342 521
342 522
341 342
341 523
341 524
340 341
340 525
340 526
339 340
339 527
339 528
338 339
338 529
338 530
337 338
337 531
337 532
336 337
336 533
336 534
335 336
335 535
335 536
334 335
334 537
334 538
333 334
333 539
333 540
332 333
332 541
332 542
331 332
331 543
331 544
330 331
330 545
330 546
329 330
329 547
329 548
328 329
328 549
328 550
327 328
327 551
327 552
326 327
326 553
326 554
325 326
325 555
325 556
324 325
324 557
324 558
323 324
323 559
323 560
322 323
322 561
322 562
321 322
321 563
321 564
320 321
320 565
320 566
319 320
319 567
319 568
318 319
318 569
318 570
317 318
317 571
317 572
316 317
316 573
316 574
315 316
315 575
315 576
314 315
314 577
314 578
313 314
313 579
313 580
312 313
312 581
312 582
311 312
311 583
311 584
310 311
310 585
310 586
309 310
309 587
309 588
308 309
308 589
308 590
307 308
307 591
307 592
306 307
306 593
306 594
305 306
305 595
305 596
304 305
304 597
304 598
303 304
303 599
303 600
302 303
302 601
302 602
301 302
301 603
301 604
300 301
300 605
300 606
299 300
299 607
299 608
298 299
298 609
298 610
297 298
297 611
297 612
296 297
296 613
296 614
295 296
295 615
295 616
294 295
294 617
294 618
293 294
293 619
293 620
292 293
292 621
292 622
291 292
291 623
291 624
290 291
290 625
290 626
289 290
289 627
289 628
288 289
288 629
288 630
287 288
287 631
287 632
286 287
286 633
286 634
285 286
285 635
285 636
284 285
284 637
284 638
283 284
283 639
283 640
282 283
282 641
282 642
281 282
281 643
281 644
280 281
280 645
280 646
279 280
279 647
279 648
278 279
278 649
278 650
277 278
277 651
277 652
276 277
276 653
276 654
275 276
275 655
275 656
274 275
274 657
274 658
273 274
273 659
273 660
272 273
272 661
272 662
271 272
271 663
271 664
270 271
270 665
270 666
269 270
269 667
269 668
268 269
268 669
268 670
267 268
267 671
267 672
266 267
266 673
266 674
265 266
265 675
265 676
264 265
264 677
264 678
263 264
263 679
263 680
262 263
262 681
262 682
261 262
261 683
261 684
260 261
260 685
260 686
259 260
259 687
259 688
258 259
258 689
258 690
257 258
257 691
257 692
256 257
256 693
256 694
255 256
255 695
255 696
254 255
254 697
254 698
253 254
253 699
253 700
252 253
252 701
252 702
251 252
251 703
251 704
250 251
250 705
250 706
249 250
249 707
249 708
248 249
248 709
248 710
247 248
247 711
247 712
246 247
246 713
246 714
245 246
245 715
245 716
244 245
244 717
244 718
243 244
243 719
243 720
242 243
242 721
242 722
241 242
241 723
241 724
240 241
240 725
240 726
239 240
239 727
239 728
238 239
238 729
238 730
237 238
237 731
237 732
236 237
236 733
236 734
235 236
235 735
235 736
234 235
234 737
234 738
233 234
233 739
233 740
232 233
232 741
232 742
231 232
231 743
231 744
230 231
230 745
230 746
229 230
229 747
229 748
228 229
228 749
228 750
227 228
227 751
227 752
226 227
226 753
226 754
225 226
225 755
225 756
224 225
224 757
224 758
223 224
223 759
223 760
222 223
222 761
222 762
221 222
221 763
221 764
220 221
220 765
220 766
219 220
219 767
219 768
218 219
218 769
218 770
217 218
217 771
217 772
216 217
216 773
216 774
215 216
215 775
215 776
214 215
214 777
214 778
213 214
213 779
213 780
212 213
212 781
212 782
211 212
211 783
211 784
210 211
210 785
210 786
209 210
209 787
209 788
208 209
208 789
208 790
207 208
207 791
207 792
206 207
206 793
206 794
205 206
205 795
205 796
204 205
204 797
204 798
203 204
203 799
203 800
202 203
202 801
202 802
201 202
201 803
201 804
200 201
200 805
200 806
199 200
199 807
199 808
198 199
198 809
198 810
197 198
197 811
197 812
196 197
196 813
196 814
195 196
195 815
195 816
194 195
194 817
194 818
193 194
193 819
193 820
192 193
192 821
192 822
191 192
191 823
191 824
190 191
190 825
190 826
189 190
189 827
189 828
188 189
188 829
188 830
187 188
187 831
187 832
186 187
186 833
186 834
185 186
185 835
185 836
184 185
184 837
184 838
183 184
183 839
183 840
182 183
182 841
182 842
181 182
181 843
181 844
180 181
180 845
180 846
179 180
179 847
179 848
178 179
178 849
178 850
177 178
177 851
177 852
176 177
176 853
176 854
175 176
175 855
175 856
174 175
174 857
174 858
173 174
173 859
173 860
172 173
172 861
172 862
171 172
171 863
171 864
170 171
170 865
170 866
169 170
169 867
169 868
168 169
168 869
168 870
167 168
167 871
167 872
166 167
166 873
166 874
165 166
165 875
165 876
164 165
164 877
164 878
163 164
163 879
163 880
162 163
162 881
162 882
161 162
161 883
161 884
160 161
160 885
160 886
159 160
159 887
159 888
158 159
158 889
158 890
157 158
157 891
157 892
156 157
156 893
156 894
155 156
155 895
155 896
154 155
154 897
154 898
153 154
153 899
153 900
152 153
152 901
152 902
151 152
151 903
151 904
150 151
150 905
150 906
149 150
149 907
149 908
148 149
148 909
148 910
147 148
147 911
147 912
146 147
146 913
146 914
145 146
145 915
145 916
144 145
144 917
144 918
143 144
143 919
143 920
142 143
142 921
142 922
141 142
141 923
141 924
140 141
140 925
140 926
139 140
139 927
139 928
138 139
138 929
138 930
137 138
137 931
137 932
136 137
136 933
136 934
135 136
135 935
135 936
134 135
134 937
134 938
133 134
133 939
133 940
132 133
132 941
132 942
131 132
131 943
131 944
130 131
130 945
130 946
129 130
129 947
129 948
128 129
128 949
128 950
127 128
127 951
127 952
126 127
126 953
126 954
125 126
125 955
125 956
124 125
124 957
124 958
123 124
123 959
123 960
122 123
122 961
122 962
121 122
121 963
121 964
120 121
120 965
120 966
119 120
119 967
119 968
118 119
118 969
118 970
117 118
117 971
117 972
116 117
116 973
116 974
115 116
115 975
115 976
114 115
114 977
114 978
113 114
113 979
113 980
112 113
112 981
112 982
111 112
111 983
111 984
110 111
110 985
110 986
109 110
109 987
109 988
108 109
108 989
108 990
107 108
107 991
107 992
106 107
106 993
106 994
105 106
105 995
105 996
104 105
104 997
104 998
103 104
103 999
103 1000
102 103
102 1001
102 1002
101 102
101 1003
101 1004
100 101
100 1005
100 1006
99 100
99 1007
99 1008
98 99
98 1009
98 1010
97 98
97 1011
97 1012
96 97
96 1013
96 1014
95 96
95 1015
95 1016
94 95
94 1017
94 1018
93 94
93 1019
93 1020
92 93
92 1021
92 1022
91 92
91 1023
91 1024
90 91
90 1025
90 1026
89 90
89 1027
89 1028
88 89
88 1029
88 1030
87 88
87 1031
87 1032
86 87
86 1033
86 1034
85 86
85 1035
85 1036
84 85
84 1037
84 1038
83 84
83 1039
83 1040
82 83
82 1041
82 1042
81 82
81 1043
81 1044
80 81
80 1045
80 1046
79 80
79 1047
79 1048
78 79
78 1049
78 1050
77 78
77 1051
77 1052
76 77
76 1053
76 1054
75 76
75 1055
75 1056
74 75
74 1057
74 1058
73 74
73 1059
73 1060
72 73
72 1061
72 1062
71 72
71 1063
71 1064
70 71
70 1065
70 1066
69 70
69 1067
69 1068
68 69
68 1069
68 1070
67 68
67 1071
67 1072
66 67
66 1073
66 1074
65 66
65 1075
65 1076
64 65
64 1077
64 1078
63 64
63 1079
63 1080
62 63
62 1081
62 1082
61 62
61 1083
61 1084
60 61
60 1085
60 1086
59 60
59 1087
59 1088
58 59
58 1089
58 1090
57 58
57 1091
57 1092
56 57
56 1093
56 1094
55 56
55 1095
55 1096
54 55
54 1097
54 1098
53 54
53 1099
53 1100
52 53
52 1101
52 1102
51 52
51 1103
51 1104
50 51
50 1105
50 1106
49 50
49 1107
49 1108
48 49
48 1109
48 1110
47 48
47 1111
47 1112
46 47
46 1113
46 1114
45 46
45 1115
45 1116
44 45
44 1117
44 1118
43 44
43 1119
43 1120
42 43
42 1121
42 1122
41 42
41 1123
41 1124
40 41
40 1125
40 1126
39 40
39 1127
39 1128
38 39
38 1129
38 1130
37 38
37 1131
37 1132
36 37
36 1133
36 1134
35 36
35 1135
35 1136
34 35
34 1137
34 1138
33 34
33 1139
33 1140
32 33
32 1141
32 1142
31 32
31 1143
31 1144
30 31
30 1145
30 1146
29 30
29 1147
29 1148
28 29
28 1149
28 1150
27 28
27 1151
27 1152
26 27
26 1153
26 1154
25 26
25 1155
25 1156
24 25
24 1157
24 1158
23 24
23 1159
23 1160
22 23
22 1161
22 1162
21 22
21 1163
21 1164
20 21
20 1165
20 1166
19 20
19 1167
19 1168
18 19
18 1169
18 1170
17 18
17 1171
17 1172
16 17
16 1173
16 1174
15 16
15 1175
15 1176
14 15
14 1177
14 1178
13 14
13 1179
13 1180
12 13
12 1181
12 1182
11 12
11 1183
11 1184
10 11
10 1185
10 1186
9 10
9 1187
9 1188
8 9
8 1189
8 1190
7 8
7 1191
7 1192
6 7
6 1193
6 1194
5 6
5 1195
5 1196
4 5
4 1197
4 1198
3 4
3 1199
3 1200
2 3
2 1201
2 1202
1 2
1 1203
1 1204
