1432 27559374
716 717
716 718
715 716
715 719
714 715
714 720
713 714
713 721
712 713
712 722
711 712
711 723
710 711
710 724
709 710
709 725
708 709
708 726
707 708
707 727
706 707
706 728
705 706
705 729
704 705
704 730
703 704
703 731
702 703
702 732
701 702
701 733
700 701
700 734
699 700
699 735
698 699
698 736
697 698
697 737
696 697
696 738
695 696
695 739
694 695
694 740
693 694
693 741
692 693
692 742
691 692
691 743
690 691
690 744
689 690
689 745
688 689
688 746
687 688
687 747
686 687
686 748
685 686
685 749
684 685
684 750
683 684
683 751
682 683
682 752
681 682
681 753
680 681
680 754
679 680
679 755
678 679
678 756
677 678
677 757
676 677
676 758
675 676
675 759
674 675
674 760
673 674
673 761
672 673
672 762
671 672
671 763
670 671
670 764
669 670
669 765
668 669
668 766
667 668
667 767
666 667
666 768
665 666
665 769
664 665
664 770
663 664
663 771
662 663
662 772
661 662
661 773
660 661
660 774
659 660
659 775
658 659
658 776
657 658
657 777
656 657
656 778
655 656
655 779
654 655
654 780
653 654
653 781
652 653
652 782
651 652
651 783
650 651
650 784
649 650
649 785
648 649
648 786
647 648
647 787
646 647
646 788
645 646
645 789
644 645
644 790
643 644
643 791
642 643
642 792
641 642
641 793
640 641
640 794
639 640
639 795
638 639
638 796
637 638
637 797
636 637
636 798
635 636
635 799
634 635
634 800
633 634
633 801
632 633
632 802
631 632
631 803
630 631
630 804
629 630
629 805
628 629
628 806
627 628
627 807
626 627
626 808
625 626
625 809
624 625
624 810
623 624
623 811
622 623
622 812
621 622
621 813
620 621
620 814
619 620
619 815
618 619
618 816
617 618
617 817
616 617
616 818
615 616
615 819
614 615
614 820
613 614
613 821
612 613
612 822
611 612
611 823
610 611
610 824
609 610
609 825
608 609
608 826
607 608
607 827
606 607
606 828
605 606
605 829
604 605
604 830
603 604
603 831
602 603
602 832
601 602
601 833
600 601
600 834
599 600
599 835
598 599
598 836
597 598
597 837
596 597
596 838
595 596
595 839
594 595
594 840
593 594
593 841
592 593
592 842
591 592
591 843
590 591
590 844
589 590
589 845
588 589
588 846
587 588
587 847
586 587
586 848
585 586
585 849
584 585
584 850
583 584
583 851
582 583
582 852
581 582
581 853
580 581
580 854
579 580
579 855
578 579
578 856
577 578
577 857
576 577
576 858
575 576
575 859
574 575
574 860
573 574
573 861
572 573
572 862
571 572
571 863
570 571
570 864
569 570
569 865
568 569
568 866
567 568
567 867
566 567
566 868
565 566
565 869
564 565
564 870
563 564
563 871
562 563
562 872
561 562
561 873
560 561
560 874
559 560
559 875
558 559
558 876
557 558
557 877
556 557
556 878
555 556
555 879
554 555
554 880
553 554
553 881
552 553
552 882
551 552
551 883
550 551
550 884
549 550
549 885
548 549
548 886
547 548
547 887
546 547
546 888
545 546
545 889
544 545
544 890
543 544
543 891
542 543
542 892
541 542
541 893
540 541
540 894
539 540
539 895
538 539
538 896
537 538
537 897
536 537
536 898
535 536
535 899
534 535
534 900
533 534
533 901
532 533
532 902
531 532
531 903
530 531
530 904
529 530
529 905
528 529
528 906
527 528
527 907
526 527
526 908
525 526
525 909
524 525
524 910
523 524
523 911
522 523
522 912
521 522
521 913
520 521
520 914
519 520
519 915
518 519
518 916
517 518
517 917
516 517
516 918
515 516
515 919
514 515
514 920
513 514
513 921
512 513
512 922
511 512
511 923
510 511
510 924
509 510
509 925
508 509
508 926
507 508
507 927
506 507
506 928
505 506
505 929
504 505
504 930
503 504
503 931
502 503
502 932
501 502
501 933
500 501
500 934
499 500
499 935
498 499
498 936
497 498
497 937
496 497
496 938
495 496
495 939
494 495
494 940
493 494
493 941
492 493
492 942
491 492
491 943
490 491
490 944
489 490
489 945
488 489
488 946
487 488
487 947
486 487
486 948
485 486
485 949
484 485
484 950
483 484
483 951
482 483
482 952
481 482
481 953
480 481
480 954
479 480
479 955
478 479
478 956
477 478
477 957
476 477
476 958
475 476
475 959
474 475
474 960
473 474
473 961
472 473
472 962
471 472
471 963
470 471
470 964
469 470
469 965
468 469
468 966
467 468
467 967
466 467
466 968
465 466
465 969
464 465
464 970
463 464
463 971
462 463
462 972
461 462
461 973
460 461
460 974
459 460
459 975
458 459
458 976
457 458
457 977
456 457
456 978
455 456
455 979
454 455
454 980
453 454
453 981
452 453
452 982
451 452
451 983
450 451
450 984
449 450
449 985
448 449
448 986
447 448
447 987
446 447
446 988
445 446
445 989
444 445
444 990
443 444
443 991
442 443
442 992
441 442
441 993
440 441
440 994
439 440
439 995
438 439
438 996
437 438
437 997
436 437
436 998
435 436
435 999
434 435
434 1000
433 434
433 1001
432 433
432 1002
431 432
431 1003
430 431
430 1004
429 430
429 1005
428 429
428 1006
427 428
427 1007
426 427
426 1008
425 426
425 1009
424 425
424 1010
423 424
423 1011
422 423
422 1012
421 422
421 1013
420 421
420 1014
419 420
419 1015
418 419
418 1016
417 418
417 1017
416 417
416 1018
415 416
415 1019
414 415
414 1020
413 414
413 1021
412 413
412 1022
411 412
411 1023
410 411
410 1024
409 410
409 1025
408 409
408 1026
407 408
407 1027
406 407
406 1028
405 406
405 1029
404 405
404 1030
403 404
403 1031
402 403
402 1032
401 402
401 1033
400 401
400 1034
399 400
399 1035
398 399
398 1036
397 398
397 1037
396 397
396 1038
395 396
395 1039
394 395
394 1040
393 394
393 1041
392 393
392 1042
391 392
391 1043
390 391
390 1044
389 390
389 1045
388 389
388 1046
387 388
387 1047
386 387
386 1048
385 386
385 1049
384 385
384 1050
383 384
383 1051
382 383
382 1052
381 382
381 1053
380 381
380 1054
379 380
379 1055
378 379
378 1056
377 378
377 1057
376 377
376 1058
375 376
375 1059
374 375
374 1060
373 374
373 1061
372 373
372 1062
371 372
371 1063
370 371
370 1064
369 370
369 1065
368 369
368 1066
367 368
367 1067
366 367
366 1068
365 366
365 1069
364 365
364 1070
363 364
363 1071
362 363
362 1072
361 362
361 1073
360 361
360 1074
359 360
359 1075
358 359
358 1076
357 358
357 1077
356 357
356 1078
355 356
355 1079
354 355
354 1080
353 354
353 1081
352 353
352 1082
351 352
351 1083
350 351
350 1084
349 350
349 1085
348 349
348 1086
347 348
347 1087
346 347
346 1088
345 346
345 1089
344 345
344 1090
343 344
343 1091
342 343
342 1092
341 342
341 1093
340 341
340 1094
339 340
339 1095
338 339
338 1096
337 338
337 1097
336 337
336 1098
335 336
335 1099
334 335
334 1100
333 334
333 1101
332 333
332 1102
331 332
331 1103
330 331
330 1104
329 330
329 1105
328 329
328 1106
327 328
327 1107
326 327
326 1108
325 326
325 1109
324 325
324 1110
323 324
323 1111
322 323
322 1112
321 322
321 1113
320 321
320 1114
319 320
319 1115
318 319
318 1116
317 318
317 1117
316 317
316 1118
315 316
315 1119
314 315
314 1120
313 314
313 1121
312 313
312 1122
311 312
311 1123
310 311
310 1124
309 310
309 1125
308 309
308 1126
307 308
307 1127
306 307
306 1128
305 306
305 1129
304 305
304 1130
303 304
303 1131
302 303
302 1132
301 302
301 1133
300 301
300 1134
299 300
299 1135
298 299
298 1136
297 298
297 1137
296 297
296 1138
295 296
295 1139
294 295
294 1140
293 294
293 1141
292 293
292 1142
291 292
291 1143
290 291
290 1144
289 290
289 1145
288 289
288 1146
287 288
287 1147
286 287
286 1148
285 286
285 1149
284 285
284 1150
283 284
283 1151
282 283
282 1152
281 282
281 1153
280 281
280 1154
279 280
279 1155
278 279
278 1156
277 278
277 1157
276 277
276 1158
275 276
275 1159
274 275
274 1160
273 274
273 1161
272 273
272 1162
271 272
271 1163
270 271
270 1164
269 270
269 1165
268 269
268 1166
267 268
267 1167
266 267
266 1168
265 266
265 1169
264 265
264 1170
263 264
263 1171
262 263
262 1172
261 262
261 1173
260 261
260 1174
259 260
259 1175
258 259
258 1176
257 258
257 1177
256 257
256 1178
255 256
255 1179
254 255
254 1180
253 254
253 1181
252 253
252 1182
251 252
251 1183
250 251
250 1184
249 250
249 1185
248 249
248 1186
247 248
247 1187
246 247
246 1188
245 246
245 1189
244 245
244 1190
243 244
243 1191
242 243
242 1192
241 242
241 1193
240 241
240 1194
239 240
239 1195
238 239
238 1196
237 238
237 1197
236 237
236 1198
235 236
235 1199
234 235
234 1200
233 234
233 1201
232 233
232 1202
231 232
231 1203
230 231
230 1204
229 230
229 1205
228 229
228 1206
227 228
227 1207
226 227
226 1208
225 226
225 1209
224 225
224 1210
223 224
223 1211
222 223
222 1212
221 222
221 1213
220 221
220 1214
219 220
219 1215
218 219
218 1216
217 218
217 1217
216 217
216 1218
215 216
215 1219
214 215
214 1220
213 214
213 1221
212 213
212 1222
211 212
211 1223
210 211
210 1224
209 210
209 1225
208 209
208 1226
207 208
207 1227
206 207
206 1228
205 206
205 1229
204 205
204 1230
203 204
203 1231
202 203
202 1232
201 202
201 1233
200 201
200 1234
199 200
199 1235
198 199
198 1236
197 198
197 1237
196 197
196 1238
195 196
195 1239
194 195
194 1240
193 194
193 1241
192 193
192 1242
191 192
191 1243
190 191
190 1244
189 190
189 1245
188 189
188 1246
187 188
187 1247
186 187
186 1248
185 186
185 1249
184 185
184 1250
183 184
183 1251
182 183
182 1252
181 182
181 1253
180 181
180 1254
179 180
179 1255
178 179
178 1256
177 178
177 1257
176 177
176 1258
175 176
175 1259
174 175
174 1260
173 174
173 1261
172 173
172 1262
171 172
171 1263
170 171
170 1264
169 170
169 1265
168 169
168 1266
167 168
167 1267
166 167
166 1268
165 166
165 1269
164 165
164 1270
163 164
163 1271
162 163
162 1272
161 162
161 1273
160 161
160 1274
159 160
159 1275
158 159
158 1276
157 158
157 1277
156 157
156 1278
155 156
155 1279
154 155
154 1280
153 154
153 1281
152 153
152 1282
151 152
151 1283
150 151
150 1284
149 150
149 1285
148 149
148 1286
147 148
147 1287
146 147
146 1288
145 146
145 1289
144 145
144 1290
143 144
143 1291
142 143
142 1292
141 142
141 1293
140 141
140 1294
139 140
139 1295
138 139
138 1296
137 138
137 1297
136 137
136 1298
135 136
135 1299
134 135
134 1300
133 134
133 1301
132 133
132 1302
131 132
131 1303
130 131
130 1304
129 130
129 1305
128 129
128 1306
127 128
127 1307
126 127
126 1308
125 126
125 1309
124 125
124 1310
123 124
123 1311
122 123
122 1312
121 122
121 1313
120 121
120 1314
119 120
119 1315
118 119
118 1316
117 118
117 1317
116 117
116 1318
115 116
115 1319
114 115
114 1320
113 114
113 1321
112 113
112 1322
111 112
111 1323
110 111
110 1324
109 110
109 1325
108 109
108 1326
107 108
107 1327
106 107
106 1328
105 106
105 1329
104 105
104 1330
103 104
103 1331
102 103
102 1332
101 102
101 1333
100 101
100 1334
99 100
99 1335
98 99
98 1336
97 98
97 1337
96 97
96 1338
95 96
95 1339
94 95
94 1340
93 94
93 1341
92 93
92 1342
91 92
91 1343
90 91
90 1344
89 90
89 1345
88 89
88 1346
87 88
87 1347
86 87
86 1348
85 86
85 1349
84 85
84 1350
83 84
83 1351
82 83
82 1352
81 82
81 1353
80 81
80 1354
79 80
79 1355
78 79
78 1356
77 78
77 1357
76 77
76 1358
75 76
75 1359
74 75
74 1360
73 74
73 1361
72 73
72 1362
71 72
71 1363
70 71
70 1364
69 70
69 1365
68 69
68 1366
67 68
67 1367
66 67
66 1368
65 66
65 1369
64 65
64 1370
63 64
63 1371
62 63
62 1372
61 62
61 1373
60 61
60 1374
59 60
59 1375
58 59
58 1376
57 58
57 1377
56 57
56 1378
55 56
55 1379
54 55
54 1380
53 54
53 1381
52 53
52 1382
51 52
51 1383
50 51
50 1384
49 50
49 1385
48 49
48 1386
47 48
47 1387
46 47
46 1388
45 46
45 1389
44 45
44 1390
43 44
43 1391
42 43
42 1392
41 42
41 1393
40 41
40 1394
39 40
39 1395
38 39
38 1396
37 38
37 1397
36 37
36 1398
35 36
35 1399
34 35
34 1400
33 34
33 1401
32 33
32 1402
31 32
31 1403
30 31
30 1404
29 30
29 1405
28 29
28 1406
27 28
27 1407
26 27
26 1408
25 26
25 1409
24 25
24 1410
23 24
23 1411
22 23
22 1412
21 22
21 1413
20 21
20 1414
19 20
19 1415
18 19
18 1416
17 18
17 1417
16 17
16 1418
15 16
15 1419
14 15
14 1420
13 14
13 1421
12 13
12 1422
11 12
11 1423
10 11
10 1424
9 10
9 1425
8 9
8 1426
7 8
7 1427
6 7
6 1428
5 6
5 1429
4 5
4 1430
3 4
3 1431
2 3
2 1432
1 2
1 1433
