1478 13245633
370 371
370 372
370 373
370 374
369 370
369 375
369 376
369 377
368 369
368 378
368 379
368 380
367 368
367 381
367 382
367 383
366 367
366 384
366 385
366 386
365 366
365 387
365 388
365 389
364 365
364 390
364 391
364 392
363 364
363 393
363 394
363 395
362 363
362 396
362 397
362 398
361 362
361 399
361 400
361 401
360 361
360 402
360 403
360 404
359 360
359 405
359 406
359 407
358 359
358 408
358 409
358 410
357 358
357 411
357 412
357 413
356 357
356 414
356 415
356 416
355 356
355 417
355 418
355 419
354 355
354 420
354 421
354 422
353 354
353 423
353 424
353 425
352 353
352 426
352 427
352 428
351 352
351 429
351 430
351 431
350 351
350 432
350 433
350 434
349 350
349 435
349 436
349 437
348 349
348 438
348 439
348 440
347 348
347 441
347 442
347 443
346 347
346 444
346 445
346 446
345 346
345 447
345 448
345 449
344 345
344 450
344 451
344 452
343 344
343 453
343 454
343 455
342 343
342 456
342 457
342 458
341 342
341 459
341 460
341 461
340 341
340 462
340 463
340 464
339 340
339 465
339 466
339 467
338 339
338 468
338 469
338 470
337 338
337 471
337 472
337 473
336 337
336 474
336 475
336 476
335 336
335 477
335 478
335 479
334 335
334 480
334 481
334 482
333 334
333 483
333 484
333 485
332 333
332 486
332 487
332 488
331 332
331 489
331 490
331 491
330 331
330 492
330 493
330 494
329 330
329 495
329 496
329 497
328 329
328 498
328 499
328 500
327 328
327 501
327 502
327 503
326 327
326 504
326 505
326 506
325 326
325 507
325 508
325 509
324 325
324 510
324 511
324 512
323 324
323 513
323 514
323 515
322 323
322 516
322 517
322 518
321 322
321 519
321 520
321 521
320 321
320 522
320 523
320 524
319 320
319 525
319 526
319 527
318 319
318 528
318 529
318 530
317 318
317 531
317 532
317 533
316 317
316 534
316 535
316 536
315 316
315 537
315 538
315 539
314 315
314 540
314 541
314 542
313 314
313 543
313 544
313 545
312 313
312 546
312 547
312 548
311 312
311 549
311 550
311 551
310 311
310 552
310 553
310 554
309 310
309 555
309 556
309 557
308 309
308 558
308 559
308 560
307 308
307 561
307 562
307 563
306 307
306 564
306 565
306 566
305 306
305 567
305 568
305 569
304 305
304 570
304 571
304 572
303 304
303 573
303 574
303 575
302 303
302 576
302 577
302 578
301 302
301 579
301 580
301 581
300 301
300 582
300 583
300 584
299 300
299 585
299 586
299 587
298 299
298 588
298 589
298 590
297 298
297 591
297 592
297 593
296 297
296 594
296 595
296 596
295 296
295 597
295 598
295 599
294 295
294 600
294 601
294 602
293 294
293 603
293 604
293 605
292 293
292 606
292 607
292 608
291 292
291 609
291 610
291 611
290 291
290 612
290 613
290 614
289 290
289 615
289 616
289 617
288 289
288 618
288 619
288 620
287 288
287 621
287 622
287 623
286 287
286 624
286 625
286 626
285 286
285 627
285 628
285 629
284 285
284 630
284 631
284 632
283 284
283 633
283 634
283 635
282 283
282 636
282 637
282 638
281 282
281 639
281 640
281 641
280 281
280 642
280 643
280 644
279 280
279 645
279 646
279 647
278 279
278 648
278 649
278 650
277 278
277 651
277 652
277 653
276 277
276 654
276 655
276 656
275 276
275 657
275 658
275 659
274 275
274 660
274 661
274 662
273 274
273 663
273 664
273 665
272 273
272 666
272 667
272 668
271 272
271 669
271 670
271 671
270 271
270 672
270 673
270 674
269 270
269 675
269 676
269 677
268 269
268 678
268 679
268 680
267 268
267 681
267 682
267 683
266 267
266 684
266 685
266 686
265 266
265 687
265 688
265 689
264 265
264 690
264 691
264 692
263 264
263 693
263 694
263 695
262 263
262 696
262 697
262 698
261 262
261 699
261 700
261 701
260 261
260 702
260 703
260 704
259 260
259 705
259 706
259 707
258 259
258 708
258 709
258 710
257 258
257 711
257 712
257 713
256 257
256 714
256 715
256 716
255 256
255 717
255 718
255 719
254 255
254 720
254 721
254 722
253 254
253 723
253 724
253 725
252 253
252 726
252 727
252 728
251 252
251 729
251 730
251 731
250 251
250 732
250 733
250 734
249 250
249 735
249 736
249 737
248 249
248 738
248 739
248 740
247 248
247 741
247 742
247 743
246 247
246 744
246 745
246 746
245 246
245 747
245 748
245 749
244 245
244 750
244 751
244 752
243 244
243 753
243 754
243 755
242 243
242 756
242 757
242 758
241 242
241 759
241 760
241 761
240 241
240 762
240 763
240 764
239 240
239 765
239 766
239 767
238 239
238 768
238 769
238 770
237 238
237 771
237 772
237 773
236 237
236 774
236 775
236 776
235 236
235 777
235 778
235 779
234 235
234 780
234 781
234 782
233 234
233 783
233 784
233 785
232 233
232 786
232 787
232 788
231 232
231 789
231 790
231 791
230 231
230 792
230 793
230 794
229 230
229 795
229 796
229 797
228 229
228 798
228 799
228 800
227 228
227 801
227 802
227 803
226 227
226 804
226 805
226 806
225 226
225 807
225 808
225 809
224 225
224 810
224 811
224 812
223 224
223 813
223 814
223 815
222 223
222 816
222 817
222 818
221 222
221 819
221 820
221 821
220 221
220 822
220 823
220 824
219 220
219 825
219 826
219 827
218 219
218 828
218 829
218 830
217 218
217 831
217 832
217 833
216 217
216 834
216 835
216 836
215 216
215 837
215 838
215 839
214 215
214 840
214 841
214 842
213 214
213 843
213 844
213 845
212 213
212 846
212 847
212 848
211 212
211 849
211 850
211 851
210 211
210 852
210 853
210 854
209 210
209 855
209 856
209 857
208 209
208 858
208 859
208 860
207 208
207 861
207 862
207 863
206 207
206 864
206 865
206 866
205 206
205 867
205 868
205 869
204 205
204 870
204 871
204 872
203 204
203 873
203 874
203 875
202 203
202 876
202 877
202 878
201 202
201 879
201 880
201 881
200 201
200 882
200 883
200 884
199 200
199 885
199 886
199 887
198 199
198 888
198 889
198 890
197 198
197 891
197 892
197 893
196 197
196 894
196 895
196 896
195 196
195 897
195 898
195 899
194 195
194 900
194 901
194 902
193 194
193 903
193 904
193 905
192 193
192 906
192 907
192 908
191 192
191 909
191 910
191 911
190 191
190 912
190 913
190 914
189 190
189 915
189 916
189 917
188 189
188 918
188 919
188 920
187 188
187 921
187 922
187 923
186 187
186 924
186 925
186 926
185 186
185 927
185 928
185 929
184 185
184 930
184 931
184 932
183 184
183 933
183 934
183 935
182 183
182 936
182 937
182 938
181 182
181 939
181 940
181 941
180 181
180 942
180 943
180 944
179 180
179 945
179 946
179 947
178 179
178 948
178 949
178 950
177 178
177 951
177 952
177 953
176 177
176 954
176 955
176 956
175 176
175 957
175 958
175 959
174 175
174 960
174 961
174 962
173 174
173 963
173 964
173 965
172 173
172 966
172 967
172 968
171 172
171 969
171 970
171 971
170 171
170 972
170 973
170 974
169 170
169 975
169 976
169 977
168 169
168 978
168 979
168 980
167 168
167 981
167 982
167 983
166 167
166 984
166 985
166 986
165 166
165 987
165 988
165 989
164 165
164 990
164 991
164 992
163 164
163 993
163 994
163 995
162 163
162 996
162 997
162 998
161 162
161 999
161 1000
161 1001
160 161
160 1002
160 1003
160 1004
159 160
159 1005
159 1006
159 1007
158 159
158 1008
158 1009
158 1010
157 158
157 1011
157 1012
157 1013
156 157
156 1014
156 1015
156 1016
155 156
155 1017
155 1018
155 1019
154 155
154 1020
154 1021
154 1022
153 154
153 1023
153 1024
153 1025
152 153
152 1026
152 1027
152 1028
151 152
151 1029
151 1030
151 1031
150 151
150 1032
150 1033
150 1034
149 150
149 1035
149 1036
149 1037
148 149
148 1038
148 1039
148 1040
147 148
147 1041
147 1042
147 1043
146 147
146 1044
146 1045
146 1046
145 146
145 1047
145 1048
145 1049
144 145
144 1050
144 1051
144 1052
143 144
143 1053
143 1054
143 1055
142 143
142 1056
142 1057
142 1058
141 142
141 1059
141 1060
141 1061
140 141
140 1062
140 1063
140 1064
139 140
139 1065
139 1066
139 1067
138 139
138 1068
138 1069
138 1070
137 138
137 1071
137 1072
137 1073
136 137
136 1074
136 1075
136 1076
135 136
135 1077
135 1078
135 1079
134 135
134 1080
134 1081
134 1082
133 134
133 1083
133 1084
133 1085
132 133
132 1086
132 1087
132 1088
131 132
131 1089
131 1090
131 1091
130 131
130 1092
130 1093
130 1094
129 130
129 1095
129 1096
129 1097
128 129
128 1098
128 1099
128 1100
127 128
127 1101
127 1102
127 1103
126 127
126 1104
126 1105
126 1106
125 126
125 1107
125 1108
125 1109
124 125
124 1110
124 1111
124 1112
123 124
123 1113
123 1114
123 1115
122 123
122 1116
122 1117
122 1118
121 122
121 1119
121 1120
121 1121
120 121
120 1122
120 1123
120 1124
119 120
119 1125
119 1126
119 1127
118 119
118 1128
118 1129
118 1130
117 118
117 1131
117 1132
117 1133
116 117
116 1134
116 1135
116 1136
115 116
115 1137
115 1138
115 1139
114 115
114 1140
114 1141
114 1142
113 114
113 1143
113 1144
113 1145
112 113
112 1146
112 1147
112 1148
111 112
111 1149
111 1150
111 1151
110 111
110 1152
110 1153
110 1154
109 110
109 1155
109 1156
109 1157
108 109
108 1158
108 1159
108 1160
107 108
107 1161
107 1162
107 1163
106 107
106 1164
106 1165
106 1166
105 106
105 1167
105 1168
105 1169
104 105
104 1170
104 1171
104 1172
103 104
103 1173
103 1174
103 1175
102 103
102 1176
102 1177
102 1178
101 102
101 1179
101 1180
101 1181
100 101
100 1182
100 1183
100 1184
99 100
99 1185
99 1186
99 1187
98 99
98 1188
98 1189
98 1190
97 98
97 1191
97 1192
97 1193
96 97
96 1194
96 1195
96 1196
95 96
95 1197
95 1198
95 1199
94 95
94 1200
94 1201
94 1202
93 94
93 1203
93 1204
93 1205
92 93
92 1206
92 1207
92 1208
91 92
91 1209
91 1210
91 1211
90 91
90 1212
90 1213
90 1214
89 90
89 1215
89 1216
89 1217
88 89
88 1218
88 1219
88 1220
87 88
87 1221
87 1222
87 1223
86 87
86 1224
86 1225
86 1226
85 86
85 1227
85 1228
85 1229
84 85
84 1230
84 1231
84 1232
83 84
83 1233
83 1234
83 1235
82 83
82 1236
82 1237
82 1238
81 82
81 1239
81 1240
81 1241
80 81
80 1242
80 1243
80 1244
79 80
79 1245
79 1246
79 1247
78 79
78 1248
78 1249
78 1250
77 78
77 1251
77 1252
77 1253
76 77
76 1254
76 1255
76 1256
75 76
75 1257
75 1258
75 1259
74 75
74 1260
74 1261
74 1262
73 74
73 1263
73 1264
73 1265
72 73
72 1266
72 1267
72 1268
71 72
71 1269
71 1270
71 1271
70 71
70 1272
70 1273
70 1274
69 70
69 1275
69 1276
69 1277
68 69
68 1278
68 1279
68 1280
67 68
67 1281
67 1282
67 1283
66 67
66 1284
66 1285
66 1286
65 66
65 1287
65 1288
65 1289
64 65
64 1290
64 1291
64 1292
63 64
63 1293
63 1294
63 1295
62 63
62 1296
62 1297
62 1298
61 62
61 1299
61 1300
61 1301
60 61
60 1302
60 1303
60 1304
59 60
59 1305
59 1306
59 1307
58 59
58 1308
58 1309
58 1310
57 58
57 1311
57 1312
57 1313
56 57
56 1314
56 1315
56 1316
55 56
55 1317
55 1318
55 1319
54 55
54 1320
54 1321
54 1322
53 54
53 1323
53 1324
53 1325
52 53
52 1326
52 1327
52 1328
51 52
51 1329
51 1330
51 1331
50 51
50 1332
50 1333
50 1334
49 50
49 1335
49 1336
49 1337
48 49
48 1338
48 1339
48 1340
47 48
47 1341
47 1342
47 1343
46 47
46 1344
46 1345
46 1346
45 46
45 1347
45 1348
45 1349
44 45
44 1350
44 1351
44 1352
43 44
43 1353
43 1354
43 1355
42 43
42 1356
42 1357
42 1358
41 42
41 1359
41 1360
41 1361
40 41
40 1362
40 1363
40 1364
39 40
39 1365
39 1366
39 1367
38 39
38 1368
38 1369
38 1370
37 38
37 1371
37 1372
37 1373
36 37
36 1374
36 1375
36 1376
35 36
35 1377
35 1378
35 1379
34 35
34 1380
34 1381
34 1382
33 34
33 1383
33 1384
33 1385
32 33
32 1386
32 1387
32 1388
31 32
31 1389
31 1390
31 1391
30 31
30 1392
30 1393
30 1394
29 30
29 1395
29 1396
29 1397
28 29
28 1398
28 1399
28 1400
27 28
27 1401
27 1402
27 1403
26 27
26 1404
26 1405
26 1406
25 26
25 1407
25 1408
25 1409
24 25
24 1410
24 1411
24 1412
23 24
23 1413
23 1414
23 1415
22 23
22 1416
22 1417
22 1418
21 22
21 1419
21 1420
21 1421
20 21
20 1422
20 1423
20 1424
19 20
19 1425
19 1426
19 1427
18 19
18 1428
18 1429
18 1430
17 18
17 1431
17 1432
17 1433
16 17
16 1434
16 1435
16 1436
15 16
15 1437
15 1438
15 1439
14 15
14 1440
14 1441
14 1442
13 14
13 1443
13 1444
13 1445
12 13
12 1446
12 1447
12 1448
11 12
11 1449
11 1450
11 1451
10 11
10 1452
10 1453
10 1454
9 10
9 1455
9 1456
9 1457
8 9
8 1458
8 1459
8 1460
7 8
7 1461
7 1462
7 1463
6 7
6 1464
6 1465
6 1466
5 6
5 1467
5 1468
5 1469
4 5
4 1470
4 1471
4 1472
3 4
3 1473
3 1474
3 1475
2 3
2 1476
2 1477
2 1478
1 2
1 1479
