1415 20881768
472 473
472 474
472 475
471 472
471 476
471 477
470 471
470 478
470 479
469 470
469 480
469 481
468 469
468 482
468 483
467 468
467 484
467 485
466 467
466 486
466 487
465 466
465 488
465 489
464 465
464 490
464 491
463 464
463 492
463 493
462 463
462 494
462 495
461 462
461 496
461 497
460 461
460 498
460 499
459 460
459 500
459 501
458 459
458 502
458 503
457 458
457 504
457 505
456 457
456 506
456 507
455 456
455 508
455 509
454 455
454 510
454 511
453 454
453 512
453 513
452 453
452 514
452 515
451 452
451 516
451 517
450 451
450 518
450 519
449 450
449 520
449 521
448 449
448 522
448 523
447 448
447 524
447 525
446 447
446 526
446 527
445 446
445 528
445 529
444 445
444 530
444 531
443 444
443 532
443 533
442 443
442 534
442 535
441 442
441 536
441 537
440 441
440 538
440 539
439 440
439 540
439 541
438 439
438 542
438 543
437 438
437 544
437 545
436 437
436 546
436 547
435 436
435 548
435 549
434 435
434 550
434 551
433 434
433 552
433 553
432 433
432 554
432 555
431 432
431 556
431 557
430 431
430 558
430 559
429 430
429 560
429 561
428 429
428 562
428 563
427 428
427 564
427 565
426 427
426 566
426 567
425 426
425 568
425 569
424 425
424 570
424 571
423 424
423 572
423 573
422 423
422 574
422 575
421 422
421 576
421 577
420 421
420 578
420 579
419 420
419 580
419 581
418 419
418 582
418 583
417 418
417 584
417 585
416 417
416 586
416 587
415 416
415 588
415 589
414 415
414 590
414 591
413 414
413 592
413 593
412 413
412 594
412 595
411 412
411 596
411 597
410 411
410 598
410 599
409 410
409 600
409 601
408 409
408 602
408 603
407 408
407 604
407 605
406 407
406 606
406 607
405 406
405 608
405 609
404 405
404 610
404 611
403 404
403 612
403 613
402 403
402 614
402 615
401 402
401 616
401 617
400 401
400 618
400 619
399 400
399 620
399 621
398 399
398 622
398 623
397 398
397 624
397 625
396 397
396 626
396 627
395 396
395 628
395 629
394 395
394 630
394 631
393 394
393 632
393 633
392 393
392 634
392 635
391 392
391 636
391 637
390 391
390 638
390 639
389 390
389 640
389 641
388 389
388 642
388 643
387 388
387 644
387 645
386 387
386 646
386 647
385 386
385 648
385 649
384 385
384 650
384 651
383 384
383 652
383 653
382 383
382 654
382 655
381 382
381 656
381 657
380 381
380 658
380 659
379 380
379 660
379 661
378 379
378 662
378 663
377 378
377 664
377 665
376 377
376 666
376 667
375 376
375 668
375 669
374 375
374 670
374 671
373 374
373 672
373 673
372 373
372 674
372 675
371 372
371 676
371 677
370 371
370 678
370 679
369 370
369 680
369 681
368 369
368 682
368 683
367 368
367 684
367 685
366 367
366 686
366 687
365 366
365 688
365 689
364 365
364 690
364 691
363 364
363 692
363 693
362 363
362 694
362 695
361 362
361 696
361 697
360 361
360 698
360 699
359 360
359 700
359 701
358 359
358 702
358 703
357 358
357 704
357 705
356 357
356 706
356 707
355 356
355 708
355 709
354 355
354 710
354 711
353 354
353 712
353 713
352 353
352 714
352 715
351 352
351 716
351 717
350 351
350 718
350 719
349 350
349 720
349 721
348 349
348 722
348 723
347 348
347 724
347 725
346 347
346 726
346 727
345 346
345 728
345 729
344 345
344 730
344 731
343 344
343 732
343 733
342 343
342 734
342 735
341 342
341 736
341 737
340 341
340 738
340 739
339 340
339 740
339 741
338 339
338 742
338 743
337 338
337 744
337 745
336 337
336 746
336 747
335 336
335 748
335 749
334 335
334 750
334 751
333 334
333 752
333 753
332 333
332 754
332 755
331 332
331 756
331 757
330 331
330 758
330 759
329 330
329 760
329 761
328 329
328 762
328 763
327 328
327 764
327 765
326 327
326 766
326 767
325 326
325 768
325 769
324 325
324 770
324 771
323 324
323 772
323 773
322 323
322 774
322 775
321 322
321 776
321 777
320 321
320 778
320 779
319 320
319 780
319 781
318 319
318 782
318 783
317 318
317 784
317 785
316 317
316 786
316 787
315 316
315 788
315 789
314 315
314 790
314 791
313 314
313 792
313 793
312 313
312 794
312 795
311 312
311 796
311 797
310 311
310 798
310 799
309 310
309 800
309 801
308 309
308 802
308 803
307 308
307 804
307 805
306 307
306 806
306 807
305 306
305 808
305 809
304 305
304 810
304 811
303 304
303 812
303 813
302 303
302 814
302 815
301 302
301 816
301 817
300 301
300 818
300 819
299 300
299 820
299 821
298 299
298 822
298 823
297 298
297 824
297 825
296 297
296 826
296 827
295 296
295 828
295 829
294 295
294 830
294 831
293 294
293 832
293 833
292 293
292 834
292 835
291 292
291 836
291 837
290 291
290 838
290 839
289 290
289 840
289 841
288 289
288 842
288 843
287 288
287 844
287 845
286 287
286 846
286 847
285 286
285 848
285 849
284 285
284 850
284 851
283 284
283 852
283 853
282 283
282 854
282 855
281 282
281 856
281 857
280 281
280 858
280 859
279 280
279 860
279 861
278 279
278 862
278 863
277 278
277 864
277 865
276 277
276 866
276 867
275 276
275 868
275 869
274 275
274 870
274 871
273 274
273 872
273 873
272 273
272 874
272 875
271 272
271 876
271 877
270 271
270 878
270 879
269 270
269 880
269 881
268 269
268 882
268 883
267 268
267 884
267 885
266 267
266 886
266 887
265 266
265 888
265 889
264 265
264 890
264 891
263 264
263 892
263 893
262 263
262 894
262 895
261 262
261 896
261 897
260 261
260 898
260 899
259 260
259 900
259 901
258 259
258 902
258 903
257 258
257 904
257 905
256 257
256 906
256 907
255 256
255 908
255 909
254 255
254 910
254 911
253 254
253 912
253 913
252 253
252 914
252 915
251 252
251 916
251 917
250 251
250 918
250 919
249 250
249 920
249 921
248 249
248 922
248 923
247 248
247 924
247 925
246 247
246 926
246 927
245 246
245 928
245 929
244 245
244 930
244 931
243 244
243 932
243 933
242 243
242 934
242 935
241 242
241 936
241 937
240 241
240 938
240 939
239 240
239 940
239 941
238 239
238 942
238 943
237 238
237 944
237 945
236 237
236 946
236 947
235 236
235 948
235 949
234 235
234 950
234 951
233 234
233 952
233 953
232 233
232 954
232 955
231 232
231 956
231 957
230 231
230 958
230 959
229 230
229 960
229 961
228 229
228 962
228 963
227 228
227 964
227 965
226 227
226 966
226 967
225 226
225 968
225 969
224 225
224 970
224 971
223 224
223 972
223 973
222 223
222 974
222 975
221 222
221 976
221 977
220 221
220 978
220 979
219 220
219 980
219 981
218 219
218 982
218 983
217 218
217 984
217 985
216 217
216 986
216 987
215 216
215 988
215 989
214 215
214 990
214 991
213 214
213 992
213 993
212 213
212 994
212 995
211 212
211 996
211 997
210 211
210 998
210 999
209 210
209 1000
209 1001
208 209
208 1002
208 1003
207 208
207 1004
207 1005
206 207
206 1006
206 1007
205 206
205 1008
205 1009
204 205
204 1010
204 1011
203 204
203 1012
203 1013
202 203
202 1014
202 1015
201 202
201 1016
201 1017
200 201
200 1018
200 1019
199 200
199 1020
199 1021
198 199
198 1022
198 1023
197 198
197 1024
197 1025
196 197
196 1026
196 1027
195 196
195 1028
195 1029
194 195
194 1030
194 1031
193 194
193 1032
193 1033
192 193
192 1034
192 1035
191 192
191 1036
191 1037
190 191
190 1038
190 1039
189 190
189 1040
189 1041
188 189
188 1042
188 1043
187 188
187 1044
187 1045
186 187
186 1046
186 1047
185 186
185 1048
185 1049
184 185
184 1050
184 1051
183 184
183 1052
183 1053
182 183
182 1054
182 1055
181 182
181 1056
181 1057
180 181
180 1058
180 1059
179 180
179 1060
179 1061
178 179
178 1062
178 1063
177 178
177 1064
177 1065
176 177
176 1066
176 1067
175 176
175 1068
175 1069
174 175
174 1070
174 1071
173 174
173 1072
173 1073
172 173
172 1074
172 1075
171 172
171 1076
171 1077
170 171
170 1078
170 1079
169 170
169 1080
169 1081
168 169
168 1082
168 1083
167 168
167 1084
167 1085
166 167
166 1086
166 1087
165 166
165 1088
165 1089
164 165
164 1090
164 1091
163 164
163 1092
163 1093
162 163
162 1094
162 1095
161 162
161 1096
161 1097
160 161
160 1098
160 1099
159 160
159 1100
159 1101
158 159
158 1102
158 1103
157 158
157 1104
157 1105
156 157
156 1106
156 1107
155 156
155 1108
155 1109
154 155
154 1110
154 1111
153 154
153 1112
153 1113
152 153
152 1114
152 1115
151 152
151 1116
151 1117
150 151
150 1118
150 1119
149 150
149 1120
149 1121
148 149
148 1122
148 1123
147 148
147 1124
147 1125
146 147
146 1126
146 1127
145 146
145 1128
145 1129
144 145
144 1130
144 1131
143 144
143 1132
143 1133
142 143
142 1134
142 1135
141 142
141 1136
141 1137
140 141
140 1138
140 1139
139 140
139 1140
139 1141
138 139
138 1142
138 1143
137 138
137 1144
137 1145
136 137
136 1146
136 1147
135 136
135 1148
135 1149
134 135
134 1150
134 1151
133 134
133 1152
133 1153
132 133
132 1154
132 1155
131 132
131 1156
131 1157
130 131
130 1158
130 1159
129 130
129 1160
129 1161
128 129
128 1162
128 1163
127 128
127 1164
127 1165
126 127
126 1166
126 1167
125 126
125 1168
125 1169
124 125
124 1170
124 1171
123 124
123 1172
123 1173
122 123
122 1174
122 1175
121 122
121 1176
121 1177
120 121
120 1178
120 1179
119 120
119 1180
119 1181
118 119
118 1182
118 1183
117 118
117 1184
117 1185
116 117
116 1186
116 1187
115 116
115 1188
115 1189
114 115
114 1190
114 1191
113 114
113 1192
113 1193
112 113
112 1194
112 1195
111 112
111 1196
111 1197
110 111
110 1198
110 1199
109 110
109 1200
109 1201
108 109
108 1202
108 1203
107 108
107 1204
107 1205
106 107
106 1206
106 1207
105 106
105 1208
105 1209
104 105
104 1210
104 1211
103 104
103 1212
103 1213
102 103
102 1214
102 1215
101 102
101 1216
101 1217
100 101
100 1218
100 1219
99 100
99 1220
99 1221
98 99
98 1222
98 1223
97 98
97 1224
97 1225
96 97
96 1226
96 1227
95 96
95 1228
95 1229
94 95
94 1230
94 1231
93 94
93 1232
93 1233
92 93
92 1234
92 1235
91 92
91 1236
91 1237
90 91
90 1238
90 1239
89 90
89 1240
89 1241
88 89
88 1242
88 1243
87 88
87 1244
87 1245
86 87
86 1246
86 1247
85 86
85 1248
85 1249
84 85
84 1250
84 1251
83 84
83 1252
83 1253
82 83
82 1254
82 1255
81 82
81 1256
81 1257
80 81
80 1258
80 1259
79 80
79 1260
79 1261
78 79
78 1262
78 1263
77 78
77 1264
77 1265
76 77
76 1266
76 1267
75 76
75 1268
75 1269
74 75
74 1270
74 1271
73 74
73 1272
73 1273
72 73
72 1274
72 1275
71 72
71 1276
71 1277
70 71
70 1278
70 1279
69 70
69 1280
69 1281
68 69
68 1282
68 1283
67 68
67 1284
67 1285
66 67
66 1286
66 1287
65 66
65 1288
65 1289
64 65
64 1290
64 1291
63 64
63 1292
63 1293
62 63
62 1294
62 1295
61 62
61 1296
61 1297
60 61
60 1298
60 1299
59 60
59 1300
59 1301
58 59
58 1302
58 1303
57 58
57 1304
57 1305
56 57
56 1306
56 1307
55 56
55 1308
55 1309
54 55
54 1310
54 1311
53 54
53 1312
53 1313
52 53
52 1314
52 1315
51 52
51 1316
51 1317
50 51
50 1318
50 1319
49 50
49 1320
49 1321
48 49
48 1322
48 1323
47 48
47 1324
47 1325
46 47
46 1326
46 1327
45 46
45 1328
45 1329
44 45
44 1330
44 1331
43 44
43 1332
43 1333
42 43
42 1334
42 1335
41 42
41 1336
41 1337
40 41
40 1338
40 1339
39 40
39 1340
39 1341
38 39
38 1342
38 1343
37 38
37 1344
37 1345
36 37
36 1346
36 1347
35 36
35 1348
35 1349
34 35
34 1350
34 1351
33 34
33 1352
33 1353
32 33
32 1354
32 1355
31 32
31 1356
31 1357
30 31
30 1358
30 1359
29 30
29 1360
29 1361
28 29
28 1362
28 1363
27 28
27 1364
27 1365
26 27
26 1366
26 1367
25 26
25 1368
25 1369
24 25
24 1370
24 1371
23 24
23 1372
23 1373
22 23
22 1374
22 1375
21 22
21 1376
21 1377
20 21
20 1378
20 1379
19 20
19 1380
19 1381
18 19
18 1382
18 1383
17 18
17 1384
17 1385
16 17
16 1386
16 1387
15 16
15 1388
15 1389
14 15
14 1390
14 1391
13 14
13 1392
13 1393
12 13
12 1394
12 1395
11 12
11 1396
11 1397
10 11
10 1398
10 1399
9 10
9 1400
9 1401
8 9
8 1402
8 1403
7 8
7 1404
7 1405
6 7
6 1406
6 1407
5 6
5 1408
5 1409
4 5
4 1410
4 1411
3 4
3 1412
3 1413
2 3
2 1414
2 1415
1 2
1 1416
