1365 2381528
39 40
39 41
39 42
39 43
39 44
39 45
39 46
39 47
39 48
39 49
39 50
39 51
39 52
39 53
39 54
39 55
39 56
39 57
39 58
39 59
39 60
39 61
39 62
39 63
39 64
39 65
39 66
39 67
39 68
39 69
39 70
39 71
39 72
39 73
39 74
38 39
38 75
38 76
38 77
38 78
38 79
38 80
38 81
38 82
38 83
38 84
38 85
38 86
38 87
38 88
38 89
38 90
38 91
38 92
38 93
38 94
38 95
38 96
38 97
38 98
38 99
38 100
38 101
38 102
38 103
38 104
38 105
38 106
38 107
38 108
37 38
37 109
37 110
37 111
37 112
37 113
37 114
37 115
37 116
37 117
37 118
37 119
37 120
37 121
37 122
37 123
37 124
37 125
37 126
37 127
37 128
37 129
37 130
37 131
37 132
37 133
37 134
37 135
37 136
37 137
37 138
37 139
37 140
37 141
37 142
36 37
36 143
36 144
36 145
36 146
36 147
36 148
36 149
36 150
36 151
36 152
36 153
36 154
36 155
36 156
36 157
36 158
36 159
36 160
36 161
36 162
36 163
36 164
36 165
36 166
36 167
36 168
36 169
36 170
36 171
36 172
36 173
36 174
36 175
36 176
35 36
35 177
35 178
35 179
35 180
35 181
35 182
35 183
35 184
35 185
35 186
35 187
35 188
35 189
35 190
35 191
35 192
35 193
35 194
35 195
35 196
35 197
35 198
35 199
35 200
35 201
35 202
35 203
35 204
35 205
35 206
35 207
35 208
35 209
35 210
34 35
34 211
34 212
34 213
34 214
34 215
34 216
34 217
34 218
34 219
34 220
34 221
34 222
34 223
34 224
34 225
34 226
34 227
34 228
34 229
34 230
34 231
34 232
34 233
34 234
34 235
34 236
34 237
34 238
34 239
34 240
34 241
34 242
34 243
34 244
33 34
33 245
33 246
33 247
33 248
33 249
33 250
33 251
33 252
33 253
33 254
33 255
33 256
33 257
33 258
33 259
33 260
33 261
33 262
33 263
33 264
33 265
33 266
33 267
33 268
33 269
33 270
33 271
33 272
33 273
33 274
33 275
33 276
33 277
33 278
32 33
32 279
32 280
32 281
32 282
32 283
32 284
32 285
32 286
32 287
32 288
32 289
32 290
32 291
32 292
32 293
32 294
32 295
32 296
32 297
32 298
32 299
32 300
32 301
32 302
32 303
32 304
32 305
32 306
32 307
32 308
32 309
32 310
32 311
32 312
31 32
31 313
31 314
31 315
31 316
31 317
31 318
31 319
31 320
31 321
31 322
31 323
31 324
31 325
31 326
31 327
31 328
31 329
31 330
31 331
31 332
31 333
31 334
31 335
31 336
31 337
31 338
31 339
31 340
31 341
31 342
31 343
31 344
31 345
31 346
30 31
30 347
30 348
30 349
30 350
30 351
30 352
30 353
30 354
30 355
30 356
30 357
30 358
30 359
30 360
30 361
30 362
30 363
30 364
30 365
30 366
30 367
30 368
30 369
30 370
30 371
30 372
30 373
30 374
30 375
30 376
30 377
30 378
30 379
30 380
29 30
29 381
29 382
29 383
29 384
29 385
29 386
29 387
29 388
29 389
29 390
29 391
29 392
29 393
29 394
29 395
29 396
29 397
29 398
29 399
29 400
29 401
29 402
29 403
29 404
29 405
29 406
29 407
29 408
29 409
29 410
29 411
29 412
29 413
29 414
28 29
28 415
28 416
28 417
28 418
28 419
28 420
28 421
28 422
28 423
28 424
28 425
28 426
28 427
28 428
28 429
28 430
28 431
28 432
28 433
28 434
28 435
28 436
28 437
28 438
28 439
28 440
28 441
28 442
28 443
28 444
28 445
28 446
28 447
28 448
27 28
27 449
27 450
27 451
27 452
27 453
27 454
27 455
27 456
27 457
27 458
27 459
27 460
27 461
27 462
27 463
27 464
27 465
27 466
27 467
27 468
27 469
27 470
27 471
27 472
27 473
27 474
27 475
27 476
27 477
27 478
27 479
27 480
27 481
27 482
26 27
26 483
26 484
26 485
26 486
26 487
26 488
26 489
26 490
26 491
26 492
26 493
26 494
26 495
26 496
26 497
26 498
26 499
26 500
26 501
26 502
26 503
26 504
26 505
26 506
26 507
26 508
26 509
26 510
26 511
26 512
26 513
26 514
26 515
26 516
25 26
25 517
25 518
25 519
25 520
25 521
25 522
25 523
25 524
25 525
25 526
25 527
25 528
25 529
25 530
25 531
25 532
25 533
25 534
25 535
25 536
25 537
25 538
25 539
25 540
25 541
25 542
25 543
25 544
25 545
25 546
25 547
25 548
25 549
25 550
24 25
24 551
24 552
24 553
24 554
24 555
24 556
24 557
24 558
24 559
24 560
24 561
24 562
24 563
24 564
24 565
24 566
24 567
24 568
24 569
24 570
24 571
24 572
24 573
24 574
24 575
24 576
24 577
24 578
24 579
24 580
24 581
24 582
24 583
24 584
23 24
23 585
23 586
23 587
23 588
23 589
23 590
23 591
23 592
23 593
23 594
23 595
23 596
23 597
23 598
23 599
23 600
23 601
23 602
23 603
23 604
23 605
23 606
23 607
23 608
23 609
23 610
23 611
23 612
23 613
23 614
23 615
23 616
23 617
23 618
22 23
22 619
22 620
22 621
22 622
22 623
22 624
22 625
22 626
22 627
22 628
22 629
22 630
22 631
22 632
22 633
22 634
22 635
22 636
22 637
22 638
22 639
22 640
22 641
22 642
22 643
22 644
22 645
22 646
22 647
22 648
22 649
22 650
22 651
22 652
21 22
21 653
21 654
21 655
21 656
21 657
21 658
21 659
21 660
21 661
21 662
21 663
21 664
21 665
21 666
21 667
21 668
21 669
21 670
21 671
21 672
21 673
21 674
21 675
21 676
21 677
21 678
21 679
21 680
21 681
21 682
21 683
21 684
21 685
21 686
20 21
20 687
20 688
20 689
20 690
20 691
20 692
20 693
20 694
20 695
20 696
20 697
20 698
20 699
20 700
20 701
20 702
20 703
20 704
20 705
20 706
20 707
20 708
20 709
20 710
20 711
20 712
20 713
20 714
20 715
20 716
20 717
20 718
20 719
20 720
19 20
19 721
19 722
19 723
19 724
19 725
19 726
19 727
19 728
19 729
19 730
19 731
19 732
19 733
19 734
19 735
19 736
19 737
19 738
19 739
19 740
19 741
19 742
19 743
19 744
19 745
19 746
19 747
19 748
19 749
19 750
19 751
19 752
19 753
19 754
18 19
18 755
18 756
18 757
18 758
18 759
18 760
18 761
18 762
18 763
18 764
18 765
18 766
18 767
18 768
18 769
18 770
18 771
18 772
18 773
18 774
18 775
18 776
18 777
18 778
18 779
18 780
18 781
18 782
18 783
18 784
18 785
18 786
18 787
18 788
17 18
17 789
17 790
17 791
17 792
17 793
17 794
17 795
17 796
17 797
17 798
17 799
17 800
17 801
17 802
17 803
17 804
17 805
17 806
17 807
17 808
17 809
17 810
17 811
17 812
17 813
17 814
17 815
17 816
17 817
17 818
17 819
17 820
17 821
17 822
16 17
16 823
16 824
16 825
16 826
16 827
16 828
16 829
16 830
16 831
16 832
16 833
16 834
16 835
16 836
16 837
16 838
16 839
16 840
16 841
16 842
16 843
16 844
16 845
16 846
16 847
16 848
16 849
16 850
16 851
16 852
16 853
16 854
16 855
16 856
15 16
15 857
15 858
15 859
15 860
15 861
15 862
15 863
15 864
15 865
15 866
15 867
15 868
15 869
15 870
15 871
15 872
15 873
15 874
15 875
15 876
15 877
15 878
15 879
15 880
15 881
15 882
15 883
15 884
15 885
15 886
15 887
15 888
15 889
15 890
14 15
14 891
14 892
14 893
14 894
14 895
14 896
14 897
14 898
14 899
14 900
14 901
14 902
14 903
14 904
14 905
14 906
14 907
14 908
14 909
14 910
14 911
14 912
14 913
14 914
14 915
14 916
14 917
14 918
14 919
14 920
14 921
14 922
14 923
14 924
13 14
13 925
13 926
13 927
13 928
13 929
13 930
13 931
13 932
13 933
13 934
13 935
13 936
13 937
13 938
13 939
13 940
13 941
13 942
13 943
13 944
13 945
13 946
13 947
13 948
13 949
13 950
13 951
13 952
13 953
13 954
13 955
13 956
13 957
13 958
12 13
12 959
12 960
12 961
12 962
12 963
12 964
12 965
12 966
12 967
12 968
12 969
12 970
12 971
12 972
12 973
12 974
12 975
12 976
12 977
12 978
12 979
12 980
12 981
12 982
12 983
12 984
12 985
12 986
12 987
12 988
12 989
12 990
12 991
12 992
11 12
11 993
11 994
11 995
11 996
11 997
11 998
11 999
11 1000
11 1001
11 1002
11 1003
11 1004
11 1005
11 1006
11 1007
11 1008
11 1009
11 1010
11 1011
11 1012
11 1013
11 1014
11 1015
11 1016
11 1017
11 1018
11 1019
11 1020
11 1021
11 1022
11 1023
11 1024
11 1025
11 1026
10 11
10 1027
10 1028
10 1029
10 1030
10 1031
10 1032
10 1033
10 1034
10 1035
10 1036
10 1037
10 1038
10 1039
10 1040
10 1041
10 1042
10 1043
10 1044
10 1045
10 1046
10 1047
10 1048
10 1049
10 1050
10 1051
10 1052
10 1053
10 1054
10 1055
10 1056
10 1057
10 1058
10 1059
10 1060
9 10
9 1061
9 1062
9 1063
9 1064
9 1065
9 1066
9 1067
9 1068
9 1069
9 1070
9 1071
9 1072
9 1073
9 1074
9 1075
9 1076
9 1077
9 1078
9 1079
9 1080
9 1081
9 1082
9 1083
9 1084
9 1085
9 1086
9 1087
9 1088
9 1089
9 1090
9 1091
9 1092
9 1093
9 1094
8 9
8 1095
8 1096
8 1097
8 1098
8 1099
8 1100
8 1101
8 1102
8 1103
8 1104
8 1105
8 1106
8 1107
8 1108
8 1109
8 1110
8 1111
8 1112
8 1113
8 1114
8 1115
8 1116
8 1117
8 1118
8 1119
8 1120
8 1121
8 1122
8 1123
8 1124
8 1125
8 1126
8 1127
8 1128
7 8
7 1129
7 1130
7 1131
7 1132
7 1133
7 1134
7 1135
7 1136
7 1137
7 1138
7 1139
7 1140
7 1141
7 1142
7 1143
7 1144
7 1145
7 1146
7 1147
7 1148
7 1149
7 1150
7 1151
7 1152
7 1153
7 1154
7 1155
7 1156
7 1157
7 1158
7 1159
7 1160
7 1161
7 1162
6 7
6 1163
6 1164
6 1165
6 1166
6 1167
6 1168
6 1169
6 1170
6 1171
6 1172
6 1173
6 1174
6 1175
6 1176
6 1177
6 1178
6 1179
6 1180
6 1181
6 1182
6 1183
6 1184
6 1185
6 1186
6 1187
6 1188
6 1189
6 1190
6 1191
6 1192
6 1193
6 1194
6 1195
6 1196
5 6
5 1197
5 1198
5 1199
5 1200
5 1201
5 1202
5 1203
5 1204
5 1205
5 1206
5 1207
5 1208
5 1209
5 1210
5 1211
5 1212
5 1213
5 1214
5 1215
5 1216
5 1217
5 1218
5 1219
5 1220
5 1221
5 1222
5 1223
5 1224
5 1225
5 1226
5 1227
5 1228
5 1229
5 1230
4 5
4 1231
4 1232
4 1233
4 1234
4 1235
4 1236
4 1237
4 1238
4 1239
4 1240
4 1241
4 1242
4 1243
4 1244
4 1245
4 1246
4 1247
4 1248
4 1249
4 1250
4 1251
4 1252
4 1253
4 1254
4 1255
4 1256
4 1257
4 1258
4 1259
4 1260
4 1261
4 1262
4 1263
4 1264
3 4
3 1265
3 1266
3 1267
3 1268
3 1269
3 1270
3 1271
3 1272
3 1273
3 1274
3 1275
3 1276
3 1277
3 1278
3 1279
3 1280
3 1281
3 1282
3 1283
3 1284
3 1285
3 1286
3 1287
3 1288
3 1289
3 1290
3 1291
3 1292
3 1293
3 1294
3 1295
3 1296
3 1297
3 1298
2 3
2 1299
2 1300
2 1301
2 1302
2 1303
2 1304
2 1305
2 1306
2 1307
2 1308
2 1309
2 1310
2 1311
2 1312
2 1313
2 1314
2 1315
2 1316
2 1317
2 1318
2 1319
2 1320
2 1321
2 1322
2 1323
2 1324
2 1325
2 1326
2 1327
2 1328
2 1329
2 1330
2 1331
2 1332
1 2
1 1333
1 1334
1 1335
1 1336
1 1337
1 1338
1 1339
1 1340
1 1341
1 1342
1 1343
1 1344
1 1345
1 1346
1 1347
1 1348
1 1349
1 1350
1 1351
1 1352
1 1353
1 1354
1 1355
1 1356
1 1357
1 1358
1 1359
1 1360
1 1361
1 1362
1 1363
1 1364
1 1365
1 1366
