1557 27375776
778 779
778 780
777 778
777 781
776 777
776 782
775 776
775 783
774 775
774 784
773 774
773 785
772 773
772 786
771 772
771 787
770 771
770 788
769 770
769 789
768 769
768 790
767 768
767 791
766 767
766 792
765 766
765 793
764 765
764 794
763 764
763 795
762 763
762 796
761 762
761 797
760 761
760 798
759 760
759 799
758 759
758 800
757 758
757 801
756 757
756 802
755 756
755 803
754 755
754 804
753 754
753 805
752 753
752 806
751 752
751 807
750 751
750 808
749 750
749 809
748 749
748 810
747 748
747 811
746 747
746 812
745 746
745 813
744 745
744 814
743 744
743 815
742 743
742 816
741 742
741 817
740 741
740 818
739 740
739 819
738 739
738 820
737 738
737 821
736 737
736 822
735 736
735 823
734 735
734 824
733 734
733 825
732 733
732 826
731 732
731 827
730 731
730 828
729 730
729 829
728 729
728 830
727 728
727 831
726 727
726 832
725 726
725 833
724 725
724 834
723 724
723 835
722 723
722 836
721 722
721 837
720 721
720 838
719 720
719 839
718 719
718 840
717 718
717 841
716 717
716 842
715 716
715 843
714 715
714 844
713 714
713 845
712 713
712 846
711 712
711 847
710 711
710 848
709 710
709 849
708 709
708 850
707 708
707 851
706 707
706 852
705 706
705 853
704 705
704 854
703 704
703 855
702 703
702 856
701 702
701 857
700 701
700 858
699 700
699 859
698 699
698 860
697 698
697 861
696 697
696 862
695 696
695 863
694 695
694 864
693 694
693 865
692 693
692 866
691 692
691 867
690 691
690 868
689 690
689 869
688 689
688 870
687 688
687 871
686 687
686 872
685 686
685 873
684 685
684 874
683 684
683 875
682 683
682 876
681 682
681 877
680 681
680 878
679 680
679 879
678 679
678 880
677 678
677 881
676 677
676 882
675 676
675 883
674 675
674 884
673 674
673 885
672 673
672 886
671 672
671 887
670 671
670 888
669 670
669 889
668 669
668 890
667 668
667 891
666 667
666 892
665 666
665 893
664 665
664 894
663 664
663 895
662 663
662 896
661 662
661 897
660 661
660 898
659 660
659 899
658 659
658 900
657 658
657 901
656 657
656 902
655 656
655 903
654 655
654 904
653 654
653 905
652 653
652 906
651 652
651 907
650 651
650 908
649 650
649 909
648 649
648 910
647 648
647 911
646 647
646 912
645 646
645 913
644 645
644 914
643 644
643 915
642 643
642 916
641 642
641 917
640 641
640 918
639 640
639 919
638 639
638 920
637 638
637 921
636 637
636 922
635 636
635 923
634 635
634 924
633 634
633 925
632 633
632 926
631 632
631 927
630 631
630 928
629 630
629 929
628 629
628 930
627 628
627 931
626 627
626 932
625 626
625 933
624 625
624 934
623 624
623 935
622 623
622 936
621 622
621 937
620 621
620 938
619 620
619 939
618 619
618 940
617 618
617 941
616 617
616 942
615 616
615 943
614 615
614 944
613 614
613 945
612 613
612 946
611 612
611 947
610 611
610 948
609 610
609 949
608 609
608 950
607 608
607 951
606 607
606 952
605 606
605 953
604 605
604 954
603 604
603 955
602 603
602 956
601 602
601 957
600 601
600 958
599 600
599 959
598 599
598 960
597 598
597 961
596 597
596 962
595 596
595 963
594 595
594 964
593 594
593 965
592 593
592 966
591 592
591 967
590 591
590 968
589 590
589 969
588 589
588 970
587 588
587 971
586 587
586 972
585 586
585 973
584 585
584 974
583 584
583 975
582 583
582 976
581 582
581 977
580 581
580 978
579 580
579 979
578 579
578 980
577 578
577 981
576 577
576 982
575 576
575 983
574 575
574 984
573 574
573 985
572 573
572 986
571 572
571 987
570 571
570 988
569 570
569 989
568 569
568 990
567 568
567 991
566 567
566 992
565 566
565 993
564 565
564 994
563 564
563 995
562 563
562 996
561 562
561 997
560 561
560 998
559 560
559 999
558 559
558 1000
557 558
557 1001
556 557
556 1002
555 556
555 1003
554 555
554 1004
553 554
553 1005
552 553
552 1006
551 552
551 1007
550 551
550 1008
549 550
549 1009
548 549
548 1010
547 548
547 1011
546 547
546 1012
545 546
545 1013
544 545
544 1014
543 544
543 1015
542 543
542 1016
541 542
541 1017
540 541
540 1018
539 540
539 1019
538 539
538 1020
537 538
537 1021
536 537
536 1022
535 536
535 1023
534 535
534 1024
533 534
533 1025
532 533
532 1026
531 532
531 1027
530 531
530 1028
529 530
529 1029
528 529
528 1030
527 528
527 1031
526 527
526 1032
525 526
525 1033
524 525
524 1034
523 524
523 1035
522 523
522 1036
521 522
521 1037
520 521
520 1038
519 520
519 1039
518 519
518 1040
517 518
517 1041
516 517
516 1042
515 516
515 1043
514 515
514 1044
513 514
513 1045
512 513
512 1046
511 512
511 1047
510 511
510 1048
509 510
509 1049
508 509
508 1050
507 508
507 1051
506 507
506 1052
505 506
505 1053
504 505
504 1054
503 504
503 1055
502 503
502 1056
501 502
501 1057
500 501
500 1058
499 500
499 1059
498 499
498 1060
497 498
497 1061
496 497
496 1062
495 496
495 1063
494 495
494 1064
493 494
493 1065
492 493
492 1066
491 492
491 1067
490 491
490 1068
489 490
489 1069
488 489
488 1070
487 488
487 1071
486 487
486 1072
485 486
485 1073
484 485
484 1074
483 484
483 1075
482 483
482 1076
481 482
481 1077
480 481
480 1078
479 480
479 1079
478 479
478 1080
477 478
477 1081
476 477
476 1082
475 476
475 1083
474 475
474 1084
473 474
473 1085
472 473
472 1086
471 472
471 1087
470 471
470 1088
469 470
469 1089
468 469
468 1090
467 468
467 1091
466 467
466 1092
465 466
465 1093
464 465
464 1094
463 464
463 1095
462 463
462 1096
461 462
461 1097
460 461
460 1098
459 460
459 1099
458 459
458 1100
457 458
457 1101
456 457
456 1102
455 456
455 1103
454 455
454 1104
453 454
453 1105
452 453
452 1106
451 452
451 1107
450 451
450 1108
449 450
449 1109
448 449
448 1110
447 448
447 1111
446 447
446 1112
445 446
445 1113
444 445
444 1114
443 444
443 1115
442 443
442 1116
441 442
441 1117
440 441
440 1118
439 440
439 1119
438 439
438 1120
437 438
437 1121
436 437
436 1122
435 436
435 1123
434 435
434 1124
433 434
433 1125
432 433
432 1126
431 432
431 1127
430 431
430 1128
429 430
429 1129
428 429
428 1130
427 428
427 1131
426 427
426 1132
425 426
425 1133
424 425
424 1134
423 424
423 1135
422 423
422 1136
421 422
421 1137
420 421
420 1138
419 420
419 1139
418 419
418 1140
417 418
417 1141
416 417
416 1142
415 416
415 1143
414 415
414 1144
413 414
413 1145
412 413
412 1146
411 412
411 1147
410 411
410 1148
409 410
409 1149
408 409
408 1150
407 408
407 1151
406 407
406 1152
405 406
405 1153
404 405
404 1154
403 404
403 1155
402 403
402 1156
401 402
401 1157
400 401
400 1158
399 400
399 1159
398 399
398 1160
397 398
397 1161
396 397
396 1162
395 396
395 1163
394 395
394 1164
393 394
393 1165
392 393
392 1166
391 392
391 1167
390 391
390 1168
389 390
389 1169
388 389
388 1170
387 388
387 1171
386 387
386 1172
385 386
385 1173
384 385
384 1174
383 384
383 1175
382 383
382 1176
381 382
381 1177
380 381
380 1178
379 380
379 1179
378 379
378 1180
377 378
377 1181
376 377
376 1182
375 376
375 1183
374 375
374 1184
373 374
373 1185
372 373
372 1186
371 372
371 1187
370 371
370 1188
369 370
369 1189
368 369
368 1190
367 368
367 1191
366 367
366 1192
365 366
365 1193
364 365
364 1194
363 364
363 1195
362 363
362 1196
361 362
361 1197
360 361
360 1198
359 360
359 1199
358 359
358 1200
357 358
357 1201
356 357
356 1202
355 356
355 1203
354 355
354 1204
353 354
353 1205
352 353
352 1206
351 352
351 1207
350 351
350 1208
349 350
349 1209
348 349
348 1210
347 348
347 1211
346 347
346 1212
345 346
345 1213
344 345
344 1214
343 344
343 1215
342 343
342 1216
341 342
341 1217
340 341
340 1218
339 340
339 1219
338 339
338 1220
337 338
337 1221
336 337
336 1222
335 336
335 1223
334 335
334 1224
333 334
333 1225
332 333
332 1226
331 332
331 1227
330 331
330 1228
329 330
329 1229
328 329
328 1230
327 328
327 1231
326 327
326 1232
325 326
325 1233
324 325
324 1234
323 324
323 1235
322 323
322 1236
321 322
321 1237
320 321
320 1238
319 320
319 1239
318 319
318 1240
317 318
317 1241
316 317
316 1242
315 316
315 1243
314 315
314 1244
313 314
313 1245
312 313
312 1246
311 312
311 1247
310 311
310 1248
309 310
309 1249
308 309
308 1250
307 308
307 1251
306 307
306 1252
305 306
305 1253
304 305
304 1254
303 304
303 1255
302 303
302 1256
301 302
301 1257
300 301
300 1258
299 300
299 1259
298 299
298 1260
297 298
297 1261
296 297
296 1262
295 296
295 1263
294 295
294 1264
293 294
293 1265
292 293
292 1266
291 292
291 1267
290 291
290 1268
289 290
289 1269
288 289
288 1270
287 288
287 1271
286 287
286 1272
285 286
285 1273
284 285
284 1274
283 284
283 1275
282 283
282 1276
281 282
281 1277
280 281
280 1278
279 280
279 1279
278 279
278 1280
277 278
277 1281
276 277
276 1282
275 276
275 1283
274 275
274 1284
273 274
273 1285
272 273
272 1286
271 272
271 1287
270 271
270 1288
269 270
269 1289
268 269
268 1290
267 268
267 1291
266 267
266 1292
265 266
265 1293
264 265
264 1294
263 264
263 1295
262 263
262 1296
261 262
261 1297
260 261
260 1298
259 260
259 1299
258 259
258 1300
257 258
257 1301
256 257
256 1302
255 256
255 1303
254 255
254 1304
253 254
253 1305
252 253
252 1306
251 252
251 1307
250 251
250 1308
249 250
249 1309
248 249
248 1310
247 248
247 1311
246 247
246 1312
245 246
245 1313
244 245
244 1314
243 244
243 1315
242 243
242 1316
241 242
241 1317
240 241
240 1318
239 240
239 1319
238 239
238 1320
237 238
237 1321
236 237
236 1322
235 236
235 1323
234 235
234 1324
233 234
233 1325
232 233
232 1326
231 232
231 1327
230 231
230 1328
229 230
229 1329
228 229
228 1330
227 228
227 1331
226 227
226 1332
225 226
225 1333
224 225
224 1334
223 224
223 1335
222 223
222 1336
221 222
221 1337
220 221
220 1338
219 220
219 1339
218 219
218 1340
217 218
217 1341
216 217
216 1342
215 216
215 1343
214 215
214 1344
213 214
213 1345
212 213
212 1346
211 212
211 1347
210 211
210 1348
209 210
209 1349
208 209
208 1350
207 208
207 1351
206 207
206 1352
205 206
205 1353
204 205
204 1354
203 204
203 1355
202 203
202 1356
201 202
201 1357
200 201
200 1358
199 200
199 1359
198 199
198 1360
197 198
197 1361
196 197
196 1362
195 196
195 1363
194 195
194 1364
193 194
193 1365
192 193
192 1366
191 192
191 1367
190 191
190 1368
189 190
189 1369
188 189
188 1370
187 188
187 1371
186 187
186 1372
185 186
185 1373
184 185
184 1374
183 184
183 1375
182 183
182 1376
181 182
181 1377
180 181
180 1378
179 180
179 1379
178 179
178 1380
177 178
177 1381
176 177
176 1382
175 176
175 1383
174 175
174 1384
173 174
173 1385
172 173
172 1386
171 172
171 1387
170 171
170 1388
169 170
169 1389
168 169
168 1390
167 168
167 1391
166 167
166 1392
165 166
165 1393
164 165
164 1394
163 164
163 1395
162 163
162 1396
161 162
161 1397
160 161
160 1398
159 160
159 1399
158 159
158 1400
157 158
157 1401
156 157
156 1402
155 156
155 1403
154 155
154 1404
153 154
153 1405
152 153
152 1406
151 152
151 1407
150 151
150 1408
149 150
149 1409
148 149
148 1410
147 148
147 1411
146 147
146 1412
145 146
145 1413
144 145
144 1414
143 144
143 1415
142 143
142 1416
141 142
141 1417
140 141
140 1418
139 140
139 1419
138 139
138 1420
137 138
137 1421
136 137
136 1422
135 136
135 1423
134 135
134 1424
133 134
133 1425
132 133
132 1426
131 132
131 1427
130 131
130 1428
129 130
129 1429
128 129
128 1430
127 128
127 1431
126 127
126 1432
125 126
125 1433
124 125
124 1434
123 124
123 1435
122 123
122 1436
121 122
121 1437
120 121
120 1438
119 120
119 1439
118 119
118 1440
117 118
117 1441
116 117
116 1442
115 116
115 1443
114 115
114 1444
113 114
113 1445
112 113
112 1446
111 112
111 1447
110 111
110 1448
109 110
109 1449
108 109
108 1450
107 108
107 1451
106 107
106 1452
105 106
105 1453
104 105
104 1454
103 104
103 1455
102 103
102 1456
101 102
101 1457
100 101
100 1458
99 100
99 1459
98 99
98 1460
97 98
97 1461
96 97
96 1462
95 96
95 1463
94 95
94 1464
93 94
93 1465
92 93
92 1466
91 92
91 1467
90 91
90 1468
89 90
89 1469
88 89
88 1470
87 88
87 1471
86 87
86 1472
85 86
85 1473
84 85
84 1474
83 84
83 1475
82 83
82 1476
81 82
81 1477
80 81
80 1478
79 80
79 1479
78 79
78 1480
77 78
77 1481
76 77
76 1482
75 76
75 1483
74 75
74 1484
73 74
73 1485
72 73
72 1486
71 72
71 1487
70 71
70 1488
69 70
69 1489
68 69
68 1490
67 68
67 1491
66 67
66 1492
65 66
65 1493
64 65
64 1494
63 64
63 1495
62 63
62 1496
61 62
61 1497
60 61
60 1498
59 60
59 1499
58 59
58 1500
57 58
57 1501
56 57
56 1502
55 56
55 1503
54 55
54 1504
53 54
53 1505
52 53
52 1506
51 52
51 1507
50 51
50 1508
49 50
49 1509
48 49
48 1510
47 48
47 1511
46 47
46 1512
45 46
45 1513
44 45
44 1514
43 44
43 1515
42 43
42 1516
41 42
41 1517
40 41
40 1518
39 40
39 1519
38 39
38 1520
37 38
37 1521
36 37
36 1522
35 36
35 1523
34 35
34 1524
33 34
33 1525
32 33
32 1526
31 32
31 1527
30 31
30 1528
29 30
29 1529
28 29
28 1530
27 28
27 1531
26 27
26 1532
25 26
25 1533
24 25
24 1534
23 24
23 1535
22 23
22 1536
21 22
21 1537
20 21
20 1538
19 20
19 1539
18 19
18 1540
17 18
17 1541
16 17
16 1542
15 16
15 1543
14 15
14 1544
13 14
13 1545
12 13
12 1546
11 12
11 1547
10 11
10 1548
9 10
9 1549
8 9
8 1550
7 8
7 1551
6 7
6 1552
5 6
5 1553
4 5
4 1554
3 4
3 1555
2 3
2 1556
1 2
1 1557
1 1558
