1505 26313135
502 503
502 504
502 505
501 502
501 506
501 507
500 501
500 508
500 509
499 500
499 510
499 511
498 499
498 512
498 513
497 498
497 514
497 515
496 497
496 516
496 517
495 496
495 518
495 519
494 495
494 520
494 521
493 494
493 522
493 523
492 493
492 524
492 525
491 492
491 526
491 527
490 491
490 528
490 529
489 490
489 530
489 531
488 489
488 532
488 533
487 488
487 534
487 535
486 487
486 536
486 537
485 486
485 538
485 539
484 485
484 540
484 541
483 484
483 542
483 543
482 483
482 544
482 545
481 482
481 546
481 547
480 481
480 548
480 549
479 480
479 550
479 551
478 479
478 552
478 553
477 478
477 554
477 555
476 477
476 556
476 557
475 476
475 558
475 559
474 475
474 560
474 561
473 474
473 562
473 563
472 473
472 564
472 565
471 472
471 566
471 567
470 471
470 568
470 569
469 470
469 570
469 571
468 469
468 572
468 573
467 468
467 574
467 575
466 467
466 576
466 577
465 466
465 578
465 579
464 465
464 580
464 581
463 464
463 582
463 583
462 463
462 584
462 585
461 462
461 586
461 587
460 461
460 588
460 589
459 460
459 590
459 591
458 459
458 592
458 593
457 458
457 594
457 595
456 457
456 596
456 597
455 456
455 598
455 599
454 455
454 600
454 601
453 454
453 602
453 603
452 453
452 604
452 605
451 452
451 606
451 607
450 451
450 608
450 609
449 450
449 610
449 611
448 449
448 612
448 613
447 448
447 614
447 615
446 447
446 616
446 617
445 446
445 618
445 619
444 445
444 620
444 621
443 444
443 622
443 623
442 443
442 624
442 625
441 442
441 626
441 627
440 441
440 628
440 629
439 440
439 630
439 631
438 439
438 632
438 633
437 438
437 634
437 635
436 437
436 636
436 637
435 436
435 638
435 639
434 435
434 640
434 641
433 434
433 642
433 643
432 433
432 644
432 645
431 432
431 646
431 647
430 431
430 648
430 649
429 430
429 650
429 651
428 429
428 652
428 653
427 428
427 654
427 655
426 427
426 656
426 657
425 426
425 658
425 659
424 425
424 660
424 661
423 424
423 662
423 663
422 423
422 664
422 665
421 422
421 666
421 667
420 421
420 668
420 669
419 420
419 670
419 671
418 419
418 672
418 673
417 418
417 674
417 675
416 417
416 676
416 677
415 416
415 678
415 679
414 415
414 680
414 681
413 414
413 682
413 683
412 413
412 684
412 685
411 412
411 686
411 687
410 411
410 688
410 689
409 410
409 690
409 691
408 409
408 692
408 693
407 408
407 694
407 695
406 407
406 696
406 697
405 406
405 698
405 699
404 405
404 700
404 701
403 404
403 702
403 703
402 403
402 704
402 705
401 402
401 706
401 707
400 401
400 708
400 709
399 400
399 710
399 711
398 399
398 712
398 713
397 398
397 714
397 715
396 397
396 716
396 717
395 396
395 718
395 719
394 395
394 720
394 721
393 394
393 722
393 723
392 393
392 724
392 725
391 392
391 726
391 727
390 391
390 728
390 729
389 390
389 730
389 731
388 389
388 732
388 733
387 388
387 734
387 735
386 387
386 736
386 737
385 386
385 738
385 739
384 385
384 740
384 741
383 384
383 742
383 743
382 383
382 744
382 745
381 382
381 746
381 747
380 381
380 748
380 749
379 380
379 750
379 751
378 379
378 752
378 753
377 378
377 754
377 755
376 377
376 756
376 757
375 376
375 758
375 759
374 375
374 760
374 761
373 374
373 762
373 763
372 373
372 764
372 765
371 372
371 766
371 767
370 371
370 768
370 769
369 370
369 770
369 771
368 369
368 772
368 773
367 368
367 774
367 775
366 367
366 776
366 777
365 366
365 778
365 779
364 365
364 780
364 781
363 364
363 782
363 783
362 363
362 784
362 785
361 362
361 786
361 787
360 361
360 788
360 789
359 360
359 790
359 791
358 359
358 792
358 793
357 358
357 794
357 795
356 357
356 796
356 797
355 356
355 798
355 799
354 355
354 800
354 801
353 354
353 802
353 803
352 353
352 804
352 805
351 352
351 806
351 807
350 351
350 808
350 809
349 350
349 810
349 811
348 349
348 812
348 813
347 348
347 814
347 815
346 347
346 816
346 817
345 346
345 818
345 819
344 345
344 820
344 821
343 344
343 822
343 823
342 343
342 824
342 825
341 342
341 826
341 827
340 341
340 828
340 829
339 340
339 830
339 831
338 339
338 832
338 833
337 338
337 834
337 835
336 337
336 836
336 837
335 336
335 838
335 839
334 335
334 840
334 841
333 334
333 842
333 843
332 333
332 844
332 845
331 332
331 846
331 847
330 331
330 848
330 849
329 330
329 850
329 851
328 329
328 852
328 853
327 328
327 854
327 855
326 327
326 856
326 857
325 326
325 858
325 859
324 325
324 860
324 861
323 324
323 862
323 863
322 323
322 864
322 865
321 322
321 866
321 867
320 321
320 868
320 869
319 320
319 870
319 871
318 319
318 872
318 873
317 318
317 874
317 875
316 317
316 876
316 877
315 316
315 878
315 879
314 315
314 880
314 881
313 314
313 882
313 883
312 313
312 884
312 885
311 312
311 886
311 887
310 311
310 888
310 889
309 310
309 890
309 891
308 309
308 892
308 893
307 308
307 894
307 895
306 307
306 896
306 897
305 306
305 898
305 899
304 305
304 900
304 901
303 304
303 902
303 903
302 303
302 904
302 905
301 302
301 906
301 907
300 301
300 908
300 909
299 300
299 910
299 911
298 299
298 912
298 913
297 298
297 914
297 915
296 297
296 916
296 917
295 296
295 918
295 919
294 295
294 920
294 921
293 294
293 922
293 923
292 293
292 924
292 925
291 292
291 926
291 927
290 291
290 928
290 929
289 290
289 930
289 931
288 289
288 932
288 933
287 288
287 934
287 935
286 287
286 936
286 937
285 286
285 938
285 939
284 285
284 940
284 941
283 284
283 942
283 943
282 283
282 944
282 945
281 282
281 946
281 947
280 281
280 948
280 949
279 280
279 950
279 951
278 279
278 952
278 953
277 278
277 954
277 955
276 277
276 956
276 957
275 276
275 958
275 959
274 275
274 960
274 961
273 274
273 962
273 963
272 273
272 964
272 965
271 272
271 966
271 967
270 271
270 968
270 969
269 270
269 970
269 971
268 269
268 972
268 973
267 268
267 974
267 975
266 267
266 976
266 977
265 266
265 978
265 979
264 265
264 980
264 981
263 264
263 982
263 983
262 263
262 984
262 985
261 262
261 986
261 987
260 261
260 988
260 989
259 260
259 990
259 991
258 259
258 992
258 993
257 258
257 994
257 995
256 257
256 996
256 997
255 256
255 998
255 999
254 255
254 1000
254 1001
253 254
253 1002
253 1003
252 253
252 1004
252 1005
251 252
251 1006
251 1007
250 251
250 1008
250 1009
249 250
249 1010
249 1011
248 249
248 1012
248 1013
247 248
247 1014
247 1015
246 247
246 1016
246 1017
245 246
245 1018
245 1019
244 245
244 1020
244 1021
243 244
243 1022
243 1023
242 243
242 1024
242 1025
241 242
241 1026
241 1027
240 241
240 1028
240 1029
239 240
239 1030
239 1031
238 239
238 1032
238 1033
237 238
237 1034
237 1035
236 237
236 1036
236 1037
235 236
235 1038
235 1039
234 235
234 1040
234 1041
233 234
233 1042
233 1043
232 233
232 1044
232 1045
231 232
231 1046
231 1047
230 231
230 1048
230 1049
229 230
229 1050
229 1051
228 229
228 1052
228 1053
227 228
227 1054
227 1055
226 227
226 1056
226 1057
225 226
225 1058
225 1059
224 225
224 1060
224 1061
223 224
223 1062
223 1063
222 223
222 1064
222 1065
221 222
221 1066
221 1067
220 221
220 1068
220 1069
219 220
219 1070
219 1071
218 219
218 1072
218 1073
217 218
217 1074
217 1075
216 217
216 1076
216 1077
215 216
215 1078
215 1079
214 215
214 1080
214 1081
213 214
213 1082
213 1083
212 213
212 1084
212 1085
211 212
211 1086
211 1087
210 211
210 1088
210 1089
209 210
209 1090
209 1091
208 209
208 1092
208 1093
207 208
207 1094
207 1095
206 207
206 1096
206 1097
205 206
205 1098
205 1099
204 205
204 1100
204 1101
203 204
203 1102
203 1103
202 203
202 1104
202 1105
201 202
201 1106
201 1107
200 201
200 1108
200 1109
199 200
199 1110
199 1111
198 199
198 1112
198 1113
197 198
197 1114
197 1115
196 197
196 1116
196 1117
195 196
195 1118
195 1119
194 195
194 1120
194 1121
193 194
193 1122
193 1123
192 193
192 1124
192 1125
191 192
191 1126
191 1127
190 191
190 1128
190 1129
189 190
189 1130
189 1131
188 189
188 1132
188 1133
187 188
187 1134
187 1135
186 187
186 1136
186 1137
185 186
185 1138
185 1139
184 185
184 1140
184 1141
183 184
183 1142
183 1143
182 183
182 1144
182 1145
181 182
181 1146
181 1147
180 181
180 1148
180 1149
179 180
179 1150
179 1151
178 179
178 1152
178 1153
177 178
177 1154
177 1155
176 177
176 1156
176 1157
175 176
175 1158
175 1159
174 175
174 1160
174 1161
173 174
173 1162
173 1163
172 173
172 1164
172 1165
171 172
171 1166
171 1167
170 171
170 1168
170 1169
169 170
169 1170
169 1171
168 169
168 1172
168 1173
167 168
167 1174
167 1175
166 167
166 1176
166 1177
165 166
165 1178
165 1179
164 165
164 1180
164 1181
163 164
163 1182
163 1183
162 163
162 1184
162 1185
161 162
161 1186
161 1187
160 161
160 1188
160 1189
159 160
159 1190
159 1191
158 159
158 1192
158 1193
157 158
157 1194
157 1195
156 157
156 1196
156 1197
155 156
155 1198
155 1199
154 155
154 1200
154 1201
153 154
153 1202
153 1203
152 153
152 1204
152 1205
151 152
151 1206
151 1207
150 151
150 1208
150 1209
149 150
149 1210
149 1211
148 149
148 1212
148 1213
147 148
147 1214
147 1215
146 147
146 1216
146 1217
145 146
145 1218
145 1219
144 145
144 1220
144 1221
143 144
143 1222
143 1223
142 143
142 1224
142 1225
141 142
141 1226
141 1227
140 141
140 1228
140 1229
139 140
139 1230
139 1231
138 139
138 1232
138 1233
137 138
137 1234
137 1235
136 137
136 1236
136 1237
135 136
135 1238
135 1239
134 135
134 1240
134 1241
133 134
133 1242
133 1243
132 133
132 1244
132 1245
131 132
131 1246
131 1247
130 131
130 1248
130 1249
129 130
129 1250
129 1251
128 129
128 1252
128 1253
127 128
127 1254
127 1255
126 127
126 1256
126 1257
125 126
125 1258
125 1259
124 125
124 1260
124 1261
123 124
123 1262
123 1263
122 123
122 1264
122 1265
121 122
121 1266
121 1267
120 121
120 1268
120 1269
119 120
119 1270
119 1271
118 119
118 1272
118 1273
117 118
117 1274
117 1275
116 117
116 1276
116 1277
115 116
115 1278
115 1279
114 115
114 1280
114 1281
113 114
113 1282
113 1283
112 113
112 1284
112 1285
111 112
111 1286
111 1287
110 111
110 1288
110 1289
109 110
109 1290
109 1291
108 109
108 1292
108 1293
107 108
107 1294
107 1295
106 107
106 1296
106 1297
105 106
105 1298
105 1299
104 105
104 1300
104 1301
103 104
103 1302
103 1303
102 103
102 1304
102 1305
101 102
101 1306
101 1307
100 101
100 1308
100 1309
99 100
99 1310
99 1311
98 99
98 1312
98 1313
97 98
97 1314
97 1315
96 97
96 1316
96 1317
95 96
95 1318
95 1319
94 95
94 1320
94 1321
93 94
93 1322
93 1323
92 93
92 1324
92 1325
91 92
91 1326
91 1327
90 91
90 1328
90 1329
89 90
89 1330
89 1331
88 89
88 1332
88 1333
87 88
87 1334
87 1335
86 87
86 1336
86 1337
85 86
85 1338
85 1339
84 85
84 1340
84 1341
83 84
83 1342
83 1343
82 83
82 1344
82 1345
81 82
81 1346
81 1347
80 81
80 1348
80 1349
79 80
79 1350
79 1351
78 79
78 1352
78 1353
77 78
77 1354
77 1355
76 77
76 1356
76 1357
75 76
75 1358
75 1359
74 75
74 1360
74 1361
73 74
73 1362
73 1363
72 73
72 1364
72 1365
71 72
71 1366
71 1367
70 71
70 1368
70 1369
69 70
69 1370
69 1371
68 69
68 1372
68 1373
67 68
67 1374
67 1375
66 67
66 1376
66 1377
65 66
65 1378
65 1379
64 65
64 1380
64 1381
63 64
63 1382
63 1383
62 63
62 1384
62 1385
61 62
61 1386
61 1387
60 61
60 1388
60 1389
59 60
59 1390
59 1391
58 59
58 1392
58 1393
57 58
57 1394
57 1395
56 57
56 1396
56 1397
55 56
55 1398
55 1399
54 55
54 1400
54 1401
53 54
53 1402
53 1403
52 53
52 1404
52 1405
51 52
51 1406
51 1407
50 51
50 1408
50 1409
49 50
49 1410
49 1411
48 49
48 1412
48 1413
47 48
47 1414
47 1415
46 47
46 1416
46 1417
45 46
45 1418
45 1419
44 45
44 1420
44 1421
43 44
43 1422
43 1423
42 43
42 1424
42 1425
41 42
41 1426
41 1427
40 41
40 1428
40 1429
39 40
39 1430
39 1431
38 39
38 1432
38 1433
37 38
37 1434
37 1435
36 37
36 1436
36 1437
35 36
35 1438
35 1439
34 35
34 1440
34 1441
33 34
33 1442
33 1443
32 33
32 1444
32 1445
31 32
31 1446
31 1447
30 31
30 1448
30 1449
29 30
29 1450
29 1451
28 29
28 1452
28 1453
27 28
27 1454
27 1455
26 27
26 1456
26 1457
25 26
25 1458
25 1459
24 25
24 1460
24 1461
23 24
23 1462
23 1463
22 23
22 1464
22 1465
21 22
21 1466
21 1467
20 21
20 1468
20 1469
19 20
19 1470
19 1471
18 19
18 1472
18 1473
17 18
17 1474
17 1475
16 17
16 1476
16 1477
15 16
15 1478
15 1479
14 15
14 1480
14 1481
13 14
13 1482
13 1483
12 13
12 1484
12 1485
11 12
11 1486
11 1487
10 11
10 1488
10 1489
9 10
9 1490
9 1491
8 9
8 1492
8 1493
7 8
7 1494
7 1495
6 7
6 1496
6 1497
5 6
5 1498
5 1499
4 5
4 1500
4 1501
3 4
3 1502
3 1503
2 3
2 1504
2 1505
1 2
1 1506
