1501 30324390
750 751
750 752
749 750
749 753
748 749
748 754
747 748
747 755
746 747
746 756
745 746
745 757
744 745
744 758
743 744
743 759
742 743
742 760
741 742
741 761
740 741
740 762
739 740
739 763
738 739
738 764
737 738
737 765
736 737
736 766
735 736
735 767
734 735
734 768
733 734
733 769
732 733
732 770
731 732
731 771
730 731
730 772
729 730
729 773
728 729
728 774
727 728
727 775
726 727
726 776
725 726
725 777
724 725
724 778
723 724
723 779
722 723
722 780
721 722
721 781
720 721
720 782
719 720
719 783
718 719
718 784
717 718
717 785
716 717
716 786
715 716
715 787
714 715
714 788
713 714
713 789
712 713
712 790
711 712
711 791
710 711
710 792
709 710
709 793
708 709
708 794
707 708
707 795
706 707
706 796
705 706
705 797
704 705
704 798
703 704
703 799
702 703
702 800
701 702
701 801
700 701
700 802
699 700
699 803
698 699
698 804
697 698
697 805
696 697
696 806
695 696
695 807
694 695
694 808
693 694
693 809
692 693
692 810
691 692
691 811
690 691
690 812
689 690
689 813
688 689
688 814
687 688
687 815
686 687
686 816
685 686
685 817
684 685
684 818
683 684
683 819
682 683
682 820
681 682
681 821
680 681
680 822
679 680
679 823
678 679
678 824
677 678
677 825
676 677
676 826
675 676
675 827
674 675
674 828
673 674
673 829
672 673
672 830
671 672
671 831
670 671
670 832
669 670
669 833
668 669
668 834
667 668
667 835
666 667
666 836
665 666
665 837
664 665
664 838
663 664
663 839
662 663
662 840
661 662
661 841
660 661
660 842
659 660
659 843
658 659
658 844
657 658
657 845
656 657
656 846
655 656
655 847
654 655
654 848
653 654
653 849
652 653
652 850
651 652
651 851
650 651
650 852
649 650
649 853
648 649
648 854
647 648
647 855
646 647
646 856
645 646
645 857
644 645
644 858
643 644
643 859
642 643
642 860
641 642
641 861
640 641
640 862
639 640
639 863
638 639
638 864
637 638
637 865
636 637
636 866
635 636
635 867
634 635
634 868
633 634
633 869
632 633
632 870
631 632
631 871
630 631
630 872
629 630
629 873
628 629
628 874
627 628
627 875
626 627
626 876
625 626
625 877
624 625
624 878
623 624
623 879
622 623
622 880
621 622
621 881
620 621
620 882
619 620
619 883
618 619
618 884
617 618
617 885
616 617
616 886
615 616
615 887
614 615
614 888
613 614
613 889
612 613
612 890
611 612
611 891
610 611
610 892
609 610
609 893
608 609
608 894
607 608
607 895
606 607
606 896
605 606
605 897
604 605
604 898
603 604
603 899
602 603
602 900
601 602
601 901
600 601
600 902
599 600
599 903
598 599
598 904
597 598
597 905
596 597
596 906
595 596
595 907
594 595
594 908
593 594
593 909
592 593
592 910
591 592
591 911
590 591
590 912
589 590
589 913
588 589
588 914
587 588
587 915
586 587
586 916
585 586
585 917
584 585
584 918
583 584
583 919
582 583
582 920
581 582
581 921
580 581
580 922
579 580
579 923
578 579
578 924
577 578
577 925
576 577
576 926
575 576
575 927
574 575
574 928
573 574
573 929
572 573
572 930
571 572
571 931
570 571
570 932
569 570
569 933
568 569
568 934
567 568
567 935
566 567
566 936
565 566
565 937
564 565
564 938
563 564
563 939
562 563
562 940
561 562
561 941
560 561
560 942
559 560
559 943
558 559
558 944
557 558
557 945
556 557
556 946
555 556
555 947
554 555
554 948
553 554
553 949
552 553
552 950
551 552
551 951
550 551
550 952
549 550
549 953
548 549
548 954
547 548
547 955
546 547
546 956
545 546
545 957
544 545
544 958
543 544
543 959
542 543
542 960
541 542
541 961
540 541
540 962
539 540
539 963
538 539
538 964
537 538
537 965
536 537
536 966
535 536
535 967
534 535
534 968
533 534
533 969
532 533
532 970
531 532
531 971
530 531
530 972
529 530
529 973
528 529
528 974
527 528
527 975
526 527
526 976
525 526
525 977
524 525
524 978
523 524
523 979
522 523
522 980
521 522
521 981
520 521
520 982
519 520
519 983
518 519
518 984
517 518
517 985
516 517
516 986
515 516
515 987
514 515
514 988
513 514
513 989
512 513
512 990
511 512
511 991
510 511
510 992
509 510
509 993
508 509
508 994
507 508
507 995
506 507
506 996
505 506
505 997
504 505
504 998
503 504
503 999
502 503
502 1000
501 502
501 1001
500 501
500 1002
499 500
499 1003
498 499
498 1004
497 498
497 1005
496 497
496 1006
495 496
495 1007
494 495
494 1008
493 494
493 1009
492 493
492 1010
491 492
491 1011
490 491
490 1012
489 490
489 1013
488 489
488 1014
487 488
487 1015
486 487
486 1016
485 486
485 1017
484 485
484 1018
483 484
483 1019
482 483
482 1020
481 482
481 1021
480 481
480 1022
479 480
479 1023
478 479
478 1024
477 478
477 1025
476 477
476 1026
475 476
475 1027
474 475
474 1028
473 474
473 1029
472 473
472 1030
471 472
471 1031
470 471
470 1032
469 470
469 1033
468 469
468 1034
467 468
467 1035
466 467
466 1036
465 466
465 1037
464 465
464 1038
463 464
463 1039
462 463
462 1040
461 462
461 1041
460 461
460 1042
459 460
459 1043
458 459
458 1044
457 458
457 1045
456 457
456 1046
455 456
455 1047
454 455
454 1048
453 454
453 1049
452 453
452 1050
451 452
451 1051
450 451
450 1052
449 450
449 1053
448 449
448 1054
447 448
447 1055
446 447
446 1056
445 446
445 1057
444 445
444 1058
443 444
443 1059
442 443
442 1060
441 442
441 1061
440 441
440 1062
439 440
439 1063
438 439
438 1064
437 438
437 1065
436 437
436 1066
435 436
435 1067
434 435
434 1068
433 434
433 1069
432 433
432 1070
431 432
431 1071
430 431
430 1072
429 430
429 1073
428 429
428 1074
427 428
427 1075
426 427
426 1076
425 426
425 1077
424 425
424 1078
423 424
423 1079
422 423
422 1080
421 422
421 1081
420 421
420 1082
419 420
419 1083
418 419
418 1084
417 418
417 1085
416 417
416 1086
415 416
415 1087
414 415
414 1088
413 414
413 1089
412 413
412 1090
411 412
411 1091
410 411
410 1092
409 410
409 1093
408 409
408 1094
407 408
407 1095
406 407
406 1096
405 406
405 1097
404 405
404 1098
403 404
403 1099
402 403
402 1100
401 402
401 1101
400 401
400 1102
399 400
399 1103
398 399
398 1104
397 398
397 1105
396 397
396 1106
395 396
395 1107
394 395
394 1108
393 394
393 1109
392 393
392 1110
391 392
391 1111
390 391
390 1112
389 390
389 1113
388 389
388 1114
387 388
387 1115
386 387
386 1116
385 386
385 1117
384 385
384 1118
383 384
383 1119
382 383
382 1120
381 382
381 1121
380 381
380 1122
379 380
379 1123
378 379
378 1124
377 378
377 1125
376 377
376 1126
375 376
375 1127
374 375
374 1128
373 374
373 1129
372 373
372 1130
371 372
371 1131
370 371
370 1132
369 370
369 1133
368 369
368 1134
367 368
367 1135
366 367
366 1136
365 366
365 1137
364 365
364 1138
363 364
363 1139
362 363
362 1140
361 362
361 1141
360 361
360 1142
359 360
359 1143
358 359
358 1144
357 358
357 1145
356 357
356 1146
355 356
355 1147
354 355
354 1148
353 354
353 1149
352 353
352 1150
351 352
351 1151
350 351
350 1152
349 350
349 1153
348 349
348 1154
347 348
347 1155
346 347
346 1156
345 346
345 1157
344 345
344 1158
343 344
343 1159
342 343
342 1160
341 342
341 1161
340 341
340 1162
339 340
339 1163
338 339
338 1164
337 338
337 1165
336 337
336 1166
335 336
335 1167
334 335
334 1168
333 334
333 1169
332 333
332 1170
331 332
331 1171
330 331
330 1172
329 330
329 1173
328 329
328 1174
327 328
327 1175
326 327
326 1176
325 326
325 1177
324 325
324 1178
323 324
323 1179
322 323
322 1180
321 322
321 1181
320 321
320 1182
319 320
319 1183
318 319
318 1184
317 318
317 1185
316 317
316 1186
315 316
315 1187
314 315
314 1188
313 314
313 1189
312 313
312 1190
311 312
311 1191
310 311
310 1192
309 310
309 1193
308 309
308 1194
307 308
307 1195
306 307
306 1196
305 306
305 1197
304 305
304 1198
303 304
303 1199
302 303
302 1200
301 302
301 1201
300 301
300 1202
299 300
299 1203
298 299
298 1204
297 298
297 1205
296 297
296 1206
295 296
295 1207
294 295
294 1208
293 294
293 1209
292 293
292 1210
291 292
291 1211
290 291
290 1212
289 290
289 1213
288 289
288 1214
287 288
287 1215
286 287
286 1216
285 286
285 1217
284 285
284 1218
283 284
283 1219
282 283
282 1220
281 282
281 1221
280 281
280 1222
279 280
279 1223
278 279
278 1224
277 278
277 1225
276 277
276 1226
275 276
275 1227
274 275
274 1228
273 274
273 1229
272 273
272 1230
271 272
271 1231
270 271
270 1232
269 270
269 1233
268 269
268 1234
267 268
267 1235
266 267
266 1236
265 266
265 1237
264 265
264 1238
263 264
263 1239
262 263
262 1240
261 262
261 1241
260 261
260 1242
259 260
259 1243
258 259
258 1244
257 258
257 1245
256 257
256 1246
255 256
255 1247
254 255
254 1248
253 254
253 1249
252 253
252 1250
251 252
251 1251
250 251
250 1252
249 250
249 1253
248 249
248 1254
247 248
247 1255
246 247
246 1256
245 246
245 1257
244 245
244 1258
243 244
243 1259
242 243
242 1260
241 242
241 1261
240 241
240 1262
239 240
239 1263
238 239
238 1264
237 238
237 1265
236 237
236 1266
235 236
235 1267
234 235
234 1268
233 234
233 1269
232 233
232 1270
231 232
231 1271
230 231
230 1272
229 230
229 1273
228 229
228 1274
227 228
227 1275
226 227
226 1276
225 226
225 1277
224 225
224 1278
223 224
223 1279
222 223
222 1280
221 222
221 1281
220 221
220 1282
219 220
219 1283
218 219
218 1284
217 218
217 1285
216 217
216 1286
215 216
215 1287
214 215
214 1288
213 214
213 1289
212 213
212 1290
211 212
211 1291
210 211
210 1292
209 210
209 1293
208 209
208 1294
207 208
207 1295
206 207
206 1296
205 206
205 1297
204 205
204 1298
203 204
203 1299
202 203
202 1300
201 202
201 1301
200 201
200 1302
199 200
199 1303
198 199
198 1304
197 198
197 1305
196 197
196 1306
195 196
195 1307
194 195
194 1308
193 194
193 1309
192 193
192 1310
191 192
191 1311
190 191
190 1312
189 190
189 1313
188 189
188 1314
187 188
187 1315
186 187
186 1316
185 186
185 1317
184 185
184 1318
183 184
183 1319
182 183
182 1320
181 182
181 1321
180 181
180 1322
179 180
179 1323
178 179
178 1324
177 178
177 1325
176 177
176 1326
175 176
175 1327
174 175
174 1328
173 174
173 1329
172 173
172 1330
171 172
171 1331
170 171
170 1332
169 170
169 1333
168 169
168 1334
167 168
167 1335
166 167
166 1336
165 166
165 1337
164 165
164 1338
163 164
163 1339
162 163
162 1340
161 162
161 1341
160 161
160 1342
159 160
159 1343
158 159
158 1344
157 158
157 1345
156 157
156 1346
155 156
155 1347
154 155
154 1348
153 154
153 1349
152 153
152 1350
151 152
151 1351
150 151
150 1352
149 150
149 1353
148 149
148 1354
147 148
147 1355
146 147
146 1356
145 146
145 1357
144 145
144 1358
143 144
143 1359
142 143
142 1360
141 142
141 1361
140 141
140 1362
139 140
139 1363
138 139
138 1364
137 138
137 1365
136 137
136 1366
135 136
135 1367
134 135
134 1368
133 134
133 1369
132 133
132 1370
131 132
131 1371
130 131
130 1372
129 130
129 1373
128 129
128 1374
127 128
127 1375
126 127
126 1376
125 126
125 1377
124 125
124 1378
123 124
123 1379
122 123
122 1380
121 122
121 1381
120 121
120 1382
119 120
119 1383
118 119
118 1384
117 118
117 1385
116 117
116 1386
115 116
115 1387
114 115
114 1388
113 114
113 1389
112 113
112 1390
111 112
111 1391
110 111
110 1392
109 110
109 1393
108 109
108 1394
107 108
107 1395
106 107
106 1396
105 106
105 1397
104 105
104 1398
103 104
103 1399
102 103
102 1400
101 102
101 1401
100 101
100 1402
99 100
99 1403
98 99
98 1404
97 98
97 1405
96 97
96 1406
95 96
95 1407
94 95
94 1408
93 94
93 1409
92 93
92 1410
91 92
91 1411
90 91
90 1412
89 90
89 1413
88 89
88 1414
87 88
87 1415
86 87
86 1416
85 86
85 1417
84 85
84 1418
83 84
83 1419
82 83
82 1420
81 82
81 1421
80 81
80 1422
79 80
79 1423
78 79
78 1424
77 78
77 1425
76 77
76 1426
75 76
75 1427
74 75
74 1428
73 74
73 1429
72 73
72 1430
71 72
71 1431
70 71
70 1432
69 70
69 1433
68 69
68 1434
67 68
67 1435
66 67
66 1436
65 66
65 1437
64 65
64 1438
63 64
63 1439
62 63
62 1440
61 62
61 1441
60 61
60 1442
59 60
59 1443
58 59
58 1444
57 58
57 1445
56 57
56 1446
55 56
55 1447
54 55
54 1448
53 54
53 1449
52 53
52 1450
51 52
51 1451
50 51
50 1452
49 50
49 1453
48 49
48 1454
47 48
47 1455
46 47
46 1456
45 46
45 1457
44 45
44 1458
43 44
43 1459
42 43
42 1460
41 42
41 1461
40 41
40 1462
39 40
39 1463
38 39
38 1464
37 38
37 1465
36 37
36 1466
35 36
35 1467
34 35
34 1468
33 34
33 1469
32 33
32 1470
31 32
31 1471
30 31
30 1472
29 30
29 1473
28 29
28 1474
27 28
27 1475
26 27
26 1476
25 26
25 1477
24 25
24 1478
23 24
23 1479
22 23
22 1480
21 22
21 1481
20 21
20 1482
19 20
19 1483
18 19
18 1484
17 18
17 1485
16 17
16 1486
15 16
15 1487
14 15
14 1488
13 14
13 1489
12 13
12 1490
11 12
11 1491
10 11
10 1492
9 10
9 1493
8 9
8 1494
7 8
7 1495
6 7
6 1496
5 6
5 1497
4 5
4 1498
3 4
3 1499
2 3
2 1500
1 2
1 1501
1 1502
