1553 17872648
311 312
311 313
311 314
311 315
311 316
310 311
310 317
310 318
310 319
310 320
309 310
309 321
309 322
309 323
309 324
308 309
308 325
308 326
308 327
308 328
307 308
307 329
307 330
307 331
307 332
306 307
306 333
306 334
306 335
306 336
305 306
305 337
305 338
305 339
305 340
304 305
304 341
304 342
304 343
304 344
303 304
303 345
303 346
303 347
303 348
302 303
302 349
302 350
302 351
302 352
301 302
301 353
301 354
301 355
301 356
300 301
300 357
300 358
300 359
300 360
299 300
299 361
299 362
299 363
299 364
298 299
298 365
298 366
298 367
298 368
297 298
297 369
297 370
297 371
297 372
296 297
296 373
296 374
296 375
296 376
295 296
295 377
295 378
295 379
295 380
294 295
294 381
294 382
294 383
294 384
293 294
293 385
293 386
293 387
293 388
292 293
292 389
292 390
292 391
292 392
291 292
291 393
291 394
291 395
291 396
290 291
290 397
290 398
290 399
290 400
289 290
289 401
289 402
289 403
289 404
288 289
288 405
288 406
288 407
288 408
287 288
287 409
287 410
287 411
287 412
286 287
286 413
286 414
286 415
286 416
285 286
285 417
285 418
285 419
285 420
284 285
284 421
284 422
284 423
284 424
283 284
283 425
283 426
283 427
283 428
282 283
282 429
282 430
282 431
282 432
281 282
281 433
281 434
281 435
281 436
280 281
280 437
280 438
280 439
280 440
279 280
279 441
279 442
279 443
279 444
278 279
278 445
278 446
278 447
278 448
277 278
277 449
277 450
277 451
277 452
276 277
276 453
276 454
276 455
276 456
275 276
275 457
275 458
275 459
275 460
274 275
274 461
274 462
274 463
274 464
273 274
273 465
273 466
273 467
273 468
272 273
272 469
272 470
272 471
272 472
271 272
271 473
271 474
271 475
271 476
270 271
270 477
270 478
270 479
270 480
269 270
269 481
269 482
269 483
269 484
268 269
268 485
268 486
268 487
268 488
267 268
267 489
267 490
267 491
267 492
266 267
266 493
266 494
266 495
266 496
265 266
265 497
265 498
265 499
265 500
264 265
264 501
264 502
264 503
264 504
263 264
263 505
263 506
263 507
263 508
262 263
262 509
262 510
262 511
262 512
261 262
261 513
261 514
261 515
261 516
260 261
260 517
260 518
260 519
260 520
259 260
259 521
259 522
259 523
259 524
258 259
258 525
258 526
258 527
258 528
257 258
257 529
257 530
257 531
257 532
256 257
256 533
256 534
256 535
256 536
255 256
255 537
255 538
255 539
255 540
254 255
254 541
254 542
254 543
254 544
253 254
253 545
253 546
253 547
253 548
252 253
252 549
252 550
252 551
252 552
251 252
251 553
251 554
251 555
251 556
250 251
250 557
250 558
250 559
250 560
249 250
249 561
249 562
249 563
249 564
248 249
248 565
248 566
248 567
248 568
247 248
247 569
247 570
247 571
247 572
246 247
246 573
246 574
246 575
246 576
245 246
245 577
245 578
245 579
245 580
244 245
244 581
244 582
244 583
244 584
243 244
243 585
243 586
243 587
243 588
242 243
242 589
242 590
242 591
242 592
241 242
241 593
241 594
241 595
241 596
240 241
240 597
240 598
240 599
240 600
239 240
239 601
239 602
239 603
239 604
238 239
238 605
238 606
238 607
238 608
237 238
237 609
237 610
237 611
237 612
236 237
236 613
236 614
236 615
236 616
235 236
235 617
235 618
235 619
235 620
234 235
234 621
234 622
234 623
234 624
233 234
233 625
233 626
233 627
233 628
232 233
232 629
232 630
232 631
232 632
231 232
231 633
231 634
231 635
231 636
230 231
230 637
230 638
230 639
230 640
229 230
229 641
229 642
229 643
229 644
228 229
228 645
228 646
228 647
228 648
227 228
227 649
227 650
227 651
227 652
226 227
226 653
226 654
226 655
226 656
225 226
225 657
225 658
225 659
225 660
224 225
224 661
224 662
224 663
224 664
223 224
223 665
223 666
223 667
223 668
222 223
222 669
222 670
222 671
222 672
221 222
221 673
221 674
221 675
221 676
220 221
220 677
220 678
220 679
220 680
219 220
219 681
219 682
219 683
219 684
218 219
218 685
218 686
218 687
218 688
217 218
217 689
217 690
217 691
217 692
216 217
216 693
216 694
216 695
216 696
215 216
215 697
215 698
215 699
215 700
214 215
214 701
214 702
214 703
214 704
213 214
213 705
213 706
213 707
213 708
212 213
212 709
212 710
212 711
212 712
211 212
211 713
211 714
211 715
211 716
210 211
210 717
210 718
210 719
210 720
209 210
209 721
209 722
209 723
209 724
208 209
208 725
208 726
208 727
208 728
207 208
207 729
207 730
207 731
207 732
206 207
206 733
206 734
206 735
206 736
205 206
205 737
205 738
205 739
205 740
204 205
204 741
204 742
204 743
204 744
203 204
203 745
203 746
203 747
203 748
202 203
202 749
202 750
202 751
202 752
201 202
201 753
201 754
201 755
201 756
200 201
200 757
200 758
200 759
200 760
199 200
199 761
199 762
199 763
199 764
198 199
198 765
198 766
198 767
198 768
197 198
197 769
197 770
197 771
197 772
196 197
196 773
196 774
196 775
196 776
195 196
195 777
195 778
195 779
195 780
194 195
194 781
194 782
194 783
194 784
193 194
193 785
193 786
193 787
193 788
192 193
192 789
192 790
192 791
192 792
191 192
191 793
191 794
191 795
191 796
190 191
190 797
190 798
190 799
190 800
189 190
189 801
189 802
189 803
189 804
188 189
188 805
188 806
188 807
188 808
187 188
187 809
187 810
187 811
187 812
186 187
186 813
186 814
186 815
186 816
185 186
185 817
185 818
185 819
185 820
184 185
184 821
184 822
184 823
184 824
183 184
183 825
183 826
183 827
183 828
182 183
182 829
182 830
182 831
182 832
181 182
181 833
181 834
181 835
181 836
180 181
180 837
180 838
180 839
180 840
179 180
179 841
179 842
179 843
179 844
178 179
178 845
178 846
178 847
178 848
177 178
177 849
177 850
177 851
177 852
176 177
176 853
176 854
176 855
176 856
175 176
175 857
175 858
175 859
175 860
174 175
174 861
174 862
174 863
174 864
173 174
173 865
173 866
173 867
173 868
172 173
172 869
172 870
172 871
172 872
171 172
171 873
171 874
171 875
171 876
170 171
170 877
170 878
170 879
170 880
169 170
169 881
169 882
169 883
169 884
168 169
168 885
168 886
168 887
168 888
167 168
167 889
167 890
167 891
167 892
166 167
166 893
166 894
166 895
166 896
165 166
165 897
165 898
165 899
165 900
164 165
164 901
164 902
164 903
164 904
163 164
163 905
163 906
163 907
163 908
162 163
162 909
162 910
162 911
162 912
161 162
161 913
161 914
161 915
161 916
160 161
160 917
160 918
160 919
160 920
159 160
159 921
159 922
159 923
159 924
158 159
158 925
158 926
158 927
158 928
157 158
157 929
157 930
157 931
157 932
156 157
156 933
156 934
156 935
156 936
155 156
155 937
155 938
155 939
155 940
154 155
154 941
154 942
154 943
154 944
153 154
153 945
153 946
153 947
153 948
152 153
152 949
152 950
152 951
152 952
151 152
151 953
151 954
151 955
151 956
150 151
150 957
150 958
150 959
150 960
149 150
149 961
149 962
149 963
149 964
148 149
148 965
148 966
148 967
148 968
147 148
147 969
147 970
147 971
147 972
146 147
146 973
146 974
146 975
146 976
145 146
145 977
145 978
145 979
145 980
144 145
144 981
144 982
144 983
144 984
143 144
143 985
143 986
143 987
143 988
142 143
142 989
142 990
142 991
142 992
141 142
141 993
141 994
141 995
141 996
140 141
140 997
140 998
140 999
140 1000
139 140
139 1001
139 1002
139 1003
139 1004
138 139
138 1005
138 1006
138 1007
138 1008
137 138
137 1009
137 1010
137 1011
137 1012
136 137
136 1013
136 1014
136 1015
136 1016
135 136
135 1017
135 1018
135 1019
135 1020
134 135
134 1021
134 1022
134 1023
134 1024
133 134
133 1025
133 1026
133 1027
133 1028
132 133
132 1029
132 1030
132 1031
132 1032
131 132
131 1033
131 1034
131 1035
131 1036
130 131
130 1037
130 1038
130 1039
130 1040
129 130
129 1041
129 1042
129 1043
129 1044
128 129
128 1045
128 1046
128 1047
128 1048
127 128
127 1049
127 1050
127 1051
127 1052
126 127
126 1053
126 1054
126 1055
126 1056
125 126
125 1057
125 1058
125 1059
125 1060
124 125
124 1061
124 1062
124 1063
124 1064
123 124
123 1065
123 1066
123 1067
123 1068
122 123
122 1069
122 1070
122 1071
122 1072
121 122
121 1073
121 1074
121 1075
121 1076
120 121
120 1077
120 1078
120 1079
120 1080
119 120
119 1081
119 1082
119 1083
119 1084
118 119
118 1085
118 1086
118 1087
118 1088
117 118
117 1089
117 1090
117 1091
117 1092
116 117
116 1093
116 1094
116 1095
116 1096
115 116
115 1097
115 1098
115 1099
115 1100
114 115
114 1101
114 1102
114 1103
114 1104
113 114
113 1105
113 1106
113 1107
113 1108
112 113
112 1109
112 1110
112 1111
112 1112
111 112
111 1113
111 1114
111 1115
111 1116
110 111
110 1117
110 1118
110 1119
110 1120
109 110
109 1121
109 1122
109 1123
109 1124
108 109
108 1125
108 1126
108 1127
108 1128
107 108
107 1129
107 1130
107 1131
107 1132
106 107
106 1133
106 1134
106 1135
106 1136
105 106
105 1137
105 1138
105 1139
105 1140
104 105
104 1141
104 1142
104 1143
104 1144
103 104
103 1145
103 1146
103 1147
103 1148
102 103
102 1149
102 1150
102 1151
102 1152
101 102
101 1153
101 1154
101 1155
101 1156
100 101
100 1157
100 1158
100 1159
100 1160
99 100
99 1161
99 1162
99 1163
99 1164
98 99
98 1165
98 1166
98 1167
98 1168
97 98
97 1169
97 1170
97 1171
97 1172
96 97
96 1173
96 1174
96 1175
96 1176
95 96
95 1177
95 1178
95 1179
95 1180
94 95
94 1181
94 1182
94 1183
94 1184
93 94
93 1185
93 1186
93 1187
93 1188
92 93
92 1189
92 1190
92 1191
92 1192
91 92
91 1193
91 1194
91 1195
91 1196
90 91
90 1197
90 1198
90 1199
90 1200
89 90
89 1201
89 1202
89 1203
89 1204
88 89
88 1205
88 1206
88 1207
88 1208
87 88
87 1209
87 1210
87 1211
87 1212
86 87
86 1213
86 1214
86 1215
86 1216
85 86
85 1217
85 1218
85 1219
85 1220
84 85
84 1221
84 1222
84 1223
84 1224
83 84
83 1225
83 1226
83 1227
83 1228
82 83
82 1229
82 1230
82 1231
82 1232
81 82
81 1233
81 1234
81 1235
81 1236
80 81
80 1237
80 1238
80 1239
80 1240
79 80
79 1241
79 1242
79 1243
79 1244
78 79
78 1245
78 1246
78 1247
78 1248
77 78
77 1249
77 1250
77 1251
77 1252
76 77
76 1253
76 1254
76 1255
76 1256
75 76
75 1257
75 1258
75 1259
75 1260
74 75
74 1261
74 1262
74 1263
74 1264
73 74
73 1265
73 1266
73 1267
73 1268
72 73
72 1269
72 1270
72 1271
72 1272
71 72
71 1273
71 1274
71 1275
71 1276
70 71
70 1277
70 1278
70 1279
70 1280
69 70
69 1281
69 1282
69 1283
69 1284
68 69
68 1285
68 1286
68 1287
68 1288
67 68
67 1289
67 1290
67 1291
67 1292
66 67
66 1293
66 1294
66 1295
66 1296
65 66
65 1297
65 1298
65 1299
65 1300
64 65
64 1301
64 1302
64 1303
64 1304
63 64
63 1305
63 1306
63 1307
63 1308
62 63
62 1309
62 1310
62 1311
62 1312
61 62
61 1313
61 1314
61 1315
61 1316
60 61
60 1317
60 1318
60 1319
60 1320
59 60
59 1321
59 1322
59 1323
59 1324
58 59
58 1325
58 1326
58 1327
58 1328
57 58
57 1329
57 1330
57 1331
57 1332
56 57
56 1333
56 1334
56 1335
56 1336
55 56
55 1337
55 1338
55 1339
55 1340
54 55
54 1341
54 1342
54 1343
54 1344
53 54
53 1345
53 1346
53 1347
53 1348
52 53
52 1349
52 1350
52 1351
52 1352
51 52
51 1353
51 1354
51 1355
51 1356
50 51
50 1357
50 1358
50 1359
50 1360
49 50
49 1361
49 1362
49 1363
49 1364
48 49
48 1365
48 1366
48 1367
48 1368
47 48
47 1369
47 1370
47 1371
47 1372
46 47
46 1373
46 1374
46 1375
46 1376
45 46
45 1377
45 1378
45 1379
45 1380
44 45
44 1381
44 1382
44 1383
44 1384
43 44
43 1385
43 1386
43 1387
43 1388
42 43
42 1389
42 1390
42 1391
42 1392
41 42
41 1393
41 1394
41 1395
41 1396
40 41
40 1397
40 1398
40 1399
40 1400
39 40
39 1401
39 1402
39 1403
39 1404
38 39
38 1405
38 1406
38 1407
38 1408
37 38
37 1409
37 1410
37 1411
37 1412
36 37
36 1413
36 1414
36 1415
36 1416
35 36
35 1417
35 1418
35 1419
35 1420
34 35
34 1421
34 1422
34 1423
34 1424
33 34
33 1425
33 1426
33 1427
33 1428
32 33
32 1429
32 1430
32 1431
32 1432
31 32
31 1433
31 1434
31 1435
31 1436
30 31
30 1437
30 1438
30 1439
30 1440
29 30
29 1441
29 1442
29 1443
29 1444
28 29
28 1445
28 1446
28 1447
28 1448
27 28
27 1449
27 1450
27 1451
27 1452
26 27
26 1453
26 1454
26 1455
26 1456
25 26
25 1457
25 1458
25 1459
25 1460
24 25
24 1461
24 1462
24 1463
24 1464
23 24
23 1465
23 1466
23 1467
23 1468
22 23
22 1469
22 1470
22 1471
22 1472
21 22
21 1473
21 1474
21 1475
21 1476
20 21
20 1477
20 1478
20 1479
20 1480
19 20
19 1481
19 1482
19 1483
19 1484
18 19
18 1485
18 1486
18 1487
18 1488
17 18
17 1489
17 1490
17 1491
17 1492
16 17
16 1493
16 1494
16 1495
16 1496
15 16
15 1497
15 1498
15 1499
15 1500
14 15
14 1501
14 1502
14 1503
14 1504
13 14
13 1505
13 1506
13 1507
13 1508
12 13
12 1509
12 1510
12 1511
12 1512
11 12
11 1513
11 1514
11 1515
11 1516
10 11
10 1517
10 1518
10 1519
10 1520
9 10
9 1521
9 1522
9 1523
9 1524
8 9
8 1525
8 1526
8 1527
8 1528
7 8
7 1529
7 1530
7 1531
7 1532
6 7
6 1533
6 1534
6 1535
6 1536
5 6
5 1537
5 1538
5 1539
5 1540
4 5
4 1541
4 1542
4 1543
4 1544
3 4
3 1545
3 1546
3 1547
3 1548
2 3
2 1549
2 1550
2 1551
2 1552
1 2
1 1553
1 1554
