1640 34686354
820 821
820 822
819 820
819 823
818 819
818 824
817 818
817 825
816 817
816 826
815 816
815 827
814 815
814 828
813 814
813 829
812 813
812 830
811 812
811 831
810 811
810 832
809 810
809 833
808 809
808 834
807 808
807 835
806 807
806 836
805 806
805 837
804 805
804 838
803 804
803 839
802 803
802 840
801 802
801 841
800 801
800 842
799 800
799 843
798 799
798 844
797 798
797 845
796 797
796 846
795 796
795 847
794 795
794 848
793 794
793 849
792 793
792 850
791 792
791 851
790 791
790 852
789 790
789 853
788 789
788 854
787 788
787 855
786 787
786 856
785 786
785 857
784 785
784 858
783 784
783 859
782 783
782 860
781 782
781 861
780 781
780 862
779 780
779 863
778 779
778 864
777 778
777 865
776 777
776 866
775 776
775 867
774 775
774 868
773 774
773 869
772 773
772 870
771 772
771 871
770 771
770 872
769 770
769 873
768 769
768 874
767 768
767 875
766 767
766 876
765 766
765 877
764 765
764 878
763 764
763 879
762 763
762 880
761 762
761 881
760 761
760 882
759 760
759 883
758 759
758 884
757 758
757 885
756 757
756 886
755 756
755 887
754 755
754 888
753 754
753 889
752 753
752 890
751 752
751 891
750 751
750 892
749 750
749 893
748 749
748 894
747 748
747 895
746 747
746 896
745 746
745 897
744 745
744 898
743 744
743 899
742 743
742 900
741 742
741 901
740 741
740 902
739 740
739 903
738 739
738 904
737 738
737 905
736 737
736 906
735 736
735 907
734 735
734 908
733 734
733 909
732 733
732 910
731 732
731 911
730 731
730 912
729 730
729 913
728 729
728 914
727 728
727 915
726 727
726 916
725 726
725 917
724 725
724 918
723 724
723 919
722 723
722 920
721 722
721 921
720 721
720 922
719 720
719 923
718 719
718 924
717 718
717 925
716 717
716 926
715 716
715 927
714 715
714 928
713 714
713 929
712 713
712 930
711 712
711 931
710 711
710 932
709 710
709 933
708 709
708 934
707 708
707 935
706 707
706 936
705 706
705 937
704 705
704 938
703 704
703 939
702 703
702 940
701 702
701 941
700 701
700 942
699 700
699 943
698 699
698 944
697 698
697 945
696 697
696 946
695 696
695 947
694 695
694 948
693 694
693 949
692 693
692 950
691 692
691 951
690 691
690 952
689 690
689 953
688 689
688 954
687 688
687 955
686 687
686 956
685 686
685 957
684 685
684 958
683 684
683 959
682 683
682 960
681 682
681 961
680 681
680 962
679 680
679 963
678 679
678 964
677 678
677 965
676 677
676 966
675 676
675 967
674 675
674 968
673 674
673 969
672 673
672 970
671 672
671 971
670 671
670 972
669 670
669 973
668 669
668 974
667 668
667 975
666 667
666 976
665 666
665 977
664 665
664 978
663 664
663 979
662 663
662 980
661 662
661 981
660 661
660 982
659 660
659 983
658 659
658 984
657 658
657 985
656 657
656 986
655 656
655 987
654 655
654 988
653 654
653 989
652 653
652 990
651 652
651 991
650 651
650 992
649 650
649 993
648 649
648 994
647 648
647 995
646 647
646 996
645 646
645 997
644 645
644 998
643 644
643 999
642 643
642 1000
641 642
641 1001
640 641
640 1002
639 640
639 1003
638 639
638 1004
637 638
637 1005
636 637
636 1006
635 636
635 1007
634 635
634 1008
633 634
633 1009
632 633
632 1010
631 632
631 1011
630 631
630 1012
629 630
629 1013
628 629
628 1014
627 628
627 1015
626 627
626 1016
625 626
625 1017
624 625
624 1018
623 624
623 1019
622 623
622 1020
621 622
621 1021
620 621
620 1022
619 620
619 1023
618 619
618 1024
617 618
617 1025
616 617
616 1026
615 616
615 1027
614 615
614 1028
613 614
613 1029
612 613
612 1030
611 612
611 1031
610 611
610 1032
609 610
609 1033
608 609
608 1034
607 608
607 1035
606 607
606 1036
605 606
605 1037
604 605
604 1038
603 604
603 1039
602 603
602 1040
601 602
601 1041
600 601
600 1042
599 600
599 1043
598 599
598 1044
597 598
597 1045
596 597
596 1046
595 596
595 1047
594 595
594 1048
593 594
593 1049
592 593
592 1050
591 592
591 1051
590 591
590 1052
589 590
589 1053
588 589
588 1054
587 588
587 1055
586 587
586 1056
585 586
585 1057
584 585
584 1058
583 584
583 1059
582 583
582 1060
581 582
581 1061
580 581
580 1062
579 580
579 1063
578 579
578 1064
577 578
577 1065
576 577
576 1066
575 576
575 1067
574 575
574 1068
573 574
573 1069
572 573
572 1070
571 572
571 1071
570 571
570 1072
569 570
569 1073
568 569
568 1074
567 568
567 1075
566 567
566 1076
565 566
565 1077
564 565
564 1078
563 564
563 1079
562 563
562 1080
561 562
561 1081
560 561
560 1082
559 560
559 1083
558 559
558 1084
557 558
557 1085
556 557
556 1086
555 556
555 1087
554 555
554 1088
553 554
553 1089
552 553
552 1090
551 552
551 1091
550 551
550 1092
549 550
549 1093
548 549
548 1094
547 548
547 1095
546 547
546 1096
545 546
545 1097
544 545
544 1098
543 544
543 1099
542 543
542 1100
541 542
541 1101
540 541
540 1102
539 540
539 1103
538 539
538 1104
537 538
537 1105
536 537
536 1106
535 536
535 1107
534 535
534 1108
533 534
533 1109
532 533
532 1110
531 532
531 1111
530 531
530 1112
529 530
529 1113
528 529
528 1114
527 528
527 1115
526 527
526 1116
525 526
525 1117
524 525
524 1118
523 524
523 1119
522 523
522 1120
521 522
521 1121
520 521
520 1122
519 520
519 1123
518 519
518 1124
517 518
517 1125
516 517
516 1126
515 516
515 1127
514 515
514 1128
513 514
513 1129
512 513
512 1130
511 512
511 1131
510 511
510 1132
509 510
509 1133
508 509
508 1134
507 508
507 1135
506 507
506 1136
505 506
505 1137
504 505
504 1138
503 504
503 1139
502 503
502 1140
501 502
501 1141
500 501
500 1142
499 500
499 1143
498 499
498 1144
497 498
497 1145
496 497
496 1146
495 496
495 1147
494 495
494 1148
493 494
493 1149
492 493
492 1150
491 492
491 1151
490 491
490 1152
489 490
489 1153
488 489
488 1154
487 488
487 1155
486 487
486 1156
485 486
485 1157
484 485
484 1158
483 484
483 1159
482 483
482 1160
481 482
481 1161
480 481
480 1162
479 480
479 1163
478 479
478 1164
477 478
477 1165
476 477
476 1166
475 476
475 1167
474 475
474 1168
473 474
473 1169
472 473
472 1170
471 472
471 1171
470 471
470 1172
469 470
469 1173
468 469
468 1174
467 468
467 1175
466 467
466 1176
465 466
465 1177
464 465
464 1178
463 464
463 1179
462 463
462 1180
461 462
461 1181
460 461
460 1182
459 460
459 1183
458 459
458 1184
457 458
457 1185
456 457
456 1186
455 456
455 1187
454 455
454 1188
453 454
453 1189
452 453
452 1190
451 452
451 1191
450 451
450 1192
449 450
449 1193
448 449
448 1194
447 448
447 1195
446 447
446 1196
445 446
445 1197
444 445
444 1198
443 444
443 1199
442 443
442 1200
441 442
441 1201
440 441
440 1202
439 440
439 1203
438 439
438 1204
437 438
437 1205
436 437
436 1206
435 436
435 1207
434 435
434 1208
433 434
433 1209
432 433
432 1210
431 432
431 1211
430 431
430 1212
429 430
429 1213
428 429
428 1214
427 428
427 1215
426 427
426 1216
425 426
425 1217
424 425
424 1218
423 424
423 1219
422 423
422 1220
421 422
421 1221
420 421
420 1222
419 420
419 1223
418 419
418 1224
417 418
417 1225
416 417
416 1226
415 416
415 1227
414 415
414 1228
413 414
413 1229
412 413
412 1230
411 412
411 1231
410 411
410 1232
409 410
409 1233
408 409
408 1234
407 408
407 1235
406 407
406 1236
405 406
405 1237
404 405
404 1238
403 404
403 1239
402 403
402 1240
401 402
401 1241
400 401
400 1242
399 400
399 1243
398 399
398 1244
397 398
397 1245
396 397
396 1246
395 396
395 1247
394 395
394 1248
393 394
393 1249
392 393
392 1250
391 392
391 1251
390 391
390 1252
389 390
389 1253
388 389
388 1254
387 388
387 1255
386 387
386 1256
385 386
385 1257
384 385
384 1258
383 384
383 1259
382 383
382 1260
381 382
381 1261
380 381
380 1262
379 380
379 1263
378 379
378 1264
377 378
377 1265
376 377
376 1266
375 376
375 1267
374 375
374 1268
373 374
373 1269
372 373
372 1270
371 372
371 1271
370 371
370 1272
369 370
369 1273
368 369
368 1274
367 368
367 1275
366 367
366 1276
365 366
365 1277
364 365
364 1278
363 364
363 1279
362 363
362 1280
361 362
361 1281
360 361
360 1282
359 360
359 1283
358 359
358 1284
357 358
357 1285
356 357
356 1286
355 356
355 1287
354 355
354 1288
353 354
353 1289
352 353
352 1290
351 352
351 1291
350 351
350 1292
349 350
349 1293
348 349
348 1294
347 348
347 1295
346 347
346 1296
345 346
345 1297
344 345
344 1298
343 344
343 1299
342 343
342 1300
341 342
341 1301
340 341
340 1302
339 340
339 1303
338 339
338 1304
337 338
337 1305
336 337
336 1306
335 336
335 1307
334 335
334 1308
333 334
333 1309
332 333
332 1310
331 332
331 1311
330 331
330 1312
329 330
329 1313
328 329
328 1314
327 328
327 1315
326 327
326 1316
325 326
325 1317
324 325
324 1318
323 324
323 1319
322 323
322 1320
321 322
321 1321
320 321
320 1322
319 320
319 1323
318 319
318 1324
317 318
317 1325
316 317
316 1326
315 316
315 1327
314 315
314 1328
313 314
313 1329
312 313
312 1330
311 312
311 1331
310 311
310 1332
309 310
309 1333
308 309
308 1334
307 308
307 1335
306 307
306 1336
305 306
305 1337
304 305
304 1338
303 304
303 1339
302 303
302 1340
301 302
301 1341
300 301
300 1342
299 300
299 1343
298 299
298 1344
297 298
297 1345
296 297
296 1346
295 296
295 1347
294 295
294 1348
293 294
293 1349
292 293
292 1350
291 292
291 1351
290 291
290 1352
289 290
289 1353
288 289
288 1354
287 288
287 1355
286 287
286 1356
285 286
285 1357
284 285
284 1358
283 284
283 1359
282 283
282 1360
281 282
281 1361
280 281
280 1362
279 280
279 1363
278 279
278 1364
277 278
277 1365
276 277
276 1366
275 276
275 1367
274 275
274 1368
273 274
273 1369
272 273
272 1370
271 272
271 1371
270 271
270 1372
269 270
269 1373
268 269
268 1374
267 268
267 1375
266 267
266 1376
265 266
265 1377
264 265
264 1378
263 264
263 1379
262 263
262 1380
261 262
261 1381
260 261
260 1382
259 260
259 1383
258 259
258 1384
257 258
257 1385
256 257
256 1386
255 256
255 1387
254 255
254 1388
253 254
253 1389
252 253
252 1390
251 252
251 1391
250 251
250 1392
249 250
249 1393
248 249
248 1394
247 248
247 1395
246 247
246 1396
245 246
245 1397
244 245
244 1398
243 244
243 1399
242 243
242 1400
241 242
241 1401
240 241
240 1402
239 240
239 1403
238 239
238 1404
237 238
237 1405
236 237
236 1406
235 236
235 1407
234 235
234 1408
233 234
233 1409
232 233
232 1410
231 232
231 1411
230 231
230 1412
229 230
229 1413
228 229
228 1414
227 228
227 1415
226 227
226 1416
225 226
225 1417
224 225
224 1418
223 224
223 1419
222 223
222 1420
221 222
221 1421
220 221
220 1422
219 220
219 1423
218 219
218 1424
217 218
217 1425
216 217
216 1426
215 216
215 1427
214 215
214 1428
213 214
213 1429
212 213
212 1430
211 212
211 1431
210 211
210 1432
209 210
209 1433
208 209
208 1434
207 208
207 1435
206 207
206 1436
205 206
205 1437
204 205
204 1438
203 204
203 1439
202 203
202 1440
201 202
201 1441
200 201
200 1442
199 200
199 1443
198 199
198 1444
197 198
197 1445
196 197
196 1446
195 196
195 1447
194 195
194 1448
193 194
193 1449
192 193
192 1450
191 192
191 1451
190 191
190 1452
189 190
189 1453
188 189
188 1454
187 188
187 1455
186 187
186 1456
185 186
185 1457
184 185
184 1458
183 184
183 1459
182 183
182 1460
181 182
181 1461
180 181
180 1462
179 180
179 1463
178 179
178 1464
177 178
177 1465
176 177
176 1466
175 176
175 1467
174 175
174 1468
173 174
173 1469
172 173
172 1470
171 172
171 1471
170 171
170 1472
169 170
169 1473
168 169
168 1474
167 168
167 1475
166 167
166 1476
165 166
165 1477
164 165
164 1478
163 164
163 1479
162 163
162 1480
161 162
161 1481
160 161
160 1482
159 160
159 1483
158 159
158 1484
157 158
157 1485
156 157
156 1486
155 156
155 1487
154 155
154 1488
153 154
153 1489
152 153
152 1490
151 152
151 1491
150 151
150 1492
149 150
149 1493
148 149
148 1494
147 148
147 1495
146 147
146 1496
145 146
145 1497
144 145
144 1498
143 144
143 1499
142 143
142 1500
141 142
141 1501
140 141
140 1502
139 140
139 1503
138 139
138 1504
137 138
137 1505
136 137
136 1506
135 136
135 1507
134 135
134 1508
133 134
133 1509
132 133
132 1510
131 132
131 1511
130 131
130 1512
129 130
129 1513
128 129
128 1514
127 128
127 1515
126 127
126 1516
125 126
125 1517
124 125
124 1518
123 124
123 1519
122 123
122 1520
121 122
121 1521
120 121
120 1522
119 120
119 1523
118 119
118 1524
117 118
117 1525
116 117
116 1526
115 116
115 1527
114 115
114 1528
113 114
113 1529
112 113
112 1530
111 112
111 1531
110 111
110 1532
109 110
109 1533
108 109
108 1534
107 108
107 1535
106 107
106 1536
105 106
105 1537
104 105
104 1538
103 104
103 1539
102 103
102 1540
101 102
101 1541
100 101
100 1542
99 100
99 1543
98 99
98 1544
97 98
97 1545
96 97
96 1546
95 96
95 1547
94 95
94 1548
93 94
93 1549
92 93
92 1550
91 92
91 1551
90 91
90 1552
89 90
89 1553
88 89
88 1554
87 88
87 1555
86 87
86 1556
85 86
85 1557
84 85
84 1558
83 84
83 1559
82 83
82 1560
81 82
81 1561
80 81
80 1562
79 80
79 1563
78 79
78 1564
77 78
77 1565
76 77
76 1566
75 76
75 1567
74 75
74 1568
73 74
73 1569
72 73
72 1570
71 72
71 1571
70 71
70 1572
69 70
69 1573
68 69
68 1574
67 68
67 1575
66 67
66 1576
65 66
65 1577
64 65
64 1578
63 64
63 1579
62 63
62 1580
61 62
61 1581
60 61
60 1582
59 60
59 1583
58 59
58 1584
57 58
57 1585
56 57
56 1586
55 56
55 1587
54 55
54 1588
53 54
53 1589
52 53
52 1590
51 52
51 1591
50 51
50 1592
49 50
49 1593
48 49
48 1594
47 48
47 1595
46 47
46 1596
45 46
45 1597
44 45
44 1598
43 44
43 1599
42 43
42 1600
41 42
41 1601
40 41
40 1602
39 40
39 1603
38 39
38 1604
37 38
37 1605
36 37
36 1606
35 36
35 1607
34 35
34 1608
33 34
33 1609
32 33
32 1610
31 32
31 1611
30 31
30 1612
29 30
29 1613
28 29
28 1614
27 28
27 1615
26 27
26 1616
25 26
25 1617
24 25
24 1618
23 24
23 1619
22 23
22 1620
21 22
21 1621
20 21
20 1622
19 20
19 1623
18 19
18 1624
17 18
17 1625
16 17
16 1626
15 16
15 1627
14 15
14 1628
13 14
13 1629
12 13
12 1630
11 12
11 1631
10 11
10 1632
9 10
9 1633
8 9
8 1634
7 8
7 1635
6 7
6 1636
5 6
5 1637
4 5
4 1638
3 4
3 1639
2 3
2 1640
1 2
1 1641
