1703 33186050
851 852
851 853
850 851
850 854
849 850
849 855
848 849
848 856
847 848
847 857
846 847
846 858
845 846
845 859
844 845
844 860
843 844
843 861
842 843
842 862
841 842
841 863
840 841
840 864
839 840
839 865
838 839
838 866
837 838
837 867
836 837
836 868
835 836
835 869
834 835
834 870
833 834
833 871
832 833
832 872
831 832
831 873
830 831
830 874
829 830
829 875
828 829
828 876
827 828
827 877
826 827
826 878
825 826
825 879
824 825
824 880
823 824
823 881
822 823
822 882
821 822
821 883
820 821
820 884
819 820
819 885
818 819
818 886
817 818
817 887
816 817
816 888
815 816
815 889
814 815
814 890
813 814
813 891
812 813
812 892
811 812
811 893
810 811
810 894
809 810
809 895
808 809
808 896
807 808
807 897
806 807
806 898
805 806
805 899
804 805
804 900
803 804
803 901
802 803
802 902
801 802
801 903
800 801
800 904
799 800
799 905
798 799
798 906
797 798
797 907
796 797
796 908
795 796
795 909
794 795
794 910
793 794
793 911
792 793
792 912
791 792
791 913
790 791
790 914
789 790
789 915
788 789
788 916
787 788
787 917
786 787
786 918
785 786
785 919
784 785
784 920
783 784
783 921
782 783
782 922
781 782
781 923
780 781
780 924
779 780
779 925
778 779
778 926
777 778
777 927
776 777
776 928
775 776
775 929
774 775
774 930
773 774
773 931
772 773
772 932
771 772
771 933
770 771
770 934
769 770
769 935
768 769
768 936
767 768
767 937
766 767
766 938
765 766
765 939
764 765
764 940
763 764
763 941
762 763
762 942
761 762
761 943
760 761
760 944
759 760
759 945
758 759
758 946
757 758
757 947
756 757
756 948
755 756
755 949
754 755
754 950
753 754
753 951
752 753
752 952
751 752
751 953
750 751
750 954
749 750
749 955
748 749
748 956
747 748
747 957
746 747
746 958
745 746
745 959
744 745
744 960
743 744
743 961
742 743
742 962
741 742
741 963
740 741
740 964
739 740
739 965
738 739
738 966
737 738
737 967
736 737
736 968
735 736
735 969
734 735
734 970
733 734
733 971
732 733
732 972
731 732
731 973
730 731
730 974
729 730
729 975
728 729
728 976
727 728
727 977
726 727
726 978
725 726
725 979
724 725
724 980
723 724
723 981
722 723
722 982
721 722
721 983
720 721
720 984
719 720
719 985
718 719
718 986
717 718
717 987
716 717
716 988
715 716
715 989
714 715
714 990
713 714
713 991
712 713
712 992
711 712
711 993
710 711
710 994
709 710
709 995
708 709
708 996
707 708
707 997
706 707
706 998
705 706
705 999
704 705
704 1000
703 704
703 1001
702 703
702 1002
701 702
701 1003
700 701
700 1004
699 700
699 1005
698 699
698 1006
697 698
697 1007
696 697
696 1008
695 696
695 1009
694 695
694 1010
693 694
693 1011
692 693
692 1012
691 692
691 1013
690 691
690 1014
689 690
689 1015
688 689
688 1016
687 688
687 1017
686 687
686 1018
685 686
685 1019
684 685
684 1020
683 684
683 1021
682 683
682 1022
681 682
681 1023
680 681
680 1024
679 680
679 1025
678 679
678 1026
677 678
677 1027
676 677
676 1028
675 676
675 1029
674 675
674 1030
673 674
673 1031
672 673
672 1032
671 672
671 1033
670 671
670 1034
669 670
669 1035
668 669
668 1036
667 668
667 1037
666 667
666 1038
665 666
665 1039
664 665
664 1040
663 664
663 1041
662 663
662 1042
661 662
661 1043
660 661
660 1044
659 660
659 1045
658 659
658 1046
657 658
657 1047
656 657
656 1048
655 656
655 1049
654 655
654 1050
653 654
653 1051
652 653
652 1052
651 652
651 1053
650 651
650 1054
649 650
649 1055
648 649
648 1056
647 648
647 1057
646 647
646 1058
645 646
645 1059
644 645
644 1060
643 644
643 1061
642 643
642 1062
641 642
641 1063
640 641
640 1064
639 640
639 1065
638 639
638 1066
637 638
637 1067
636 637
636 1068
635 636
635 1069
634 635
634 1070
633 634
633 1071
632 633
632 1072
631 632
631 1073
630 631
630 1074
629 630
629 1075
628 629
628 1076
627 628
627 1077
626 627
626 1078
625 626
625 1079
624 625
624 1080
623 624
623 1081
622 623
622 1082
621 622
621 1083
620 621
620 1084
619 620
619 1085
618 619
618 1086
617 618
617 1087
616 617
616 1088
615 616
615 1089
614 615
614 1090
613 614
613 1091
612 613
612 1092
611 612
611 1093
610 611
610 1094
609 610
609 1095
608 609
608 1096
607 608
607 1097
606 607
606 1098
605 606
605 1099
604 605
604 1100
603 604
603 1101
602 603
602 1102
601 602
601 1103
600 601
600 1104
599 600
599 1105
598 599
598 1106
597 598
597 1107
596 597
596 1108
595 596
595 1109
594 595
594 1110
593 594
593 1111
592 593
592 1112
591 592
591 1113
590 591
590 1114
589 590
589 1115
588 589
588 1116
587 588
587 1117
586 587
586 1118
585 586
585 1119
584 585
584 1120
583 584
583 1121
582 583
582 1122
581 582
581 1123
580 581
580 1124
579 580
579 1125
578 579
578 1126
577 578
577 1127
576 577
576 1128
575 576
575 1129
574 575
574 1130
573 574
573 1131
572 573
572 1132
571 572
571 1133
570 571
570 1134
569 570
569 1135
568 569
568 1136
567 568
567 1137
566 567
566 1138
565 566
565 1139
564 565
564 1140
563 564
563 1141
562 563
562 1142
561 562
561 1143
560 561
560 1144
559 560
559 1145
558 559
558 1146
557 558
557 1147
556 557
556 1148
555 556
555 1149
554 555
554 1150
553 554
553 1151
552 553
552 1152
551 552
551 1153
550 551
550 1154
549 550
549 1155
548 549
548 1156
547 548
547 1157
546 547
546 1158
545 546
545 1159
544 545
544 1160
543 544
543 1161
542 543
542 1162
541 542
541 1163
540 541
540 1164
539 540
539 1165
538 539
538 1166
537 538
537 1167
536 537
536 1168
535 536
535 1169
534 535
534 1170
533 534
533 1171
532 533
532 1172
531 532
531 1173
530 531
530 1174
529 530
529 1175
528 529
528 1176
527 528
527 1177
526 527
526 1178
525 526
525 1179
524 525
524 1180
523 524
523 1181
522 523
522 1182
521 522
521 1183
520 521
520 1184
519 520
519 1185
518 519
518 1186
517 518
517 1187
516 517
516 1188
515 516
515 1189
514 515
514 1190
513 514
513 1191
512 513
512 1192
511 512
511 1193
510 511
510 1194
509 510
509 1195
508 509
508 1196
507 508
507 1197
506 507
506 1198
505 506
505 1199
504 505
504 1200
503 504
503 1201
502 503
502 1202
501 502
501 1203
500 501
500 1204
499 500
499 1205
498 499
498 1206
497 498
497 1207
496 497
496 1208
495 496
495 1209
494 495
494 1210
493 494
493 1211
492 493
492 1212
491 492
491 1213
490 491
490 1214
489 490
489 1215
488 489
488 1216
487 488
487 1217
486 487
486 1218
485 486
485 1219
484 485
484 1220
483 484
483 1221
482 483
482 1222
481 482
481 1223
480 481
480 1224
479 480
479 1225
478 479
478 1226
477 478
477 1227
476 477
476 1228
475 476
475 1229
474 475
474 1230
473 474
473 1231
472 473
472 1232
471 472
471 1233
470 471
470 1234
469 470
469 1235
468 469
468 1236
467 468
467 1237
466 467
466 1238
465 466
465 1239
464 465
464 1240
463 464
463 1241
462 463
462 1242
461 462
461 1243
460 461
460 1244
459 460
459 1245
458 459
458 1246
457 458
457 1247
456 457
456 1248
455 456
455 1249
454 455
454 1250
453 454
453 1251
452 453
452 1252
451 452
451 1253
450 451
450 1254
449 450
449 1255
448 449
448 1256
447 448
447 1257
446 447
446 1258
445 446
445 1259
444 445
444 1260
443 444
443 1261
442 443
442 1262
441 442
441 1263
440 441
440 1264
439 440
439 1265
438 439
438 1266
437 438
437 1267
436 437
436 1268
435 436
435 1269
434 435
434 1270
433 434
433 1271
432 433
432 1272
431 432
431 1273
430 431
430 1274
429 430
429 1275
428 429
428 1276
427 428
427 1277
426 427
426 1278
425 426
425 1279
424 425
424 1280
423 424
423 1281
422 423
422 1282
421 422
421 1283
420 421
420 1284
419 420
419 1285
418 419
418 1286
417 418
417 1287
416 417
416 1288
415 416
415 1289
414 415
414 1290
413 414
413 1291
412 413
412 1292
411 412
411 1293
410 411
410 1294
409 410
409 1295
408 409
408 1296
407 408
407 1297
406 407
406 1298
405 406
405 1299
404 405
404 1300
403 404
403 1301
402 403
402 1302
401 402
401 1303
400 401
400 1304
399 400
399 1305
398 399
398 1306
397 398
397 1307
396 397
396 1308
395 396
395 1309
394 395
394 1310
393 394
393 1311
392 393
392 1312
391 392
391 1313
390 391
390 1314
389 390
389 1315
388 389
388 1316
387 388
387 1317
386 387
386 1318
385 386
385 1319
384 385
384 1320
383 384
383 1321
382 383
382 1322
381 382
381 1323
380 381
380 1324
379 380
379 1325
378 379
378 1326
377 378
377 1327
376 377
376 1328
375 376
375 1329
374 375
374 1330
373 374
373 1331
372 373
372 1332
371 372
371 1333
370 371
370 1334
369 370
369 1335
368 369
368 1336
367 368
367 1337
366 367
366 1338
365 366
365 1339
364 365
364 1340
363 364
363 1341
362 363
362 1342
361 362
361 1343
360 361
360 1344
359 360
359 1345
358 359
358 1346
357 358
357 1347
356 357
356 1348
355 356
355 1349
354 355
354 1350
353 354
353 1351
352 353
352 1352
351 352
351 1353
350 351
350 1354
349 350
349 1355
348 349
348 1356
347 348
347 1357
346 347
346 1358
345 346
345 1359
344 345
344 1360
343 344
343 1361
342 343
342 1362
341 342
341 1363
340 341
340 1364
339 340
339 1365
338 339
338 1366
337 338
337 1367
336 337
336 1368
335 336
335 1369
334 335
334 1370
333 334
333 1371
332 333
332 1372
331 332
331 1373
330 331
330 1374
329 330
329 1375
328 329
328 1376
327 328
327 1377
326 327
326 1378
325 326
325 1379
324 325
324 1380
323 324
323 1381
322 323
322 1382
321 322
321 1383
320 321
320 1384
319 320
319 1385
318 319
318 1386
317 318
317 1387
316 317
316 1388
315 316
315 1389
314 315
314 1390
313 314
313 1391
312 313
312 1392
311 312
311 1393
310 311
310 1394
309 310
309 1395
308 309
308 1396
307 308
307 1397
306 307
306 1398
305 306
305 1399
304 305
304 1400
303 304
303 1401
302 303
302 1402
301 302
301 1403
300 301
300 1404
299 300
299 1405
298 299
298 1406
297 298
297 1407
296 297
296 1408
295 296
295 1409
294 295
294 1410
293 294
293 1411
292 293
292 1412
291 292
291 1413
290 291
290 1414
289 290
289 1415
288 289
288 1416
287 288
287 1417
286 287
286 1418
285 286
285 1419
284 285
284 1420
283 284
283 1421
282 283
282 1422
281 282
281 1423
280 281
280 1424
279 280
279 1425
278 279
278 1426
277 278
277 1427
276 277
276 1428
275 276
275 1429
274 275
274 1430
273 274
273 1431
272 273
272 1432
271 272
271 1433
270 271
270 1434
269 270
269 1435
268 269
268 1436
267 268
267 1437
266 267
266 1438
265 266
265 1439
264 265
264 1440
263 264
263 1441
262 263
262 1442
261 262
261 1443
260 261
260 1444
259 260
259 1445
258 259
258 1446
257 258
257 1447
256 257
256 1448
255 256
255 1449
254 255
254 1450
253 254
253 1451
252 253
252 1452
251 252
251 1453
250 251
250 1454
249 250
249 1455
248 249
248 1456
247 248
247 1457
246 247
246 1458
245 246
245 1459
244 245
244 1460
243 244
243 1461
242 243
242 1462
241 242
241 1463
240 241
240 1464
239 240
239 1465
238 239
238 1466
237 238
237 1467
236 237
236 1468
235 236
235 1469
234 235
234 1470
233 234
233 1471
232 233
232 1472
231 232
231 1473
230 231
230 1474
229 230
229 1475
228 229
228 1476
227 228
227 1477
226 227
226 1478
225 226
225 1479
224 225
224 1480
223 224
223 1481
222 223
222 1482
221 222
221 1483
220 221
220 1484
219 220
219 1485
218 219
218 1486
217 218
217 1487
216 217
216 1488
215 216
215 1489
214 215
214 1490
213 214
213 1491
212 213
212 1492
211 212
211 1493
210 211
210 1494
209 210
209 1495
208 209
208 1496
207 208
207 1497
206 207
206 1498
205 206
205 1499
204 205
204 1500
203 204
203 1501
202 203
202 1502
201 202
201 1503
200 201
200 1504
199 200
199 1505
198 199
198 1506
197 198
197 1507
196 197
196 1508
195 196
195 1509
194 195
194 1510
193 194
193 1511
192 193
192 1512
191 192
191 1513
190 191
190 1514
189 190
189 1515
188 189
188 1516
187 188
187 1517
186 187
186 1518
185 186
185 1519
184 185
184 1520
183 184
183 1521
182 183
182 1522
181 182
181 1523
180 181
180 1524
179 180
179 1525
178 179
178 1526
177 178
177 1527
176 177
176 1528
175 176
175 1529
174 175
174 1530
173 174
173 1531
172 173
172 1532
171 172
171 1533
170 171
170 1534
169 170
169 1535
168 169
168 1536
167 168
167 1537
166 167
166 1538
165 166
165 1539
164 165
164 1540
163 164
163 1541
162 163
162 1542
161 162
161 1543
160 161
160 1544
159 160
159 1545
158 159
158 1546
157 158
157 1547
156 157
156 1548
155 156
155 1549
154 155
154 1550
153 154
153 1551
152 153
152 1552
151 152
151 1553
150 151
150 1554
149 150
149 1555
148 149
148 1556
147 148
147 1557
146 147
146 1558
145 146
145 1559
144 145
144 1560
143 144
143 1561
142 143
142 1562
141 142
141 1563
140 141
140 1564
139 140
139 1565
138 139
138 1566
137 138
137 1567
136 137
136 1568
135 136
135 1569
134 135
134 1570
133 134
133 1571
132 133
132 1572
131 132
131 1573
130 131
130 1574
129 130
129 1575
128 129
128 1576
127 128
127 1577
126 127
126 1578
125 126
125 1579
124 125
124 1580
123 124
123 1581
122 123
122 1582
121 122
121 1583
120 121
120 1584
119 120
119 1585
118 119
118 1586
117 118
117 1587
116 117
116 1588
115 116
115 1589
114 115
114 1590
113 114
113 1591
112 113
112 1592
111 112
111 1593
110 111
110 1594
109 110
109 1595
108 109
108 1596
107 108
107 1597
106 107
106 1598
105 106
105 1599
104 105
104 1600
103 104
103 1601
102 103
102 1602
101 102
101 1603
100 101
100 1604
99 100
99 1605
98 99
98 1606
97 98
97 1607
96 97
96 1608
95 96
95 1609
94 95
94 1610
93 94
93 1611
92 93
92 1612
91 92
91 1613
90 91
90 1614
89 90
89 1615
88 89
88 1616
87 88
87 1617
86 87
86 1618
85 86
85 1619
84 85
84 1620
83 84
83 1621
82 83
82 1622
81 82
81 1623
80 81
80 1624
79 80
79 1625
78 79
78 1626
77 78
77 1627
76 77
76 1628
75 76
75 1629
74 75
74 1630
73 74
73 1631
72 73
72 1632
71 72
71 1633
70 71
70 1634
69 70
69 1635
68 69
68 1636
67 68
67 1637
66 67
66 1638
65 66
65 1639
64 65
64 1640
63 64
63 1641
62 63
62 1642
61 62
61 1643
60 61
60 1644
59 60
59 1645
58 59
58 1646
57 58
57 1647
56 57
56 1648
55 56
55 1649
54 55
54 1650
53 54
53 1651
52 53
52 1652
51 52
51 1653
50 51
50 1654
49 50
49 1655
48 49
48 1656
47 48
47 1657
46 47
46 1658
45 46
45 1659
44 45
44 1660
43 44
43 1661
42 43
42 1662
41 42
41 1663
40 41
40 1664
39 40
39 1665
38 39
38 1666
37 38
37 1667
36 37
36 1668
35 36
35 1669
34 35
34 1670
33 34
33 1671
32 33
32 1672
31 32
31 1673
30 31
30 1674
29 30
29 1675
28 29
28 1676
27 28
27 1677
26 27
26 1678
25 26
25 1679
24 25
24 1680
23 24
23 1681
22 23
22 1682
21 22
21 1683
20 21
20 1684
19 20
19 1685
18 19
18 1686
17 18
17 1687
16 17
16 1688
15 16
15 1689
14 15
14 1690
13 14
13 1691
12 13
12 1692
11 12
11 1693
10 11
10 1694
9 10
9 1695
8 9
8 1696
7 8
7 1697
6 7
6 1698
5 6
5 1699
4 5
4 1700
3 4
3 1701
2 3
2 1702
1 2
1 1703
1 1704
