1673 24479277
558 559
558 560
558 561
557 558
557 562
557 563
556 557
556 564
556 565
555 556
555 566
555 567
554 555
554 568
554 569
553 554
553 570
553 571
552 553
552 572
552 573
551 552
551 574
551 575
550 551
550 576
550 577
549 550
549 578
549 579
548 549
548 580
548 581
547 548
547 582
547 583
546 547
546 584
546 585
545 546
545 586
545 587
544 545
544 588
544 589
543 544
543 590
543 591
542 543
542 592
542 593
541 542
541 594
541 595
540 541
540 596
540 597
539 540
539 598
539 599
538 539
538 600
538 601
537 538
537 602
537 603
536 537
536 604
536 605
535 536
535 606
535 607
534 535
534 608
534 609
533 534
533 610
533 611
532 533
532 612
532 613
531 532
531 614
531 615
530 531
530 616
530 617
529 530
529 618
529 619
528 529
528 620
528 621
527 528
527 622
527 623
526 527
526 624
526 625
525 526
525 626
525 627
524 525
524 628
524 629
523 524
523 630
523 631
522 523
522 632
522 633
521 522
521 634
521 635
520 521
520 636
520 637
519 520
519 638
519 639
518 519
518 640
518 641
517 518
517 642
517 643
516 517
516 644
516 645
515 516
515 646
515 647
514 515
514 648
514 649
513 514
513 650
513 651
512 513
512 652
512 653
511 512
511 654
511 655
510 511
510 656
510 657
509 510
509 658
509 659
508 509
508 660
508 661
507 508
507 662
507 663
506 507
506 664
506 665
505 506
505 666
505 667
504 505
504 668
504 669
503 504
503 670
503 671
502 503
502 672
502 673
501 502
501 674
501 675
500 501
500 676
500 677
499 500
499 678
499 679
498 499
498 680
498 681
497 498
497 682
497 683
496 497
496 684
496 685
495 496
495 686
495 687
494 495
494 688
494 689
493 494
493 690
493 691
492 493
492 692
492 693
491 492
491 694
491 695
490 491
490 696
490 697
489 490
489 698
489 699
488 489
488 700
488 701
487 488
487 702
487 703
486 487
486 704
486 705
485 486
485 706
485 707
484 485
484 708
484 709
483 484
483 710
483 711
482 483
482 712
482 713
481 482
481 714
481 715
480 481
480 716
480 717
479 480
479 718
479 719
478 479
478 720
478 721
477 478
477 722
477 723
476 477
476 724
476 725
475 476
475 726
475 727
474 475
474 728
474 729
473 474
473 730
473 731
472 473
472 732
472 733
471 472
471 734
471 735
470 471
470 736
470 737
469 470
469 738
469 739
468 469
468 740
468 741
467 468
467 742
467 743
466 467
466 744
466 745
465 466
465 746
465 747
464 465
464 748
464 749
463 464
463 750
463 751
462 463
462 752
462 753
461 462
461 754
461 755
460 461
460 756
460 757
459 460
459 758
459 759
458 459
458 760
458 761
457 458
457 762
457 763
456 457
456 764
456 765
455 456
455 766
455 767
454 455
454 768
454 769
453 454
453 770
453 771
452 453
452 772
452 773
451 452
451 774
451 775
450 451
450 776
450 777
449 450
449 778
449 779
448 449
448 780
448 781
447 448
447 782
447 783
446 447
446 784
446 785
445 446
445 786
445 787
444 445
444 788
444 789
443 444
443 790
443 791
442 443
442 792
442 793
441 442
441 794
441 795
440 441
440 796
440 797
439 440
439 798
439 799
438 439
438 800
438 801
437 438
437 802
437 803
436 437
436 804
436 805
435 436
435 806
435 807
434 435
434 808
434 809
433 434
433 810
433 811
432 433
432 812
432 813
431 432
431 814
431 815
430 431
430 816
430 817
429 430
429 818
429 819
428 429
428 820
428 821
427 428
427 822
427 823
426 427
426 824
426 825
425 426
425 826
425 827
424 425
424 828
424 829
423 424
423 830
423 831
422 423
422 832
422 833
421 422
421 834
421 835
420 421
420 836
420 837
419 420
419 838
419 839
418 419
418 840
418 841
417 418
417 842
417 843
416 417
416 844
416 845
415 416
415 846
415 847
414 415
414 848
414 849
413 414
413 850
413 851
412 413
412 852
412 853
411 412
411 854
411 855
410 411
410 856
410 857
409 410
409 858
409 859
408 409
408 860
408 861
407 408
407 862
407 863
406 407
406 864
406 865
405 406
405 866
405 867
404 405
404 868
404 869
403 404
403 870
403 871
402 403
402 872
402 873
401 402
401 874
401 875
400 401
400 876
400 877
399 400
399 878
399 879
398 399
398 880
398 881
397 398
397 882
397 883
396 397
396 884
396 885
395 396
395 886
395 887
394 395
394 888
394 889
393 394
393 890
393 891
392 393
392 892
392 893
391 392
391 894
391 895
390 391
390 896
390 897
389 390
389 898
389 899
388 389
388 900
388 901
387 388
387 902
387 903
386 387
386 904
386 905
385 386
385 906
385 907
384 385
384 908
384 909
383 384
383 910
383 911
382 383
382 912
382 913
381 382
381 914
381 915
380 381
380 916
380 917
379 380
379 918
379 919
378 379
378 920
378 921
377 378
377 922
377 923
376 377
376 924
376 925
375 376
375 926
375 927
374 375
374 928
374 929
373 374
373 930
373 931
372 373
372 932
372 933
371 372
371 934
371 935
370 371
370 936
370 937
369 370
369 938
369 939
368 369
368 940
368 941
367 368
367 942
367 943
366 367
366 944
366 945
365 366
365 946
365 947
364 365
364 948
364 949
363 364
363 950
363 951
362 363
362 952
362 953
361 362
361 954
361 955
360 361
360 956
360 957
359 360
359 958
359 959
358 359
358 960
358 961
357 358
357 962
357 963
356 357
356 964
356 965
355 356
355 966
355 967
354 355
354 968
354 969
353 354
353 970
353 971
352 353
352 972
352 973
351 352
351 974
351 975
350 351
350 976
350 977
349 350
349 978
349 979
348 349
348 980
348 981
347 348
347 982
347 983
346 347
346 984
346 985
345 346
345 986
345 987
344 345
344 988
344 989
343 344
343 990
343 991
342 343
342 992
342 993
341 342
341 994
341 995
340 341
340 996
340 997
339 340
339 998
339 999
338 339
338 1000
338 1001
337 338
337 1002
337 1003
336 337
336 1004
336 1005
335 336
335 1006
335 1007
334 335
334 1008
334 1009
333 334
333 1010
333 1011
332 333
332 1012
332 1013
331 332
331 1014
331 1015
330 331
330 1016
330 1017
329 330
329 1018
329 1019
328 329
328 1020
328 1021
327 328
327 1022
327 1023
326 327
326 1024
326 1025
325 326
325 1026
325 1027
324 325
324 1028
324 1029
323 324
323 1030
323 1031
322 323
322 1032
322 1033
321 322
321 1034
321 1035
320 321
320 1036
320 1037
319 320
319 1038
319 1039
318 319
318 1040
318 1041
317 318
317 1042
317 1043
316 317
316 1044
316 1045
315 316
315 1046
315 1047
314 315
314 1048
314 1049
313 314
313 1050
313 1051
312 313
312 1052
312 1053
311 312
311 1054
311 1055
310 311
310 1056
310 1057
309 310
309 1058
309 1059
308 309
308 1060
308 1061
307 308
307 1062
307 1063
306 307
306 1064
306 1065
305 306
305 1066
305 1067
304 305
304 1068
304 1069
303 304
303 1070
303 1071
302 303
302 1072
302 1073
301 302
301 1074
301 1075
300 301
300 1076
300 1077
299 300
299 1078
299 1079
298 299
298 1080
298 1081
297 298
297 1082
297 1083
296 297
296 1084
296 1085
295 296
295 1086
295 1087
294 295
294 1088
294 1089
293 294
293 1090
293 1091
292 293
292 1092
292 1093
291 292
291 1094
291 1095
290 291
290 1096
290 1097
289 290
289 1098
289 1099
288 289
288 1100
288 1101
287 288
287 1102
287 1103
286 287
286 1104
286 1105
285 286
285 1106
285 1107
284 285
284 1108
284 1109
283 284
283 1110
283 1111
282 283
282 1112
282 1113
281 282
281 1114
281 1115
280 281
280 1116
280 1117
279 280
279 1118
279 1119
278 279
278 1120
278 1121
277 278
277 1122
277 1123
276 277
276 1124
276 1125
275 276
275 1126
275 1127
274 275
274 1128
274 1129
273 274
273 1130
273 1131
272 273
272 1132
272 1133
271 272
271 1134
271 1135
270 271
270 1136
270 1137
269 270
269 1138
269 1139
268 269
268 1140
268 1141
267 268
267 1142
267 1143
266 267
266 1144
266 1145
265 266
265 1146
265 1147
264 265
264 1148
264 1149
263 264
263 1150
263 1151
262 263
262 1152
262 1153
261 262
261 1154
261 1155
260 261
260 1156
260 1157
259 260
259 1158
259 1159
258 259
258 1160
258 1161
257 258
257 1162
257 1163
256 257
256 1164
256 1165
255 256
255 1166
255 1167
254 255
254 1168
254 1169
253 254
253 1170
253 1171
252 253
252 1172
252 1173
251 252
251 1174
251 1175
250 251
250 1176
250 1177
249 250
249 1178
249 1179
248 249
248 1180
248 1181
247 248
247 1182
247 1183
246 247
246 1184
246 1185
245 246
245 1186
245 1187
244 245
244 1188
244 1189
243 244
243 1190
243 1191
242 243
242 1192
242 1193
241 242
241 1194
241 1195
240 241
240 1196
240 1197
239 240
239 1198
239 1199
238 239
238 1200
238 1201
237 238
237 1202
237 1203
236 237
236 1204
236 1205
235 236
235 1206
235 1207
234 235
234 1208
234 1209
233 234
233 1210
233 1211
232 233
232 1212
232 1213
231 232
231 1214
231 1215
230 231
230 1216
230 1217
229 230
229 1218
229 1219
228 229
228 1220
228 1221
227 228
227 1222
227 1223
226 227
226 1224
226 1225
225 226
225 1226
225 1227
224 225
224 1228
224 1229
223 224
223 1230
223 1231
222 223
222 1232
222 1233
221 222
221 1234
221 1235
220 221
220 1236
220 1237
219 220
219 1238
219 1239
218 219
218 1240
218 1241
217 218
217 1242
217 1243
216 217
216 1244
216 1245
215 216
215 1246
215 1247
214 215
214 1248
214 1249
213 214
213 1250
213 1251
212 213
212 1252
212 1253
211 212
211 1254
211 1255
210 211
210 1256
210 1257
209 210
209 1258
209 1259
208 209
208 1260
208 1261
207 208
207 1262
207 1263
206 207
206 1264
206 1265
205 206
205 1266
205 1267
204 205
204 1268
204 1269
203 204
203 1270
203 1271
202 203
202 1272
202 1273
201 202
201 1274
201 1275
200 201
200 1276
200 1277
199 200
199 1278
199 1279
198 199
198 1280
198 1281
197 198
197 1282
197 1283
196 197
196 1284
196 1285
195 196
195 1286
195 1287
194 195
194 1288
194 1289
193 194
193 1290
193 1291
192 193
192 1292
192 1293
191 192
191 1294
191 1295
190 191
190 1296
190 1297
189 190
189 1298
189 1299
188 189
188 1300
188 1301
187 188
187 1302
187 1303
186 187
186 1304
186 1305
185 186
185 1306
185 1307
184 185
184 1308
184 1309
183 184
183 1310
183 1311
182 183
182 1312
182 1313
181 182
181 1314
181 1315
180 181
180 1316
180 1317
179 180
179 1318
179 1319
178 179
178 1320
178 1321
177 178
177 1322
177 1323
176 177
176 1324
176 1325
175 176
175 1326
175 1327
174 175
174 1328
174 1329
173 174
173 1330
173 1331
172 173
172 1332
172 1333
171 172
171 1334
171 1335
170 171
170 1336
170 1337
169 170
169 1338
169 1339
168 169
168 1340
168 1341
167 168
167 1342
167 1343
166 167
166 1344
166 1345
165 166
165 1346
165 1347
164 165
164 1348
164 1349
163 164
163 1350
163 1351
162 163
162 1352
162 1353
161 162
161 1354
161 1355
160 161
160 1356
160 1357
159 160
159 1358
159 1359
158 159
158 1360
158 1361
157 158
157 1362
157 1363
156 157
156 1364
156 1365
155 156
155 1366
155 1367
154 155
154 1368
154 1369
153 154
153 1370
153 1371
152 153
152 1372
152 1373
151 152
151 1374
151 1375
150 151
150 1376
150 1377
149 150
149 1378
149 1379
148 149
148 1380
148 1381
147 148
147 1382
147 1383
146 147
146 1384
146 1385
145 146
145 1386
145 1387
144 145
144 1388
144 1389
143 144
143 1390
143 1391
142 143
142 1392
142 1393
141 142
141 1394
141 1395
140 141
140 1396
140 1397
139 140
139 1398
139 1399
138 139
138 1400
138 1401
137 138
137 1402
137 1403
136 137
136 1404
136 1405
135 136
135 1406
135 1407
134 135
134 1408
134 1409
133 134
133 1410
133 1411
132 133
132 1412
132 1413
131 132
131 1414
131 1415
130 131
130 1416
130 1417
129 130
129 1418
129 1419
128 129
128 1420
128 1421
127 128
127 1422
127 1423
126 127
126 1424
126 1425
125 126
125 1426
125 1427
124 125
124 1428
124 1429
123 124
123 1430
123 1431
122 123
122 1432
122 1433
121 122
121 1434
121 1435
120 121
120 1436
120 1437
119 120
119 1438
119 1439
118 119
118 1440
118 1441
117 118
117 1442
117 1443
116 117
116 1444
116 1445
115 116
115 1446
115 1447
114 115
114 1448
114 1449
113 114
113 1450
113 1451
112 113
112 1452
112 1453
111 112
111 1454
111 1455
110 111
110 1456
110 1457
109 110
109 1458
109 1459
108 109
108 1460
108 1461
107 108
107 1462
107 1463
106 107
106 1464
106 1465
105 106
105 1466
105 1467
104 105
104 1468
104 1469
103 104
103 1470
103 1471
102 103
102 1472
102 1473
101 102
101 1474
101 1475
100 101
100 1476
100 1477
99 100
99 1478
99 1479
98 99
98 1480
98 1481
97 98
97 1482
97 1483
96 97
96 1484
96 1485
95 96
95 1486
95 1487
94 95
94 1488
94 1489
93 94
93 1490
93 1491
92 93
92 1492
92 1493
91 92
91 1494
91 1495
90 91
90 1496
90 1497
89 90
89 1498
89 1499
88 89
88 1500
88 1501
87 88
87 1502
87 1503
86 87
86 1504
86 1505
85 86
85 1506
85 1507
84 85
84 1508
84 1509
83 84
83 1510
83 1511
82 83
82 1512
82 1513
81 82
81 1514
81 1515
80 81
80 1516
80 1517
79 80
79 1518
79 1519
78 79
78 1520
78 1521
77 78
77 1522
77 1523
76 77
76 1524
76 1525
75 76
75 1526
75 1527
74 75
74 1528
74 1529
73 74
73 1530
73 1531
72 73
72 1532
72 1533
71 72
71 1534
71 1535
70 71
70 1536
70 1537
69 70
69 1538
69 1539
68 69
68 1540
68 1541
67 68
67 1542
67 1543
66 67
66 1544
66 1545
65 66
65 1546
65 1547
64 65
64 1548
64 1549
63 64
63 1550
63 1551
62 63
62 1552
62 1553
61 62
61 1554
61 1555
60 61
60 1556
60 1557
59 60
59 1558
59 1559
58 59
58 1560
58 1561
57 58
57 1562
57 1563
56 57
56 1564
56 1565
55 56
55 1566
55 1567
54 55
54 1568
54 1569
53 54
53 1570
53 1571
52 53
52 1572
52 1573
51 52
51 1574
51 1575
50 51
50 1576
50 1577
49 50
49 1578
49 1579
48 49
48 1580
48 1581
47 48
47 1582
47 1583
46 47
46 1584
46 1585
45 46
45 1586
45 1587
44 45
44 1588
44 1589
43 44
43 1590
43 1591
42 43
42 1592
42 1593
41 42
41 1594
41 1595
40 41
40 1596
40 1597
39 40
39 1598
39 1599
38 39
38 1600
38 1601
37 38
37 1602
37 1603
36 37
36 1604
36 1605
35 36
35 1606
35 1607
34 35
34 1608
34 1609
33 34
33 1610
33 1611
32 33
32 1612
32 1613
31 32
31 1614
31 1615
30 31
30 1616
30 1617
29 30
29 1618
29 1619
28 29
28 1620
28 1621
27 28
27 1622
27 1623
26 27
26 1624
26 1625
25 26
25 1626
25 1627
24 25
24 1628
24 1629
23 24
23 1630
23 1631
22 23
22 1632
22 1633
21 22
21 1634
21 1635
20 21
20 1636
20 1637
19 20
19 1638
19 1639
18 19
18 1640
18 1641
17 18
17 1642
17 1643
16 17
16 1644
16 1645
15 16
15 1646
15 1647
14 15
14 1648
14 1649
13 14
13 1650
13 1651
12 13
12 1652
12 1653
11 12
11 1654
11 1655
10 11
10 1656
10 1657
9 10
9 1658
9 1659
8 9
8 1660
8 1661
7 8
7 1662
7 1663
6 7
6 1664
6 1665
5 6
5 1666
5 1667
4 5
4 1668
4 1669
3 4
3 1670
3 1671
2 3
2 1672
2 1673
1 2
1 1674
