1790 33867308
597 598
597 599
597 600
596 597
596 601
596 602
595 596
595 603
595 604
594 595
594 605
594 606
593 594
593 607
593 608
592 593
592 609
592 610
591 592
591 611
591 612
590 591
590 613
590 614
589 590
589 615
589 616
588 589
588 617
588 618
587 588
587 619
587 620
586 587
586 621
586 622
585 586
585 623
585 624
584 585
584 625
584 626
583 584
583 627
583 628
582 583
582 629
582 630
581 582
581 631
581 632
580 581
580 633
580 634
579 580
579 635
579 636
578 579
578 637
578 638
577 578
577 639
577 640
576 577
576 641
576 642
575 576
575 643
575 644
574 575
574 645
574 646
573 574
573 647
573 648
572 573
572 649
572 650
571 572
571 651
571 652
570 571
570 653
570 654
569 570
569 655
569 656
568 569
568 657
568 658
567 568
567 659
567 660
566 567
566 661
566 662
565 566
565 663
565 664
564 565
564 665
564 666
563 564
563 667
563 668
562 563
562 669
562 670
561 562
561 671
561 672
560 561
560 673
560 674
559 560
559 675
559 676
558 559
558 677
558 678
557 558
557 679
557 680
556 557
556 681
556 682
555 556
555 683
555 684
554 555
554 685
554 686
553 554
553 687
553 688
552 553
552 689
552 690
551 552
551 691
551 692
550 551
550 693
550 694
549 550
549 695
549 696
548 549
548 697
548 698
547 548
547 699
547 700
546 547
546 701
546 702
545 546
545 703
545 704
544 545
544 705
544 706
543 544
543 707
543 708
542 543
542 709
542 710
541 542
541 711
541 712
540 541
540 713
540 714
539 540
539 715
539 716
538 539
538 717
538 718
537 538
537 719
537 720
536 537
536 721
536 722
535 536
535 723
535 724
534 535
534 725
534 726
533 534
533 727
533 728
532 533
532 729
532 730
531 532
531 731
531 732
530 531
530 733
530 734
529 530
529 735
529 736
528 529
528 737
528 738
527 528
527 739
527 740
526 527
526 741
526 742
525 526
525 743
525 744
524 525
524 745
524 746
523 524
523 747
523 748
522 523
522 749
522 750
521 522
521 751
521 752
520 521
520 753
520 754
519 520
519 755
519 756
518 519
518 757
518 758
517 518
517 759
517 760
516 517
516 761
516 762
515 516
515 763
515 764
514 515
514 765
514 766
513 514
513 767
513 768
512 513
512 769
512 770
511 512
511 771
511 772
510 511
510 773
510 774
509 510
509 775
509 776
508 509
508 777
508 778
507 508
507 779
507 780
506 507
506 781
506 782
505 506
505 783
505 784
504 505
504 785
504 786
503 504
503 787
503 788
502 503
502 789
502 790
501 502
501 791
501 792
500 501
500 793
500 794
499 500
499 795
499 796
498 499
498 797
498 798
497 498
497 799
497 800
496 497
496 801
496 802
495 496
495 803
495 804
494 495
494 805
494 806
493 494
493 807
493 808
492 493
492 809
492 810
491 492
491 811
491 812
490 491
490 813
490 814
489 490
489 815
489 816
488 489
488 817
488 818
487 488
487 819
487 820
486 487
486 821
486 822
485 486
485 823
485 824
484 485
484 825
484 826
483 484
483 827
483 828
482 483
482 829
482 830
481 482
481 831
481 832
480 481
480 833
480 834
479 480
479 835
479 836
478 479
478 837
478 838
477 478
477 839
477 840
476 477
476 841
476 842
475 476
475 843
475 844
474 475
474 845
474 846
473 474
473 847
473 848
472 473
472 849
472 850
471 472
471 851
471 852
470 471
470 853
470 854
469 470
469 855
469 856
468 469
468 857
468 858
467 468
467 859
467 860
466 467
466 861
466 862
465 466
465 863
465 864
464 465
464 865
464 866
463 464
463 867
463 868
462 463
462 869
462 870
461 462
461 871
461 872
460 461
460 873
460 874
459 460
459 875
459 876
458 459
458 877
458 878
457 458
457 879
457 880
456 457
456 881
456 882
455 456
455 883
455 884
454 455
454 885
454 886
453 454
453 887
453 888
452 453
452 889
452 890
451 452
451 891
451 892
450 451
450 893
450 894
449 450
449 895
449 896
448 449
448 897
448 898
447 448
447 899
447 900
446 447
446 901
446 902
445 446
445 903
445 904
444 445
444 905
444 906
443 444
443 907
443 908
442 443
442 909
442 910
441 442
441 911
441 912
440 441
440 913
440 914
439 440
439 915
439 916
438 439
438 917
438 918
437 438
437 919
437 920
436 437
436 921
436 922
435 436
435 923
435 924
434 435
434 925
434 926
433 434
433 927
433 928
432 433
432 929
432 930
431 432
431 931
431 932
430 431
430 933
430 934
429 430
429 935
429 936
428 429
428 937
428 938
427 428
427 939
427 940
426 427
426 941
426 942
425 426
425 943
425 944
424 425
424 945
424 946
423 424
423 947
423 948
422 423
422 949
422 950
421 422
421 951
421 952
420 421
420 953
420 954
419 420
419 955
419 956
418 419
418 957
418 958
417 418
417 959
417 960
416 417
416 961
416 962
415 416
415 963
415 964
414 415
414 965
414 966
413 414
413 967
413 968
412 413
412 969
412 970
411 412
411 971
411 972
410 411
410 973
410 974
409 410
409 975
409 976
408 409
408 977
408 978
407 408
407 979
407 980
406 407
406 981
406 982
405 406
405 983
405 984
404 405
404 985
404 986
403 404
403 987
403 988
402 403
402 989
402 990
401 402
401 991
401 992
400 401
400 993
400 994
399 400
399 995
399 996
398 399
398 997
398 998
397 398
397 999
397 1000
396 397
396 1001
396 1002
395 396
395 1003
395 1004
394 395
394 1005
394 1006
393 394
393 1007
393 1008
392 393
392 1009
392 1010
391 392
391 1011
391 1012
390 391
390 1013
390 1014
389 390
389 1015
389 1016
388 389
388 1017
388 1018
387 388
387 1019
387 1020
386 387
386 1021
386 1022
385 386
385 1023
385 1024
384 385
384 1025
384 1026
383 384
383 1027
383 1028
382 383
382 1029
382 1030
381 382
381 1031
381 1032
380 381
380 1033
380 1034
379 380
379 1035
379 1036
378 379
378 1037
378 1038
377 378
377 1039
377 1040
376 377
376 1041
376 1042
375 376
375 1043
375 1044
374 375
374 1045
374 1046
373 374
373 1047
373 1048
372 373
372 1049
372 1050
371 372
371 1051
371 1052
370 371
370 1053
370 1054
369 370
369 1055
369 1056
368 369
368 1057
368 1058
367 368
367 1059
367 1060
366 367
366 1061
366 1062
365 366
365 1063
365 1064
364 365
364 1065
364 1066
363 364
363 1067
363 1068
362 363
362 1069
362 1070
361 362
361 1071
361 1072
360 361
360 1073
360 1074
359 360
359 1075
359 1076
358 359
358 1077
358 1078
357 358
357 1079
357 1080
356 357
356 1081
356 1082
355 356
355 1083
355 1084
354 355
354 1085
354 1086
353 354
353 1087
353 1088
352 353
352 1089
352 1090
351 352
351 1091
351 1092
350 351
350 1093
350 1094
349 350
349 1095
349 1096
348 349
348 1097
348 1098
347 348
347 1099
347 1100
346 347
346 1101
346 1102
345 346
345 1103
345 1104
344 345
344 1105
344 1106
343 344
343 1107
343 1108
342 343
342 1109
342 1110
341 342
341 1111
341 1112
340 341
340 1113
340 1114
339 340
339 1115
339 1116
338 339
338 1117
338 1118
337 338
337 1119
337 1120
336 337
336 1121
336 1122
335 336
335 1123
335 1124
334 335
334 1125
334 1126
333 334
333 1127
333 1128
332 333
332 1129
332 1130
331 332
331 1131
331 1132
330 331
330 1133
330 1134
329 330
329 1135
329 1136
328 329
328 1137
328 1138
327 328
327 1139
327 1140
326 327
326 1141
326 1142
325 326
325 1143
325 1144
324 325
324 1145
324 1146
323 324
323 1147
323 1148
322 323
322 1149
322 1150
321 322
321 1151
321 1152
320 321
320 1153
320 1154
319 320
319 1155
319 1156
318 319
318 1157
318 1158
317 318
317 1159
317 1160
316 317
316 1161
316 1162
315 316
315 1163
315 1164
314 315
314 1165
314 1166
313 314
313 1167
313 1168
312 313
312 1169
312 1170
311 312
311 1171
311 1172
310 311
310 1173
310 1174
309 310
309 1175
309 1176
308 309
308 1177
308 1178
307 308
307 1179
307 1180
306 307
306 1181
306 1182
305 306
305 1183
305 1184
304 305
304 1185
304 1186
303 304
303 1187
303 1188
302 303
302 1189
302 1190
301 302
301 1191
301 1192
300 301
300 1193
300 1194
299 300
299 1195
299 1196
298 299
298 1197
298 1198
297 298
297 1199
297 1200
296 297
296 1201
296 1202
295 296
295 1203
295 1204
294 295
294 1205
294 1206
293 294
293 1207
293 1208
292 293
292 1209
292 1210
291 292
291 1211
291 1212
290 291
290 1213
290 1214
289 290
289 1215
289 1216
288 289
288 1217
288 1218
287 288
287 1219
287 1220
286 287
286 1221
286 1222
285 286
285 1223
285 1224
284 285
284 1225
284 1226
283 284
283 1227
283 1228
282 283
282 1229
282 1230
281 282
281 1231
281 1232
280 281
280 1233
280 1234
279 280
279 1235
279 1236
278 279
278 1237
278 1238
277 278
277 1239
277 1240
276 277
276 1241
276 1242
275 276
275 1243
275 1244
274 275
274 1245
274 1246
273 274
273 1247
273 1248
272 273
272 1249
272 1250
271 272
271 1251
271 1252
270 271
270 1253
270 1254
269 270
269 1255
269 1256
268 269
268 1257
268 1258
267 268
267 1259
267 1260
266 267
266 1261
266 1262
265 266
265 1263
265 1264
264 265
264 1265
264 1266
263 264
263 1267
263 1268
262 263
262 1269
262 1270
261 262
261 1271
261 1272
260 261
260 1273
260 1274
259 260
259 1275
259 1276
258 259
258 1277
258 1278
257 258
257 1279
257 1280
256 257
256 1281
256 1282
255 256
255 1283
255 1284
254 255
254 1285
254 1286
253 254
253 1287
253 1288
252 253
252 1289
252 1290
251 252
251 1291
251 1292
250 251
250 1293
250 1294
249 250
249 1295
249 1296
248 249
248 1297
248 1298
247 248
247 1299
247 1300
246 247
246 1301
246 1302
245 246
245 1303
245 1304
244 245
244 1305
244 1306
243 244
243 1307
243 1308
242 243
242 1309
242 1310
241 242
241 1311
241 1312
240 241
240 1313
240 1314
239 240
239 1315
239 1316
238 239
238 1317
238 1318
237 238
237 1319
237 1320
236 237
236 1321
236 1322
235 236
235 1323
235 1324
234 235
234 1325
234 1326
233 234
233 1327
233 1328
232 233
232 1329
232 1330
231 232
231 1331
231 1332
230 231
230 1333
230 1334
229 230
229 1335
229 1336
228 229
228 1337
228 1338
227 228
227 1339
227 1340
226 227
226 1341
226 1342
225 226
225 1343
225 1344
224 225
224 1345
224 1346
223 224
223 1347
223 1348
222 223
222 1349
222 1350
221 222
221 1351
221 1352
220 221
220 1353
220 1354
219 220
219 1355
219 1356
218 219
218 1357
218 1358
217 218
217 1359
217 1360
216 217
216 1361
216 1362
215 216
215 1363
215 1364
214 215
214 1365
214 1366
213 214
213 1367
213 1368
212 213
212 1369
212 1370
211 212
211 1371
211 1372
210 211
210 1373
210 1374
209 210
209 1375
209 1376
208 209
208 1377
208 1378
207 208
207 1379
207 1380
206 207
206 1381
206 1382
205 206
205 1383
205 1384
204 205
204 1385
204 1386
203 204
203 1387
203 1388
202 203
202 1389
202 1390
201 202
201 1391
201 1392
200 201
200 1393
200 1394
199 200
199 1395
199 1396
198 199
198 1397
198 1398
197 198
197 1399
197 1400
196 197
196 1401
196 1402
195 196
195 1403
195 1404
194 195
194 1405
194 1406
193 194
193 1407
193 1408
192 193
192 1409
192 1410
191 192
191 1411
191 1412
190 191
190 1413
190 1414
189 190
189 1415
189 1416
188 189
188 1417
188 1418
187 188
187 1419
187 1420
186 187
186 1421
186 1422
185 186
185 1423
185 1424
184 185
184 1425
184 1426
183 184
183 1427
183 1428
182 183
182 1429
182 1430
181 182
181 1431
181 1432
180 181
180 1433
180 1434
179 180
179 1435
179 1436
178 179
178 1437
178 1438
177 178
177 1439
177 1440
176 177
176 1441
176 1442
175 176
175 1443
175 1444
174 175
174 1445
174 1446
173 174
173 1447
173 1448
172 173
172 1449
172 1450
171 172
171 1451
171 1452
170 171
170 1453
170 1454
169 170
169 1455
169 1456
168 169
168 1457
168 1458
167 168
167 1459
167 1460
166 167
166 1461
166 1462
165 166
165 1463
165 1464
164 165
164 1465
164 1466
163 164
163 1467
163 1468
162 163
162 1469
162 1470
161 162
161 1471
161 1472
160 161
160 1473
160 1474
159 160
159 1475
159 1476
158 159
158 1477
158 1478
157 158
157 1479
157 1480
156 157
156 1481
156 1482
155 156
155 1483
155 1484
154 155
154 1485
154 1486
153 154
153 1487
153 1488
152 153
152 1489
152 1490
151 152
151 1491
151 1492
150 151
150 1493
150 1494
149 150
149 1495
149 1496
148 149
148 1497
148 1498
147 148
147 1499
147 1500
146 147
146 1501
146 1502
145 146
145 1503
145 1504
144 145
144 1505
144 1506
143 144
143 1507
143 1508
142 143
142 1509
142 1510
141 142
141 1511
141 1512
140 141
140 1513
140 1514
139 140
139 1515
139 1516
138 139
138 1517
138 1518
137 138
137 1519
137 1520
136 137
136 1521
136 1522
135 136
135 1523
135 1524
134 135
134 1525
134 1526
133 134
133 1527
133 1528
132 133
132 1529
132 1530
131 132
131 1531
131 1532
130 131
130 1533
130 1534
129 130
129 1535
129 1536
128 129
128 1537
128 1538
127 128
127 1539
127 1540
126 127
126 1541
126 1542
125 126
125 1543
125 1544
124 125
124 1545
124 1546
123 124
123 1547
123 1548
122 123
122 1549
122 1550
121 122
121 1551
121 1552
120 121
120 1553
120 1554
119 120
119 1555
119 1556
118 119
118 1557
118 1558
117 118
117 1559
117 1560
116 117
116 1561
116 1562
115 116
115 1563
115 1564
114 115
114 1565
114 1566
113 114
113 1567
113 1568
112 113
112 1569
112 1570
111 112
111 1571
111 1572
110 111
110 1573
110 1574
109 110
109 1575
109 1576
108 109
108 1577
108 1578
107 108
107 1579
107 1580
106 107
106 1581
106 1582
105 106
105 1583
105 1584
104 105
104 1585
104 1586
103 104
103 1587
103 1588
102 103
102 1589
102 1590
101 102
101 1591
101 1592
100 101
100 1593
100 1594
99 100
99 1595
99 1596
98 99
98 1597
98 1598
97 98
97 1599
97 1600
96 97
96 1601
96 1602
95 96
95 1603
95 1604
94 95
94 1605
94 1606
93 94
93 1607
93 1608
92 93
92 1609
92 1610
91 92
91 1611
91 1612
90 91
90 1613
90 1614
89 90
89 1615
89 1616
88 89
88 1617
88 1618
87 88
87 1619
87 1620
86 87
86 1621
86 1622
85 86
85 1623
85 1624
84 85
84 1625
84 1626
83 84
83 1627
83 1628
82 83
82 1629
82 1630
81 82
81 1631
81 1632
80 81
80 1633
80 1634
79 80
79 1635
79 1636
78 79
78 1637
78 1638
77 78
77 1639
77 1640
76 77
76 1641
76 1642
75 76
75 1643
75 1644
74 75
74 1645
74 1646
73 74
73 1647
73 1648
72 73
72 1649
72 1650
71 72
71 1651
71 1652
70 71
70 1653
70 1654
69 70
69 1655
69 1656
68 69
68 1657
68 1658
67 68
67 1659
67 1660
66 67
66 1661
66 1662
65 66
65 1663
65 1664
64 65
64 1665
64 1666
63 64
63 1667
63 1668
62 63
62 1669
62 1670
61 62
61 1671
61 1672
60 61
60 1673
60 1674
59 60
59 1675
59 1676
58 59
58 1677
58 1678
57 58
57 1679
57 1680
56 57
56 1681
56 1682
55 56
55 1683
55 1684
54 55
54 1685
54 1686
53 54
53 1687
53 1688
52 53
52 1689
52 1690
51 52
51 1691
51 1692
50 51
50 1693
50 1694
49 50
49 1695
49 1696
48 49
48 1697
48 1698
47 48
47 1699
47 1700
46 47
46 1701
46 1702
45 46
45 1703
45 1704
44 45
44 1705
44 1706
43 44
43 1707
43 1708
42 43
42 1709
42 1710
41 42
41 1711
41 1712
40 41
40 1713
40 1714
39 40
39 1715
39 1716
38 39
38 1717
38 1718
37 38
37 1719
37 1720
36 37
36 1721
36 1722
35 36
35 1723
35 1724
34 35
34 1725
34 1726
33 34
33 1727
33 1728
32 33
32 1729
32 1730
31 32
31 1731
31 1732
30 31
30 1733
30 1734
29 30
29 1735
29 1736
28 29
28 1737
28 1738
27 28
27 1739
27 1740
26 27
26 1741
26 1742
25 26
25 1743
25 1744
24 25
24 1745
24 1746
23 24
23 1747
23 1748
22 23
22 1749
22 1750
21 22
21 1751
21 1752
20 21
20 1753
20 1754
19 20
19 1755
19 1756
18 19
18 1757
18 1758
17 18
17 1759
17 1760
16 17
16 1761
16 1762
15 16
15 1763
15 1764
14 15
14 1765
14 1766
13 14
13 1767
13 1768
12 13
12 1769
12 1770
11 12
11 1771
11 1772
10 11
10 1773
10 1774
9 10
9 1775
9 1776
8 9
8 1777
8 1778
7 8
7 1779
7 1780
6 7
6 1781
6 1782
5 6
5 1783
5 1784
4 5
4 1785
4 1786
3 4
3 1787
3 1788
2 3
2 1789
2 1790
1 2
1 1791
