218 3123505
55 56
55 57
55 58
55 59
54 55
54 60
54 61
54 62
53 54
53 63
53 64
53 65
52 53
52 66
52 67
52 68
51 52
51 69
51 70
51 71
50 51
50 72
50 73
50 74
49 50
49 75
49 76
49 77
48 49
48 78
48 79
48 80
47 48
47 81
47 82
47 83
46 47
46 84
46 85
46 86
45 46
45 87
45 88
45 89
44 45
44 90
44 91
44 92
43 44
43 93
43 94
43 95
42 43
42 96
42 97
42 98
41 42
41 99
41 100
41 101
40 41
40 102
40 103
40 104
39 40
39 105
39 106
39 107
38 39
38 108
38 109
38 110
37 38
37 111
37 112
37 113
36 37
36 114
36 115
36 116
35 36
35 117
35 118
35 119
34 35
34 120
34 121
34 122
33 34
33 123
33 124
33 125
32 33
32 126
32 127
32 128
31 32
31 129
31 130
31 131
30 31
30 132
30 133
30 134
29 30
29 135
29 136
29 137
28 29
28 138
28 139
28 140
27 28
27 141
27 142
27 143
26 27
26 144
26 145
26 146
25 26
25 147
25 148
25 149
24 25
24 150
24 151
24 152
23 24
23 153
23 154
23 155
22 23
22 156
22 157
22 158
21 22
21 159
21 160
21 161
20 21
20 162
20 163
20 164
19 20
19 165
19 166
19 167
18 19
18 168
18 169
18 170
17 18
17 171
17 172
17 173
16 17
16 174
16 175
16 176
15 16
15 177
15 178
15 179
14 15
14 180
14 181
14 182
13 14
13 183
13 184
13 185
12 13
12 186
12 187
12 188
11 12
11 189
11 190
11 191
10 11
10 192
10 193
10 194
9 10
9 195
9 196
9 197
8 9
8 198
8 199
8 200
7 8
7 201
7 202
7 203
6 7
6 204
6 205
6 206
5 6
5 207
5 208
5 209
4 5
4 210
4 211
4 212
3 4
3 213
3 214
3 215
2 3
2 216
2 217
2 218
1 2
1 219
