1773 5370690
99 100
99 101
99 102
99 103
99 104
99 105
99 106
99 107
99 108
99 109
99 110
99 111
99 112
99 113
99 114
99 115
99 116
99 117
98 99
98 118
98 119
98 120
98 121
98 122
98 123
98 124
98 125
98 126
98 127
98 128
98 129
98 130
98 131
98 132
98 133
98 134
97 98
97 135
97 136
97 137
97 138
97 139
97 140
97 141
97 142
97 143
97 144
97 145
97 146
97 147
97 148
97 149
97 150
97 151
96 97
96 152
96 153
96 154
96 155
96 156
96 157
96 158
96 159
96 160
96 161
96 162
96 163
96 164
96 165
96 166
96 167
96 168
95 96
95 169
95 170
95 171
95 172
95 173
95 174
95 175
95 176
95 177
95 178
95 179
95 180
95 181
95 182
95 183
95 184
95 185
94 95
94 186
94 187
94 188
94 189
94 190
94 191
94 192
94 193
94 194
94 195
94 196
94 197
94 198
94 199
94 200
94 201
94 202
93 94
93 203
93 204
93 205
93 206
93 207
93 208
93 209
93 210
93 211
93 212
93 213
93 214
93 215
93 216
93 217
93 218
93 219
92 93
92 220
92 221
92 222
92 223
92 224
92 225
92 226
92 227
92 228
92 229
92 230
92 231
92 232
92 233
92 234
92 235
92 236
91 92
91 237
91 238
91 239
91 240
91 241
91 242
91 243
91 244
91 245
91 246
91 247
91 248
91 249
91 250
91 251
91 252
91 253
90 91
90 254
90 255
90 256
90 257
90 258
90 259
90 260
90 261
90 262
90 263
90 264
90 265
90 266
90 267
90 268
90 269
90 270
89 90
89 271
89 272
89 273
89 274
89 275
89 276
89 277
89 278
89 279
89 280
89 281
89 282
89 283
89 284
89 285
89 286
89 287
88 89
88 288
88 289
88 290
88 291
88 292
88 293
88 294
88 295
88 296
88 297
88 298
88 299
88 300
88 301
88 302
88 303
88 304
87 88
87 305
87 306
87 307
87 308
87 309
87 310
87 311
87 312
87 313
87 314
87 315
87 316
87 317
87 318
87 319
87 320
87 321
86 87
86 322
86 323
86 324
86 325
86 326
86 327
86 328
86 329
86 330
86 331
86 332
86 333
86 334
86 335
86 336
86 337
86 338
85 86
85 339
85 340
85 341
85 342
85 343
85 344
85 345
85 346
85 347
85 348
85 349
85 350
85 351
85 352
85 353
85 354
85 355
84 85
84 356
84 357
84 358
84 359
84 360
84 361
84 362
84 363
84 364
84 365
84 366
84 367
84 368
84 369
84 370
84 371
84 372
83 84
83 373
83 374
83 375
83 376
83 377
83 378
83 379
83 380
83 381
83 382
83 383
83 384
83 385
83 386
83 387
83 388
83 389
82 83
82 390
82 391
82 392
82 393
82 394
82 395
82 396
82 397
82 398
82 399
82 400
82 401
82 402
82 403
82 404
82 405
82 406
81 82
81 407
81 408
81 409
81 410
81 411
81 412
81 413
81 414
81 415
81 416
81 417
81 418
81 419
81 420
81 421
81 422
81 423
80 81
80 424
80 425
80 426
80 427
80 428
80 429
80 430
80 431
80 432
80 433
80 434
80 435
80 436
80 437
80 438
80 439
80 440
79 80
79 441
79 442
79 443
79 444
79 445
79 446
79 447
79 448
79 449
79 450
79 451
79 452
79 453
79 454
79 455
79 456
79 457
78 79
78 458
78 459
78 460
78 461
78 462
78 463
78 464
78 465
78 466
78 467
78 468
78 469
78 470
78 471
78 472
78 473
78 474
77 78
77 475
77 476
77 477
77 478
77 479
77 480
77 481
77 482
77 483
77 484
77 485
77 486
77 487
77 488
77 489
77 490
77 491
76 77
76 492
76 493
76 494
76 495
76 496
76 497
76 498
76 499
76 500
76 501
76 502
76 503
76 504
76 505
76 506
76 507
76 508
75 76
75 509
75 510
75 511
75 512
75 513
75 514
75 515
75 516
75 517
75 518
75 519
75 520
75 521
75 522
75 523
75 524
75 525
74 75
74 526
74 527
74 528
74 529
74 530
74 531
74 532
74 533
74 534
74 535
74 536
74 537
74 538
74 539
74 540
74 541
74 542
73 74
73 543
73 544
73 545
73 546
73 547
73 548
73 549
73 550
73 551
73 552
73 553
73 554
73 555
73 556
73 557
73 558
73 559
72 73
72 560
72 561
72 562
72 563
72 564
72 565
72 566
72 567
72 568
72 569
72 570
72 571
72 572
72 573
72 574
72 575
72 576
71 72
71 577
71 578
71 579
71 580
71 581
71 582
71 583
71 584
71 585
71 586
71 587
71 588
71 589
71 590
71 591
71 592
71 593
70 71
70 594
70 595
70 596
70 597
70 598
70 599
70 600
70 601
70 602
70 603
70 604
70 605
70 606
70 607
70 608
70 609
70 610
69 70
69 611
69 612
69 613
69 614
69 615
69 616
69 617
69 618
69 619
69 620
69 621
69 622
69 623
69 624
69 625
69 626
69 627
68 69
68 628
68 629
68 630
68 631
68 632
68 633
68 634
68 635
68 636
68 637
68 638
68 639
68 640
68 641
68 642
68 643
68 644
67 68
67 645
67 646
67 647
67 648
67 649
67 650
67 651
67 652
67 653
67 654
67 655
67 656
67 657
67 658
67 659
67 660
67 661
66 67
66 662
66 663
66 664
66 665
66 666
66 667
66 668
66 669
66 670
66 671
66 672
66 673
66 674
66 675
66 676
66 677
66 678
65 66
65 679
65 680
65 681
65 682
65 683
65 684
65 685
65 686
65 687
65 688
65 689
65 690
65 691
65 692
65 693
65 694
65 695
64 65
64 696
64 697
64 698
64 699
64 700
64 701
64 702
64 703
64 704
64 705
64 706
64 707
64 708
64 709
64 710
64 711
64 712
63 64
63 713
63 714
63 715
63 716
63 717
63 718
63 719
63 720
63 721
63 722
63 723
63 724
63 725
63 726
63 727
63 728
63 729
62 63
62 730
62 731
62 732
62 733
62 734
62 735
62 736
62 737
62 738
62 739
62 740
62 741
62 742
62 743
62 744
62 745
62 746
61 62
61 747
61 748
61 749
61 750
61 751
61 752
61 753
61 754
61 755
61 756
61 757
61 758
61 759
61 760
61 761
61 762
61 763
60 61
60 764
60 765
60 766
60 767
60 768
60 769
60 770
60 771
60 772
60 773
60 774
60 775
60 776
60 777
60 778
60 779
60 780
59 60
59 781
59 782
59 783
59 784
59 785
59 786
59 787
59 788
59 789
59 790
59 791
59 792
59 793
59 794
59 795
59 796
59 797
58 59
58 798
58 799
58 800
58 801
58 802
58 803
58 804
58 805
58 806
58 807
58 808
58 809
58 810
58 811
58 812
58 813
58 814
57 58
57 815
57 816
57 817
57 818
57 819
57 820
57 821
57 822
57 823
57 824
57 825
57 826
57 827
57 828
57 829
57 830
57 831
56 57
56 832
56 833
56 834
56 835
56 836
56 837
56 838
56 839
56 840
56 841
56 842
56 843
56 844
56 845
56 846
56 847
56 848
55 56
55 849
55 850
55 851
55 852
55 853
55 854
55 855
55 856
55 857
55 858
55 859
55 860
55 861
55 862
55 863
55 864
55 865
54 55
54 866
54 867
54 868
54 869
54 870
54 871
54 872
54 873
54 874
54 875
54 876
54 877
54 878
54 879
54 880
54 881
54 882
53 54
53 883
53 884
53 885
53 886
53 887
53 888
53 889
53 890
53 891
53 892
53 893
53 894
53 895
53 896
53 897
53 898
53 899
52 53
52 900
52 901
52 902
52 903
52 904
52 905
52 906
52 907
52 908
52 909
52 910
52 911
52 912
52 913
52 914
52 915
52 916
51 52
51 917
51 918
51 919
51 920
51 921
51 922
51 923
51 924
51 925
51 926
51 927
51 928
51 929
51 930
51 931
51 932
51 933
50 51
50 934
50 935
50 936
50 937
50 938
50 939
50 940
50 941
50 942
50 943
50 944
50 945
50 946
50 947
50 948
50 949
50 950
49 50
49 951
49 952
49 953
49 954
49 955
49 956
49 957
49 958
49 959
49 960
49 961
49 962
49 963
49 964
49 965
49 966
49 967
48 49
48 968
48 969
48 970
48 971
48 972
48 973
48 974
48 975
48 976
48 977
48 978
48 979
48 980
48 981
48 982
48 983
48 984
47 48
47 985
47 986
47 987
47 988
47 989
47 990
47 991
47 992
47 993
47 994
47 995
47 996
47 997
47 998
47 999
47 1000
47 1001
46 47
46 1002
46 1003
46 1004
46 1005
46 1006
46 1007
46 1008
46 1009
46 1010
46 1011
46 1012
46 1013
46 1014
46 1015
46 1016
46 1017
46 1018
45 46
45 1019
45 1020
45 1021
45 1022
45 1023
45 1024
45 1025
45 1026
45 1027
45 1028
45 1029
45 1030
45 1031
45 1032
45 1033
45 1034
45 1035
44 45
44 1036
44 1037
44 1038
44 1039
44 1040
44 1041
44 1042
44 1043
44 1044
44 1045
44 1046
44 1047
44 1048
44 1049
44 1050
44 1051
44 1052
43 44
43 1053
43 1054
43 1055
43 1056
43 1057
43 1058
43 1059
43 1060
43 1061
43 1062
43 1063
43 1064
43 1065
43 1066
43 1067
43 1068
43 1069
42 43
42 1070
42 1071
42 1072
42 1073
42 1074
42 1075
42 1076
42 1077
42 1078
42 1079
42 1080
42 1081
42 1082
42 1083
42 1084
42 1085
42 1086
41 42
41 1087
41 1088
41 1089
41 1090
41 1091
41 1092
41 1093
41 1094
41 1095
41 1096
41 1097
41 1098
41 1099
41 1100
41 1101
41 1102
41 1103
40 41
40 1104
40 1105
40 1106
40 1107
40 1108
40 1109
40 1110
40 1111
40 1112
40 1113
40 1114
40 1115
40 1116
40 1117
40 1118
40 1119
40 1120
39 40
39 1121
39 1122
39 1123
39 1124
39 1125
39 1126
39 1127
39 1128
39 1129
39 1130
39 1131
39 1132
39 1133
39 1134
39 1135
39 1136
39 1137
38 39
38 1138
38 1139
38 1140
38 1141
38 1142
38 1143
38 1144
38 1145
38 1146
38 1147
38 1148
38 1149
38 1150
38 1151
38 1152
38 1153
38 1154
37 38
37 1155
37 1156
37 1157
37 1158
37 1159
37 1160
37 1161
37 1162
37 1163
37 1164
37 1165
37 1166
37 1167
37 1168
37 1169
37 1170
37 1171
36 37
36 1172
36 1173
36 1174
36 1175
36 1176
36 1177
36 1178
36 1179
36 1180
36 1181
36 1182
36 1183
36 1184
36 1185
36 1186
36 1187
36 1188
35 36
35 1189
35 1190
35 1191
35 1192
35 1193
35 1194
35 1195
35 1196
35 1197
35 1198
35 1199
35 1200
35 1201
35 1202
35 1203
35 1204
35 1205
34 35
34 1206
34 1207
34 1208
34 1209
34 1210
34 1211
34 1212
34 1213
34 1214
34 1215
34 1216
34 1217
34 1218
34 1219
34 1220
34 1221
34 1222
33 34
33 1223
33 1224
33 1225
33 1226
33 1227
33 1228
33 1229
33 1230
33 1231
33 1232
33 1233
33 1234
33 1235
33 1236
33 1237
33 1238
33 1239
32 33
32 1240
32 1241
32 1242
32 1243
32 1244
32 1245
32 1246
32 1247
32 1248
32 1249
32 1250
32 1251
32 1252
32 1253
32 1254
32 1255
32 1256
31 32
31 1257
31 1258
31 1259
31 1260
31 1261
31 1262
31 1263
31 1264
31 1265
31 1266
31 1267
31 1268
31 1269
31 1270
31 1271
31 1272
31 1273
30 31
30 1274
30 1275
30 1276
30 1277
30 1278
30 1279
30 1280
30 1281
30 1282
30 1283
30 1284
30 1285
30 1286
30 1287
30 1288
30 1289
30 1290
29 30
29 1291
29 1292
29 1293
29 1294
29 1295
29 1296
29 1297
29 1298
29 1299
29 1300
29 1301
29 1302
29 1303
29 1304
29 1305
29 1306
29 1307
28 29
28 1308
28 1309
28 1310
28 1311
28 1312
28 1313
28 1314
28 1315
28 1316
28 1317
28 1318
28 1319
28 1320
28 1321
28 1322
28 1323
28 1324
27 28
27 1325
27 1326
27 1327
27 1328
27 1329
27 1330
27 1331
27 1332
27 1333
27 1334
27 1335
27 1336
27 1337
27 1338
27 1339
27 1340
27 1341
26 27
26 1342
26 1343
26 1344
26 1345
26 1346
26 1347
26 1348
26 1349
26 1350
26 1351
26 1352
26 1353
26 1354
26 1355
26 1356
26 1357
26 1358
25 26
25 1359
25 1360
25 1361
25 1362
25 1363
25 1364
25 1365
25 1366
25 1367
25 1368
25 1369
25 1370
25 1371
25 1372
25 1373
25 1374
25 1375
24 25
24 1376
24 1377
24 1378
24 1379
24 1380
24 1381
24 1382
24 1383
24 1384
24 1385
24 1386
24 1387
24 1388
24 1389
24 1390
24 1391
24 1392
23 24
23 1393
23 1394
23 1395
23 1396
23 1397
23 1398
23 1399
23 1400
23 1401
23 1402
23 1403
23 1404
23 1405
23 1406
23 1407
23 1408
23 1409
22 23
22 1410
22 1411
22 1412
22 1413
22 1414
22 1415
22 1416
22 1417
22 1418
22 1419
22 1420
22 1421
22 1422
22 1423
22 1424
22 1425
22 1426
21 22
21 1427
21 1428
21 1429
21 1430
21 1431
21 1432
21 1433
21 1434
21 1435
21 1436
21 1437
21 1438
21 1439
21 1440
21 1441
21 1442
21 1443
20 21
20 1444
20 1445
20 1446
20 1447
20 1448
20 1449
20 1450
20 1451
20 1452
20 1453
20 1454
20 1455
20 1456
20 1457
20 1458
20 1459
20 1460
19 20
19 1461
19 1462
19 1463
19 1464
19 1465
19 1466
19 1467
19 1468
19 1469
19 1470
19 1471
19 1472
19 1473
19 1474
19 1475
19 1476
19 1477
18 19
18 1478
18 1479
18 1480
18 1481
18 1482
18 1483
18 1484
18 1485
18 1486
18 1487
18 1488
18 1489
18 1490
18 1491
18 1492
18 1493
18 1494
17 18
17 1495
17 1496
17 1497
17 1498
17 1499
17 1500
17 1501
17 1502
17 1503
17 1504
17 1505
17 1506
17 1507
17 1508
17 1509
17 1510
17 1511
16 17
16 1512
16 1513
16 1514
16 1515
16 1516
16 1517
16 1518
16 1519
16 1520
16 1521
16 1522
16 1523
16 1524
16 1525
16 1526
16 1527
16 1528
15 16
15 1529
15 1530
15 1531
15 1532
15 1533
15 1534
15 1535
15 1536
15 1537
15 1538
15 1539
15 1540
15 1541
15 1542
15 1543
15 1544
15 1545
14 15
14 1546
14 1547
14 1548
14 1549
14 1550
14 1551
14 1552
14 1553
14 1554
14 1555
14 1556
14 1557
14 1558
14 1559
14 1560
14 1561
14 1562
13 14
13 1563
13 1564
13 1565
13 1566
13 1567
13 1568
13 1569
13 1570
13 1571
13 1572
13 1573
13 1574
13 1575
13 1576
13 1577
13 1578
13 1579
12 13
12 1580
12 1581
12 1582
12 1583
12 1584
12 1585
12 1586
12 1587
12 1588
12 1589
12 1590
12 1591
12 1592
12 1593
12 1594
12 1595
12 1596
11 12
11 1597
11 1598
11 1599
11 1600
11 1601
11 1602
11 1603
11 1604
11 1605
11 1606
11 1607
11 1608
11 1609
11 1610
11 1611
11 1612
11 1613
10 11
10 1614
10 1615
10 1616
10 1617
10 1618
10 1619
10 1620
10 1621
10 1622
10 1623
10 1624
10 1625
10 1626
10 1627
10 1628
10 1629
10 1630
9 10
9 1631
9 1632
9 1633
9 1634
9 1635
9 1636
9 1637
9 1638
9 1639
9 1640
9 1641
9 1642
9 1643
9 1644
9 1645
9 1646
9 1647
8 9
8 1648
8 1649
8 1650
8 1651
8 1652
8 1653
8 1654
8 1655
8 1656
8 1657
8 1658
8 1659
8 1660
8 1661
8 1662
8 1663
8 1664
7 8
7 1665
7 1666
7 1667
7 1668
7 1669
7 1670
7 1671
7 1672
7 1673
7 1674
7 1675
7 1676
7 1677
7 1678
7 1679
7 1680
7 1681
6 7
6 1682
6 1683
6 1684
6 1685
6 1686
6 1687
6 1688
6 1689
6 1690
6 1691
6 1692
6 1693
6 1694
6 1695
6 1696
6 1697
6 1698
5 6
5 1699
5 1700
5 1701
5 1702
5 1703
5 1704
5 1705
5 1706
5 1707
5 1708
5 1709
5 1710
5 1711
5 1712
5 1713
5 1714
5 1715
4 5
4 1716
4 1717
4 1718
4 1719
4 1720
4 1721
4 1722
4 1723
4 1724
4 1725
4 1726
4 1727
4 1728
4 1729
4 1730
4 1731
4 1732
3 4
3 1733
3 1734
3 1735
3 1736
3 1737
3 1738
3 1739
3 1740
3 1741
3 1742
3 1743
3 1744
3 1745
3 1746
3 1747
3 1748
3 1749
2 3
2 1750
2 1751
2 1752
2 1753
2 1754
2 1755
2 1756
2 1757
2 1758
2 1759
2 1760
2 1761
2 1762
2 1763
2 1764
2 1765
2 1766
1 2
1 1767
1 1768
1 1769
1 1770
1 1771
1 1772
1 1773
1 1774
