1829 30462134
914 915
914 916
913 914
913 917
912 913
912 918
911 912
911 919
910 911
910 920
909 910
909 921
908 909
908 922
907 908
907 923
906 907
906 924
905 906
905 925
904 905
904 926
903 904
903 927
902 903
902 928
901 902
901 929
900 901
900 930
899 900
899 931
898 899
898 932
897 898
897 933
896 897
896 934
895 896
895 935
894 895
894 936
893 894
893 937
892 893
892 938
891 892
891 939
890 891
890 940
889 890
889 941
888 889
888 942
887 888
887 943
886 887
886 944
885 886
885 945
884 885
884 946
883 884
883 947
882 883
882 948
881 882
881 949
880 881
880 950
879 880
879 951
878 879
878 952
877 878
877 953
876 877
876 954
875 876
875 955
874 875
874 956
873 874
873 957
872 873
872 958
871 872
871 959
870 871
870 960
869 870
869 961
868 869
868 962
867 868
867 963
866 867
866 964
865 866
865 965
864 865
864 966
863 864
863 967
862 863
862 968
861 862
861 969
860 861
860 970
859 860
859 971
858 859
858 972
857 858
857 973
856 857
856 974
855 856
855 975
854 855
854 976
853 854
853 977
852 853
852 978
851 852
851 979
850 851
850 980
849 850
849 981
848 849
848 982
847 848
847 983
846 847
846 984
845 846
845 985
844 845
844 986
843 844
843 987
842 843
842 988
841 842
841 989
840 841
840 990
839 840
839 991
838 839
838 992
837 838
837 993
836 837
836 994
835 836
835 995
834 835
834 996
833 834
833 997
832 833
832 998
831 832
831 999
830 831
830 1000
829 830
829 1001
828 829
828 1002
827 828
827 1003
826 827
826 1004
825 826
825 1005
824 825
824 1006
823 824
823 1007
822 823
822 1008
821 822
821 1009
820 821
820 1010
819 820
819 1011
818 819
818 1012
817 818
817 1013
816 817
816 1014
815 816
815 1015
814 815
814 1016
813 814
813 1017
812 813
812 1018
811 812
811 1019
810 811
810 1020
809 810
809 1021
808 809
808 1022
807 808
807 1023
806 807
806 1024
805 806
805 1025
804 805
804 1026
803 804
803 1027
802 803
802 1028
801 802
801 1029
800 801
800 1030
799 800
799 1031
798 799
798 1032
797 798
797 1033
796 797
796 1034
795 796
795 1035
794 795
794 1036
793 794
793 1037
792 793
792 1038
791 792
791 1039
790 791
790 1040
789 790
789 1041
788 789
788 1042
787 788
787 1043
786 787
786 1044
785 786
785 1045
784 785
784 1046
783 784
783 1047
782 783
782 1048
781 782
781 1049
780 781
780 1050
779 780
779 1051
778 779
778 1052
777 778
777 1053
776 777
776 1054
775 776
775 1055
774 775
774 1056
773 774
773 1057
772 773
772 1058
771 772
771 1059
770 771
770 1060
769 770
769 1061
768 769
768 1062
767 768
767 1063
766 767
766 1064
765 766
765 1065
764 765
764 1066
763 764
763 1067
762 763
762 1068
761 762
761 1069
760 761
760 1070
759 760
759 1071
758 759
758 1072
757 758
757 1073
756 757
756 1074
755 756
755 1075
754 755
754 1076
753 754
753 1077
752 753
752 1078
751 752
751 1079
750 751
750 1080
749 750
749 1081
748 749
748 1082
747 748
747 1083
746 747
746 1084
745 746
745 1085
744 745
744 1086
743 744
743 1087
742 743
742 1088
741 742
741 1089
740 741
740 1090
739 740
739 1091
738 739
738 1092
737 738
737 1093
736 737
736 1094
735 736
735 1095
734 735
734 1096
733 734
733 1097
732 733
732 1098
731 732
731 1099
730 731
730 1100
729 730
729 1101
728 729
728 1102
727 728
727 1103
726 727
726 1104
725 726
725 1105
724 725
724 1106
723 724
723 1107
722 723
722 1108
721 722
721 1109
720 721
720 1110
719 720
719 1111
718 719
718 1112
717 718
717 1113
716 717
716 1114
715 716
715 1115
714 715
714 1116
713 714
713 1117
712 713
712 1118
711 712
711 1119
710 711
710 1120
709 710
709 1121
708 709
708 1122
707 708
707 1123
706 707
706 1124
705 706
705 1125
704 705
704 1126
703 704
703 1127
702 703
702 1128
701 702
701 1129
700 701
700 1130
699 700
699 1131
698 699
698 1132
697 698
697 1133
696 697
696 1134
695 696
695 1135
694 695
694 1136
693 694
693 1137
692 693
692 1138
691 692
691 1139
690 691
690 1140
689 690
689 1141
688 689
688 1142
687 688
687 1143
686 687
686 1144
685 686
685 1145
684 685
684 1146
683 684
683 1147
682 683
682 1148
681 682
681 1149
680 681
680 1150
679 680
679 1151
678 679
678 1152
677 678
677 1153
676 677
676 1154
675 676
675 1155
674 675
674 1156
673 674
673 1157
672 673
672 1158
671 672
671 1159
670 671
670 1160
669 670
669 1161
668 669
668 1162
667 668
667 1163
666 667
666 1164
665 666
665 1165
664 665
664 1166
663 664
663 1167
662 663
662 1168
661 662
661 1169
660 661
660 1170
659 660
659 1171
658 659
658 1172
657 658
657 1173
656 657
656 1174
655 656
655 1175
654 655
654 1176
653 654
653 1177
652 653
652 1178
651 652
651 1179
650 651
650 1180
649 650
649 1181
648 649
648 1182
647 648
647 1183
646 647
646 1184
645 646
645 1185
644 645
644 1186
643 644
643 1187
642 643
642 1188
641 642
641 1189
640 641
640 1190
639 640
639 1191
638 639
638 1192
637 638
637 1193
636 637
636 1194
635 636
635 1195
634 635
634 1196
633 634
633 1197
632 633
632 1198
631 632
631 1199
630 631
630 1200
629 630
629 1201
628 629
628 1202
627 628
627 1203
626 627
626 1204
625 626
625 1205
624 625
624 1206
623 624
623 1207
622 623
622 1208
621 622
621 1209
620 621
620 1210
619 620
619 1211
618 619
618 1212
617 618
617 1213
616 617
616 1214
615 616
615 1215
614 615
614 1216
613 614
613 1217
612 613
612 1218
611 612
611 1219
610 611
610 1220
609 610
609 1221
608 609
608 1222
607 608
607 1223
606 607
606 1224
605 606
605 1225
604 605
604 1226
603 604
603 1227
602 603
602 1228
601 602
601 1229
600 601
600 1230
599 600
599 1231
598 599
598 1232
597 598
597 1233
596 597
596 1234
595 596
595 1235
594 595
594 1236
593 594
593 1237
592 593
592 1238
591 592
591 1239
590 591
590 1240
589 590
589 1241
588 589
588 1242
587 588
587 1243
586 587
586 1244
585 586
585 1245
584 585
584 1246
583 584
583 1247
582 583
582 1248
581 582
581 1249
580 581
580 1250
579 580
579 1251
578 579
578 1252
577 578
577 1253
576 577
576 1254
575 576
575 1255
574 575
574 1256
573 574
573 1257
572 573
572 1258
571 572
571 1259
570 571
570 1260
569 570
569 1261
568 569
568 1262
567 568
567 1263
566 567
566 1264
565 566
565 1265
564 565
564 1266
563 564
563 1267
562 563
562 1268
561 562
561 1269
560 561
560 1270
559 560
559 1271
558 559
558 1272
557 558
557 1273
556 557
556 1274
555 556
555 1275
554 555
554 1276
553 554
553 1277
552 553
552 1278
551 552
551 1279
550 551
550 1280
549 550
549 1281
548 549
548 1282
547 548
547 1283
546 547
546 1284
545 546
545 1285
544 545
544 1286
543 544
543 1287
542 543
542 1288
541 542
541 1289
540 541
540 1290
539 540
539 1291
538 539
538 1292
537 538
537 1293
536 537
536 1294
535 536
535 1295
534 535
534 1296
533 534
533 1297
532 533
532 1298
531 532
531 1299
530 531
530 1300
529 530
529 1301
528 529
528 1302
527 528
527 1303
526 527
526 1304
525 526
525 1305
524 525
524 1306
523 524
523 1307
522 523
522 1308
521 522
521 1309
520 521
520 1310
519 520
519 1311
518 519
518 1312
517 518
517 1313
516 517
516 1314
515 516
515 1315
514 515
514 1316
513 514
513 1317
512 513
512 1318
511 512
511 1319
510 511
510 1320
509 510
509 1321
508 509
508 1322
507 508
507 1323
506 507
506 1324
505 506
505 1325
504 505
504 1326
503 504
503 1327
502 503
502 1328
501 502
501 1329
500 501
500 1330
499 500
499 1331
498 499
498 1332
497 498
497 1333
496 497
496 1334
495 496
495 1335
494 495
494 1336
493 494
493 1337
492 493
492 1338
491 492
491 1339
490 491
490 1340
489 490
489 1341
488 489
488 1342
487 488
487 1343
486 487
486 1344
485 486
485 1345
484 485
484 1346
483 484
483 1347
482 483
482 1348
481 482
481 1349
480 481
480 1350
479 480
479 1351
478 479
478 1352
477 478
477 1353
476 477
476 1354
475 476
475 1355
474 475
474 1356
473 474
473 1357
472 473
472 1358
471 472
471 1359
470 471
470 1360
469 470
469 1361
468 469
468 1362
467 468
467 1363
466 467
466 1364
465 466
465 1365
464 465
464 1366
463 464
463 1367
462 463
462 1368
461 462
461 1369
460 461
460 1370
459 460
459 1371
458 459
458 1372
457 458
457 1373
456 457
456 1374
455 456
455 1375
454 455
454 1376
453 454
453 1377
452 453
452 1378
451 452
451 1379
450 451
450 1380
449 450
449 1381
448 449
448 1382
447 448
447 1383
446 447
446 1384
445 446
445 1385
444 445
444 1386
443 444
443 1387
442 443
442 1388
441 442
441 1389
440 441
440 1390
439 440
439 1391
438 439
438 1392
437 438
437 1393
436 437
436 1394
435 436
435 1395
434 435
434 1396
433 434
433 1397
432 433
432 1398
431 432
431 1399
430 431
430 1400
429 430
429 1401
428 429
428 1402
427 428
427 1403
426 427
426 1404
425 426
425 1405
424 425
424 1406
423 424
423 1407
422 423
422 1408
421 422
421 1409
420 421
420 1410
419 420
419 1411
418 419
418 1412
417 418
417 1413
416 417
416 1414
415 416
415 1415
414 415
414 1416
413 414
413 1417
412 413
412 1418
411 412
411 1419
410 411
410 1420
409 410
409 1421
408 409
408 1422
407 408
407 1423
406 407
406 1424
405 406
405 1425
404 405
404 1426
403 404
403 1427
402 403
402 1428
401 402
401 1429
400 401
400 1430
399 400
399 1431
398 399
398 1432
397 398
397 1433
396 397
396 1434
395 396
395 1435
394 395
394 1436
393 394
393 1437
392 393
392 1438
391 392
391 1439
390 391
390 1440
389 390
389 1441
388 389
388 1442
387 388
387 1443
386 387
386 1444
385 386
385 1445
384 385
384 1446
383 384
383 1447
382 383
382 1448
381 382
381 1449
380 381
380 1450
379 380
379 1451
378 379
378 1452
377 378
377 1453
376 377
376 1454
375 376
375 1455
374 375
374 1456
373 374
373 1457
372 373
372 1458
371 372
371 1459
370 371
370 1460
369 370
369 1461
368 369
368 1462
367 368
367 1463
366 367
366 1464
365 366
365 1465
364 365
364 1466
363 364
363 1467
362 363
362 1468
361 362
361 1469
360 361
360 1470
359 360
359 1471
358 359
358 1472
357 358
357 1473
356 357
356 1474
355 356
355 1475
354 355
354 1476
353 354
353 1477
352 353
352 1478
351 352
351 1479
350 351
350 1480
349 350
349 1481
348 349
348 1482
347 348
347 1483
346 347
346 1484
345 346
345 1485
344 345
344 1486
343 344
343 1487
342 343
342 1488
341 342
341 1489
340 341
340 1490
339 340
339 1491
338 339
338 1492
337 338
337 1493
336 337
336 1494
335 336
335 1495
334 335
334 1496
333 334
333 1497
332 333
332 1498
331 332
331 1499
330 331
330 1500
329 330
329 1501
328 329
328 1502
327 328
327 1503
326 327
326 1504
325 326
325 1505
324 325
324 1506
323 324
323 1507
322 323
322 1508
321 322
321 1509
320 321
320 1510
319 320
319 1511
318 319
318 1512
317 318
317 1513
316 317
316 1514
315 316
315 1515
314 315
314 1516
313 314
313 1517
312 313
312 1518
311 312
311 1519
310 311
310 1520
309 310
309 1521
308 309
308 1522
307 308
307 1523
306 307
306 1524
305 306
305 1525
304 305
304 1526
303 304
303 1527
302 303
302 1528
301 302
301 1529
300 301
300 1530
299 300
299 1531
298 299
298 1532
297 298
297 1533
296 297
296 1534
295 296
295 1535
294 295
294 1536
293 294
293 1537
292 293
292 1538
291 292
291 1539
290 291
290 1540
289 290
289 1541
288 289
288 1542
287 288
287 1543
286 287
286 1544
285 286
285 1545
284 285
284 1546
283 284
283 1547
282 283
282 1548
281 282
281 1549
280 281
280 1550
279 280
279 1551
278 279
278 1552
277 278
277 1553
276 277
276 1554
275 276
275 1555
274 275
274 1556
273 274
273 1557
272 273
272 1558
271 272
271 1559
270 271
270 1560
269 270
269 1561
268 269
268 1562
267 268
267 1563
266 267
266 1564
265 266
265 1565
264 265
264 1566
263 264
263 1567
262 263
262 1568
261 262
261 1569
260 261
260 1570
259 260
259 1571
258 259
258 1572
257 258
257 1573
256 257
256 1574
255 256
255 1575
254 255
254 1576
253 254
253 1577
252 253
252 1578
251 252
251 1579
250 251
250 1580
249 250
249 1581
248 249
248 1582
247 248
247 1583
246 247
246 1584
245 246
245 1585
244 245
244 1586
243 244
243 1587
242 243
242 1588
241 242
241 1589
240 241
240 1590
239 240
239 1591
238 239
238 1592
237 238
237 1593
236 237
236 1594
235 236
235 1595
234 235
234 1596
233 234
233 1597
232 233
232 1598
231 232
231 1599
230 231
230 1600
229 230
229 1601
228 229
228 1602
227 228
227 1603
226 227
226 1604
225 226
225 1605
224 225
224 1606
223 224
223 1607
222 223
222 1608
221 222
221 1609
220 221
220 1610
219 220
219 1611
218 219
218 1612
217 218
217 1613
216 217
216 1614
215 216
215 1615
214 215
214 1616
213 214
213 1617
212 213
212 1618
211 212
211 1619
210 211
210 1620
209 210
209 1621
208 209
208 1622
207 208
207 1623
206 207
206 1624
205 206
205 1625
204 205
204 1626
203 204
203 1627
202 203
202 1628
201 202
201 1629
200 201
200 1630
199 200
199 1631
198 199
198 1632
197 198
197 1633
196 197
196 1634
195 196
195 1635
194 195
194 1636
193 194
193 1637
192 193
192 1638
191 192
191 1639
190 191
190 1640
189 190
189 1641
188 189
188 1642
187 188
187 1643
186 187
186 1644
185 186
185 1645
184 185
184 1646
183 184
183 1647
182 183
182 1648
181 182
181 1649
180 181
180 1650
179 180
179 1651
178 179
178 1652
177 178
177 1653
176 177
176 1654
175 176
175 1655
174 175
174 1656
173 174
173 1657
172 173
172 1658
171 172
171 1659
170 171
170 1660
169 170
169 1661
168 169
168 1662
167 168
167 1663
166 167
166 1664
165 166
165 1665
164 165
164 1666
163 164
163 1667
162 163
162 1668
161 162
161 1669
160 161
160 1670
159 160
159 1671
158 159
158 1672
157 158
157 1673
156 157
156 1674
155 156
155 1675
154 155
154 1676
153 154
153 1677
152 153
152 1678
151 152
151 1679
150 151
150 1680
149 150
149 1681
148 149
148 1682
147 148
147 1683
146 147
146 1684
145 146
145 1685
144 145
144 1686
143 144
143 1687
142 143
142 1688
141 142
141 1689
140 141
140 1690
139 140
139 1691
138 139
138 1692
137 138
137 1693
136 137
136 1694
135 136
135 1695
134 135
134 1696
133 134
133 1697
132 133
132 1698
131 132
131 1699
130 131
130 1700
129 130
129 1701
128 129
128 1702
127 128
127 1703
126 127
126 1704
125 126
125 1705
124 125
124 1706
123 124
123 1707
122 123
122 1708
121 122
121 1709
120 121
120 1710
119 120
119 1711
118 119
118 1712
117 118
117 1713
116 117
116 1714
115 116
115 1715
114 115
114 1716
113 114
113 1717
112 113
112 1718
111 112
111 1719
110 111
110 1720
109 110
109 1721
108 109
108 1722
107 108
107 1723
106 107
106 1724
105 106
105 1725
104 105
104 1726
103 104
103 1727
102 103
102 1728
101 102
101 1729
100 101
100 1730
99 100
99 1731
98 99
98 1732
97 98
97 1733
96 97
96 1734
95 96
95 1735
94 95
94 1736
93 94
93 1737
92 93
92 1738
91 92
91 1739
90 91
90 1740
89 90
89 1741
88 89
88 1742
87 88
87 1743
86 87
86 1744
85 86
85 1745
84 85
84 1746
83 84
83 1747
82 83
82 1748
81 82
81 1749
80 81
80 1750
79 80
79 1751
78 79
78 1752
77 78
77 1753
76 77
76 1754
75 76
75 1755
74 75
74 1756
73 74
73 1757
72 73
72 1758
71 72
71 1759
70 71
70 1760
69 70
69 1761
68 69
68 1762
67 68
67 1763
66 67
66 1764
65 66
65 1765
64 65
64 1766
63 64
63 1767
62 63
62 1768
61 62
61 1769
60 61
60 1770
59 60
59 1771
58 59
58 1772
57 58
57 1773
56 57
56 1774
55 56
55 1775
54 55
54 1776
53 54
53 1777
52 53
52 1778
51 52
51 1779
50 51
50 1780
49 50
49 1781
48 49
48 1782
47 48
47 1783
46 47
46 1784
45 46
45 1785
44 45
44 1786
43 44
43 1787
42 43
42 1788
41 42
41 1789
40 41
40 1790
39 40
39 1791
38 39
38 1792
37 38
37 1793
36 37
36 1794
35 36
35 1795
34 35
34 1796
33 34
33 1797
32 33
32 1798
31 32
31 1799
30 31
30 1800
29 30
29 1801
28 29
28 1802
27 28
27 1803
26 27
26 1804
25 26
25 1805
24 25
24 1806
23 24
23 1807
22 23
22 1808
21 22
21 1809
20 21
20 1810
19 20
19 1811
18 19
18 1812
17 18
17 1813
16 17
16 1814
15 16
15 1815
14 15
14 1816
13 14
13 1817
12 13
12 1818
11 12
11 1819
10 11
10 1820
9 10
9 1821
8 9
8 1822
7 8
7 1823
6 7
6 1824
5 6
5 1825
4 5
4 1826
3 4
3 1827
2 3
2 1828
1 2
1 1829
1 1830
