1885 23079262
628 629
628 630
628 631
627 628
627 632
627 633
626 627
626 634
626 635
625 626
625 636
625 637
624 625
624 638
624 639
623 624
623 640
623 641
622 623
622 642
622 643
621 622
621 644
621 645
620 621
620 646
620 647
619 620
619 648
619 649
618 619
618 650
618 651
617 618
617 652
617 653
616 617
616 654
616 655
615 616
615 656
615 657
614 615
614 658
614 659
613 614
613 660
613 661
612 613
612 662
612 663
611 612
611 664
611 665
610 611
610 666
610 667
609 610
609 668
609 669
608 609
608 670
608 671
607 608
607 672
607 673
606 607
606 674
606 675
605 606
605 676
605 677
604 605
604 678
604 679
603 604
603 680
603 681
602 603
602 682
602 683
601 602
601 684
601 685
600 601
600 686
600 687
599 600
599 688
599 689
598 599
598 690
598 691
597 598
597 692
597 693
596 597
596 694
596 695
595 596
595 696
595 697
594 595
594 698
594 699
593 594
593 700
593 701
592 593
592 702
592 703
591 592
591 704
591 705
590 591
590 706
590 707
589 590
589 708
589 709
588 589
588 710
588 711
587 588
587 712
587 713
586 587
586 714
586 715
585 586
585 716
585 717
584 585
584 718
584 719
583 584
583 720
583 721
582 583
582 722
582 723
581 582
581 724
581 725
580 581
580 726
580 727
579 580
579 728
579 729
578 579
578 730
578 731
577 578
577 732
577 733
576 577
576 734
576 735
575 576
575 736
575 737
574 575
574 738
574 739
573 574
573 740
573 741
572 573
572 742
572 743
571 572
571 744
571 745
570 571
570 746
570 747
569 570
569 748
569 749
568 569
568 750
568 751
567 568
567 752
567 753
566 567
566 754
566 755
565 566
565 756
565 757
564 565
564 758
564 759
563 564
563 760
563 761
562 563
562 762
562 763
561 562
561 764
561 765
560 561
560 766
560 767
559 560
559 768
559 769
558 559
558 770
558 771
557 558
557 772
557 773
556 557
556 774
556 775
555 556
555 776
555 777
554 555
554 778
554 779
553 554
553 780
553 781
552 553
552 782
552 783
551 552
551 784
551 785
550 551
550 786
550 787
549 550
549 788
549 789
548 549
548 790
548 791
547 548
547 792
547 793
546 547
546 794
546 795
545 546
545 796
545 797
544 545
544 798
544 799
543 544
543 800
543 801
542 543
542 802
542 803
541 542
541 804
541 805
540 541
540 806
540 807
539 540
539 808
539 809
538 539
538 810
538 811
537 538
537 812
537 813
536 537
536 814
536 815
535 536
535 816
535 817
534 535
534 818
534 819
533 534
533 820
533 821
532 533
532 822
532 823
531 532
531 824
531 825
530 531
530 826
530 827
529 530
529 828
529 829
528 529
528 830
528 831
527 528
527 832
527 833
526 527
526 834
526 835
525 526
525 836
525 837
524 525
524 838
524 839
523 524
523 840
523 841
522 523
522 842
522 843
521 522
521 844
521 845
520 521
520 846
520 847
519 520
519 848
519 849
518 519
518 850
518 851
517 518
517 852
517 853
516 517
516 854
516 855
515 516
515 856
515 857
514 515
514 858
514 859
513 514
513 860
513 861
512 513
512 862
512 863
511 512
511 864
511 865
510 511
510 866
510 867
509 510
509 868
509 869
508 509
508 870
508 871
507 508
507 872
507 873
506 507
506 874
506 875
505 506
505 876
505 877
504 505
504 878
504 879
503 504
503 880
503 881
502 503
502 882
502 883
501 502
501 884
501 885
500 501
500 886
500 887
499 500
499 888
499 889
498 499
498 890
498 891
497 498
497 892
497 893
496 497
496 894
496 895
495 496
495 896
495 897
494 495
494 898
494 899
493 494
493 900
493 901
492 493
492 902
492 903
491 492
491 904
491 905
490 491
490 906
490 907
489 490
489 908
489 909
488 489
488 910
488 911
487 488
487 912
487 913
486 487
486 914
486 915
485 486
485 916
485 917
484 485
484 918
484 919
483 484
483 920
483 921
482 483
482 922
482 923
481 482
481 924
481 925
480 481
480 926
480 927
479 480
479 928
479 929
478 479
478 930
478 931
477 478
477 932
477 933
476 477
476 934
476 935
475 476
475 936
475 937
474 475
474 938
474 939
473 474
473 940
473 941
472 473
472 942
472 943
471 472
471 944
471 945
470 471
470 946
470 947
469 470
469 948
469 949
468 469
468 950
468 951
467 468
467 952
467 953
466 467
466 954
466 955
465 466
465 956
465 957
464 465
464 958
464 959
463 464
463 960
463 961
462 463
462 962
462 963
461 462
461 964
461 965
460 461
460 966
460 967
459 460
459 968
459 969
458 459
458 970
458 971
457 458
457 972
457 973
456 457
456 974
456 975
455 456
455 976
455 977
454 455
454 978
454 979
453 454
453 980
453 981
452 453
452 982
452 983
451 452
451 984
451 985
450 451
450 986
450 987
449 450
449 988
449 989
448 449
448 990
448 991
447 448
447 992
447 993
446 447
446 994
446 995
445 446
445 996
445 997
444 445
444 998
444 999
443 444
443 1000
443 1001
442 443
442 1002
442 1003
441 442
441 1004
441 1005
440 441
440 1006
440 1007
439 440
439 1008
439 1009
438 439
438 1010
438 1011
437 438
437 1012
437 1013
436 437
436 1014
436 1015
435 436
435 1016
435 1017
434 435
434 1018
434 1019
433 434
433 1020
433 1021
432 433
432 1022
432 1023
431 432
431 1024
431 1025
430 431
430 1026
430 1027
429 430
429 1028
429 1029
428 429
428 1030
428 1031
427 428
427 1032
427 1033
426 427
426 1034
426 1035
425 426
425 1036
425 1037
424 425
424 1038
424 1039
423 424
423 1040
423 1041
422 423
422 1042
422 1043
421 422
421 1044
421 1045
420 421
420 1046
420 1047
419 420
419 1048
419 1049
418 419
418 1050
418 1051
417 418
417 1052
417 1053
416 417
416 1054
416 1055
415 416
415 1056
415 1057
414 415
414 1058
414 1059
413 414
413 1060
413 1061
412 413
412 1062
412 1063
411 412
411 1064
411 1065
410 411
410 1066
410 1067
409 410
409 1068
409 1069
408 409
408 1070
408 1071
407 408
407 1072
407 1073
406 407
406 1074
406 1075
405 406
405 1076
405 1077
404 405
404 1078
404 1079
403 404
403 1080
403 1081
402 403
402 1082
402 1083
401 402
401 1084
401 1085
400 401
400 1086
400 1087
399 400
399 1088
399 1089
398 399
398 1090
398 1091
397 398
397 1092
397 1093
396 397
396 1094
396 1095
395 396
395 1096
395 1097
394 395
394 1098
394 1099
393 394
393 1100
393 1101
392 393
392 1102
392 1103
391 392
391 1104
391 1105
390 391
390 1106
390 1107
389 390
389 1108
389 1109
388 389
388 1110
388 1111
387 388
387 1112
387 1113
386 387
386 1114
386 1115
385 386
385 1116
385 1117
384 385
384 1118
384 1119
383 384
383 1120
383 1121
382 383
382 1122
382 1123
381 382
381 1124
381 1125
380 381
380 1126
380 1127
379 380
379 1128
379 1129
378 379
378 1130
378 1131
377 378
377 1132
377 1133
376 377
376 1134
376 1135
375 376
375 1136
375 1137
374 375
374 1138
374 1139
373 374
373 1140
373 1141
372 373
372 1142
372 1143
371 372
371 1144
371 1145
370 371
370 1146
370 1147
369 370
369 1148
369 1149
368 369
368 1150
368 1151
367 368
367 1152
367 1153
366 367
366 1154
366 1155
365 366
365 1156
365 1157
364 365
364 1158
364 1159
363 364
363 1160
363 1161
362 363
362 1162
362 1163
361 362
361 1164
361 1165
360 361
360 1166
360 1167
359 360
359 1168
359 1169
358 359
358 1170
358 1171
357 358
357 1172
357 1173
356 357
356 1174
356 1175
355 356
355 1176
355 1177
354 355
354 1178
354 1179
353 354
353 1180
353 1181
352 353
352 1182
352 1183
351 352
351 1184
351 1185
350 351
350 1186
350 1187
349 350
349 1188
349 1189
348 349
348 1190
348 1191
347 348
347 1192
347 1193
346 347
346 1194
346 1195
345 346
345 1196
345 1197
344 345
344 1198
344 1199
343 344
343 1200
343 1201
342 343
342 1202
342 1203
341 342
341 1204
341 1205
340 341
340 1206
340 1207
339 340
339 1208
339 1209
338 339
338 1210
338 1211
337 338
337 1212
337 1213
336 337
336 1214
336 1215
335 336
335 1216
335 1217
334 335
334 1218
334 1219
333 334
333 1220
333 1221
332 333
332 1222
332 1223
331 332
331 1224
331 1225
330 331
330 1226
330 1227
329 330
329 1228
329 1229
328 329
328 1230
328 1231
327 328
327 1232
327 1233
326 327
326 1234
326 1235
325 326
325 1236
325 1237
324 325
324 1238
324 1239
323 324
323 1240
323 1241
322 323
322 1242
322 1243
321 322
321 1244
321 1245
320 321
320 1246
320 1247
319 320
319 1248
319 1249
318 319
318 1250
318 1251
317 318
317 1252
317 1253
316 317
316 1254
316 1255
315 316
315 1256
315 1257
314 315
314 1258
314 1259
313 314
313 1260
313 1261
312 313
312 1262
312 1263
311 312
311 1264
311 1265
310 311
310 1266
310 1267
309 310
309 1268
309 1269
308 309
308 1270
308 1271
307 308
307 1272
307 1273
306 307
306 1274
306 1275
305 306
305 1276
305 1277
304 305
304 1278
304 1279
303 304
303 1280
303 1281
302 303
302 1282
302 1283
301 302
301 1284
301 1285
300 301
300 1286
300 1287
299 300
299 1288
299 1289
298 299
298 1290
298 1291
297 298
297 1292
297 1293
296 297
296 1294
296 1295
295 296
295 1296
295 1297
294 295
294 1298
294 1299
293 294
293 1300
293 1301
292 293
292 1302
292 1303
291 292
291 1304
291 1305
290 291
290 1306
290 1307
289 290
289 1308
289 1309
288 289
288 1310
288 1311
287 288
287 1312
287 1313
286 287
286 1314
286 1315
285 286
285 1316
285 1317
284 285
284 1318
284 1319
283 284
283 1320
283 1321
282 283
282 1322
282 1323
281 282
281 1324
281 1325
280 281
280 1326
280 1327
279 280
279 1328
279 1329
278 279
278 1330
278 1331
277 278
277 1332
277 1333
276 277
276 1334
276 1335
275 276
275 1336
275 1337
274 275
274 1338
274 1339
273 274
273 1340
273 1341
272 273
272 1342
272 1343
271 272
271 1344
271 1345
270 271
270 1346
270 1347
269 270
269 1348
269 1349
268 269
268 1350
268 1351
267 268
267 1352
267 1353
266 267
266 1354
266 1355
265 266
265 1356
265 1357
264 265
264 1358
264 1359
263 264
263 1360
263 1361
262 263
262 1362
262 1363
261 262
261 1364
261 1365
260 261
260 1366
260 1367
259 260
259 1368
259 1369
258 259
258 1370
258 1371
257 258
257 1372
257 1373
256 257
256 1374
256 1375
255 256
255 1376
255 1377
254 255
254 1378
254 1379
253 254
253 1380
253 1381
252 253
252 1382
252 1383
251 252
251 1384
251 1385
250 251
250 1386
250 1387
249 250
249 1388
249 1389
248 249
248 1390
248 1391
247 248
247 1392
247 1393
246 247
246 1394
246 1395
245 246
245 1396
245 1397
244 245
244 1398
244 1399
243 244
243 1400
243 1401
242 243
242 1402
242 1403
241 242
241 1404
241 1405
240 241
240 1406
240 1407
239 240
239 1408
239 1409
238 239
238 1410
238 1411
237 238
237 1412
237 1413
236 237
236 1414
236 1415
235 236
235 1416
235 1417
234 235
234 1418
234 1419
233 234
233 1420
233 1421
232 233
232 1422
232 1423
231 232
231 1424
231 1425
230 231
230 1426
230 1427
229 230
229 1428
229 1429
228 229
228 1430
228 1431
227 228
227 1432
227 1433
226 227
226 1434
226 1435
225 226
225 1436
225 1437
224 225
224 1438
224 1439
223 224
223 1440
223 1441
222 223
222 1442
222 1443
221 222
221 1444
221 1445
220 221
220 1446
220 1447
219 220
219 1448
219 1449
218 219
218 1450
218 1451
217 218
217 1452
217 1453
216 217
216 1454
216 1455
215 216
215 1456
215 1457
214 215
214 1458
214 1459
213 214
213 1460
213 1461
212 213
212 1462
212 1463
211 212
211 1464
211 1465
210 211
210 1466
210 1467
209 210
209 1468
209 1469
208 209
208 1470
208 1471
207 208
207 1472
207 1473
206 207
206 1474
206 1475
205 206
205 1476
205 1477
204 205
204 1478
204 1479
203 204
203 1480
203 1481
202 203
202 1482
202 1483
201 202
201 1484
201 1485
200 201
200 1486
200 1487
199 200
199 1488
199 1489
198 199
198 1490
198 1491
197 198
197 1492
197 1493
196 197
196 1494
196 1495
195 196
195 1496
195 1497
194 195
194 1498
194 1499
193 194
193 1500
193 1501
192 193
192 1502
192 1503
191 192
191 1504
191 1505
190 191
190 1506
190 1507
189 190
189 1508
189 1509
188 189
188 1510
188 1511
187 188
187 1512
187 1513
186 187
186 1514
186 1515
185 186
185 1516
185 1517
184 185
184 1518
184 1519
183 184
183 1520
183 1521
182 183
182 1522
182 1523
181 182
181 1524
181 1525
180 181
180 1526
180 1527
179 180
179 1528
179 1529
178 179
178 1530
178 1531
177 178
177 1532
177 1533
176 177
176 1534
176 1535
175 176
175 1536
175 1537
174 175
174 1538
174 1539
173 174
173 1540
173 1541
172 173
172 1542
172 1543
171 172
171 1544
171 1545
170 171
170 1546
170 1547
169 170
169 1548
169 1549
168 169
168 1550
168 1551
167 168
167 1552
167 1553
166 167
166 1554
166 1555
165 166
165 1556
165 1557
164 165
164 1558
164 1559
163 164
163 1560
163 1561
162 163
162 1562
162 1563
161 162
161 1564
161 1565
160 161
160 1566
160 1567
159 160
159 1568
159 1569
158 159
158 1570
158 1571
157 158
157 1572
157 1573
156 157
156 1574
156 1575
155 156
155 1576
155 1577
154 155
154 1578
154 1579
153 154
153 1580
153 1581
152 153
152 1582
152 1583
151 152
151 1584
151 1585
150 151
150 1586
150 1587
149 150
149 1588
149 1589
148 149
148 1590
148 1591
147 148
147 1592
147 1593
146 147
146 1594
146 1595
145 146
145 1596
145 1597
144 145
144 1598
144 1599
143 144
143 1600
143 1601
142 143
142 1602
142 1603
141 142
141 1604
141 1605
140 141
140 1606
140 1607
139 140
139 1608
139 1609
138 139
138 1610
138 1611
137 138
137 1612
137 1613
136 137
136 1614
136 1615
135 136
135 1616
135 1617
134 135
134 1618
134 1619
133 134
133 1620
133 1621
132 133
132 1622
132 1623
131 132
131 1624
131 1625
130 131
130 1626
130 1627
129 130
129 1628
129 1629
128 129
128 1630
128 1631
127 128
127 1632
127 1633
126 127
126 1634
126 1635
125 126
125 1636
125 1637
124 125
124 1638
124 1639
123 124
123 1640
123 1641
122 123
122 1642
122 1643
121 122
121 1644
121 1645
120 121
120 1646
120 1647
119 120
119 1648
119 1649
118 119
118 1650
118 1651
117 118
117 1652
117 1653
116 117
116 1654
116 1655
115 116
115 1656
115 1657
114 115
114 1658
114 1659
113 114
113 1660
113 1661
112 113
112 1662
112 1663
111 112
111 1664
111 1665
110 111
110 1666
110 1667
109 110
109 1668
109 1669
108 109
108 1670
108 1671
107 108
107 1672
107 1673
106 107
106 1674
106 1675
105 106
105 1676
105 1677
104 105
104 1678
104 1679
103 104
103 1680
103 1681
102 103
102 1682
102 1683
101 102
101 1684
101 1685
100 101
100 1686
100 1687
99 100
99 1688
99 1689
98 99
98 1690
98 1691
97 98
97 1692
97 1693
96 97
96 1694
96 1695
95 96
95 1696
95 1697
94 95
94 1698
94 1699
93 94
93 1700
93 1701
92 93
92 1702
92 1703
91 92
91 1704
91 1705
90 91
90 1706
90 1707
89 90
89 1708
89 1709
88 89
88 1710
88 1711
87 88
87 1712
87 1713
86 87
86 1714
86 1715
85 86
85 1716
85 1717
84 85
84 1718
84 1719
83 84
83 1720
83 1721
82 83
82 1722
82 1723
81 82
81 1724
81 1725
80 81
80 1726
80 1727
79 80
79 1728
79 1729
78 79
78 1730
78 1731
77 78
77 1732
77 1733
76 77
76 1734
76 1735
75 76
75 1736
75 1737
74 75
74 1738
74 1739
73 74
73 1740
73 1741
72 73
72 1742
72 1743
71 72
71 1744
71 1745
70 71
70 1746
70 1747
69 70
69 1748
69 1749
68 69
68 1750
68 1751
67 68
67 1752
67 1753
66 67
66 1754
66 1755
65 66
65 1756
65 1757
64 65
64 1758
64 1759
63 64
63 1760
63 1761
62 63
62 1762
62 1763
61 62
61 1764
61 1765
60 61
60 1766
60 1767
59 60
59 1768
59 1769
58 59
58 1770
58 1771
57 58
57 1772
57 1773
56 57
56 1774
56 1775
55 56
55 1776
55 1777
54 55
54 1778
54 1779
53 54
53 1780
53 1781
52 53
52 1782
52 1783
51 52
51 1784
51 1785
50 51
50 1786
50 1787
49 50
49 1788
49 1789
48 49
48 1790
48 1791
47 48
47 1792
47 1793
46 47
46 1794
46 1795
45 46
45 1796
45 1797
44 45
44 1798
44 1799
43 44
43 1800
43 1801
42 43
42 1802
42 1803
41 42
41 1804
41 1805
40 41
40 1806
40 1807
39 40
39 1808
39 1809
38 39
38 1810
38 1811
37 38
37 1812
37 1813
36 37
36 1814
36 1815
35 36
35 1816
35 1817
34 35
34 1818
34 1819
33 34
33 1820
33 1821
32 33
32 1822
32 1823
31 32
31 1824
31 1825
30 31
30 1826
30 1827
29 30
29 1828
29 1829
28 29
28 1830
28 1831
27 28
27 1832
27 1833
26 27
26 1834
26 1835
25 26
25 1836
25 1837
24 25
24 1838
24 1839
23 24
23 1840
23 1841
22 23
22 1842
22 1843
21 22
21 1844
21 1845
20 21
20 1846
20 1847
19 20
19 1848
19 1849
18 19
18 1850
18 1851
17 18
17 1852
17 1853
16 17
16 1854
16 1855
15 16
15 1856
15 1857
14 15
14 1858
14 1859
13 14
13 1860
13 1861
12 13
12 1862
12 1863
11 12
11 1864
11 1865
10 11
10 1866
10 1867
9 10
9 1868
9 1869
8 9
8 1870
8 1871
7 8
7 1872
7 1873
6 7
6 1874
6 1875
5 6
5 1876
5 1877
4 5
4 1878
4 1879
3 4
3 1880
3 1881
2 3
2 1882
2 1883
1 2
1 1884
1 1885
1 1886
