1906 20753757
953 954
953 955
952 953
952 956
951 952
951 957
950 951
950 958
949 950
949 959
948 949
948 960
947 948
947 961
946 947
946 962
945 946
945 963
944 945
944 964
943 944
943 965
942 943
942 966
941 942
941 967
940 941
940 968
939 940
939 969
938 939
938 970
937 938
937 971
936 937
936 972
935 936
935 973
934 935
934 974
933 934
933 975
932 933
932 976
931 932
931 977
930 931
930 978
929 930
929 979
928 929
928 980
927 928
927 981
926 927
926 982
925 926
925 983
924 925
924 984
923 924
923 985
922 923
922 986
921 922
921 987
920 921
920 988
919 920
919 989
918 919
918 990
917 918
917 991
916 917
916 992
915 916
915 993
914 915
914 994
913 914
913 995
912 913
912 996
911 912
911 997
910 911
910 998
909 910
909 999
908 909
908 1000
907 908
907 1001
906 907
906 1002
905 906
905 1003
904 905
904 1004
903 904
903 1005
902 903
902 1006
901 902
901 1007
900 901
900 1008
899 900
899 1009
898 899
898 1010
897 898
897 1011
896 897
896 1012
895 896
895 1013
894 895
894 1014
893 894
893 1015
892 893
892 1016
891 892
891 1017
890 891
890 1018
889 890
889 1019
888 889
888 1020
887 888
887 1021
886 887
886 1022
885 886
885 1023
884 885
884 1024
883 884
883 1025
882 883
882 1026
881 882
881 1027
880 881
880 1028
879 880
879 1029
878 879
878 1030
877 878
877 1031
876 877
876 1032
875 876
875 1033
874 875
874 1034
873 874
873 1035
872 873
872 1036
871 872
871 1037
870 871
870 1038
869 870
869 1039
868 869
868 1040
867 868
867 1041
866 867
866 1042
865 866
865 1043
864 865
864 1044
863 864
863 1045
862 863
862 1046
861 862
861 1047
860 861
860 1048
859 860
859 1049
858 859
858 1050
857 858
857 1051
856 857
856 1052
855 856
855 1053
854 855
854 1054
853 854
853 1055
852 853
852 1056
851 852
851 1057
850 851
850 1058
849 850
849 1059
848 849
848 1060
847 848
847 1061
846 847
846 1062
845 846
845 1063
844 845
844 1064
843 844
843 1065
842 843
842 1066
841 842
841 1067
840 841
840 1068
839 840
839 1069
838 839
838 1070
837 838
837 1071
836 837
836 1072
835 836
835 1073
834 835
834 1074
833 834
833 1075
832 833
832 1076
831 832
831 1077
830 831
830 1078
829 830
829 1079
828 829
828 1080
827 828
827 1081
826 827
826 1082
825 826
825 1083
824 825
824 1084
823 824
823 1085
822 823
822 1086
821 822
821 1087
820 821
820 1088
819 820
819 1089
818 819
818 1090
817 818
817 1091
816 817
816 1092
815 816
815 1093
814 815
814 1094
813 814
813 1095
812 813
812 1096
811 812
811 1097
810 811
810 1098
809 810
809 1099
808 809
808 1100
807 808
807 1101
806 807
806 1102
805 806
805 1103
804 805
804 1104
803 804
803 1105
802 803
802 1106
801 802
801 1107
800 801
800 1108
799 800
799 1109
798 799
798 1110
797 798
797 1111
796 797
796 1112
795 796
795 1113
794 795
794 1114
793 794
793 1115
792 793
792 1116
791 792
791 1117
790 791
790 1118
789 790
789 1119
788 789
788 1120
787 788
787 1121
786 787
786 1122
785 786
785 1123
784 785
784 1124
783 784
783 1125
782 783
782 1126
781 782
781 1127
780 781
780 1128
779 780
779 1129
778 779
778 1130
777 778
777 1131
776 777
776 1132
775 776
775 1133
774 775
774 1134
773 774
773 1135
772 773
772 1136
771 772
771 1137
770 771
770 1138
769 770
769 1139
768 769
768 1140
767 768
767 1141
766 767
766 1142
765 766
765 1143
764 765
764 1144
763 764
763 1145
762 763
762 1146
761 762
761 1147
760 761
760 1148
759 760
759 1149
758 759
758 1150
757 758
757 1151
756 757
756 1152
755 756
755 1153
754 755
754 1154
753 754
753 1155
752 753
752 1156
751 752
751 1157
750 751
750 1158
749 750
749 1159
748 749
748 1160
747 748
747 1161
746 747
746 1162
745 746
745 1163
744 745
744 1164
743 744
743 1165
742 743
742 1166
741 742
741 1167
740 741
740 1168
739 740
739 1169
738 739
738 1170
737 738
737 1171
736 737
736 1172
735 736
735 1173
734 735
734 1174
733 734
733 1175
732 733
732 1176
731 732
731 1177
730 731
730 1178
729 730
729 1179
728 729
728 1180
727 728
727 1181
726 727
726 1182
725 726
725 1183
724 725
724 1184
723 724
723 1185
722 723
722 1186
721 722
721 1187
720 721
720 1188
719 720
719 1189
718 719
718 1190
717 718
717 1191
716 717
716 1192
715 716
715 1193
714 715
714 1194
713 714
713 1195
712 713
712 1196
711 712
711 1197
710 711
710 1198
709 710
709 1199
708 709
708 1200
707 708
707 1201
706 707
706 1202
705 706
705 1203
704 705
704 1204
703 704
703 1205
702 703
702 1206
701 702
701 1207
700 701
700 1208
699 700
699 1209
698 699
698 1210
697 698
697 1211
696 697
696 1212
695 696
695 1213
694 695
694 1214
693 694
693 1215
692 693
692 1216
691 692
691 1217
690 691
690 1218
689 690
689 1219
688 689
688 1220
687 688
687 1221
686 687
686 1222
685 686
685 1223
684 685
684 1224
683 684
683 1225
682 683
682 1226
681 682
681 1227
680 681
680 1228
679 680
679 1229
678 679
678 1230
677 678
677 1231
676 677
676 1232
675 676
675 1233
674 675
674 1234
673 674
673 1235
672 673
672 1236
671 672
671 1237
670 671
670 1238
669 670
669 1239
668 669
668 1240
667 668
667 1241
666 667
666 1242
665 666
665 1243
664 665
664 1244
663 664
663 1245
662 663
662 1246
661 662
661 1247
660 661
660 1248
659 660
659 1249
658 659
658 1250
657 658
657 1251
656 657
656 1252
655 656
655 1253
654 655
654 1254
653 654
653 1255
652 653
652 1256
651 652
651 1257
650 651
650 1258
649 650
649 1259
648 649
648 1260
647 648
647 1261
646 647
646 1262
645 646
645 1263
644 645
644 1264
643 644
643 1265
642 643
642 1266
641 642
641 1267
640 641
640 1268
639 640
639 1269
638 639
638 1270
637 638
637 1271
636 637
636 1272
635 636
635 1273
634 635
634 1274
633 634
633 1275
632 633
632 1276
631 632
631 1277
630 631
630 1278
629 630
629 1279
628 629
628 1280
627 628
627 1281
626 627
626 1282
625 626
625 1283
624 625
624 1284
623 624
623 1285
622 623
622 1286
621 622
621 1287
620 621
620 1288
619 620
619 1289
618 619
618 1290
617 618
617 1291
616 617
616 1292
615 616
615 1293
614 615
614 1294
613 614
613 1295
612 613
612 1296
611 612
611 1297
610 611
610 1298
609 610
609 1299
608 609
608 1300
607 608
607 1301
606 607
606 1302
605 606
605 1303
604 605
604 1304
603 604
603 1305
602 603
602 1306
601 602
601 1307
600 601
600 1308
599 600
599 1309
598 599
598 1310
597 598
597 1311
596 597
596 1312
595 596
595 1313
594 595
594 1314
593 594
593 1315
592 593
592 1316
591 592
591 1317
590 591
590 1318
589 590
589 1319
588 589
588 1320
587 588
587 1321
586 587
586 1322
585 586
585 1323
584 585
584 1324
583 584
583 1325
582 583
582 1326
581 582
581 1327
580 581
580 1328
579 580
579 1329
578 579
578 1330
577 578
577 1331
576 577
576 1332
575 576
575 1333
574 575
574 1334
573 574
573 1335
572 573
572 1336
571 572
571 1337
570 571
570 1338
569 570
569 1339
568 569
568 1340
567 568
567 1341
566 567
566 1342
565 566
565 1343
564 565
564 1344
563 564
563 1345
562 563
562 1346
561 562
561 1347
560 561
560 1348
559 560
559 1349
558 559
558 1350
557 558
557 1351
556 557
556 1352
555 556
555 1353
554 555
554 1354
553 554
553 1355
552 553
552 1356
551 552
551 1357
550 551
550 1358
549 550
549 1359
548 549
548 1360
547 548
547 1361
546 547
546 1362
545 546
545 1363
544 545
544 1364
543 544
543 1365
542 543
542 1366
541 542
541 1367
540 541
540 1368
539 540
539 1369
538 539
538 1370
537 538
537 1371
536 537
536 1372
535 536
535 1373
534 535
534 1374
533 534
533 1375
532 533
532 1376
531 532
531 1377
530 531
530 1378
529 530
529 1379
528 529
528 1380
527 528
527 1381
526 527
526 1382
525 526
525 1383
524 525
524 1384
523 524
523 1385
522 523
522 1386
521 522
521 1387
520 521
520 1388
519 520
519 1389
518 519
518 1390
517 518
517 1391
516 517
516 1392
515 516
515 1393
514 515
514 1394
513 514
513 1395
512 513
512 1396
511 512
511 1397
510 511
510 1398
509 510
509 1399
508 509
508 1400
507 508
507 1401
506 507
506 1402
505 506
505 1403
504 505
504 1404
503 504
503 1405
502 503
502 1406
501 502
501 1407
500 501
500 1408
499 500
499 1409
498 499
498 1410
497 498
497 1411
496 497
496 1412
495 496
495 1413
494 495
494 1414
493 494
493 1415
492 493
492 1416
491 492
491 1417
490 491
490 1418
489 490
489 1419
488 489
488 1420
487 488
487 1421
486 487
486 1422
485 486
485 1423
484 485
484 1424
483 484
483 1425
482 483
482 1426
481 482
481 1427
480 481
480 1428
479 480
479 1429
478 479
478 1430
477 478
477 1431
476 477
476 1432
475 476
475 1433
474 475
474 1434
473 474
473 1435
472 473
472 1436
471 472
471 1437
470 471
470 1438
469 470
469 1439
468 469
468 1440
467 468
467 1441
466 467
466 1442
465 466
465 1443
464 465
464 1444
463 464
463 1445
462 463
462 1446
461 462
461 1447
460 461
460 1448
459 460
459 1449
458 459
458 1450
457 458
457 1451
456 457
456 1452
455 456
455 1453
454 455
454 1454
453 454
453 1455
452 453
452 1456
451 452
451 1457
450 451
450 1458
449 450
449 1459
448 449
448 1460
447 448
447 1461
446 447
446 1462
445 446
445 1463
444 445
444 1464
443 444
443 1465
442 443
442 1466
441 442
441 1467
440 441
440 1468
439 440
439 1469
438 439
438 1470
437 438
437 1471
436 437
436 1472
435 436
435 1473
434 435
434 1474
433 434
433 1475
432 433
432 1476
431 432
431 1477
430 431
430 1478
429 430
429 1479
428 429
428 1480
427 428
427 1481
426 427
426 1482
425 426
425 1483
424 425
424 1484
423 424
423 1485
422 423
422 1486
421 422
421 1487
420 421
420 1488
419 420
419 1489
418 419
418 1490
417 418
417 1491
416 417
416 1492
415 416
415 1493
414 415
414 1494
413 414
413 1495
412 413
412 1496
411 412
411 1497
410 411
410 1498
409 410
409 1499
408 409
408 1500
407 408
407 1501
406 407
406 1502
405 406
405 1503
404 405
404 1504
403 404
403 1505
402 403
402 1506
401 402
401 1507
400 401
400 1508
399 400
399 1509
398 399
398 1510
397 398
397 1511
396 397
396 1512
395 396
395 1513
394 395
394 1514
393 394
393 1515
392 393
392 1516
391 392
391 1517
390 391
390 1518
389 390
389 1519
388 389
388 1520
387 388
387 1521
386 387
386 1522
385 386
385 1523
384 385
384 1524
383 384
383 1525
382 383
382 1526
381 382
381 1527
380 381
380 1528
379 380
379 1529
378 379
378 1530
377 378
377 1531
376 377
376 1532
375 376
375 1533
374 375
374 1534
373 374
373 1535
372 373
372 1536
371 372
371 1537
370 371
370 1538
369 370
369 1539
368 369
368 1540
367 368
367 1541
366 367
366 1542
365 366
365 1543
364 365
364 1544
363 364
363 1545
362 363
362 1546
361 362
361 1547
360 361
360 1548
359 360
359 1549
358 359
358 1550
357 358
357 1551
356 357
356 1552
355 356
355 1553
354 355
354 1554
353 354
353 1555
352 353
352 1556
351 352
351 1557
350 351
350 1558
349 350
349 1559
348 349
348 1560
347 348
347 1561
346 347
346 1562
345 346
345 1563
344 345
344 1564
343 344
343 1565
342 343
342 1566
341 342
341 1567
340 341
340 1568
339 340
339 1569
338 339
338 1570
337 338
337 1571
336 337
336 1572
335 336
335 1573
334 335
334 1574
333 334
333 1575
332 333
332 1576
331 332
331 1577
330 331
330 1578
329 330
329 1579
328 329
328 1580
327 328
327 1581
326 327
326 1582
325 326
325 1583
324 325
324 1584
323 324
323 1585
322 323
322 1586
321 322
321 1587
320 321
320 1588
319 320
319 1589
318 319
318 1590
317 318
317 1591
316 317
316 1592
315 316
315 1593
314 315
314 1594
313 314
313 1595
312 313
312 1596
311 312
311 1597
310 311
310 1598
309 310
309 1599
308 309
308 1600
307 308
307 1601
306 307
306 1602
305 306
305 1603
304 305
304 1604
303 304
303 1605
302 303
302 1606
301 302
301 1607
300 301
300 1608
299 300
299 1609
298 299
298 1610
297 298
297 1611
296 297
296 1612
295 296
295 1613
294 295
294 1614
293 294
293 1615
292 293
292 1616
291 292
291 1617
290 291
290 1618
289 290
289 1619
288 289
288 1620
287 288
287 1621
286 287
286 1622
285 286
285 1623
284 285
284 1624
283 284
283 1625
282 283
282 1626
281 282
281 1627
280 281
280 1628
279 280
279 1629
278 279
278 1630
277 278
277 1631
276 277
276 1632
275 276
275 1633
274 275
274 1634
273 274
273 1635
272 273
272 1636
271 272
271 1637
270 271
270 1638
269 270
269 1639
268 269
268 1640
267 268
267 1641
266 267
266 1642
265 266
265 1643
264 265
264 1644
263 264
263 1645
262 263
262 1646
261 262
261 1647
260 261
260 1648
259 260
259 1649
258 259
258 1650
257 258
257 1651
256 257
256 1652
255 256
255 1653
254 255
254 1654
253 254
253 1655
252 253
252 1656
251 252
251 1657
250 251
250 1658
249 250
249 1659
248 249
248 1660
247 248
247 1661
246 247
246 1662
245 246
245 1663
244 245
244 1664
243 244
243 1665
242 243
242 1666
241 242
241 1667
240 241
240 1668
239 240
239 1669
238 239
238 1670
237 238
237 1671
236 237
236 1672
235 236
235 1673
234 235
234 1674
233 234
233 1675
232 233
232 1676
231 232
231 1677
230 231
230 1678
229 230
229 1679
228 229
228 1680
227 228
227 1681
226 227
226 1682
225 226
225 1683
224 225
224 1684
223 224
223 1685
222 223
222 1686
221 222
221 1687
220 221
220 1688
219 220
219 1689
218 219
218 1690
217 218
217 1691
216 217
216 1692
215 216
215 1693
214 215
214 1694
213 214
213 1695
212 213
212 1696
211 212
211 1697
210 211
210 1698
209 210
209 1699
208 209
208 1700
207 208
207 1701
206 207
206 1702
205 206
205 1703
204 205
204 1704
203 204
203 1705
202 203
202 1706
201 202
201 1707
200 201
200 1708
199 200
199 1709
198 199
198 1710
197 198
197 1711
196 197
196 1712
195 196
195 1713
194 195
194 1714
193 194
193 1715
192 193
192 1716
191 192
191 1717
190 191
190 1718
189 190
189 1719
188 189
188 1720
187 188
187 1721
186 187
186 1722
185 186
185 1723
184 185
184 1724
183 184
183 1725
182 183
182 1726
181 182
181 1727
180 181
180 1728
179 180
179 1729
178 179
178 1730
177 178
177 1731
176 177
176 1732
175 176
175 1733
174 175
174 1734
173 174
173 1735
172 173
172 1736
171 172
171 1737
170 171
170 1738
169 170
169 1739
168 169
168 1740
167 168
167 1741
166 167
166 1742
165 166
165 1743
164 165
164 1744
163 164
163 1745
162 163
162 1746
161 162
161 1747
160 161
160 1748
159 160
159 1749
158 159
158 1750
157 158
157 1751
156 157
156 1752
155 156
155 1753
154 155
154 1754
153 154
153 1755
152 153
152 1756
151 152
151 1757
150 151
150 1758
149 150
149 1759
148 149
148 1760
147 148
147 1761
146 147
146 1762
145 146
145 1763
144 145
144 1764
143 144
143 1765
142 143
142 1766
141 142
141 1767
140 141
140 1768
139 140
139 1769
138 139
138 1770
137 138
137 1771
136 137
136 1772
135 136
135 1773
134 135
134 1774
133 134
133 1775
132 133
132 1776
131 132
131 1777
130 131
130 1778
129 130
129 1779
128 129
128 1780
127 128
127 1781
126 127
126 1782
125 126
125 1783
124 125
124 1784
123 124
123 1785
122 123
122 1786
121 122
121 1787
120 121
120 1788
119 120
119 1789
118 119
118 1790
117 118
117 1791
116 117
116 1792
115 116
115 1793
114 115
114 1794
113 114
113 1795
112 113
112 1796
111 112
111 1797
110 111
110 1798
109 110
109 1799
108 109
108 1800
107 108
107 1801
106 107
106 1802
105 106
105 1803
104 105
104 1804
103 104
103 1805
102 103
102 1806
101 102
101 1807
100 101
100 1808
99 100
99 1809
98 99
98 1810
97 98
97 1811
96 97
96 1812
95 96
95 1813
94 95
94 1814
93 94
93 1815
92 93
92 1816
91 92
91 1817
90 91
90 1818
89 90
89 1819
88 89
88 1820
87 88
87 1821
86 87
86 1822
85 86
85 1823
84 85
84 1824
83 84
83 1825
82 83
82 1826
81 82
81 1827
80 81
80 1828
79 80
79 1829
78 79
78 1830
77 78
77 1831
76 77
76 1832
75 76
75 1833
74 75
74 1834
73 74
73 1835
72 73
72 1836
71 72
71 1837
70 71
70 1838
69 70
69 1839
68 69
68 1840
67 68
67 1841
66 67
66 1842
65 66
65 1843
64 65
64 1844
63 64
63 1845
62 63
62 1846
61 62
61 1847
60 61
60 1848
59 60
59 1849
58 59
58 1850
57 58
57 1851
56 57
56 1852
55 56
55 1853
54 55
54 1854
53 54
53 1855
52 53
52 1856
51 52
51 1857
50 51
50 1858
49 50
49 1859
48 49
48 1860
47 48
47 1861
46 47
46 1862
45 46
45 1863
44 45
44 1864
43 44
43 1865
42 43
42 1866
41 42
41 1867
40 41
40 1868
39 40
39 1869
38 39
38 1870
37 38
37 1871
36 37
36 1872
35 36
35 1873
34 35
34 1874
33 34
33 1875
32 33
32 1876
31 32
31 1877
30 31
30 1878
29 30
29 1879
28 29
28 1880
27 28
27 1881
26 27
26 1882
25 26
25 1883
24 25
24 1884
23 24
23 1885
22 23
22 1886
21 22
21 1887
20 21
20 1888
19 20
19 1889
18 19
18 1890
17 18
17 1891
16 17
16 1892
15 16
15 1893
14 15
14 1894
13 14
13 1895
12 13
12 1896
11 12
11 1897
10 11
10 1898
9 10
9 1899
8 9
8 1900
7 8
7 1901
6 7
6 1902
5 6
5 1903
4 5
4 1904
3 4
3 1905
2 3
2 1906
1 2
1 1907
