1839 1289412
21 22
21 23
21 24
21 25
21 26
21 27
21 28
21 29
21 30
21 31
21 32
21 33
21 34
21 35
21 36
21 37
21 38
21 39
21 40
21 41
21 42
21 43
21 44
21 45
21 46
21 47
21 48
21 49
21 50
21 51
21 52
21 53
21 54
21 55
21 56
21 57
21 58
21 59
21 60
21 61
21 62
21 63
21 64
21 65
21 66
21 67
21 68
21 69
21 70
21 71
21 72
21 73
21 74
21 75
21 76
21 77
21 78
21 79
21 80
21 81
21 82
21 83
21 84
21 85
21 86
21 87
21 88
21 89
21 90
21 91
21 92
21 93
21 94
21 95
21 96
21 97
21 98
21 99
21 100
21 101
21 102
21 103
21 104
21 105
21 106
21 107
21 108
21 109
21 110
21 111
20 21
20 112
20 113
20 114
20 115
20 116
20 117
20 118
20 119
20 120
20 121
20 122
20 123
20 124
20 125
20 126
20 127
20 128
20 129
20 130
20 131
20 132
20 133
20 134
20 135
20 136
20 137
20 138
20 139
20 140
20 141
20 142
20 143
20 144
20 145
20 146
20 147
20 148
20 149
20 150
20 151
20 152
20 153
20 154
20 155
20 156
20 157
20 158
20 159
20 160
20 161
20 162
20 163
20 164
20 165
20 166
20 167
20 168
20 169
20 170
20 171
20 172
20 173
20 174
20 175
20 176
20 177
20 178
20 179
20 180
20 181
20 182
20 183
20 184
20 185
20 186
20 187
20 188
20 189
20 190
20 191
20 192
20 193
20 194
20 195
20 196
20 197
20 198
20 199
20 200
19 20
19 201
19 202
19 203
19 204
19 205
19 206
19 207
19 208
19 209
19 210
19 211
19 212
19 213
19 214
19 215
19 216
19 217
19 218
19 219
19 220
19 221
19 222
19 223
19 224
19 225
19 226
19 227
19 228
19 229
19 230
19 231
19 232
19 233
19 234
19 235
19 236
19 237
19 238
19 239
19 240
19 241
19 242
19 243
19 244
19 245
19 246
19 247
19 248
19 249
19 250
19 251
19 252
19 253
19 254
19 255
19 256
19 257
19 258
19 259
19 260
19 261
19 262
19 263
19 264
19 265
19 266
19 267
19 268
19 269
19 270
19 271
19 272
19 273
19 274
19 275
19 276
19 277
19 278
19 279
19 280
19 281
19 282
19 283
19 284
19 285
19 286
19 287
19 288
19 289
18 19
18 290
18 291
18 292
18 293
18 294
18 295
18 296
18 297
18 298
18 299
18 300
18 301
18 302
18 303
18 304
18 305
18 306
18 307
18 308
18 309
18 310
18 311
18 312
18 313
18 314
18 315
18 316
18 317
18 318
18 319
18 320
18 321
18 322
18 323
18 324
18 325
18 326
18 327
18 328
18 329
18 330
18 331
18 332
18 333
18 334
18 335
18 336
18 337
18 338
18 339
18 340
18 341
18 342
18 343
18 344
18 345
18 346
18 347
18 348
18 349
18 350
18 351
18 352
18 353
18 354
18 355
18 356
18 357
18 358
18 359
18 360
18 361
18 362
18 363
18 364
18 365
18 366
18 367
18 368
18 369
18 370
18 371
18 372
18 373
18 374
18 375
18 376
18 377
18 378
17 18
17 379
17 380
17 381
17 382
17 383
17 384
17 385
17 386
17 387
17 388
17 389
17 390
17 391
17 392
17 393
17 394
17 395
17 396
17 397
17 398
17 399
17 400
17 401
17 402
17 403
17 404
17 405
17 406
17 407
17 408
17 409
17 410
17 411
17 412
17 413
17 414
17 415
17 416
17 417
17 418
17 419
17 420
17 421
17 422
17 423
17 424
17 425
17 426
17 427
17 428
17 429
17 430
17 431
17 432
17 433
17 434
17 435
17 436
17 437
17 438
17 439
17 440
17 441
17 442
17 443
17 444
17 445
17 446
17 447
17 448
17 449
17 450
17 451
17 452
17 453
17 454
17 455
17 456
17 457
17 458
17 459
17 460
17 461
17 462
17 463
17 464
17 465
17 466
17 467
16 17
16 468
16 469
16 470
16 471
16 472
16 473
16 474
16 475
16 476
16 477
16 478
16 479
16 480
16 481
16 482
16 483
16 484
16 485
16 486
16 487
16 488
16 489
16 490
16 491
16 492
16 493
16 494
16 495
16 496
16 497
16 498
16 499
16 500
16 501
16 502
16 503
16 504
16 505
16 506
16 507
16 508
16 509
16 510
16 511
16 512
16 513
16 514
16 515
16 516
16 517
16 518
16 519
16 520
16 521
16 522
16 523
16 524
16 525
16 526
16 527
16 528
16 529
16 530
16 531
16 532
16 533
16 534
16 535
16 536
16 537
16 538
16 539
16 540
16 541
16 542
16 543
16 544
16 545
16 546
16 547
16 548
16 549
16 550
16 551
16 552
16 553
16 554
16 555
16 556
15 16
15 557
15 558
15 559
15 560
15 561
15 562
15 563
15 564
15 565
15 566
15 567
15 568
15 569
15 570
15 571
15 572
15 573
15 574
15 575
15 576
15 577
15 578
15 579
15 580
15 581
15 582
15 583
15 584
15 585
15 586
15 587
15 588
15 589
15 590
15 591
15 592
15 593
15 594
15 595
15 596
15 597
15 598
15 599
15 600
15 601
15 602
15 603
15 604
15 605
15 606
15 607
15 608
15 609
15 610
15 611
15 612
15 613
15 614
15 615
15 616
15 617
15 618
15 619
15 620
15 621
15 622
15 623
15 624
15 625
15 626
15 627
15 628
15 629
15 630
15 631
15 632
15 633
15 634
15 635
15 636
15 637
15 638
15 639
15 640
15 641
15 642
15 643
15 644
15 645
14 15
14 646
14 647
14 648
14 649
14 650
14 651
14 652
14 653
14 654
14 655
14 656
14 657
14 658
14 659
14 660
14 661
14 662
14 663
14 664
14 665
14 666
14 667
14 668
14 669
14 670
14 671
14 672
14 673
14 674
14 675
14 676
14 677
14 678
14 679
14 680
14 681
14 682
14 683
14 684
14 685
14 686
14 687
14 688
14 689
14 690
14 691
14 692
14 693
14 694
14 695
14 696
14 697
14 698
14 699
14 700
14 701
14 702
14 703
14 704
14 705
14 706
14 707
14 708
14 709
14 710
14 711
14 712
14 713
14 714
14 715
14 716
14 717
14 718
14 719
14 720
14 721
14 722
14 723
14 724
14 725
14 726
14 727
14 728
14 729
14 730
14 731
14 732
14 733
14 734
13 14
13 735
13 736
13 737
13 738
13 739
13 740
13 741
13 742
13 743
13 744
13 745
13 746
13 747
13 748
13 749
13 750
13 751
13 752
13 753
13 754
13 755
13 756
13 757
13 758
13 759
13 760
13 761
13 762
13 763
13 764
13 765
13 766
13 767
13 768
13 769
13 770
13 771
13 772
13 773
13 774
13 775
13 776
13 777
13 778
13 779
13 780
13 781
13 782
13 783
13 784
13 785
13 786
13 787
13 788
13 789
13 790
13 791
13 792
13 793
13 794
13 795
13 796
13 797
13 798
13 799
13 800
13 801
13 802
13 803
13 804
13 805
13 806
13 807
13 808
13 809
13 810
13 811
13 812
13 813
13 814
13 815
13 816
13 817
13 818
13 819
13 820
13 821
13 822
13 823
12 13
12 824
12 825
12 826
12 827
12 828
12 829
12 830
12 831
12 832
12 833
12 834
12 835
12 836
12 837
12 838
12 839
12 840
12 841
12 842
12 843
12 844
12 845
12 846
12 847
12 848
12 849
12 850
12 851
12 852
12 853
12 854
12 855
12 856
12 857
12 858
12 859
12 860
12 861
12 862
12 863
12 864
12 865
12 866
12 867
12 868
12 869
12 870
12 871
12 872
12 873
12 874
12 875
12 876
12 877
12 878
12 879
12 880
12 881
12 882
12 883
12 884
12 885
12 886
12 887
12 888
12 889
12 890
12 891
12 892
12 893
12 894
12 895
12 896
12 897
12 898
12 899
12 900
12 901
12 902
12 903
12 904
12 905
12 906
12 907
12 908
12 909
12 910
12 911
12 912
11 12
11 913
11 914
11 915
11 916
11 917
11 918
11 919
11 920
11 921
11 922
11 923
11 924
11 925
11 926
11 927
11 928
11 929
11 930
11 931
11 932
11 933
11 934
11 935
11 936
11 937
11 938
11 939
11 940
11 941
11 942
11 943
11 944
11 945
11 946
11 947
11 948
11 949
11 950
11 951
11 952
11 953
11 954
11 955
11 956
11 957
11 958
11 959
11 960
11 961
11 962
11 963
11 964
11 965
11 966
11 967
11 968
11 969
11 970
11 971
11 972
11 973
11 974
11 975
11 976
11 977
11 978
11 979
11 980
11 981
11 982
11 983
11 984
11 985
11 986
11 987
11 988
11 989
11 990
11 991
11 992
11 993
11 994
11 995
11 996
11 997
11 998
11 999
11 1000
11 1001
10 11
10 1002
10 1003
10 1004
10 1005
10 1006
10 1007
10 1008
10 1009
10 1010
10 1011
10 1012
10 1013
10 1014
10 1015
10 1016
10 1017
10 1018
10 1019
10 1020
10 1021
10 1022
10 1023
10 1024
10 1025
10 1026
10 1027
10 1028
10 1029
10 1030
10 1031
10 1032
10 1033
10 1034
10 1035
10 1036
10 1037
10 1038
10 1039
10 1040
10 1041
10 1042
10 1043
10 1044
10 1045
10 1046
10 1047
10 1048
10 1049
10 1050
10 1051
10 1052
10 1053
10 1054
10 1055
10 1056
10 1057
10 1058
10 1059
10 1060
10 1061
10 1062
10 1063
10 1064
10 1065
10 1066
10 1067
10 1068
10 1069
10 1070
10 1071
10 1072
10 1073
10 1074
10 1075
10 1076
10 1077
10 1078
10 1079
10 1080
10 1081
10 1082
10 1083
10 1084
10 1085
10 1086
10 1087
10 1088
10 1089
10 1090
9 10
9 1091
9 1092
9 1093
9 1094
9 1095
9 1096
9 1097
9 1098
9 1099
9 1100
9 1101
9 1102
9 1103
9 1104
9 1105
9 1106
9 1107
9 1108
9 1109
9 1110
9 1111
9 1112
9 1113
9 1114
9 1115
9 1116
9 1117
9 1118
9 1119
9 1120
9 1121
9 1122
9 1123
9 1124
9 1125
9 1126
9 1127
9 1128
9 1129
9 1130
9 1131
9 1132
9 1133
9 1134
9 1135
9 1136
9 1137
9 1138
9 1139
9 1140
9 1141
9 1142
9 1143
9 1144
9 1145
9 1146
9 1147
9 1148
9 1149
9 1150
9 1151
9 1152
9 1153
9 1154
9 1155
9 1156
9 1157
9 1158
9 1159
9 1160
9 1161
9 1162
9 1163
9 1164
9 1165
9 1166
9 1167
9 1168
9 1169
9 1170
9 1171
9 1172
9 1173
9 1174
9 1175
9 1176
9 1177
9 1178
9 1179
8 9
8 1180
8 1181
8 1182
8 1183
8 1184
8 1185
8 1186
8 1187
8 1188
8 1189
8 1190
8 1191
8 1192
8 1193
8 1194
8 1195
8 1196
8 1197
8 1198
8 1199
8 1200
8 1201
8 1202
8 1203
8 1204
8 1205
8 1206
8 1207
8 1208
8 1209
8 1210
8 1211
8 1212
8 1213
8 1214
8 1215
8 1216
8 1217
8 1218
8 1219
8 1220
8 1221
8 1222
8 1223
8 1224
8 1225
8 1226
8 1227
8 1228
8 1229
8 1230
8 1231
8 1232
8 1233
8 1234
8 1235
8 1236
8 1237
8 1238
8 1239
8 1240
8 1241
8 1242
8 1243
8 1244
8 1245
8 1246
8 1247
8 1248
8 1249
8 1250
8 1251
8 1252
8 1253
8 1254
8 1255
8 1256
8 1257
8 1258
8 1259
8 1260
8 1261
8 1262
8 1263
8 1264
8 1265
8 1266
8 1267
8 1268
7 8
7 1269
7 1270
7 1271
7 1272
7 1273
7 1274
7 1275
7 1276
7 1277
7 1278
7 1279
7 1280
7 1281
7 1282
7 1283
7 1284
7 1285
7 1286
7 1287
7 1288
7 1289
7 1290
7 1291
7 1292
7 1293
7 1294
7 1295
7 1296
7 1297
7 1298
7 1299
7 1300
7 1301
7 1302
7 1303
7 1304
7 1305
7 1306
7 1307
7 1308
7 1309
7 1310
7 1311
7 1312
7 1313
7 1314
7 1315
7 1316
7 1317
7 1318
7 1319
7 1320
7 1321
7 1322
7 1323
7 1324
7 1325
7 1326
7 1327
7 1328
7 1329
7 1330
7 1331
7 1332
7 1333
7 1334
7 1335
7 1336
7 1337
7 1338
7 1339
7 1340
7 1341
7 1342
7 1343
7 1344
7 1345
7 1346
7 1347
7 1348
7 1349
7 1350
7 1351
7 1352
7 1353
7 1354
7 1355
7 1356
7 1357
6 7
6 1358
6 1359
6 1360
6 1361
6 1362
6 1363
6 1364
6 1365
6 1366
6 1367
6 1368
6 1369
6 1370
6 1371
6 1372
6 1373
6 1374
6 1375
6 1376
6 1377
6 1378
6 1379
6 1380
6 1381
6 1382
6 1383
6 1384
6 1385
6 1386
6 1387
6 1388
6 1389
6 1390
6 1391
6 1392
6 1393
6 1394
6 1395
6 1396
6 1397
6 1398
6 1399
6 1400
6 1401
6 1402
6 1403
6 1404
6 1405
6 1406
6 1407
6 1408
6 1409
6 1410
6 1411
6 1412
6 1413
6 1414
6 1415
6 1416
6 1417
6 1418
6 1419
6 1420
6 1421
6 1422
6 1423
6 1424
6 1425
6 1426
6 1427
6 1428
6 1429
6 1430
6 1431
6 1432
6 1433
6 1434
6 1435
6 1436
6 1437
6 1438
6 1439
6 1440
6 1441
6 1442
6 1443
6 1444
6 1445
6 1446
5 6
5 1447
5 1448
5 1449
5 1450
5 1451
5 1452
5 1453
5 1454
5 1455
5 1456
5 1457
5 1458
5 1459
5 1460
5 1461
5 1462
5 1463
5 1464
5 1465
5 1466
5 1467
5 1468
5 1469
5 1470
5 1471
5 1472
5 1473
5 1474
5 1475
5 1476
5 1477
5 1478
5 1479
5 1480
5 1481
5 1482
5 1483
5 1484
5 1485
5 1486
5 1487
5 1488
5 1489
5 1490
5 1491
5 1492
5 1493
5 1494
5 1495
5 1496
5 1497
5 1498
5 1499
5 1500
5 1501
5 1502
5 1503
5 1504
5 1505
5 1506
5 1507
5 1508
5 1509
5 1510
5 1511
5 1512
5 1513
5 1514
5 1515
5 1516
5 1517
5 1518
5 1519
5 1520
5 1521
5 1522
5 1523
5 1524
5 1525
5 1526
5 1527
5 1528
5 1529
5 1530
5 1531
5 1532
5 1533
5 1534
5 1535
4 5
4 1536
4 1537
4 1538
4 1539
4 1540
4 1541
4 1542
4 1543
4 1544
4 1545
4 1546
4 1547
4 1548
4 1549
4 1550
4 1551
4 1552
4 1553
4 1554
4 1555
4 1556
4 1557
4 1558
4 1559
4 1560
4 1561
4 1562
4 1563
4 1564
4 1565
4 1566
4 1567
4 1568
4 1569
4 1570
4 1571
4 1572
4 1573
4 1574
4 1575
4 1576
4 1577
4 1578
4 1579
4 1580
4 1581
4 1582
4 1583
4 1584
4 1585
4 1586
4 1587
4 1588
4 1589
4 1590
4 1591
4 1592
4 1593
4 1594
4 1595
4 1596
4 1597
4 1598
4 1599
4 1600
4 1601
4 1602
4 1603
4 1604
4 1605
4 1606
4 1607
4 1608
4 1609
4 1610
4 1611
4 1612
4 1613
4 1614
4 1615
4 1616
4 1617
4 1618
4 1619
4 1620
4 1621
4 1622
4 1623
4 1624
3 4
3 1625
3 1626
3 1627
3 1628
3 1629
3 1630
3 1631
3 1632
3 1633
3 1634
3 1635
3 1636
3 1637
3 1638
3 1639
3 1640
3 1641
3 1642
3 1643
3 1644
3 1645
3 1646
3 1647
3 1648
3 1649
3 1650
3 1651
3 1652
3 1653
3 1654
3 1655
3 1656
3 1657
3 1658
3 1659
3 1660
3 1661
3 1662
3 1663
3 1664
3 1665
3 1666
3 1667
3 1668
3 1669
3 1670
3 1671
3 1672
3 1673
3 1674
3 1675
3 1676
3 1677
3 1678
3 1679
3 1680
3 1681
3 1682
3 1683
3 1684
3 1685
3 1686
3 1687
3 1688
3 1689
3 1690
3 1691
3 1692
3 1693
3 1694
3 1695
3 1696
3 1697
3 1698
3 1699
3 1700
3 1701
3 1702
3 1703
3 1704
3 1705
3 1706
3 1707
3 1708
3 1709
3 1710
3 1711
3 1712
3 1713
2 3
2 1714
2 1715
2 1716
2 1717
2 1718
2 1719
2 1720
2 1721
2 1722
2 1723
2 1724
2 1725
2 1726
2 1727
2 1728
2 1729
2 1730
2 1731
2 1732
2 1733
2 1734
2 1735
2 1736
2 1737
2 1738
2 1739
2 1740
2 1741
2 1742
2 1743
2 1744
2 1745
2 1746
2 1747
2 1748
2 1749
2 1750
2 1751
2 1752
2 1753
2 1754
2 1755
2 1756
2 1757
2 1758
2 1759
2 1760
2 1761
2 1762
2 1763
2 1764
2 1765
2 1766
2 1767
2 1768
2 1769
2 1770
2 1771
2 1772
2 1773
2 1774
2 1775
2 1776
2 1777
2 1778
2 1779
2 1780
2 1781
2 1782
2 1783
2 1784
2 1785
2 1786
2 1787
2 1788
2 1789
2 1790
2 1791
2 1792
2 1793
2 1794
2 1795
2 1796
2 1797
2 1798
2 1799
2 1800
2 1801
2 1802
1 2
1 1803
1 1804
1 1805
1 1806
1 1807
1 1808
1 1809
1 1810
1 1811
1 1812
1 1813
1 1814
1 1815
1 1816
1 1817
1 1818
1 1819
1 1820
1 1821
1 1822
1 1823
1 1824
1 1825
1 1826
1 1827
1 1828
1 1829
1 1830
1 1831
1 1832
1 1833
1 1834
1 1835
1 1836
1 1837
1 1838
1 1839
1 1840
