1844 10496398
205 206
205 207
205 208
205 209
205 210
205 211
205 212
205 213
205 214
204 205
204 215
204 216
204 217
204 218
204 219
204 220
204 221
204 222
203 204
203 223
203 224
203 225
203 226
203 227
203 228
203 229
203 230
202 203
202 231
202 232
202 233
202 234
202 235
202 236
202 237
202 238
201 202
201 239
201 240
201 241
201 242
201 243
201 244
201 245
201 246
200 201
200 247
200 248
200 249
200 250
200 251
200 252
200 253
200 254
199 200
199 255
199 256
199 257
199 258
199 259
199 260
199 261
199 262
198 199
198 263
198 264
198 265
198 266
198 267
198 268
198 269
198 270
197 198
197 271
197 272
197 273
197 274
197 275
197 276
197 277
197 278
196 197
196 279
196 280
196 281
196 282
196 283
196 284
196 285
196 286
195 196
195 287
195 288
195 289
195 290
195 291
195 292
195 293
195 294
194 195
194 295
194 296
194 297
194 298
194 299
194 300
194 301
194 302
193 194
193 303
193 304
193 305
193 306
193 307
193 308
193 309
193 310
192 193
192 311
192 312
192 313
192 314
192 315
192 316
192 317
192 318
191 192
191 319
191 320
191 321
191 322
191 323
191 324
191 325
191 326
190 191
190 327
190 328
190 329
190 330
190 331
190 332
190 333
190 334
189 190
189 335
189 336
189 337
189 338
189 339
189 340
189 341
189 342
188 189
188 343
188 344
188 345
188 346
188 347
188 348
188 349
188 350
187 188
187 351
187 352
187 353
187 354
187 355
187 356
187 357
187 358
186 187
186 359
186 360
186 361
186 362
186 363
186 364
186 365
186 366
185 186
185 367
185 368
185 369
185 370
185 371
185 372
185 373
185 374
184 185
184 375
184 376
184 377
184 378
184 379
184 380
184 381
184 382
183 184
183 383
183 384
183 385
183 386
183 387
183 388
183 389
183 390
182 183
182 391
182 392
182 393
182 394
182 395
182 396
182 397
182 398
181 182
181 399
181 400
181 401
181 402
181 403
181 404
181 405
181 406
180 181
180 407
180 408
180 409
180 410
180 411
180 412
180 413
180 414
179 180
179 415
179 416
179 417
179 418
179 419
179 420
179 421
179 422
178 179
178 423
178 424
178 425
178 426
178 427
178 428
178 429
178 430
177 178
177 431
177 432
177 433
177 434
177 435
177 436
177 437
177 438
176 177
176 439
176 440
176 441
176 442
176 443
176 444
176 445
176 446
175 176
175 447
175 448
175 449
175 450
175 451
175 452
175 453
175 454
174 175
174 455
174 456
174 457
174 458
174 459
174 460
174 461
174 462
173 174
173 463
173 464
173 465
173 466
173 467
173 468
173 469
173 470
172 173
172 471
172 472
172 473
172 474
172 475
172 476
172 477
172 478
171 172
171 479
171 480
171 481
171 482
171 483
171 484
171 485
171 486
170 171
170 487
170 488
170 489
170 490
170 491
170 492
170 493
170 494
169 170
169 495
169 496
169 497
169 498
169 499
169 500
169 501
169 502
168 169
168 503
168 504
168 505
168 506
168 507
168 508
168 509
168 510
167 168
167 511
167 512
167 513
167 514
167 515
167 516
167 517
167 518
166 167
166 519
166 520
166 521
166 522
166 523
166 524
166 525
166 526
165 166
165 527
165 528
165 529
165 530
165 531
165 532
165 533
165 534
164 165
164 535
164 536
164 537
164 538
164 539
164 540
164 541
164 542
163 164
163 543
163 544
163 545
163 546
163 547
163 548
163 549
163 550
162 163
162 551
162 552
162 553
162 554
162 555
162 556
162 557
162 558
161 162
161 559
161 560
161 561
161 562
161 563
161 564
161 565
161 566
160 161
160 567
160 568
160 569
160 570
160 571
160 572
160 573
160 574
159 160
159 575
159 576
159 577
159 578
159 579
159 580
159 581
159 582
158 159
158 583
158 584
158 585
158 586
158 587
158 588
158 589
158 590
157 158
157 591
157 592
157 593
157 594
157 595
157 596
157 597
157 598
156 157
156 599
156 600
156 601
156 602
156 603
156 604
156 605
156 606
155 156
155 607
155 608
155 609
155 610
155 611
155 612
155 613
155 614
154 155
154 615
154 616
154 617
154 618
154 619
154 620
154 621
154 622
153 154
153 623
153 624
153 625
153 626
153 627
153 628
153 629
153 630
152 153
152 631
152 632
152 633
152 634
152 635
152 636
152 637
152 638
151 152
151 639
151 640
151 641
151 642
151 643
151 644
151 645
151 646
150 151
150 647
150 648
150 649
150 650
150 651
150 652
150 653
150 654
149 150
149 655
149 656
149 657
149 658
149 659
149 660
149 661
149 662
148 149
148 663
148 664
148 665
148 666
148 667
148 668
148 669
148 670
147 148
147 671
147 672
147 673
147 674
147 675
147 676
147 677
147 678
146 147
146 679
146 680
146 681
146 682
146 683
146 684
146 685
146 686
145 146
145 687
145 688
145 689
145 690
145 691
145 692
145 693
145 694
144 145
144 695
144 696
144 697
144 698
144 699
144 700
144 701
144 702
143 144
143 703
143 704
143 705
143 706
143 707
143 708
143 709
143 710
142 143
142 711
142 712
142 713
142 714
142 715
142 716
142 717
142 718
141 142
141 719
141 720
141 721
141 722
141 723
141 724
141 725
141 726
140 141
140 727
140 728
140 729
140 730
140 731
140 732
140 733
140 734
139 140
139 735
139 736
139 737
139 738
139 739
139 740
139 741
139 742
138 139
138 743
138 744
138 745
138 746
138 747
138 748
138 749
138 750
137 138
137 751
137 752
137 753
137 754
137 755
137 756
137 757
137 758
136 137
136 759
136 760
136 761
136 762
136 763
136 764
136 765
136 766
135 136
135 767
135 768
135 769
135 770
135 771
135 772
135 773
135 774
134 135
134 775
134 776
134 777
134 778
134 779
134 780
134 781
134 782
133 134
133 783
133 784
133 785
133 786
133 787
133 788
133 789
133 790
132 133
132 791
132 792
132 793
132 794
132 795
132 796
132 797
132 798
131 132
131 799
131 800
131 801
131 802
131 803
131 804
131 805
131 806
130 131
130 807
130 808
130 809
130 810
130 811
130 812
130 813
130 814
129 130
129 815
129 816
129 817
129 818
129 819
129 820
129 821
129 822
128 129
128 823
128 824
128 825
128 826
128 827
128 828
128 829
128 830
127 128
127 831
127 832
127 833
127 834
127 835
127 836
127 837
127 838
126 127
126 839
126 840
126 841
126 842
126 843
126 844
126 845
126 846
125 126
125 847
125 848
125 849
125 850
125 851
125 852
125 853
125 854
124 125
124 855
124 856
124 857
124 858
124 859
124 860
124 861
124 862
123 124
123 863
123 864
123 865
123 866
123 867
123 868
123 869
123 870
122 123
122 871
122 872
122 873
122 874
122 875
122 876
122 877
122 878
121 122
121 879
121 880
121 881
121 882
121 883
121 884
121 885
121 886
120 121
120 887
120 888
120 889
120 890
120 891
120 892
120 893
120 894
119 120
119 895
119 896
119 897
119 898
119 899
119 900
119 901
119 902
118 119
118 903
118 904
118 905
118 906
118 907
118 908
118 909
118 910
117 118
117 911
117 912
117 913
117 914
117 915
117 916
117 917
117 918
116 117
116 919
116 920
116 921
116 922
116 923
116 924
116 925
116 926
115 116
115 927
115 928
115 929
115 930
115 931
115 932
115 933
115 934
114 115
114 935
114 936
114 937
114 938
114 939
114 940
114 941
114 942
113 114
113 943
113 944
113 945
113 946
113 947
113 948
113 949
113 950
112 113
112 951
112 952
112 953
112 954
112 955
112 956
112 957
112 958
111 112
111 959
111 960
111 961
111 962
111 963
111 964
111 965
111 966
110 111
110 967
110 968
110 969
110 970
110 971
110 972
110 973
110 974
109 110
109 975
109 976
109 977
109 978
109 979
109 980
109 981
109 982
108 109
108 983
108 984
108 985
108 986
108 987
108 988
108 989
108 990
107 108
107 991
107 992
107 993
107 994
107 995
107 996
107 997
107 998
106 107
106 999
106 1000
106 1001
106 1002
106 1003
106 1004
106 1005
106 1006
105 106
105 1007
105 1008
105 1009
105 1010
105 1011
105 1012
105 1013
105 1014
104 105
104 1015
104 1016
104 1017
104 1018
104 1019
104 1020
104 1021
104 1022
103 104
103 1023
103 1024
103 1025
103 1026
103 1027
103 1028
103 1029
103 1030
102 103
102 1031
102 1032
102 1033
102 1034
102 1035
102 1036
102 1037
102 1038
101 102
101 1039
101 1040
101 1041
101 1042
101 1043
101 1044
101 1045
101 1046
100 101
100 1047
100 1048
100 1049
100 1050
100 1051
100 1052
100 1053
100 1054
99 100
99 1055
99 1056
99 1057
99 1058
99 1059
99 1060
99 1061
99 1062
98 99
98 1063
98 1064
98 1065
98 1066
98 1067
98 1068
98 1069
98 1070
97 98
97 1071
97 1072
97 1073
97 1074
97 1075
97 1076
97 1077
97 1078
96 97
96 1079
96 1080
96 1081
96 1082
96 1083
96 1084
96 1085
96 1086
95 96
95 1087
95 1088
95 1089
95 1090
95 1091
95 1092
95 1093
95 1094
94 95
94 1095
94 1096
94 1097
94 1098
94 1099
94 1100
94 1101
94 1102
93 94
93 1103
93 1104
93 1105
93 1106
93 1107
93 1108
93 1109
93 1110
92 93
92 1111
92 1112
92 1113
92 1114
92 1115
92 1116
92 1117
92 1118
91 92
91 1119
91 1120
91 1121
91 1122
91 1123
91 1124
91 1125
91 1126
90 91
90 1127
90 1128
90 1129
90 1130
90 1131
90 1132
90 1133
90 1134
89 90
89 1135
89 1136
89 1137
89 1138
89 1139
89 1140
89 1141
89 1142
88 89
88 1143
88 1144
88 1145
88 1146
88 1147
88 1148
88 1149
88 1150
87 88
87 1151
87 1152
87 1153
87 1154
87 1155
87 1156
87 1157
87 1158
86 87
86 1159
86 1160
86 1161
86 1162
86 1163
86 1164
86 1165
86 1166
85 86
85 1167
85 1168
85 1169
85 1170
85 1171
85 1172
85 1173
85 1174
84 85
84 1175
84 1176
84 1177
84 1178
84 1179
84 1180
84 1181
84 1182
83 84
83 1183
83 1184
83 1185
83 1186
83 1187
83 1188
83 1189
83 1190
82 83
82 1191
82 1192
82 1193
82 1194
82 1195
82 1196
82 1197
82 1198
81 82
81 1199
81 1200
81 1201
81 1202
81 1203
81 1204
81 1205
81 1206
80 81
80 1207
80 1208
80 1209
80 1210
80 1211
80 1212
80 1213
80 1214
79 80
79 1215
79 1216
79 1217
79 1218
79 1219
79 1220
79 1221
79 1222
78 79
78 1223
78 1224
78 1225
78 1226
78 1227
78 1228
78 1229
78 1230
77 78
77 1231
77 1232
77 1233
77 1234
77 1235
77 1236
77 1237
77 1238
76 77
76 1239
76 1240
76 1241
76 1242
76 1243
76 1244
76 1245
76 1246
75 76
75 1247
75 1248
75 1249
75 1250
75 1251
75 1252
75 1253
75 1254
74 75
74 1255
74 1256
74 1257
74 1258
74 1259
74 1260
74 1261
74 1262
73 74
73 1263
73 1264
73 1265
73 1266
73 1267
73 1268
73 1269
73 1270
72 73
72 1271
72 1272
72 1273
72 1274
72 1275
72 1276
72 1277
72 1278
71 72
71 1279
71 1280
71 1281
71 1282
71 1283
71 1284
71 1285
71 1286
70 71
70 1287
70 1288
70 1289
70 1290
70 1291
70 1292
70 1293
70 1294
69 70
69 1295
69 1296
69 1297
69 1298
69 1299
69 1300
69 1301
69 1302
68 69
68 1303
68 1304
68 1305
68 1306
68 1307
68 1308
68 1309
68 1310
67 68
67 1311
67 1312
67 1313
67 1314
67 1315
67 1316
67 1317
67 1318
66 67
66 1319
66 1320
66 1321
66 1322
66 1323
66 1324
66 1325
66 1326
65 66
65 1327
65 1328
65 1329
65 1330
65 1331
65 1332
65 1333
65 1334
64 65
64 1335
64 1336
64 1337
64 1338
64 1339
64 1340
64 1341
64 1342
63 64
63 1343
63 1344
63 1345
63 1346
63 1347
63 1348
63 1349
63 1350
62 63
62 1351
62 1352
62 1353
62 1354
62 1355
62 1356
62 1357
62 1358
61 62
61 1359
61 1360
61 1361
61 1362
61 1363
61 1364
61 1365
61 1366
60 61
60 1367
60 1368
60 1369
60 1370
60 1371
60 1372
60 1373
60 1374
59 60
59 1375
59 1376
59 1377
59 1378
59 1379
59 1380
59 1381
59 1382
58 59
58 1383
58 1384
58 1385
58 1386
58 1387
58 1388
58 1389
58 1390
57 58
57 1391
57 1392
57 1393
57 1394
57 1395
57 1396
57 1397
57 1398
56 57
56 1399
56 1400
56 1401
56 1402
56 1403
56 1404
56 1405
56 1406
55 56
55 1407
55 1408
55 1409
55 1410
55 1411
55 1412
55 1413
55 1414
54 55
54 1415
54 1416
54 1417
54 1418
54 1419
54 1420
54 1421
54 1422
53 54
53 1423
53 1424
53 1425
53 1426
53 1427
53 1428
53 1429
53 1430
52 53
52 1431
52 1432
52 1433
52 1434
52 1435
52 1436
52 1437
52 1438
51 52
51 1439
51 1440
51 1441
51 1442
51 1443
51 1444
51 1445
51 1446
50 51
50 1447
50 1448
50 1449
50 1450
50 1451
50 1452
50 1453
50 1454
49 50
49 1455
49 1456
49 1457
49 1458
49 1459
49 1460
49 1461
49 1462
48 49
48 1463
48 1464
48 1465
48 1466
48 1467
48 1468
48 1469
48 1470
47 48
47 1471
47 1472
47 1473
47 1474
47 1475
47 1476
47 1477
47 1478
46 47
46 1479
46 1480
46 1481
46 1482
46 1483
46 1484
46 1485
46 1486
45 46
45 1487
45 1488
45 1489
45 1490
45 1491
45 1492
45 1493
45 1494
44 45
44 1495
44 1496
44 1497
44 1498
44 1499
44 1500
44 1501
44 1502
43 44
43 1503
43 1504
43 1505
43 1506
43 1507
43 1508
43 1509
43 1510
42 43
42 1511
42 1512
42 1513
42 1514
42 1515
42 1516
42 1517
42 1518
41 42
41 1519
41 1520
41 1521
41 1522
41 1523
41 1524
41 1525
41 1526
40 41
40 1527
40 1528
40 1529
40 1530
40 1531
40 1532
40 1533
40 1534
39 40
39 1535
39 1536
39 1537
39 1538
39 1539
39 1540
39 1541
39 1542
38 39
38 1543
38 1544
38 1545
38 1546
38 1547
38 1548
38 1549
38 1550
37 38
37 1551
37 1552
37 1553
37 1554
37 1555
37 1556
37 1557
37 1558
36 37
36 1559
36 1560
36 1561
36 1562
36 1563
36 1564
36 1565
36 1566
35 36
35 1567
35 1568
35 1569
35 1570
35 1571
35 1572
35 1573
35 1574
34 35
34 1575
34 1576
34 1577
34 1578
34 1579
34 1580
34 1581
34 1582
33 34
33 1583
33 1584
33 1585
33 1586
33 1587
33 1588
33 1589
33 1590
32 33
32 1591
32 1592
32 1593
32 1594
32 1595
32 1596
32 1597
32 1598
31 32
31 1599
31 1600
31 1601
31 1602
31 1603
31 1604
31 1605
31 1606
30 31
30 1607
30 1608
30 1609
30 1610
30 1611
30 1612
30 1613
30 1614
29 30
29 1615
29 1616
29 1617
29 1618
29 1619
29 1620
29 1621
29 1622
28 29
28 1623
28 1624
28 1625
28 1626
28 1627
28 1628
28 1629
28 1630
27 28
27 1631
27 1632
27 1633
27 1634
27 1635
27 1636
27 1637
27 1638
26 27
26 1639
26 1640
26 1641
26 1642
26 1643
26 1644
26 1645
26 1646
25 26
25 1647
25 1648
25 1649
25 1650
25 1651
25 1652
25 1653
25 1654
24 25
24 1655
24 1656
24 1657
24 1658
24 1659
24 1660
24 1661
24 1662
23 24
23 1663
23 1664
23 1665
23 1666
23 1667
23 1668
23 1669
23 1670
22 23
22 1671
22 1672
22 1673
22 1674
22 1675
22 1676
22 1677
22 1678
21 22
21 1679
21 1680
21 1681
21 1682
21 1683
21 1684
21 1685
21 1686
20 21
20 1687
20 1688
20 1689
20 1690
20 1691
20 1692
20 1693
20 1694
19 20
19 1695
19 1696
19 1697
19 1698
19 1699
19 1700
19 1701
19 1702
18 19
18 1703
18 1704
18 1705
18 1706
18 1707
18 1708
18 1709
18 1710
17 18
17 1711
17 1712
17 1713
17 1714
17 1715
17 1716
17 1717
17 1718
16 17
16 1719
16 1720
16 1721
16 1722
16 1723
16 1724
16 1725
16 1726
15 16
15 1727
15 1728
15 1729
15 1730
15 1731
15 1732
15 1733
15 1734
14 15
14 1735
14 1736
14 1737
14 1738
14 1739
14 1740
14 1741
14 1742
13 14
13 1743
13 1744
13 1745
13 1746
13 1747
13 1748
13 1749
13 1750
12 13
12 1751
12 1752
12 1753
12 1754
12 1755
12 1756
12 1757
12 1758
11 12
11 1759
11 1760
11 1761
11 1762
11 1763
11 1764
11 1765
11 1766
10 11
10 1767
10 1768
10 1769
10 1770
10 1771
10 1772
10 1773
10 1774
9 10
9 1775
9 1776
9 1777
9 1778
9 1779
9 1780
9 1781
9 1782
8 9
8 1783
8 1784
8 1785
8 1786
8 1787
8 1788
8 1789
8 1790
7 8
7 1791
7 1792
7 1793
7 1794
7 1795
7 1796
7 1797
7 1798
6 7
6 1799
6 1800
6 1801
6 1802
6 1803
6 1804
6 1805
6 1806
5 6
5 1807
5 1808
5 1809
5 1810
5 1811
5 1812
5 1813
5 1814
4 5
4 1815
4 1816
4 1817
4 1818
4 1819
4 1820
4 1821
4 1822
3 4
3 1823
3 1824
3 1825
3 1826
3 1827
3 1828
3 1829
3 1830
2 3
2 1831
2 1832
2 1833
2 1834
2 1835
2 1836
2 1837
2 1838
1 2
1 1839
1 1840
1 1841
1 1842
1 1843
1 1844
1 1845
