2028 808537
12 13
12 14
12 15
12 16
12 17
12 18
12 19
12 20
12 21
12 22
12 23
12 24
12 25
12 26
12 27
12 28
12 29
12 30
12 31
12 32
12 33
12 34
12 35
12 36
12 37
12 38
12 39
12 40
12 41
12 42
12 43
12 44
12 45
12 46
12 47
12 48
12 49
12 50
12 51
12 52
12 53
12 54
12 55
12 56
12 57
12 58
12 59
12 60
12 61
12 62
12 63
12 64
12 65
12 66
12 67
12 68
12 69
12 70
12 71
12 72
12 73
12 74
12 75
12 76
12 77
12 78
12 79
12 80
12 81
12 82
12 83
12 84
12 85
12 86
12 87
12 88
12 89
12 90
12 91
12 92
12 93
12 94
12 95
12 96
12 97
12 98
12 99
12 100
12 101
12 102
12 103
12 104
12 105
12 106
12 107
12 108
12 109
12 110
12 111
12 112
12 113
12 114
12 115
12 116
12 117
12 118
12 119
12 120
12 121
12 122
12 123
12 124
12 125
12 126
12 127
12 128
12 129
12 130
12 131
12 132
12 133
12 134
12 135
12 136
12 137
12 138
12 139
12 140
12 141
12 142
12 143
12 144
12 145
12 146
12 147
12 148
12 149
12 150
12 151
12 152
12 153
12 154
12 155
12 156
12 157
12 158
12 159
12 160
12 161
12 162
12 163
12 164
12 165
12 166
12 167
12 168
12 169
12 170
12 171
12 172
12 173
12 174
12 175
12 176
12 177
12 178
12 179
12 180
12 181
11 12
11 182
11 183
11 184
11 185
11 186
11 187
11 188
11 189
11 190
11 191
11 192
11 193
11 194
11 195
11 196
11 197
11 198
11 199
11 200
11 201
11 202
11 203
11 204
11 205
11 206
11 207
11 208
11 209
11 210
11 211
11 212
11 213
11 214
11 215
11 216
11 217
11 218
11 219
11 220
11 221
11 222
11 223
11 224
11 225
11 226
11 227
11 228
11 229
11 230
11 231
11 232
11 233
11 234
11 235
11 236
11 237
11 238
11 239
11 240
11 241
11 242
11 243
11 244
11 245
11 246
11 247
11 248
11 249
11 250
11 251
11 252
11 253
11 254
11 255
11 256
11 257
11 258
11 259
11 260
11 261
11 262
11 263
11 264
11 265
11 266
11 267
11 268
11 269
11 270
11 271
11 272
11 273
11 274
11 275
11 276
11 277
11 278
11 279
11 280
11 281
11 282
11 283
11 284
11 285
11 286
11 287
11 288
11 289
11 290
11 291
11 292
11 293
11 294
11 295
11 296
11 297
11 298
11 299
11 300
11 301
11 302
11 303
11 304
11 305
11 306
11 307
11 308
11 309
11 310
11 311
11 312
11 313
11 314
11 315
11 316
11 317
11 318
11 319
11 320
11 321
11 322
11 323
11 324
11 325
11 326
11 327
11 328
11 329
11 330
11 331
11 332
11 333
11 334
11 335
11 336
11 337
11 338
11 339
11 340
11 341
11 342
11 343
11 344
11 345
11 346
11 347
11 348
11 349
10 11
10 350
10 351
10 352
10 353
10 354
10 355
10 356
10 357
10 358
10 359
10 360
10 361
10 362
10 363
10 364
10 365
10 366
10 367
10 368
10 369
10 370
10 371
10 372
10 373
10 374
10 375
10 376
10 377
10 378
10 379
10 380
10 381
10 382
10 383
10 384
10 385
10 386
10 387
10 388
10 389
10 390
10 391
10 392
10 393
10 394
10 395
10 396
10 397
10 398
10 399
10 400
10 401
10 402
10 403
10 404
10 405
10 406
10 407
10 408
10 409
10 410
10 411
10 412
10 413
10 414
10 415
10 416
10 417
10 418
10 419
10 420
10 421
10 422
10 423
10 424
10 425
10 426
10 427
10 428
10 429
10 430
10 431
10 432
10 433
10 434
10 435
10 436
10 437
10 438
10 439
10 440
10 441
10 442
10 443
10 444
10 445
10 446
10 447
10 448
10 449
10 450
10 451
10 452
10 453
10 454
10 455
10 456
10 457
10 458
10 459
10 460
10 461
10 462
10 463
10 464
10 465
10 466
10 467
10 468
10 469
10 470
10 471
10 472
10 473
10 474
10 475
10 476
10 477
10 478
10 479
10 480
10 481
10 482
10 483
10 484
10 485
10 486
10 487
10 488
10 489
10 490
10 491
10 492
10 493
10 494
10 495
10 496
10 497
10 498
10 499
10 500
10 501
10 502
10 503
10 504
10 505
10 506
10 507
10 508
10 509
10 510
10 511
10 512
10 513
10 514
10 515
10 516
10 517
9 10
9 518
9 519
9 520
9 521
9 522
9 523
9 524
9 525
9 526
9 527
9 528
9 529
9 530
9 531
9 532
9 533
9 534
9 535
9 536
9 537
9 538
9 539
9 540
9 541
9 542
9 543
9 544
9 545
9 546
9 547
9 548
9 549
9 550
9 551
9 552
9 553
9 554
9 555
9 556
9 557
9 558
9 559
9 560
9 561
9 562
9 563
9 564
9 565
9 566
9 567
9 568
9 569
9 570
9 571
9 572
9 573
9 574
9 575
9 576
9 577
9 578
9 579
9 580
9 581
9 582
9 583
9 584
9 585
9 586
9 587
9 588
9 589
9 590
9 591
9 592
9 593
9 594
9 595
9 596
9 597
9 598
9 599
9 600
9 601
9 602
9 603
9 604
9 605
9 606
9 607
9 608
9 609
9 610
9 611
9 612
9 613
9 614
9 615
9 616
9 617
9 618
9 619
9 620
9 621
9 622
9 623
9 624
9 625
9 626
9 627
9 628
9 629
9 630
9 631
9 632
9 633
9 634
9 635
9 636
9 637
9 638
9 639
9 640
9 641
9 642
9 643
9 644
9 645
9 646
9 647
9 648
9 649
9 650
9 651
9 652
9 653
9 654
9 655
9 656
9 657
9 658
9 659
9 660
9 661
9 662
9 663
9 664
9 665
9 666
9 667
9 668
9 669
9 670
9 671
9 672
9 673
9 674
9 675
9 676
9 677
9 678
9 679
9 680
9 681
9 682
9 683
9 684
9 685
8 9
8 686
8 687
8 688
8 689
8 690
8 691
8 692
8 693
8 694
8 695
8 696
8 697
8 698
8 699
8 700
8 701
8 702
8 703
8 704
8 705
8 706
8 707
8 708
8 709
8 710
8 711
8 712
8 713
8 714
8 715
8 716
8 717
8 718
8 719
8 720
8 721
8 722
8 723
8 724
8 725
8 726
8 727
8 728
8 729
8 730
8 731
8 732
8 733
8 734
8 735
8 736
8 737
8 738
8 739
8 740
8 741
8 742
8 743
8 744
8 745
8 746
8 747
8 748
8 749
8 750
8 751
8 752
8 753
8 754
8 755
8 756
8 757
8 758
8 759
8 760
8 761
8 762
8 763
8 764
8 765
8 766
8 767
8 768
8 769
8 770
8 771
8 772
8 773
8 774
8 775
8 776
8 777
8 778
8 779
8 780
8 781
8 782
8 783
8 784
8 785
8 786
8 787
8 788
8 789
8 790
8 791
8 792
8 793
8 794
8 795
8 796
8 797
8 798
8 799
8 800
8 801
8 802
8 803
8 804
8 805
8 806
8 807
8 808
8 809
8 810
8 811
8 812
8 813
8 814
8 815
8 816
8 817
8 818
8 819
8 820
8 821
8 822
8 823
8 824
8 825
8 826
8 827
8 828
8 829
8 830
8 831
8 832
8 833
8 834
8 835
8 836
8 837
8 838
8 839
8 840
8 841
8 842
8 843
8 844
8 845
8 846
8 847
8 848
8 849
8 850
8 851
8 852
8 853
7 8
7 854
7 855
7 856
7 857
7 858
7 859
7 860
7 861
7 862
7 863
7 864
7 865
7 866
7 867
7 868
7 869
7 870
7 871
7 872
7 873
7 874
7 875
7 876
7 877
7 878
7 879
7 880
7 881
7 882
7 883
7 884
7 885
7 886
7 887
7 888
7 889
7 890
7 891
7 892
7 893
7 894
7 895
7 896
7 897
7 898
7 899
7 900
7 901
7 902
7 903
7 904
7 905
7 906
7 907
7 908
7 909
7 910
7 911
7 912
7 913
7 914
7 915
7 916
7 917
7 918
7 919
7 920
7 921
7 922
7 923
7 924
7 925
7 926
7 927
7 928
7 929
7 930
7 931
7 932
7 933
7 934
7 935
7 936
7 937
7 938
7 939
7 940
7 941
7 942
7 943
7 944
7 945
7 946
7 947
7 948
7 949
7 950
7 951
7 952
7 953
7 954
7 955
7 956
7 957
7 958
7 959
7 960
7 961
7 962
7 963
7 964
7 965
7 966
7 967
7 968
7 969
7 970
7 971
7 972
7 973
7 974
7 975
7 976
7 977
7 978
7 979
7 980
7 981
7 982
7 983
7 984
7 985
7 986
7 987
7 988
7 989
7 990
7 991
7 992
7 993
7 994
7 995
7 996
7 997
7 998
7 999
7 1000
7 1001
7 1002
7 1003
7 1004
7 1005
7 1006
7 1007
7 1008
7 1009
7 1010
7 1011
7 1012
7 1013
7 1014
7 1015
7 1016
7 1017
7 1018
7 1019
7 1020
7 1021
6 7
6 1022
6 1023
6 1024
6 1025
6 1026
6 1027
6 1028
6 1029
6 1030
6 1031
6 1032
6 1033
6 1034
6 1035
6 1036
6 1037
6 1038
6 1039
6 1040
6 1041
6 1042
6 1043
6 1044
6 1045
6 1046
6 1047
6 1048
6 1049
6 1050
6 1051
6 1052
6 1053
6 1054
6 1055
6 1056
6 1057
6 1058
6 1059
6 1060
6 1061
6 1062
6 1063
6 1064
6 1065
6 1066
6 1067
6 1068
6 1069
6 1070
6 1071
6 1072
6 1073
6 1074
6 1075
6 1076
6 1077
6 1078
6 1079
6 1080
6 1081
6 1082
6 1083
6 1084
6 1085
6 1086
6 1087
6 1088
6 1089
6 1090
6 1091
6 1092
6 1093
6 1094
6 1095
6 1096
6 1097
6 1098
6 1099
6 1100
6 1101
6 1102
6 1103
6 1104
6 1105
6 1106
6 1107
6 1108
6 1109
6 1110
6 1111
6 1112
6 1113
6 1114
6 1115
6 1116
6 1117
6 1118
6 1119
6 1120
6 1121
6 1122
6 1123
6 1124
6 1125
6 1126
6 1127
6 1128
6 1129
6 1130
6 1131
6 1132
6 1133
6 1134
6 1135
6 1136
6 1137
6 1138
6 1139
6 1140
6 1141
6 1142
6 1143
6 1144
6 1145
6 1146
6 1147
6 1148
6 1149
6 1150
6 1151
6 1152
6 1153
6 1154
6 1155
6 1156
6 1157
6 1158
6 1159
6 1160
6 1161
6 1162
6 1163
6 1164
6 1165
6 1166
6 1167
6 1168
6 1169
6 1170
6 1171
6 1172
6 1173
6 1174
6 1175
6 1176
6 1177
6 1178
6 1179
6 1180
6 1181
6 1182
6 1183
6 1184
6 1185
6 1186
6 1187
6 1188
6 1189
5 6
5 1190
5 1191
5 1192
5 1193
5 1194
5 1195
5 1196
5 1197
5 1198
5 1199
5 1200
5 1201
5 1202
5 1203
5 1204
5 1205
5 1206
5 1207
5 1208
5 1209
5 1210
5 1211
5 1212
5 1213
5 1214
5 1215
5 1216
5 1217
5 1218
5 1219
5 1220
5 1221
5 1222
5 1223
5 1224
5 1225
5 1226
5 1227
5 1228
5 1229
5 1230
5 1231
5 1232
5 1233
5 1234
5 1235
5 1236
5 1237
5 1238
5 1239
5 1240
5 1241
5 1242
5 1243
5 1244
5 1245
5 1246
5 1247
5 1248
5 1249
5 1250
5 1251
5 1252
5 1253
5 1254
5 1255
5 1256
5 1257
5 1258
5 1259
5 1260
5 1261
5 1262
5 1263
5 1264
5 1265
5 1266
5 1267
5 1268
5 1269
5 1270
5 1271
5 1272
5 1273
5 1274
5 1275
5 1276
5 1277
5 1278
5 1279
5 1280
5 1281
5 1282
5 1283
5 1284
5 1285
5 1286
5 1287
5 1288
5 1289
5 1290
5 1291
5 1292
5 1293
5 1294
5 1295
5 1296
5 1297
5 1298
5 1299
5 1300
5 1301
5 1302
5 1303
5 1304
5 1305
5 1306
5 1307
5 1308
5 1309
5 1310
5 1311
5 1312
5 1313
5 1314
5 1315
5 1316
5 1317
5 1318
5 1319
5 1320
5 1321
5 1322
5 1323
5 1324
5 1325
5 1326
5 1327
5 1328
5 1329
5 1330
5 1331
5 1332
5 1333
5 1334
5 1335
5 1336
5 1337
5 1338
5 1339
5 1340
5 1341
5 1342
5 1343
5 1344
5 1345
5 1346
5 1347
5 1348
5 1349
5 1350
5 1351
5 1352
5 1353
5 1354
5 1355
5 1356
5 1357
4 5
4 1358
4 1359
4 1360
4 1361
4 1362
4 1363
4 1364
4 1365
4 1366
4 1367
4 1368
4 1369
4 1370
4 1371
4 1372
4 1373
4 1374
4 1375
4 1376
4 1377
4 1378
4 1379
4 1380
4 1381
4 1382
4 1383
4 1384
4 1385
4 1386
4 1387
4 1388
4 1389
4 1390
4 1391
4 1392
4 1393
4 1394
4 1395
4 1396
4 1397
4 1398
4 1399
4 1400
4 1401
4 1402
4 1403
4 1404
4 1405
4 1406
4 1407
4 1408
4 1409
4 1410
4 1411
4 1412
4 1413
4 1414
4 1415
4 1416
4 1417
4 1418
4 1419
4 1420
4 1421
4 1422
4 1423
4 1424
4 1425
4 1426
4 1427
4 1428
4 1429
4 1430
4 1431
4 1432
4 1433
4 1434
4 1435
4 1436
4 1437
4 1438
4 1439
4 1440
4 1441
4 1442
4 1443
4 1444
4 1445
4 1446
4 1447
4 1448
4 1449
4 1450
4 1451
4 1452
4 1453
4 1454
4 1455
4 1456
4 1457
4 1458
4 1459
4 1460
4 1461
4 1462
4 1463
4 1464
4 1465
4 1466
4 1467
4 1468
4 1469
4 1470
4 1471
4 1472
4 1473
4 1474
4 1475
4 1476
4 1477
4 1478
4 1479
4 1480
4 1481
4 1482
4 1483
4 1484
4 1485
4 1486
4 1487
4 1488
4 1489
4 1490
4 1491
4 1492
4 1493
4 1494
4 1495
4 1496
4 1497
4 1498
4 1499
4 1500
4 1501
4 1502
4 1503
4 1504
4 1505
4 1506
4 1507
4 1508
4 1509
4 1510
4 1511
4 1512
4 1513
4 1514
4 1515
4 1516
4 1517
4 1518
4 1519
4 1520
4 1521
4 1522
4 1523
4 1524
4 1525
3 4
3 1526
3 1527
3 1528
3 1529
3 1530
3 1531
3 1532
3 1533
3 1534
3 1535
3 1536
3 1537
3 1538
3 1539
3 1540
3 1541
3 1542
3 1543
3 1544
3 1545
3 1546
3 1547
3 1548
3 1549
3 1550
3 1551
3 1552
3 1553
3 1554
3 1555
3 1556
3 1557
3 1558
3 1559
3 1560
3 1561
3 1562
3 1563
3 1564
3 1565
3 1566
3 1567
3 1568
3 1569
3 1570
3 1571
3 1572
3 1573
3 1574
3 1575
3 1576
3 1577
3 1578
3 1579
3 1580
3 1581
3 1582
3 1583
3 1584
3 1585
3 1586
3 1587
3 1588
3 1589
3 1590
3 1591
3 1592
3 1593
3 1594
3 1595
3 1596
3 1597
3 1598
3 1599
3 1600
3 1601
3 1602
3 1603
3 1604
3 1605
3 1606
3 1607
3 1608
3 1609
3 1610
3 1611
3 1612
3 1613
3 1614
3 1615
3 1616
3 1617
3 1618
3 1619
3 1620
3 1621
3 1622
3 1623
3 1624
3 1625
3 1626
3 1627
3 1628
3 1629
3 1630
3 1631
3 1632
3 1633
3 1634
3 1635
3 1636
3 1637
3 1638
3 1639
3 1640
3 1641
3 1642
3 1643
3 1644
3 1645
3 1646
3 1647
3 1648
3 1649
3 1650
3 1651
3 1652
3 1653
3 1654
3 1655
3 1656
3 1657
3 1658
3 1659
3 1660
3 1661
3 1662
3 1663
3 1664
3 1665
3 1666
3 1667
3 1668
3 1669
3 1670
3 1671
3 1672
3 1673
3 1674
3 1675
3 1676
3 1677
3 1678
3 1679
3 1680
3 1681
3 1682
3 1683
3 1684
3 1685
3 1686
3 1687
3 1688
3 1689
3 1690
3 1691
3 1692
3 1693
2 3
2 1694
2 1695
2 1696
2 1697
2 1698
2 1699
2 1700
2 1701
2 1702
2 1703
2 1704
2 1705
2 1706
2 1707
2 1708
2 1709
2 1710
2 1711
2 1712
2 1713
2 1714
2 1715
2 1716
2 1717
2 1718
2 1719
2 1720
2 1721
2 1722
2 1723
2 1724
2 1725
2 1726
2 1727
2 1728
2 1729
2 1730
2 1731
2 1732
2 1733
2 1734
2 1735
2 1736
2 1737
2 1738
2 1739
2 1740
2 1741
2 1742
2 1743
2 1744
2 1745
2 1746
2 1747
2 1748
2 1749
2 1750
2 1751
2 1752
2 1753
2 1754
2 1755
2 1756
2 1757
2 1758
2 1759
2 1760
2 1761
2 1762
2 1763
2 1764
2 1765
2 1766
2 1767
2 1768
2 1769
2 1770
2 1771
2 1772
2 1773
2 1774
2 1775
2 1776
2 1777
2 1778
2 1779
2 1780
2 1781
2 1782
2 1783
2 1784
2 1785
2 1786
2 1787
2 1788
2 1789
2 1790
2 1791
2 1792
2 1793
2 1794
2 1795
2 1796
2 1797
2 1798
2 1799
2 1800
2 1801
2 1802
2 1803
2 1804
2 1805
2 1806
2 1807
2 1808
2 1809
2 1810
2 1811
2 1812
2 1813
2 1814
2 1815
2 1816
2 1817
2 1818
2 1819
2 1820
2 1821
2 1822
2 1823
2 1824
2 1825
2 1826
2 1827
2 1828
2 1829
2 1830
2 1831
2 1832
2 1833
2 1834
2 1835
2 1836
2 1837
2 1838
2 1839
2 1840
2 1841
2 1842
2 1843
2 1844
2 1845
2 1846
2 1847
2 1848
2 1849
2 1850
2 1851
2 1852
2 1853
2 1854
2 1855
2 1856
2 1857
2 1858
2 1859
2 1860
2 1861
1 2
1 1862
1 1863
1 1864
1 1865
1 1866
1 1867
1 1868
1 1869
1 1870
1 1871
1 1872
1 1873
1 1874
1 1875
1 1876
1 1877
1 1878
1 1879
1 1880
1 1881
1 1882
1 1883
1 1884
1 1885
1 1886
1 1887
1 1888
1 1889
1 1890
1 1891
1 1892
1 1893
1 1894
1 1895
1 1896
1 1897
1 1898
1 1899
1 1900
1 1901
1 1902
1 1903
1 1904
1 1905
1 1906
1 1907
1 1908
1 1909
1 1910
1 1911
1 1912
1 1913
1 1914
1 1915
1 1916
1 1917
1 1918
1 1919
1 1920
1 1921
1 1922
1 1923
1 1924
1 1925
1 1926
1 1927
1 1928
1 1929
1 1930
1 1931
1 1932
1 1933
1 1934
1 1935
1 1936
1 1937
1 1938
1 1939
1 1940
1 1941
1 1942
1 1943
1 1944
1 1945
1 1946
1 1947
1 1948
1 1949
1 1950
1 1951
1 1952
1 1953
1 1954
1 1955
1 1956
1 1957
1 1958
1 1959
1 1960
1 1961
1 1962
1 1963
1 1964
1 1965
1 1966
1 1967
1 1968
1 1969
1 1970
1 1971
1 1972
1 1973
1 1974
1 1975
1 1976
1 1977
1 1978
1 1979
1 1980
1 1981
1 1982
1 1983
1 1984
1 1985
1 1986
1 1987
1 1988
1 1989
1 1990
1 1991
1 1992
1 1993
1 1994
1 1995
1 1996
1 1997
1 1998
1 1999
1 2000
1 2001
1 2002
1 2003
1 2004
1 2005
1 2006
1 2007
1 2008
1 2009
1 2010
1 2011
1 2012
1 2013
1 2014
1 2015
1 2016
1 2017
1 2018
1 2019
1 2020
1 2021
1 2022
1 2023
1 2024
1 2025
1 2026
1 2027
1 2028
1 2029
