2083 37527190
694 695
694 696
694 697
693 694
693 698
693 699
692 693
692 700
692 701
691 692
691 702
691 703
690 691
690 704
690 705
689 690
689 706
689 707
688 689
688 708
688 709
687 688
687 710
687 711
686 687
686 712
686 713
685 686
685 714
685 715
684 685
684 716
684 717
683 684
683 718
683 719
682 683
682 720
682 721
681 682
681 722
681 723
680 681
680 724
680 725
679 680
679 726
679 727
678 679
678 728
678 729
677 678
677 730
677 731
676 677
676 732
676 733
675 676
675 734
675 735
674 675
674 736
674 737
673 674
673 738
673 739
672 673
672 740
672 741
671 672
671 742
671 743
670 671
670 744
670 745
669 670
669 746
669 747
668 669
668 748
668 749
667 668
667 750
667 751
666 667
666 752
666 753
665 666
665 754
665 755
664 665
664 756
664 757
663 664
663 758
663 759
662 663
662 760
662 761
661 662
661 762
661 763
660 661
660 764
660 765
659 660
659 766
659 767
658 659
658 768
658 769
657 658
657 770
657 771
656 657
656 772
656 773
655 656
655 774
655 775
654 655
654 776
654 777
653 654
653 778
653 779
652 653
652 780
652 781
651 652
651 782
651 783
650 651
650 784
650 785
649 650
649 786
649 787
648 649
648 788
648 789
647 648
647 790
647 791
646 647
646 792
646 793
645 646
645 794
645 795
644 645
644 796
644 797
643 644
643 798
643 799
642 643
642 800
642 801
641 642
641 802
641 803
640 641
640 804
640 805
639 640
639 806
639 807
638 639
638 808
638 809
637 638
637 810
637 811
636 637
636 812
636 813
635 636
635 814
635 815
634 635
634 816
634 817
633 634
633 818
633 819
632 633
632 820
632 821
631 632
631 822
631 823
630 631
630 824
630 825
629 630
629 826
629 827
628 629
628 828
628 829
627 628
627 830
627 831
626 627
626 832
626 833
625 626
625 834
625 835
624 625
624 836
624 837
623 624
623 838
623 839
622 623
622 840
622 841
621 622
621 842
621 843
620 621
620 844
620 845
619 620
619 846
619 847
618 619
618 848
618 849
617 618
617 850
617 851
616 617
616 852
616 853
615 616
615 854
615 855
614 615
614 856
614 857
613 614
613 858
613 859
612 613
612 860
612 861
611 612
611 862
611 863
610 611
610 864
610 865
609 610
609 866
609 867
608 609
608 868
608 869
607 608
607 870
607 871
606 607
606 872
606 873
605 606
605 874
605 875
604 605
604 876
604 877
603 604
603 878
603 879
602 603
602 880
602 881
601 602
601 882
601 883
600 601
600 884
600 885
599 600
599 886
599 887
598 599
598 888
598 889
597 598
597 890
597 891
596 597
596 892
596 893
595 596
595 894
595 895
594 595
594 896
594 897
593 594
593 898
593 899
592 593
592 900
592 901
591 592
591 902
591 903
590 591
590 904
590 905
589 590
589 906
589 907
588 589
588 908
588 909
587 588
587 910
587 911
586 587
586 912
586 913
585 586
585 914
585 915
584 585
584 916
584 917
583 584
583 918
583 919
582 583
582 920
582 921
581 582
581 922
581 923
580 581
580 924
580 925
579 580
579 926
579 927
578 579
578 928
578 929
577 578
577 930
577 931
576 577
576 932
576 933
575 576
575 934
575 935
574 575
574 936
574 937
573 574
573 938
573 939
572 573
572 940
572 941
571 572
571 942
571 943
570 571
570 944
570 945
569 570
569 946
569 947
568 569
568 948
568 949
567 568
567 950
567 951
566 567
566 952
566 953
565 566
565 954
565 955
564 565
564 956
564 957
563 564
563 958
563 959
562 563
562 960
562 961
561 562
561 962
561 963
560 561
560 964
560 965
559 560
559 966
559 967
558 559
558 968
558 969
557 558
557 970
557 971
556 557
556 972
556 973
555 556
555 974
555 975
554 555
554 976
554 977
553 554
553 978
553 979
552 553
552 980
552 981
551 552
551 982
551 983
550 551
550 984
550 985
549 550
549 986
549 987
548 549
548 988
548 989
547 548
547 990
547 991
546 547
546 992
546 993
545 546
545 994
545 995
544 545
544 996
544 997
543 544
543 998
543 999
542 543
542 1000
542 1001
541 542
541 1002
541 1003
540 541
540 1004
540 1005
539 540
539 1006
539 1007
538 539
538 1008
538 1009
537 538
537 1010
537 1011
536 537
536 1012
536 1013
535 536
535 1014
535 1015
534 535
534 1016
534 1017
533 534
533 1018
533 1019
532 533
532 1020
532 1021
531 532
531 1022
531 1023
530 531
530 1024
530 1025
529 530
529 1026
529 1027
528 529
528 1028
528 1029
527 528
527 1030
527 1031
526 527
526 1032
526 1033
525 526
525 1034
525 1035
524 525
524 1036
524 1037
523 524
523 1038
523 1039
522 523
522 1040
522 1041
521 522
521 1042
521 1043
520 521
520 1044
520 1045
519 520
519 1046
519 1047
518 519
518 1048
518 1049
517 518
517 1050
517 1051
516 517
516 1052
516 1053
515 516
515 1054
515 1055
514 515
514 1056
514 1057
513 514
513 1058
513 1059
512 513
512 1060
512 1061
511 512
511 1062
511 1063
510 511
510 1064
510 1065
509 510
509 1066
509 1067
508 509
508 1068
508 1069
507 508
507 1070
507 1071
506 507
506 1072
506 1073
505 506
505 1074
505 1075
504 505
504 1076
504 1077
503 504
503 1078
503 1079
502 503
502 1080
502 1081
501 502
501 1082
501 1083
500 501
500 1084
500 1085
499 500
499 1086
499 1087
498 499
498 1088
498 1089
497 498
497 1090
497 1091
496 497
496 1092
496 1093
495 496
495 1094
495 1095
494 495
494 1096
494 1097
493 494
493 1098
493 1099
492 493
492 1100
492 1101
491 492
491 1102
491 1103
490 491
490 1104
490 1105
489 490
489 1106
489 1107
488 489
488 1108
488 1109
487 488
487 1110
487 1111
486 487
486 1112
486 1113
485 486
485 1114
485 1115
484 485
484 1116
484 1117
483 484
483 1118
483 1119
482 483
482 1120
482 1121
481 482
481 1122
481 1123
480 481
480 1124
480 1125
479 480
479 1126
479 1127
478 479
478 1128
478 1129
477 478
477 1130
477 1131
476 477
476 1132
476 1133
475 476
475 1134
475 1135
474 475
474 1136
474 1137
473 474
473 1138
473 1139
472 473
472 1140
472 1141
471 472
471 1142
471 1143
470 471
470 1144
470 1145
469 470
469 1146
469 1147
468 469
468 1148
468 1149
467 468
467 1150
467 1151
466 467
466 1152
466 1153
465 466
465 1154
465 1155
464 465
464 1156
464 1157
463 464
463 1158
463 1159
462 463
462 1160
462 1161
461 462
461 1162
461 1163
460 461
460 1164
460 1165
459 460
459 1166
459 1167
458 459
458 1168
458 1169
457 458
457 1170
457 1171
456 457
456 1172
456 1173
455 456
455 1174
455 1175
454 455
454 1176
454 1177
453 454
453 1178
453 1179
452 453
452 1180
452 1181
451 452
451 1182
451 1183
450 451
450 1184
450 1185
449 450
449 1186
449 1187
448 449
448 1188
448 1189
447 448
447 1190
447 1191
446 447
446 1192
446 1193
445 446
445 1194
445 1195
444 445
444 1196
444 1197
443 444
443 1198
443 1199
442 443
442 1200
442 1201
441 442
441 1202
441 1203
440 441
440 1204
440 1205
439 440
439 1206
439 1207
438 439
438 1208
438 1209
437 438
437 1210
437 1211
436 437
436 1212
436 1213
435 436
435 1214
435 1215
434 435
434 1216
434 1217
433 434
433 1218
433 1219
432 433
432 1220
432 1221
431 432
431 1222
431 1223
430 431
430 1224
430 1225
429 430
429 1226
429 1227
428 429
428 1228
428 1229
427 428
427 1230
427 1231
426 427
426 1232
426 1233
425 426
425 1234
425 1235
424 425
424 1236
424 1237
423 424
423 1238
423 1239
422 423
422 1240
422 1241
421 422
421 1242
421 1243
420 421
420 1244
420 1245
419 420
419 1246
419 1247
418 419
418 1248
418 1249
417 418
417 1250
417 1251
416 417
416 1252
416 1253
415 416
415 1254
415 1255
414 415
414 1256
414 1257
413 414
413 1258
413 1259
412 413
412 1260
412 1261
411 412
411 1262
411 1263
410 411
410 1264
410 1265
409 410
409 1266
409 1267
408 409
408 1268
408 1269
407 408
407 1270
407 1271
406 407
406 1272
406 1273
405 406
405 1274
405 1275
404 405
404 1276
404 1277
403 404
403 1278
403 1279
402 403
402 1280
402 1281
401 402
401 1282
401 1283
400 401
400 1284
400 1285
399 400
399 1286
399 1287
398 399
398 1288
398 1289
397 398
397 1290
397 1291
396 397
396 1292
396 1293
395 396
395 1294
395 1295
394 395
394 1296
394 1297
393 394
393 1298
393 1299
392 393
392 1300
392 1301
391 392
391 1302
391 1303
390 391
390 1304
390 1305
389 390
389 1306
389 1307
388 389
388 1308
388 1309
387 388
387 1310
387 1311
386 387
386 1312
386 1313
385 386
385 1314
385 1315
384 385
384 1316
384 1317
383 384
383 1318
383 1319
382 383
382 1320
382 1321
381 382
381 1322
381 1323
380 381
380 1324
380 1325
379 380
379 1326
379 1327
378 379
378 1328
378 1329
377 378
377 1330
377 1331
376 377
376 1332
376 1333
375 376
375 1334
375 1335
374 375
374 1336
374 1337
373 374
373 1338
373 1339
372 373
372 1340
372 1341
371 372
371 1342
371 1343
370 371
370 1344
370 1345
369 370
369 1346
369 1347
368 369
368 1348
368 1349
367 368
367 1350
367 1351
366 367
366 1352
366 1353
365 366
365 1354
365 1355
364 365
364 1356
364 1357
363 364
363 1358
363 1359
362 363
362 1360
362 1361
361 362
361 1362
361 1363
360 361
360 1364
360 1365
359 360
359 1366
359 1367
358 359
358 1368
358 1369
357 358
357 1370
357 1371
356 357
356 1372
356 1373
355 356
355 1374
355 1375
354 355
354 1376
354 1377
353 354
353 1378
353 1379
352 353
352 1380
352 1381
351 352
351 1382
351 1383
350 351
350 1384
350 1385
349 350
349 1386
349 1387
348 349
348 1388
348 1389
347 348
347 1390
347 1391
346 347
346 1392
346 1393
345 346
345 1394
345 1395
344 345
344 1396
344 1397
343 344
343 1398
343 1399
342 343
342 1400
342 1401
341 342
341 1402
341 1403
340 341
340 1404
340 1405
339 340
339 1406
339 1407
338 339
338 1408
338 1409
337 338
337 1410
337 1411
336 337
336 1412
336 1413
335 336
335 1414
335 1415
334 335
334 1416
334 1417
333 334
333 1418
333 1419
332 333
332 1420
332 1421
331 332
331 1422
331 1423
330 331
330 1424
330 1425
329 330
329 1426
329 1427
328 329
328 1428
328 1429
327 328
327 1430
327 1431
326 327
326 1432
326 1433
325 326
325 1434
325 1435
324 325
324 1436
324 1437
323 324
323 1438
323 1439
322 323
322 1440
322 1441
321 322
321 1442
321 1443
320 321
320 1444
320 1445
319 320
319 1446
319 1447
318 319
318 1448
318 1449
317 318
317 1450
317 1451
316 317
316 1452
316 1453
315 316
315 1454
315 1455
314 315
314 1456
314 1457
313 314
313 1458
313 1459
312 313
312 1460
312 1461
311 312
311 1462
311 1463
310 311
310 1464
310 1465
309 310
309 1466
309 1467
308 309
308 1468
308 1469
307 308
307 1470
307 1471
306 307
306 1472
306 1473
305 306
305 1474
305 1475
304 305
304 1476
304 1477
303 304
303 1478
303 1479
302 303
302 1480
302 1481
301 302
301 1482
301 1483
300 301
300 1484
300 1485
299 300
299 1486
299 1487
298 299
298 1488
298 1489
297 298
297 1490
297 1491
296 297
296 1492
296 1493
295 296
295 1494
295 1495
294 295
294 1496
294 1497
293 294
293 1498
293 1499
292 293
292 1500
292 1501
291 292
291 1502
291 1503
290 291
290 1504
290 1505
289 290
289 1506
289 1507
288 289
288 1508
288 1509
287 288
287 1510
287 1511
286 287
286 1512
286 1513
285 286
285 1514
285 1515
284 285
284 1516
284 1517
283 284
283 1518
283 1519
282 283
282 1520
282 1521
281 282
281 1522
281 1523
280 281
280 1524
280 1525
279 280
279 1526
279 1527
278 279
278 1528
278 1529
277 278
277 1530
277 1531
276 277
276 1532
276 1533
275 276
275 1534
275 1535
274 275
274 1536
274 1537
273 274
273 1538
273 1539
272 273
272 1540
272 1541
271 272
271 1542
271 1543
270 271
270 1544
270 1545
269 270
269 1546
269 1547
268 269
268 1548
268 1549
267 268
267 1550
267 1551
266 267
266 1552
266 1553
265 266
265 1554
265 1555
264 265
264 1556
264 1557
263 264
263 1558
263 1559
262 263
262 1560
262 1561
261 262
261 1562
261 1563
260 261
260 1564
260 1565
259 260
259 1566
259 1567
258 259
258 1568
258 1569
257 258
257 1570
257 1571
256 257
256 1572
256 1573
255 256
255 1574
255 1575
254 255
254 1576
254 1577
253 254
253 1578
253 1579
252 253
252 1580
252 1581
251 252
251 1582
251 1583
250 251
250 1584
250 1585
249 250
249 1586
249 1587
248 249
248 1588
248 1589
247 248
247 1590
247 1591
246 247
246 1592
246 1593
245 246
245 1594
245 1595
244 245
244 1596
244 1597
243 244
243 1598
243 1599
242 243
242 1600
242 1601
241 242
241 1602
241 1603
240 241
240 1604
240 1605
239 240
239 1606
239 1607
238 239
238 1608
238 1609
237 238
237 1610
237 1611
236 237
236 1612
236 1613
235 236
235 1614
235 1615
234 235
234 1616
234 1617
233 234
233 1618
233 1619
232 233
232 1620
232 1621
231 232
231 1622
231 1623
230 231
230 1624
230 1625
229 230
229 1626
229 1627
228 229
228 1628
228 1629
227 228
227 1630
227 1631
226 227
226 1632
226 1633
225 226
225 1634
225 1635
224 225
224 1636
224 1637
223 224
223 1638
223 1639
222 223
222 1640
222 1641
221 222
221 1642
221 1643
220 221
220 1644
220 1645
219 220
219 1646
219 1647
218 219
218 1648
218 1649
217 218
217 1650
217 1651
216 217
216 1652
216 1653
215 216
215 1654
215 1655
214 215
214 1656
214 1657
213 214
213 1658
213 1659
212 213
212 1660
212 1661
211 212
211 1662
211 1663
210 211
210 1664
210 1665
209 210
209 1666
209 1667
208 209
208 1668
208 1669
207 208
207 1670
207 1671
206 207
206 1672
206 1673
205 206
205 1674
205 1675
204 205
204 1676
204 1677
203 204
203 1678
203 1679
202 203
202 1680
202 1681
201 202
201 1682
201 1683
200 201
200 1684
200 1685
199 200
199 1686
199 1687
198 199
198 1688
198 1689
197 198
197 1690
197 1691
196 197
196 1692
196 1693
195 196
195 1694
195 1695
194 195
194 1696
194 1697
193 194
193 1698
193 1699
192 193
192 1700
192 1701
191 192
191 1702
191 1703
190 191
190 1704
190 1705
189 190
189 1706
189 1707
188 189
188 1708
188 1709
187 188
187 1710
187 1711
186 187
186 1712
186 1713
185 186
185 1714
185 1715
184 185
184 1716
184 1717
183 184
183 1718
183 1719
182 183
182 1720
182 1721
181 182
181 1722
181 1723
180 181
180 1724
180 1725
179 180
179 1726
179 1727
178 179
178 1728
178 1729
177 178
177 1730
177 1731
176 177
176 1732
176 1733
175 176
175 1734
175 1735
174 175
174 1736
174 1737
173 174
173 1738
173 1739
172 173
172 1740
172 1741
171 172
171 1742
171 1743
170 171
170 1744
170 1745
169 170
169 1746
169 1747
168 169
168 1748
168 1749
167 168
167 1750
167 1751
166 167
166 1752
166 1753
165 166
165 1754
165 1755
164 165
164 1756
164 1757
163 164
163 1758
163 1759
162 163
162 1760
162 1761
161 162
161 1762
161 1763
160 161
160 1764
160 1765
159 160
159 1766
159 1767
158 159
158 1768
158 1769
157 158
157 1770
157 1771
156 157
156 1772
156 1773
155 156
155 1774
155 1775
154 155
154 1776
154 1777
153 154
153 1778
153 1779
152 153
152 1780
152 1781
151 152
151 1782
151 1783
150 151
150 1784
150 1785
149 150
149 1786
149 1787
148 149
148 1788
148 1789
147 148
147 1790
147 1791
146 147
146 1792
146 1793
145 146
145 1794
145 1795
144 145
144 1796
144 1797
143 144
143 1798
143 1799
142 143
142 1800
142 1801
141 142
141 1802
141 1803
140 141
140 1804
140 1805
139 140
139 1806
139 1807
138 139
138 1808
138 1809
137 138
137 1810
137 1811
136 137
136 1812
136 1813
135 136
135 1814
135 1815
134 135
134 1816
134 1817
133 134
133 1818
133 1819
132 133
132 1820
132 1821
131 132
131 1822
131 1823
130 131
130 1824
130 1825
129 130
129 1826
129 1827
128 129
128 1828
128 1829
127 128
127 1830
127 1831
126 127
126 1832
126 1833
125 126
125 1834
125 1835
124 125
124 1836
124 1837
123 124
123 1838
123 1839
122 123
122 1840
122 1841
121 122
121 1842
121 1843
120 121
120 1844
120 1845
119 120
119 1846
119 1847
118 119
118 1848
118 1849
117 118
117 1850
117 1851
116 117
116 1852
116 1853
115 116
115 1854
115 1855
114 115
114 1856
114 1857
113 114
113 1858
113 1859
112 113
112 1860
112 1861
111 112
111 1862
111 1863
110 111
110 1864
110 1865
109 110
109 1866
109 1867
108 109
108 1868
108 1869
107 108
107 1870
107 1871
106 107
106 1872
106 1873
105 106
105 1874
105 1875
104 105
104 1876
104 1877
103 104
103 1878
103 1879
102 103
102 1880
102 1881
101 102
101 1882
101 1883
100 101
100 1884
100 1885
99 100
99 1886
99 1887
98 99
98 1888
98 1889
97 98
97 1890
97 1891
96 97
96 1892
96 1893
95 96
95 1894
95 1895
94 95
94 1896
94 1897
93 94
93 1898
93 1899
92 93
92 1900
92 1901
91 92
91 1902
91 1903
90 91
90 1904
90 1905
89 90
89 1906
89 1907
88 89
88 1908
88 1909
87 88
87 1910
87 1911
86 87
86 1912
86 1913
85 86
85 1914
85 1915
84 85
84 1916
84 1917
83 84
83 1918
83 1919
82 83
82 1920
82 1921
81 82
81 1922
81 1923
80 81
80 1924
80 1925
79 80
79 1926
79 1927
78 79
78 1928
78 1929
77 78
77 1930
77 1931
76 77
76 1932
76 1933
75 76
75 1934
75 1935
74 75
74 1936
74 1937
73 74
73 1938
73 1939
72 73
72 1940
72 1941
71 72
71 1942
71 1943
70 71
70 1944
70 1945
69 70
69 1946
69 1947
68 69
68 1948
68 1949
67 68
67 1950
67 1951
66 67
66 1952
66 1953
65 66
65 1954
65 1955
64 65
64 1956
64 1957
63 64
63 1958
63 1959
62 63
62 1960
62 1961
61 62
61 1962
61 1963
60 61
60 1964
60 1965
59 60
59 1966
59 1967
58 59
58 1968
58 1969
57 58
57 1970
57 1971
56 57
56 1972
56 1973
55 56
55 1974
55 1975
54 55
54 1976
54 1977
53 54
53 1978
53 1979
52 53
52 1980
52 1981
51 52
51 1982
51 1983
50 51
50 1984
50 1985
49 50
49 1986
49 1987
48 49
48 1988
48 1989
47 48
47 1990
47 1991
46 47
46 1992
46 1993
45 46
45 1994
45 1995
44 45
44 1996
44 1997
43 44
43 1998
43 1999
42 43
42 2000
42 2001
41 42
41 2002
41 2003
40 41
40 2004
40 2005
39 40
39 2006
39 2007
38 39
38 2008
38 2009
37 38
37 2010
37 2011
36 37
36 2012
36 2013
35 36
35 2014
35 2015
34 35
34 2016
34 2017
33 34
33 2018
33 2019
32 33
32 2020
32 2021
31 32
31 2022
31 2023
30 31
30 2024
30 2025
29 30
29 2026
29 2027
28 29
28 2028
28 2029
27 28
27 2030
27 2031
26 27
26 2032
26 2033
25 26
25 2034
25 2035
24 25
24 2036
24 2037
23 24
23 2038
23 2039
22 23
22 2040
22 2041
21 22
21 2042
21 2043
20 21
20 2044
20 2045
19 20
19 2046
19 2047
18 19
18 2048
18 2049
17 18
17 2050
17 2051
16 17
16 2052
16 2053
15 16
15 2054
15 2055
14 15
14 2056
14 2057
13 14
13 2058
13 2059
12 13
12 2060
12 2061
11 12
11 2062
11 2063
10 11
10 2064
10 2065
9 10
9 2066
9 2067
8 9
8 2068
8 2069
7 8
7 2070
7 2071
6 7
6 2072
6 2073
5 6
5 2074
5 2075
4 5
4 2076
4 2077
3 4
3 2078
3 2079
2 3
2 2080
2 2081
1 2
1 2082
1 2083
1 2084
