2012 35161186
671 672
671 673
671 674
670 671
670 675
670 676
669 670
669 677
669 678
668 669
668 679
668 680
667 668
667 681
667 682
666 667
666 683
666 684
665 666
665 685
665 686
664 665
664 687
664 688
663 664
663 689
663 690
662 663
662 691
662 692
661 662
661 693
661 694
660 661
660 695
660 696
659 660
659 697
659 698
658 659
658 699
658 700
657 658
657 701
657 702
656 657
656 703
656 704
655 656
655 705
655 706
654 655
654 707
654 708
653 654
653 709
653 710
652 653
652 711
652 712
651 652
651 713
651 714
650 651
650 715
650 716
649 650
649 717
649 718
648 649
648 719
648 720
647 648
647 721
647 722
646 647
646 723
646 724
645 646
645 725
645 726
644 645
644 727
644 728
643 644
643 729
643 730
642 643
642 731
642 732
641 642
641 733
641 734
640 641
640 735
640 736
639 640
639 737
639 738
638 639
638 739
638 740
637 638
637 741
637 742
636 637
636 743
636 744
635 636
635 745
635 746
634 635
634 747
634 748
633 634
633 749
633 750
632 633
632 751
632 752
631 632
631 753
631 754
630 631
630 755
630 756
629 630
629 757
629 758
628 629
628 759
628 760
627 628
627 761
627 762
626 627
626 763
626 764
625 626
625 765
625 766
624 625
624 767
624 768
623 624
623 769
623 770
622 623
622 771
622 772
621 622
621 773
621 774
620 621
620 775
620 776
619 620
619 777
619 778
618 619
618 779
618 780
617 618
617 781
617 782
616 617
616 783
616 784
615 616
615 785
615 786
614 615
614 787
614 788
613 614
613 789
613 790
612 613
612 791
612 792
611 612
611 793
611 794
610 611
610 795
610 796
609 610
609 797
609 798
608 609
608 799
608 800
607 608
607 801
607 802
606 607
606 803
606 804
605 606
605 805
605 806
604 605
604 807
604 808
603 604
603 809
603 810
602 603
602 811
602 812
601 602
601 813
601 814
600 601
600 815
600 816
599 600
599 817
599 818
598 599
598 819
598 820
597 598
597 821
597 822
596 597
596 823
596 824
595 596
595 825
595 826
594 595
594 827
594 828
593 594
593 829
593 830
592 593
592 831
592 832
591 592
591 833
591 834
590 591
590 835
590 836
589 590
589 837
589 838
588 589
588 839
588 840
587 588
587 841
587 842
586 587
586 843
586 844
585 586
585 845
585 846
584 585
584 847
584 848
583 584
583 849
583 850
582 583
582 851
582 852
581 582
581 853
581 854
580 581
580 855
580 856
579 580
579 857
579 858
578 579
578 859
578 860
577 578
577 861
577 862
576 577
576 863
576 864
575 576
575 865
575 866
574 575
574 867
574 868
573 574
573 869
573 870
572 573
572 871
572 872
571 572
571 873
571 874
570 571
570 875
570 876
569 570
569 877
569 878
568 569
568 879
568 880
567 568
567 881
567 882
566 567
566 883
566 884
565 566
565 885
565 886
564 565
564 887
564 888
563 564
563 889
563 890
562 563
562 891
562 892
561 562
561 893
561 894
560 561
560 895
560 896
559 560
559 897
559 898
558 559
558 899
558 900
557 558
557 901
557 902
556 557
556 903
556 904
555 556
555 905
555 906
554 555
554 907
554 908
553 554
553 909
553 910
552 553
552 911
552 912
551 552
551 913
551 914
550 551
550 915
550 916
549 550
549 917
549 918
548 549
548 919
548 920
547 548
547 921
547 922
546 547
546 923
546 924
545 546
545 925
545 926
544 545
544 927
544 928
543 544
543 929
543 930
542 543
542 931
542 932
541 542
541 933
541 934
540 541
540 935
540 936
539 540
539 937
539 938
538 539
538 939
538 940
537 538
537 941
537 942
536 537
536 943
536 944
535 536
535 945
535 946
534 535
534 947
534 948
533 534
533 949
533 950
532 533
532 951
532 952
531 532
531 953
531 954
530 531
530 955
530 956
529 530
529 957
529 958
528 529
528 959
528 960
527 528
527 961
527 962
526 527
526 963
526 964
525 526
525 965
525 966
524 525
524 967
524 968
523 524
523 969
523 970
522 523
522 971
522 972
521 522
521 973
521 974
520 521
520 975
520 976
519 520
519 977
519 978
518 519
518 979
518 980
517 518
517 981
517 982
516 517
516 983
516 984
515 516
515 985
515 986
514 515
514 987
514 988
513 514
513 989
513 990
512 513
512 991
512 992
511 512
511 993
511 994
510 511
510 995
510 996
509 510
509 997
509 998
508 509
508 999
508 1000
507 508
507 1001
507 1002
506 507
506 1003
506 1004
505 506
505 1005
505 1006
504 505
504 1007
504 1008
503 504
503 1009
503 1010
502 503
502 1011
502 1012
501 502
501 1013
501 1014
500 501
500 1015
500 1016
499 500
499 1017
499 1018
498 499
498 1019
498 1020
497 498
497 1021
497 1022
496 497
496 1023
496 1024
495 496
495 1025
495 1026
494 495
494 1027
494 1028
493 494
493 1029
493 1030
492 493
492 1031
492 1032
491 492
491 1033
491 1034
490 491
490 1035
490 1036
489 490
489 1037
489 1038
488 489
488 1039
488 1040
487 488
487 1041
487 1042
486 487
486 1043
486 1044
485 486
485 1045
485 1046
484 485
484 1047
484 1048
483 484
483 1049
483 1050
482 483
482 1051
482 1052
481 482
481 1053
481 1054
480 481
480 1055
480 1056
479 480
479 1057
479 1058
478 479
478 1059
478 1060
477 478
477 1061
477 1062
476 477
476 1063
476 1064
475 476
475 1065
475 1066
474 475
474 1067
474 1068
473 474
473 1069
473 1070
472 473
472 1071
472 1072
471 472
471 1073
471 1074
470 471
470 1075
470 1076
469 470
469 1077
469 1078
468 469
468 1079
468 1080
467 468
467 1081
467 1082
466 467
466 1083
466 1084
465 466
465 1085
465 1086
464 465
464 1087
464 1088
463 464
463 1089
463 1090
462 463
462 1091
462 1092
461 462
461 1093
461 1094
460 461
460 1095
460 1096
459 460
459 1097
459 1098
458 459
458 1099
458 1100
457 458
457 1101
457 1102
456 457
456 1103
456 1104
455 456
455 1105
455 1106
454 455
454 1107
454 1108
453 454
453 1109
453 1110
452 453
452 1111
452 1112
451 452
451 1113
451 1114
450 451
450 1115
450 1116
449 450
449 1117
449 1118
448 449
448 1119
448 1120
447 448
447 1121
447 1122
446 447
446 1123
446 1124
445 446
445 1125
445 1126
444 445
444 1127
444 1128
443 444
443 1129
443 1130
442 443
442 1131
442 1132
441 442
441 1133
441 1134
440 441
440 1135
440 1136
439 440
439 1137
439 1138
438 439
438 1139
438 1140
437 438
437 1141
437 1142
436 437
436 1143
436 1144
435 436
435 1145
435 1146
434 435
434 1147
434 1148
433 434
433 1149
433 1150
432 433
432 1151
432 1152
431 432
431 1153
431 1154
430 431
430 1155
430 1156
429 430
429 1157
429 1158
428 429
428 1159
428 1160
427 428
427 1161
427 1162
426 427
426 1163
426 1164
425 426
425 1165
425 1166
424 425
424 1167
424 1168
423 424
423 1169
423 1170
422 423
422 1171
422 1172
421 422
421 1173
421 1174
420 421
420 1175
420 1176
419 420
419 1177
419 1178
418 419
418 1179
418 1180
417 418
417 1181
417 1182
416 417
416 1183
416 1184
415 416
415 1185
415 1186
414 415
414 1187
414 1188
413 414
413 1189
413 1190
412 413
412 1191
412 1192
411 412
411 1193
411 1194
410 411
410 1195
410 1196
409 410
409 1197
409 1198
408 409
408 1199
408 1200
407 408
407 1201
407 1202
406 407
406 1203
406 1204
405 406
405 1205
405 1206
404 405
404 1207
404 1208
403 404
403 1209
403 1210
402 403
402 1211
402 1212
401 402
401 1213
401 1214
400 401
400 1215
400 1216
399 400
399 1217
399 1218
398 399
398 1219
398 1220
397 398
397 1221
397 1222
396 397
396 1223
396 1224
395 396
395 1225
395 1226
394 395
394 1227
394 1228
393 394
393 1229
393 1230
392 393
392 1231
392 1232
391 392
391 1233
391 1234
390 391
390 1235
390 1236
389 390
389 1237
389 1238
388 389
388 1239
388 1240
387 388
387 1241
387 1242
386 387
386 1243
386 1244
385 386
385 1245
385 1246
384 385
384 1247
384 1248
383 384
383 1249
383 1250
382 383
382 1251
382 1252
381 382
381 1253
381 1254
380 381
380 1255
380 1256
379 380
379 1257
379 1258
378 379
378 1259
378 1260
377 378
377 1261
377 1262
376 377
376 1263
376 1264
375 376
375 1265
375 1266
374 375
374 1267
374 1268
373 374
373 1269
373 1270
372 373
372 1271
372 1272
371 372
371 1273
371 1274
370 371
370 1275
370 1276
369 370
369 1277
369 1278
368 369
368 1279
368 1280
367 368
367 1281
367 1282
366 367
366 1283
366 1284
365 366
365 1285
365 1286
364 365
364 1287
364 1288
363 364
363 1289
363 1290
362 363
362 1291
362 1292
361 362
361 1293
361 1294
360 361
360 1295
360 1296
359 360
359 1297
359 1298
358 359
358 1299
358 1300
357 358
357 1301
357 1302
356 357
356 1303
356 1304
355 356
355 1305
355 1306
354 355
354 1307
354 1308
353 354
353 1309
353 1310
352 353
352 1311
352 1312
351 352
351 1313
351 1314
350 351
350 1315
350 1316
349 350
349 1317
349 1318
348 349
348 1319
348 1320
347 348
347 1321
347 1322
346 347
346 1323
346 1324
345 346
345 1325
345 1326
344 345
344 1327
344 1328
343 344
343 1329
343 1330
342 343
342 1331
342 1332
341 342
341 1333
341 1334
340 341
340 1335
340 1336
339 340
339 1337
339 1338
338 339
338 1339
338 1340
337 338
337 1341
337 1342
336 337
336 1343
336 1344
335 336
335 1345
335 1346
334 335
334 1347
334 1348
333 334
333 1349
333 1350
332 333
332 1351
332 1352
331 332
331 1353
331 1354
330 331
330 1355
330 1356
329 330
329 1357
329 1358
328 329
328 1359
328 1360
327 328
327 1361
327 1362
326 327
326 1363
326 1364
325 326
325 1365
325 1366
324 325
324 1367
324 1368
323 324
323 1369
323 1370
322 323
322 1371
322 1372
321 322
321 1373
321 1374
320 321
320 1375
320 1376
319 320
319 1377
319 1378
318 319
318 1379
318 1380
317 318
317 1381
317 1382
316 317
316 1383
316 1384
315 316
315 1385
315 1386
314 315
314 1387
314 1388
313 314
313 1389
313 1390
312 313
312 1391
312 1392
311 312
311 1393
311 1394
310 311
310 1395
310 1396
309 310
309 1397
309 1398
308 309
308 1399
308 1400
307 308
307 1401
307 1402
306 307
306 1403
306 1404
305 306
305 1405
305 1406
304 305
304 1407
304 1408
303 304
303 1409
303 1410
302 303
302 1411
302 1412
301 302
301 1413
301 1414
300 301
300 1415
300 1416
299 300
299 1417
299 1418
298 299
298 1419
298 1420
297 298
297 1421
297 1422
296 297
296 1423
296 1424
295 296
295 1425
295 1426
294 295
294 1427
294 1428
293 294
293 1429
293 1430
292 293
292 1431
292 1432
291 292
291 1433
291 1434
290 291
290 1435
290 1436
289 290
289 1437
289 1438
288 289
288 1439
288 1440
287 288
287 1441
287 1442
286 287
286 1443
286 1444
285 286
285 1445
285 1446
284 285
284 1447
284 1448
283 284
283 1449
283 1450
282 283
282 1451
282 1452
281 282
281 1453
281 1454
280 281
280 1455
280 1456
279 280
279 1457
279 1458
278 279
278 1459
278 1460
277 278
277 1461
277 1462
276 277
276 1463
276 1464
275 276
275 1465
275 1466
274 275
274 1467
274 1468
273 274
273 1469
273 1470
272 273
272 1471
272 1472
271 272
271 1473
271 1474
270 271
270 1475
270 1476
269 270
269 1477
269 1478
268 269
268 1479
268 1480
267 268
267 1481
267 1482
266 267
266 1483
266 1484
265 266
265 1485
265 1486
264 265
264 1487
264 1488
263 264
263 1489
263 1490
262 263
262 1491
262 1492
261 262
261 1493
261 1494
260 261
260 1495
260 1496
259 260
259 1497
259 1498
258 259
258 1499
258 1500
257 258
257 1501
257 1502
256 257
256 1503
256 1504
255 256
255 1505
255 1506
254 255
254 1507
254 1508
253 254
253 1509
253 1510
252 253
252 1511
252 1512
251 252
251 1513
251 1514
250 251
250 1515
250 1516
249 250
249 1517
249 1518
248 249
248 1519
248 1520
247 248
247 1521
247 1522
246 247
246 1523
246 1524
245 246
245 1525
245 1526
244 245
244 1527
244 1528
243 244
243 1529
243 1530
242 243
242 1531
242 1532
241 242
241 1533
241 1534
240 241
240 1535
240 1536
239 240
239 1537
239 1538
238 239
238 1539
238 1540
237 238
237 1541
237 1542
236 237
236 1543
236 1544
235 236
235 1545
235 1546
234 235
234 1547
234 1548
233 234
233 1549
233 1550
232 233
232 1551
232 1552
231 232
231 1553
231 1554
230 231
230 1555
230 1556
229 230
229 1557
229 1558
228 229
228 1559
228 1560
227 228
227 1561
227 1562
226 227
226 1563
226 1564
225 226
225 1565
225 1566
224 225
224 1567
224 1568
223 224
223 1569
223 1570
222 223
222 1571
222 1572
221 222
221 1573
221 1574
220 221
220 1575
220 1576
219 220
219 1577
219 1578
218 219
218 1579
218 1580
217 218
217 1581
217 1582
216 217
216 1583
216 1584
215 216
215 1585
215 1586
214 215
214 1587
214 1588
213 214
213 1589
213 1590
212 213
212 1591
212 1592
211 212
211 1593
211 1594
210 211
210 1595
210 1596
209 210
209 1597
209 1598
208 209
208 1599
208 1600
207 208
207 1601
207 1602
206 207
206 1603
206 1604
205 206
205 1605
205 1606
204 205
204 1607
204 1608
203 204
203 1609
203 1610
202 203
202 1611
202 1612
201 202
201 1613
201 1614
200 201
200 1615
200 1616
199 200
199 1617
199 1618
198 199
198 1619
198 1620
197 198
197 1621
197 1622
196 197
196 1623
196 1624
195 196
195 1625
195 1626
194 195
194 1627
194 1628
193 194
193 1629
193 1630
192 193
192 1631
192 1632
191 192
191 1633
191 1634
190 191
190 1635
190 1636
189 190
189 1637
189 1638
188 189
188 1639
188 1640
187 188
187 1641
187 1642
186 187
186 1643
186 1644
185 186
185 1645
185 1646
184 185
184 1647
184 1648
183 184
183 1649
183 1650
182 183
182 1651
182 1652
181 182
181 1653
181 1654
180 181
180 1655
180 1656
179 180
179 1657
179 1658
178 179
178 1659
178 1660
177 178
177 1661
177 1662
176 177
176 1663
176 1664
175 176
175 1665
175 1666
174 175
174 1667
174 1668
173 174
173 1669
173 1670
172 173
172 1671
172 1672
171 172
171 1673
171 1674
170 171
170 1675
170 1676
169 170
169 1677
169 1678
168 169
168 1679
168 1680
167 168
167 1681
167 1682
166 167
166 1683
166 1684
165 166
165 1685
165 1686
164 165
164 1687
164 1688
163 164
163 1689
163 1690
162 163
162 1691
162 1692
161 162
161 1693
161 1694
160 161
160 1695
160 1696
159 160
159 1697
159 1698
158 159
158 1699
158 1700
157 158
157 1701
157 1702
156 157
156 1703
156 1704
155 156
155 1705
155 1706
154 155
154 1707
154 1708
153 154
153 1709
153 1710
152 153
152 1711
152 1712
151 152
151 1713
151 1714
150 151
150 1715
150 1716
149 150
149 1717
149 1718
148 149
148 1719
148 1720
147 148
147 1721
147 1722
146 147
146 1723
146 1724
145 146
145 1725
145 1726
144 145
144 1727
144 1728
143 144
143 1729
143 1730
142 143
142 1731
142 1732
141 142
141 1733
141 1734
140 141
140 1735
140 1736
139 140
139 1737
139 1738
138 139
138 1739
138 1740
137 138
137 1741
137 1742
136 137
136 1743
136 1744
135 136
135 1745
135 1746
134 135
134 1747
134 1748
133 134
133 1749
133 1750
132 133
132 1751
132 1752
131 132
131 1753
131 1754
130 131
130 1755
130 1756
129 130
129 1757
129 1758
128 129
128 1759
128 1760
127 128
127 1761
127 1762
126 127
126 1763
126 1764
125 126
125 1765
125 1766
124 125
124 1767
124 1768
123 124
123 1769
123 1770
122 123
122 1771
122 1772
121 122
121 1773
121 1774
120 121
120 1775
120 1776
119 120
119 1777
119 1778
118 119
118 1779
118 1780
117 118
117 1781
117 1782
116 117
116 1783
116 1784
115 116
115 1785
115 1786
114 115
114 1787
114 1788
113 114
113 1789
113 1790
112 113
112 1791
112 1792
111 112
111 1793
111 1794
110 111
110 1795
110 1796
109 110
109 1797
109 1798
108 109
108 1799
108 1800
107 108
107 1801
107 1802
106 107
106 1803
106 1804
105 106
105 1805
105 1806
104 105
104 1807
104 1808
103 104
103 1809
103 1810
102 103
102 1811
102 1812
101 102
101 1813
101 1814
100 101
100 1815
100 1816
99 100
99 1817
99 1818
98 99
98 1819
98 1820
97 98
97 1821
97 1822
96 97
96 1823
96 1824
95 96
95 1825
95 1826
94 95
94 1827
94 1828
93 94
93 1829
93 1830
92 93
92 1831
92 1832
91 92
91 1833
91 1834
90 91
90 1835
90 1836
89 90
89 1837
89 1838
88 89
88 1839
88 1840
87 88
87 1841
87 1842
86 87
86 1843
86 1844
85 86
85 1845
85 1846
84 85
84 1847
84 1848
83 84
83 1849
83 1850
82 83
82 1851
82 1852
81 82
81 1853
81 1854
80 81
80 1855
80 1856
79 80
79 1857
79 1858
78 79
78 1859
78 1860
77 78
77 1861
77 1862
76 77
76 1863
76 1864
75 76
75 1865
75 1866
74 75
74 1867
74 1868
73 74
73 1869
73 1870
72 73
72 1871
72 1872
71 72
71 1873
71 1874
70 71
70 1875
70 1876
69 70
69 1877
69 1878
68 69
68 1879
68 1880
67 68
67 1881
67 1882
66 67
66 1883
66 1884
65 66
65 1885
65 1886
64 65
64 1887
64 1888
63 64
63 1889
63 1890
62 63
62 1891
62 1892
61 62
61 1893
61 1894
60 61
60 1895
60 1896
59 60
59 1897
59 1898
58 59
58 1899
58 1900
57 58
57 1901
57 1902
56 57
56 1903
56 1904
55 56
55 1905
55 1906
54 55
54 1907
54 1908
53 54
53 1909
53 1910
52 53
52 1911
52 1912
51 52
51 1913
51 1914
50 51
50 1915
50 1916
49 50
49 1917
49 1918
48 49
48 1919
48 1920
47 48
47 1921
47 1922
46 47
46 1923
46 1924
45 46
45 1925
45 1926
44 45
44 1927
44 1928
43 44
43 1929
43 1930
42 43
42 1931
42 1932
41 42
41 1933
41 1934
40 41
40 1935
40 1936
39 40
39 1937
39 1938
38 39
38 1939
38 1940
37 38
37 1941
37 1942
36 37
36 1943
36 1944
35 36
35 1945
35 1946
34 35
34 1947
34 1948
33 34
33 1949
33 1950
32 33
32 1951
32 1952
31 32
31 1953
31 1954
30 31
30 1955
30 1956
29 30
29 1957
29 1958
28 29
28 1959
28 1960
27 28
27 1961
27 1962
26 27
26 1963
26 1964
25 26
25 1965
25 1966
24 25
24 1967
24 1968
23 24
23 1969
23 1970
22 23
22 1971
22 1972
21 22
21 1973
21 1974
20 21
20 1975
20 1976
19 20
19 1977
19 1978
18 19
18 1979
18 1980
17 18
17 1981
17 1982
16 17
16 1983
16 1984
15 16
15 1985
15 1986
14 15
14 1987
14 1988
13 14
13 1989
13 1990
12 13
12 1991
12 1992
11 12
11 1993
11 1994
10 11
10 1995
10 1996
9 10
9 1997
9 1998
8 9
8 1999
8 2000
7 8
7 2001
7 2002
6 7
6 2003
6 2004
5 6
5 2005
5 2006
4 5
4 2007
4 2008
3 4
3 2009
3 2010
2 3
2 2011
1 2
1 2012
1 2013
