198 2382209
50 51
50 52
50 53
50 54
49 50
49 55
49 56
49 57
48 49
48 58
48 59
48 60
47 48
47 61
47 62
47 63
46 47
46 64
46 65
46 66
45 46
45 67
45 68
45 69
44 45
44 70
44 71
44 72
43 44
43 73
43 74
43 75
42 43
42 76
42 77
42 78
41 42
41 79
41 80
41 81
40 41
40 82
40 83
40 84
39 40
39 85
39 86
39 87
38 39
38 88
38 89
38 90
37 38
37 91
37 92
37 93
36 37
36 94
36 95
36 96
35 36
35 97
35 98
35 99
34 35
34 100
34 101
34 102
33 34
33 103
33 104
33 105
32 33
32 106
32 107
32 108
31 32
31 109
31 110
31 111
30 31
30 112
30 113
30 114
29 30
29 115
29 116
29 117
28 29
28 118
28 119
28 120
27 28
27 121
27 122
27 123
26 27
26 124
26 125
26 126
25 26
25 127
25 128
25 129
24 25
24 130
24 131
24 132
23 24
23 133
23 134
23 135
22 23
22 136
22 137
22 138
21 22
21 139
21 140
21 141
20 21
20 142
20 143
20 144
19 20
19 145
19 146
19 147
18 19
18 148
18 149
18 150
17 18
17 151
17 152
17 153
16 17
16 154
16 155
16 156
15 16
15 157
15 158
15 159
14 15
14 160
14 161
14 162
13 14
13 163
13 164
13 165
12 13
12 166
12 167
12 168
11 12
11 169
11 170
11 171
10 11
10 172
10 173
10 174
9 10
9 175
9 176
9 177
8 9
8 178
8 179
8 180
7 8
7 181
7 182
7 183
6 7
6 184
6 185
6 186
5 6
5 187
5 188
5 189
4 5
4 190
4 191
4 192
3 4
3 193
3 194
3 195
2 3
2 196
2 197
2 198
1 2
1 199
