1965 29203766
656 657
656 658
656 659
655 656
655 660
655 661
654 655
654 662
654 663
653 654
653 664
653 665
652 653
652 666
652 667
651 652
651 668
651 669
650 651
650 670
650 671
649 650
649 672
649 673
648 649
648 674
648 675
647 648
647 676
647 677
646 647
646 678
646 679
645 646
645 680
645 681
644 645
644 682
644 683
643 644
643 684
643 685
642 643
642 686
642 687
641 642
641 688
641 689
640 641
640 690
640 691
639 640
639 692
639 693
638 639
638 694
638 695
637 638
637 696
637 697
636 637
636 698
636 699
635 636
635 700
635 701
634 635
634 702
634 703
633 634
633 704
633 705
632 633
632 706
632 707
631 632
631 708
631 709
630 631
630 710
630 711
629 630
629 712
629 713
628 629
628 714
628 715
627 628
627 716
627 717
626 627
626 718
626 719
625 626
625 720
625 721
624 625
624 722
624 723
623 624
623 724
623 725
622 623
622 726
622 727
621 622
621 728
621 729
620 621
620 730
620 731
619 620
619 732
619 733
618 619
618 734
618 735
617 618
617 736
617 737
616 617
616 738
616 739
615 616
615 740
615 741
614 615
614 742
614 743
613 614
613 744
613 745
612 613
612 746
612 747
611 612
611 748
611 749
610 611
610 750
610 751
609 610
609 752
609 753
608 609
608 754
608 755
607 608
607 756
607 757
606 607
606 758
606 759
605 606
605 760
605 761
604 605
604 762
604 763
603 604
603 764
603 765
602 603
602 766
602 767
601 602
601 768
601 769
600 601
600 770
600 771
599 600
599 772
599 773
598 599
598 774
598 775
597 598
597 776
597 777
596 597
596 778
596 779
595 596
595 780
595 781
594 595
594 782
594 783
593 594
593 784
593 785
592 593
592 786
592 787
591 592
591 788
591 789
590 591
590 790
590 791
589 590
589 792
589 793
588 589
588 794
588 795
587 588
587 796
587 797
586 587
586 798
586 799
585 586
585 800
585 801
584 585
584 802
584 803
583 584
583 804
583 805
582 583
582 806
582 807
581 582
581 808
581 809
580 581
580 810
580 811
579 580
579 812
579 813
578 579
578 814
578 815
577 578
577 816
577 817
576 577
576 818
576 819
575 576
575 820
575 821
574 575
574 822
574 823
573 574
573 824
573 825
572 573
572 826
572 827
571 572
571 828
571 829
570 571
570 830
570 831
569 570
569 832
569 833
568 569
568 834
568 835
567 568
567 836
567 837
566 567
566 838
566 839
565 566
565 840
565 841
564 565
564 842
564 843
563 564
563 844
563 845
562 563
562 846
562 847
561 562
561 848
561 849
560 561
560 850
560 851
559 560
559 852
559 853
558 559
558 854
558 855
557 558
557 856
557 857
556 557
556 858
556 859
555 556
555 860
555 861
554 555
554 862
554 863
553 554
553 864
553 865
552 553
552 866
552 867
551 552
551 868
551 869
550 551
550 870
550 871
549 550
549 872
549 873
548 549
548 874
548 875
547 548
547 876
547 877
546 547
546 878
546 879
545 546
545 880
545 881
544 545
544 882
544 883
543 544
543 884
543 885
542 543
542 886
542 887
541 542
541 888
541 889
540 541
540 890
540 891
539 540
539 892
539 893
538 539
538 894
538 895
537 538
537 896
537 897
536 537
536 898
536 899
535 536
535 900
535 901
534 535
534 902
534 903
533 534
533 904
533 905
532 533
532 906
532 907
531 532
531 908
531 909
530 531
530 910
530 911
529 530
529 912
529 913
528 529
528 914
528 915
527 528
527 916
527 917
526 527
526 918
526 919
525 526
525 920
525 921
524 525
524 922
524 923
523 524
523 924
523 925
522 523
522 926
522 927
521 522
521 928
521 929
520 521
520 930
520 931
519 520
519 932
519 933
518 519
518 934
518 935
517 518
517 936
517 937
516 517
516 938
516 939
515 516
515 940
515 941
514 515
514 942
514 943
513 514
513 944
513 945
512 513
512 946
512 947
511 512
511 948
511 949
510 511
510 950
510 951
509 510
509 952
509 953
508 509
508 954
508 955
507 508
507 956
507 957
506 507
506 958
506 959
505 506
505 960
505 961
504 505
504 962
504 963
503 504
503 964
503 965
502 503
502 966
502 967
501 502
501 968
501 969
500 501
500 970
500 971
499 500
499 972
499 973
498 499
498 974
498 975
497 498
497 976
497 977
496 497
496 978
496 979
495 496
495 980
495 981
494 495
494 982
494 983
493 494
493 984
493 985
492 493
492 986
492 987
491 492
491 988
491 989
490 491
490 990
490 991
489 490
489 992
489 993
488 489
488 994
488 995
487 488
487 996
487 997
486 487
486 998
486 999
485 486
485 1000
485 1001
484 485
484 1002
484 1003
483 484
483 1004
483 1005
482 483
482 1006
482 1007
481 482
481 1008
481 1009
480 481
480 1010
480 1011
479 480
479 1012
479 1013
478 479
478 1014
478 1015
477 478
477 1016
477 1017
476 477
476 1018
476 1019
475 476
475 1020
475 1021
474 475
474 1022
474 1023
473 474
473 1024
473 1025
472 473
472 1026
472 1027
471 472
471 1028
471 1029
470 471
470 1030
470 1031
469 470
469 1032
469 1033
468 469
468 1034
468 1035
467 468
467 1036
467 1037
466 467
466 1038
466 1039
465 466
465 1040
465 1041
464 465
464 1042
464 1043
463 464
463 1044
463 1045
462 463
462 1046
462 1047
461 462
461 1048
461 1049
460 461
460 1050
460 1051
459 460
459 1052
459 1053
458 459
458 1054
458 1055
457 458
457 1056
457 1057
456 457
456 1058
456 1059
455 456
455 1060
455 1061
454 455
454 1062
454 1063
453 454
453 1064
453 1065
452 453
452 1066
452 1067
451 452
451 1068
451 1069
450 451
450 1070
450 1071
449 450
449 1072
449 1073
448 449
448 1074
448 1075
447 448
447 1076
447 1077
446 447
446 1078
446 1079
445 446
445 1080
445 1081
444 445
444 1082
444 1083
443 444
443 1084
443 1085
442 443
442 1086
442 1087
441 442
441 1088
441 1089
440 441
440 1090
440 1091
439 440
439 1092
439 1093
438 439
438 1094
438 1095
437 438
437 1096
437 1097
436 437
436 1098
436 1099
435 436
435 1100
435 1101
434 435
434 1102
434 1103
433 434
433 1104
433 1105
432 433
432 1106
432 1107
431 432
431 1108
431 1109
430 431
430 1110
430 1111
429 430
429 1112
429 1113
428 429
428 1114
428 1115
427 428
427 1116
427 1117
426 427
426 1118
426 1119
425 426
425 1120
425 1121
424 425
424 1122
424 1123
423 424
423 1124
423 1125
422 423
422 1126
422 1127
421 422
421 1128
421 1129
420 421
420 1130
420 1131
419 420
419 1132
419 1133
418 419
418 1134
418 1135
417 418
417 1136
417 1137
416 417
416 1138
416 1139
415 416
415 1140
415 1141
414 415
414 1142
414 1143
413 414
413 1144
413 1145
412 413
412 1146
412 1147
411 412
411 1148
411 1149
410 411
410 1150
410 1151
409 410
409 1152
409 1153
408 409
408 1154
408 1155
407 408
407 1156
407 1157
406 407
406 1158
406 1159
405 406
405 1160
405 1161
404 405
404 1162
404 1163
403 404
403 1164
403 1165
402 403
402 1166
402 1167
401 402
401 1168
401 1169
400 401
400 1170
400 1171
399 400
399 1172
399 1173
398 399
398 1174
398 1175
397 398
397 1176
397 1177
396 397
396 1178
396 1179
395 396
395 1180
395 1181
394 395
394 1182
394 1183
393 394
393 1184
393 1185
392 393
392 1186
392 1187
391 392
391 1188
391 1189
390 391
390 1190
390 1191
389 390
389 1192
389 1193
388 389
388 1194
388 1195
387 388
387 1196
387 1197
386 387
386 1198
386 1199
385 386
385 1200
385 1201
384 385
384 1202
384 1203
383 384
383 1204
383 1205
382 383
382 1206
382 1207
381 382
381 1208
381 1209
380 381
380 1210
380 1211
379 380
379 1212
379 1213
378 379
378 1214
378 1215
377 378
377 1216
377 1217
376 377
376 1218
376 1219
375 376
375 1220
375 1221
374 375
374 1222
374 1223
373 374
373 1224
373 1225
372 373
372 1226
372 1227
371 372
371 1228
371 1229
370 371
370 1230
370 1231
369 370
369 1232
369 1233
368 369
368 1234
368 1235
367 368
367 1236
367 1237
366 367
366 1238
366 1239
365 366
365 1240
365 1241
364 365
364 1242
364 1243
363 364
363 1244
363 1245
362 363
362 1246
362 1247
361 362
361 1248
361 1249
360 361
360 1250
360 1251
359 360
359 1252
359 1253
358 359
358 1254
358 1255
357 358
357 1256
357 1257
356 357
356 1258
356 1259
355 356
355 1260
355 1261
354 355
354 1262
354 1263
353 354
353 1264
353 1265
352 353
352 1266
352 1267
351 352
351 1268
351 1269
350 351
350 1270
350 1271
349 350
349 1272
349 1273
348 349
348 1274
348 1275
347 348
347 1276
347 1277
346 347
346 1278
346 1279
345 346
345 1280
345 1281
344 345
344 1282
344 1283
343 344
343 1284
343 1285
342 343
342 1286
342 1287
341 342
341 1288
341 1289
340 341
340 1290
340 1291
339 340
339 1292
339 1293
338 339
338 1294
338 1295
337 338
337 1296
337 1297
336 337
336 1298
336 1299
335 336
335 1300
335 1301
334 335
334 1302
334 1303
333 334
333 1304
333 1305
332 333
332 1306
332 1307
331 332
331 1308
331 1309
330 331
330 1310
330 1311
329 330
329 1312
329 1313
328 329
328 1314
328 1315
327 328
327 1316
327 1317
326 327
326 1318
326 1319
325 326
325 1320
325 1321
324 325
324 1322
324 1323
323 324
323 1324
323 1325
322 323
322 1326
322 1327
321 322
321 1328
321 1329
320 321
320 1330
320 1331
319 320
319 1332
319 1333
318 319
318 1334
318 1335
317 318
317 1336
317 1337
316 317
316 1338
316 1339
315 316
315 1340
315 1341
314 315
314 1342
314 1343
313 314
313 1344
313 1345
312 313
312 1346
312 1347
311 312
311 1348
311 1349
310 311
310 1350
310 1351
309 310
309 1352
309 1353
308 309
308 1354
308 1355
307 308
307 1356
307 1357
306 307
306 1358
306 1359
305 306
305 1360
305 1361
304 305
304 1362
304 1363
303 304
303 1364
303 1365
302 303
302 1366
302 1367
301 302
301 1368
301 1369
300 301
300 1370
300 1371
299 300
299 1372
299 1373
298 299
298 1374
298 1375
297 298
297 1376
297 1377
296 297
296 1378
296 1379
295 296
295 1380
295 1381
294 295
294 1382
294 1383
293 294
293 1384
293 1385
292 293
292 1386
292 1387
291 292
291 1388
291 1389
290 291
290 1390
290 1391
289 290
289 1392
289 1393
288 289
288 1394
288 1395
287 288
287 1396
287 1397
286 287
286 1398
286 1399
285 286
285 1400
285 1401
284 285
284 1402
284 1403
283 284
283 1404
283 1405
282 283
282 1406
282 1407
281 282
281 1408
281 1409
280 281
280 1410
280 1411
279 280
279 1412
279 1413
278 279
278 1414
278 1415
277 278
277 1416
277 1417
276 277
276 1418
276 1419
275 276
275 1420
275 1421
274 275
274 1422
274 1423
273 274
273 1424
273 1425
272 273
272 1426
272 1427
271 272
271 1428
271 1429
270 271
270 1430
270 1431
269 270
269 1432
269 1433
268 269
268 1434
268 1435
267 268
267 1436
267 1437
266 267
266 1438
266 1439
265 266
265 1440
265 1441
264 265
264 1442
264 1443
263 264
263 1444
263 1445
262 263
262 1446
262 1447
261 262
261 1448
261 1449
260 261
260 1450
260 1451
259 260
259 1452
259 1453
258 259
258 1454
258 1455
257 258
257 1456
257 1457
256 257
256 1458
256 1459
255 256
255 1460
255 1461
254 255
254 1462
254 1463
253 254
253 1464
253 1465
252 253
252 1466
252 1467
251 252
251 1468
251 1469
250 251
250 1470
250 1471
249 250
249 1472
249 1473
248 249
248 1474
248 1475
247 248
247 1476
247 1477
246 247
246 1478
246 1479
245 246
245 1480
245 1481
244 245
244 1482
244 1483
243 244
243 1484
243 1485
242 243
242 1486
242 1487
241 242
241 1488
241 1489
240 241
240 1490
240 1491
239 240
239 1492
239 1493
238 239
238 1494
238 1495
237 238
237 1496
237 1497
236 237
236 1498
236 1499
235 236
235 1500
235 1501
234 235
234 1502
234 1503
233 234
233 1504
233 1505
232 233
232 1506
232 1507
231 232
231 1508
231 1509
230 231
230 1510
230 1511
229 230
229 1512
229 1513
228 229
228 1514
228 1515
227 228
227 1516
227 1517
226 227
226 1518
226 1519
225 226
225 1520
225 1521
224 225
224 1522
224 1523
223 224
223 1524
223 1525
222 223
222 1526
222 1527
221 222
221 1528
221 1529
220 221
220 1530
220 1531
219 220
219 1532
219 1533
218 219
218 1534
218 1535
217 218
217 1536
217 1537
216 217
216 1538
216 1539
215 216
215 1540
215 1541
214 215
214 1542
214 1543
213 214
213 1544
213 1545
212 213
212 1546
212 1547
211 212
211 1548
211 1549
210 211
210 1550
210 1551
209 210
209 1552
209 1553
208 209
208 1554
208 1555
207 208
207 1556
207 1557
206 207
206 1558
206 1559
205 206
205 1560
205 1561
204 205
204 1562
204 1563
203 204
203 1564
203 1565
202 203
202 1566
202 1567
201 202
201 1568
201 1569
200 201
200 1570
200 1571
199 200
199 1572
199 1573
198 199
198 1574
198 1575
197 198
197 1576
197 1577
196 197
196 1578
196 1579
195 196
195 1580
195 1581
194 195
194 1582
194 1583
193 194
193 1584
193 1585
192 193
192 1586
192 1587
191 192
191 1588
191 1589
190 191
190 1590
190 1591
189 190
189 1592
189 1593
188 189
188 1594
188 1595
187 188
187 1596
187 1597
186 187
186 1598
186 1599
185 186
185 1600
185 1601
184 185
184 1602
184 1603
183 184
183 1604
183 1605
182 183
182 1606
182 1607
181 182
181 1608
181 1609
180 181
180 1610
180 1611
179 180
179 1612
179 1613
178 179
178 1614
178 1615
177 178
177 1616
177 1617
176 177
176 1618
176 1619
175 176
175 1620
175 1621
174 175
174 1622
174 1623
173 174
173 1624
173 1625
172 173
172 1626
172 1627
171 172
171 1628
171 1629
170 171
170 1630
170 1631
169 170
169 1632
169 1633
168 169
168 1634
168 1635
167 168
167 1636
167 1637
166 167
166 1638
166 1639
165 166
165 1640
165 1641
164 165
164 1642
164 1643
163 164
163 1644
163 1645
162 163
162 1646
162 1647
161 162
161 1648
161 1649
160 161
160 1650
160 1651
159 160
159 1652
159 1653
158 159
158 1654
158 1655
157 158
157 1656
157 1657
156 157
156 1658
156 1659
155 156
155 1660
155 1661
154 155
154 1662
154 1663
153 154
153 1664
153 1665
152 153
152 1666
152 1667
151 152
151 1668
151 1669
150 151
150 1670
150 1671
149 150
149 1672
149 1673
148 149
148 1674
148 1675
147 148
147 1676
147 1677
146 147
146 1678
146 1679
145 146
145 1680
145 1681
144 145
144 1682
144 1683
143 144
143 1684
143 1685
142 143
142 1686
142 1687
141 142
141 1688
141 1689
140 141
140 1690
140 1691
139 140
139 1692
139 1693
138 139
138 1694
138 1695
137 138
137 1696
137 1697
136 137
136 1698
136 1699
135 136
135 1700
135 1701
134 135
134 1702
134 1703
133 134
133 1704
133 1705
132 133
132 1706
132 1707
131 132
131 1708
131 1709
130 131
130 1710
130 1711
129 130
129 1712
129 1713
128 129
128 1714
128 1715
127 128
127 1716
127 1717
126 127
126 1718
126 1719
125 126
125 1720
125 1721
124 125
124 1722
124 1723
123 124
123 1724
123 1725
122 123
122 1726
122 1727
121 122
121 1728
121 1729
120 121
120 1730
120 1731
119 120
119 1732
119 1733
118 119
118 1734
118 1735
117 118
117 1736
117 1737
116 117
116 1738
116 1739
115 116
115 1740
115 1741
114 115
114 1742
114 1743
113 114
113 1744
113 1745
112 113
112 1746
112 1747
111 112
111 1748
111 1749
110 111
110 1750
110 1751
109 110
109 1752
109 1753
108 109
108 1754
108 1755
107 108
107 1756
107 1757
106 107
106 1758
106 1759
105 106
105 1760
105 1761
104 105
104 1762
104 1763
103 104
103 1764
103 1765
102 103
102 1766
102 1767
101 102
101 1768
101 1769
100 101
100 1770
100 1771
99 100
99 1772
99 1773
98 99
98 1774
98 1775
97 98
97 1776
97 1777
96 97
96 1778
96 1779
95 96
95 1780
95 1781
94 95
94 1782
94 1783
93 94
93 1784
93 1785
92 93
92 1786
92 1787
91 92
91 1788
91 1789
90 91
90 1790
90 1791
89 90
89 1792
89 1793
88 89
88 1794
88 1795
87 88
87 1796
87 1797
86 87
86 1798
86 1799
85 86
85 1800
85 1801
84 85
84 1802
84 1803
83 84
83 1804
83 1805
82 83
82 1806
82 1807
81 82
81 1808
81 1809
80 81
80 1810
80 1811
79 80
79 1812
79 1813
78 79
78 1814
78 1815
77 78
77 1816
77 1817
76 77
76 1818
76 1819
75 76
75 1820
75 1821
74 75
74 1822
74 1823
73 74
73 1824
73 1825
72 73
72 1826
72 1827
71 72
71 1828
71 1829
70 71
70 1830
70 1831
69 70
69 1832
69 1833
68 69
68 1834
68 1835
67 68
67 1836
67 1837
66 67
66 1838
66 1839
65 66
65 1840
65 1841
64 65
64 1842
64 1843
63 64
63 1844
63 1845
62 63
62 1846
62 1847
61 62
61 1848
61 1849
60 61
60 1850
60 1851
59 60
59 1852
59 1853
58 59
58 1854
58 1855
57 58
57 1856
57 1857
56 57
56 1858
56 1859
55 56
55 1860
55 1861
54 55
54 1862
54 1863
53 54
53 1864
53 1865
52 53
52 1866
52 1867
51 52
51 1868
51 1869
50 51
50 1870
50 1871
49 50
49 1872
49 1873
48 49
48 1874
48 1875
47 48
47 1876
47 1877
46 47
46 1878
46 1879
45 46
45 1880
45 1881
44 45
44 1882
44 1883
43 44
43 1884
43 1885
42 43
42 1886
42 1887
41 42
41 1888
41 1889
40 41
40 1890
40 1891
39 40
39 1892
39 1893
38 39
38 1894
38 1895
37 38
37 1896
37 1897
36 37
36 1898
36 1899
35 36
35 1900
35 1901
34 35
34 1902
34 1903
33 34
33 1904
33 1905
32 33
32 1906
32 1907
31 32
31 1908
31 1909
30 31
30 1910
30 1911
29 30
29 1912
29 1913
28 29
28 1914
28 1915
27 28
27 1916
27 1917
26 27
26 1918
26 1919
25 26
25 1920
25 1921
24 25
24 1922
24 1923
23 24
23 1924
23 1925
22 23
22 1926
22 1927
21 22
21 1928
21 1929
20 21
20 1930
20 1931
19 20
19 1932
19 1933
18 19
18 1934
18 1935
17 18
17 1936
17 1937
16 17
16 1938
16 1939
15 16
15 1940
15 1941
14 15
14 1942
14 1943
13 14
13 1944
13 1945
12 13
12 1946
12 1947
11 12
11 1948
11 1949
10 11
10 1950
10 1951
9 10
9 1952
9 1953
8 9
8 1954
8 1955
7 8
7 1956
7 1957
6 7
6 1958
6 1959
5 6
5 1960
5 1961
4 5
4 1962
4 1963
3 4
3 1964
3 1965
2 3
1 2
1 1966
