2210 15935989
553 554
553 555
553 556
553 557
552 553
552 558
552 559
552 560
551 552
551 561
551 562
551 563
550 551
550 564
550 565
550 566
549 550
549 567
549 568
549 569
548 549
548 570
548 571
548 572
547 548
547 573
547 574
547 575
546 547
546 576
546 577
546 578
545 546
545 579
545 580
545 581
544 545
544 582
544 583
544 584
543 544
543 585
543 586
543 587
542 543
542 588
542 589
542 590
541 542
541 591
541 592
541 593
540 541
540 594
540 595
540 596
539 540
539 597
539 598
539 599
538 539
538 600
538 601
538 602
537 538
537 603
537 604
537 605
536 537
536 606
536 607
536 608
535 536
535 609
535 610
535 611
534 535
534 612
534 613
534 614
533 534
533 615
533 616
533 617
532 533
532 618
532 619
532 620
531 532
531 621
531 622
531 623
530 531
530 624
530 625
530 626
529 530
529 627
529 628
529 629
528 529
528 630
528 631
528 632
527 528
527 633
527 634
527 635
526 527
526 636
526 637
526 638
525 526
525 639
525 640
525 641
524 525
524 642
524 643
524 644
523 524
523 645
523 646
523 647
522 523
522 648
522 649
522 650
521 522
521 651
521 652
521 653
520 521
520 654
520 655
520 656
519 520
519 657
519 658
519 659
518 519
518 660
518 661
518 662
517 518
517 663
517 664
517 665
516 517
516 666
516 667
516 668
515 516
515 669
515 670
515 671
514 515
514 672
514 673
514 674
513 514
513 675
513 676
513 677
512 513
512 678
512 679
512 680
511 512
511 681
511 682
511 683
510 511
510 684
510 685
510 686
509 510
509 687
509 688
509 689
508 509
508 690
508 691
508 692
507 508
507 693
507 694
507 695
506 507
506 696
506 697
506 698
505 506
505 699
505 700
505 701
504 505
504 702
504 703
504 704
503 504
503 705
503 706
503 707
502 503
502 708
502 709
502 710
501 502
501 711
501 712
501 713
500 501
500 714
500 715
500 716
499 500
499 717
499 718
499 719
498 499
498 720
498 721
498 722
497 498
497 723
497 724
497 725
496 497
496 726
496 727
496 728
495 496
495 729
495 730
495 731
494 495
494 732
494 733
494 734
493 494
493 735
493 736
493 737
492 493
492 738
492 739
492 740
491 492
491 741
491 742
491 743
490 491
490 744
490 745
490 746
489 490
489 747
489 748
489 749
488 489
488 750
488 751
488 752
487 488
487 753
487 754
487 755
486 487
486 756
486 757
486 758
485 486
485 759
485 760
485 761
484 485
484 762
484 763
484 764
483 484
483 765
483 766
483 767
482 483
482 768
482 769
482 770
481 482
481 771
481 772
481 773
480 481
480 774
480 775
480 776
479 480
479 777
479 778
479 779
478 479
478 780
478 781
478 782
477 478
477 783
477 784
477 785
476 477
476 786
476 787
476 788
475 476
475 789
475 790
475 791
474 475
474 792
474 793
474 794
473 474
473 795
473 796
473 797
472 473
472 798
472 799
472 800
471 472
471 801
471 802
471 803
470 471
470 804
470 805
470 806
469 470
469 807
469 808
469 809
468 469
468 810
468 811
468 812
467 468
467 813
467 814
467 815
466 467
466 816
466 817
466 818
465 466
465 819
465 820
465 821
464 465
464 822
464 823
464 824
463 464
463 825
463 826
463 827
462 463
462 828
462 829
462 830
461 462
461 831
461 832
461 833
460 461
460 834
460 835
460 836
459 460
459 837
459 838
459 839
458 459
458 840
458 841
458 842
457 458
457 843
457 844
457 845
456 457
456 846
456 847
456 848
455 456
455 849
455 850
455 851
454 455
454 852
454 853
454 854
453 454
453 855
453 856
453 857
452 453
452 858
452 859
452 860
451 452
451 861
451 862
451 863
450 451
450 864
450 865
450 866
449 450
449 867
449 868
449 869
448 449
448 870
448 871
448 872
447 448
447 873
447 874
447 875
446 447
446 876
446 877
446 878
445 446
445 879
445 880
445 881
444 445
444 882
444 883
444 884
443 444
443 885
443 886
443 887
442 443
442 888
442 889
442 890
441 442
441 891
441 892
441 893
440 441
440 894
440 895
440 896
439 440
439 897
439 898
439 899
438 439
438 900
438 901
438 902
437 438
437 903
437 904
437 905
436 437
436 906
436 907
436 908
435 436
435 909
435 910
435 911
434 435
434 912
434 913
434 914
433 434
433 915
433 916
433 917
432 433
432 918
432 919
432 920
431 432
431 921
431 922
431 923
430 431
430 924
430 925
430 926
429 430
429 927
429 928
429 929
428 429
428 930
428 931
428 932
427 428
427 933
427 934
427 935
426 427
426 936
426 937
426 938
425 426
425 939
425 940
425 941
424 425
424 942
424 943
424 944
423 424
423 945
423 946
423 947
422 423
422 948
422 949
422 950
421 422
421 951
421 952
421 953
420 421
420 954
420 955
420 956
419 420
419 957
419 958
419 959
418 419
418 960
418 961
418 962
417 418
417 963
417 964
417 965
416 417
416 966
416 967
416 968
415 416
415 969
415 970
415 971
414 415
414 972
414 973
414 974
413 414
413 975
413 976
413 977
412 413
412 978
412 979
412 980
411 412
411 981
411 982
411 983
410 411
410 984
410 985
410 986
409 410
409 987
409 988
409 989
408 409
408 990
408 991
408 992
407 408
407 993
407 994
407 995
406 407
406 996
406 997
406 998
405 406
405 999
405 1000
405 1001
404 405
404 1002
404 1003
404 1004
403 404
403 1005
403 1006
403 1007
402 403
402 1008
402 1009
402 1010
401 402
401 1011
401 1012
401 1013
400 401
400 1014
400 1015
400 1016
399 400
399 1017
399 1018
399 1019
398 399
398 1020
398 1021
398 1022
397 398
397 1023
397 1024
397 1025
396 397
396 1026
396 1027
396 1028
395 396
395 1029
395 1030
395 1031
394 395
394 1032
394 1033
394 1034
393 394
393 1035
393 1036
393 1037
392 393
392 1038
392 1039
392 1040
391 392
391 1041
391 1042
391 1043
390 391
390 1044
390 1045
390 1046
389 390
389 1047
389 1048
389 1049
388 389
388 1050
388 1051
388 1052
387 388
387 1053
387 1054
387 1055
386 387
386 1056
386 1057
386 1058
385 386
385 1059
385 1060
385 1061
384 385
384 1062
384 1063
384 1064
383 384
383 1065
383 1066
383 1067
382 383
382 1068
382 1069
382 1070
381 382
381 1071
381 1072
381 1073
380 381
380 1074
380 1075
380 1076
379 380
379 1077
379 1078
379 1079
378 379
378 1080
378 1081
378 1082
377 378
377 1083
377 1084
377 1085
376 377
376 1086
376 1087
376 1088
375 376
375 1089
375 1090
375 1091
374 375
374 1092
374 1093
374 1094
373 374
373 1095
373 1096
373 1097
372 373
372 1098
372 1099
372 1100
371 372
371 1101
371 1102
371 1103
370 371
370 1104
370 1105
370 1106
369 370
369 1107
369 1108
369 1109
368 369
368 1110
368 1111
368 1112
367 368
367 1113
367 1114
367 1115
366 367
366 1116
366 1117
366 1118
365 366
365 1119
365 1120
365 1121
364 365
364 1122
364 1123
364 1124
363 364
363 1125
363 1126
363 1127
362 363
362 1128
362 1129
362 1130
361 362
361 1131
361 1132
361 1133
360 361
360 1134
360 1135
360 1136
359 360
359 1137
359 1138
359 1139
358 359
358 1140
358 1141
358 1142
357 358
357 1143
357 1144
357 1145
356 357
356 1146
356 1147
356 1148
355 356
355 1149
355 1150
355 1151
354 355
354 1152
354 1153
354 1154
353 354
353 1155
353 1156
353 1157
352 353
352 1158
352 1159
352 1160
351 352
351 1161
351 1162
351 1163
350 351
350 1164
350 1165
350 1166
349 350
349 1167
349 1168
349 1169
348 349
348 1170
348 1171
348 1172
347 348
347 1173
347 1174
347 1175
346 347
346 1176
346 1177
346 1178
345 346
345 1179
345 1180
345 1181
344 345
344 1182
344 1183
344 1184
343 344
343 1185
343 1186
343 1187
342 343
342 1188
342 1189
342 1190
341 342
341 1191
341 1192
341 1193
340 341
340 1194
340 1195
340 1196
339 340
339 1197
339 1198
339 1199
338 339
338 1200
338 1201
338 1202
337 338
337 1203
337 1204
337 1205
336 337
336 1206
336 1207
336 1208
335 336
335 1209
335 1210
335 1211
334 335
334 1212
334 1213
334 1214
333 334
333 1215
333 1216
333 1217
332 333
332 1218
332 1219
332 1220
331 332
331 1221
331 1222
331 1223
330 331
330 1224
330 1225
330 1226
329 330
329 1227
329 1228
329 1229
328 329
328 1230
328 1231
328 1232
327 328
327 1233
327 1234
327 1235
326 327
326 1236
326 1237
326 1238
325 326
325 1239
325 1240
325 1241
324 325
324 1242
324 1243
324 1244
323 324
323 1245
323 1246
323 1247
322 323
322 1248
322 1249
322 1250
321 322
321 1251
321 1252
321 1253
320 321
320 1254
320 1255
320 1256
319 320
319 1257
319 1258
319 1259
318 319
318 1260
318 1261
318 1262
317 318
317 1263
317 1264
317 1265
316 317
316 1266
316 1267
316 1268
315 316
315 1269
315 1270
315 1271
314 315
314 1272
314 1273
314 1274
313 314
313 1275
313 1276
313 1277
312 313
312 1278
312 1279
312 1280
311 312
311 1281
311 1282
311 1283
310 311
310 1284
310 1285
310 1286
309 310
309 1287
309 1288
309 1289
308 309
308 1290
308 1291
308 1292
307 308
307 1293
307 1294
307 1295
306 307
306 1296
306 1297
306 1298
305 306
305 1299
305 1300
305 1301
304 305
304 1302
304 1303
304 1304
303 304
303 1305
303 1306
303 1307
302 303
302 1308
302 1309
302 1310
301 302
301 1311
301 1312
301 1313
300 301
300 1314
300 1315
300 1316
299 300
299 1317
299 1318
299 1319
298 299
298 1320
298 1321
298 1322
297 298
297 1323
297 1324
297 1325
296 297
296 1326
296 1327
296 1328
295 296
295 1329
295 1330
295 1331
294 295
294 1332
294 1333
294 1334
293 294
293 1335
293 1336
293 1337
292 293
292 1338
292 1339
292 1340
291 292
291 1341
291 1342
291 1343
290 291
290 1344
290 1345
290 1346
289 290
289 1347
289 1348
289 1349
288 289
288 1350
288 1351
288 1352
287 288
287 1353
287 1354
287 1355
286 287
286 1356
286 1357
286 1358
285 286
285 1359
285 1360
285 1361
284 285
284 1362
284 1363
284 1364
283 284
283 1365
283 1366
283 1367
282 283
282 1368
282 1369
282 1370
281 282
281 1371
281 1372
281 1373
280 281
280 1374
280 1375
280 1376
279 280
279 1377
279 1378
279 1379
278 279
278 1380
278 1381
278 1382
277 278
277 1383
277 1384
277 1385
276 277
276 1386
276 1387
276 1388
275 276
275 1389
275 1390
275 1391
274 275
274 1392
274 1393
274 1394
273 274
273 1395
273 1396
273 1397
272 273
272 1398
272 1399
272 1400
271 272
271 1401
271 1402
271 1403
270 271
270 1404
270 1405
270 1406
269 270
269 1407
269 1408
269 1409
268 269
268 1410
268 1411
268 1412
267 268
267 1413
267 1414
267 1415
266 267
266 1416
266 1417
266 1418
265 266
265 1419
265 1420
265 1421
264 265
264 1422
264 1423
264 1424
263 264
263 1425
263 1426
263 1427
262 263
262 1428
262 1429
262 1430
261 262
261 1431
261 1432
261 1433
260 261
260 1434
260 1435
260 1436
259 260
259 1437
259 1438
259 1439
258 259
258 1440
258 1441
258 1442
257 258
257 1443
257 1444
257 1445
256 257
256 1446
256 1447
256 1448
255 256
255 1449
255 1450
255 1451
254 255
254 1452
254 1453
254 1454
253 254
253 1455
253 1456
253 1457
252 253
252 1458
252 1459
252 1460
251 252
251 1461
251 1462
251 1463
250 251
250 1464
250 1465
250 1466
249 250
249 1467
249 1468
249 1469
248 249
248 1470
248 1471
248 1472
247 248
247 1473
247 1474
247 1475
246 247
246 1476
246 1477
246 1478
245 246
245 1479
245 1480
245 1481
244 245
244 1482
244 1483
244 1484
243 244
243 1485
243 1486
243 1487
242 243
242 1488
242 1489
242 1490
241 242
241 1491
241 1492
241 1493
240 241
240 1494
240 1495
240 1496
239 240
239 1497
239 1498
239 1499
238 239
238 1500
238 1501
238 1502
237 238
237 1503
237 1504
237 1505
236 237
236 1506
236 1507
236 1508
235 236
235 1509
235 1510
235 1511
234 235
234 1512
234 1513
234 1514
233 234
233 1515
233 1516
233 1517
232 233
232 1518
232 1519
232 1520
231 232
231 1521
231 1522
231 1523
230 231
230 1524
230 1525
230 1526
229 230
229 1527
229 1528
229 1529
228 229
228 1530
228 1531
228 1532
227 228
227 1533
227 1534
227 1535
226 227
226 1536
226 1537
226 1538
225 226
225 1539
225 1540
225 1541
224 225
224 1542
224 1543
224 1544
223 224
223 1545
223 1546
223 1547
222 223
222 1548
222 1549
222 1550
221 222
221 1551
221 1552
221 1553
220 221
220 1554
220 1555
220 1556
219 220
219 1557
219 1558
219 1559
218 219
218 1560
218 1561
218 1562
217 218
217 1563
217 1564
217 1565
216 217
216 1566
216 1567
216 1568
215 216
215 1569
215 1570
215 1571
214 215
214 1572
214 1573
214 1574
213 214
213 1575
213 1576
213 1577
212 213
212 1578
212 1579
212 1580
211 212
211 1581
211 1582
211 1583
210 211
210 1584
210 1585
210 1586
209 210
209 1587
209 1588
209 1589
208 209
208 1590
208 1591
208 1592
207 208
207 1593
207 1594
207 1595
206 207
206 1596
206 1597
206 1598
205 206
205 1599
205 1600
205 1601
204 205
204 1602
204 1603
204 1604
203 204
203 1605
203 1606
203 1607
202 203
202 1608
202 1609
202 1610
201 202
201 1611
201 1612
201 1613
200 201
200 1614
200 1615
200 1616
199 200
199 1617
199 1618
199 1619
198 199
198 1620
198 1621
198 1622
197 198
197 1623
197 1624
197 1625
196 197
196 1626
196 1627
196 1628
195 196
195 1629
195 1630
195 1631
194 195
194 1632
194 1633
194 1634
193 194
193 1635
193 1636
193 1637
192 193
192 1638
192 1639
192 1640
191 192
191 1641
191 1642
191 1643
190 191
190 1644
190 1645
190 1646
189 190
189 1647
189 1648
189 1649
188 189
188 1650
188 1651
188 1652
187 188
187 1653
187 1654
187 1655
186 187
186 1656
186 1657
186 1658
185 186
185 1659
185 1660
185 1661
184 185
184 1662
184 1663
184 1664
183 184
183 1665
183 1666
183 1667
182 183
182 1668
182 1669
182 1670
181 182
181 1671
181 1672
181 1673
180 181
180 1674
180 1675
180 1676
179 180
179 1677
179 1678
179 1679
178 179
178 1680
178 1681
178 1682
177 178
177 1683
177 1684
177 1685
176 177
176 1686
176 1687
176 1688
175 176
175 1689
175 1690
175 1691
174 175
174 1692
174 1693
174 1694
173 174
173 1695
173 1696
173 1697
172 173
172 1698
172 1699
172 1700
171 172
171 1701
171 1702
171 1703
170 171
170 1704
170 1705
170 1706
169 170
169 1707
169 1708
169 1709
168 169
168 1710
168 1711
168 1712
167 168
167 1713
167 1714
167 1715
166 167
166 1716
166 1717
166 1718
165 166
165 1719
165 1720
165 1721
164 165
164 1722
164 1723
164 1724
163 164
163 1725
163 1726
163 1727
162 163
162 1728
162 1729
162 1730
161 162
161 1731
161 1732
161 1733
160 161
160 1734
160 1735
160 1736
159 160
159 1737
159 1738
159 1739
158 159
158 1740
158 1741
158 1742
157 158
157 1743
157 1744
157 1745
156 157
156 1746
156 1747
156 1748
155 156
155 1749
155 1750
155 1751
154 155
154 1752
154 1753
154 1754
153 154
153 1755
153 1756
153 1757
152 153
152 1758
152 1759
152 1760
151 152
151 1761
151 1762
151 1763
150 151
150 1764
150 1765
150 1766
149 150
149 1767
149 1768
149 1769
148 149
148 1770
148 1771
148 1772
147 148
147 1773
147 1774
147 1775
146 147
146 1776
146 1777
146 1778
145 146
145 1779
145 1780
145 1781
144 145
144 1782
144 1783
144 1784
143 144
143 1785
143 1786
143 1787
142 143
142 1788
142 1789
142 1790
141 142
141 1791
141 1792
141 1793
140 141
140 1794
140 1795
140 1796
139 140
139 1797
139 1798
139 1799
138 139
138 1800
138 1801
138 1802
137 138
137 1803
137 1804
137 1805
136 137
136 1806
136 1807
136 1808
135 136
135 1809
135 1810
135 1811
134 135
134 1812
134 1813
134 1814
133 134
133 1815
133 1816
133 1817
132 133
132 1818
132 1819
132 1820
131 132
131 1821
131 1822
131 1823
130 131
130 1824
130 1825
130 1826
129 130
129 1827
129 1828
129 1829
128 129
128 1830
128 1831
128 1832
127 128
127 1833
127 1834
127 1835
126 127
126 1836
126 1837
126 1838
125 126
125 1839
125 1840
125 1841
124 125
124 1842
124 1843
124 1844
123 124
123 1845
123 1846
123 1847
122 123
122 1848
122 1849
122 1850
121 122
121 1851
121 1852
121 1853
120 121
120 1854
120 1855
120 1856
119 120
119 1857
119 1858
119 1859
118 119
118 1860
118 1861
118 1862
117 118
117 1863
117 1864
117 1865
116 117
116 1866
116 1867
116 1868
115 116
115 1869
115 1870
115 1871
114 115
114 1872
114 1873
114 1874
113 114
113 1875
113 1876
113 1877
112 113
112 1878
112 1879
112 1880
111 112
111 1881
111 1882
111 1883
110 111
110 1884
110 1885
110 1886
109 110
109 1887
109 1888
109 1889
108 109
108 1890
108 1891
108 1892
107 108
107 1893
107 1894
107 1895
106 107
106 1896
106 1897
106 1898
105 106
105 1899
105 1900
105 1901
104 105
104 1902
104 1903
104 1904
103 104
103 1905
103 1906
103 1907
102 103
102 1908
102 1909
102 1910
101 102
101 1911
101 1912
101 1913
100 101
100 1914
100 1915
100 1916
99 100
99 1917
99 1918
99 1919
98 99
98 1920
98 1921
98 1922
97 98
97 1923
97 1924
97 1925
96 97
96 1926
96 1927
96 1928
95 96
95 1929
95 1930
95 1931
94 95
94 1932
94 1933
94 1934
93 94
93 1935
93 1936
93 1937
92 93
92 1938
92 1939
92 1940
91 92
91 1941
91 1942
91 1943
90 91
90 1944
90 1945
90 1946
89 90
89 1947
89 1948
89 1949
88 89
88 1950
88 1951
88 1952
87 88
87 1953
87 1954
87 1955
86 87
86 1956
86 1957
86 1958
85 86
85 1959
85 1960
85 1961
84 85
84 1962
84 1963
84 1964
83 84
83 1965
83 1966
83 1967
82 83
82 1968
82 1969
82 1970
81 82
81 1971
81 1972
81 1973
80 81
80 1974
80 1975
80 1976
79 80
79 1977
79 1978
79 1979
78 79
78 1980
78 1981
78 1982
77 78
77 1983
77 1984
77 1985
76 77
76 1986
76 1987
76 1988
75 76
75 1989
75 1990
75 1991
74 75
74 1992
74 1993
74 1994
73 74
73 1995
73 1996
73 1997
72 73
72 1998
72 1999
72 2000
71 72
71 2001
71 2002
71 2003
70 71
70 2004
70 2005
70 2006
69 70
69 2007
69 2008
69 2009
68 69
68 2010
68 2011
68 2012
67 68
67 2013
67 2014
67 2015
66 67
66 2016
66 2017
66 2018
65 66
65 2019
65 2020
65 2021
64 65
64 2022
64 2023
64 2024
63 64
63 2025
63 2026
63 2027
62 63
62 2028
62 2029
62 2030
61 62
61 2031
61 2032
61 2033
60 61
60 2034
60 2035
60 2036
59 60
59 2037
59 2038
59 2039
58 59
58 2040
58 2041
58 2042
57 58
57 2043
57 2044
57 2045
56 57
56 2046
56 2047
56 2048
55 56
55 2049
55 2050
55 2051
54 55
54 2052
54 2053
54 2054
53 54
53 2055
53 2056
53 2057
52 53
52 2058
52 2059
52 2060
51 52
51 2061
51 2062
51 2063
50 51
50 2064
50 2065
50 2066
49 50
49 2067
49 2068
49 2069
48 49
48 2070
48 2071
48 2072
47 48
47 2073
47 2074
47 2075
46 47
46 2076
46 2077
46 2078
45 46
45 2079
45 2080
45 2081
44 45
44 2082
44 2083
44 2084
43 44
43 2085
43 2086
43 2087
42 43
42 2088
42 2089
42 2090
41 42
41 2091
41 2092
41 2093
40 41
40 2094
40 2095
40 2096
39 40
39 2097
39 2098
39 2099
38 39
38 2100
38 2101
38 2102
37 38
37 2103
37 2104
37 2105
36 37
36 2106
36 2107
36 2108
35 36
35 2109
35 2110
35 2111
34 35
34 2112
34 2113
34 2114
33 34
33 2115
33 2116
33 2117
32 33
32 2118
32 2119
32 2120
31 32
31 2121
31 2122
31 2123
30 31
30 2124
30 2125
30 2126
29 30
29 2127
29 2128
29 2129
28 29
28 2130
28 2131
28 2132
27 28
27 2133
27 2134
27 2135
26 27
26 2136
26 2137
26 2138
25 26
25 2139
25 2140
25 2141
24 25
24 2142
24 2143
24 2144
23 24
23 2145
23 2146
23 2147
22 23
22 2148
22 2149
22 2150
21 22
21 2151
21 2152
21 2153
20 21
20 2154
20 2155
20 2156
19 20
19 2157
19 2158
19 2159
18 19
18 2160
18 2161
18 2162
17 18
17 2163
17 2164
17 2165
16 17
16 2166
16 2167
16 2168
15 16
15 2169
15 2170
15 2171
14 15
14 2172
14 2173
14 2174
13 14
13 2175
13 2176
13 2177
12 13
12 2178
12 2179
12 2180
11 12
11 2181
11 2182
11 2183
10 11
10 2184
10 2185
10 2186
9 10
9 2187
9 2188
9 2189
8 9
8 2190
8 2191
8 2192
7 8
7 2193
7 2194
7 2195
6 7
6 2196
6 2197
6 2198
5 6
5 2199
5 2200
5 2201
4 5
4 2202
4 2203
4 2204
3 4
3 2205
3 2206
3 2207
2 3
2 2208
2 2209
2 2210
1 2
1 2211
