2186 21094741
1093 1094
1093 1095
1092 1093
1092 1096
1091 1092
1091 1097
1090 1091
1090 1098
1089 1090
1089 1099
1088 1089
1088 1100
1087 1088
1087 1101
1086 1087
1086 1102
1085 1086
1085 1103
1084 1085
1084 1104
1083 1084
1083 1105
1082 1083
1082 1106
1081 1082
1081 1107
1080 1081
1080 1108
1079 1080
1079 1109
1078 1079
1078 1110
1077 1078
1077 1111
1076 1077
1076 1112
1075 1076
1075 1113
1074 1075
1074 1114
1073 1074
1073 1115
1072 1073
1072 1116
1071 1072
1071 1117
1070 1071
1070 1118
1069 1070
1069 1119
1068 1069
1068 1120
1067 1068
1067 1121
1066 1067
1066 1122
1065 1066
1065 1123
1064 1065
1064 1124
1063 1064
1063 1125
1062 1063
1062 1126
1061 1062
1061 1127
1060 1061
1060 1128
1059 1060
1059 1129
1058 1059
1058 1130
1057 1058
1057 1131
1056 1057
1056 1132
1055 1056
1055 1133
1054 1055
1054 1134
1053 1054
1053 1135
1052 1053
1052 1136
1051 1052
1051 1137
1050 1051
1050 1138
1049 1050
1049 1139
1048 1049
1048 1140
1047 1048
1047 1141
1046 1047
1046 1142
1045 1046
1045 1143
1044 1045
1044 1144
1043 1044
1043 1145
1042 1043
1042 1146
1041 1042
1041 1147
1040 1041
1040 1148
1039 1040
1039 1149
1038 1039
1038 1150
1037 1038
1037 1151
1036 1037
1036 1152
1035 1036
1035 1153
1034 1035
1034 1154
1033 1034
1033 1155
1032 1033
1032 1156
1031 1032
1031 1157
1030 1031
1030 1158
1029 1030
1029 1159
1028 1029
1028 1160
1027 1028
1027 1161
1026 1027
1026 1162
1025 1026
1025 1163
1024 1025
1024 1164
1023 1024
1023 1165
1022 1023
1022 1166
1021 1022
1021 1167
1020 1021
1020 1168
1019 1020
1019 1169
1018 1019
1018 1170
1017 1018
1017 1171
1016 1017
1016 1172
1015 1016
1015 1173
1014 1015
1014 1174
1013 1014
1013 1175
1012 1013
1012 1176
1011 1012
1011 1177
1010 1011
1010 1178
1009 1010
1009 1179
1008 1009
1008 1180
1007 1008
1007 1181
1006 1007
1006 1182
1005 1006
1005 1183
1004 1005
1004 1184
1003 1004
1003 1185
1002 1003
1002 1186
1001 1002
1001 1187
1000 1001
1000 1188
999 1000
999 1189
998 999
998 1190
997 998
997 1191
996 997
996 1192
995 996
995 1193
994 995
994 1194
993 994
993 1195
992 993
992 1196
991 992
991 1197
990 991
990 1198
989 990
989 1199
988 989
988 1200
987 988
987 1201
986 987
986 1202
985 986
985 1203
984 985
984 1204
983 984
983 1205
982 983
982 1206
981 982
981 1207
980 981
980 1208
979 980
979 1209
978 979
978 1210
977 978
977 1211
976 977
976 1212
975 976
975 1213
974 975
974 1214
973 974
973 1215
972 973
972 1216
971 972
971 1217
970 971
970 1218
969 970
969 1219
968 969
968 1220
967 968
967 1221
966 967
966 1222
965 966
965 1223
964 965
964 1224
963 964
963 1225
962 963
962 1226
961 962
961 1227
960 961
960 1228
959 960
959 1229
958 959
958 1230
957 958
957 1231
956 957
956 1232
955 956
955 1233
954 955
954 1234
953 954
953 1235
952 953
952 1236
951 952
951 1237
950 951
950 1238
949 950
949 1239
948 949
948 1240
947 948
947 1241
946 947
946 1242
945 946
945 1243
944 945
944 1244
943 944
943 1245
942 943
942 1246
941 942
941 1247
940 941
940 1248
939 940
939 1249
938 939
938 1250
937 938
937 1251
936 937
936 1252
935 936
935 1253
934 935
934 1254
933 934
933 1255
932 933
932 1256
931 932
931 1257
930 931
930 1258
929 930
929 1259
928 929
928 1260
927 928
927 1261
926 927
926 1262
925 926
925 1263
924 925
924 1264
923 924
923 1265
922 923
922 1266
921 922
921 1267
920 921
920 1268
919 920
919 1269
918 919
918 1270
917 918
917 1271
916 917
916 1272
915 916
915 1273
914 915
914 1274
913 914
913 1275
912 913
912 1276
911 912
911 1277
910 911
910 1278
909 910
909 1279
908 909
908 1280
907 908
907 1281
906 907
906 1282
905 906
905 1283
904 905
904 1284
903 904
903 1285
902 903
902 1286
901 902
901 1287
900 901
900 1288
899 900
899 1289
898 899
898 1290
897 898
897 1291
896 897
896 1292
895 896
895 1293
894 895
894 1294
893 894
893 1295
892 893
892 1296
891 892
891 1297
890 891
890 1298
889 890
889 1299
888 889
888 1300
887 888
887 1301
886 887
886 1302
885 886
885 1303
884 885
884 1304
883 884
883 1305
882 883
882 1306
881 882
881 1307
880 881
880 1308
879 880
879 1309
878 879
878 1310
877 878
877 1311
876 877
876 1312
875 876
875 1313
874 875
874 1314
873 874
873 1315
872 873
872 1316
871 872
871 1317
870 871
870 1318
869 870
869 1319
868 869
868 1320
867 868
867 1321
866 867
866 1322
865 866
865 1323
864 865
864 1324
863 864
863 1325
862 863
862 1326
861 862
861 1327
860 861
860 1328
859 860
859 1329
858 859
858 1330
857 858
857 1331
856 857
856 1332
855 856
855 1333
854 855
854 1334
853 854
853 1335
852 853
852 1336
851 852
851 1337
850 851
850 1338
849 850
849 1339
848 849
848 1340
847 848
847 1341
846 847
846 1342
845 846
845 1343
844 845
844 1344
843 844
843 1345
842 843
842 1346
841 842
841 1347
840 841
840 1348
839 840
839 1349
838 839
838 1350
837 838
837 1351
836 837
836 1352
835 836
835 1353
834 835
834 1354
833 834
833 1355
832 833
832 1356
831 832
831 1357
830 831
830 1358
829 830
829 1359
828 829
828 1360
827 828
827 1361
826 827
826 1362
825 826
825 1363
824 825
824 1364
823 824
823 1365
822 823
822 1366
821 822
821 1367
820 821
820 1368
819 820
819 1369
818 819
818 1370
817 818
817 1371
816 817
816 1372
815 816
815 1373
814 815
814 1374
813 814
813 1375
812 813
812 1376
811 812
811 1377
810 811
810 1378
809 810
809 1379
808 809
808 1380
807 808
807 1381
806 807
806 1382
805 806
805 1383
804 805
804 1384
803 804
803 1385
802 803
802 1386
801 802
801 1387
800 801
800 1388
799 800
799 1389
798 799
798 1390
797 798
797 1391
796 797
796 1392
795 796
795 1393
794 795
794 1394
793 794
793 1395
792 793
792 1396
791 792
791 1397
790 791
790 1398
789 790
789 1399
788 789
788 1400
787 788
787 1401
786 787
786 1402
785 786
785 1403
784 785
784 1404
783 784
783 1405
782 783
782 1406
781 782
781 1407
780 781
780 1408
779 780
779 1409
778 779
778 1410
777 778
777 1411
776 777
776 1412
775 776
775 1413
774 775
774 1414
773 774
773 1415
772 773
772 1416
771 772
771 1417
770 771
770 1418
769 770
769 1419
768 769
768 1420
767 768
767 1421
766 767
766 1422
765 766
765 1423
764 765
764 1424
763 764
763 1425
762 763
762 1426
761 762
761 1427
760 761
760 1428
759 760
759 1429
758 759
758 1430
757 758
757 1431
756 757
756 1432
755 756
755 1433
754 755
754 1434
753 754
753 1435
752 753
752 1436
751 752
751 1437
750 751
750 1438
749 750
749 1439
748 749
748 1440
747 748
747 1441
746 747
746 1442
745 746
745 1443
744 745
744 1444
743 744
743 1445
742 743
742 1446
741 742
741 1447
740 741
740 1448
739 740
739 1449
738 739
738 1450
737 738
737 1451
736 737
736 1452
735 736
735 1453
734 735
734 1454
733 734
733 1455
732 733
732 1456
731 732
731 1457
730 731
730 1458
729 730
729 1459
728 729
728 1460
727 728
727 1461
726 727
726 1462
725 726
725 1463
724 725
724 1464
723 724
723 1465
722 723
722 1466
721 722
721 1467
720 721
720 1468
719 720
719 1469
718 719
718 1470
717 718
717 1471
716 717
716 1472
715 716
715 1473
714 715
714 1474
713 714
713 1475
712 713
712 1476
711 712
711 1477
710 711
710 1478
709 710
709 1479
708 709
708 1480
707 708
707 1481
706 707
706 1482
705 706
705 1483
704 705
704 1484
703 704
703 1485
702 703
702 1486
701 702
701 1487
700 701
700 1488
699 700
699 1489
698 699
698 1490
697 698
697 1491
696 697
696 1492
695 696
695 1493
694 695
694 1494
693 694
693 1495
692 693
692 1496
691 692
691 1497
690 691
690 1498
689 690
689 1499
688 689
688 1500
687 688
687 1501
686 687
686 1502
685 686
685 1503
684 685
684 1504
683 684
683 1505
682 683
682 1506
681 682
681 1507
680 681
680 1508
679 680
679 1509
678 679
678 1510
677 678
677 1511
676 677
676 1512
675 676
675 1513
674 675
674 1514
673 674
673 1515
672 673
672 1516
671 672
671 1517
670 671
670 1518
669 670
669 1519
668 669
668 1520
667 668
667 1521
666 667
666 1522
665 666
665 1523
664 665
664 1524
663 664
663 1525
662 663
662 1526
661 662
661 1527
660 661
660 1528
659 660
659 1529
658 659
658 1530
657 658
657 1531
656 657
656 1532
655 656
655 1533
654 655
654 1534
653 654
653 1535
652 653
652 1536
651 652
651 1537
650 651
650 1538
649 650
649 1539
648 649
648 1540
647 648
647 1541
646 647
646 1542
645 646
645 1543
644 645
644 1544
643 644
643 1545
642 643
642 1546
641 642
641 1547
640 641
640 1548
639 640
639 1549
638 639
638 1550
637 638
637 1551
636 637
636 1552
635 636
635 1553
634 635
634 1554
633 634
633 1555
632 633
632 1556
631 632
631 1557
630 631
630 1558
629 630
629 1559
628 629
628 1560
627 628
627 1561
626 627
626 1562
625 626
625 1563
624 625
624 1564
623 624
623 1565
622 623
622 1566
621 622
621 1567
620 621
620 1568
619 620
619 1569
618 619
618 1570
617 618
617 1571
616 617
616 1572
615 616
615 1573
614 615
614 1574
613 614
613 1575
612 613
612 1576
611 612
611 1577
610 611
610 1578
609 610
609 1579
608 609
608 1580
607 608
607 1581
606 607
606 1582
605 606
605 1583
604 605
604 1584
603 604
603 1585
602 603
602 1586
601 602
601 1587
600 601
600 1588
599 600
599 1589
598 599
598 1590
597 598
597 1591
596 597
596 1592
595 596
595 1593
594 595
594 1594
593 594
593 1595
592 593
592 1596
591 592
591 1597
590 591
590 1598
589 590
589 1599
588 589
588 1600
587 588
587 1601
586 587
586 1602
585 586
585 1603
584 585
584 1604
583 584
583 1605
582 583
582 1606
581 582
581 1607
580 581
580 1608
579 580
579 1609
578 579
578 1610
577 578
577 1611
576 577
576 1612
575 576
575 1613
574 575
574 1614
573 574
573 1615
572 573
572 1616
571 572
571 1617
570 571
570 1618
569 570
569 1619
568 569
568 1620
567 568
567 1621
566 567
566 1622
565 566
565 1623
564 565
564 1624
563 564
563 1625
562 563
562 1626
561 562
561 1627
560 561
560 1628
559 560
559 1629
558 559
558 1630
557 558
557 1631
556 557
556 1632
555 556
555 1633
554 555
554 1634
553 554
553 1635
552 553
552 1636
551 552
551 1637
550 551
550 1638
549 550
549 1639
548 549
548 1640
547 548
547 1641
546 547
546 1642
545 546
545 1643
544 545
544 1644
543 544
543 1645
542 543
542 1646
541 542
541 1647
540 541
540 1648
539 540
539 1649
538 539
538 1650
537 538
537 1651
536 537
536 1652
535 536
535 1653
534 535
534 1654
533 534
533 1655
532 533
532 1656
531 532
531 1657
530 531
530 1658
529 530
529 1659
528 529
528 1660
527 528
527 1661
526 527
526 1662
525 526
525 1663
524 525
524 1664
523 524
523 1665
522 523
522 1666
521 522
521 1667
520 521
520 1668
519 520
519 1669
518 519
518 1670
517 518
517 1671
516 517
516 1672
515 516
515 1673
514 515
514 1674
513 514
513 1675
512 513
512 1676
511 512
511 1677
510 511
510 1678
509 510
509 1679
508 509
508 1680
507 508
507 1681
506 507
506 1682
505 506
505 1683
504 505
504 1684
503 504
503 1685
502 503
502 1686
501 502
501 1687
500 501
500 1688
499 500
499 1689
498 499
498 1690
497 498
497 1691
496 497
496 1692
495 496
495 1693
494 495
494 1694
493 494
493 1695
492 493
492 1696
491 492
491 1697
490 491
490 1698
489 490
489 1699
488 489
488 1700
487 488
487 1701
486 487
486 1702
485 486
485 1703
484 485
484 1704
483 484
483 1705
482 483
482 1706
481 482
481 1707
480 481
480 1708
479 480
479 1709
478 479
478 1710
477 478
477 1711
476 477
476 1712
475 476
475 1713
474 475
474 1714
473 474
473 1715
472 473
472 1716
471 472
471 1717
470 471
470 1718
469 470
469 1719
468 469
468 1720
467 468
467 1721
466 467
466 1722
465 466
465 1723
464 465
464 1724
463 464
463 1725
462 463
462 1726
461 462
461 1727
460 461
460 1728
459 460
459 1729
458 459
458 1730
457 458
457 1731
456 457
456 1732
455 456
455 1733
454 455
454 1734
453 454
453 1735
452 453
452 1736
451 452
451 1737
450 451
450 1738
449 450
449 1739
448 449
448 1740
447 448
447 1741
446 447
446 1742
445 446
445 1743
444 445
444 1744
443 444
443 1745
442 443
442 1746
441 442
441 1747
440 441
440 1748
439 440
439 1749
438 439
438 1750
437 438
437 1751
436 437
436 1752
435 436
435 1753
434 435
434 1754
433 434
433 1755
432 433
432 1756
431 432
431 1757
430 431
430 1758
429 430
429 1759
428 429
428 1760
427 428
427 1761
426 427
426 1762
425 426
425 1763
424 425
424 1764
423 424
423 1765
422 423
422 1766
421 422
421 1767
420 421
420 1768
419 420
419 1769
418 419
418 1770
417 418
417 1771
416 417
416 1772
415 416
415 1773
414 415
414 1774
413 414
413 1775
412 413
412 1776
411 412
411 1777
410 411
410 1778
409 410
409 1779
408 409
408 1780
407 408
407 1781
406 407
406 1782
405 406
405 1783
404 405
404 1784
403 404
403 1785
402 403
402 1786
401 402
401 1787
400 401
400 1788
399 400
399 1789
398 399
398 1790
397 398
397 1791
396 397
396 1792
395 396
395 1793
394 395
394 1794
393 394
393 1795
392 393
392 1796
391 392
391 1797
390 391
390 1798
389 390
389 1799
388 389
388 1800
387 388
387 1801
386 387
386 1802
385 386
385 1803
384 385
384 1804
383 384
383 1805
382 383
382 1806
381 382
381 1807
380 381
380 1808
379 380
379 1809
378 379
378 1810
377 378
377 1811
376 377
376 1812
375 376
375 1813
374 375
374 1814
373 374
373 1815
372 373
372 1816
371 372
371 1817
370 371
370 1818
369 370
369 1819
368 369
368 1820
367 368
367 1821
366 367
366 1822
365 366
365 1823
364 365
364 1824
363 364
363 1825
362 363
362 1826
361 362
361 1827
360 361
360 1828
359 360
359 1829
358 359
358 1830
357 358
357 1831
356 357
356 1832
355 356
355 1833
354 355
354 1834
353 354
353 1835
352 353
352 1836
351 352
351 1837
350 351
350 1838
349 350
349 1839
348 349
348 1840
347 348
347 1841
346 347
346 1842
345 346
345 1843
344 345
344 1844
343 344
343 1845
342 343
342 1846
341 342
341 1847
340 341
340 1848
339 340
339 1849
338 339
338 1850
337 338
337 1851
336 337
336 1852
335 336
335 1853
334 335
334 1854
333 334
333 1855
332 333
332 1856
331 332
331 1857
330 331
330 1858
329 330
329 1859
328 329
328 1860
327 328
327 1861
326 327
326 1862
325 326
325 1863
324 325
324 1864
323 324
323 1865
322 323
322 1866
321 322
321 1867
320 321
320 1868
319 320
319 1869
318 319
318 1870
317 318
317 1871
316 317
316 1872
315 316
315 1873
314 315
314 1874
313 314
313 1875
312 313
312 1876
311 312
311 1877
310 311
310 1878
309 310
309 1879
308 309
308 1880
307 308
307 1881
306 307
306 1882
305 306
305 1883
304 305
304 1884
303 304
303 1885
302 303
302 1886
301 302
301 1887
300 301
300 1888
299 300
299 1889
298 299
298 1890
297 298
297 1891
296 297
296 1892
295 296
295 1893
294 295
294 1894
293 294
293 1895
292 293
292 1896
291 292
291 1897
290 291
290 1898
289 290
289 1899
288 289
288 1900
287 288
287 1901
286 287
286 1902
285 286
285 1903
284 285
284 1904
283 284
283 1905
282 283
282 1906
281 282
281 1907
280 281
280 1908
279 280
279 1909
278 279
278 1910
277 278
277 1911
276 277
276 1912
275 276
275 1913
274 275
274 1914
273 274
273 1915
272 273
272 1916
271 272
271 1917
270 271
270 1918
269 270
269 1919
268 269
268 1920
267 268
267 1921
266 267
266 1922
265 266
265 1923
264 265
264 1924
263 264
263 1925
262 263
262 1926
261 262
261 1927
260 261
260 1928
259 260
259 1929
258 259
258 1930
257 258
257 1931
256 257
256 1932
255 256
255 1933
254 255
254 1934
253 254
253 1935
252 253
252 1936
251 252
251 1937
250 251
250 1938
249 250
249 1939
248 249
248 1940
247 248
247 1941
246 247
246 1942
245 246
245 1943
244 245
244 1944
243 244
243 1945
242 243
242 1946
241 242
241 1947
240 241
240 1948
239 240
239 1949
238 239
238 1950
237 238
237 1951
236 237
236 1952
235 236
235 1953
234 235
234 1954
233 234
233 1955
232 233
232 1956
231 232
231 1957
230 231
230 1958
229 230
229 1959
228 229
228 1960
227 228
227 1961
226 227
226 1962
225 226
225 1963
224 225
224 1964
223 224
223 1965
222 223
222 1966
221 222
221 1967
220 221
220 1968
219 220
219 1969
218 219
218 1970
217 218
217 1971
216 217
216 1972
215 216
215 1973
214 215
214 1974
213 214
213 1975
212 213
212 1976
211 212
211 1977
210 211
210 1978
209 210
209 1979
208 209
208 1980
207 208
207 1981
206 207
206 1982
205 206
205 1983
204 205
204 1984
203 204
203 1985
202 203
202 1986
201 202
201 1987
200 201
200 1988
199 200
199 1989
198 199
198 1990
197 198
197 1991
196 197
196 1992
195 196
195 1993
194 195
194 1994
193 194
193 1995
192 193
192 1996
191 192
191 1997
190 191
190 1998
189 190
189 1999
188 189
188 2000
187 188
187 2001
186 187
186 2002
185 186
185 2003
184 185
184 2004
183 184
183 2005
182 183
182 2006
181 182
181 2007
180 181
180 2008
179 180
179 2009
178 179
178 2010
177 178
177 2011
176 177
176 2012
175 176
175 2013
174 175
174 2014
173 174
173 2015
172 173
172 2016
171 172
171 2017
170 171
170 2018
169 170
169 2019
168 169
168 2020
167 168
167 2021
166 167
166 2022
165 166
165 2023
164 165
164 2024
163 164
163 2025
162 163
162 2026
161 162
161 2027
160 161
160 2028
159 160
159 2029
158 159
158 2030
157 158
157 2031
156 157
156 2032
155 156
155 2033
154 155
154 2034
153 154
153 2035
152 153
152 2036
151 152
151 2037
150 151
150 2038
149 150
149 2039
148 149
148 2040
147 148
147 2041
146 147
146 2042
145 146
145 2043
144 145
144 2044
143 144
143 2045
142 143
142 2046
141 142
141 2047
140 141
140 2048
139 140
139 2049
138 139
138 2050
137 138
137 2051
136 137
136 2052
135 136
135 2053
134 135
134 2054
133 134
133 2055
132 133
132 2056
131 132
131 2057
130 131
130 2058
129 130
129 2059
128 129
128 2060
127 128
127 2061
126 127
126 2062
125 126
125 2063
124 125
124 2064
123 124
123 2065
122 123
122 2066
121 122
121 2067
120 121
120 2068
119 120
119 2069
118 119
118 2070
117 118
117 2071
116 117
116 2072
115 116
115 2073
114 115
114 2074
113 114
113 2075
112 113
112 2076
111 112
111 2077
110 111
110 2078
109 110
109 2079
108 109
108 2080
107 108
107 2081
106 107
106 2082
105 106
105 2083
104 105
104 2084
103 104
103 2085
102 103
102 2086
101 102
101 2087
100 101
100 2088
99 100
99 2089
98 99
98 2090
97 98
97 2091
96 97
96 2092
95 96
95 2093
94 95
94 2094
93 94
93 2095
92 93
92 2096
91 92
91 2097
90 91
90 2098
89 90
89 2099
88 89
88 2100
87 88
87 2101
86 87
86 2102
85 86
85 2103
84 85
84 2104
83 84
83 2105
82 83
82 2106
81 82
81 2107
80 81
80 2108
79 80
79 2109
78 79
78 2110
77 78
77 2111
76 77
76 2112
75 76
75 2113
74 75
74 2114
73 74
73 2115
72 73
72 2116
71 72
71 2117
70 71
70 2118
69 70
69 2119
68 69
68 2120
67 68
67 2121
66 67
66 2122
65 66
65 2123
64 65
64 2124
63 64
63 2125
62 63
62 2126
61 62
61 2127
60 61
60 2128
59 60
59 2129
58 59
58 2130
57 58
57 2131
56 57
56 2132
55 56
55 2133
54 55
54 2134
53 54
53 2135
52 53
52 2136
51 52
51 2137
50 51
50 2138
49 50
49 2139
48 49
48 2140
47 48
47 2141
46 47
46 2142
45 46
45 2143
44 45
44 2144
43 44
43 2145
42 43
42 2146
41 42
41 2147
40 41
40 2148
39 40
39 2149
38 39
38 2150
37 38
37 2151
36 37
36 2152
35 36
35 2153
34 35
34 2154
33 34
33 2155
32 33
32 2156
31 32
31 2157
30 31
30 2158
29 30
29 2159
28 29
28 2160
27 28
27 2161
26 27
26 2162
25 26
25 2163
24 25
24 2164
23 24
23 2165
22 23
22 2166
21 22
21 2167
20 21
20 2168
19 20
19 2169
18 19
18 2170
17 18
17 2171
16 17
16 2172
15 16
15 2173
14 15
14 2174
13 14
13 2175
12 13
12 2176
11 12
11 2177
10 11
10 2178
9 10
9 2179
8 9
8 2180
7 8
7 2181
6 7
6 2182
5 6
5 2183
4 5
4 2184
3 4
3 2185
2 3
2 2186
1 2
1 2187
