2154 41581356
1077 1078
1077 1079
1076 1077
1076 1080
1075 1076
1075 1081
1074 1075
1074 1082
1073 1074
1073 1083
1072 1073
1072 1084
1071 1072
1071 1085
1070 1071
1070 1086
1069 1070
1069 1087
1068 1069
1068 1088
1067 1068
1067 1089
1066 1067
1066 1090
1065 1066
1065 1091
1064 1065
1064 1092
1063 1064
1063 1093
1062 1063
1062 1094
1061 1062
1061 1095
1060 1061
1060 1096
1059 1060
1059 1097
1058 1059
1058 1098
1057 1058
1057 1099
1056 1057
1056 1100
1055 1056
1055 1101
1054 1055
1054 1102
1053 1054
1053 1103
1052 1053
1052 1104
1051 1052
1051 1105
1050 1051
1050 1106
1049 1050
1049 1107
1048 1049
1048 1108
1047 1048
1047 1109
1046 1047
1046 1110
1045 1046
1045 1111
1044 1045
1044 1112
1043 1044
1043 1113
1042 1043
1042 1114
1041 1042
1041 1115
1040 1041
1040 1116
1039 1040
1039 1117
1038 1039
1038 1118
1037 1038
1037 1119
1036 1037
1036 1120
1035 1036
1035 1121
1034 1035
1034 1122
1033 1034
1033 1123
1032 1033
1032 1124
1031 1032
1031 1125
1030 1031
1030 1126
1029 1030
1029 1127
1028 1029
1028 1128
1027 1028
1027 1129
1026 1027
1026 1130
1025 1026
1025 1131
1024 1025
1024 1132
1023 1024
1023 1133
1022 1023
1022 1134
1021 1022
1021 1135
1020 1021
1020 1136
1019 1020
1019 1137
1018 1019
1018 1138
1017 1018
1017 1139
1016 1017
1016 1140
1015 1016
1015 1141
1014 1015
1014 1142
1013 1014
1013 1143
1012 1013
1012 1144
1011 1012
1011 1145
1010 1011
1010 1146
1009 1010
1009 1147
1008 1009
1008 1148
1007 1008
1007 1149
1006 1007
1006 1150
1005 1006
1005 1151
1004 1005
1004 1152
1003 1004
1003 1153
1002 1003
1002 1154
1001 1002
1001 1155
1000 1001
1000 1156
999 1000
999 1157
998 999
998 1158
997 998
997 1159
996 997
996 1160
995 996
995 1161
994 995
994 1162
993 994
993 1163
992 993
992 1164
991 992
991 1165
990 991
990 1166
989 990
989 1167
988 989
988 1168
987 988
987 1169
986 987
986 1170
985 986
985 1171
984 985
984 1172
983 984
983 1173
982 983
982 1174
981 982
981 1175
980 981
980 1176
979 980
979 1177
978 979
978 1178
977 978
977 1179
976 977
976 1180
975 976
975 1181
974 975
974 1182
973 974
973 1183
972 973
972 1184
971 972
971 1185
970 971
970 1186
969 970
969 1187
968 969
968 1188
967 968
967 1189
966 967
966 1190
965 966
965 1191
964 965
964 1192
963 964
963 1193
962 963
962 1194
961 962
961 1195
960 961
960 1196
959 960
959 1197
958 959
958 1198
957 958
957 1199
956 957
956 1200
955 956
955 1201
954 955
954 1202
953 954
953 1203
952 953
952 1204
951 952
951 1205
950 951
950 1206
949 950
949 1207
948 949
948 1208
947 948
947 1209
946 947
946 1210
945 946
945 1211
944 945
944 1212
943 944
943 1213
942 943
942 1214
941 942
941 1215
940 941
940 1216
939 940
939 1217
938 939
938 1218
937 938
937 1219
936 937
936 1220
935 936
935 1221
934 935
934 1222
933 934
933 1223
932 933
932 1224
931 932
931 1225
930 931
930 1226
929 930
929 1227
928 929
928 1228
927 928
927 1229
926 927
926 1230
925 926
925 1231
924 925
924 1232
923 924
923 1233
922 923
922 1234
921 922
921 1235
920 921
920 1236
919 920
919 1237
918 919
918 1238
917 918
917 1239
916 917
916 1240
915 916
915 1241
914 915
914 1242
913 914
913 1243
912 913
912 1244
911 912
911 1245
910 911
910 1246
909 910
909 1247
908 909
908 1248
907 908
907 1249
906 907
906 1250
905 906
905 1251
904 905
904 1252
903 904
903 1253
902 903
902 1254
901 902
901 1255
900 901
900 1256
899 900
899 1257
898 899
898 1258
897 898
897 1259
896 897
896 1260
895 896
895 1261
894 895
894 1262
893 894
893 1263
892 893
892 1264
891 892
891 1265
890 891
890 1266
889 890
889 1267
888 889
888 1268
887 888
887 1269
886 887
886 1270
885 886
885 1271
884 885
884 1272
883 884
883 1273
882 883
882 1274
881 882
881 1275
880 881
880 1276
879 880
879 1277
878 879
878 1278
877 878
877 1279
876 877
876 1280
875 876
875 1281
874 875
874 1282
873 874
873 1283
872 873
872 1284
871 872
871 1285
870 871
870 1286
869 870
869 1287
868 869
868 1288
867 868
867 1289
866 867
866 1290
865 866
865 1291
864 865
864 1292
863 864
863 1293
862 863
862 1294
861 862
861 1295
860 861
860 1296
859 860
859 1297
858 859
858 1298
857 858
857 1299
856 857
856 1300
855 856
855 1301
854 855
854 1302
853 854
853 1303
852 853
852 1304
851 852
851 1305
850 851
850 1306
849 850
849 1307
848 849
848 1308
847 848
847 1309
846 847
846 1310
845 846
845 1311
844 845
844 1312
843 844
843 1313
842 843
842 1314
841 842
841 1315
840 841
840 1316
839 840
839 1317
838 839
838 1318
837 838
837 1319
836 837
836 1320
835 836
835 1321
834 835
834 1322
833 834
833 1323
832 833
832 1324
831 832
831 1325
830 831
830 1326
829 830
829 1327
828 829
828 1328
827 828
827 1329
826 827
826 1330
825 826
825 1331
824 825
824 1332
823 824
823 1333
822 823
822 1334
821 822
821 1335
820 821
820 1336
819 820
819 1337
818 819
818 1338
817 818
817 1339
816 817
816 1340
815 816
815 1341
814 815
814 1342
813 814
813 1343
812 813
812 1344
811 812
811 1345
810 811
810 1346
809 810
809 1347
808 809
808 1348
807 808
807 1349
806 807
806 1350
805 806
805 1351
804 805
804 1352
803 804
803 1353
802 803
802 1354
801 802
801 1355
800 801
800 1356
799 800
799 1357
798 799
798 1358
797 798
797 1359
796 797
796 1360
795 796
795 1361
794 795
794 1362
793 794
793 1363
792 793
792 1364
791 792
791 1365
790 791
790 1366
789 790
789 1367
788 789
788 1368
787 788
787 1369
786 787
786 1370
785 786
785 1371
784 785
784 1372
783 784
783 1373
782 783
782 1374
781 782
781 1375
780 781
780 1376
779 780
779 1377
778 779
778 1378
777 778
777 1379
776 777
776 1380
775 776
775 1381
774 775
774 1382
773 774
773 1383
772 773
772 1384
771 772
771 1385
770 771
770 1386
769 770
769 1387
768 769
768 1388
767 768
767 1389
766 767
766 1390
765 766
765 1391
764 765
764 1392
763 764
763 1393
762 763
762 1394
761 762
761 1395
760 761
760 1396
759 760
759 1397
758 759
758 1398
757 758
757 1399
756 757
756 1400
755 756
755 1401
754 755
754 1402
753 754
753 1403
752 753
752 1404
751 752
751 1405
750 751
750 1406
749 750
749 1407
748 749
748 1408
747 748
747 1409
746 747
746 1410
745 746
745 1411
744 745
744 1412
743 744
743 1413
742 743
742 1414
741 742
741 1415
740 741
740 1416
739 740
739 1417
738 739
738 1418
737 738
737 1419
736 737
736 1420
735 736
735 1421
734 735
734 1422
733 734
733 1423
732 733
732 1424
731 732
731 1425
730 731
730 1426
729 730
729 1427
728 729
728 1428
727 728
727 1429
726 727
726 1430
725 726
725 1431
724 725
724 1432
723 724
723 1433
722 723
722 1434
721 722
721 1435
720 721
720 1436
719 720
719 1437
718 719
718 1438
717 718
717 1439
716 717
716 1440
715 716
715 1441
714 715
714 1442
713 714
713 1443
712 713
712 1444
711 712
711 1445
710 711
710 1446
709 710
709 1447
708 709
708 1448
707 708
707 1449
706 707
706 1450
705 706
705 1451
704 705
704 1452
703 704
703 1453
702 703
702 1454
701 702
701 1455
700 701
700 1456
699 700
699 1457
698 699
698 1458
697 698
697 1459
696 697
696 1460
695 696
695 1461
694 695
694 1462
693 694
693 1463
692 693
692 1464
691 692
691 1465
690 691
690 1466
689 690
689 1467
688 689
688 1468
687 688
687 1469
686 687
686 1470
685 686
685 1471
684 685
684 1472
683 684
683 1473
682 683
682 1474
681 682
681 1475
680 681
680 1476
679 680
679 1477
678 679
678 1478
677 678
677 1479
676 677
676 1480
675 676
675 1481
674 675
674 1482
673 674
673 1483
672 673
672 1484
671 672
671 1485
670 671
670 1486
669 670
669 1487
668 669
668 1488
667 668
667 1489
666 667
666 1490
665 666
665 1491
664 665
664 1492
663 664
663 1493
662 663
662 1494
661 662
661 1495
660 661
660 1496
659 660
659 1497
658 659
658 1498
657 658
657 1499
656 657
656 1500
655 656
655 1501
654 655
654 1502
653 654
653 1503
652 653
652 1504
651 652
651 1505
650 651
650 1506
649 650
649 1507
648 649
648 1508
647 648
647 1509
646 647
646 1510
645 646
645 1511
644 645
644 1512
643 644
643 1513
642 643
642 1514
641 642
641 1515
640 641
640 1516
639 640
639 1517
638 639
638 1518
637 638
637 1519
636 637
636 1520
635 636
635 1521
634 635
634 1522
633 634
633 1523
632 633
632 1524
631 632
631 1525
630 631
630 1526
629 630
629 1527
628 629
628 1528
627 628
627 1529
626 627
626 1530
625 626
625 1531
624 625
624 1532
623 624
623 1533
622 623
622 1534
621 622
621 1535
620 621
620 1536
619 620
619 1537
618 619
618 1538
617 618
617 1539
616 617
616 1540
615 616
615 1541
614 615
614 1542
613 614
613 1543
612 613
612 1544
611 612
611 1545
610 611
610 1546
609 610
609 1547
608 609
608 1548
607 608
607 1549
606 607
606 1550
605 606
605 1551
604 605
604 1552
603 604
603 1553
602 603
602 1554
601 602
601 1555
600 601
600 1556
599 600
599 1557
598 599
598 1558
597 598
597 1559
596 597
596 1560
595 596
595 1561
594 595
594 1562
593 594
593 1563
592 593
592 1564
591 592
591 1565
590 591
590 1566
589 590
589 1567
588 589
588 1568
587 588
587 1569
586 587
586 1570
585 586
585 1571
584 585
584 1572
583 584
583 1573
582 583
582 1574
581 582
581 1575
580 581
580 1576
579 580
579 1577
578 579
578 1578
577 578
577 1579
576 577
576 1580
575 576
575 1581
574 575
574 1582
573 574
573 1583
572 573
572 1584
571 572
571 1585
570 571
570 1586
569 570
569 1587
568 569
568 1588
567 568
567 1589
566 567
566 1590
565 566
565 1591
564 565
564 1592
563 564
563 1593
562 563
562 1594
561 562
561 1595
560 561
560 1596
559 560
559 1597
558 559
558 1598
557 558
557 1599
556 557
556 1600
555 556
555 1601
554 555
554 1602
553 554
553 1603
552 553
552 1604
551 552
551 1605
550 551
550 1606
549 550
549 1607
548 549
548 1608
547 548
547 1609
546 547
546 1610
545 546
545 1611
544 545
544 1612
543 544
543 1613
542 543
542 1614
541 542
541 1615
540 541
540 1616
539 540
539 1617
538 539
538 1618
537 538
537 1619
536 537
536 1620
535 536
535 1621
534 535
534 1622
533 534
533 1623
532 533
532 1624
531 532
531 1625
530 531
530 1626
529 530
529 1627
528 529
528 1628
527 528
527 1629
526 527
526 1630
525 526
525 1631
524 525
524 1632
523 524
523 1633
522 523
522 1634
521 522
521 1635
520 521
520 1636
519 520
519 1637
518 519
518 1638
517 518
517 1639
516 517
516 1640
515 516
515 1641
514 515
514 1642
513 514
513 1643
512 513
512 1644
511 512
511 1645
510 511
510 1646
509 510
509 1647
508 509
508 1648
507 508
507 1649
506 507
506 1650
505 506
505 1651
504 505
504 1652
503 504
503 1653
502 503
502 1654
501 502
501 1655
500 501
500 1656
499 500
499 1657
498 499
498 1658
497 498
497 1659
496 497
496 1660
495 496
495 1661
494 495
494 1662
493 494
493 1663
492 493
492 1664
491 492
491 1665
490 491
490 1666
489 490
489 1667
488 489
488 1668
487 488
487 1669
486 487
486 1670
485 486
485 1671
484 485
484 1672
483 484
483 1673
482 483
482 1674
481 482
481 1675
480 481
480 1676
479 480
479 1677
478 479
478 1678
477 478
477 1679
476 477
476 1680
475 476
475 1681
474 475
474 1682
473 474
473 1683
472 473
472 1684
471 472
471 1685
470 471
470 1686
469 470
469 1687
468 469
468 1688
467 468
467 1689
466 467
466 1690
465 466
465 1691
464 465
464 1692
463 464
463 1693
462 463
462 1694
461 462
461 1695
460 461
460 1696
459 460
459 1697
458 459
458 1698
457 458
457 1699
456 457
456 1700
455 456
455 1701
454 455
454 1702
453 454
453 1703
452 453
452 1704
451 452
451 1705
450 451
450 1706
449 450
449 1707
448 449
448 1708
447 448
447 1709
446 447
446 1710
445 446
445 1711
444 445
444 1712
443 444
443 1713
442 443
442 1714
441 442
441 1715
440 441
440 1716
439 440
439 1717
438 439
438 1718
437 438
437 1719
436 437
436 1720
435 436
435 1721
434 435
434 1722
433 434
433 1723
432 433
432 1724
431 432
431 1725
430 431
430 1726
429 430
429 1727
428 429
428 1728
427 428
427 1729
426 427
426 1730
425 426
425 1731
424 425
424 1732
423 424
423 1733
422 423
422 1734
421 422
421 1735
420 421
420 1736
419 420
419 1737
418 419
418 1738
417 418
417 1739
416 417
416 1740
415 416
415 1741
414 415
414 1742
413 414
413 1743
412 413
412 1744
411 412
411 1745
410 411
410 1746
409 410
409 1747
408 409
408 1748
407 408
407 1749
406 407
406 1750
405 406
405 1751
404 405
404 1752
403 404
403 1753
402 403
402 1754
401 402
401 1755
400 401
400 1756
399 400
399 1757
398 399
398 1758
397 398
397 1759
396 397
396 1760
395 396
395 1761
394 395
394 1762
393 394
393 1763
392 393
392 1764
391 392
391 1765
390 391
390 1766
389 390
389 1767
388 389
388 1768
387 388
387 1769
386 387
386 1770
385 386
385 1771
384 385
384 1772
383 384
383 1773
382 383
382 1774
381 382
381 1775
380 381
380 1776
379 380
379 1777
378 379
378 1778
377 378
377 1779
376 377
376 1780
375 376
375 1781
374 375
374 1782
373 374
373 1783
372 373
372 1784
371 372
371 1785
370 371
370 1786
369 370
369 1787
368 369
368 1788
367 368
367 1789
366 367
366 1790
365 366
365 1791
364 365
364 1792
363 364
363 1793
362 363
362 1794
361 362
361 1795
360 361
360 1796
359 360
359 1797
358 359
358 1798
357 358
357 1799
356 357
356 1800
355 356
355 1801
354 355
354 1802
353 354
353 1803
352 353
352 1804
351 352
351 1805
350 351
350 1806
349 350
349 1807
348 349
348 1808
347 348
347 1809
346 347
346 1810
345 346
345 1811
344 345
344 1812
343 344
343 1813
342 343
342 1814
341 342
341 1815
340 341
340 1816
339 340
339 1817
338 339
338 1818
337 338
337 1819
336 337
336 1820
335 336
335 1821
334 335
334 1822
333 334
333 1823
332 333
332 1824
331 332
331 1825
330 331
330 1826
329 330
329 1827
328 329
328 1828
327 328
327 1829
326 327
326 1830
325 326
325 1831
324 325
324 1832
323 324
323 1833
322 323
322 1834
321 322
321 1835
320 321
320 1836
319 320
319 1837
318 319
318 1838
317 318
317 1839
316 317
316 1840
315 316
315 1841
314 315
314 1842
313 314
313 1843
312 313
312 1844
311 312
311 1845
310 311
310 1846
309 310
309 1847
308 309
308 1848
307 308
307 1849
306 307
306 1850
305 306
305 1851
304 305
304 1852
303 304
303 1853
302 303
302 1854
301 302
301 1855
300 301
300 1856
299 300
299 1857
298 299
298 1858
297 298
297 1859
296 297
296 1860
295 296
295 1861
294 295
294 1862
293 294
293 1863
292 293
292 1864
291 292
291 1865
290 291
290 1866
289 290
289 1867
288 289
288 1868
287 288
287 1869
286 287
286 1870
285 286
285 1871
284 285
284 1872
283 284
283 1873
282 283
282 1874
281 282
281 1875
280 281
280 1876
279 280
279 1877
278 279
278 1878
277 278
277 1879
276 277
276 1880
275 276
275 1881
274 275
274 1882
273 274
273 1883
272 273
272 1884
271 272
271 1885
270 271
270 1886
269 270
269 1887
268 269
268 1888
267 268
267 1889
266 267
266 1890
265 266
265 1891
264 265
264 1892
263 264
263 1893
262 263
262 1894
261 262
261 1895
260 261
260 1896
259 260
259 1897
258 259
258 1898
257 258
257 1899
256 257
256 1900
255 256
255 1901
254 255
254 1902
253 254
253 1903
252 253
252 1904
251 252
251 1905
250 251
250 1906
249 250
249 1907
248 249
248 1908
247 248
247 1909
246 247
246 1910
245 246
245 1911
244 245
244 1912
243 244
243 1913
242 243
242 1914
241 242
241 1915
240 241
240 1916
239 240
239 1917
238 239
238 1918
237 238
237 1919
236 237
236 1920
235 236
235 1921
234 235
234 1922
233 234
233 1923
232 233
232 1924
231 232
231 1925
230 231
230 1926
229 230
229 1927
228 229
228 1928
227 228
227 1929
226 227
226 1930
225 226
225 1931
224 225
224 1932
223 224
223 1933
222 223
222 1934
221 222
221 1935
220 221
220 1936
219 220
219 1937
218 219
218 1938
217 218
217 1939
216 217
216 1940
215 216
215 1941
214 215
214 1942
213 214
213 1943
212 213
212 1944
211 212
211 1945
210 211
210 1946
209 210
209 1947
208 209
208 1948
207 208
207 1949
206 207
206 1950
205 206
205 1951
204 205
204 1952
203 204
203 1953
202 203
202 1954
201 202
201 1955
200 201
200 1956
199 200
199 1957
198 199
198 1958
197 198
197 1959
196 197
196 1960
195 196
195 1961
194 195
194 1962
193 194
193 1963
192 193
192 1964
191 192
191 1965
190 191
190 1966
189 190
189 1967
188 189
188 1968
187 188
187 1969
186 187
186 1970
185 186
185 1971
184 185
184 1972
183 184
183 1973
182 183
182 1974
181 182
181 1975
180 181
180 1976
179 180
179 1977
178 179
178 1978
177 178
177 1979
176 177
176 1980
175 176
175 1981
174 175
174 1982
173 174
173 1983
172 173
172 1984
171 172
171 1985
170 171
170 1986
169 170
169 1987
168 169
168 1988
167 168
167 1989
166 167
166 1990
165 166
165 1991
164 165
164 1992
163 164
163 1993
162 163
162 1994
161 162
161 1995
160 161
160 1996
159 160
159 1997
158 159
158 1998
157 158
157 1999
156 157
156 2000
155 156
155 2001
154 155
154 2002
153 154
153 2003
152 153
152 2004
151 152
151 2005
150 151
150 2006
149 150
149 2007
148 149
148 2008
147 148
147 2009
146 147
146 2010
145 146
145 2011
144 145
144 2012
143 144
143 2013
142 143
142 2014
141 142
141 2015
140 141
140 2016
139 140
139 2017
138 139
138 2018
137 138
137 2019
136 137
136 2020
135 136
135 2021
134 135
134 2022
133 134
133 2023
132 133
132 2024
131 132
131 2025
130 131
130 2026
129 130
129 2027
128 129
128 2028
127 128
127 2029
126 127
126 2030
125 126
125 2031
124 125
124 2032
123 124
123 2033
122 123
122 2034
121 122
121 2035
120 121
120 2036
119 120
119 2037
118 119
118 2038
117 118
117 2039
116 117
116 2040
115 116
115 2041
114 115
114 2042
113 114
113 2043
112 113
112 2044
111 112
111 2045
110 111
110 2046
109 110
109 2047
108 109
108 2048
107 108
107 2049
106 107
106 2050
105 106
105 2051
104 105
104 2052
103 104
103 2053
102 103
102 2054
101 102
101 2055
100 101
100 2056
99 100
99 2057
98 99
98 2058
97 98
97 2059
96 97
96 2060
95 96
95 2061
94 95
94 2062
93 94
93 2063
92 93
92 2064
91 92
91 2065
90 91
90 2066
89 90
89 2067
88 89
88 2068
87 88
87 2069
86 87
86 2070
85 86
85 2071
84 85
84 2072
83 84
83 2073
82 83
82 2074
81 82
81 2075
80 81
80 2076
79 80
79 2077
78 79
78 2078
77 78
77 2079
76 77
76 2080
75 76
75 2081
74 75
74 2082
73 74
73 2083
72 73
72 2084
71 72
71 2085
70 71
70 2086
69 70
69 2087
68 69
68 2088
67 68
67 2089
66 67
66 2090
65 66
65 2091
64 65
64 2092
63 64
63 2093
62 63
62 2094
61 62
61 2095
60 61
60 2096
59 60
59 2097
58 59
58 2098
57 58
57 2099
56 57
56 2100
55 56
55 2101
54 55
54 2102
53 54
53 2103
52 53
52 2104
51 52
51 2105
50 51
50 2106
49 50
49 2107
48 49
48 2108
47 48
47 2109
46 47
46 2110
45 46
45 2111
44 45
44 2112
43 44
43 2113
42 43
42 2114
41 42
41 2115
40 41
40 2116
39 40
39 2117
38 39
38 2118
37 38
37 2119
36 37
36 2120
35 36
35 2121
34 35
34 2122
33 34
33 2123
32 33
32 2124
31 32
31 2125
30 31
30 2126
29 30
29 2127
28 29
28 2128
27 28
27 2129
26 27
26 2130
25 26
25 2131
24 25
24 2132
23 24
23 2133
22 23
22 2134
21 22
21 2135
20 21
20 2136
19 20
19 2137
18 19
18 2138
17 18
17 2139
16 17
16 2140
15 16
15 2141
14 15
14 2142
13 14
13 2143
12 13
12 2144
11 12
11 2145
10 11
10 2146
9 10
9 2147
8 9
8 2148
7 8
7 2149
6 7
6 2150
5 6
5 2151
4 5
4 2152
3 4
3 2153
2 3
2 2154
1 2
1 2155
