2115 57657640
1057 1058
1057 1059
1056 1057
1056 1060
1055 1056
1055 1061
1054 1055
1054 1062
1053 1054
1053 1063
1052 1053
1052 1064
1051 1052
1051 1065
1050 1051
1050 1066
1049 1050
1049 1067
1048 1049
1048 1068
1047 1048
1047 1069
1046 1047
1046 1070
1045 1046
1045 1071
1044 1045
1044 1072
1043 1044
1043 1073
1042 1043
1042 1074
1041 1042
1041 1075
1040 1041
1040 1076
1039 1040
1039 1077
1038 1039
1038 1078
1037 1038
1037 1079
1036 1037
1036 1080
1035 1036
1035 1081
1034 1035
1034 1082
1033 1034
1033 1083
1032 1033
1032 1084
1031 1032
1031 1085
1030 1031
1030 1086
1029 1030
1029 1087
1028 1029
1028 1088
1027 1028
1027 1089
1026 1027
1026 1090
1025 1026
1025 1091
1024 1025
1024 1092
1023 1024
1023 1093
1022 1023
1022 1094
1021 1022
1021 1095
1020 1021
1020 1096
1019 1020
1019 1097
1018 1019
1018 1098
1017 1018
1017 1099
1016 1017
1016 1100
1015 1016
1015 1101
1014 1015
1014 1102
1013 1014
1013 1103
1012 1013
1012 1104
1011 1012
1011 1105
1010 1011
1010 1106
1009 1010
1009 1107
1008 1009
1008 1108
1007 1008
1007 1109
1006 1007
1006 1110
1005 1006
1005 1111
1004 1005
1004 1112
1003 1004
1003 1113
1002 1003
1002 1114
1001 1002
1001 1115
1000 1001
1000 1116
999 1000
999 1117
998 999
998 1118
997 998
997 1119
996 997
996 1120
995 996
995 1121
994 995
994 1122
993 994
993 1123
992 993
992 1124
991 992
991 1125
990 991
990 1126
989 990
989 1127
988 989
988 1128
987 988
987 1129
986 987
986 1130
985 986
985 1131
984 985
984 1132
983 984
983 1133
982 983
982 1134
981 982
981 1135
980 981
980 1136
979 980
979 1137
978 979
978 1138
977 978
977 1139
976 977
976 1140
975 976
975 1141
974 975
974 1142
973 974
973 1143
972 973
972 1144
971 972
971 1145
970 971
970 1146
969 970
969 1147
968 969
968 1148
967 968
967 1149
966 967
966 1150
965 966
965 1151
964 965
964 1152
963 964
963 1153
962 963
962 1154
961 962
961 1155
960 961
960 1156
959 960
959 1157
958 959
958 1158
957 958
957 1159
956 957
956 1160
955 956
955 1161
954 955
954 1162
953 954
953 1163
952 953
952 1164
951 952
951 1165
950 951
950 1166
949 950
949 1167
948 949
948 1168
947 948
947 1169
946 947
946 1170
945 946
945 1171
944 945
944 1172
943 944
943 1173
942 943
942 1174
941 942
941 1175
940 941
940 1176
939 940
939 1177
938 939
938 1178
937 938
937 1179
936 937
936 1180
935 936
935 1181
934 935
934 1182
933 934
933 1183
932 933
932 1184
931 932
931 1185
930 931
930 1186
929 930
929 1187
928 929
928 1188
927 928
927 1189
926 927
926 1190
925 926
925 1191
924 925
924 1192
923 924
923 1193
922 923
922 1194
921 922
921 1195
920 921
920 1196
919 920
919 1197
918 919
918 1198
917 918
917 1199
916 917
916 1200
915 916
915 1201
914 915
914 1202
913 914
913 1203
912 913
912 1204
911 912
911 1205
910 911
910 1206
909 910
909 1207
908 909
908 1208
907 908
907 1209
906 907
906 1210
905 906
905 1211
904 905
904 1212
903 904
903 1213
902 903
902 1214
901 902
901 1215
900 901
900 1216
899 900
899 1217
898 899
898 1218
897 898
897 1219
896 897
896 1220
895 896
895 1221
894 895
894 1222
893 894
893 1223
892 893
892 1224
891 892
891 1225
890 891
890 1226
889 890
889 1227
888 889
888 1228
887 888
887 1229
886 887
886 1230
885 886
885 1231
884 885
884 1232
883 884
883 1233
882 883
882 1234
881 882
881 1235
880 881
880 1236
879 880
879 1237
878 879
878 1238
877 878
877 1239
876 877
876 1240
875 876
875 1241
874 875
874 1242
873 874
873 1243
872 873
872 1244
871 872
871 1245
870 871
870 1246
869 870
869 1247
868 869
868 1248
867 868
867 1249
866 867
866 1250
865 866
865 1251
864 865
864 1252
863 864
863 1253
862 863
862 1254
861 862
861 1255
860 861
860 1256
859 860
859 1257
858 859
858 1258
857 858
857 1259
856 857
856 1260
855 856
855 1261
854 855
854 1262
853 854
853 1263
852 853
852 1264
851 852
851 1265
850 851
850 1266
849 850
849 1267
848 849
848 1268
847 848
847 1269
846 847
846 1270
845 846
845 1271
844 845
844 1272
843 844
843 1273
842 843
842 1274
841 842
841 1275
840 841
840 1276
839 840
839 1277
838 839
838 1278
837 838
837 1279
836 837
836 1280
835 836
835 1281
834 835
834 1282
833 834
833 1283
832 833
832 1284
831 832
831 1285
830 831
830 1286
829 830
829 1287
828 829
828 1288
827 828
827 1289
826 827
826 1290
825 826
825 1291
824 825
824 1292
823 824
823 1293
822 823
822 1294
821 822
821 1295
820 821
820 1296
819 820
819 1297
818 819
818 1298
817 818
817 1299
816 817
816 1300
815 816
815 1301
814 815
814 1302
813 814
813 1303
812 813
812 1304
811 812
811 1305
810 811
810 1306
809 810
809 1307
808 809
808 1308
807 808
807 1309
806 807
806 1310
805 806
805 1311
804 805
804 1312
803 804
803 1313
802 803
802 1314
801 802
801 1315
800 801
800 1316
799 800
799 1317
798 799
798 1318
797 798
797 1319
796 797
796 1320
795 796
795 1321
794 795
794 1322
793 794
793 1323
792 793
792 1324
791 792
791 1325
790 791
790 1326
789 790
789 1327
788 789
788 1328
787 788
787 1329
786 787
786 1330
785 786
785 1331
784 785
784 1332
783 784
783 1333
782 783
782 1334
781 782
781 1335
780 781
780 1336
779 780
779 1337
778 779
778 1338
777 778
777 1339
776 777
776 1340
775 776
775 1341
774 775
774 1342
773 774
773 1343
772 773
772 1344
771 772
771 1345
770 771
770 1346
769 770
769 1347
768 769
768 1348
767 768
767 1349
766 767
766 1350
765 766
765 1351
764 765
764 1352
763 764
763 1353
762 763
762 1354
761 762
761 1355
760 761
760 1356
759 760
759 1357
758 759
758 1358
757 758
757 1359
756 757
756 1360
755 756
755 1361
754 755
754 1362
753 754
753 1363
752 753
752 1364
751 752
751 1365
750 751
750 1366
749 750
749 1367
748 749
748 1368
747 748
747 1369
746 747
746 1370
745 746
745 1371
744 745
744 1372
743 744
743 1373
742 743
742 1374
741 742
741 1375
740 741
740 1376
739 740
739 1377
738 739
738 1378
737 738
737 1379
736 737
736 1380
735 736
735 1381
734 735
734 1382
733 734
733 1383
732 733
732 1384
731 732
731 1385
730 731
730 1386
729 730
729 1387
728 729
728 1388
727 728
727 1389
726 727
726 1390
725 726
725 1391
724 725
724 1392
723 724
723 1393
722 723
722 1394
721 722
721 1395
720 721
720 1396
719 720
719 1397
718 719
718 1398
717 718
717 1399
716 717
716 1400
715 716
715 1401
714 715
714 1402
713 714
713 1403
712 713
712 1404
711 712
711 1405
710 711
710 1406
709 710
709 1407
708 709
708 1408
707 708
707 1409
706 707
706 1410
705 706
705 1411
704 705
704 1412
703 704
703 1413
702 703
702 1414
701 702
701 1415
700 701
700 1416
699 700
699 1417
698 699
698 1418
697 698
697 1419
696 697
696 1420
695 696
695 1421
694 695
694 1422
693 694
693 1423
692 693
692 1424
691 692
691 1425
690 691
690 1426
689 690
689 1427
688 689
688 1428
687 688
687 1429
686 687
686 1430
685 686
685 1431
684 685
684 1432
683 684
683 1433
682 683
682 1434
681 682
681 1435
680 681
680 1436
679 680
679 1437
678 679
678 1438
677 678
677 1439
676 677
676 1440
675 676
675 1441
674 675
674 1442
673 674
673 1443
672 673
672 1444
671 672
671 1445
670 671
670 1446
669 670
669 1447
668 669
668 1448
667 668
667 1449
666 667
666 1450
665 666
665 1451
664 665
664 1452
663 664
663 1453
662 663
662 1454
661 662
661 1455
660 661
660 1456
659 660
659 1457
658 659
658 1458
657 658
657 1459
656 657
656 1460
655 656
655 1461
654 655
654 1462
653 654
653 1463
652 653
652 1464
651 652
651 1465
650 651
650 1466
649 650
649 1467
648 649
648 1468
647 648
647 1469
646 647
646 1470
645 646
645 1471
644 645
644 1472
643 644
643 1473
642 643
642 1474
641 642
641 1475
640 641
640 1476
639 640
639 1477
638 639
638 1478
637 638
637 1479
636 637
636 1480
635 636
635 1481
634 635
634 1482
633 634
633 1483
632 633
632 1484
631 632
631 1485
630 631
630 1486
629 630
629 1487
628 629
628 1488
627 628
627 1489
626 627
626 1490
625 626
625 1491
624 625
624 1492
623 624
623 1493
622 623
622 1494
621 622
621 1495
620 621
620 1496
619 620
619 1497
618 619
618 1498
617 618
617 1499
616 617
616 1500
615 616
615 1501
614 615
614 1502
613 614
613 1503
612 613
612 1504
611 612
611 1505
610 611
610 1506
609 610
609 1507
608 609
608 1508
607 608
607 1509
606 607
606 1510
605 606
605 1511
604 605
604 1512
603 604
603 1513
602 603
602 1514
601 602
601 1515
600 601
600 1516
599 600
599 1517
598 599
598 1518
597 598
597 1519
596 597
596 1520
595 596
595 1521
594 595
594 1522
593 594
593 1523
592 593
592 1524
591 592
591 1525
590 591
590 1526
589 590
589 1527
588 589
588 1528
587 588
587 1529
586 587
586 1530
585 586
585 1531
584 585
584 1532
583 584
583 1533
582 583
582 1534
581 582
581 1535
580 581
580 1536
579 580
579 1537
578 579
578 1538
577 578
577 1539
576 577
576 1540
575 576
575 1541
574 575
574 1542
573 574
573 1543
572 573
572 1544
571 572
571 1545
570 571
570 1546
569 570
569 1547
568 569
568 1548
567 568
567 1549
566 567
566 1550
565 566
565 1551
564 565
564 1552
563 564
563 1553
562 563
562 1554
561 562
561 1555
560 561
560 1556
559 560
559 1557
558 559
558 1558
557 558
557 1559
556 557
556 1560
555 556
555 1561
554 555
554 1562
553 554
553 1563
552 553
552 1564
551 552
551 1565
550 551
550 1566
549 550
549 1567
548 549
548 1568
547 548
547 1569
546 547
546 1570
545 546
545 1571
544 545
544 1572
543 544
543 1573
542 543
542 1574
541 542
541 1575
540 541
540 1576
539 540
539 1577
538 539
538 1578
537 538
537 1579
536 537
536 1580
535 536
535 1581
534 535
534 1582
533 534
533 1583
532 533
532 1584
531 532
531 1585
530 531
530 1586
529 530
529 1587
528 529
528 1588
527 528
527 1589
526 527
526 1590
525 526
525 1591
524 525
524 1592
523 524
523 1593
522 523
522 1594
521 522
521 1595
520 521
520 1596
519 520
519 1597
518 519
518 1598
517 518
517 1599
516 517
516 1600
515 516
515 1601
514 515
514 1602
513 514
513 1603
512 513
512 1604
511 512
511 1605
510 511
510 1606
509 510
509 1607
508 509
508 1608
507 508
507 1609
506 507
506 1610
505 506
505 1611
504 505
504 1612
503 504
503 1613
502 503
502 1614
501 502
501 1615
500 501
500 1616
499 500
499 1617
498 499
498 1618
497 498
497 1619
496 497
496 1620
495 496
495 1621
494 495
494 1622
493 494
493 1623
492 493
492 1624
491 492
491 1625
490 491
490 1626
489 490
489 1627
488 489
488 1628
487 488
487 1629
486 487
486 1630
485 486
485 1631
484 485
484 1632
483 484
483 1633
482 483
482 1634
481 482
481 1635
480 481
480 1636
479 480
479 1637
478 479
478 1638
477 478
477 1639
476 477
476 1640
475 476
475 1641
474 475
474 1642
473 474
473 1643
472 473
472 1644
471 472
471 1645
470 471
470 1646
469 470
469 1647
468 469
468 1648
467 468
467 1649
466 467
466 1650
465 466
465 1651
464 465
464 1652
463 464
463 1653
462 463
462 1654
461 462
461 1655
460 461
460 1656
459 460
459 1657
458 459
458 1658
457 458
457 1659
456 457
456 1660
455 456
455 1661
454 455
454 1662
453 454
453 1663
452 453
452 1664
451 452
451 1665
450 451
450 1666
449 450
449 1667
448 449
448 1668
447 448
447 1669
446 447
446 1670
445 446
445 1671
444 445
444 1672
443 444
443 1673
442 443
442 1674
441 442
441 1675
440 441
440 1676
439 440
439 1677
438 439
438 1678
437 438
437 1679
436 437
436 1680
435 436
435 1681
434 435
434 1682
433 434
433 1683
432 433
432 1684
431 432
431 1685
430 431
430 1686
429 430
429 1687
428 429
428 1688
427 428
427 1689
426 427
426 1690
425 426
425 1691
424 425
424 1692
423 424
423 1693
422 423
422 1694
421 422
421 1695
420 421
420 1696
419 420
419 1697
418 419
418 1698
417 418
417 1699
416 417
416 1700
415 416
415 1701
414 415
414 1702
413 414
413 1703
412 413
412 1704
411 412
411 1705
410 411
410 1706
409 410
409 1707
408 409
408 1708
407 408
407 1709
406 407
406 1710
405 406
405 1711
404 405
404 1712
403 404
403 1713
402 403
402 1714
401 402
401 1715
400 401
400 1716
399 400
399 1717
398 399
398 1718
397 398
397 1719
396 397
396 1720
395 396
395 1721
394 395
394 1722
393 394
393 1723
392 393
392 1724
391 392
391 1725
390 391
390 1726
389 390
389 1727
388 389
388 1728
387 388
387 1729
386 387
386 1730
385 386
385 1731
384 385
384 1732
383 384
383 1733
382 383
382 1734
381 382
381 1735
380 381
380 1736
379 380
379 1737
378 379
378 1738
377 378
377 1739
376 377
376 1740
375 376
375 1741
374 375
374 1742
373 374
373 1743
372 373
372 1744
371 372
371 1745
370 371
370 1746
369 370
369 1747
368 369
368 1748
367 368
367 1749
366 367
366 1750
365 366
365 1751
364 365
364 1752
363 364
363 1753
362 363
362 1754
361 362
361 1755
360 361
360 1756
359 360
359 1757
358 359
358 1758
357 358
357 1759
356 357
356 1760
355 356
355 1761
354 355
354 1762
353 354
353 1763
352 353
352 1764
351 352
351 1765
350 351
350 1766
349 350
349 1767
348 349
348 1768
347 348
347 1769
346 347
346 1770
345 346
345 1771
344 345
344 1772
343 344
343 1773
342 343
342 1774
341 342
341 1775
340 341
340 1776
339 340
339 1777
338 339
338 1778
337 338
337 1779
336 337
336 1780
335 336
335 1781
334 335
334 1782
333 334
333 1783
332 333
332 1784
331 332
331 1785
330 331
330 1786
329 330
329 1787
328 329
328 1788
327 328
327 1789
326 327
326 1790
325 326
325 1791
324 325
324 1792
323 324
323 1793
322 323
322 1794
321 322
321 1795
320 321
320 1796
319 320
319 1797
318 319
318 1798
317 318
317 1799
316 317
316 1800
315 316
315 1801
314 315
314 1802
313 314
313 1803
312 313
312 1804
311 312
311 1805
310 311
310 1806
309 310
309 1807
308 309
308 1808
307 308
307 1809
306 307
306 1810
305 306
305 1811
304 305
304 1812
303 304
303 1813
302 303
302 1814
301 302
301 1815
300 301
300 1816
299 300
299 1817
298 299
298 1818
297 298
297 1819
296 297
296 1820
295 296
295 1821
294 295
294 1822
293 294
293 1823
292 293
292 1824
291 292
291 1825
290 291
290 1826
289 290
289 1827
288 289
288 1828
287 288
287 1829
286 287
286 1830
285 286
285 1831
284 285
284 1832
283 284
283 1833
282 283
282 1834
281 282
281 1835
280 281
280 1836
279 280
279 1837
278 279
278 1838
277 278
277 1839
276 277
276 1840
275 276
275 1841
274 275
274 1842
273 274
273 1843
272 273
272 1844
271 272
271 1845
270 271
270 1846
269 270
269 1847
268 269
268 1848
267 268
267 1849
266 267
266 1850
265 266
265 1851
264 265
264 1852
263 264
263 1853
262 263
262 1854
261 262
261 1855
260 261
260 1856
259 260
259 1857
258 259
258 1858
257 258
257 1859
256 257
256 1860
255 256
255 1861
254 255
254 1862
253 254
253 1863
252 253
252 1864
251 252
251 1865
250 251
250 1866
249 250
249 1867
248 249
248 1868
247 248
247 1869
246 247
246 1870
245 246
245 1871
244 245
244 1872
243 244
243 1873
242 243
242 1874
241 242
241 1875
240 241
240 1876
239 240
239 1877
238 239
238 1878
237 238
237 1879
236 237
236 1880
235 236
235 1881
234 235
234 1882
233 234
233 1883
232 233
232 1884
231 232
231 1885
230 231
230 1886
229 230
229 1887
228 229
228 1888
227 228
227 1889
226 227
226 1890
225 226
225 1891
224 225
224 1892
223 224
223 1893
222 223
222 1894
221 222
221 1895
220 221
220 1896
219 220
219 1897
218 219
218 1898
217 218
217 1899
216 217
216 1900
215 216
215 1901
214 215
214 1902
213 214
213 1903
212 213
212 1904
211 212
211 1905
210 211
210 1906
209 210
209 1907
208 209
208 1908
207 208
207 1909
206 207
206 1910
205 206
205 1911
204 205
204 1912
203 204
203 1913
202 203
202 1914
201 202
201 1915
200 201
200 1916
199 200
199 1917
198 199
198 1918
197 198
197 1919
196 197
196 1920
195 196
195 1921
194 195
194 1922
193 194
193 1923
192 193
192 1924
191 192
191 1925
190 191
190 1926
189 190
189 1927
188 189
188 1928
187 188
187 1929
186 187
186 1930
185 186
185 1931
184 185
184 1932
183 184
183 1933
182 183
182 1934
181 182
181 1935
180 181
180 1936
179 180
179 1937
178 179
178 1938
177 178
177 1939
176 177
176 1940
175 176
175 1941
174 175
174 1942
173 174
173 1943
172 173
172 1944
171 172
171 1945
170 171
170 1946
169 170
169 1947
168 169
168 1948
167 168
167 1949
166 167
166 1950
165 166
165 1951
164 165
164 1952
163 164
163 1953
162 163
162 1954
161 162
161 1955
160 161
160 1956
159 160
159 1957
158 159
158 1958
157 158
157 1959
156 157
156 1960
155 156
155 1961
154 155
154 1962
153 154
153 1963
152 153
152 1964
151 152
151 1965
150 151
150 1966
149 150
149 1967
148 149
148 1968
147 148
147 1969
146 147
146 1970
145 146
145 1971
144 145
144 1972
143 144
143 1973
142 143
142 1974
141 142
141 1975
140 141
140 1976
139 140
139 1977
138 139
138 1978
137 138
137 1979
136 137
136 1980
135 136
135 1981
134 135
134 1982
133 134
133 1983
132 133
132 1984
131 132
131 1985
130 131
130 1986
129 130
129 1987
128 129
128 1988
127 128
127 1989
126 127
126 1990
125 126
125 1991
124 125
124 1992
123 124
123 1993
122 123
122 1994
121 122
121 1995
120 121
120 1996
119 120
119 1997
118 119
118 1998
117 118
117 1999
116 117
116 2000
115 116
115 2001
114 115
114 2002
113 114
113 2003
112 113
112 2004
111 112
111 2005
110 111
110 2006
109 110
109 2007
108 109
108 2008
107 108
107 2009
106 107
106 2010
105 106
105 2011
104 105
104 2012
103 104
103 2013
102 103
102 2014
101 102
101 2015
100 101
100 2016
99 100
99 2017
98 99
98 2018
97 98
97 2019
96 97
96 2020
95 96
95 2021
94 95
94 2022
93 94
93 2023
92 93
92 2024
91 92
91 2025
90 91
90 2026
89 90
89 2027
88 89
88 2028
87 88
87 2029
86 87
86 2030
85 86
85 2031
84 85
84 2032
83 84
83 2033
82 83
82 2034
81 82
81 2035
80 81
80 2036
79 80
79 2037
78 79
78 2038
77 78
77 2039
76 77
76 2040
75 76
75 2041
74 75
74 2042
73 74
73 2043
72 73
72 2044
71 72
71 2045
70 71
70 2046
69 70
69 2047
68 69
68 2048
67 68
67 2049
66 67
66 2050
65 66
65 2051
64 65
64 2052
63 64
63 2053
62 63
62 2054
61 62
61 2055
60 61
60 2056
59 60
59 2057
58 59
58 2058
57 58
57 2059
56 57
56 2060
55 56
55 2061
54 55
54 2062
53 54
53 2063
52 53
52 2064
51 52
51 2065
50 51
50 2066
49 50
49 2067
48 49
48 2068
47 48
47 2069
46 47
46 2070
45 46
45 2071
44 45
44 2072
43 44
43 2073
42 43
42 2074
41 42
41 2075
40 41
40 2076
39 40
39 2077
38 39
38 2078
37 38
37 2079
36 37
36 2080
35 36
35 2081
34 35
34 2082
33 34
33 2083
32 33
32 2084
31 32
31 2085
30 31
30 2086
29 30
29 2087
28 29
28 2088
27 28
27 2089
26 27
26 2090
25 26
25 2091
24 25
24 2092
23 24
23 2093
22 23
22 2094
21 22
21 2095
20 21
20 2096
19 20
19 2097
18 19
18 2098
17 18
17 2099
16 17
16 2100
15 16
15 2101
14 15
14 2102
13 14
13 2103
12 13
12 2104
11 12
11 2105
10 11
10 2106
9 10
9 2107
8 9
8 2108
7 8
7 2109
6 7
6 2110
5 6
5 2111
4 5
4 2112
3 4
3 2113
2 3
2 2114
1 2
1 2115
1 2116
