2234 20192476
559 560
559 561
559 562
559 563
558 559
558 564
558 565
558 566
557 558
557 567
557 568
557 569
556 557
556 570
556 571
556 572
555 556
555 573
555 574
555 575
554 555
554 576
554 577
554 578
553 554
553 579
553 580
553 581
552 553
552 582
552 583
552 584
551 552
551 585
551 586
551 587
550 551
550 588
550 589
550 590
549 550
549 591
549 592
549 593
548 549
548 594
548 595
548 596
547 548
547 597
547 598
547 599
546 547
546 600
546 601
546 602
545 546
545 603
545 604
545 605
544 545
544 606
544 607
544 608
543 544
543 609
543 610
543 611
542 543
542 612
542 613
542 614
541 542
541 615
541 616
541 617
540 541
540 618
540 619
540 620
539 540
539 621
539 622
539 623
538 539
538 624
538 625
538 626
537 538
537 627
537 628
537 629
536 537
536 630
536 631
536 632
535 536
535 633
535 634
535 635
534 535
534 636
534 637
534 638
533 534
533 639
533 640
533 641
532 533
532 642
532 643
532 644
531 532
531 645
531 646
531 647
530 531
530 648
530 649
530 650
529 530
529 651
529 652
529 653
528 529
528 654
528 655
528 656
527 528
527 657
527 658
527 659
526 527
526 660
526 661
526 662
525 526
525 663
525 664
525 665
524 525
524 666
524 667
524 668
523 524
523 669
523 670
523 671
522 523
522 672
522 673
522 674
521 522
521 675
521 676
521 677
520 521
520 678
520 679
520 680
519 520
519 681
519 682
519 683
518 519
518 684
518 685
518 686
517 518
517 687
517 688
517 689
516 517
516 690
516 691
516 692
515 516
515 693
515 694
515 695
514 515
514 696
514 697
514 698
513 514
513 699
513 700
513 701
512 513
512 702
512 703
512 704
511 512
511 705
511 706
511 707
510 511
510 708
510 709
510 710
509 510
509 711
509 712
509 713
508 509
508 714
508 715
508 716
507 508
507 717
507 718
507 719
506 507
506 720
506 721
506 722
505 506
505 723
505 724
505 725
504 505
504 726
504 727
504 728
503 504
503 729
503 730
503 731
502 503
502 732
502 733
502 734
501 502
501 735
501 736
501 737
500 501
500 738
500 739
500 740
499 500
499 741
499 742
499 743
498 499
498 744
498 745
498 746
497 498
497 747
497 748
497 749
496 497
496 750
496 751
496 752
495 496
495 753
495 754
495 755
494 495
494 756
494 757
494 758
493 494
493 759
493 760
493 761
492 493
492 762
492 763
492 764
491 492
491 765
491 766
491 767
490 491
490 768
490 769
490 770
489 490
489 771
489 772
489 773
488 489
488 774
488 775
488 776
487 488
487 777
487 778
487 779
486 487
486 780
486 781
486 782
485 486
485 783
485 784
485 785
484 485
484 786
484 787
484 788
483 484
483 789
483 790
483 791
482 483
482 792
482 793
482 794
481 482
481 795
481 796
481 797
480 481
480 798
480 799
480 800
479 480
479 801
479 802
479 803
478 479
478 804
478 805
478 806
477 478
477 807
477 808
477 809
476 477
476 810
476 811
476 812
475 476
475 813
475 814
475 815
474 475
474 816
474 817
474 818
473 474
473 819
473 820
473 821
472 473
472 822
472 823
472 824
471 472
471 825
471 826
471 827
470 471
470 828
470 829
470 830
469 470
469 831
469 832
469 833
468 469
468 834
468 835
468 836
467 468
467 837
467 838
467 839
466 467
466 840
466 841
466 842
465 466
465 843
465 844
465 845
464 465
464 846
464 847
464 848
463 464
463 849
463 850
463 851
462 463
462 852
462 853
462 854
461 462
461 855
461 856
461 857
460 461
460 858
460 859
460 860
459 460
459 861
459 862
459 863
458 459
458 864
458 865
458 866
457 458
457 867
457 868
457 869
456 457
456 870
456 871
456 872
455 456
455 873
455 874
455 875
454 455
454 876
454 877
454 878
453 454
453 879
453 880
453 881
452 453
452 882
452 883
452 884
451 452
451 885
451 886
451 887
450 451
450 888
450 889
450 890
449 450
449 891
449 892
449 893
448 449
448 894
448 895
448 896
447 448
447 897
447 898
447 899
446 447
446 900
446 901
446 902
445 446
445 903
445 904
445 905
444 445
444 906
444 907
444 908
443 444
443 909
443 910
443 911
442 443
442 912
442 913
442 914
441 442
441 915
441 916
441 917
440 441
440 918
440 919
440 920
439 440
439 921
439 922
439 923
438 439
438 924
438 925
438 926
437 438
437 927
437 928
437 929
436 437
436 930
436 931
436 932
435 436
435 933
435 934
435 935
434 435
434 936
434 937
434 938
433 434
433 939
433 940
433 941
432 433
432 942
432 943
432 944
431 432
431 945
431 946
431 947
430 431
430 948
430 949
430 950
429 430
429 951
429 952
429 953
428 429
428 954
428 955
428 956
427 428
427 957
427 958
427 959
426 427
426 960
426 961
426 962
425 426
425 963
425 964
425 965
424 425
424 966
424 967
424 968
423 424
423 969
423 970
423 971
422 423
422 972
422 973
422 974
421 422
421 975
421 976
421 977
420 421
420 978
420 979
420 980
419 420
419 981
419 982
419 983
418 419
418 984
418 985
418 986
417 418
417 987
417 988
417 989
416 417
416 990
416 991
416 992
415 416
415 993
415 994
415 995
414 415
414 996
414 997
414 998
413 414
413 999
413 1000
413 1001
412 413
412 1002
412 1003
412 1004
411 412
411 1005
411 1006
411 1007
410 411
410 1008
410 1009
410 1010
409 410
409 1011
409 1012
409 1013
408 409
408 1014
408 1015
408 1016
407 408
407 1017
407 1018
407 1019
406 407
406 1020
406 1021
406 1022
405 406
405 1023
405 1024
405 1025
404 405
404 1026
404 1027
404 1028
403 404
403 1029
403 1030
403 1031
402 403
402 1032
402 1033
402 1034
401 402
401 1035
401 1036
401 1037
400 401
400 1038
400 1039
400 1040
399 400
399 1041
399 1042
399 1043
398 399
398 1044
398 1045
398 1046
397 398
397 1047
397 1048
397 1049
396 397
396 1050
396 1051
396 1052
395 396
395 1053
395 1054
395 1055
394 395
394 1056
394 1057
394 1058
393 394
393 1059
393 1060
393 1061
392 393
392 1062
392 1063
392 1064
391 392
391 1065
391 1066
391 1067
390 391
390 1068
390 1069
390 1070
389 390
389 1071
389 1072
389 1073
388 389
388 1074
388 1075
388 1076
387 388
387 1077
387 1078
387 1079
386 387
386 1080
386 1081
386 1082
385 386
385 1083
385 1084
385 1085
384 385
384 1086
384 1087
384 1088
383 384
383 1089
383 1090
383 1091
382 383
382 1092
382 1093
382 1094
381 382
381 1095
381 1096
381 1097
380 381
380 1098
380 1099
380 1100
379 380
379 1101
379 1102
379 1103
378 379
378 1104
378 1105
378 1106
377 378
377 1107
377 1108
377 1109
376 377
376 1110
376 1111
376 1112
375 376
375 1113
375 1114
375 1115
374 375
374 1116
374 1117
374 1118
373 374
373 1119
373 1120
373 1121
372 373
372 1122
372 1123
372 1124
371 372
371 1125
371 1126
371 1127
370 371
370 1128
370 1129
370 1130
369 370
369 1131
369 1132
369 1133
368 369
368 1134
368 1135
368 1136
367 368
367 1137
367 1138
367 1139
366 367
366 1140
366 1141
366 1142
365 366
365 1143
365 1144
365 1145
364 365
364 1146
364 1147
364 1148
363 364
363 1149
363 1150
363 1151
362 363
362 1152
362 1153
362 1154
361 362
361 1155
361 1156
361 1157
360 361
360 1158
360 1159
360 1160
359 360
359 1161
359 1162
359 1163
358 359
358 1164
358 1165
358 1166
357 358
357 1167
357 1168
357 1169
356 357
356 1170
356 1171
356 1172
355 356
355 1173
355 1174
355 1175
354 355
354 1176
354 1177
354 1178
353 354
353 1179
353 1180
353 1181
352 353
352 1182
352 1183
352 1184
351 352
351 1185
351 1186
351 1187
350 351
350 1188
350 1189
350 1190
349 350
349 1191
349 1192
349 1193
348 349
348 1194
348 1195
348 1196
347 348
347 1197
347 1198
347 1199
346 347
346 1200
346 1201
346 1202
345 346
345 1203
345 1204
345 1205
344 345
344 1206
344 1207
344 1208
343 344
343 1209
343 1210
343 1211
342 343
342 1212
342 1213
342 1214
341 342
341 1215
341 1216
341 1217
340 341
340 1218
340 1219
340 1220
339 340
339 1221
339 1222
339 1223
338 339
338 1224
338 1225
338 1226
337 338
337 1227
337 1228
337 1229
336 337
336 1230
336 1231
336 1232
335 336
335 1233
335 1234
335 1235
334 335
334 1236
334 1237
334 1238
333 334
333 1239
333 1240
333 1241
332 333
332 1242
332 1243
332 1244
331 332
331 1245
331 1246
331 1247
330 331
330 1248
330 1249
330 1250
329 330
329 1251
329 1252
329 1253
328 329
328 1254
328 1255
328 1256
327 328
327 1257
327 1258
327 1259
326 327
326 1260
326 1261
326 1262
325 326
325 1263
325 1264
325 1265
324 325
324 1266
324 1267
324 1268
323 324
323 1269
323 1270
323 1271
322 323
322 1272
322 1273
322 1274
321 322
321 1275
321 1276
321 1277
320 321
320 1278
320 1279
320 1280
319 320
319 1281
319 1282
319 1283
318 319
318 1284
318 1285
318 1286
317 318
317 1287
317 1288
317 1289
316 317
316 1290
316 1291
316 1292
315 316
315 1293
315 1294
315 1295
314 315
314 1296
314 1297
314 1298
313 314
313 1299
313 1300
313 1301
312 313
312 1302
312 1303
312 1304
311 312
311 1305
311 1306
311 1307
310 311
310 1308
310 1309
310 1310
309 310
309 1311
309 1312
309 1313
308 309
308 1314
308 1315
308 1316
307 308
307 1317
307 1318
307 1319
306 307
306 1320
306 1321
306 1322
305 306
305 1323
305 1324
305 1325
304 305
304 1326
304 1327
304 1328
303 304
303 1329
303 1330
303 1331
302 303
302 1332
302 1333
302 1334
301 302
301 1335
301 1336
301 1337
300 301
300 1338
300 1339
300 1340
299 300
299 1341
299 1342
299 1343
298 299
298 1344
298 1345
298 1346
297 298
297 1347
297 1348
297 1349
296 297
296 1350
296 1351
296 1352
295 296
295 1353
295 1354
295 1355
294 295
294 1356
294 1357
294 1358
293 294
293 1359
293 1360
293 1361
292 293
292 1362
292 1363
292 1364
291 292
291 1365
291 1366
291 1367
290 291
290 1368
290 1369
290 1370
289 290
289 1371
289 1372
289 1373
288 289
288 1374
288 1375
288 1376
287 288
287 1377
287 1378
287 1379
286 287
286 1380
286 1381
286 1382
285 286
285 1383
285 1384
285 1385
284 285
284 1386
284 1387
284 1388
283 284
283 1389
283 1390
283 1391
282 283
282 1392
282 1393
282 1394
281 282
281 1395
281 1396
281 1397
280 281
280 1398
280 1399
280 1400
279 280
279 1401
279 1402
279 1403
278 279
278 1404
278 1405
278 1406
277 278
277 1407
277 1408
277 1409
276 277
276 1410
276 1411
276 1412
275 276
275 1413
275 1414
275 1415
274 275
274 1416
274 1417
274 1418
273 274
273 1419
273 1420
273 1421
272 273
272 1422
272 1423
272 1424
271 272
271 1425
271 1426
271 1427
270 271
270 1428
270 1429
270 1430
269 270
269 1431
269 1432
269 1433
268 269
268 1434
268 1435
268 1436
267 268
267 1437
267 1438
267 1439
266 267
266 1440
266 1441
266 1442
265 266
265 1443
265 1444
265 1445
264 265
264 1446
264 1447
264 1448
263 264
263 1449
263 1450
263 1451
262 263
262 1452
262 1453
262 1454
261 262
261 1455
261 1456
261 1457
260 261
260 1458
260 1459
260 1460
259 260
259 1461
259 1462
259 1463
258 259
258 1464
258 1465
258 1466
257 258
257 1467
257 1468
257 1469
256 257
256 1470
256 1471
256 1472
255 256
255 1473
255 1474
255 1475
254 255
254 1476
254 1477
254 1478
253 254
253 1479
253 1480
253 1481
252 253
252 1482
252 1483
252 1484
251 252
251 1485
251 1486
251 1487
250 251
250 1488
250 1489
250 1490
249 250
249 1491
249 1492
249 1493
248 249
248 1494
248 1495
248 1496
247 248
247 1497
247 1498
247 1499
246 247
246 1500
246 1501
246 1502
245 246
245 1503
245 1504
245 1505
244 245
244 1506
244 1507
244 1508
243 244
243 1509
243 1510
243 1511
242 243
242 1512
242 1513
242 1514
241 242
241 1515
241 1516
241 1517
240 241
240 1518
240 1519
240 1520
239 240
239 1521
239 1522
239 1523
238 239
238 1524
238 1525
238 1526
237 238
237 1527
237 1528
237 1529
236 237
236 1530
236 1531
236 1532
235 236
235 1533
235 1534
235 1535
234 235
234 1536
234 1537
234 1538
233 234
233 1539
233 1540
233 1541
232 233
232 1542
232 1543
232 1544
231 232
231 1545
231 1546
231 1547
230 231
230 1548
230 1549
230 1550
229 230
229 1551
229 1552
229 1553
228 229
228 1554
228 1555
228 1556
227 228
227 1557
227 1558
227 1559
226 227
226 1560
226 1561
226 1562
225 226
225 1563
225 1564
225 1565
224 225
224 1566
224 1567
224 1568
223 224
223 1569
223 1570
223 1571
222 223
222 1572
222 1573
222 1574
221 222
221 1575
221 1576
221 1577
220 221
220 1578
220 1579
220 1580
219 220
219 1581
219 1582
219 1583
218 219
218 1584
218 1585
218 1586
217 218
217 1587
217 1588
217 1589
216 217
216 1590
216 1591
216 1592
215 216
215 1593
215 1594
215 1595
214 215
214 1596
214 1597
214 1598
213 214
213 1599
213 1600
213 1601
212 213
212 1602
212 1603
212 1604
211 212
211 1605
211 1606
211 1607
210 211
210 1608
210 1609
210 1610
209 210
209 1611
209 1612
209 1613
208 209
208 1614
208 1615
208 1616
207 208
207 1617
207 1618
207 1619
206 207
206 1620
206 1621
206 1622
205 206
205 1623
205 1624
205 1625
204 205
204 1626
204 1627
204 1628
203 204
203 1629
203 1630
203 1631
202 203
202 1632
202 1633
202 1634
201 202
201 1635
201 1636
201 1637
200 201
200 1638
200 1639
200 1640
199 200
199 1641
199 1642
199 1643
198 199
198 1644
198 1645
198 1646
197 198
197 1647
197 1648
197 1649
196 197
196 1650
196 1651
196 1652
195 196
195 1653
195 1654
195 1655
194 195
194 1656
194 1657
194 1658
193 194
193 1659
193 1660
193 1661
192 193
192 1662
192 1663
192 1664
191 192
191 1665
191 1666
191 1667
190 191
190 1668
190 1669
190 1670
189 190
189 1671
189 1672
189 1673
188 189
188 1674
188 1675
188 1676
187 188
187 1677
187 1678
187 1679
186 187
186 1680
186 1681
186 1682
185 186
185 1683
185 1684
185 1685
184 185
184 1686
184 1687
184 1688
183 184
183 1689
183 1690
183 1691
182 183
182 1692
182 1693
182 1694
181 182
181 1695
181 1696
181 1697
180 181
180 1698
180 1699
180 1700
179 180
179 1701
179 1702
179 1703
178 179
178 1704
178 1705
178 1706
177 178
177 1707
177 1708
177 1709
176 177
176 1710
176 1711
176 1712
175 176
175 1713
175 1714
175 1715
174 175
174 1716
174 1717
174 1718
173 174
173 1719
173 1720
173 1721
172 173
172 1722
172 1723
172 1724
171 172
171 1725
171 1726
171 1727
170 171
170 1728
170 1729
170 1730
169 170
169 1731
169 1732
169 1733
168 169
168 1734
168 1735
168 1736
167 168
167 1737
167 1738
167 1739
166 167
166 1740
166 1741
166 1742
165 166
165 1743
165 1744
165 1745
164 165
164 1746
164 1747
164 1748
163 164
163 1749
163 1750
163 1751
162 163
162 1752
162 1753
162 1754
161 162
161 1755
161 1756
161 1757
160 161
160 1758
160 1759
160 1760
159 160
159 1761
159 1762
159 1763
158 159
158 1764
158 1765
158 1766
157 158
157 1767
157 1768
157 1769
156 157
156 1770
156 1771
156 1772
155 156
155 1773
155 1774
155 1775
154 155
154 1776
154 1777
154 1778
153 154
153 1779
153 1780
153 1781
152 153
152 1782
152 1783
152 1784
151 152
151 1785
151 1786
151 1787
150 151
150 1788
150 1789
150 1790
149 150
149 1791
149 1792
149 1793
148 149
148 1794
148 1795
148 1796
147 148
147 1797
147 1798
147 1799
146 147
146 1800
146 1801
146 1802
145 146
145 1803
145 1804
145 1805
144 145
144 1806
144 1807
144 1808
143 144
143 1809
143 1810
143 1811
142 143
142 1812
142 1813
142 1814
141 142
141 1815
141 1816
141 1817
140 141
140 1818
140 1819
140 1820
139 140
139 1821
139 1822
139 1823
138 139
138 1824
138 1825
138 1826
137 138
137 1827
137 1828
137 1829
136 137
136 1830
136 1831
136 1832
135 136
135 1833
135 1834
135 1835
134 135
134 1836
134 1837
134 1838
133 134
133 1839
133 1840
133 1841
132 133
132 1842
132 1843
132 1844
131 132
131 1845
131 1846
131 1847
130 131
130 1848
130 1849
130 1850
129 130
129 1851
129 1852
129 1853
128 129
128 1854
128 1855
128 1856
127 128
127 1857
127 1858
127 1859
126 127
126 1860
126 1861
126 1862
125 126
125 1863
125 1864
125 1865
124 125
124 1866
124 1867
124 1868
123 124
123 1869
123 1870
123 1871
122 123
122 1872
122 1873
122 1874
121 122
121 1875
121 1876
121 1877
120 121
120 1878
120 1879
120 1880
119 120
119 1881
119 1882
119 1883
118 119
118 1884
118 1885
118 1886
117 118
117 1887
117 1888
117 1889
116 117
116 1890
116 1891
116 1892
115 116
115 1893
115 1894
115 1895
114 115
114 1896
114 1897
114 1898
113 114
113 1899
113 1900
113 1901
112 113
112 1902
112 1903
112 1904
111 112
111 1905
111 1906
111 1907
110 111
110 1908
110 1909
110 1910
109 110
109 1911
109 1912
109 1913
108 109
108 1914
108 1915
108 1916
107 108
107 1917
107 1918
107 1919
106 107
106 1920
106 1921
106 1922
105 106
105 1923
105 1924
105 1925
104 105
104 1926
104 1927
104 1928
103 104
103 1929
103 1930
103 1931
102 103
102 1932
102 1933
102 1934
101 102
101 1935
101 1936
101 1937
100 101
100 1938
100 1939
100 1940
99 100
99 1941
99 1942
99 1943
98 99
98 1944
98 1945
98 1946
97 98
97 1947
97 1948
97 1949
96 97
96 1950
96 1951
96 1952
95 96
95 1953
95 1954
95 1955
94 95
94 1956
94 1957
94 1958
93 94
93 1959
93 1960
93 1961
92 93
92 1962
92 1963
92 1964
91 92
91 1965
91 1966
91 1967
90 91
90 1968
90 1969
90 1970
89 90
89 1971
89 1972
89 1973
88 89
88 1974
88 1975
88 1976
87 88
87 1977
87 1978
87 1979
86 87
86 1980
86 1981
86 1982
85 86
85 1983
85 1984
85 1985
84 85
84 1986
84 1987
84 1988
83 84
83 1989
83 1990
83 1991
82 83
82 1992
82 1993
82 1994
81 82
81 1995
81 1996
81 1997
80 81
80 1998
80 1999
80 2000
79 80
79 2001
79 2002
79 2003
78 79
78 2004
78 2005
78 2006
77 78
77 2007
77 2008
77 2009
76 77
76 2010
76 2011
76 2012
75 76
75 2013
75 2014
75 2015
74 75
74 2016
74 2017
74 2018
73 74
73 2019
73 2020
73 2021
72 73
72 2022
72 2023
72 2024
71 72
71 2025
71 2026
71 2027
70 71
70 2028
70 2029
70 2030
69 70
69 2031
69 2032
69 2033
68 69
68 2034
68 2035
68 2036
67 68
67 2037
67 2038
67 2039
66 67
66 2040
66 2041
66 2042
65 66
65 2043
65 2044
65 2045
64 65
64 2046
64 2047
64 2048
63 64
63 2049
63 2050
63 2051
62 63
62 2052
62 2053
62 2054
61 62
61 2055
61 2056
61 2057
60 61
60 2058
60 2059
60 2060
59 60
59 2061
59 2062
59 2063
58 59
58 2064
58 2065
58 2066
57 58
57 2067
57 2068
57 2069
56 57
56 2070
56 2071
56 2072
55 56
55 2073
55 2074
55 2075
54 55
54 2076
54 2077
54 2078
53 54
53 2079
53 2080
53 2081
52 53
52 2082
52 2083
52 2084
51 52
51 2085
51 2086
51 2087
50 51
50 2088
50 2089
50 2090
49 50
49 2091
49 2092
49 2093
48 49
48 2094
48 2095
48 2096
47 48
47 2097
47 2098
47 2099
46 47
46 2100
46 2101
46 2102
45 46
45 2103
45 2104
45 2105
44 45
44 2106
44 2107
44 2108
43 44
43 2109
43 2110
43 2111
42 43
42 2112
42 2113
42 2114
41 42
41 2115
41 2116
41 2117
40 41
40 2118
40 2119
40 2120
39 40
39 2121
39 2122
39 2123
38 39
38 2124
38 2125
38 2126
37 38
37 2127
37 2128
37 2129
36 37
36 2130
36 2131
36 2132
35 36
35 2133
35 2134
35 2135
34 35
34 2136
34 2137
34 2138
33 34
33 2139
33 2140
33 2141
32 33
32 2142
32 2143
32 2144
31 32
31 2145
31 2146
31 2147
30 31
30 2148
30 2149
30 2150
29 30
29 2151
29 2152
29 2153
28 29
28 2154
28 2155
28 2156
27 28
27 2157
27 2158
27 2159
26 27
26 2160
26 2161
26 2162
25 26
25 2163
25 2164
25 2165
24 25
24 2166
24 2167
24 2168
23 24
23 2169
23 2170
23 2171
22 23
22 2172
22 2173
22 2174
21 22
21 2175
21 2176
21 2177
20 21
20 2178
20 2179
20 2180
19 20
19 2181
19 2182
19 2183
18 19
18 2184
18 2185
18 2186
17 18
17 2187
17 2188
17 2189
16 17
16 2190
16 2191
16 2192
15 16
15 2193
15 2194
15 2195
14 15
14 2196
14 2197
14 2198
13 14
13 2199
13 2200
13 2201
12 13
12 2202
12 2203
12 2204
11 12
11 2205
11 2206
11 2207
10 11
10 2208
10 2209
10 2210
9 10
9 2211
9 2212
9 2213
8 9
8 2214
8 2215
8 2216
7 8
7 2217
7 2218
7 2219
6 7
6 2220
6 2221
6 2222
5 6
5 2223
5 2224
5 2225
4 5
4 2226
4 2227
4 2228
3 4
3 2229
3 2230
3 2231
2 3
2 2232
2 2233
2 2234
1 2
1 2235
