2385 23421354
596 597
596 598
596 599
596 600
595 596
595 601
595 602
595 603
594 595
594 604
594 605
594 606
593 594
593 607
593 608
593 609
592 593
592 610
592 611
592 612
591 592
591 613
591 614
591 615
590 591
590 616
590 617
590 618
589 590
589 619
589 620
589 621
588 589
588 622
588 623
588 624
587 588
587 625
587 626
587 627
586 587
586 628
586 629
586 630
585 586
585 631
585 632
585 633
584 585
584 634
584 635
584 636
583 584
583 637
583 638
583 639
582 583
582 640
582 641
582 642
581 582
581 643
581 644
581 645
580 581
580 646
580 647
580 648
579 580
579 649
579 650
579 651
578 579
578 652
578 653
578 654
577 578
577 655
577 656
577 657
576 577
576 658
576 659
576 660
575 576
575 661
575 662
575 663
574 575
574 664
574 665
574 666
573 574
573 667
573 668
573 669
572 573
572 670
572 671
572 672
571 572
571 673
571 674
571 675
570 571
570 676
570 677
570 678
569 570
569 679
569 680
569 681
568 569
568 682
568 683
568 684
567 568
567 685
567 686
567 687
566 567
566 688
566 689
566 690
565 566
565 691
565 692
565 693
564 565
564 694
564 695
564 696
563 564
563 697
563 698
563 699
562 563
562 700
562 701
562 702
561 562
561 703
561 704
561 705
560 561
560 706
560 707
560 708
559 560
559 709
559 710
559 711
558 559
558 712
558 713
558 714
557 558
557 715
557 716
557 717
556 557
556 718
556 719
556 720
555 556
555 721
555 722
555 723
554 555
554 724
554 725
554 726
553 554
553 727
553 728
553 729
552 553
552 730
552 731
552 732
551 552
551 733
551 734
551 735
550 551
550 736
550 737
550 738
549 550
549 739
549 740
549 741
548 549
548 742
548 743
548 744
547 548
547 745
547 746
547 747
546 547
546 748
546 749
546 750
545 546
545 751
545 752
545 753
544 545
544 754
544 755
544 756
543 544
543 757
543 758
543 759
542 543
542 760
542 761
542 762
541 542
541 763
541 764
541 765
540 541
540 766
540 767
540 768
539 540
539 769
539 770
539 771
538 539
538 772
538 773
538 774
537 538
537 775
537 776
537 777
536 537
536 778
536 779
536 780
535 536
535 781
535 782
535 783
534 535
534 784
534 785
534 786
533 534
533 787
533 788
533 789
532 533
532 790
532 791
532 792
531 532
531 793
531 794
531 795
530 531
530 796
530 797
530 798
529 530
529 799
529 800
529 801
528 529
528 802
528 803
528 804
527 528
527 805
527 806
527 807
526 527
526 808
526 809
526 810
525 526
525 811
525 812
525 813
524 525
524 814
524 815
524 816
523 524
523 817
523 818
523 819
522 523
522 820
522 821
522 822
521 522
521 823
521 824
521 825
520 521
520 826
520 827
520 828
519 520
519 829
519 830
519 831
518 519
518 832
518 833
518 834
517 518
517 835
517 836
517 837
516 517
516 838
516 839
516 840
515 516
515 841
515 842
515 843
514 515
514 844
514 845
514 846
513 514
513 847
513 848
513 849
512 513
512 850
512 851
512 852
511 512
511 853
511 854
511 855
510 511
510 856
510 857
510 858
509 510
509 859
509 860
509 861
508 509
508 862
508 863
508 864
507 508
507 865
507 866
507 867
506 507
506 868
506 869
506 870
505 506
505 871
505 872
505 873
504 505
504 874
504 875
504 876
503 504
503 877
503 878
503 879
502 503
502 880
502 881
502 882
501 502
501 883
501 884
501 885
500 501
500 886
500 887
500 888
499 500
499 889
499 890
499 891
498 499
498 892
498 893
498 894
497 498
497 895
497 896
497 897
496 497
496 898
496 899
496 900
495 496
495 901
495 902
495 903
494 495
494 904
494 905
494 906
493 494
493 907
493 908
493 909
492 493
492 910
492 911
492 912
491 492
491 913
491 914
491 915
490 491
490 916
490 917
490 918
489 490
489 919
489 920
489 921
488 489
488 922
488 923
488 924
487 488
487 925
487 926
487 927
486 487
486 928
486 929
486 930
485 486
485 931
485 932
485 933
484 485
484 934
484 935
484 936
483 484
483 937
483 938
483 939
482 483
482 940
482 941
482 942
481 482
481 943
481 944
481 945
480 481
480 946
480 947
480 948
479 480
479 949
479 950
479 951
478 479
478 952
478 953
478 954
477 478
477 955
477 956
477 957
476 477
476 958
476 959
476 960
475 476
475 961
475 962
475 963
474 475
474 964
474 965
474 966
473 474
473 967
473 968
473 969
472 473
472 970
472 971
472 972
471 472
471 973
471 974
471 975
470 471
470 976
470 977
470 978
469 470
469 979
469 980
469 981
468 469
468 982
468 983
468 984
467 468
467 985
467 986
467 987
466 467
466 988
466 989
466 990
465 466
465 991
465 992
465 993
464 465
464 994
464 995
464 996
463 464
463 997
463 998
463 999
462 463
462 1000
462 1001
462 1002
461 462
461 1003
461 1004
461 1005
460 461
460 1006
460 1007
460 1008
459 460
459 1009
459 1010
459 1011
458 459
458 1012
458 1013
458 1014
457 458
457 1015
457 1016
457 1017
456 457
456 1018
456 1019
456 1020
455 456
455 1021
455 1022
455 1023
454 455
454 1024
454 1025
454 1026
453 454
453 1027
453 1028
453 1029
452 453
452 1030
452 1031
452 1032
451 452
451 1033
451 1034
451 1035
450 451
450 1036
450 1037
450 1038
449 450
449 1039
449 1040
449 1041
448 449
448 1042
448 1043
448 1044
447 448
447 1045
447 1046
447 1047
446 447
446 1048
446 1049
446 1050
445 446
445 1051
445 1052
445 1053
444 445
444 1054
444 1055
444 1056
443 444
443 1057
443 1058
443 1059
442 443
442 1060
442 1061
442 1062
441 442
441 1063
441 1064
441 1065
440 441
440 1066
440 1067
440 1068
439 440
439 1069
439 1070
439 1071
438 439
438 1072
438 1073
438 1074
437 438
437 1075
437 1076
437 1077
436 437
436 1078
436 1079
436 1080
435 436
435 1081
435 1082
435 1083
434 435
434 1084
434 1085
434 1086
433 434
433 1087
433 1088
433 1089
432 433
432 1090
432 1091
432 1092
431 432
431 1093
431 1094
431 1095
430 431
430 1096
430 1097
430 1098
429 430
429 1099
429 1100
429 1101
428 429
428 1102
428 1103
428 1104
427 428
427 1105
427 1106
427 1107
426 427
426 1108
426 1109
426 1110
425 426
425 1111
425 1112
425 1113
424 425
424 1114
424 1115
424 1116
423 424
423 1117
423 1118
423 1119
422 423
422 1120
422 1121
422 1122
421 422
421 1123
421 1124
421 1125
420 421
420 1126
420 1127
420 1128
419 420
419 1129
419 1130
419 1131
418 419
418 1132
418 1133
418 1134
417 418
417 1135
417 1136
417 1137
416 417
416 1138
416 1139
416 1140
415 416
415 1141
415 1142
415 1143
414 415
414 1144
414 1145
414 1146
413 414
413 1147
413 1148
413 1149
412 413
412 1150
412 1151
412 1152
411 412
411 1153
411 1154
411 1155
410 411
410 1156
410 1157
410 1158
409 410
409 1159
409 1160
409 1161
408 409
408 1162
408 1163
408 1164
407 408
407 1165
407 1166
407 1167
406 407
406 1168
406 1169
406 1170
405 406
405 1171
405 1172
405 1173
404 405
404 1174
404 1175
404 1176
403 404
403 1177
403 1178
403 1179
402 403
402 1180
402 1181
402 1182
401 402
401 1183
401 1184
401 1185
400 401
400 1186
400 1187
400 1188
399 400
399 1189
399 1190
399 1191
398 399
398 1192
398 1193
398 1194
397 398
397 1195
397 1196
397 1197
396 397
396 1198
396 1199
396 1200
395 396
395 1201
395 1202
395 1203
394 395
394 1204
394 1205
394 1206
393 394
393 1207
393 1208
393 1209
392 393
392 1210
392 1211
392 1212
391 392
391 1213
391 1214
391 1215
390 391
390 1216
390 1217
390 1218
389 390
389 1219
389 1220
389 1221
388 389
388 1222
388 1223
388 1224
387 388
387 1225
387 1226
387 1227
386 387
386 1228
386 1229
386 1230
385 386
385 1231
385 1232
385 1233
384 385
384 1234
384 1235
384 1236
383 384
383 1237
383 1238
383 1239
382 383
382 1240
382 1241
382 1242
381 382
381 1243
381 1244
381 1245
380 381
380 1246
380 1247
380 1248
379 380
379 1249
379 1250
379 1251
378 379
378 1252
378 1253
378 1254
377 378
377 1255
377 1256
377 1257
376 377
376 1258
376 1259
376 1260
375 376
375 1261
375 1262
375 1263
374 375
374 1264
374 1265
374 1266
373 374
373 1267
373 1268
373 1269
372 373
372 1270
372 1271
372 1272
371 372
371 1273
371 1274
371 1275
370 371
370 1276
370 1277
370 1278
369 370
369 1279
369 1280
369 1281
368 369
368 1282
368 1283
368 1284
367 368
367 1285
367 1286
367 1287
366 367
366 1288
366 1289
366 1290
365 366
365 1291
365 1292
365 1293
364 365
364 1294
364 1295
364 1296
363 364
363 1297
363 1298
363 1299
362 363
362 1300
362 1301
362 1302
361 362
361 1303
361 1304
361 1305
360 361
360 1306
360 1307
360 1308
359 360
359 1309
359 1310
359 1311
358 359
358 1312
358 1313
358 1314
357 358
357 1315
357 1316
357 1317
356 357
356 1318
356 1319
356 1320
355 356
355 1321
355 1322
355 1323
354 355
354 1324
354 1325
354 1326
353 354
353 1327
353 1328
353 1329
352 353
352 1330
352 1331
352 1332
351 352
351 1333
351 1334
351 1335
350 351
350 1336
350 1337
350 1338
349 350
349 1339
349 1340
349 1341
348 349
348 1342
348 1343
348 1344
347 348
347 1345
347 1346
347 1347
346 347
346 1348
346 1349
346 1350
345 346
345 1351
345 1352
345 1353
344 345
344 1354
344 1355
344 1356
343 344
343 1357
343 1358
343 1359
342 343
342 1360
342 1361
342 1362
341 342
341 1363
341 1364
341 1365
340 341
340 1366
340 1367
340 1368
339 340
339 1369
339 1370
339 1371
338 339
338 1372
338 1373
338 1374
337 338
337 1375
337 1376
337 1377
336 337
336 1378
336 1379
336 1380
335 336
335 1381
335 1382
335 1383
334 335
334 1384
334 1385
334 1386
333 334
333 1387
333 1388
333 1389
332 333
332 1390
332 1391
332 1392
331 332
331 1393
331 1394
331 1395
330 331
330 1396
330 1397
330 1398
329 330
329 1399
329 1400
329 1401
328 329
328 1402
328 1403
328 1404
327 328
327 1405
327 1406
327 1407
326 327
326 1408
326 1409
326 1410
325 326
325 1411
325 1412
325 1413
324 325
324 1414
324 1415
324 1416
323 324
323 1417
323 1418
323 1419
322 323
322 1420
322 1421
322 1422
321 322
321 1423
321 1424
321 1425
320 321
320 1426
320 1427
320 1428
319 320
319 1429
319 1430
319 1431
318 319
318 1432
318 1433
318 1434
317 318
317 1435
317 1436
317 1437
316 317
316 1438
316 1439
316 1440
315 316
315 1441
315 1442
315 1443
314 315
314 1444
314 1445
314 1446
313 314
313 1447
313 1448
313 1449
312 313
312 1450
312 1451
312 1452
311 312
311 1453
311 1454
311 1455
310 311
310 1456
310 1457
310 1458
309 310
309 1459
309 1460
309 1461
308 309
308 1462
308 1463
308 1464
307 308
307 1465
307 1466
307 1467
306 307
306 1468
306 1469
306 1470
305 306
305 1471
305 1472
305 1473
304 305
304 1474
304 1475
304 1476
303 304
303 1477
303 1478
303 1479
302 303
302 1480
302 1481
302 1482
301 302
301 1483
301 1484
301 1485
300 301
300 1486
300 1487
300 1488
299 300
299 1489
299 1490
299 1491
298 299
298 1492
298 1493
298 1494
297 298
297 1495
297 1496
297 1497
296 297
296 1498
296 1499
296 1500
295 296
295 1501
295 1502
295 1503
294 295
294 1504
294 1505
294 1506
293 294
293 1507
293 1508
293 1509
292 293
292 1510
292 1511
292 1512
291 292
291 1513
291 1514
291 1515
290 291
290 1516
290 1517
290 1518
289 290
289 1519
289 1520
289 1521
288 289
288 1522
288 1523
288 1524
287 288
287 1525
287 1526
287 1527
286 287
286 1528
286 1529
286 1530
285 286
285 1531
285 1532
285 1533
284 285
284 1534
284 1535
284 1536
283 284
283 1537
283 1538
283 1539
282 283
282 1540
282 1541
282 1542
281 282
281 1543
281 1544
281 1545
280 281
280 1546
280 1547
280 1548
279 280
279 1549
279 1550
279 1551
278 279
278 1552
278 1553
278 1554
277 278
277 1555
277 1556
277 1557
276 277
276 1558
276 1559
276 1560
275 276
275 1561
275 1562
275 1563
274 275
274 1564
274 1565
274 1566
273 274
273 1567
273 1568
273 1569
272 273
272 1570
272 1571
272 1572
271 272
271 1573
271 1574
271 1575
270 271
270 1576
270 1577
270 1578
269 270
269 1579
269 1580
269 1581
268 269
268 1582
268 1583
268 1584
267 268
267 1585
267 1586
267 1587
266 267
266 1588
266 1589
266 1590
265 266
265 1591
265 1592
265 1593
264 265
264 1594
264 1595
264 1596
263 264
263 1597
263 1598
263 1599
262 263
262 1600
262 1601
262 1602
261 262
261 1603
261 1604
261 1605
260 261
260 1606
260 1607
260 1608
259 260
259 1609
259 1610
259 1611
258 259
258 1612
258 1613
258 1614
257 258
257 1615
257 1616
257 1617
256 257
256 1618
256 1619
256 1620
255 256
255 1621
255 1622
255 1623
254 255
254 1624
254 1625
254 1626
253 254
253 1627
253 1628
253 1629
252 253
252 1630
252 1631
252 1632
251 252
251 1633
251 1634
251 1635
250 251
250 1636
250 1637
250 1638
249 250
249 1639
249 1640
249 1641
248 249
248 1642
248 1643
248 1644
247 248
247 1645
247 1646
247 1647
246 247
246 1648
246 1649
246 1650
245 246
245 1651
245 1652
245 1653
244 245
244 1654
244 1655
244 1656
243 244
243 1657
243 1658
243 1659
242 243
242 1660
242 1661
242 1662
241 242
241 1663
241 1664
241 1665
240 241
240 1666
240 1667
240 1668
239 240
239 1669
239 1670
239 1671
238 239
238 1672
238 1673
238 1674
237 238
237 1675
237 1676
237 1677
236 237
236 1678
236 1679
236 1680
235 236
235 1681
235 1682
235 1683
234 235
234 1684
234 1685
234 1686
233 234
233 1687
233 1688
233 1689
232 233
232 1690
232 1691
232 1692
231 232
231 1693
231 1694
231 1695
230 231
230 1696
230 1697
230 1698
229 230
229 1699
229 1700
229 1701
228 229
228 1702
228 1703
228 1704
227 228
227 1705
227 1706
227 1707
226 227
226 1708
226 1709
226 1710
225 226
225 1711
225 1712
225 1713
224 225
224 1714
224 1715
224 1716
223 224
223 1717
223 1718
223 1719
222 223
222 1720
222 1721
222 1722
221 222
221 1723
221 1724
221 1725
220 221
220 1726
220 1727
220 1728
219 220
219 1729
219 1730
219 1731
218 219
218 1732
218 1733
218 1734
217 218
217 1735
217 1736
217 1737
216 217
216 1738
216 1739
216 1740
215 216
215 1741
215 1742
215 1743
214 215
214 1744
214 1745
214 1746
213 214
213 1747
213 1748
213 1749
212 213
212 1750
212 1751
212 1752
211 212
211 1753
211 1754
211 1755
210 211
210 1756
210 1757
210 1758
209 210
209 1759
209 1760
209 1761
208 209
208 1762
208 1763
208 1764
207 208
207 1765
207 1766
207 1767
206 207
206 1768
206 1769
206 1770
205 206
205 1771
205 1772
205 1773
204 205
204 1774
204 1775
204 1776
203 204
203 1777
203 1778
203 1779
202 203
202 1780
202 1781
202 1782
201 202
201 1783
201 1784
201 1785
200 201
200 1786
200 1787
200 1788
199 200
199 1789
199 1790
199 1791
198 199
198 1792
198 1793
198 1794
197 198
197 1795
197 1796
197 1797
196 197
196 1798
196 1799
196 1800
195 196
195 1801
195 1802
195 1803
194 195
194 1804
194 1805
194 1806
193 194
193 1807
193 1808
193 1809
192 193
192 1810
192 1811
192 1812
191 192
191 1813
191 1814
191 1815
190 191
190 1816
190 1817
190 1818
189 190
189 1819
189 1820
189 1821
188 189
188 1822
188 1823
188 1824
187 188
187 1825
187 1826
187 1827
186 187
186 1828
186 1829
186 1830
185 186
185 1831
185 1832
185 1833
184 185
184 1834
184 1835
184 1836
183 184
183 1837
183 1838
183 1839
182 183
182 1840
182 1841
182 1842
181 182
181 1843
181 1844
181 1845
180 181
180 1846
180 1847
180 1848
179 180
179 1849
179 1850
179 1851
178 179
178 1852
178 1853
178 1854
177 178
177 1855
177 1856
177 1857
176 177
176 1858
176 1859
176 1860
175 176
175 1861
175 1862
175 1863
174 175
174 1864
174 1865
174 1866
173 174
173 1867
173 1868
173 1869
172 173
172 1870
172 1871
172 1872
171 172
171 1873
171 1874
171 1875
170 171
170 1876
170 1877
170 1878
169 170
169 1879
169 1880
169 1881
168 169
168 1882
168 1883
168 1884
167 168
167 1885
167 1886
167 1887
166 167
166 1888
166 1889
166 1890
165 166
165 1891
165 1892
165 1893
164 165
164 1894
164 1895
164 1896
163 164
163 1897
163 1898
163 1899
162 163
162 1900
162 1901
162 1902
161 162
161 1903
161 1904
161 1905
160 161
160 1906
160 1907
160 1908
159 160
159 1909
159 1910
159 1911
158 159
158 1912
158 1913
158 1914
157 158
157 1915
157 1916
157 1917
156 157
156 1918
156 1919
156 1920
155 156
155 1921
155 1922
155 1923
154 155
154 1924
154 1925
154 1926
153 154
153 1927
153 1928
153 1929
152 153
152 1930
152 1931
152 1932
151 152
151 1933
151 1934
151 1935
150 151
150 1936
150 1937
150 1938
149 150
149 1939
149 1940
149 1941
148 149
148 1942
148 1943
148 1944
147 148
147 1945
147 1946
147 1947
146 147
146 1948
146 1949
146 1950
145 146
145 1951
145 1952
145 1953
144 145
144 1954
144 1955
144 1956
143 144
143 1957
143 1958
143 1959
142 143
142 1960
142 1961
142 1962
141 142
141 1963
141 1964
141 1965
140 141
140 1966
140 1967
140 1968
139 140
139 1969
139 1970
139 1971
138 139
138 1972
138 1973
138 1974
137 138
137 1975
137 1976
137 1977
136 137
136 1978
136 1979
136 1980
135 136
135 1981
135 1982
135 1983
134 135
134 1984
134 1985
134 1986
133 134
133 1987
133 1988
133 1989
132 133
132 1990
132 1991
132 1992
131 132
131 1993
131 1994
131 1995
130 131
130 1996
130 1997
130 1998
129 130
129 1999
129 2000
129 2001
128 129
128 2002
128 2003
128 2004
127 128
127 2005
127 2006
127 2007
126 127
126 2008
126 2009
126 2010
125 126
125 2011
125 2012
125 2013
124 125
124 2014
124 2015
124 2016
123 124
123 2017
123 2018
123 2019
122 123
122 2020
122 2021
122 2022
121 122
121 2023
121 2024
121 2025
120 121
120 2026
120 2027
120 2028
119 120
119 2029
119 2030
119 2031
118 119
118 2032
118 2033
118 2034
117 118
117 2035
117 2036
117 2037
116 117
116 2038
116 2039
116 2040
115 116
115 2041
115 2042
115 2043
114 115
114 2044
114 2045
114 2046
113 114
113 2047
113 2048
113 2049
112 113
112 2050
112 2051
112 2052
111 112
111 2053
111 2054
111 2055
110 111
110 2056
110 2057
110 2058
109 110
109 2059
109 2060
109 2061
108 109
108 2062
108 2063
108 2064
107 108
107 2065
107 2066
107 2067
106 107
106 2068
106 2069
106 2070
105 106
105 2071
105 2072
105 2073
104 105
104 2074
104 2075
104 2076
103 104
103 2077
103 2078
103 2079
102 103
102 2080
102 2081
102 2082
101 102
101 2083
101 2084
101 2085
100 101
100 2086
100 2087
100 2088
99 100
99 2089
99 2090
99 2091
98 99
98 2092
98 2093
98 2094
97 98
97 2095
97 2096
97 2097
96 97
96 2098
96 2099
96 2100
95 96
95 2101
95 2102
95 2103
94 95
94 2104
94 2105
94 2106
93 94
93 2107
93 2108
93 2109
92 93
92 2110
92 2111
92 2112
91 92
91 2113
91 2114
91 2115
90 91
90 2116
90 2117
90 2118
89 90
89 2119
89 2120
89 2121
88 89
88 2122
88 2123
88 2124
87 88
87 2125
87 2126
87 2127
86 87
86 2128
86 2129
86 2130
85 86
85 2131
85 2132
85 2133
84 85
84 2134
84 2135
84 2136
83 84
83 2137
83 2138
83 2139
82 83
82 2140
82 2141
82 2142
81 82
81 2143
81 2144
81 2145
80 81
80 2146
80 2147
80 2148
79 80
79 2149
79 2150
79 2151
78 79
78 2152
78 2153
78 2154
77 78
77 2155
77 2156
77 2157
76 77
76 2158
76 2159
76 2160
75 76
75 2161
75 2162
75 2163
74 75
74 2164
74 2165
74 2166
73 74
73 2167
73 2168
73 2169
72 73
72 2170
72 2171
72 2172
71 72
71 2173
71 2174
71 2175
70 71
70 2176
70 2177
70 2178
69 70
69 2179
69 2180
69 2181
68 69
68 2182
68 2183
68 2184
67 68
67 2185
67 2186
67 2187
66 67
66 2188
66 2189
66 2190
65 66
65 2191
65 2192
65 2193
64 65
64 2194
64 2195
64 2196
63 64
63 2197
63 2198
63 2199
62 63
62 2200
62 2201
62 2202
61 62
61 2203
61 2204
61 2205
60 61
60 2206
60 2207
60 2208
59 60
59 2209
59 2210
59 2211
58 59
58 2212
58 2213
58 2214
57 58
57 2215
57 2216
57 2217
56 57
56 2218
56 2219
56 2220
55 56
55 2221
55 2222
55 2223
54 55
54 2224
54 2225
54 2226
53 54
53 2227
53 2228
53 2229
52 53
52 2230
52 2231
52 2232
51 52
51 2233
51 2234
51 2235
50 51
50 2236
50 2237
50 2238
49 50
49 2239
49 2240
49 2241
48 49
48 2242
48 2243
48 2244
47 48
47 2245
47 2246
47 2247
46 47
46 2248
46 2249
46 2250
45 46
45 2251
45 2252
45 2253
44 45
44 2254
44 2255
44 2256
43 44
43 2257
43 2258
43 2259
42 43
42 2260
42 2261
42 2262
41 42
41 2263
41 2264
41 2265
40 41
40 2266
40 2267
40 2268
39 40
39 2269
39 2270
39 2271
38 39
38 2272
38 2273
38 2274
37 38
37 2275
37 2276
37 2277
36 37
36 2278
36 2279
36 2280
35 36
35 2281
35 2282
35 2283
34 35
34 2284
34 2285
34 2286
33 34
33 2287
33 2288
33 2289
32 33
32 2290
32 2291
32 2292
31 32
31 2293
31 2294
31 2295
30 31
30 2296
30 2297
30 2298
29 30
29 2299
29 2300
29 2301
28 29
28 2302
28 2303
28 2304
27 28
27 2305
27 2306
27 2307
26 27
26 2308
26 2309
26 2310
25 26
25 2311
25 2312
25 2313
24 25
24 2314
24 2315
24 2316
23 24
23 2317
23 2318
23 2319
22 23
22 2320
22 2321
22 2322
21 22
21 2323
21 2324
21 2325
20 21
20 2326
20 2327
20 2328
19 20
19 2329
19 2330
19 2331
18 19
18 2332
18 2333
18 2334
17 18
17 2335
17 2336
17 2337
16 17
16 2338
16 2339
16 2340
15 16
15 2341
15 2342
15 2343
14 15
14 2344
14 2345
14 2346
13 14
13 2347
13 2348
13 2349
12 13
12 2350
12 2351
12 2352
11 12
11 2353
11 2354
11 2355
10 11
10 2356
10 2357
10 2358
9 10
9 2359
9 2360
9 2361
8 9
8 2362
8 2363
8 2364
7 8
7 2365
7 2366
7 2367
6 7
6 2368
6 2369
6 2370
5 6
5 2371
5 2372
5 2373
4 5
4 2374
4 2375
4 2376
3 4
3 2377
3 2378
3 2379
2 3
2 2380
2 2381
2 2382
1 2
1 2383
1 2384
1 2385
1 2386
