2255 32619088
564 565
564 566
564 567
564 568
563 564
563 569
563 570
563 571
562 563
562 572
562 573
562 574
561 562
561 575
561 576
561 577
560 561
560 578
560 579
560 580
559 560
559 581
559 582
559 583
558 559
558 584
558 585
558 586
557 558
557 587
557 588
557 589
556 557
556 590
556 591
556 592
555 556
555 593
555 594
555 595
554 555
554 596
554 597
554 598
553 554
553 599
553 600
553 601
552 553
552 602
552 603
552 604
551 552
551 605
551 606
551 607
550 551
550 608
550 609
550 610
549 550
549 611
549 612
549 613
548 549
548 614
548 615
548 616
547 548
547 617
547 618
547 619
546 547
546 620
546 621
546 622
545 546
545 623
545 624
545 625
544 545
544 626
544 627
544 628
543 544
543 629
543 630
543 631
542 543
542 632
542 633
542 634
541 542
541 635
541 636
541 637
540 541
540 638
540 639
540 640
539 540
539 641
539 642
539 643
538 539
538 644
538 645
538 646
537 538
537 647
537 648
537 649
536 537
536 650
536 651
536 652
535 536
535 653
535 654
535 655
534 535
534 656
534 657
534 658
533 534
533 659
533 660
533 661
532 533
532 662
532 663
532 664
531 532
531 665
531 666
531 667
530 531
530 668
530 669
530 670
529 530
529 671
529 672
529 673
528 529
528 674
528 675
528 676
527 528
527 677
527 678
527 679
526 527
526 680
526 681
526 682
525 526
525 683
525 684
525 685
524 525
524 686
524 687
524 688
523 524
523 689
523 690
523 691
522 523
522 692
522 693
522 694
521 522
521 695
521 696
521 697
520 521
520 698
520 699
520 700
519 520
519 701
519 702
519 703
518 519
518 704
518 705
518 706
517 518
517 707
517 708
517 709
516 517
516 710
516 711
516 712
515 516
515 713
515 714
515 715
514 515
514 716
514 717
514 718
513 514
513 719
513 720
513 721
512 513
512 722
512 723
512 724
511 512
511 725
511 726
511 727
510 511
510 728
510 729
510 730
509 510
509 731
509 732
509 733
508 509
508 734
508 735
508 736
507 508
507 737
507 738
507 739
506 507
506 740
506 741
506 742
505 506
505 743
505 744
505 745
504 505
504 746
504 747
504 748
503 504
503 749
503 750
503 751
502 503
502 752
502 753
502 754
501 502
501 755
501 756
501 757
500 501
500 758
500 759
500 760
499 500
499 761
499 762
499 763
498 499
498 764
498 765
498 766
497 498
497 767
497 768
497 769
496 497
496 770
496 771
496 772
495 496
495 773
495 774
495 775
494 495
494 776
494 777
494 778
493 494
493 779
493 780
493 781
492 493
492 782
492 783
492 784
491 492
491 785
491 786
491 787
490 491
490 788
490 789
490 790
489 490
489 791
489 792
489 793
488 489
488 794
488 795
488 796
487 488
487 797
487 798
487 799
486 487
486 800
486 801
486 802
485 486
485 803
485 804
485 805
484 485
484 806
484 807
484 808
483 484
483 809
483 810
483 811
482 483
482 812
482 813
482 814
481 482
481 815
481 816
481 817
480 481
480 818
480 819
480 820
479 480
479 821
479 822
479 823
478 479
478 824
478 825
478 826
477 478
477 827
477 828
477 829
476 477
476 830
476 831
476 832
475 476
475 833
475 834
475 835
474 475
474 836
474 837
474 838
473 474
473 839
473 840
473 841
472 473
472 842
472 843
472 844
471 472
471 845
471 846
471 847
470 471
470 848
470 849
470 850
469 470
469 851
469 852
469 853
468 469
468 854
468 855
468 856
467 468
467 857
467 858
467 859
466 467
466 860
466 861
466 862
465 466
465 863
465 864
465 865
464 465
464 866
464 867
464 868
463 464
463 869
463 870
463 871
462 463
462 872
462 873
462 874
461 462
461 875
461 876
461 877
460 461
460 878
460 879
460 880
459 460
459 881
459 882
459 883
458 459
458 884
458 885
458 886
457 458
457 887
457 888
457 889
456 457
456 890
456 891
456 892
455 456
455 893
455 894
455 895
454 455
454 896
454 897
454 898
453 454
453 899
453 900
453 901
452 453
452 902
452 903
452 904
451 452
451 905
451 906
451 907
450 451
450 908
450 909
450 910
449 450
449 911
449 912
449 913
448 449
448 914
448 915
448 916
447 448
447 917
447 918
447 919
446 447
446 920
446 921
446 922
445 446
445 923
445 924
445 925
444 445
444 926
444 927
444 928
443 444
443 929
443 930
443 931
442 443
442 932
442 933
442 934
441 442
441 935
441 936
441 937
440 441
440 938
440 939
440 940
439 440
439 941
439 942
439 943
438 439
438 944
438 945
438 946
437 438
437 947
437 948
437 949
436 437
436 950
436 951
436 952
435 436
435 953
435 954
435 955
434 435
434 956
434 957
434 958
433 434
433 959
433 960
433 961
432 433
432 962
432 963
432 964
431 432
431 965
431 966
431 967
430 431
430 968
430 969
430 970
429 430
429 971
429 972
429 973
428 429
428 974
428 975
428 976
427 428
427 977
427 978
427 979
426 427
426 980
426 981
426 982
425 426
425 983
425 984
425 985
424 425
424 986
424 987
424 988
423 424
423 989
423 990
423 991
422 423
422 992
422 993
422 994
421 422
421 995
421 996
421 997
420 421
420 998
420 999
420 1000
419 420
419 1001
419 1002
419 1003
418 419
418 1004
418 1005
418 1006
417 418
417 1007
417 1008
417 1009
416 417
416 1010
416 1011
416 1012
415 416
415 1013
415 1014
415 1015
414 415
414 1016
414 1017
414 1018
413 414
413 1019
413 1020
413 1021
412 413
412 1022
412 1023
412 1024
411 412
411 1025
411 1026
411 1027
410 411
410 1028
410 1029
410 1030
409 410
409 1031
409 1032
409 1033
408 409
408 1034
408 1035
408 1036
407 408
407 1037
407 1038
407 1039
406 407
406 1040
406 1041
406 1042
405 406
405 1043
405 1044
405 1045
404 405
404 1046
404 1047
404 1048
403 404
403 1049
403 1050
403 1051
402 403
402 1052
402 1053
402 1054
401 402
401 1055
401 1056
401 1057
400 401
400 1058
400 1059
400 1060
399 400
399 1061
399 1062
399 1063
398 399
398 1064
398 1065
398 1066
397 398
397 1067
397 1068
397 1069
396 397
396 1070
396 1071
396 1072
395 396
395 1073
395 1074
395 1075
394 395
394 1076
394 1077
394 1078
393 394
393 1079
393 1080
393 1081
392 393
392 1082
392 1083
392 1084
391 392
391 1085
391 1086
391 1087
390 391
390 1088
390 1089
390 1090
389 390
389 1091
389 1092
389 1093
388 389
388 1094
388 1095
388 1096
387 388
387 1097
387 1098
387 1099
386 387
386 1100
386 1101
386 1102
385 386
385 1103
385 1104
385 1105
384 385
384 1106
384 1107
384 1108
383 384
383 1109
383 1110
383 1111
382 383
382 1112
382 1113
382 1114
381 382
381 1115
381 1116
381 1117
380 381
380 1118
380 1119
380 1120
379 380
379 1121
379 1122
379 1123
378 379
378 1124
378 1125
378 1126
377 378
377 1127
377 1128
377 1129
376 377
376 1130
376 1131
376 1132
375 376
375 1133
375 1134
375 1135
374 375
374 1136
374 1137
374 1138
373 374
373 1139
373 1140
373 1141
372 373
372 1142
372 1143
372 1144
371 372
371 1145
371 1146
371 1147
370 371
370 1148
370 1149
370 1150
369 370
369 1151
369 1152
369 1153
368 369
368 1154
368 1155
368 1156
367 368
367 1157
367 1158
367 1159
366 367
366 1160
366 1161
366 1162
365 366
365 1163
365 1164
365 1165
364 365
364 1166
364 1167
364 1168
363 364
363 1169
363 1170
363 1171
362 363
362 1172
362 1173
362 1174
361 362
361 1175
361 1176
361 1177
360 361
360 1178
360 1179
360 1180
359 360
359 1181
359 1182
359 1183
358 359
358 1184
358 1185
358 1186
357 358
357 1187
357 1188
357 1189
356 357
356 1190
356 1191
356 1192
355 356
355 1193
355 1194
355 1195
354 355
354 1196
354 1197
354 1198
353 354
353 1199
353 1200
353 1201
352 353
352 1202
352 1203
352 1204
351 352
351 1205
351 1206
351 1207
350 351
350 1208
350 1209
350 1210
349 350
349 1211
349 1212
349 1213
348 349
348 1214
348 1215
348 1216
347 348
347 1217
347 1218
347 1219
346 347
346 1220
346 1221
346 1222
345 346
345 1223
345 1224
345 1225
344 345
344 1226
344 1227
344 1228
343 344
343 1229
343 1230
343 1231
342 343
342 1232
342 1233
342 1234
341 342
341 1235
341 1236
341 1237
340 341
340 1238
340 1239
340 1240
339 340
339 1241
339 1242
339 1243
338 339
338 1244
338 1245
338 1246
337 338
337 1247
337 1248
337 1249
336 337
336 1250
336 1251
336 1252
335 336
335 1253
335 1254
335 1255
334 335
334 1256
334 1257
334 1258
333 334
333 1259
333 1260
333 1261
332 333
332 1262
332 1263
332 1264
331 332
331 1265
331 1266
331 1267
330 331
330 1268
330 1269
330 1270
329 330
329 1271
329 1272
329 1273
328 329
328 1274
328 1275
328 1276
327 328
327 1277
327 1278
327 1279
326 327
326 1280
326 1281
326 1282
325 326
325 1283
325 1284
325 1285
324 325
324 1286
324 1287
324 1288
323 324
323 1289
323 1290
323 1291
322 323
322 1292
322 1293
322 1294
321 322
321 1295
321 1296
321 1297
320 321
320 1298
320 1299
320 1300
319 320
319 1301
319 1302
319 1303
318 319
318 1304
318 1305
318 1306
317 318
317 1307
317 1308
317 1309
316 317
316 1310
316 1311
316 1312
315 316
315 1313
315 1314
315 1315
314 315
314 1316
314 1317
314 1318
313 314
313 1319
313 1320
313 1321
312 313
312 1322
312 1323
312 1324
311 312
311 1325
311 1326
311 1327
310 311
310 1328
310 1329
310 1330
309 310
309 1331
309 1332
309 1333
308 309
308 1334
308 1335
308 1336
307 308
307 1337
307 1338
307 1339
306 307
306 1340
306 1341
306 1342
305 306
305 1343
305 1344
305 1345
304 305
304 1346
304 1347
304 1348
303 304
303 1349
303 1350
303 1351
302 303
302 1352
302 1353
302 1354
301 302
301 1355
301 1356
301 1357
300 301
300 1358
300 1359
300 1360
299 300
299 1361
299 1362
299 1363
298 299
298 1364
298 1365
298 1366
297 298
297 1367
297 1368
297 1369
296 297
296 1370
296 1371
296 1372
295 296
295 1373
295 1374
295 1375
294 295
294 1376
294 1377
294 1378
293 294
293 1379
293 1380
293 1381
292 293
292 1382
292 1383
292 1384
291 292
291 1385
291 1386
291 1387
290 291
290 1388
290 1389
290 1390
289 290
289 1391
289 1392
289 1393
288 289
288 1394
288 1395
288 1396
287 288
287 1397
287 1398
287 1399
286 287
286 1400
286 1401
286 1402
285 286
285 1403
285 1404
285 1405
284 285
284 1406
284 1407
284 1408
283 284
283 1409
283 1410
283 1411
282 283
282 1412
282 1413
282 1414
281 282
281 1415
281 1416
281 1417
280 281
280 1418
280 1419
280 1420
279 280
279 1421
279 1422
279 1423
278 279
278 1424
278 1425
278 1426
277 278
277 1427
277 1428
277 1429
276 277
276 1430
276 1431
276 1432
275 276
275 1433
275 1434
275 1435
274 275
274 1436
274 1437
274 1438
273 274
273 1439
273 1440
273 1441
272 273
272 1442
272 1443
272 1444
271 272
271 1445
271 1446
271 1447
270 271
270 1448
270 1449
270 1450
269 270
269 1451
269 1452
269 1453
268 269
268 1454
268 1455
268 1456
267 268
267 1457
267 1458
267 1459
266 267
266 1460
266 1461
266 1462
265 266
265 1463
265 1464
265 1465
264 265
264 1466
264 1467
264 1468
263 264
263 1469
263 1470
263 1471
262 263
262 1472
262 1473
262 1474
261 262
261 1475
261 1476
261 1477
260 261
260 1478
260 1479
260 1480
259 260
259 1481
259 1482
259 1483
258 259
258 1484
258 1485
258 1486
257 258
257 1487
257 1488
257 1489
256 257
256 1490
256 1491
256 1492
255 256
255 1493
255 1494
255 1495
254 255
254 1496
254 1497
254 1498
253 254
253 1499
253 1500
253 1501
252 253
252 1502
252 1503
252 1504
251 252
251 1505
251 1506
251 1507
250 251
250 1508
250 1509
250 1510
249 250
249 1511
249 1512
249 1513
248 249
248 1514
248 1515
248 1516
247 248
247 1517
247 1518
247 1519
246 247
246 1520
246 1521
246 1522
245 246
245 1523
245 1524
245 1525
244 245
244 1526
244 1527
244 1528
243 244
243 1529
243 1530
243 1531
242 243
242 1532
242 1533
242 1534
241 242
241 1535
241 1536
241 1537
240 241
240 1538
240 1539
240 1540
239 240
239 1541
239 1542
239 1543
238 239
238 1544
238 1545
238 1546
237 238
237 1547
237 1548
237 1549
236 237
236 1550
236 1551
236 1552
235 236
235 1553
235 1554
235 1555
234 235
234 1556
234 1557
234 1558
233 234
233 1559
233 1560
233 1561
232 233
232 1562
232 1563
232 1564
231 232
231 1565
231 1566
231 1567
230 231
230 1568
230 1569
230 1570
229 230
229 1571
229 1572
229 1573
228 229
228 1574
228 1575
228 1576
227 228
227 1577
227 1578
227 1579
226 227
226 1580
226 1581
226 1582
225 226
225 1583
225 1584
225 1585
224 225
224 1586
224 1587
224 1588
223 224
223 1589
223 1590
223 1591
222 223
222 1592
222 1593
222 1594
221 222
221 1595
221 1596
221 1597
220 221
220 1598
220 1599
220 1600
219 220
219 1601
219 1602
219 1603
218 219
218 1604
218 1605
218 1606
217 218
217 1607
217 1608
217 1609
216 217
216 1610
216 1611
216 1612
215 216
215 1613
215 1614
215 1615
214 215
214 1616
214 1617
214 1618
213 214
213 1619
213 1620
213 1621
212 213
212 1622
212 1623
212 1624
211 212
211 1625
211 1626
211 1627
210 211
210 1628
210 1629
210 1630
209 210
209 1631
209 1632
209 1633
208 209
208 1634
208 1635
208 1636
207 208
207 1637
207 1638
207 1639
206 207
206 1640
206 1641
206 1642
205 206
205 1643
205 1644
205 1645
204 205
204 1646
204 1647
204 1648
203 204
203 1649
203 1650
203 1651
202 203
202 1652
202 1653
202 1654
201 202
201 1655
201 1656
201 1657
200 201
200 1658
200 1659
200 1660
199 200
199 1661
199 1662
199 1663
198 199
198 1664
198 1665
198 1666
197 198
197 1667
197 1668
197 1669
196 197
196 1670
196 1671
196 1672
195 196
195 1673
195 1674
195 1675
194 195
194 1676
194 1677
194 1678
193 194
193 1679
193 1680
193 1681
192 193
192 1682
192 1683
192 1684
191 192
191 1685
191 1686
191 1687
190 191
190 1688
190 1689
190 1690
189 190
189 1691
189 1692
189 1693
188 189
188 1694
188 1695
188 1696
187 188
187 1697
187 1698
187 1699
186 187
186 1700
186 1701
186 1702
185 186
185 1703
185 1704
185 1705
184 185
184 1706
184 1707
184 1708
183 184
183 1709
183 1710
183 1711
182 183
182 1712
182 1713
182 1714
181 182
181 1715
181 1716
181 1717
180 181
180 1718
180 1719
180 1720
179 180
179 1721
179 1722
179 1723
178 179
178 1724
178 1725
178 1726
177 178
177 1727
177 1728
177 1729
176 177
176 1730
176 1731
176 1732
175 176
175 1733
175 1734
175 1735
174 175
174 1736
174 1737
174 1738
173 174
173 1739
173 1740
173 1741
172 173
172 1742
172 1743
172 1744
171 172
171 1745
171 1746
171 1747
170 171
170 1748
170 1749
170 1750
169 170
169 1751
169 1752
169 1753
168 169
168 1754
168 1755
168 1756
167 168
167 1757
167 1758
167 1759
166 167
166 1760
166 1761
166 1762
165 166
165 1763
165 1764
165 1765
164 165
164 1766
164 1767
164 1768
163 164
163 1769
163 1770
163 1771
162 163
162 1772
162 1773
162 1774
161 162
161 1775
161 1776
161 1777
160 161
160 1778
160 1779
160 1780
159 160
159 1781
159 1782
159 1783
158 159
158 1784
158 1785
158 1786
157 158
157 1787
157 1788
157 1789
156 157
156 1790
156 1791
156 1792
155 156
155 1793
155 1794
155 1795
154 155
154 1796
154 1797
154 1798
153 154
153 1799
153 1800
153 1801
152 153
152 1802
152 1803
152 1804
151 152
151 1805
151 1806
151 1807
150 151
150 1808
150 1809
150 1810
149 150
149 1811
149 1812
149 1813
148 149
148 1814
148 1815
148 1816
147 148
147 1817
147 1818
147 1819
146 147
146 1820
146 1821
146 1822
145 146
145 1823
145 1824
145 1825
144 145
144 1826
144 1827
144 1828
143 144
143 1829
143 1830
143 1831
142 143
142 1832
142 1833
142 1834
141 142
141 1835
141 1836
141 1837
140 141
140 1838
140 1839
140 1840
139 140
139 1841
139 1842
139 1843
138 139
138 1844
138 1845
138 1846
137 138
137 1847
137 1848
137 1849
136 137
136 1850
136 1851
136 1852
135 136
135 1853
135 1854
135 1855
134 135
134 1856
134 1857
134 1858
133 134
133 1859
133 1860
133 1861
132 133
132 1862
132 1863
132 1864
131 132
131 1865
131 1866
131 1867
130 131
130 1868
130 1869
130 1870
129 130
129 1871
129 1872
129 1873
128 129
128 1874
128 1875
128 1876
127 128
127 1877
127 1878
127 1879
126 127
126 1880
126 1881
126 1882
125 126
125 1883
125 1884
125 1885
124 125
124 1886
124 1887
124 1888
123 124
123 1889
123 1890
123 1891
122 123
122 1892
122 1893
122 1894
121 122
121 1895
121 1896
121 1897
120 121
120 1898
120 1899
120 1900
119 120
119 1901
119 1902
119 1903
118 119
118 1904
118 1905
118 1906
117 118
117 1907
117 1908
117 1909
116 117
116 1910
116 1911
116 1912
115 116
115 1913
115 1914
115 1915
114 115
114 1916
114 1917
114 1918
113 114
113 1919
113 1920
113 1921
112 113
112 1922
112 1923
112 1924
111 112
111 1925
111 1926
111 1927
110 111
110 1928
110 1929
110 1930
109 110
109 1931
109 1932
109 1933
108 109
108 1934
108 1935
108 1936
107 108
107 1937
107 1938
107 1939
106 107
106 1940
106 1941
106 1942
105 106
105 1943
105 1944
105 1945
104 105
104 1946
104 1947
104 1948
103 104
103 1949
103 1950
103 1951
102 103
102 1952
102 1953
102 1954
101 102
101 1955
101 1956
101 1957
100 101
100 1958
100 1959
100 1960
99 100
99 1961
99 1962
99 1963
98 99
98 1964
98 1965
98 1966
97 98
97 1967
97 1968
97 1969
96 97
96 1970
96 1971
96 1972
95 96
95 1973
95 1974
95 1975
94 95
94 1976
94 1977
94 1978
93 94
93 1979
93 1980
93 1981
92 93
92 1982
92 1983
92 1984
91 92
91 1985
91 1986
91 1987
90 91
90 1988
90 1989
90 1990
89 90
89 1991
89 1992
89 1993
88 89
88 1994
88 1995
88 1996
87 88
87 1997
87 1998
87 1999
86 87
86 2000
86 2001
86 2002
85 86
85 2003
85 2004
85 2005
84 85
84 2006
84 2007
84 2008
83 84
83 2009
83 2010
83 2011
82 83
82 2012
82 2013
82 2014
81 82
81 2015
81 2016
81 2017
80 81
80 2018
80 2019
80 2020
79 80
79 2021
79 2022
79 2023
78 79
78 2024
78 2025
78 2026
77 78
77 2027
77 2028
77 2029
76 77
76 2030
76 2031
76 2032
75 76
75 2033
75 2034
75 2035
74 75
74 2036
74 2037
74 2038
73 74
73 2039
73 2040
73 2041
72 73
72 2042
72 2043
72 2044
71 72
71 2045
71 2046
71 2047
70 71
70 2048
70 2049
70 2050
69 70
69 2051
69 2052
69 2053
68 69
68 2054
68 2055
68 2056
67 68
67 2057
67 2058
67 2059
66 67
66 2060
66 2061
66 2062
65 66
65 2063
65 2064
65 2065
64 65
64 2066
64 2067
64 2068
63 64
63 2069
63 2070
63 2071
62 63
62 2072
62 2073
62 2074
61 62
61 2075
61 2076
61 2077
60 61
60 2078
60 2079
60 2080
59 60
59 2081
59 2082
59 2083
58 59
58 2084
58 2085
58 2086
57 58
57 2087
57 2088
57 2089
56 57
56 2090
56 2091
56 2092
55 56
55 2093
55 2094
55 2095
54 55
54 2096
54 2097
54 2098
53 54
53 2099
53 2100
53 2101
52 53
52 2102
52 2103
52 2104
51 52
51 2105
51 2106
51 2107
50 51
50 2108
50 2109
50 2110
49 50
49 2111
49 2112
49 2113
48 49
48 2114
48 2115
48 2116
47 48
47 2117
47 2118
47 2119
46 47
46 2120
46 2121
46 2122
45 46
45 2123
45 2124
45 2125
44 45
44 2126
44 2127
44 2128
43 44
43 2129
43 2130
43 2131
42 43
42 2132
42 2133
42 2134
41 42
41 2135
41 2136
41 2137
40 41
40 2138
40 2139
40 2140
39 40
39 2141
39 2142
39 2143
38 39
38 2144
38 2145
38 2146
37 38
37 2147
37 2148
37 2149
36 37
36 2150
36 2151
36 2152
35 36
35 2153
35 2154
35 2155
34 35
34 2156
34 2157
34 2158
33 34
33 2159
33 2160
33 2161
32 33
32 2162
32 2163
32 2164
31 32
31 2165
31 2166
31 2167
30 31
30 2168
30 2169
30 2170
29 30
29 2171
29 2172
29 2173
28 29
28 2174
28 2175
28 2176
27 28
27 2177
27 2178
27 2179
26 27
26 2180
26 2181
26 2182
25 26
25 2183
25 2184
25 2185
24 25
24 2186
24 2187
24 2188
23 24
23 2189
23 2190
23 2191
22 23
22 2192
22 2193
22 2194
21 22
21 2195
21 2196
21 2197
20 21
20 2198
20 2199
20 2200
19 20
19 2201
19 2202
19 2203
18 19
18 2204
18 2205
18 2206
17 18
17 2207
17 2208
17 2209
16 17
16 2210
16 2211
16 2212
15 16
15 2213
15 2214
15 2215
14 15
14 2216
14 2217
14 2218
13 14
13 2219
13 2220
13 2221
12 13
12 2222
12 2223
12 2224
11 12
11 2225
11 2226
11 2227
10 11
10 2228
10 2229
10 2230
9 10
9 2231
9 2232
9 2233
8 9
8 2234
8 2235
8 2236
7 8
7 2237
7 2238
7 2239
6 7
6 2240
6 2241
6 2242
5 6
5 2243
5 2244
5 2245
4 5
4 2246
4 2247
4 2248
3 4
3 2249
3 2250
3 2251
2 3
2 2252
2 2253
1 2
1 2254
1 2255
1 2256
