2256 35113744
751 752
751 753
751 754
751 755
750 751
750 756
750 757
750 758
749 750
749 759
749 760
748 749
748 761
748 762
747 748
747 763
747 764
746 747
746 765
746 766
745 746
745 767
745 768
744 745
744 769
744 770
743 744
743 771
743 772
742 743
742 773
742 774
741 742
741 775
741 776
740 741
740 777
740 778
739 740
739 779
739 780
738 739
738 781
738 782
737 738
737 783
737 784
736 737
736 785
736 786
735 736
735 787
735 788
734 735
734 789
734 790
733 734
733 791
733 792
732 733
732 793
732 794
731 732
731 795
731 796
730 731
730 797
730 798
729 730
729 799
729 800
728 729
728 801
728 802
727 728
727 803
727 804
726 727
726 805
726 806
725 726
725 807
725 808
724 725
724 809
724 810
723 724
723 811
723 812
722 723
722 813
722 814
721 722
721 815
721 816
720 721
720 817
720 818
719 720
719 819
719 820
718 719
718 821
718 822
717 718
717 823
717 824
716 717
716 825
716 826
715 716
715 827
715 828
714 715
714 829
714 830
713 714
713 831
713 832
712 713
712 833
712 834
711 712
711 835
711 836
710 711
710 837
710 838
709 710
709 839
709 840
708 709
708 841
708 842
707 708
707 843
707 844
706 707
706 845
706 846
705 706
705 847
705 848
704 705
704 849
704 850
703 704
703 851
703 852
702 703
702 853
702 854
701 702
701 855
701 856
700 701
700 857
700 858
699 700
699 859
699 860
698 699
698 861
698 862
697 698
697 863
697 864
696 697
696 865
696 866
695 696
695 867
695 868
694 695
694 869
694 870
693 694
693 871
693 872
692 693
692 873
692 874
691 692
691 875
691 876
690 691
690 877
690 878
689 690
689 879
689 880
688 689
688 881
688 882
687 688
687 883
687 884
686 687
686 885
686 886
685 686
685 887
685 888
684 685
684 889
684 890
683 684
683 891
683 892
682 683
682 893
682 894
681 682
681 895
681 896
680 681
680 897
680 898
679 680
679 899
679 900
678 679
678 901
678 902
677 678
677 903
677 904
676 677
676 905
676 906
675 676
675 907
675 908
674 675
674 909
674 910
673 674
673 911
673 912
672 673
672 913
672 914
671 672
671 915
671 916
670 671
670 917
670 918
669 670
669 919
669 920
668 669
668 921
668 922
667 668
667 923
667 924
666 667
666 925
666 926
665 666
665 927
665 928
664 665
664 929
664 930
663 664
663 931
663 932
662 663
662 933
662 934
661 662
661 935
661 936
660 661
660 937
660 938
659 660
659 939
659 940
658 659
658 941
658 942
657 658
657 943
657 944
656 657
656 945
656 946
655 656
655 947
655 948
654 655
654 949
654 950
653 654
653 951
653 952
652 653
652 953
652 954
651 652
651 955
651 956
650 651
650 957
650 958
649 650
649 959
649 960
648 649
648 961
648 962
647 648
647 963
647 964
646 647
646 965
646 966
645 646
645 967
645 968
644 645
644 969
644 970
643 644
643 971
643 972
642 643
642 973
642 974
641 642
641 975
641 976
640 641
640 977
640 978
639 640
639 979
639 980
638 639
638 981
638 982
637 638
637 983
637 984
636 637
636 985
636 986
635 636
635 987
635 988
634 635
634 989
634 990
633 634
633 991
633 992
632 633
632 993
632 994
631 632
631 995
631 996
630 631
630 997
630 998
629 630
629 999
629 1000
628 629
628 1001
628 1002
627 628
627 1003
627 1004
626 627
626 1005
626 1006
625 626
625 1007
625 1008
624 625
624 1009
624 1010
623 624
623 1011
623 1012
622 623
622 1013
622 1014
621 622
621 1015
621 1016
620 621
620 1017
620 1018
619 620
619 1019
619 1020
618 619
618 1021
618 1022
617 618
617 1023
617 1024
616 617
616 1025
616 1026
615 616
615 1027
615 1028
614 615
614 1029
614 1030
613 614
613 1031
613 1032
612 613
612 1033
612 1034
611 612
611 1035
611 1036
610 611
610 1037
610 1038
609 610
609 1039
609 1040
608 609
608 1041
608 1042
607 608
607 1043
607 1044
606 607
606 1045
606 1046
605 606
605 1047
605 1048
604 605
604 1049
604 1050
603 604
603 1051
603 1052
602 603
602 1053
602 1054
601 602
601 1055
601 1056
600 601
600 1057
600 1058
599 600
599 1059
599 1060
598 599
598 1061
598 1062
597 598
597 1063
597 1064
596 597
596 1065
596 1066
595 596
595 1067
595 1068
594 595
594 1069
594 1070
593 594
593 1071
593 1072
592 593
592 1073
592 1074
591 592
591 1075
591 1076
590 591
590 1077
590 1078
589 590
589 1079
589 1080
588 589
588 1081
588 1082
587 588
587 1083
587 1084
586 587
586 1085
586 1086
585 586
585 1087
585 1088
584 585
584 1089
584 1090
583 584
583 1091
583 1092
582 583
582 1093
582 1094
581 582
581 1095
581 1096
580 581
580 1097
580 1098
579 580
579 1099
579 1100
578 579
578 1101
578 1102
577 578
577 1103
577 1104
576 577
576 1105
576 1106
575 576
575 1107
575 1108
574 575
574 1109
574 1110
573 574
573 1111
573 1112
572 573
572 1113
572 1114
571 572
571 1115
571 1116
570 571
570 1117
570 1118
569 570
569 1119
569 1120
568 569
568 1121
568 1122
567 568
567 1123
567 1124
566 567
566 1125
566 1126
565 566
565 1127
565 1128
564 565
564 1129
564 1130
563 564
563 1131
563 1132
562 563
562 1133
562 1134
561 562
561 1135
561 1136
560 561
560 1137
560 1138
559 560
559 1139
559 1140
558 559
558 1141
558 1142
557 558
557 1143
557 1144
556 557
556 1145
556 1146
555 556
555 1147
555 1148
554 555
554 1149
554 1150
553 554
553 1151
553 1152
552 553
552 1153
552 1154
551 552
551 1155
551 1156
550 551
550 1157
550 1158
549 550
549 1159
549 1160
548 549
548 1161
548 1162
547 548
547 1163
547 1164
546 547
546 1165
546 1166
545 546
545 1167
545 1168
544 545
544 1169
544 1170
543 544
543 1171
543 1172
542 543
542 1173
542 1174
541 542
541 1175
541 1176
540 541
540 1177
540 1178
539 540
539 1179
539 1180
538 539
538 1181
538 1182
537 538
537 1183
537 1184
536 537
536 1185
536 1186
535 536
535 1187
535 1188
534 535
534 1189
534 1190
533 534
533 1191
533 1192
532 533
532 1193
532 1194
531 532
531 1195
531 1196
530 531
530 1197
530 1198
529 530
529 1199
529 1200
528 529
528 1201
528 1202
527 528
527 1203
527 1204
526 527
526 1205
526 1206
525 526
525 1207
525 1208
524 525
524 1209
524 1210
523 524
523 1211
523 1212
522 523
522 1213
522 1214
521 522
521 1215
521 1216
520 521
520 1217
520 1218
519 520
519 1219
519 1220
518 519
518 1221
518 1222
517 518
517 1223
517 1224
516 517
516 1225
516 1226
515 516
515 1227
515 1228
514 515
514 1229
514 1230
513 514
513 1231
513 1232
512 513
512 1233
512 1234
511 512
511 1235
511 1236
510 511
510 1237
510 1238
509 510
509 1239
509 1240
508 509
508 1241
508 1242
507 508
507 1243
507 1244
506 507
506 1245
506 1246
505 506
505 1247
505 1248
504 505
504 1249
504 1250
503 504
503 1251
503 1252
502 503
502 1253
502 1254
501 502
501 1255
501 1256
500 501
500 1257
500 1258
499 500
499 1259
499 1260
498 499
498 1261
498 1262
497 498
497 1263
497 1264
496 497
496 1265
496 1266
495 496
495 1267
495 1268
494 495
494 1269
494 1270
493 494
493 1271
493 1272
492 493
492 1273
492 1274
491 492
491 1275
491 1276
490 491
490 1277
490 1278
489 490
489 1279
489 1280
488 489
488 1281
488 1282
487 488
487 1283
487 1284
486 487
486 1285
486 1286
485 486
485 1287
485 1288
484 485
484 1289
484 1290
483 484
483 1291
483 1292
482 483
482 1293
482 1294
481 482
481 1295
481 1296
480 481
480 1297
480 1298
479 480
479 1299
479 1300
478 479
478 1301
478 1302
477 478
477 1303
477 1304
476 477
476 1305
476 1306
475 476
475 1307
475 1308
474 475
474 1309
474 1310
473 474
473 1311
473 1312
472 473
472 1313
472 1314
471 472
471 1315
471 1316
470 471
470 1317
470 1318
469 470
469 1319
469 1320
468 469
468 1321
468 1322
467 468
467 1323
467 1324
466 467
466 1325
466 1326
465 466
465 1327
465 1328
464 465
464 1329
464 1330
463 464
463 1331
463 1332
462 463
462 1333
462 1334
461 462
461 1335
461 1336
460 461
460 1337
460 1338
459 460
459 1339
459 1340
458 459
458 1341
458 1342
457 458
457 1343
457 1344
456 457
456 1345
456 1346
455 456
455 1347
455 1348
454 455
454 1349
454 1350
453 454
453 1351
453 1352
452 453
452 1353
452 1354
451 452
451 1355
451 1356
450 451
450 1357
450 1358
449 450
449 1359
449 1360
448 449
448 1361
448 1362
447 448
447 1363
447 1364
446 447
446 1365
446 1366
445 446
445 1367
445 1368
444 445
444 1369
444 1370
443 444
443 1371
443 1372
442 443
442 1373
442 1374
441 442
441 1375
441 1376
440 441
440 1377
440 1378
439 440
439 1379
439 1380
438 439
438 1381
438 1382
437 438
437 1383
437 1384
436 437
436 1385
436 1386
435 436
435 1387
435 1388
434 435
434 1389
434 1390
433 434
433 1391
433 1392
432 433
432 1393
432 1394
431 432
431 1395
431 1396
430 431
430 1397
430 1398
429 430
429 1399
429 1400
428 429
428 1401
428 1402
427 428
427 1403
427 1404
426 427
426 1405
426 1406
425 426
425 1407
425 1408
424 425
424 1409
424 1410
423 424
423 1411
423 1412
422 423
422 1413
422 1414
421 422
421 1415
421 1416
420 421
420 1417
420 1418
419 420
419 1419
419 1420
418 419
418 1421
418 1422
417 418
417 1423
417 1424
416 417
416 1425
416 1426
415 416
415 1427
415 1428
414 415
414 1429
414 1430
413 414
413 1431
413 1432
412 413
412 1433
412 1434
411 412
411 1435
411 1436
410 411
410 1437
410 1438
409 410
409 1439
409 1440
408 409
408 1441
408 1442
407 408
407 1443
407 1444
406 407
406 1445
406 1446
405 406
405 1447
405 1448
404 405
404 1449
404 1450
403 404
403 1451
403 1452
402 403
402 1453
402 1454
401 402
401 1455
401 1456
400 401
400 1457
400 1458
399 400
399 1459
399 1460
398 399
398 1461
398 1462
397 398
397 1463
397 1464
396 397
396 1465
396 1466
395 396
395 1467
395 1468
394 395
394 1469
394 1470
393 394
393 1471
393 1472
392 393
392 1473
392 1474
391 392
391 1475
391 1476
390 391
390 1477
390 1478
389 390
389 1479
389 1480
388 389
388 1481
388 1482
387 388
387 1483
387 1484
386 387
386 1485
386 1486
385 386
385 1487
385 1488
384 385
384 1489
384 1490
383 384
383 1491
383 1492
382 383
382 1493
382 1494
381 382
381 1495
381 1496
380 381
380 1497
380 1498
379 380
379 1499
379 1500
378 379
378 1501
378 1502
377 378
377 1503
377 1504
376 377
376 1505
376 1506
375 376
375 1507
375 1508
374 375
374 1509
374 1510
373 374
373 1511
373 1512
372 373
372 1513
372 1514
371 372
371 1515
371 1516
370 371
370 1517
370 1518
369 370
369 1519
369 1520
368 369
368 1521
368 1522
367 368
367 1523
367 1524
366 367
366 1525
366 1526
365 366
365 1527
365 1528
364 365
364 1529
364 1530
363 364
363 1531
363 1532
362 363
362 1533
362 1534
361 362
361 1535
361 1536
360 361
360 1537
360 1538
359 360
359 1539
359 1540
358 359
358 1541
358 1542
357 358
357 1543
357 1544
356 357
356 1545
356 1546
355 356
355 1547
355 1548
354 355
354 1549
354 1550
353 354
353 1551
353 1552
352 353
352 1553
352 1554
351 352
351 1555
351 1556
350 351
350 1557
350 1558
349 350
349 1559
349 1560
348 349
348 1561
348 1562
347 348
347 1563
347 1564
346 347
346 1565
346 1566
345 346
345 1567
345 1568
344 345
344 1569
344 1570
343 344
343 1571
343 1572
342 343
342 1573
342 1574
341 342
341 1575
341 1576
340 341
340 1577
340 1578
339 340
339 1579
339 1580
338 339
338 1581
338 1582
337 338
337 1583
337 1584
336 337
336 1585
336 1586
335 336
335 1587
335 1588
334 335
334 1589
334 1590
333 334
333 1591
333 1592
332 333
332 1593
332 1594
331 332
331 1595
331 1596
330 331
330 1597
330 1598
329 330
329 1599
329 1600
328 329
328 1601
328 1602
327 328
327 1603
327 1604
326 327
326 1605
326 1606
325 326
325 1607
325 1608
324 325
324 1609
324 1610
323 324
323 1611
323 1612
322 323
322 1613
322 1614
321 322
321 1615
321 1616
320 321
320 1617
320 1618
319 320
319 1619
319 1620
318 319
318 1621
318 1622
317 318
317 1623
317 1624
316 317
316 1625
316 1626
315 316
315 1627
315 1628
314 315
314 1629
314 1630
313 314
313 1631
313 1632
312 313
312 1633
312 1634
311 312
311 1635
311 1636
310 311
310 1637
310 1638
309 310
309 1639
309 1640
308 309
308 1641
308 1642
307 308
307 1643
307 1644
306 307
306 1645
306 1646
305 306
305 1647
305 1648
304 305
304 1649
304 1650
303 304
303 1651
303 1652
302 303
302 1653
302 1654
301 302
301 1655
301 1656
300 301
300 1657
300 1658
299 300
299 1659
299 1660
298 299
298 1661
298 1662
297 298
297 1663
297 1664
296 297
296 1665
296 1666
295 296
295 1667
295 1668
294 295
294 1669
294 1670
293 294
293 1671
293 1672
292 293
292 1673
292 1674
291 292
291 1675
291 1676
290 291
290 1677
290 1678
289 290
289 1679
289 1680
288 289
288 1681
288 1682
287 288
287 1683
287 1684
286 287
286 1685
286 1686
285 286
285 1687
285 1688
284 285
284 1689
284 1690
283 284
283 1691
283 1692
282 283
282 1693
282 1694
281 282
281 1695
281 1696
280 281
280 1697
280 1698
279 280
279 1699
279 1700
278 279
278 1701
278 1702
277 278
277 1703
277 1704
276 277
276 1705
276 1706
275 276
275 1707
275 1708
274 275
274 1709
274 1710
273 274
273 1711
273 1712
272 273
272 1713
272 1714
271 272
271 1715
271 1716
270 271
270 1717
270 1718
269 270
269 1719
269 1720
268 269
268 1721
268 1722
267 268
267 1723
267 1724
266 267
266 1725
266 1726
265 266
265 1727
265 1728
264 265
264 1729
264 1730
263 264
263 1731
263 1732
262 263
262 1733
262 1734
261 262
261 1735
261 1736
260 261
260 1737
260 1738
259 260
259 1739
259 1740
258 259
258 1741
258 1742
257 258
257 1743
257 1744
256 257
256 1745
256 1746
255 256
255 1747
255 1748
254 255
254 1749
254 1750
253 254
253 1751
253 1752
252 253
252 1753
252 1754
251 252
251 1755
251 1756
250 251
250 1757
250 1758
249 250
249 1759
249 1760
248 249
248 1761
248 1762
247 248
247 1763
247 1764
246 247
246 1765
246 1766
245 246
245 1767
245 1768
244 245
244 1769
244 1770
243 244
243 1771
243 1772
242 243
242 1773
242 1774
241 242
241 1775
241 1776
240 241
240 1777
240 1778
239 240
239 1779
239 1780
238 239
238 1781
238 1782
237 238
237 1783
237 1784
236 237
236 1785
236 1786
235 236
235 1787
235 1788
234 235
234 1789
234 1790
233 234
233 1791
233 1792
232 233
232 1793
232 1794
231 232
231 1795
231 1796
230 231
230 1797
230 1798
229 230
229 1799
229 1800
228 229
228 1801
228 1802
227 228
227 1803
227 1804
226 227
226 1805
226 1806
225 226
225 1807
225 1808
224 225
224 1809
224 1810
223 224
223 1811
223 1812
222 223
222 1813
222 1814
221 222
221 1815
221 1816
220 221
220 1817
220 1818
219 220
219 1819
219 1820
218 219
218 1821
218 1822
217 218
217 1823
217 1824
216 217
216 1825
216 1826
215 216
215 1827
215 1828
214 215
214 1829
214 1830
213 214
213 1831
213 1832
212 213
212 1833
212 1834
211 212
211 1835
211 1836
210 211
210 1837
210 1838
209 210
209 1839
209 1840
208 209
208 1841
208 1842
207 208
207 1843
207 1844
206 207
206 1845
206 1846
205 206
205 1847
205 1848
204 205
204 1849
204 1850
203 204
203 1851
203 1852
202 203
202 1853
202 1854
201 202
201 1855
201 1856
200 201
200 1857
200 1858
199 200
199 1859
199 1860
198 199
198 1861
198 1862
197 198
197 1863
197 1864
196 197
196 1865
196 1866
195 196
195 1867
195 1868
194 195
194 1869
194 1870
193 194
193 1871
193 1872
192 193
192 1873
192 1874
191 192
191 1875
191 1876
190 191
190 1877
190 1878
189 190
189 1879
189 1880
188 189
188 1881
188 1882
187 188
187 1883
187 1884
186 187
186 1885
186 1886
185 186
185 1887
185 1888
184 185
184 1889
184 1890
183 184
183 1891
183 1892
182 183
182 1893
182 1894
181 182
181 1895
181 1896
180 181
180 1897
180 1898
179 180
179 1899
179 1900
178 179
178 1901
178 1902
177 178
177 1903
177 1904
176 177
176 1905
176 1906
175 176
175 1907
175 1908
174 175
174 1909
174 1910
173 174
173 1911
173 1912
172 173
172 1913
172 1914
171 172
171 1915
171 1916
170 171
170 1917
170 1918
169 170
169 1919
169 1920
168 169
168 1921
168 1922
167 168
167 1923
167 1924
166 167
166 1925
166 1926
165 166
165 1927
165 1928
164 165
164 1929
164 1930
163 164
163 1931
163 1932
162 163
162 1933
162 1934
161 162
161 1935
161 1936
160 161
160 1937
160 1938
159 160
159 1939
159 1940
158 159
158 1941
158 1942
157 158
157 1943
157 1944
156 157
156 1945
156 1946
155 156
155 1947
155 1948
154 155
154 1949
154 1950
153 154
153 1951
153 1952
152 153
152 1953
152 1954
151 152
151 1955
151 1956
150 151
150 1957
150 1958
149 150
149 1959
149 1960
148 149
148 1961
148 1962
147 148
147 1963
147 1964
146 147
146 1965
146 1966
145 146
145 1967
145 1968
144 145
144 1969
144 1970
143 144
143 1971
143 1972
142 143
142 1973
142 1974
141 142
141 1975
141 1976
140 141
140 1977
140 1978
139 140
139 1979
139 1980
138 139
138 1981
138 1982
137 138
137 1983
137 1984
136 137
136 1985
136 1986
135 136
135 1987
135 1988
134 135
134 1989
134 1990
133 134
133 1991
133 1992
132 133
132 1993
132 1994
131 132
131 1995
131 1996
130 131
130 1997
130 1998
129 130
129 1999
129 2000
128 129
128 2001
128 2002
127 128
127 2003
127 2004
126 127
126 2005
126 2006
125 126
125 2007
125 2008
124 125
124 2009
124 2010
123 124
123 2011
123 2012
122 123
122 2013
122 2014
121 122
121 2015
121 2016
120 121
120 2017
120 2018
119 120
119 2019
119 2020
118 119
118 2021
118 2022
117 118
117 2023
117 2024
116 117
116 2025
116 2026
115 116
115 2027
115 2028
114 115
114 2029
114 2030
113 114
113 2031
113 2032
112 113
112 2033
112 2034
111 112
111 2035
111 2036
110 111
110 2037
110 2038
109 110
109 2039
109 2040
108 109
108 2041
108 2042
107 108
107 2043
107 2044
106 107
106 2045
106 2046
105 106
105 2047
105 2048
104 105
104 2049
104 2050
103 104
103 2051
103 2052
102 103
102 2053
102 2054
101 102
101 2055
101 2056
100 101
100 2057
100 2058
99 100
99 2059
99 2060
98 99
98 2061
98 2062
97 98
97 2063
97 2064
96 97
96 2065
96 2066
95 96
95 2067
95 2068
94 95
94 2069
94 2070
93 94
93 2071
93 2072
92 93
92 2073
92 2074
91 92
91 2075
91 2076
90 91
90 2077
90 2078
89 90
89 2079
89 2080
88 89
88 2081
88 2082
87 88
87 2083
87 2084
86 87
86 2085
86 2086
85 86
85 2087
85 2088
84 85
84 2089
84 2090
83 84
83 2091
83 2092
82 83
82 2093
82 2094
81 82
81 2095
81 2096
80 81
80 2097
80 2098
79 80
79 2099
79 2100
78 79
78 2101
78 2102
77 78
77 2103
77 2104
76 77
76 2105
76 2106
75 76
75 2107
75 2108
74 75
74 2109
74 2110
73 74
73 2111
73 2112
72 73
72 2113
72 2114
71 72
71 2115
71 2116
70 71
70 2117
70 2118
69 70
69 2119
69 2120
68 69
68 2121
68 2122
67 68
67 2123
67 2124
66 67
66 2125
66 2126
65 66
65 2127
65 2128
64 65
64 2129
64 2130
63 64
63 2131
63 2132
62 63
62 2133
62 2134
61 62
61 2135
61 2136
60 61
60 2137
60 2138
59 60
59 2139
59 2140
58 59
58 2141
58 2142
57 58
57 2143
57 2144
56 57
56 2145
56 2146
55 56
55 2147
55 2148
54 55
54 2149
54 2150
53 54
53 2151
53 2152
52 53
52 2153
52 2154
51 52
51 2155
51 2156
50 51
50 2157
50 2158
49 50
49 2159
49 2160
48 49
48 2161
48 2162
47 48
47 2163
47 2164
46 47
46 2165
46 2166
45 46
45 2167
45 2168
44 45
44 2169
44 2170
43 44
43 2171
43 2172
42 43
42 2173
42 2174
41 42
41 2175
41 2176
40 41
40 2177
40 2178
39 40
39 2179
39 2180
38 39
38 2181
38 2182
37 38
37 2183
37 2184
36 37
36 2185
36 2186
35 36
35 2187
35 2188
34 35
34 2189
34 2190
33 34
33 2191
33 2192
32 33
32 2193
32 2194
31 32
31 2195
31 2196
30 31
30 2197
30 2198
29 30
29 2199
29 2200
28 29
28 2201
28 2202
27 28
27 2203
27 2204
26 27
26 2205
26 2206
25 26
25 2207
25 2208
24 25
24 2209
24 2210
23 24
23 2211
23 2212
22 23
22 2213
22 2214
21 22
21 2215
21 2216
20 21
20 2217
20 2218
19 20
19 2219
19 2220
18 19
18 2221
18 2222
17 18
17 2223
17 2224
16 17
16 2225
16 2226
15 16
15 2227
15 2228
14 15
14 2229
14 2230
13 14
13 2231
13 2232
12 13
12 2233
12 2234
11 12
11 2235
11 2236
10 11
10 2237
10 2238
9 10
9 2239
9 2240
8 9
8 2241
8 2242
7 8
7 2243
7 2244
6 7
6 2245
6 2246
5 6
5 2247
5 2248
4 5
4 2249
4 2250
3 4
3 2251
3 2252
2 3
2 2253
2 2254
1 2
1 2255
1 2256
1 2257
