225 5680290
112 113
112 114
111 112
111 115
110 111
110 116
109 110
109 117
108 109
108 118
107 108
107 119
106 107
106 120
105 106
105 121
104 105
104 122
103 104
103 123
102 103
102 124
101 102
101 125
100 101
100 126
99 100
99 127
98 99
98 128
97 98
97 129
96 97
96 130
95 96
95 131
94 95
94 132
93 94
93 133
92 93
92 134
91 92
91 135
90 91
90 136
89 90
89 137
88 89
88 138
87 88
87 139
86 87
86 140
85 86
85 141
84 85
84 142
83 84
83 143
82 83
82 144
81 82
81 145
80 81
80 146
79 80
79 147
78 79
78 148
77 78
77 149
76 77
76 150
75 76
75 151
74 75
74 152
73 74
73 153
72 73
72 154
71 72
71 155
70 71
70 156
69 70
69 157
68 69
68 158
67 68
67 159
66 67
66 160
65 66
65 161
64 65
64 162
63 64
63 163
62 63
62 164
61 62
61 165
60 61
60 166
59 60
59 167
58 59
58 168
57 58
57 169
56 57
56 170
55 56
55 171
54 55
54 172
53 54
53 173
52 53
52 174
51 52
51 175
50 51
50 176
49 50
49 177
48 49
48 178
47 48
47 179
46 47
46 180
45 46
45 181
44 45
44 182
43 44
43 183
42 43
42 184
41 42
41 185
40 41
40 186
39 40
39 187
38 39
38 188
37 38
37 189
36 37
36 190
35 36
35 191
34 35
34 192
33 34
33 193
32 33
32 194
31 32
31 195
30 31
30 196
29 30
29 197
28 29
28 198
27 28
27 199
26 27
26 200
25 26
25 201
24 25
24 202
23 24
23 203
22 23
22 204
21 22
21 205
20 21
20 206
19 20
19 207
18 19
18 208
17 18
17 209
16 17
16 210
15 16
15 211
14 15
14 212
13 14
13 213
12 13
12 214
11 12
11 215
10 11
10 216
9 10
9 217
8 9
8 218
7 8
7 219
6 7
6 220
5 6
5 221
4 5
4 222
3 4
3 223
2 3
2 224
1 2
1 225
1 226
