2330 25841563
776 777
776 778
776 779
776 780
775 776
775 781
775 782
774 775
774 783
774 784
773 774
773 785
773 786
772 773
772 787
772 788
771 772
771 789
771 790
770 771
770 791
770 792
769 770
769 793
769 794
768 769
768 795
768 796
767 768
767 797
767 798
766 767
766 799
766 800
765 766
765 801
765 802
764 765
764 803
764 804
763 764
763 805
763 806
762 763
762 807
762 808
761 762
761 809
761 810
760 761
760 811
760 812
759 760
759 813
759 814
758 759
758 815
758 816
757 758
757 817
757 818
756 757
756 819
756 820
755 756
755 821
755 822
754 755
754 823
754 824
753 754
753 825
753 826
752 753
752 827
752 828
751 752
751 829
751 830
750 751
750 831
750 832
749 750
749 833
749 834
748 749
748 835
748 836
747 748
747 837
747 838
746 747
746 839
746 840
745 746
745 841
745 842
744 745
744 843
744 844
743 744
743 845
743 846
742 743
742 847
742 848
741 742
741 849
741 850
740 741
740 851
740 852
739 740
739 853
739 854
738 739
738 855
738 856
737 738
737 857
737 858
736 737
736 859
736 860
735 736
735 861
735 862
734 735
734 863
734 864
733 734
733 865
733 866
732 733
732 867
732 868
731 732
731 869
731 870
730 731
730 871
730 872
729 730
729 873
729 874
728 729
728 875
728 876
727 728
727 877
727 878
726 727
726 879
726 880
725 726
725 881
725 882
724 725
724 883
724 884
723 724
723 885
723 886
722 723
722 887
722 888
721 722
721 889
721 890
720 721
720 891
720 892
719 720
719 893
719 894
718 719
718 895
718 896
717 718
717 897
717 898
716 717
716 899
716 900
715 716
715 901
715 902
714 715
714 903
714 904
713 714
713 905
713 906
712 713
712 907
712 908
711 712
711 909
711 910
710 711
710 911
710 912
709 710
709 913
709 914
708 709
708 915
708 916
707 708
707 917
707 918
706 707
706 919
706 920
705 706
705 921
705 922
704 705
704 923
704 924
703 704
703 925
703 926
702 703
702 927
702 928
701 702
701 929
701 930
700 701
700 931
700 932
699 700
699 933
699 934
698 699
698 935
698 936
697 698
697 937
697 938
696 697
696 939
696 940
695 696
695 941
695 942
694 695
694 943
694 944
693 694
693 945
693 946
692 693
692 947
692 948
691 692
691 949
691 950
690 691
690 951
690 952
689 690
689 953
689 954
688 689
688 955
688 956
687 688
687 957
687 958
686 687
686 959
686 960
685 686
685 961
685 962
684 685
684 963
684 964
683 684
683 965
683 966
682 683
682 967
682 968
681 682
681 969
681 970
680 681
680 971
680 972
679 680
679 973
679 974
678 679
678 975
678 976
677 678
677 977
677 978
676 677
676 979
676 980
675 676
675 981
675 982
674 675
674 983
674 984
673 674
673 985
673 986
672 673
672 987
672 988
671 672
671 989
671 990
670 671
670 991
670 992
669 670
669 993
669 994
668 669
668 995
668 996
667 668
667 997
667 998
666 667
666 999
666 1000
665 666
665 1001
665 1002
664 665
664 1003
664 1004
663 664
663 1005
663 1006
662 663
662 1007
662 1008
661 662
661 1009
661 1010
660 661
660 1011
660 1012
659 660
659 1013
659 1014
658 659
658 1015
658 1016
657 658
657 1017
657 1018
656 657
656 1019
656 1020
655 656
655 1021
655 1022
654 655
654 1023
654 1024
653 654
653 1025
653 1026
652 653
652 1027
652 1028
651 652
651 1029
651 1030
650 651
650 1031
650 1032
649 650
649 1033
649 1034
648 649
648 1035
648 1036
647 648
647 1037
647 1038
646 647
646 1039
646 1040
645 646
645 1041
645 1042
644 645
644 1043
644 1044
643 644
643 1045
643 1046
642 643
642 1047
642 1048
641 642
641 1049
641 1050
640 641
640 1051
640 1052
639 640
639 1053
639 1054
638 639
638 1055
638 1056
637 638
637 1057
637 1058
636 637
636 1059
636 1060
635 636
635 1061
635 1062
634 635
634 1063
634 1064
633 634
633 1065
633 1066
632 633
632 1067
632 1068
631 632
631 1069
631 1070
630 631
630 1071
630 1072
629 630
629 1073
629 1074
628 629
628 1075
628 1076
627 628
627 1077
627 1078
626 627
626 1079
626 1080
625 626
625 1081
625 1082
624 625
624 1083
624 1084
623 624
623 1085
623 1086
622 623
622 1087
622 1088
621 622
621 1089
621 1090
620 621
620 1091
620 1092
619 620
619 1093
619 1094
618 619
618 1095
618 1096
617 618
617 1097
617 1098
616 617
616 1099
616 1100
615 616
615 1101
615 1102
614 615
614 1103
614 1104
613 614
613 1105
613 1106
612 613
612 1107
612 1108
611 612
611 1109
611 1110
610 611
610 1111
610 1112
609 610
609 1113
609 1114
608 609
608 1115
608 1116
607 608
607 1117
607 1118
606 607
606 1119
606 1120
605 606
605 1121
605 1122
604 605
604 1123
604 1124
603 604
603 1125
603 1126
602 603
602 1127
602 1128
601 602
601 1129
601 1130
600 601
600 1131
600 1132
599 600
599 1133
599 1134
598 599
598 1135
598 1136
597 598
597 1137
597 1138
596 597
596 1139
596 1140
595 596
595 1141
595 1142
594 595
594 1143
594 1144
593 594
593 1145
593 1146
592 593
592 1147
592 1148
591 592
591 1149
591 1150
590 591
590 1151
590 1152
589 590
589 1153
589 1154
588 589
588 1155
588 1156
587 588
587 1157
587 1158
586 587
586 1159
586 1160
585 586
585 1161
585 1162
584 585
584 1163
584 1164
583 584
583 1165
583 1166
582 583
582 1167
582 1168
581 582
581 1169
581 1170
580 581
580 1171
580 1172
579 580
579 1173
579 1174
578 579
578 1175
578 1176
577 578
577 1177
577 1178
576 577
576 1179
576 1180
575 576
575 1181
575 1182
574 575
574 1183
574 1184
573 574
573 1185
573 1186
572 573
572 1187
572 1188
571 572
571 1189
571 1190
570 571
570 1191
570 1192
569 570
569 1193
569 1194
568 569
568 1195
568 1196
567 568
567 1197
567 1198
566 567
566 1199
566 1200
565 566
565 1201
565 1202
564 565
564 1203
564 1204
563 564
563 1205
563 1206
562 563
562 1207
562 1208
561 562
561 1209
561 1210
560 561
560 1211
560 1212
559 560
559 1213
559 1214
558 559
558 1215
558 1216
557 558
557 1217
557 1218
556 557
556 1219
556 1220
555 556
555 1221
555 1222
554 555
554 1223
554 1224
553 554
553 1225
553 1226
552 553
552 1227
552 1228
551 552
551 1229
551 1230
550 551
550 1231
550 1232
549 550
549 1233
549 1234
548 549
548 1235
548 1236
547 548
547 1237
547 1238
546 547
546 1239
546 1240
545 546
545 1241
545 1242
544 545
544 1243
544 1244
543 544
543 1245
543 1246
542 543
542 1247
542 1248
541 542
541 1249
541 1250
540 541
540 1251
540 1252
539 540
539 1253
539 1254
538 539
538 1255
538 1256
537 538
537 1257
537 1258
536 537
536 1259
536 1260
535 536
535 1261
535 1262
534 535
534 1263
534 1264
533 534
533 1265
533 1266
532 533
532 1267
532 1268
531 532
531 1269
531 1270
530 531
530 1271
530 1272
529 530
529 1273
529 1274
528 529
528 1275
528 1276
527 528
527 1277
527 1278
526 527
526 1279
526 1280
525 526
525 1281
525 1282
524 525
524 1283
524 1284
523 524
523 1285
523 1286
522 523
522 1287
522 1288
521 522
521 1289
521 1290
520 521
520 1291
520 1292
519 520
519 1293
519 1294
518 519
518 1295
518 1296
517 518
517 1297
517 1298
516 517
516 1299
516 1300
515 516
515 1301
515 1302
514 515
514 1303
514 1304
513 514
513 1305
513 1306
512 513
512 1307
512 1308
511 512
511 1309
511 1310
510 511
510 1311
510 1312
509 510
509 1313
509 1314
508 509
508 1315
508 1316
507 508
507 1317
507 1318
506 507
506 1319
506 1320
505 506
505 1321
505 1322
504 505
504 1323
504 1324
503 504
503 1325
503 1326
502 503
502 1327
502 1328
501 502
501 1329
501 1330
500 501
500 1331
500 1332
499 500
499 1333
499 1334
498 499
498 1335
498 1336
497 498
497 1337
497 1338
496 497
496 1339
496 1340
495 496
495 1341
495 1342
494 495
494 1343
494 1344
493 494
493 1345
493 1346
492 493
492 1347
492 1348
491 492
491 1349
491 1350
490 491
490 1351
490 1352
489 490
489 1353
489 1354
488 489
488 1355
488 1356
487 488
487 1357
487 1358
486 487
486 1359
486 1360
485 486
485 1361
485 1362
484 485
484 1363
484 1364
483 484
483 1365
483 1366
482 483
482 1367
482 1368
481 482
481 1369
481 1370
480 481
480 1371
480 1372
479 480
479 1373
479 1374
478 479
478 1375
478 1376
477 478
477 1377
477 1378
476 477
476 1379
476 1380
475 476
475 1381
475 1382
474 475
474 1383
474 1384
473 474
473 1385
473 1386
472 473
472 1387
472 1388
471 472
471 1389
471 1390
470 471
470 1391
470 1392
469 470
469 1393
469 1394
468 469
468 1395
468 1396
467 468
467 1397
467 1398
466 467
466 1399
466 1400
465 466
465 1401
465 1402
464 465
464 1403
464 1404
463 464
463 1405
463 1406
462 463
462 1407
462 1408
461 462
461 1409
461 1410
460 461
460 1411
460 1412
459 460
459 1413
459 1414
458 459
458 1415
458 1416
457 458
457 1417
457 1418
456 457
456 1419
456 1420
455 456
455 1421
455 1422
454 455
454 1423
454 1424
453 454
453 1425
453 1426
452 453
452 1427
452 1428
451 452
451 1429
451 1430
450 451
450 1431
450 1432
449 450
449 1433
449 1434
448 449
448 1435
448 1436
447 448
447 1437
447 1438
446 447
446 1439
446 1440
445 446
445 1441
445 1442
444 445
444 1443
444 1444
443 444
443 1445
443 1446
442 443
442 1447
442 1448
441 442
441 1449
441 1450
440 441
440 1451
440 1452
439 440
439 1453
439 1454
438 439
438 1455
438 1456
437 438
437 1457
437 1458
436 437
436 1459
436 1460
435 436
435 1461
435 1462
434 435
434 1463
434 1464
433 434
433 1465
433 1466
432 433
432 1467
432 1468
431 432
431 1469
431 1470
430 431
430 1471
430 1472
429 430
429 1473
429 1474
428 429
428 1475
428 1476
427 428
427 1477
427 1478
426 427
426 1479
426 1480
425 426
425 1481
425 1482
424 425
424 1483
424 1484
423 424
423 1485
423 1486
422 423
422 1487
422 1488
421 422
421 1489
421 1490
420 421
420 1491
420 1492
419 420
419 1493
419 1494
418 419
418 1495
418 1496
417 418
417 1497
417 1498
416 417
416 1499
416 1500
415 416
415 1501
415 1502
414 415
414 1503
414 1504
413 414
413 1505
413 1506
412 413
412 1507
412 1508
411 412
411 1509
411 1510
410 411
410 1511
410 1512
409 410
409 1513
409 1514
408 409
408 1515
408 1516
407 408
407 1517
407 1518
406 407
406 1519
406 1520
405 406
405 1521
405 1522
404 405
404 1523
404 1524
403 404
403 1525
403 1526
402 403
402 1527
402 1528
401 402
401 1529
401 1530
400 401
400 1531
400 1532
399 400
399 1533
399 1534
398 399
398 1535
398 1536
397 398
397 1537
397 1538
396 397
396 1539
396 1540
395 396
395 1541
395 1542
394 395
394 1543
394 1544
393 394
393 1545
393 1546
392 393
392 1547
392 1548
391 392
391 1549
391 1550
390 391
390 1551
390 1552
389 390
389 1553
389 1554
388 389
388 1555
388 1556
387 388
387 1557
387 1558
386 387
386 1559
386 1560
385 386
385 1561
385 1562
384 385
384 1563
384 1564
383 384
383 1565
383 1566
382 383
382 1567
382 1568
381 382
381 1569
381 1570
380 381
380 1571
380 1572
379 380
379 1573
379 1574
378 379
378 1575
378 1576
377 378
377 1577
377 1578
376 377
376 1579
376 1580
375 376
375 1581
375 1582
374 375
374 1583
374 1584
373 374
373 1585
373 1586
372 373
372 1587
372 1588
371 372
371 1589
371 1590
370 371
370 1591
370 1592
369 370
369 1593
369 1594
368 369
368 1595
368 1596
367 368
367 1597
367 1598
366 367
366 1599
366 1600
365 366
365 1601
365 1602
364 365
364 1603
364 1604
363 364
363 1605
363 1606
362 363
362 1607
362 1608
361 362
361 1609
361 1610
360 361
360 1611
360 1612
359 360
359 1613
359 1614
358 359
358 1615
358 1616
357 358
357 1617
357 1618
356 357
356 1619
356 1620
355 356
355 1621
355 1622
354 355
354 1623
354 1624
353 354
353 1625
353 1626
352 353
352 1627
352 1628
351 352
351 1629
351 1630
350 351
350 1631
350 1632
349 350
349 1633
349 1634
348 349
348 1635
348 1636
347 348
347 1637
347 1638
346 347
346 1639
346 1640
345 346
345 1641
345 1642
344 345
344 1643
344 1644
343 344
343 1645
343 1646
342 343
342 1647
342 1648
341 342
341 1649
341 1650
340 341
340 1651
340 1652
339 340
339 1653
339 1654
338 339
338 1655
338 1656
337 338
337 1657
337 1658
336 337
336 1659
336 1660
335 336
335 1661
335 1662
334 335
334 1663
334 1664
333 334
333 1665
333 1666
332 333
332 1667
332 1668
331 332
331 1669
331 1670
330 331
330 1671
330 1672
329 330
329 1673
329 1674
328 329
328 1675
328 1676
327 328
327 1677
327 1678
326 327
326 1679
326 1680
325 326
325 1681
325 1682
324 325
324 1683
324 1684
323 324
323 1685
323 1686
322 323
322 1687
322 1688
321 322
321 1689
321 1690
320 321
320 1691
320 1692
319 320
319 1693
319 1694
318 319
318 1695
318 1696
317 318
317 1697
317 1698
316 317
316 1699
316 1700
315 316
315 1701
315 1702
314 315
314 1703
314 1704
313 314
313 1705
313 1706
312 313
312 1707
312 1708
311 312
311 1709
311 1710
310 311
310 1711
310 1712
309 310
309 1713
309 1714
308 309
308 1715
308 1716
307 308
307 1717
307 1718
306 307
306 1719
306 1720
305 306
305 1721
305 1722
304 305
304 1723
304 1724
303 304
303 1725
303 1726
302 303
302 1727
302 1728
301 302
301 1729
301 1730
300 301
300 1731
300 1732
299 300
299 1733
299 1734
298 299
298 1735
298 1736
297 298
297 1737
297 1738
296 297
296 1739
296 1740
295 296
295 1741
295 1742
294 295
294 1743
294 1744
293 294
293 1745
293 1746
292 293
292 1747
292 1748
291 292
291 1749
291 1750
290 291
290 1751
290 1752
289 290
289 1753
289 1754
288 289
288 1755
288 1756
287 288
287 1757
287 1758
286 287
286 1759
286 1760
285 286
285 1761
285 1762
284 285
284 1763
284 1764
283 284
283 1765
283 1766
282 283
282 1767
282 1768
281 282
281 1769
281 1770
280 281
280 1771
280 1772
279 280
279 1773
279 1774
278 279
278 1775
278 1776
277 278
277 1777
277 1778
276 277
276 1779
276 1780
275 276
275 1781
275 1782
274 275
274 1783
274 1784
273 274
273 1785
273 1786
272 273
272 1787
272 1788
271 272
271 1789
271 1790
270 271
270 1791
270 1792
269 270
269 1793
269 1794
268 269
268 1795
268 1796
267 268
267 1797
267 1798
266 267
266 1799
266 1800
265 266
265 1801
265 1802
264 265
264 1803
264 1804
263 264
263 1805
263 1806
262 263
262 1807
262 1808
261 262
261 1809
261 1810
260 261
260 1811
260 1812
259 260
259 1813
259 1814
258 259
258 1815
258 1816
257 258
257 1817
257 1818
256 257
256 1819
256 1820
255 256
255 1821
255 1822
254 255
254 1823
254 1824
253 254
253 1825
253 1826
252 253
252 1827
252 1828
251 252
251 1829
251 1830
250 251
250 1831
250 1832
249 250
249 1833
249 1834
248 249
248 1835
248 1836
247 248
247 1837
247 1838
246 247
246 1839
246 1840
245 246
245 1841
245 1842
244 245
244 1843
244 1844
243 244
243 1845
243 1846
242 243
242 1847
242 1848
241 242
241 1849
241 1850
240 241
240 1851
240 1852
239 240
239 1853
239 1854
238 239
238 1855
238 1856
237 238
237 1857
237 1858
236 237
236 1859
236 1860
235 236
235 1861
235 1862
234 235
234 1863
234 1864
233 234
233 1865
233 1866
232 233
232 1867
232 1868
231 232
231 1869
231 1870
230 231
230 1871
230 1872
229 230
229 1873
229 1874
228 229
228 1875
228 1876
227 228
227 1877
227 1878
226 227
226 1879
226 1880
225 226
225 1881
225 1882
224 225
224 1883
224 1884
223 224
223 1885
223 1886
222 223
222 1887
222 1888
221 222
221 1889
221 1890
220 221
220 1891
220 1892
219 220
219 1893
219 1894
218 219
218 1895
218 1896
217 218
217 1897
217 1898
216 217
216 1899
216 1900
215 216
215 1901
215 1902
214 215
214 1903
214 1904
213 214
213 1905
213 1906
212 213
212 1907
212 1908
211 212
211 1909
211 1910
210 211
210 1911
210 1912
209 210
209 1913
209 1914
208 209
208 1915
208 1916
207 208
207 1917
207 1918
206 207
206 1919
206 1920
205 206
205 1921
205 1922
204 205
204 1923
204 1924
203 204
203 1925
203 1926
202 203
202 1927
202 1928
201 202
201 1929
201 1930
200 201
200 1931
200 1932
199 200
199 1933
199 1934
198 199
198 1935
198 1936
197 198
197 1937
197 1938
196 197
196 1939
196 1940
195 196
195 1941
195 1942
194 195
194 1943
194 1944
193 194
193 1945
193 1946
192 193
192 1947
192 1948
191 192
191 1949
191 1950
190 191
190 1951
190 1952
189 190
189 1953
189 1954
188 189
188 1955
188 1956
187 188
187 1957
187 1958
186 187
186 1959
186 1960
185 186
185 1961
185 1962
184 185
184 1963
184 1964
183 184
183 1965
183 1966
182 183
182 1967
182 1968
181 182
181 1969
181 1970
180 181
180 1971
180 1972
179 180
179 1973
179 1974
178 179
178 1975
178 1976
177 178
177 1977
177 1978
176 177
176 1979
176 1980
175 176
175 1981
175 1982
174 175
174 1983
174 1984
173 174
173 1985
173 1986
172 173
172 1987
172 1988
171 172
171 1989
171 1990
170 171
170 1991
170 1992
169 170
169 1993
169 1994
168 169
168 1995
168 1996
167 168
167 1997
167 1998
166 167
166 1999
166 2000
165 166
165 2001
165 2002
164 165
164 2003
164 2004
163 164
163 2005
163 2006
162 163
162 2007
162 2008
161 162
161 2009
161 2010
160 161
160 2011
160 2012
159 160
159 2013
159 2014
158 159
158 2015
158 2016
157 158
157 2017
157 2018
156 157
156 2019
156 2020
155 156
155 2021
155 2022
154 155
154 2023
154 2024
153 154
153 2025
153 2026
152 153
152 2027
152 2028
151 152
151 2029
151 2030
150 151
150 2031
150 2032
149 150
149 2033
149 2034
148 149
148 2035
148 2036
147 148
147 2037
147 2038
146 147
146 2039
146 2040
145 146
145 2041
145 2042
144 145
144 2043
144 2044
143 144
143 2045
143 2046
142 143
142 2047
142 2048
141 142
141 2049
141 2050
140 141
140 2051
140 2052
139 140
139 2053
139 2054
138 139
138 2055
138 2056
137 138
137 2057
137 2058
136 137
136 2059
136 2060
135 136
135 2061
135 2062
134 135
134 2063
134 2064
133 134
133 2065
133 2066
132 133
132 2067
132 2068
131 132
131 2069
131 2070
130 131
130 2071
130 2072
129 130
129 2073
129 2074
128 129
128 2075
128 2076
127 128
127 2077
127 2078
126 127
126 2079
126 2080
125 126
125 2081
125 2082
124 125
124 2083
124 2084
123 124
123 2085
123 2086
122 123
122 2087
122 2088
121 122
121 2089
121 2090
120 121
120 2091
120 2092
119 120
119 2093
119 2094
118 119
118 2095
118 2096
117 118
117 2097
117 2098
116 117
116 2099
116 2100
115 116
115 2101
115 2102
114 115
114 2103
114 2104
113 114
113 2105
113 2106
112 113
112 2107
112 2108
111 112
111 2109
111 2110
110 111
110 2111
110 2112
109 110
109 2113
109 2114
108 109
108 2115
108 2116
107 108
107 2117
107 2118
106 107
106 2119
106 2120
105 106
105 2121
105 2122
104 105
104 2123
104 2124
103 104
103 2125
103 2126
102 103
102 2127
102 2128
101 102
101 2129
101 2130
100 101
100 2131
100 2132
99 100
99 2133
99 2134
98 99
98 2135
98 2136
97 98
97 2137
97 2138
96 97
96 2139
96 2140
95 96
95 2141
95 2142
94 95
94 2143
94 2144
93 94
93 2145
93 2146
92 93
92 2147
92 2148
91 92
91 2149
91 2150
90 91
90 2151
90 2152
89 90
89 2153
89 2154
88 89
88 2155
88 2156
87 88
87 2157
87 2158
86 87
86 2159
86 2160
85 86
85 2161
85 2162
84 85
84 2163
84 2164
83 84
83 2165
83 2166
82 83
82 2167
82 2168
81 82
81 2169
81 2170
80 81
80 2171
80 2172
79 80
79 2173
79 2174
78 79
78 2175
78 2176
77 78
77 2177
77 2178
76 77
76 2179
76 2180
75 76
75 2181
75 2182
74 75
74 2183
74 2184
73 74
73 2185
73 2186
72 73
72 2187
72 2188
71 72
71 2189
71 2190
70 71
70 2191
70 2192
69 70
69 2193
69 2194
68 69
68 2195
68 2196
67 68
67 2197
67 2198
66 67
66 2199
66 2200
65 66
65 2201
65 2202
64 65
64 2203
64 2204
63 64
63 2205
63 2206
62 63
62 2207
62 2208
61 62
61 2209
61 2210
60 61
60 2211
60 2212
59 60
59 2213
59 2214
58 59
58 2215
58 2216
57 58
57 2217
57 2218
56 57
56 2219
56 2220
55 56
55 2221
55 2222
54 55
54 2223
54 2224
53 54
53 2225
53 2226
52 53
52 2227
52 2228
51 52
51 2229
51 2230
50 51
50 2231
50 2232
49 50
49 2233
49 2234
48 49
48 2235
48 2236
47 48
47 2237
47 2238
46 47
46 2239
46 2240
45 46
45 2241
45 2242
44 45
44 2243
44 2244
43 44
43 2245
43 2246
42 43
42 2247
42 2248
41 42
41 2249
41 2250
40 41
40 2251
40 2252
39 40
39 2253
39 2254
38 39
38 2255
38 2256
37 38
37 2257
37 2258
36 37
36 2259
36 2260
35 36
35 2261
35 2262
34 35
34 2263
34 2264
33 34
33 2265
33 2266
32 33
32 2267
32 2268
31 32
31 2269
31 2270
30 31
30 2271
30 2272
29 30
29 2273
29 2274
28 29
28 2275
28 2276
27 28
27 2277
27 2278
26 27
26 2279
26 2280
25 26
25 2281
25 2282
24 25
24 2283
24 2284
23 24
23 2285
23 2286
22 23
22 2287
22 2288
21 22
21 2289
21 2290
20 21
20 2291
20 2292
19 20
19 2293
19 2294
18 19
18 2295
18 2296
17 18
17 2297
17 2298
16 17
16 2299
16 2300
15 16
15 2301
15 2302
14 15
14 2303
14 2304
13 14
13 2305
13 2306
12 13
12 2307
12 2308
11 12
11 2309
11 2310
10 11
10 2311
10 2312
9 10
9 2313
9 2314
8 9
8 2315
8 2316
7 8
7 2317
7 2318
6 7
6 2319
6 2320
5 6
5 2321
5 2322
4 5
4 2323
4 2324
3 4
3 2325
3 2326
2 3
2 2327
2 2328
1 2
1 2329
1 2330
1 2331
