2453 29880376
1226 1227
1226 1228
1225 1226
1225 1229
1224 1225
1224 1230
1223 1224
1223 1231
1222 1223
1222 1232
1221 1222
1221 1233
1220 1221
1220 1234
1219 1220
1219 1235
1218 1219
1218 1236
1217 1218
1217 1237
1216 1217
1216 1238
1215 1216
1215 1239
1214 1215
1214 1240
1213 1214
1213 1241
1212 1213
1212 1242
1211 1212
1211 1243
1210 1211
1210 1244
1209 1210
1209 1245
1208 1209
1208 1246
1207 1208
1207 1247
1206 1207
1206 1248
1205 1206
1205 1249
1204 1205
1204 1250
1203 1204
1203 1251
1202 1203
1202 1252
1201 1202
1201 1253
1200 1201
1200 1254
1199 1200
1199 1255
1198 1199
1198 1256
1197 1198
1197 1257
1196 1197
1196 1258
1195 1196
1195 1259
1194 1195
1194 1260
1193 1194
1193 1261
1192 1193
1192 1262
1191 1192
1191 1263
1190 1191
1190 1264
1189 1190
1189 1265
1188 1189
1188 1266
1187 1188
1187 1267
1186 1187
1186 1268
1185 1186
1185 1269
1184 1185
1184 1270
1183 1184
1183 1271
1182 1183
1182 1272
1181 1182
1181 1273
1180 1181
1180 1274
1179 1180
1179 1275
1178 1179
1178 1276
1177 1178
1177 1277
1176 1177
1176 1278
1175 1176
1175 1279
1174 1175
1174 1280
1173 1174
1173 1281
1172 1173
1172 1282
1171 1172
1171 1283
1170 1171
1170 1284
1169 1170
1169 1285
1168 1169
1168 1286
1167 1168
1167 1287
1166 1167
1166 1288
1165 1166
1165 1289
1164 1165
1164 1290
1163 1164
1163 1291
1162 1163
1162 1292
1161 1162
1161 1293
1160 1161
1160 1294
1159 1160
1159 1295
1158 1159
1158 1296
1157 1158
1157 1297
1156 1157
1156 1298
1155 1156
1155 1299
1154 1155
1154 1300
1153 1154
1153 1301
1152 1153
1152 1302
1151 1152
1151 1303
1150 1151
1150 1304
1149 1150
1149 1305
1148 1149
1148 1306
1147 1148
1147 1307
1146 1147
1146 1308
1145 1146
1145 1309
1144 1145
1144 1310
1143 1144
1143 1311
1142 1143
1142 1312
1141 1142
1141 1313
1140 1141
1140 1314
1139 1140
1139 1315
1138 1139
1138 1316
1137 1138
1137 1317
1136 1137
1136 1318
1135 1136
1135 1319
1134 1135
1134 1320
1133 1134
1133 1321
1132 1133
1132 1322
1131 1132
1131 1323
1130 1131
1130 1324
1129 1130
1129 1325
1128 1129
1128 1326
1127 1128
1127 1327
1126 1127
1126 1328
1125 1126
1125 1329
1124 1125
1124 1330
1123 1124
1123 1331
1122 1123
1122 1332
1121 1122
1121 1333
1120 1121
1120 1334
1119 1120
1119 1335
1118 1119
1118 1336
1117 1118
1117 1337
1116 1117
1116 1338
1115 1116
1115 1339
1114 1115
1114 1340
1113 1114
1113 1341
1112 1113
1112 1342
1111 1112
1111 1343
1110 1111
1110 1344
1109 1110
1109 1345
1108 1109
1108 1346
1107 1108
1107 1347
1106 1107
1106 1348
1105 1106
1105 1349
1104 1105
1104 1350
1103 1104
1103 1351
1102 1103
1102 1352
1101 1102
1101 1353
1100 1101
1100 1354
1099 1100
1099 1355
1098 1099
1098 1356
1097 1098
1097 1357
1096 1097
1096 1358
1095 1096
1095 1359
1094 1095
1094 1360
1093 1094
1093 1361
1092 1093
1092 1362
1091 1092
1091 1363
1090 1091
1090 1364
1089 1090
1089 1365
1088 1089
1088 1366
1087 1088
1087 1367
1086 1087
1086 1368
1085 1086
1085 1369
1084 1085
1084 1370
1083 1084
1083 1371
1082 1083
1082 1372
1081 1082
1081 1373
1080 1081
1080 1374
1079 1080
1079 1375
1078 1079
1078 1376
1077 1078
1077 1377
1076 1077
1076 1378
1075 1076
1075 1379
1074 1075
1074 1380
1073 1074
1073 1381
1072 1073
1072 1382
1071 1072
1071 1383
1070 1071
1070 1384
1069 1070
1069 1385
1068 1069
1068 1386
1067 1068
1067 1387
1066 1067
1066 1388
1065 1066
1065 1389
1064 1065
1064 1390
1063 1064
1063 1391
1062 1063
1062 1392
1061 1062
1061 1393
1060 1061
1060 1394
1059 1060
1059 1395
1058 1059
1058 1396
1057 1058
1057 1397
1056 1057
1056 1398
1055 1056
1055 1399
1054 1055
1054 1400
1053 1054
1053 1401
1052 1053
1052 1402
1051 1052
1051 1403
1050 1051
1050 1404
1049 1050
1049 1405
1048 1049
1048 1406
1047 1048
1047 1407
1046 1047
1046 1408
1045 1046
1045 1409
1044 1045
1044 1410
1043 1044
1043 1411
1042 1043
1042 1412
1041 1042
1041 1413
1040 1041
1040 1414
1039 1040
1039 1415
1038 1039
1038 1416
1037 1038
1037 1417
1036 1037
1036 1418
1035 1036
1035 1419
1034 1035
1034 1420
1033 1034
1033 1421
1032 1033
1032 1422
1031 1032
1031 1423
1030 1031
1030 1424
1029 1030
1029 1425
1028 1029
1028 1426
1027 1028
1027 1427
1026 1027
1026 1428
1025 1026
1025 1429
1024 1025
1024 1430
1023 1024
1023 1431
1022 1023
1022 1432
1021 1022
1021 1433
1020 1021
1020 1434
1019 1020
1019 1435
1018 1019
1018 1436
1017 1018
1017 1437
1016 1017
1016 1438
1015 1016
1015 1439
1014 1015
1014 1440
1013 1014
1013 1441
1012 1013
1012 1442
1011 1012
1011 1443
1010 1011
1010 1444
1009 1010
1009 1445
1008 1009
1008 1446
1007 1008
1007 1447
1006 1007
1006 1448
1005 1006
1005 1449
1004 1005
1004 1450
1003 1004
1003 1451
1002 1003
1002 1452
1001 1002
1001 1453
1000 1001
1000 1454
999 1000
999 1455
998 999
998 1456
997 998
997 1457
996 997
996 1458
995 996
995 1459
994 995
994 1460
993 994
993 1461
992 993
992 1462
991 992
991 1463
990 991
990 1464
989 990
989 1465
988 989
988 1466
987 988
987 1467
986 987
986 1468
985 986
985 1469
984 985
984 1470
983 984
983 1471
982 983
982 1472
981 982
981 1473
980 981
980 1474
979 980
979 1475
978 979
978 1476
977 978
977 1477
976 977
976 1478
975 976
975 1479
974 975
974 1480
973 974
973 1481
972 973
972 1482
971 972
971 1483
970 971
970 1484
969 970
969 1485
968 969
968 1486
967 968
967 1487
966 967
966 1488
965 966
965 1489
964 965
964 1490
963 964
963 1491
962 963
962 1492
961 962
961 1493
960 961
960 1494
959 960
959 1495
958 959
958 1496
957 958
957 1497
956 957
956 1498
955 956
955 1499
954 955
954 1500
953 954
953 1501
952 953
952 1502
951 952
951 1503
950 951
950 1504
949 950
949 1505
948 949
948 1506
947 948
947 1507
946 947
946 1508
945 946
945 1509
944 945
944 1510
943 944
943 1511
942 943
942 1512
941 942
941 1513
940 941
940 1514
939 940
939 1515
938 939
938 1516
937 938
937 1517
936 937
936 1518
935 936
935 1519
934 935
934 1520
933 934
933 1521
932 933
932 1522
931 932
931 1523
930 931
930 1524
929 930
929 1525
928 929
928 1526
927 928
927 1527
926 927
926 1528
925 926
925 1529
924 925
924 1530
923 924
923 1531
922 923
922 1532
921 922
921 1533
920 921
920 1534
919 920
919 1535
918 919
918 1536
917 918
917 1537
916 917
916 1538
915 916
915 1539
914 915
914 1540
913 914
913 1541
912 913
912 1542
911 912
911 1543
910 911
910 1544
909 910
909 1545
908 909
908 1546
907 908
907 1547
906 907
906 1548
905 906
905 1549
904 905
904 1550
903 904
903 1551
902 903
902 1552
901 902
901 1553
900 901
900 1554
899 900
899 1555
898 899
898 1556
897 898
897 1557
896 897
896 1558
895 896
895 1559
894 895
894 1560
893 894
893 1561
892 893
892 1562
891 892
891 1563
890 891
890 1564
889 890
889 1565
888 889
888 1566
887 888
887 1567
886 887
886 1568
885 886
885 1569
884 885
884 1570
883 884
883 1571
882 883
882 1572
881 882
881 1573
880 881
880 1574
879 880
879 1575
878 879
878 1576
877 878
877 1577
876 877
876 1578
875 876
875 1579
874 875
874 1580
873 874
873 1581
872 873
872 1582
871 872
871 1583
870 871
870 1584
869 870
869 1585
868 869
868 1586
867 868
867 1587
866 867
866 1588
865 866
865 1589
864 865
864 1590
863 864
863 1591
862 863
862 1592
861 862
861 1593
860 861
860 1594
859 860
859 1595
858 859
858 1596
857 858
857 1597
856 857
856 1598
855 856
855 1599
854 855
854 1600
853 854
853 1601
852 853
852 1602
851 852
851 1603
850 851
850 1604
849 850
849 1605
848 849
848 1606
847 848
847 1607
846 847
846 1608
845 846
845 1609
844 845
844 1610
843 844
843 1611
842 843
842 1612
841 842
841 1613
840 841
840 1614
839 840
839 1615
838 839
838 1616
837 838
837 1617
836 837
836 1618
835 836
835 1619
834 835
834 1620
833 834
833 1621
832 833
832 1622
831 832
831 1623
830 831
830 1624
829 830
829 1625
828 829
828 1626
827 828
827 1627
826 827
826 1628
825 826
825 1629
824 825
824 1630
823 824
823 1631
822 823
822 1632
821 822
821 1633
820 821
820 1634
819 820
819 1635
818 819
818 1636
817 818
817 1637
816 817
816 1638
815 816
815 1639
814 815
814 1640
813 814
813 1641
812 813
812 1642
811 812
811 1643
810 811
810 1644
809 810
809 1645
808 809
808 1646
807 808
807 1647
806 807
806 1648
805 806
805 1649
804 805
804 1650
803 804
803 1651
802 803
802 1652
801 802
801 1653
800 801
800 1654
799 800
799 1655
798 799
798 1656
797 798
797 1657
796 797
796 1658
795 796
795 1659
794 795
794 1660
793 794
793 1661
792 793
792 1662
791 792
791 1663
790 791
790 1664
789 790
789 1665
788 789
788 1666
787 788
787 1667
786 787
786 1668
785 786
785 1669
784 785
784 1670
783 784
783 1671
782 783
782 1672
781 782
781 1673
780 781
780 1674
779 780
779 1675
778 779
778 1676
777 778
777 1677
776 777
776 1678
775 776
775 1679
774 775
774 1680
773 774
773 1681
772 773
772 1682
771 772
771 1683
770 771
770 1684
769 770
769 1685
768 769
768 1686
767 768
767 1687
766 767
766 1688
765 766
765 1689
764 765
764 1690
763 764
763 1691
762 763
762 1692
761 762
761 1693
760 761
760 1694
759 760
759 1695
758 759
758 1696
757 758
757 1697
756 757
756 1698
755 756
755 1699
754 755
754 1700
753 754
753 1701
752 753
752 1702
751 752
751 1703
750 751
750 1704
749 750
749 1705
748 749
748 1706
747 748
747 1707
746 747
746 1708
745 746
745 1709
744 745
744 1710
743 744
743 1711
742 743
742 1712
741 742
741 1713
740 741
740 1714
739 740
739 1715
738 739
738 1716
737 738
737 1717
736 737
736 1718
735 736
735 1719
734 735
734 1720
733 734
733 1721
732 733
732 1722
731 732
731 1723
730 731
730 1724
729 730
729 1725
728 729
728 1726
727 728
727 1727
726 727
726 1728
725 726
725 1729
724 725
724 1730
723 724
723 1731
722 723
722 1732
721 722
721 1733
720 721
720 1734
719 720
719 1735
718 719
718 1736
717 718
717 1737
716 717
716 1738
715 716
715 1739
714 715
714 1740
713 714
713 1741
712 713
712 1742
711 712
711 1743
710 711
710 1744
709 710
709 1745
708 709
708 1746
707 708
707 1747
706 707
706 1748
705 706
705 1749
704 705
704 1750
703 704
703 1751
702 703
702 1752
701 702
701 1753
700 701
700 1754
699 700
699 1755
698 699
698 1756
697 698
697 1757
696 697
696 1758
695 696
695 1759
694 695
694 1760
693 694
693 1761
692 693
692 1762
691 692
691 1763
690 691
690 1764
689 690
689 1765
688 689
688 1766
687 688
687 1767
686 687
686 1768
685 686
685 1769
684 685
684 1770
683 684
683 1771
682 683
682 1772
681 682
681 1773
680 681
680 1774
679 680
679 1775
678 679
678 1776
677 678
677 1777
676 677
676 1778
675 676
675 1779
674 675
674 1780
673 674
673 1781
672 673
672 1782
671 672
671 1783
670 671
670 1784
669 670
669 1785
668 669
668 1786
667 668
667 1787
666 667
666 1788
665 666
665 1789
664 665
664 1790
663 664
663 1791
662 663
662 1792
661 662
661 1793
660 661
660 1794
659 660
659 1795
658 659
658 1796
657 658
657 1797
656 657
656 1798
655 656
655 1799
654 655
654 1800
653 654
653 1801
652 653
652 1802
651 652
651 1803
650 651
650 1804
649 650
649 1805
648 649
648 1806
647 648
647 1807
646 647
646 1808
645 646
645 1809
644 645
644 1810
643 644
643 1811
642 643
642 1812
641 642
641 1813
640 641
640 1814
639 640
639 1815
638 639
638 1816
637 638
637 1817
636 637
636 1818
635 636
635 1819
634 635
634 1820
633 634
633 1821
632 633
632 1822
631 632
631 1823
630 631
630 1824
629 630
629 1825
628 629
628 1826
627 628
627 1827
626 627
626 1828
625 626
625 1829
624 625
624 1830
623 624
623 1831
622 623
622 1832
621 622
621 1833
620 621
620 1834
619 620
619 1835
618 619
618 1836
617 618
617 1837
616 617
616 1838
615 616
615 1839
614 615
614 1840
613 614
613 1841
612 613
612 1842
611 612
611 1843
610 611
610 1844
609 610
609 1845
608 609
608 1846
607 608
607 1847
606 607
606 1848
605 606
605 1849
604 605
604 1850
603 604
603 1851
602 603
602 1852
601 602
601 1853
600 601
600 1854
599 600
599 1855
598 599
598 1856
597 598
597 1857
596 597
596 1858
595 596
595 1859
594 595
594 1860
593 594
593 1861
592 593
592 1862
591 592
591 1863
590 591
590 1864
589 590
589 1865
588 589
588 1866
587 588
587 1867
586 587
586 1868
585 586
585 1869
584 585
584 1870
583 584
583 1871
582 583
582 1872
581 582
581 1873
580 581
580 1874
579 580
579 1875
578 579
578 1876
577 578
577 1877
576 577
576 1878
575 576
575 1879
574 575
574 1880
573 574
573 1881
572 573
572 1882
571 572
571 1883
570 571
570 1884
569 570
569 1885
568 569
568 1886
567 568
567 1887
566 567
566 1888
565 566
565 1889
564 565
564 1890
563 564
563 1891
562 563
562 1892
561 562
561 1893
560 561
560 1894
559 560
559 1895
558 559
558 1896
557 558
557 1897
556 557
556 1898
555 556
555 1899
554 555
554 1900
553 554
553 1901
552 553
552 1902
551 552
551 1903
550 551
550 1904
549 550
549 1905
548 549
548 1906
547 548
547 1907
546 547
546 1908
545 546
545 1909
544 545
544 1910
543 544
543 1911
542 543
542 1912
541 542
541 1913
540 541
540 1914
539 540
539 1915
538 539
538 1916
537 538
537 1917
536 537
536 1918
535 536
535 1919
534 535
534 1920
533 534
533 1921
532 533
532 1922
531 532
531 1923
530 531
530 1924
529 530
529 1925
528 529
528 1926
527 528
527 1927
526 527
526 1928
525 526
525 1929
524 525
524 1930
523 524
523 1931
522 523
522 1932
521 522
521 1933
520 521
520 1934
519 520
519 1935
518 519
518 1936
517 518
517 1937
516 517
516 1938
515 516
515 1939
514 515
514 1940
513 514
513 1941
512 513
512 1942
511 512
511 1943
510 511
510 1944
509 510
509 1945
508 509
508 1946
507 508
507 1947
506 507
506 1948
505 506
505 1949
504 505
504 1950
503 504
503 1951
502 503
502 1952
501 502
501 1953
500 501
500 1954
499 500
499 1955
498 499
498 1956
497 498
497 1957
496 497
496 1958
495 496
495 1959
494 495
494 1960
493 494
493 1961
492 493
492 1962
491 492
491 1963
490 491
490 1964
489 490
489 1965
488 489
488 1966
487 488
487 1967
486 487
486 1968
485 486
485 1969
484 485
484 1970
483 484
483 1971
482 483
482 1972
481 482
481 1973
480 481
480 1974
479 480
479 1975
478 479
478 1976
477 478
477 1977
476 477
476 1978
475 476
475 1979
474 475
474 1980
473 474
473 1981
472 473
472 1982
471 472
471 1983
470 471
470 1984
469 470
469 1985
468 469
468 1986
467 468
467 1987
466 467
466 1988
465 466
465 1989
464 465
464 1990
463 464
463 1991
462 463
462 1992
461 462
461 1993
460 461
460 1994
459 460
459 1995
458 459
458 1996
457 458
457 1997
456 457
456 1998
455 456
455 1999
454 455
454 2000
453 454
453 2001
452 453
452 2002
451 452
451 2003
450 451
450 2004
449 450
449 2005
448 449
448 2006
447 448
447 2007
446 447
446 2008
445 446
445 2009
444 445
444 2010
443 444
443 2011
442 443
442 2012
441 442
441 2013
440 441
440 2014
439 440
439 2015
438 439
438 2016
437 438
437 2017
436 437
436 2018
435 436
435 2019
434 435
434 2020
433 434
433 2021
432 433
432 2022
431 432
431 2023
430 431
430 2024
429 430
429 2025
428 429
428 2026
427 428
427 2027
426 427
426 2028
425 426
425 2029
424 425
424 2030
423 424
423 2031
422 423
422 2032
421 422
421 2033
420 421
420 2034
419 420
419 2035
418 419
418 2036
417 418
417 2037
416 417
416 2038
415 416
415 2039
414 415
414 2040
413 414
413 2041
412 413
412 2042
411 412
411 2043
410 411
410 2044
409 410
409 2045
408 409
408 2046
407 408
407 2047
406 407
406 2048
405 406
405 2049
404 405
404 2050
403 404
403 2051
402 403
402 2052
401 402
401 2053
400 401
400 2054
399 400
399 2055
398 399
398 2056
397 398
397 2057
396 397
396 2058
395 396
395 2059
394 395
394 2060
393 394
393 2061
392 393
392 2062
391 392
391 2063
390 391
390 2064
389 390
389 2065
388 389
388 2066
387 388
387 2067
386 387
386 2068
385 386
385 2069
384 385
384 2070
383 384
383 2071
382 383
382 2072
381 382
381 2073
380 381
380 2074
379 380
379 2075
378 379
378 2076
377 378
377 2077
376 377
376 2078
375 376
375 2079
374 375
374 2080
373 374
373 2081
372 373
372 2082
371 372
371 2083
370 371
370 2084
369 370
369 2085
368 369
368 2086
367 368
367 2087
366 367
366 2088
365 366
365 2089
364 365
364 2090
363 364
363 2091
362 363
362 2092
361 362
361 2093
360 361
360 2094
359 360
359 2095
358 359
358 2096
357 358
357 2097
356 357
356 2098
355 356
355 2099
354 355
354 2100
353 354
353 2101
352 353
352 2102
351 352
351 2103
350 351
350 2104
349 350
349 2105
348 349
348 2106
347 348
347 2107
346 347
346 2108
345 346
345 2109
344 345
344 2110
343 344
343 2111
342 343
342 2112
341 342
341 2113
340 341
340 2114
339 340
339 2115
338 339
338 2116
337 338
337 2117
336 337
336 2118
335 336
335 2119
334 335
334 2120
333 334
333 2121
332 333
332 2122
331 332
331 2123
330 331
330 2124
329 330
329 2125
328 329
328 2126
327 328
327 2127
326 327
326 2128
325 326
325 2129
324 325
324 2130
323 324
323 2131
322 323
322 2132
321 322
321 2133
320 321
320 2134
319 320
319 2135
318 319
318 2136
317 318
317 2137
316 317
316 2138
315 316
315 2139
314 315
314 2140
313 314
313 2141
312 313
312 2142
311 312
311 2143
310 311
310 2144
309 310
309 2145
308 309
308 2146
307 308
307 2147
306 307
306 2148
305 306
305 2149
304 305
304 2150
303 304
303 2151
302 303
302 2152
301 302
301 2153
300 301
300 2154
299 300
299 2155
298 299
298 2156
297 298
297 2157
296 297
296 2158
295 296
295 2159
294 295
294 2160
293 294
293 2161
292 293
292 2162
291 292
291 2163
290 291
290 2164
289 290
289 2165
288 289
288 2166
287 288
287 2167
286 287
286 2168
285 286
285 2169
284 285
284 2170
283 284
283 2171
282 283
282 2172
281 282
281 2173
280 281
280 2174
279 280
279 2175
278 279
278 2176
277 278
277 2177
276 277
276 2178
275 276
275 2179
274 275
274 2180
273 274
273 2181
272 273
272 2182
271 272
271 2183
270 271
270 2184
269 270
269 2185
268 269
268 2186
267 268
267 2187
266 267
266 2188
265 266
265 2189
264 265
264 2190
263 264
263 2191
262 263
262 2192
261 262
261 2193
260 261
260 2194
259 260
259 2195
258 259
258 2196
257 258
257 2197
256 257
256 2198
255 256
255 2199
254 255
254 2200
253 254
253 2201
252 253
252 2202
251 252
251 2203
250 251
250 2204
249 250
249 2205
248 249
248 2206
247 248
247 2207
246 247
246 2208
245 246
245 2209
244 245
244 2210
243 244
243 2211
242 243
242 2212
241 242
241 2213
240 241
240 2214
239 240
239 2215
238 239
238 2216
237 238
237 2217
236 237
236 2218
235 236
235 2219
234 235
234 2220
233 234
233 2221
232 233
232 2222
231 232
231 2223
230 231
230 2224
229 230
229 2225
228 229
228 2226
227 228
227 2227
226 227
226 2228
225 226
225 2229
224 225
224 2230
223 224
223 2231
222 223
222 2232
221 222
221 2233
220 221
220 2234
219 220
219 2235
218 219
218 2236
217 218
217 2237
216 217
216 2238
215 216
215 2239
214 215
214 2240
213 214
213 2241
212 213
212 2242
211 212
211 2243
210 211
210 2244
209 210
209 2245
208 209
208 2246
207 208
207 2247
206 207
206 2248
205 206
205 2249
204 205
204 2250
203 204
203 2251
202 203
202 2252
201 202
201 2253
200 201
200 2254
199 200
199 2255
198 199
198 2256
197 198
197 2257
196 197
196 2258
195 196
195 2259
194 195
194 2260
193 194
193 2261
192 193
192 2262
191 192
191 2263
190 191
190 2264
189 190
189 2265
188 189
188 2266
187 188
187 2267
186 187
186 2268
185 186
185 2269
184 185
184 2270
183 184
183 2271
182 183
182 2272
181 182
181 2273
180 181
180 2274
179 180
179 2275
178 179
178 2276
177 178
177 2277
176 177
176 2278
175 176
175 2279
174 175
174 2280
173 174
173 2281
172 173
172 2282
171 172
171 2283
170 171
170 2284
169 170
169 2285
168 169
168 2286
167 168
167 2287
166 167
166 2288
165 166
165 2289
164 165
164 2290
163 164
163 2291
162 163
162 2292
161 162
161 2293
160 161
160 2294
159 160
159 2295
158 159
158 2296
157 158
157 2297
156 157
156 2298
155 156
155 2299
154 155
154 2300
153 154
153 2301
152 153
152 2302
151 152
151 2303
150 151
150 2304
149 150
149 2305
148 149
148 2306
147 148
147 2307
146 147
146 2308
145 146
145 2309
144 145
144 2310
143 144
143 2311
142 143
142 2312
141 142
141 2313
140 141
140 2314
139 140
139 2315
138 139
138 2316
137 138
137 2317
136 137
136 2318
135 136
135 2319
134 135
134 2320
133 134
133 2321
132 133
132 2322
131 132
131 2323
130 131
130 2324
129 130
129 2325
128 129
128 2326
127 128
127 2327
126 127
126 2328
125 126
125 2329
124 125
124 2330
123 124
123 2331
122 123
122 2332
121 122
121 2333
120 121
120 2334
119 120
119 2335
118 119
118 2336
117 118
117 2337
116 117
116 2338
115 116
115 2339
114 115
114 2340
113 114
113 2341
112 113
112 2342
111 112
111 2343
110 111
110 2344
109 110
109 2345
108 109
108 2346
107 108
107 2347
106 107
106 2348
105 106
105 2349
104 105
104 2350
103 104
103 2351
102 103
102 2352
101 102
101 2353
100 101
100 2354
99 100
99 2355
98 99
98 2356
97 98
97 2357
96 97
96 2358
95 96
95 2359
94 95
94 2360
93 94
93 2361
92 93
92 2362
91 92
91 2363
90 91
90 2364
89 90
89 2365
88 89
88 2366
87 88
87 2367
86 87
86 2368
85 86
85 2369
84 85
84 2370
83 84
83 2371
82 83
82 2372
81 82
81 2373
80 81
80 2374
79 80
79 2375
78 79
78 2376
77 78
77 2377
76 77
76 2378
75 76
75 2379
74 75
74 2380
73 74
73 2381
72 73
72 2382
71 72
71 2383
70 71
70 2384
69 70
69 2385
68 69
68 2386
67 68
67 2387
66 67
66 2388
65 66
65 2389
64 65
64 2390
63 64
63 2391
62 63
62 2392
61 62
61 2393
60 61
60 2394
59 60
59 2395
58 59
58 2396
57 58
57 2397
56 57
56 2398
55 56
55 2399
54 55
54 2400
53 54
53 2401
52 53
52 2402
51 52
51 2403
50 51
50 2404
49 50
49 2405
48 49
48 2406
47 48
47 2407
46 47
46 2408
45 46
45 2409
44 45
44 2410
43 44
43 2411
42 43
42 2412
41 42
41 2413
40 41
40 2414
39 40
39 2415
38 39
38 2416
37 38
37 2417
36 37
36 2418
35 36
35 2419
34 35
34 2420
33 34
33 2421
32 33
32 2422
31 32
31 2423
30 31
30 2424
29 30
29 2425
28 29
28 2426
27 28
27 2427
26 27
26 2428
25 26
25 2429
24 25
24 2430
23 24
23 2431
22 23
22 2432
21 22
21 2433
20 21
20 2434
19 20
19 2435
18 19
18 2436
17 18
17 2437
16 17
16 2438
15 16
15 2439
14 15
14 2440
13 14
13 2441
12 13
12 2442
11 12
11 2443
10 11
10 2444
9 10
9 2445
8 9
8 2446
7 8
7 2447
6 7
6 2448
5 6
5 2449
4 5
4 2450
3 4
3 2451
2 3
2 2452
1 2
1 2453
1 2454
