2423 21435242
485 486
485 487
485 488
485 489
485 490
484 485
484 491
484 492
484 493
484 494
483 484
483 495
483 496
483 497
483 498
482 483
482 499
482 500
482 501
482 502
481 482
481 503
481 504
481 505
481 506
480 481
480 507
480 508
480 509
480 510
479 480
479 511
479 512
479 513
479 514
478 479
478 515
478 516
478 517
478 518
477 478
477 519
477 520
477 521
477 522
476 477
476 523
476 524
476 525
476 526
475 476
475 527
475 528
475 529
475 530
474 475
474 531
474 532
474 533
474 534
473 474
473 535
473 536
473 537
473 538
472 473
472 539
472 540
472 541
472 542
471 472
471 543
471 544
471 545
471 546
470 471
470 547
470 548
470 549
470 550
469 470
469 551
469 552
469 553
469 554
468 469
468 555
468 556
468 557
468 558
467 468
467 559
467 560
467 561
467 562
466 467
466 563
466 564
466 565
466 566
465 466
465 567
465 568
465 569
465 570
464 465
464 571
464 572
464 573
464 574
463 464
463 575
463 576
463 577
463 578
462 463
462 579
462 580
462 581
462 582
461 462
461 583
461 584
461 585
461 586
460 461
460 587
460 588
460 589
460 590
459 460
459 591
459 592
459 593
459 594
458 459
458 595
458 596
458 597
458 598
457 458
457 599
457 600
457 601
457 602
456 457
456 603
456 604
456 605
456 606
455 456
455 607
455 608
455 609
455 610
454 455
454 611
454 612
454 613
454 614
453 454
453 615
453 616
453 617
453 618
452 453
452 619
452 620
452 621
452 622
451 452
451 623
451 624
451 625
451 626
450 451
450 627
450 628
450 629
450 630
449 450
449 631
449 632
449 633
449 634
448 449
448 635
448 636
448 637
448 638
447 448
447 639
447 640
447 641
447 642
446 447
446 643
446 644
446 645
446 646
445 446
445 647
445 648
445 649
445 650
444 445
444 651
444 652
444 653
444 654
443 444
443 655
443 656
443 657
443 658
442 443
442 659
442 660
442 661
442 662
441 442
441 663
441 664
441 665
441 666
440 441
440 667
440 668
440 669
440 670
439 440
439 671
439 672
439 673
439 674
438 439
438 675
438 676
438 677
438 678
437 438
437 679
437 680
437 681
437 682
436 437
436 683
436 684
436 685
436 686
435 436
435 687
435 688
435 689
435 690
434 435
434 691
434 692
434 693
434 694
433 434
433 695
433 696
433 697
433 698
432 433
432 699
432 700
432 701
432 702
431 432
431 703
431 704
431 705
431 706
430 431
430 707
430 708
430 709
430 710
429 430
429 711
429 712
429 713
429 714
428 429
428 715
428 716
428 717
428 718
427 428
427 719
427 720
427 721
427 722
426 427
426 723
426 724
426 725
426 726
425 426
425 727
425 728
425 729
425 730
424 425
424 731
424 732
424 733
424 734
423 424
423 735
423 736
423 737
423 738
422 423
422 739
422 740
422 741
422 742
421 422
421 743
421 744
421 745
421 746
420 421
420 747
420 748
420 749
420 750
419 420
419 751
419 752
419 753
419 754
418 419
418 755
418 756
418 757
418 758
417 418
417 759
417 760
417 761
417 762
416 417
416 763
416 764
416 765
416 766
415 416
415 767
415 768
415 769
415 770
414 415
414 771
414 772
414 773
414 774
413 414
413 775
413 776
413 777
413 778
412 413
412 779
412 780
412 781
412 782
411 412
411 783
411 784
411 785
411 786
410 411
410 787
410 788
410 789
410 790
409 410
409 791
409 792
409 793
409 794
408 409
408 795
408 796
408 797
408 798
407 408
407 799
407 800
407 801
407 802
406 407
406 803
406 804
406 805
406 806
405 406
405 807
405 808
405 809
405 810
404 405
404 811
404 812
404 813
404 814
403 404
403 815
403 816
403 817
403 818
402 403
402 819
402 820
402 821
402 822
401 402
401 823
401 824
401 825
401 826
400 401
400 827
400 828
400 829
400 830
399 400
399 831
399 832
399 833
399 834
398 399
398 835
398 836
398 837
398 838
397 398
397 839
397 840
397 841
397 842
396 397
396 843
396 844
396 845
396 846
395 396
395 847
395 848
395 849
395 850
394 395
394 851
394 852
394 853
394 854
393 394
393 855
393 856
393 857
393 858
392 393
392 859
392 860
392 861
392 862
391 392
391 863
391 864
391 865
391 866
390 391
390 867
390 868
390 869
390 870
389 390
389 871
389 872
389 873
389 874
388 389
388 875
388 876
388 877
388 878
387 388
387 879
387 880
387 881
387 882
386 387
386 883
386 884
386 885
386 886
385 386
385 887
385 888
385 889
385 890
384 385
384 891
384 892
384 893
384 894
383 384
383 895
383 896
383 897
383 898
382 383
382 899
382 900
382 901
382 902
381 382
381 903
381 904
381 905
381 906
380 381
380 907
380 908
380 909
380 910
379 380
379 911
379 912
379 913
379 914
378 379
378 915
378 916
378 917
378 918
377 378
377 919
377 920
377 921
377 922
376 377
376 923
376 924
376 925
376 926
375 376
375 927
375 928
375 929
375 930
374 375
374 931
374 932
374 933
374 934
373 374
373 935
373 936
373 937
373 938
372 373
372 939
372 940
372 941
372 942
371 372
371 943
371 944
371 945
371 946
370 371
370 947
370 948
370 949
370 950
369 370
369 951
369 952
369 953
369 954
368 369
368 955
368 956
368 957
368 958
367 368
367 959
367 960
367 961
367 962
366 367
366 963
366 964
366 965
366 966
365 366
365 967
365 968
365 969
365 970
364 365
364 971
364 972
364 973
364 974
363 364
363 975
363 976
363 977
363 978
362 363
362 979
362 980
362 981
362 982
361 362
361 983
361 984
361 985
361 986
360 361
360 987
360 988
360 989
360 990
359 360
359 991
359 992
359 993
359 994
358 359
358 995
358 996
358 997
358 998
357 358
357 999
357 1000
357 1001
357 1002
356 357
356 1003
356 1004
356 1005
356 1006
355 356
355 1007
355 1008
355 1009
355 1010
354 355
354 1011
354 1012
354 1013
354 1014
353 354
353 1015
353 1016
353 1017
353 1018
352 353
352 1019
352 1020
352 1021
352 1022
351 352
351 1023
351 1024
351 1025
351 1026
350 351
350 1027
350 1028
350 1029
350 1030
349 350
349 1031
349 1032
349 1033
349 1034
348 349
348 1035
348 1036
348 1037
348 1038
347 348
347 1039
347 1040
347 1041
347 1042
346 347
346 1043
346 1044
346 1045
346 1046
345 346
345 1047
345 1048
345 1049
345 1050
344 345
344 1051
344 1052
344 1053
344 1054
343 344
343 1055
343 1056
343 1057
343 1058
342 343
342 1059
342 1060
342 1061
342 1062
341 342
341 1063
341 1064
341 1065
341 1066
340 341
340 1067
340 1068
340 1069
340 1070
339 340
339 1071
339 1072
339 1073
339 1074
338 339
338 1075
338 1076
338 1077
338 1078
337 338
337 1079
337 1080
337 1081
337 1082
336 337
336 1083
336 1084
336 1085
336 1086
335 336
335 1087
335 1088
335 1089
335 1090
334 335
334 1091
334 1092
334 1093
334 1094
333 334
333 1095
333 1096
333 1097
333 1098
332 333
332 1099
332 1100
332 1101
332 1102
331 332
331 1103
331 1104
331 1105
331 1106
330 331
330 1107
330 1108
330 1109
330 1110
329 330
329 1111
329 1112
329 1113
329 1114
328 329
328 1115
328 1116
328 1117
328 1118
327 328
327 1119
327 1120
327 1121
327 1122
326 327
326 1123
326 1124
326 1125
326 1126
325 326
325 1127
325 1128
325 1129
325 1130
324 325
324 1131
324 1132
324 1133
324 1134
323 324
323 1135
323 1136
323 1137
323 1138
322 323
322 1139
322 1140
322 1141
322 1142
321 322
321 1143
321 1144
321 1145
321 1146
320 321
320 1147
320 1148
320 1149
320 1150
319 320
319 1151
319 1152
319 1153
319 1154
318 319
318 1155
318 1156
318 1157
318 1158
317 318
317 1159
317 1160
317 1161
317 1162
316 317
316 1163
316 1164
316 1165
316 1166
315 316
315 1167
315 1168
315 1169
315 1170
314 315
314 1171
314 1172
314 1173
314 1174
313 314
313 1175
313 1176
313 1177
313 1178
312 313
312 1179
312 1180
312 1181
312 1182
311 312
311 1183
311 1184
311 1185
311 1186
310 311
310 1187
310 1188
310 1189
310 1190
309 310
309 1191
309 1192
309 1193
309 1194
308 309
308 1195
308 1196
308 1197
308 1198
307 308
307 1199
307 1200
307 1201
307 1202
306 307
306 1203
306 1204
306 1205
306 1206
305 306
305 1207
305 1208
305 1209
305 1210
304 305
304 1211
304 1212
304 1213
304 1214
303 304
303 1215
303 1216
303 1217
303 1218
302 303
302 1219
302 1220
302 1221
302 1222
301 302
301 1223
301 1224
301 1225
301 1226
300 301
300 1227
300 1228
300 1229
300 1230
299 300
299 1231
299 1232
299 1233
299 1234
298 299
298 1235
298 1236
298 1237
298 1238
297 298
297 1239
297 1240
297 1241
297 1242
296 297
296 1243
296 1244
296 1245
296 1246
295 296
295 1247
295 1248
295 1249
295 1250
294 295
294 1251
294 1252
294 1253
294 1254
293 294
293 1255
293 1256
293 1257
293 1258
292 293
292 1259
292 1260
292 1261
292 1262
291 292
291 1263
291 1264
291 1265
291 1266
290 291
290 1267
290 1268
290 1269
290 1270
289 290
289 1271
289 1272
289 1273
289 1274
288 289
288 1275
288 1276
288 1277
288 1278
287 288
287 1279
287 1280
287 1281
287 1282
286 287
286 1283
286 1284
286 1285
286 1286
285 286
285 1287
285 1288
285 1289
285 1290
284 285
284 1291
284 1292
284 1293
284 1294
283 284
283 1295
283 1296
283 1297
283 1298
282 283
282 1299
282 1300
282 1301
282 1302
281 282
281 1303
281 1304
281 1305
281 1306
280 281
280 1307
280 1308
280 1309
280 1310
279 280
279 1311
279 1312
279 1313
279 1314
278 279
278 1315
278 1316
278 1317
278 1318
277 278
277 1319
277 1320
277 1321
277 1322
276 277
276 1323
276 1324
276 1325
276 1326
275 276
275 1327
275 1328
275 1329
275 1330
274 275
274 1331
274 1332
274 1333
274 1334
273 274
273 1335
273 1336
273 1337
273 1338
272 273
272 1339
272 1340
272 1341
272 1342
271 272
271 1343
271 1344
271 1345
271 1346
270 271
270 1347
270 1348
270 1349
270 1350
269 270
269 1351
269 1352
269 1353
269 1354
268 269
268 1355
268 1356
268 1357
268 1358
267 268
267 1359
267 1360
267 1361
267 1362
266 267
266 1363
266 1364
266 1365
266 1366
265 266
265 1367
265 1368
265 1369
265 1370
264 265
264 1371
264 1372
264 1373
264 1374
263 264
263 1375
263 1376
263 1377
263 1378
262 263
262 1379
262 1380
262 1381
262 1382
261 262
261 1383
261 1384
261 1385
261 1386
260 261
260 1387
260 1388
260 1389
260 1390
259 260
259 1391
259 1392
259 1393
259 1394
258 259
258 1395
258 1396
258 1397
258 1398
257 258
257 1399
257 1400
257 1401
257 1402
256 257
256 1403
256 1404
256 1405
256 1406
255 256
255 1407
255 1408
255 1409
255 1410
254 255
254 1411
254 1412
254 1413
254 1414
253 254
253 1415
253 1416
253 1417
253 1418
252 253
252 1419
252 1420
252 1421
252 1422
251 252
251 1423
251 1424
251 1425
251 1426
250 251
250 1427
250 1428
250 1429
250 1430
249 250
249 1431
249 1432
249 1433
249 1434
248 249
248 1435
248 1436
248 1437
248 1438
247 248
247 1439
247 1440
247 1441
247 1442
246 247
246 1443
246 1444
246 1445
246 1446
245 246
245 1447
245 1448
245 1449
245 1450
244 245
244 1451
244 1452
244 1453
244 1454
243 244
243 1455
243 1456
243 1457
243 1458
242 243
242 1459
242 1460
242 1461
242 1462
241 242
241 1463
241 1464
241 1465
241 1466
240 241
240 1467
240 1468
240 1469
240 1470
239 240
239 1471
239 1472
239 1473
239 1474
238 239
238 1475
238 1476
238 1477
238 1478
237 238
237 1479
237 1480
237 1481
237 1482
236 237
236 1483
236 1484
236 1485
236 1486
235 236
235 1487
235 1488
235 1489
235 1490
234 235
234 1491
234 1492
234 1493
234 1494
233 234
233 1495
233 1496
233 1497
233 1498
232 233
232 1499
232 1500
232 1501
232 1502
231 232
231 1503
231 1504
231 1505
231 1506
230 231
230 1507
230 1508
230 1509
230 1510
229 230
229 1511
229 1512
229 1513
229 1514
228 229
228 1515
228 1516
228 1517
228 1518
227 228
227 1519
227 1520
227 1521
227 1522
226 227
226 1523
226 1524
226 1525
226 1526
225 226
225 1527
225 1528
225 1529
225 1530
224 225
224 1531
224 1532
224 1533
224 1534
223 224
223 1535
223 1536
223 1537
223 1538
222 223
222 1539
222 1540
222 1541
222 1542
221 222
221 1543
221 1544
221 1545
221 1546
220 221
220 1547
220 1548
220 1549
220 1550
219 220
219 1551
219 1552
219 1553
219 1554
218 219
218 1555
218 1556
218 1557
218 1558
217 218
217 1559
217 1560
217 1561
217 1562
216 217
216 1563
216 1564
216 1565
216 1566
215 216
215 1567
215 1568
215 1569
215 1570
214 215
214 1571
214 1572
214 1573
214 1574
213 214
213 1575
213 1576
213 1577
213 1578
212 213
212 1579
212 1580
212 1581
212 1582
211 212
211 1583
211 1584
211 1585
211 1586
210 211
210 1587
210 1588
210 1589
210 1590
209 210
209 1591
209 1592
209 1593
209 1594
208 209
208 1595
208 1596
208 1597
208 1598
207 208
207 1599
207 1600
207 1601
207 1602
206 207
206 1603
206 1604
206 1605
206 1606
205 206
205 1607
205 1608
205 1609
205 1610
204 205
204 1611
204 1612
204 1613
204 1614
203 204
203 1615
203 1616
203 1617
203 1618
202 203
202 1619
202 1620
202 1621
202 1622
201 202
201 1623
201 1624
201 1625
201 1626
200 201
200 1627
200 1628
200 1629
200 1630
199 200
199 1631
199 1632
199 1633
199 1634
198 199
198 1635
198 1636
198 1637
198 1638
197 198
197 1639
197 1640
197 1641
197 1642
196 197
196 1643
196 1644
196 1645
196 1646
195 196
195 1647
195 1648
195 1649
195 1650
194 195
194 1651
194 1652
194 1653
194 1654
193 194
193 1655
193 1656
193 1657
193 1658
192 193
192 1659
192 1660
192 1661
192 1662
191 192
191 1663
191 1664
191 1665
191 1666
190 191
190 1667
190 1668
190 1669
190 1670
189 190
189 1671
189 1672
189 1673
189 1674
188 189
188 1675
188 1676
188 1677
188 1678
187 188
187 1679
187 1680
187 1681
187 1682
186 187
186 1683
186 1684
186 1685
186 1686
185 186
185 1687
185 1688
185 1689
185 1690
184 185
184 1691
184 1692
184 1693
184 1694
183 184
183 1695
183 1696
183 1697
183 1698
182 183
182 1699
182 1700
182 1701
182 1702
181 182
181 1703
181 1704
181 1705
181 1706
180 181
180 1707
180 1708
180 1709
180 1710
179 180
179 1711
179 1712
179 1713
179 1714
178 179
178 1715
178 1716
178 1717
178 1718
177 178
177 1719
177 1720
177 1721
177 1722
176 177
176 1723
176 1724
176 1725
176 1726
175 176
175 1727
175 1728
175 1729
175 1730
174 175
174 1731
174 1732
174 1733
174 1734
173 174
173 1735
173 1736
173 1737
173 1738
172 173
172 1739
172 1740
172 1741
172 1742
171 172
171 1743
171 1744
171 1745
171 1746
170 171
170 1747
170 1748
170 1749
170 1750
169 170
169 1751
169 1752
169 1753
169 1754
168 169
168 1755
168 1756
168 1757
168 1758
167 168
167 1759
167 1760
167 1761
167 1762
166 167
166 1763
166 1764
166 1765
166 1766
165 166
165 1767
165 1768
165 1769
165 1770
164 165
164 1771
164 1772
164 1773
164 1774
163 164
163 1775
163 1776
163 1777
163 1778
162 163
162 1779
162 1780
162 1781
162 1782
161 162
161 1783
161 1784
161 1785
161 1786
160 161
160 1787
160 1788
160 1789
160 1790
159 160
159 1791
159 1792
159 1793
159 1794
158 159
158 1795
158 1796
158 1797
158 1798
157 158
157 1799
157 1800
157 1801
157 1802
156 157
156 1803
156 1804
156 1805
156 1806
155 156
155 1807
155 1808
155 1809
155 1810
154 155
154 1811
154 1812
154 1813
154 1814
153 154
153 1815
153 1816
153 1817
153 1818
152 153
152 1819
152 1820
152 1821
152 1822
151 152
151 1823
151 1824
151 1825
151 1826
150 151
150 1827
150 1828
150 1829
150 1830
149 150
149 1831
149 1832
149 1833
149 1834
148 149
148 1835
148 1836
148 1837
148 1838
147 148
147 1839
147 1840
147 1841
147 1842
146 147
146 1843
146 1844
146 1845
146 1846
145 146
145 1847
145 1848
145 1849
145 1850
144 145
144 1851
144 1852
144 1853
144 1854
143 144
143 1855
143 1856
143 1857
143 1858
142 143
142 1859
142 1860
142 1861
142 1862
141 142
141 1863
141 1864
141 1865
141 1866
140 141
140 1867
140 1868
140 1869
140 1870
139 140
139 1871
139 1872
139 1873
139 1874
138 139
138 1875
138 1876
138 1877
138 1878
137 138
137 1879
137 1880
137 1881
137 1882
136 137
136 1883
136 1884
136 1885
136 1886
135 136
135 1887
135 1888
135 1889
135 1890
134 135
134 1891
134 1892
134 1893
134 1894
133 134
133 1895
133 1896
133 1897
133 1898
132 133
132 1899
132 1900
132 1901
132 1902
131 132
131 1903
131 1904
131 1905
131 1906
130 131
130 1907
130 1908
130 1909
130 1910
129 130
129 1911
129 1912
129 1913
129 1914
128 129
128 1915
128 1916
128 1917
128 1918
127 128
127 1919
127 1920
127 1921
127 1922
126 127
126 1923
126 1924
126 1925
126 1926
125 126
125 1927
125 1928
125 1929
125 1930
124 125
124 1931
124 1932
124 1933
124 1934
123 124
123 1935
123 1936
123 1937
123 1938
122 123
122 1939
122 1940
122 1941
122 1942
121 122
121 1943
121 1944
121 1945
121 1946
120 121
120 1947
120 1948
120 1949
120 1950
119 120
119 1951
119 1952
119 1953
119 1954
118 119
118 1955
118 1956
118 1957
118 1958
117 118
117 1959
117 1960
117 1961
117 1962
116 117
116 1963
116 1964
116 1965
116 1966
115 116
115 1967
115 1968
115 1969
115 1970
114 115
114 1971
114 1972
114 1973
114 1974
113 114
113 1975
113 1976
113 1977
113 1978
112 113
112 1979
112 1980
112 1981
112 1982
111 112
111 1983
111 1984
111 1985
111 1986
110 111
110 1987
110 1988
110 1989
110 1990
109 110
109 1991
109 1992
109 1993
109 1994
108 109
108 1995
108 1996
108 1997
108 1998
107 108
107 1999
107 2000
107 2001
107 2002
106 107
106 2003
106 2004
106 2005
106 2006
105 106
105 2007
105 2008
105 2009
105 2010
104 105
104 2011
104 2012
104 2013
104 2014
103 104
103 2015
103 2016
103 2017
103 2018
102 103
102 2019
102 2020
102 2021
102 2022
101 102
101 2023
101 2024
101 2025
101 2026
100 101
100 2027
100 2028
100 2029
100 2030
99 100
99 2031
99 2032
99 2033
99 2034
98 99
98 2035
98 2036
98 2037
98 2038
97 98
97 2039
97 2040
97 2041
97 2042
96 97
96 2043
96 2044
96 2045
96 2046
95 96
95 2047
95 2048
95 2049
95 2050
94 95
94 2051
94 2052
94 2053
94 2054
93 94
93 2055
93 2056
93 2057
93 2058
92 93
92 2059
92 2060
92 2061
92 2062
91 92
91 2063
91 2064
91 2065
91 2066
90 91
90 2067
90 2068
90 2069
90 2070
89 90
89 2071
89 2072
89 2073
89 2074
88 89
88 2075
88 2076
88 2077
88 2078
87 88
87 2079
87 2080
87 2081
87 2082
86 87
86 2083
86 2084
86 2085
86 2086
85 86
85 2087
85 2088
85 2089
85 2090
84 85
84 2091
84 2092
84 2093
84 2094
83 84
83 2095
83 2096
83 2097
83 2098
82 83
82 2099
82 2100
82 2101
82 2102
81 82
81 2103
81 2104
81 2105
81 2106
80 81
80 2107
80 2108
80 2109
80 2110
79 80
79 2111
79 2112
79 2113
79 2114
78 79
78 2115
78 2116
78 2117
78 2118
77 78
77 2119
77 2120
77 2121
77 2122
76 77
76 2123
76 2124
76 2125
76 2126
75 76
75 2127
75 2128
75 2129
75 2130
74 75
74 2131
74 2132
74 2133
74 2134
73 74
73 2135
73 2136
73 2137
73 2138
72 73
72 2139
72 2140
72 2141
72 2142
71 72
71 2143
71 2144
71 2145
71 2146
70 71
70 2147
70 2148
70 2149
70 2150
69 70
69 2151
69 2152
69 2153
69 2154
68 69
68 2155
68 2156
68 2157
68 2158
67 68
67 2159
67 2160
67 2161
67 2162
66 67
66 2163
66 2164
66 2165
66 2166
65 66
65 2167
65 2168
65 2169
65 2170
64 65
64 2171
64 2172
64 2173
64 2174
63 64
63 2175
63 2176
63 2177
63 2178
62 63
62 2179
62 2180
62 2181
62 2182
61 62
61 2183
61 2184
61 2185
61 2186
60 61
60 2187
60 2188
60 2189
60 2190
59 60
59 2191
59 2192
59 2193
59 2194
58 59
58 2195
58 2196
58 2197
58 2198
57 58
57 2199
57 2200
57 2201
57 2202
56 57
56 2203
56 2204
56 2205
56 2206
55 56
55 2207
55 2208
55 2209
55 2210
54 55
54 2211
54 2212
54 2213
54 2214
53 54
53 2215
53 2216
53 2217
53 2218
52 53
52 2219
52 2220
52 2221
52 2222
51 52
51 2223
51 2224
51 2225
51 2226
50 51
50 2227
50 2228
50 2229
50 2230
49 50
49 2231
49 2232
49 2233
49 2234
48 49
48 2235
48 2236
48 2237
48 2238
47 48
47 2239
47 2240
47 2241
47 2242
46 47
46 2243
46 2244
46 2245
46 2246
45 46
45 2247
45 2248
45 2249
45 2250
44 45
44 2251
44 2252
44 2253
44 2254
43 44
43 2255
43 2256
43 2257
43 2258
42 43
42 2259
42 2260
42 2261
42 2262
41 42
41 2263
41 2264
41 2265
41 2266
40 41
40 2267
40 2268
40 2269
40 2270
39 40
39 2271
39 2272
39 2273
39 2274
38 39
38 2275
38 2276
38 2277
38 2278
37 38
37 2279
37 2280
37 2281
37 2282
36 37
36 2283
36 2284
36 2285
36 2286
35 36
35 2287
35 2288
35 2289
35 2290
34 35
34 2291
34 2292
34 2293
34 2294
33 34
33 2295
33 2296
33 2297
33 2298
32 33
32 2299
32 2300
32 2301
32 2302
31 32
31 2303
31 2304
31 2305
31 2306
30 31
30 2307
30 2308
30 2309
30 2310
29 30
29 2311
29 2312
29 2313
29 2314
28 29
28 2315
28 2316
28 2317
28 2318
27 28
27 2319
27 2320
27 2321
27 2322
26 27
26 2323
26 2324
26 2325
26 2326
25 26
25 2327
25 2328
25 2329
25 2330
24 25
24 2331
24 2332
24 2333
24 2334
23 24
23 2335
23 2336
23 2337
23 2338
22 23
22 2339
22 2340
22 2341
22 2342
21 22
21 2343
21 2344
21 2345
21 2346
20 21
20 2347
20 2348
20 2349
20 2350
19 20
19 2351
19 2352
19 2353
19 2354
18 19
18 2355
18 2356
18 2357
18 2358
17 18
17 2359
17 2360
17 2361
17 2362
16 17
16 2363
16 2364
16 2365
16 2366
15 16
15 2367
15 2368
15 2369
15 2370
14 15
14 2371
14 2372
14 2373
14 2374
13 14
13 2375
13 2376
13 2377
13 2378
12 13
12 2379
12 2380
12 2381
12 2382
11 12
11 2383
11 2384
11 2385
11 2386
10 11
10 2387
10 2388
10 2389
10 2390
9 10
9 2391
9 2392
9 2393
9 2394
8 9
8 2395
8 2396
8 2397
8 2398
7 8
7 2399
7 2400
7 2401
7 2402
6 7
6 2403
6 2404
6 2405
6 2406
5 6
5 2407
5 2408
5 2409
5 2410
4 5
4 2411
4 2412
4 2413
4 2414
3 4
3 2415
3 2416
3 2417
3 2418
2 3
2 2419
2 2420
2 2421
2 2422
1 2
1 2423
1 2424
