2599 22021756
650 651
650 652
650 653
650 654
649 650
649 655
649 656
649 657
648 649
648 658
648 659
648 660
647 648
647 661
647 662
647 663
646 647
646 664
646 665
646 666
645 646
645 667
645 668
645 669
644 645
644 670
644 671
644 672
643 644
643 673
643 674
643 675
642 643
642 676
642 677
642 678
641 642
641 679
641 680
641 681
640 641
640 682
640 683
640 684
639 640
639 685
639 686
639 687
638 639
638 688
638 689
638 690
637 638
637 691
637 692
637 693
636 637
636 694
636 695
636 696
635 636
635 697
635 698
635 699
634 635
634 700
634 701
634 702
633 634
633 703
633 704
633 705
632 633
632 706
632 707
632 708
631 632
631 709
631 710
631 711
630 631
630 712
630 713
630 714
629 630
629 715
629 716
629 717
628 629
628 718
628 719
628 720
627 628
627 721
627 722
627 723
626 627
626 724
626 725
626 726
625 626
625 727
625 728
625 729
624 625
624 730
624 731
624 732
623 624
623 733
623 734
623 735
622 623
622 736
622 737
622 738
621 622
621 739
621 740
621 741
620 621
620 742
620 743
620 744
619 620
619 745
619 746
619 747
618 619
618 748
618 749
618 750
617 618
617 751
617 752
617 753
616 617
616 754
616 755
616 756
615 616
615 757
615 758
615 759
614 615
614 760
614 761
614 762
613 614
613 763
613 764
613 765
612 613
612 766
612 767
612 768
611 612
611 769
611 770
611 771
610 611
610 772
610 773
610 774
609 610
609 775
609 776
609 777
608 609
608 778
608 779
608 780
607 608
607 781
607 782
607 783
606 607
606 784
606 785
606 786
605 606
605 787
605 788
605 789
604 605
604 790
604 791
604 792
603 604
603 793
603 794
603 795
602 603
602 796
602 797
602 798
601 602
601 799
601 800
601 801
600 601
600 802
600 803
600 804
599 600
599 805
599 806
599 807
598 599
598 808
598 809
598 810
597 598
597 811
597 812
597 813
596 597
596 814
596 815
596 816
595 596
595 817
595 818
595 819
594 595
594 820
594 821
594 822
593 594
593 823
593 824
593 825
592 593
592 826
592 827
592 828
591 592
591 829
591 830
591 831
590 591
590 832
590 833
590 834
589 590
589 835
589 836
589 837
588 589
588 838
588 839
588 840
587 588
587 841
587 842
587 843
586 587
586 844
586 845
586 846
585 586
585 847
585 848
585 849
584 585
584 850
584 851
584 852
583 584
583 853
583 854
583 855
582 583
582 856
582 857
582 858
581 582
581 859
581 860
581 861
580 581
580 862
580 863
580 864
579 580
579 865
579 866
579 867
578 579
578 868
578 869
578 870
577 578
577 871
577 872
577 873
576 577
576 874
576 875
576 876
575 576
575 877
575 878
575 879
574 575
574 880
574 881
574 882
573 574
573 883
573 884
573 885
572 573
572 886
572 887
572 888
571 572
571 889
571 890
571 891
570 571
570 892
570 893
570 894
569 570
569 895
569 896
569 897
568 569
568 898
568 899
568 900
567 568
567 901
567 902
567 903
566 567
566 904
566 905
566 906
565 566
565 907
565 908
565 909
564 565
564 910
564 911
564 912
563 564
563 913
563 914
563 915
562 563
562 916
562 917
562 918
561 562
561 919
561 920
561 921
560 561
560 922
560 923
560 924
559 560
559 925
559 926
559 927
558 559
558 928
558 929
558 930
557 558
557 931
557 932
557 933
556 557
556 934
556 935
556 936
555 556
555 937
555 938
555 939
554 555
554 940
554 941
554 942
553 554
553 943
553 944
553 945
552 553
552 946
552 947
552 948
551 552
551 949
551 950
551 951
550 551
550 952
550 953
550 954
549 550
549 955
549 956
549 957
548 549
548 958
548 959
548 960
547 548
547 961
547 962
547 963
546 547
546 964
546 965
546 966
545 546
545 967
545 968
545 969
544 545
544 970
544 971
544 972
543 544
543 973
543 974
543 975
542 543
542 976
542 977
542 978
541 542
541 979
541 980
541 981
540 541
540 982
540 983
540 984
539 540
539 985
539 986
539 987
538 539
538 988
538 989
538 990
537 538
537 991
537 992
537 993
536 537
536 994
536 995
536 996
535 536
535 997
535 998
535 999
534 535
534 1000
534 1001
534 1002
533 534
533 1003
533 1004
533 1005
532 533
532 1006
532 1007
532 1008
531 532
531 1009
531 1010
531 1011
530 531
530 1012
530 1013
530 1014
529 530
529 1015
529 1016
529 1017
528 529
528 1018
528 1019
528 1020
527 528
527 1021
527 1022
527 1023
526 527
526 1024
526 1025
526 1026
525 526
525 1027
525 1028
525 1029
524 525
524 1030
524 1031
524 1032
523 524
523 1033
523 1034
523 1035
522 523
522 1036
522 1037
522 1038
521 522
521 1039
521 1040
521 1041
520 521
520 1042
520 1043
520 1044
519 520
519 1045
519 1046
519 1047
518 519
518 1048
518 1049
518 1050
517 518
517 1051
517 1052
517 1053
516 517
516 1054
516 1055
516 1056
515 516
515 1057
515 1058
515 1059
514 515
514 1060
514 1061
514 1062
513 514
513 1063
513 1064
513 1065
512 513
512 1066
512 1067
512 1068
511 512
511 1069
511 1070
511 1071
510 511
510 1072
510 1073
510 1074
509 510
509 1075
509 1076
509 1077
508 509
508 1078
508 1079
508 1080
507 508
507 1081
507 1082
507 1083
506 507
506 1084
506 1085
506 1086
505 506
505 1087
505 1088
505 1089
504 505
504 1090
504 1091
504 1092
503 504
503 1093
503 1094
503 1095
502 503
502 1096
502 1097
502 1098
501 502
501 1099
501 1100
501 1101
500 501
500 1102
500 1103
500 1104
499 500
499 1105
499 1106
499 1107
498 499
498 1108
498 1109
498 1110
497 498
497 1111
497 1112
497 1113
496 497
496 1114
496 1115
496 1116
495 496
495 1117
495 1118
495 1119
494 495
494 1120
494 1121
494 1122
493 494
493 1123
493 1124
493 1125
492 493
492 1126
492 1127
492 1128
491 492
491 1129
491 1130
491 1131
490 491
490 1132
490 1133
490 1134
489 490
489 1135
489 1136
489 1137
488 489
488 1138
488 1139
488 1140
487 488
487 1141
487 1142
487 1143
486 487
486 1144
486 1145
486 1146
485 486
485 1147
485 1148
485 1149
484 485
484 1150
484 1151
484 1152
483 484
483 1153
483 1154
483 1155
482 483
482 1156
482 1157
482 1158
481 482
481 1159
481 1160
481 1161
480 481
480 1162
480 1163
480 1164
479 480
479 1165
479 1166
479 1167
478 479
478 1168
478 1169
478 1170
477 478
477 1171
477 1172
477 1173
476 477
476 1174
476 1175
476 1176
475 476
475 1177
475 1178
475 1179
474 475
474 1180
474 1181
474 1182
473 474
473 1183
473 1184
473 1185
472 473
472 1186
472 1187
472 1188
471 472
471 1189
471 1190
471 1191
470 471
470 1192
470 1193
470 1194
469 470
469 1195
469 1196
469 1197
468 469
468 1198
468 1199
468 1200
467 468
467 1201
467 1202
467 1203
466 467
466 1204
466 1205
466 1206
465 466
465 1207
465 1208
465 1209
464 465
464 1210
464 1211
464 1212
463 464
463 1213
463 1214
463 1215
462 463
462 1216
462 1217
462 1218
461 462
461 1219
461 1220
461 1221
460 461
460 1222
460 1223
460 1224
459 460
459 1225
459 1226
459 1227
458 459
458 1228
458 1229
458 1230
457 458
457 1231
457 1232
457 1233
456 457
456 1234
456 1235
456 1236
455 456
455 1237
455 1238
455 1239
454 455
454 1240
454 1241
454 1242
453 454
453 1243
453 1244
453 1245
452 453
452 1246
452 1247
452 1248
451 452
451 1249
451 1250
451 1251
450 451
450 1252
450 1253
450 1254
449 450
449 1255
449 1256
449 1257
448 449
448 1258
448 1259
448 1260
447 448
447 1261
447 1262
447 1263
446 447
446 1264
446 1265
446 1266
445 446
445 1267
445 1268
445 1269
444 445
444 1270
444 1271
444 1272
443 444
443 1273
443 1274
443 1275
442 443
442 1276
442 1277
442 1278
441 442
441 1279
441 1280
441 1281
440 441
440 1282
440 1283
440 1284
439 440
439 1285
439 1286
439 1287
438 439
438 1288
438 1289
438 1290
437 438
437 1291
437 1292
437 1293
436 437
436 1294
436 1295
436 1296
435 436
435 1297
435 1298
435 1299
434 435
434 1300
434 1301
434 1302
433 434
433 1303
433 1304
433 1305
432 433
432 1306
432 1307
432 1308
431 432
431 1309
431 1310
431 1311
430 431
430 1312
430 1313
430 1314
429 430
429 1315
429 1316
429 1317
428 429
428 1318
428 1319
428 1320
427 428
427 1321
427 1322
427 1323
426 427
426 1324
426 1325
426 1326
425 426
425 1327
425 1328
425 1329
424 425
424 1330
424 1331
424 1332
423 424
423 1333
423 1334
423 1335
422 423
422 1336
422 1337
422 1338
421 422
421 1339
421 1340
421 1341
420 421
420 1342
420 1343
420 1344
419 420
419 1345
419 1346
419 1347
418 419
418 1348
418 1349
418 1350
417 418
417 1351
417 1352
417 1353
416 417
416 1354
416 1355
416 1356
415 416
415 1357
415 1358
415 1359
414 415
414 1360
414 1361
414 1362
413 414
413 1363
413 1364
413 1365
412 413
412 1366
412 1367
412 1368
411 412
411 1369
411 1370
411 1371
410 411
410 1372
410 1373
410 1374
409 410
409 1375
409 1376
409 1377
408 409
408 1378
408 1379
408 1380
407 408
407 1381
407 1382
407 1383
406 407
406 1384
406 1385
406 1386
405 406
405 1387
405 1388
405 1389
404 405
404 1390
404 1391
404 1392
403 404
403 1393
403 1394
403 1395
402 403
402 1396
402 1397
402 1398
401 402
401 1399
401 1400
401 1401
400 401
400 1402
400 1403
400 1404
399 400
399 1405
399 1406
399 1407
398 399
398 1408
398 1409
398 1410
397 398
397 1411
397 1412
397 1413
396 397
396 1414
396 1415
396 1416
395 396
395 1417
395 1418
395 1419
394 395
394 1420
394 1421
394 1422
393 394
393 1423
393 1424
393 1425
392 393
392 1426
392 1427
392 1428
391 392
391 1429
391 1430
391 1431
390 391
390 1432
390 1433
390 1434
389 390
389 1435
389 1436
389 1437
388 389
388 1438
388 1439
388 1440
387 388
387 1441
387 1442
387 1443
386 387
386 1444
386 1445
386 1446
385 386
385 1447
385 1448
385 1449
384 385
384 1450
384 1451
384 1452
383 384
383 1453
383 1454
383 1455
382 383
382 1456
382 1457
382 1458
381 382
381 1459
381 1460
381 1461
380 381
380 1462
380 1463
380 1464
379 380
379 1465
379 1466
379 1467
378 379
378 1468
378 1469
378 1470
377 378
377 1471
377 1472
377 1473
376 377
376 1474
376 1475
376 1476
375 376
375 1477
375 1478
375 1479
374 375
374 1480
374 1481
374 1482
373 374
373 1483
373 1484
373 1485
372 373
372 1486
372 1487
372 1488
371 372
371 1489
371 1490
371 1491
370 371
370 1492
370 1493
370 1494
369 370
369 1495
369 1496
369 1497
368 369
368 1498
368 1499
368 1500
367 368
367 1501
367 1502
367 1503
366 367
366 1504
366 1505
366 1506
365 366
365 1507
365 1508
365 1509
364 365
364 1510
364 1511
364 1512
363 364
363 1513
363 1514
363 1515
362 363
362 1516
362 1517
362 1518
361 362
361 1519
361 1520
361 1521
360 361
360 1522
360 1523
360 1524
359 360
359 1525
359 1526
359 1527
358 359
358 1528
358 1529
358 1530
357 358
357 1531
357 1532
357 1533
356 357
356 1534
356 1535
356 1536
355 356
355 1537
355 1538
355 1539
354 355
354 1540
354 1541
354 1542
353 354
353 1543
353 1544
353 1545
352 353
352 1546
352 1547
352 1548
351 352
351 1549
351 1550
351 1551
350 351
350 1552
350 1553
350 1554
349 350
349 1555
349 1556
349 1557
348 349
348 1558
348 1559
348 1560
347 348
347 1561
347 1562
347 1563
346 347
346 1564
346 1565
346 1566
345 346
345 1567
345 1568
345 1569
344 345
344 1570
344 1571
344 1572
343 344
343 1573
343 1574
343 1575
342 343
342 1576
342 1577
342 1578
341 342
341 1579
341 1580
341 1581
340 341
340 1582
340 1583
340 1584
339 340
339 1585
339 1586
339 1587
338 339
338 1588
338 1589
338 1590
337 338
337 1591
337 1592
337 1593
336 337
336 1594
336 1595
336 1596
335 336
335 1597
335 1598
335 1599
334 335
334 1600
334 1601
334 1602
333 334
333 1603
333 1604
333 1605
332 333
332 1606
332 1607
332 1608
331 332
331 1609
331 1610
331 1611
330 331
330 1612
330 1613
330 1614
329 330
329 1615
329 1616
329 1617
328 329
328 1618
328 1619
328 1620
327 328
327 1621
327 1622
327 1623
326 327
326 1624
326 1625
326 1626
325 326
325 1627
325 1628
325 1629
324 325
324 1630
324 1631
324 1632
323 324
323 1633
323 1634
323 1635
322 323
322 1636
322 1637
322 1638
321 322
321 1639
321 1640
321 1641
320 321
320 1642
320 1643
320 1644
319 320
319 1645
319 1646
319 1647
318 319
318 1648
318 1649
318 1650
317 318
317 1651
317 1652
317 1653
316 317
316 1654
316 1655
316 1656
315 316
315 1657
315 1658
315 1659
314 315
314 1660
314 1661
314 1662
313 314
313 1663
313 1664
313 1665
312 313
312 1666
312 1667
312 1668
311 312
311 1669
311 1670
311 1671
310 311
310 1672
310 1673
310 1674
309 310
309 1675
309 1676
309 1677
308 309
308 1678
308 1679
308 1680
307 308
307 1681
307 1682
307 1683
306 307
306 1684
306 1685
306 1686
305 306
305 1687
305 1688
305 1689
304 305
304 1690
304 1691
304 1692
303 304
303 1693
303 1694
303 1695
302 303
302 1696
302 1697
302 1698
301 302
301 1699
301 1700
301 1701
300 301
300 1702
300 1703
300 1704
299 300
299 1705
299 1706
299 1707
298 299
298 1708
298 1709
298 1710
297 298
297 1711
297 1712
297 1713
296 297
296 1714
296 1715
296 1716
295 296
295 1717
295 1718
295 1719
294 295
294 1720
294 1721
294 1722
293 294
293 1723
293 1724
293 1725
292 293
292 1726
292 1727
292 1728
291 292
291 1729
291 1730
291 1731
290 291
290 1732
290 1733
290 1734
289 290
289 1735
289 1736
289 1737
288 289
288 1738
288 1739
288 1740
287 288
287 1741
287 1742
287 1743
286 287
286 1744
286 1745
286 1746
285 286
285 1747
285 1748
285 1749
284 285
284 1750
284 1751
284 1752
283 284
283 1753
283 1754
283 1755
282 283
282 1756
282 1757
282 1758
281 282
281 1759
281 1760
281 1761
280 281
280 1762
280 1763
280 1764
279 280
279 1765
279 1766
279 1767
278 279
278 1768
278 1769
278 1770
277 278
277 1771
277 1772
277 1773
276 277
276 1774
276 1775
276 1776
275 276
275 1777
275 1778
275 1779
274 275
274 1780
274 1781
274 1782
273 274
273 1783
273 1784
273 1785
272 273
272 1786
272 1787
272 1788
271 272
271 1789
271 1790
271 1791
270 271
270 1792
270 1793
270 1794
269 270
269 1795
269 1796
269 1797
268 269
268 1798
268 1799
268 1800
267 268
267 1801
267 1802
267 1803
266 267
266 1804
266 1805
266 1806
265 266
265 1807
265 1808
265 1809
264 265
264 1810
264 1811
264 1812
263 264
263 1813
263 1814
263 1815
262 263
262 1816
262 1817
262 1818
261 262
261 1819
261 1820
261 1821
260 261
260 1822
260 1823
260 1824
259 260
259 1825
259 1826
259 1827
258 259
258 1828
258 1829
258 1830
257 258
257 1831
257 1832
257 1833
256 257
256 1834
256 1835
256 1836
255 256
255 1837
255 1838
255 1839
254 255
254 1840
254 1841
254 1842
253 254
253 1843
253 1844
253 1845
252 253
252 1846
252 1847
252 1848
251 252
251 1849
251 1850
251 1851
250 251
250 1852
250 1853
250 1854
249 250
249 1855
249 1856
249 1857
248 249
248 1858
248 1859
248 1860
247 248
247 1861
247 1862
247 1863
246 247
246 1864
246 1865
246 1866
245 246
245 1867
245 1868
245 1869
244 245
244 1870
244 1871
244 1872
243 244
243 1873
243 1874
243 1875
242 243
242 1876
242 1877
242 1878
241 242
241 1879
241 1880
241 1881
240 241
240 1882
240 1883
240 1884
239 240
239 1885
239 1886
239 1887
238 239
238 1888
238 1889
238 1890
237 238
237 1891
237 1892
237 1893
236 237
236 1894
236 1895
236 1896
235 236
235 1897
235 1898
235 1899
234 235
234 1900
234 1901
234 1902
233 234
233 1903
233 1904
233 1905
232 233
232 1906
232 1907
232 1908
231 232
231 1909
231 1910
231 1911
230 231
230 1912
230 1913
230 1914
229 230
229 1915
229 1916
229 1917
228 229
228 1918
228 1919
228 1920
227 228
227 1921
227 1922
227 1923
226 227
226 1924
226 1925
226 1926
225 226
225 1927
225 1928
225 1929
224 225
224 1930
224 1931
224 1932
223 224
223 1933
223 1934
223 1935
222 223
222 1936
222 1937
222 1938
221 222
221 1939
221 1940
221 1941
220 221
220 1942
220 1943
220 1944
219 220
219 1945
219 1946
219 1947
218 219
218 1948
218 1949
218 1950
217 218
217 1951
217 1952
217 1953
216 217
216 1954
216 1955
216 1956
215 216
215 1957
215 1958
215 1959
214 215
214 1960
214 1961
214 1962
213 214
213 1963
213 1964
213 1965
212 213
212 1966
212 1967
212 1968
211 212
211 1969
211 1970
211 1971
210 211
210 1972
210 1973
210 1974
209 210
209 1975
209 1976
209 1977
208 209
208 1978
208 1979
208 1980
207 208
207 1981
207 1982
207 1983
206 207
206 1984
206 1985
206 1986
205 206
205 1987
205 1988
205 1989
204 205
204 1990
204 1991
204 1992
203 204
203 1993
203 1994
203 1995
202 203
202 1996
202 1997
202 1998
201 202
201 1999
201 2000
201 2001
200 201
200 2002
200 2003
200 2004
199 200
199 2005
199 2006
199 2007
198 199
198 2008
198 2009
198 2010
197 198
197 2011
197 2012
197 2013
196 197
196 2014
196 2015
196 2016
195 196
195 2017
195 2018
195 2019
194 195
194 2020
194 2021
194 2022
193 194
193 2023
193 2024
193 2025
192 193
192 2026
192 2027
192 2028
191 192
191 2029
191 2030
191 2031
190 191
190 2032
190 2033
190 2034
189 190
189 2035
189 2036
189 2037
188 189
188 2038
188 2039
188 2040
187 188
187 2041
187 2042
187 2043
186 187
186 2044
186 2045
186 2046
185 186
185 2047
185 2048
185 2049
184 185
184 2050
184 2051
184 2052
183 184
183 2053
183 2054
183 2055
182 183
182 2056
182 2057
182 2058
181 182
181 2059
181 2060
181 2061
180 181
180 2062
180 2063
180 2064
179 180
179 2065
179 2066
179 2067
178 179
178 2068
178 2069
178 2070
177 178
177 2071
177 2072
177 2073
176 177
176 2074
176 2075
176 2076
175 176
175 2077
175 2078
175 2079
174 175
174 2080
174 2081
174 2082
173 174
173 2083
173 2084
173 2085
172 173
172 2086
172 2087
172 2088
171 172
171 2089
171 2090
171 2091
170 171
170 2092
170 2093
170 2094
169 170
169 2095
169 2096
169 2097
168 169
168 2098
168 2099
168 2100
167 168
167 2101
167 2102
167 2103
166 167
166 2104
166 2105
166 2106
165 166
165 2107
165 2108
165 2109
164 165
164 2110
164 2111
164 2112
163 164
163 2113
163 2114
163 2115
162 163
162 2116
162 2117
162 2118
161 162
161 2119
161 2120
161 2121
160 161
160 2122
160 2123
160 2124
159 160
159 2125
159 2126
159 2127
158 159
158 2128
158 2129
158 2130
157 158
157 2131
157 2132
157 2133
156 157
156 2134
156 2135
156 2136
155 156
155 2137
155 2138
155 2139
154 155
154 2140
154 2141
154 2142
153 154
153 2143
153 2144
153 2145
152 153
152 2146
152 2147
152 2148
151 152
151 2149
151 2150
151 2151
150 151
150 2152
150 2153
150 2154
149 150
149 2155
149 2156
149 2157
148 149
148 2158
148 2159
148 2160
147 148
147 2161
147 2162
147 2163
146 147
146 2164
146 2165
146 2166
145 146
145 2167
145 2168
145 2169
144 145
144 2170
144 2171
144 2172
143 144
143 2173
143 2174
143 2175
142 143
142 2176
142 2177
142 2178
141 142
141 2179
141 2180
141 2181
140 141
140 2182
140 2183
140 2184
139 140
139 2185
139 2186
139 2187
138 139
138 2188
138 2189
138 2190
137 138
137 2191
137 2192
137 2193
136 137
136 2194
136 2195
136 2196
135 136
135 2197
135 2198
135 2199
134 135
134 2200
134 2201
134 2202
133 134
133 2203
133 2204
133 2205
132 133
132 2206
132 2207
132 2208
131 132
131 2209
131 2210
131 2211
130 131
130 2212
130 2213
130 2214
129 130
129 2215
129 2216
129 2217
128 129
128 2218
128 2219
128 2220
127 128
127 2221
127 2222
127 2223
126 127
126 2224
126 2225
126 2226
125 126
125 2227
125 2228
125 2229
124 125
124 2230
124 2231
124 2232
123 124
123 2233
123 2234
123 2235
122 123
122 2236
122 2237
122 2238
121 122
121 2239
121 2240
121 2241
120 121
120 2242
120 2243
120 2244
119 120
119 2245
119 2246
119 2247
118 119
118 2248
118 2249
118 2250
117 118
117 2251
117 2252
117 2253
116 117
116 2254
116 2255
116 2256
115 116
115 2257
115 2258
115 2259
114 115
114 2260
114 2261
114 2262
113 114
113 2263
113 2264
113 2265
112 113
112 2266
112 2267
112 2268
111 112
111 2269
111 2270
111 2271
110 111
110 2272
110 2273
110 2274
109 110
109 2275
109 2276
109 2277
108 109
108 2278
108 2279
108 2280
107 108
107 2281
107 2282
107 2283
106 107
106 2284
106 2285
106 2286
105 106
105 2287
105 2288
105 2289
104 105
104 2290
104 2291
104 2292
103 104
103 2293
103 2294
103 2295
102 103
102 2296
102 2297
102 2298
101 102
101 2299
101 2300
101 2301
100 101
100 2302
100 2303
100 2304
99 100
99 2305
99 2306
99 2307
98 99
98 2308
98 2309
98 2310
97 98
97 2311
97 2312
97 2313
96 97
96 2314
96 2315
96 2316
95 96
95 2317
95 2318
95 2319
94 95
94 2320
94 2321
94 2322
93 94
93 2323
93 2324
93 2325
92 93
92 2326
92 2327
92 2328
91 92
91 2329
91 2330
91 2331
90 91
90 2332
90 2333
90 2334
89 90
89 2335
89 2336
89 2337
88 89
88 2338
88 2339
88 2340
87 88
87 2341
87 2342
87 2343
86 87
86 2344
86 2345
86 2346
85 86
85 2347
85 2348
85 2349
84 85
84 2350
84 2351
84 2352
83 84
83 2353
83 2354
83 2355
82 83
82 2356
82 2357
82 2358
81 82
81 2359
81 2360
81 2361
80 81
80 2362
80 2363
80 2364
79 80
79 2365
79 2366
79 2367
78 79
78 2368
78 2369
78 2370
77 78
77 2371
77 2372
77 2373
76 77
76 2374
76 2375
76 2376
75 76
75 2377
75 2378
75 2379
74 75
74 2380
74 2381
74 2382
73 74
73 2383
73 2384
73 2385
72 73
72 2386
72 2387
72 2388
71 72
71 2389
71 2390
71 2391
70 71
70 2392
70 2393
70 2394
69 70
69 2395
69 2396
69 2397
68 69
68 2398
68 2399
68 2400
67 68
67 2401
67 2402
67 2403
66 67
66 2404
66 2405
66 2406
65 66
65 2407
65 2408
65 2409
64 65
64 2410
64 2411
64 2412
63 64
63 2413
63 2414
63 2415
62 63
62 2416
62 2417
62 2418
61 62
61 2419
61 2420
61 2421
60 61
60 2422
60 2423
60 2424
59 60
59 2425
59 2426
59 2427
58 59
58 2428
58 2429
58 2430
57 58
57 2431
57 2432
57 2433
56 57
56 2434
56 2435
56 2436
55 56
55 2437
55 2438
55 2439
54 55
54 2440
54 2441
54 2442
53 54
53 2443
53 2444
53 2445
52 53
52 2446
52 2447
52 2448
51 52
51 2449
51 2450
51 2451
50 51
50 2452
50 2453
50 2454
49 50
49 2455
49 2456
49 2457
48 49
48 2458
48 2459
48 2460
47 48
47 2461
47 2462
47 2463
46 47
46 2464
46 2465
46 2466
45 46
45 2467
45 2468
45 2469
44 45
44 2470
44 2471
44 2472
43 44
43 2473
43 2474
43 2475
42 43
42 2476
42 2477
42 2478
41 42
41 2479
41 2480
41 2481
40 41
40 2482
40 2483
40 2484
39 40
39 2485
39 2486
39 2487
38 39
38 2488
38 2489
38 2490
37 38
37 2491
37 2492
37 2493
36 37
36 2494
36 2495
36 2496
35 36
35 2497
35 2498
35 2499
34 35
34 2500
34 2501
34 2502
33 34
33 2503
33 2504
33 2505
32 33
32 2506
32 2507
32 2508
31 32
31 2509
31 2510
31 2511
30 31
30 2512
30 2513
30 2514
29 30
29 2515
29 2516
29 2517
28 29
28 2518
28 2519
28 2520
27 28
27 2521
27 2522
27 2523
26 27
26 2524
26 2525
26 2526
25 26
25 2527
25 2528
25 2529
24 25
24 2530
24 2531
24 2532
23 24
23 2533
23 2534
23 2535
22 23
22 2536
22 2537
22 2538
21 22
21 2539
21 2540
21 2541
20 21
20 2542
20 2543
20 2544
19 20
19 2545
19 2546
19 2547
18 19
18 2548
18 2549
18 2550
17 18
17 2551
17 2552
17 2553
16 17
16 2554
16 2555
16 2556
15 16
15 2557
15 2558
15 2559
14 15
14 2560
14 2561
14 2562
13 14
13 2563
13 2564
13 2565
12 13
12 2566
12 2567
12 2568
11 12
11 2569
11 2570
11 2571
10 11
10 2572
10 2573
10 2574
9 10
9 2575
9 2576
9 2577
8 9
8 2578
8 2579
8 2580
7 8
7 2581
7 2582
7 2583
6 7
6 2584
6 2585
6 2586
5 6
5 2587
5 2588
5 2589
4 5
4 2590
4 2591
4 2592
3 4
3 2593
3 2594
3 2595
2 3
2 2596
2 2597
2 2598
1 2
1 2599
1 2600
