2694 43794209
1347 1348
1347 1349
1346 1347
1346 1350
1345 1346
1345 1351
1344 1345
1344 1352
1343 1344
1343 1353
1342 1343
1342 1354
1341 1342
1341 1355
1340 1341
1340 1356
1339 1340
1339 1357
1338 1339
1338 1358
1337 1338
1337 1359
1336 1337
1336 1360
1335 1336
1335 1361
1334 1335
1334 1362
1333 1334
1333 1363
1332 1333
1332 1364
1331 1332
1331 1365
1330 1331
1330 1366
1329 1330
1329 1367
1328 1329
1328 1368
1327 1328
1327 1369
1326 1327
1326 1370
1325 1326
1325 1371
1324 1325
1324 1372
1323 1324
1323 1373
1322 1323
1322 1374
1321 1322
1321 1375
1320 1321
1320 1376
1319 1320
1319 1377
1318 1319
1318 1378
1317 1318
1317 1379
1316 1317
1316 1380
1315 1316
1315 1381
1314 1315
1314 1382
1313 1314
1313 1383
1312 1313
1312 1384
1311 1312
1311 1385
1310 1311
1310 1386
1309 1310
1309 1387
1308 1309
1308 1388
1307 1308
1307 1389
1306 1307
1306 1390
1305 1306
1305 1391
1304 1305
1304 1392
1303 1304
1303 1393
1302 1303
1302 1394
1301 1302
1301 1395
1300 1301
1300 1396
1299 1300
1299 1397
1298 1299
1298 1398
1297 1298
1297 1399
1296 1297
1296 1400
1295 1296
1295 1401
1294 1295
1294 1402
1293 1294
1293 1403
1292 1293
1292 1404
1291 1292
1291 1405
1290 1291
1290 1406
1289 1290
1289 1407
1288 1289
1288 1408
1287 1288
1287 1409
1286 1287
1286 1410
1285 1286
1285 1411
1284 1285
1284 1412
1283 1284
1283 1413
1282 1283
1282 1414
1281 1282
1281 1415
1280 1281
1280 1416
1279 1280
1279 1417
1278 1279
1278 1418
1277 1278
1277 1419
1276 1277
1276 1420
1275 1276
1275 1421
1274 1275
1274 1422
1273 1274
1273 1423
1272 1273
1272 1424
1271 1272
1271 1425
1270 1271
1270 1426
1269 1270
1269 1427
1268 1269
1268 1428
1267 1268
1267 1429
1266 1267
1266 1430
1265 1266
1265 1431
1264 1265
1264 1432
1263 1264
1263 1433
1262 1263
1262 1434
1261 1262
1261 1435
1260 1261
1260 1436
1259 1260
1259 1437
1258 1259
1258 1438
1257 1258
1257 1439
1256 1257
1256 1440
1255 1256
1255 1441
1254 1255
1254 1442
1253 1254
1253 1443
1252 1253
1252 1444
1251 1252
1251 1445
1250 1251
1250 1446
1249 1250
1249 1447
1248 1249
1248 1448
1247 1248
1247 1449
1246 1247
1246 1450
1245 1246
1245 1451
1244 1245
1244 1452
1243 1244
1243 1453
1242 1243
1242 1454
1241 1242
1241 1455
1240 1241
1240 1456
1239 1240
1239 1457
1238 1239
1238 1458
1237 1238
1237 1459
1236 1237
1236 1460
1235 1236
1235 1461
1234 1235
1234 1462
1233 1234
1233 1463
1232 1233
1232 1464
1231 1232
1231 1465
1230 1231
1230 1466
1229 1230
1229 1467
1228 1229
1228 1468
1227 1228
1227 1469
1226 1227
1226 1470
1225 1226
1225 1471
1224 1225
1224 1472
1223 1224
1223 1473
1222 1223
1222 1474
1221 1222
1221 1475
1220 1221
1220 1476
1219 1220
1219 1477
1218 1219
1218 1478
1217 1218
1217 1479
1216 1217
1216 1480
1215 1216
1215 1481
1214 1215
1214 1482
1213 1214
1213 1483
1212 1213
1212 1484
1211 1212
1211 1485
1210 1211
1210 1486
1209 1210
1209 1487
1208 1209
1208 1488
1207 1208
1207 1489
1206 1207
1206 1490
1205 1206
1205 1491
1204 1205
1204 1492
1203 1204
1203 1493
1202 1203
1202 1494
1201 1202
1201 1495
1200 1201
1200 1496
1199 1200
1199 1497
1198 1199
1198 1498
1197 1198
1197 1499
1196 1197
1196 1500
1195 1196
1195 1501
1194 1195
1194 1502
1193 1194
1193 1503
1192 1193
1192 1504
1191 1192
1191 1505
1190 1191
1190 1506
1189 1190
1189 1507
1188 1189
1188 1508
1187 1188
1187 1509
1186 1187
1186 1510
1185 1186
1185 1511
1184 1185
1184 1512
1183 1184
1183 1513
1182 1183
1182 1514
1181 1182
1181 1515
1180 1181
1180 1516
1179 1180
1179 1517
1178 1179
1178 1518
1177 1178
1177 1519
1176 1177
1176 1520
1175 1176
1175 1521
1174 1175
1174 1522
1173 1174
1173 1523
1172 1173
1172 1524
1171 1172
1171 1525
1170 1171
1170 1526
1169 1170
1169 1527
1168 1169
1168 1528
1167 1168
1167 1529
1166 1167
1166 1530
1165 1166
1165 1531
1164 1165
1164 1532
1163 1164
1163 1533
1162 1163
1162 1534
1161 1162
1161 1535
1160 1161
1160 1536
1159 1160
1159 1537
1158 1159
1158 1538
1157 1158
1157 1539
1156 1157
1156 1540
1155 1156
1155 1541
1154 1155
1154 1542
1153 1154
1153 1543
1152 1153
1152 1544
1151 1152
1151 1545
1150 1151
1150 1546
1149 1150
1149 1547
1148 1149
1148 1548
1147 1148
1147 1549
1146 1147
1146 1550
1145 1146
1145 1551
1144 1145
1144 1552
1143 1144
1143 1553
1142 1143
1142 1554
1141 1142
1141 1555
1140 1141
1140 1556
1139 1140
1139 1557
1138 1139
1138 1558
1137 1138
1137 1559
1136 1137
1136 1560
1135 1136
1135 1561
1134 1135
1134 1562
1133 1134
1133 1563
1132 1133
1132 1564
1131 1132
1131 1565
1130 1131
1130 1566
1129 1130
1129 1567
1128 1129
1128 1568
1127 1128
1127 1569
1126 1127
1126 1570
1125 1126
1125 1571
1124 1125
1124 1572
1123 1124
1123 1573
1122 1123
1122 1574
1121 1122
1121 1575
1120 1121
1120 1576
1119 1120
1119 1577
1118 1119
1118 1578
1117 1118
1117 1579
1116 1117
1116 1580
1115 1116
1115 1581
1114 1115
1114 1582
1113 1114
1113 1583
1112 1113
1112 1584
1111 1112
1111 1585
1110 1111
1110 1586
1109 1110
1109 1587
1108 1109
1108 1588
1107 1108
1107 1589
1106 1107
1106 1590
1105 1106
1105 1591
1104 1105
1104 1592
1103 1104
1103 1593
1102 1103
1102 1594
1101 1102
1101 1595
1100 1101
1100 1596
1099 1100
1099 1597
1098 1099
1098 1598
1097 1098
1097 1599
1096 1097
1096 1600
1095 1096
1095 1601
1094 1095
1094 1602
1093 1094
1093 1603
1092 1093
1092 1604
1091 1092
1091 1605
1090 1091
1090 1606
1089 1090
1089 1607
1088 1089
1088 1608
1087 1088
1087 1609
1086 1087
1086 1610
1085 1086
1085 1611
1084 1085
1084 1612
1083 1084
1083 1613
1082 1083
1082 1614
1081 1082
1081 1615
1080 1081
1080 1616
1079 1080
1079 1617
1078 1079
1078 1618
1077 1078
1077 1619
1076 1077
1076 1620
1075 1076
1075 1621
1074 1075
1074 1622
1073 1074
1073 1623
1072 1073
1072 1624
1071 1072
1071 1625
1070 1071
1070 1626
1069 1070
1069 1627
1068 1069
1068 1628
1067 1068
1067 1629
1066 1067
1066 1630
1065 1066
1065 1631
1064 1065
1064 1632
1063 1064
1063 1633
1062 1063
1062 1634
1061 1062
1061 1635
1060 1061
1060 1636
1059 1060
1059 1637
1058 1059
1058 1638
1057 1058
1057 1639
1056 1057
1056 1640
1055 1056
1055 1641
1054 1055
1054 1642
1053 1054
1053 1643
1052 1053
1052 1644
1051 1052
1051 1645
1050 1051
1050 1646
1049 1050
1049 1647
1048 1049
1048 1648
1047 1048
1047 1649
1046 1047
1046 1650
1045 1046
1045 1651
1044 1045
1044 1652
1043 1044
1043 1653
1042 1043
1042 1654
1041 1042
1041 1655
1040 1041
1040 1656
1039 1040
1039 1657
1038 1039
1038 1658
1037 1038
1037 1659
1036 1037
1036 1660
1035 1036
1035 1661
1034 1035
1034 1662
1033 1034
1033 1663
1032 1033
1032 1664
1031 1032
1031 1665
1030 1031
1030 1666
1029 1030
1029 1667
1028 1029
1028 1668
1027 1028
1027 1669
1026 1027
1026 1670
1025 1026
1025 1671
1024 1025
1024 1672
1023 1024
1023 1673
1022 1023
1022 1674
1021 1022
1021 1675
1020 1021
1020 1676
1019 1020
1019 1677
1018 1019
1018 1678
1017 1018
1017 1679
1016 1017
1016 1680
1015 1016
1015 1681
1014 1015
1014 1682
1013 1014
1013 1683
1012 1013
1012 1684
1011 1012
1011 1685
1010 1011
1010 1686
1009 1010
1009 1687
1008 1009
1008 1688
1007 1008
1007 1689
1006 1007
1006 1690
1005 1006
1005 1691
1004 1005
1004 1692
1003 1004
1003 1693
1002 1003
1002 1694
1001 1002
1001 1695
1000 1001
1000 1696
999 1000
999 1697
998 999
998 1698
997 998
997 1699
996 997
996 1700
995 996
995 1701
994 995
994 1702
993 994
993 1703
992 993
992 1704
991 992
991 1705
990 991
990 1706
989 990
989 1707
988 989
988 1708
987 988
987 1709
986 987
986 1710
985 986
985 1711
984 985
984 1712
983 984
983 1713
982 983
982 1714
981 982
981 1715
980 981
980 1716
979 980
979 1717
978 979
978 1718
977 978
977 1719
976 977
976 1720
975 976
975 1721
974 975
974 1722
973 974
973 1723
972 973
972 1724
971 972
971 1725
970 971
970 1726
969 970
969 1727
968 969
968 1728
967 968
967 1729
966 967
966 1730
965 966
965 1731
964 965
964 1732
963 964
963 1733
962 963
962 1734
961 962
961 1735
960 961
960 1736
959 960
959 1737
958 959
958 1738
957 958
957 1739
956 957
956 1740
955 956
955 1741
954 955
954 1742
953 954
953 1743
952 953
952 1744
951 952
951 1745
950 951
950 1746
949 950
949 1747
948 949
948 1748
947 948
947 1749
946 947
946 1750
945 946
945 1751
944 945
944 1752
943 944
943 1753
942 943
942 1754
941 942
941 1755
940 941
940 1756
939 940
939 1757
938 939
938 1758
937 938
937 1759
936 937
936 1760
935 936
935 1761
934 935
934 1762
933 934
933 1763
932 933
932 1764
931 932
931 1765
930 931
930 1766
929 930
929 1767
928 929
928 1768
927 928
927 1769
926 927
926 1770
925 926
925 1771
924 925
924 1772
923 924
923 1773
922 923
922 1774
921 922
921 1775
920 921
920 1776
919 920
919 1777
918 919
918 1778
917 918
917 1779
916 917
916 1780
915 916
915 1781
914 915
914 1782
913 914
913 1783
912 913
912 1784
911 912
911 1785
910 911
910 1786
909 910
909 1787
908 909
908 1788
907 908
907 1789
906 907
906 1790
905 906
905 1791
904 905
904 1792
903 904
903 1793
902 903
902 1794
901 902
901 1795
900 901
900 1796
899 900
899 1797
898 899
898 1798
897 898
897 1799
896 897
896 1800
895 896
895 1801
894 895
894 1802
893 894
893 1803
892 893
892 1804
891 892
891 1805
890 891
890 1806
889 890
889 1807
888 889
888 1808
887 888
887 1809
886 887
886 1810
885 886
885 1811
884 885
884 1812
883 884
883 1813
882 883
882 1814
881 882
881 1815
880 881
880 1816
879 880
879 1817
878 879
878 1818
877 878
877 1819
876 877
876 1820
875 876
875 1821
874 875
874 1822
873 874
873 1823
872 873
872 1824
871 872
871 1825
870 871
870 1826
869 870
869 1827
868 869
868 1828
867 868
867 1829
866 867
866 1830
865 866
865 1831
864 865
864 1832
863 864
863 1833
862 863
862 1834
861 862
861 1835
860 861
860 1836
859 860
859 1837
858 859
858 1838
857 858
857 1839
856 857
856 1840
855 856
855 1841
854 855
854 1842
853 854
853 1843
852 853
852 1844
851 852
851 1845
850 851
850 1846
849 850
849 1847
848 849
848 1848
847 848
847 1849
846 847
846 1850
845 846
845 1851
844 845
844 1852
843 844
843 1853
842 843
842 1854
841 842
841 1855
840 841
840 1856
839 840
839 1857
838 839
838 1858
837 838
837 1859
836 837
836 1860
835 836
835 1861
834 835
834 1862
833 834
833 1863
832 833
832 1864
831 832
831 1865
830 831
830 1866
829 830
829 1867
828 829
828 1868
827 828
827 1869
826 827
826 1870
825 826
825 1871
824 825
824 1872
823 824
823 1873
822 823
822 1874
821 822
821 1875
820 821
820 1876
819 820
819 1877
818 819
818 1878
817 818
817 1879
816 817
816 1880
815 816
815 1881
814 815
814 1882
813 814
813 1883
812 813
812 1884
811 812
811 1885
810 811
810 1886
809 810
809 1887
808 809
808 1888
807 808
807 1889
806 807
806 1890
805 806
805 1891
804 805
804 1892
803 804
803 1893
802 803
802 1894
801 802
801 1895
800 801
800 1896
799 800
799 1897
798 799
798 1898
797 798
797 1899
796 797
796 1900
795 796
795 1901
794 795
794 1902
793 794
793 1903
792 793
792 1904
791 792
791 1905
790 791
790 1906
789 790
789 1907
788 789
788 1908
787 788
787 1909
786 787
786 1910
785 786
785 1911
784 785
784 1912
783 784
783 1913
782 783
782 1914
781 782
781 1915
780 781
780 1916
779 780
779 1917
778 779
778 1918
777 778
777 1919
776 777
776 1920
775 776
775 1921
774 775
774 1922
773 774
773 1923
772 773
772 1924
771 772
771 1925
770 771
770 1926
769 770
769 1927
768 769
768 1928
767 768
767 1929
766 767
766 1930
765 766
765 1931
764 765
764 1932
763 764
763 1933
762 763
762 1934
761 762
761 1935
760 761
760 1936
759 760
759 1937
758 759
758 1938
757 758
757 1939
756 757
756 1940
755 756
755 1941
754 755
754 1942
753 754
753 1943
752 753
752 1944
751 752
751 1945
750 751
750 1946
749 750
749 1947
748 749
748 1948
747 748
747 1949
746 747
746 1950
745 746
745 1951
744 745
744 1952
743 744
743 1953
742 743
742 1954
741 742
741 1955
740 741
740 1956
739 740
739 1957
738 739
738 1958
737 738
737 1959
736 737
736 1960
735 736
735 1961
734 735
734 1962
733 734
733 1963
732 733
732 1964
731 732
731 1965
730 731
730 1966
729 730
729 1967
728 729
728 1968
727 728
727 1969
726 727
726 1970
725 726
725 1971
724 725
724 1972
723 724
723 1973
722 723
722 1974
721 722
721 1975
720 721
720 1976
719 720
719 1977
718 719
718 1978
717 718
717 1979
716 717
716 1980
715 716
715 1981
714 715
714 1982
713 714
713 1983
712 713
712 1984
711 712
711 1985
710 711
710 1986
709 710
709 1987
708 709
708 1988
707 708
707 1989
706 707
706 1990
705 706
705 1991
704 705
704 1992
703 704
703 1993
702 703
702 1994
701 702
701 1995
700 701
700 1996
699 700
699 1997
698 699
698 1998
697 698
697 1999
696 697
696 2000
695 696
695 2001
694 695
694 2002
693 694
693 2003
692 693
692 2004
691 692
691 2005
690 691
690 2006
689 690
689 2007
688 689
688 2008
687 688
687 2009
686 687
686 2010
685 686
685 2011
684 685
684 2012
683 684
683 2013
682 683
682 2014
681 682
681 2015
680 681
680 2016
679 680
679 2017
678 679
678 2018
677 678
677 2019
676 677
676 2020
675 676
675 2021
674 675
674 2022
673 674
673 2023
672 673
672 2024
671 672
671 2025
670 671
670 2026
669 670
669 2027
668 669
668 2028
667 668
667 2029
666 667
666 2030
665 666
665 2031
664 665
664 2032
663 664
663 2033
662 663
662 2034
661 662
661 2035
660 661
660 2036
659 660
659 2037
658 659
658 2038
657 658
657 2039
656 657
656 2040
655 656
655 2041
654 655
654 2042
653 654
653 2043
652 653
652 2044
651 652
651 2045
650 651
650 2046
649 650
649 2047
648 649
648 2048
647 648
647 2049
646 647
646 2050
645 646
645 2051
644 645
644 2052
643 644
643 2053
642 643
642 2054
641 642
641 2055
640 641
640 2056
639 640
639 2057
638 639
638 2058
637 638
637 2059
636 637
636 2060
635 636
635 2061
634 635
634 2062
633 634
633 2063
632 633
632 2064
631 632
631 2065
630 631
630 2066
629 630
629 2067
628 629
628 2068
627 628
627 2069
626 627
626 2070
625 626
625 2071
624 625
624 2072
623 624
623 2073
622 623
622 2074
621 622
621 2075
620 621
620 2076
619 620
619 2077
618 619
618 2078
617 618
617 2079
616 617
616 2080
615 616
615 2081
614 615
614 2082
613 614
613 2083
612 613
612 2084
611 612
611 2085
610 611
610 2086
609 610
609 2087
608 609
608 2088
607 608
607 2089
606 607
606 2090
605 606
605 2091
604 605
604 2092
603 604
603 2093
602 603
602 2094
601 602
601 2095
600 601
600 2096
599 600
599 2097
598 599
598 2098
597 598
597 2099
596 597
596 2100
595 596
595 2101
594 595
594 2102
593 594
593 2103
592 593
592 2104
591 592
591 2105
590 591
590 2106
589 590
589 2107
588 589
588 2108
587 588
587 2109
586 587
586 2110
585 586
585 2111
584 585
584 2112
583 584
583 2113
582 583
582 2114
581 582
581 2115
580 581
580 2116
579 580
579 2117
578 579
578 2118
577 578
577 2119
576 577
576 2120
575 576
575 2121
574 575
574 2122
573 574
573 2123
572 573
572 2124
571 572
571 2125
570 571
570 2126
569 570
569 2127
568 569
568 2128
567 568
567 2129
566 567
566 2130
565 566
565 2131
564 565
564 2132
563 564
563 2133
562 563
562 2134
561 562
561 2135
560 561
560 2136
559 560
559 2137
558 559
558 2138
557 558
557 2139
556 557
556 2140
555 556
555 2141
554 555
554 2142
553 554
553 2143
552 553
552 2144
551 552
551 2145
550 551
550 2146
549 550
549 2147
548 549
548 2148
547 548
547 2149
546 547
546 2150
545 546
545 2151
544 545
544 2152
543 544
543 2153
542 543
542 2154
541 542
541 2155
540 541
540 2156
539 540
539 2157
538 539
538 2158
537 538
537 2159
536 537
536 2160
535 536
535 2161
534 535
534 2162
533 534
533 2163
532 533
532 2164
531 532
531 2165
530 531
530 2166
529 530
529 2167
528 529
528 2168
527 528
527 2169
526 527
526 2170
525 526
525 2171
524 525
524 2172
523 524
523 2173
522 523
522 2174
521 522
521 2175
520 521
520 2176
519 520
519 2177
518 519
518 2178
517 518
517 2179
516 517
516 2180
515 516
515 2181
514 515
514 2182
513 514
513 2183
512 513
512 2184
511 512
511 2185
510 511
510 2186
509 510
509 2187
508 509
508 2188
507 508
507 2189
506 507
506 2190
505 506
505 2191
504 505
504 2192
503 504
503 2193
502 503
502 2194
501 502
501 2195
500 501
500 2196
499 500
499 2197
498 499
498 2198
497 498
497 2199
496 497
496 2200
495 496
495 2201
494 495
494 2202
493 494
493 2203
492 493
492 2204
491 492
491 2205
490 491
490 2206
489 490
489 2207
488 489
488 2208
487 488
487 2209
486 487
486 2210
485 486
485 2211
484 485
484 2212
483 484
483 2213
482 483
482 2214
481 482
481 2215
480 481
480 2216
479 480
479 2217
478 479
478 2218
477 478
477 2219
476 477
476 2220
475 476
475 2221
474 475
474 2222
473 474
473 2223
472 473
472 2224
471 472
471 2225
470 471
470 2226
469 470
469 2227
468 469
468 2228
467 468
467 2229
466 467
466 2230
465 466
465 2231
464 465
464 2232
463 464
463 2233
462 463
462 2234
461 462
461 2235
460 461
460 2236
459 460
459 2237
458 459
458 2238
457 458
457 2239
456 457
456 2240
455 456
455 2241
454 455
454 2242
453 454
453 2243
452 453
452 2244
451 452
451 2245
450 451
450 2246
449 450
449 2247
448 449
448 2248
447 448
447 2249
446 447
446 2250
445 446
445 2251
444 445
444 2252
443 444
443 2253
442 443
442 2254
441 442
441 2255
440 441
440 2256
439 440
439 2257
438 439
438 2258
437 438
437 2259
436 437
436 2260
435 436
435 2261
434 435
434 2262
433 434
433 2263
432 433
432 2264
431 432
431 2265
430 431
430 2266
429 430
429 2267
428 429
428 2268
427 428
427 2269
426 427
426 2270
425 426
425 2271
424 425
424 2272
423 424
423 2273
422 423
422 2274
421 422
421 2275
420 421
420 2276
419 420
419 2277
418 419
418 2278
417 418
417 2279
416 417
416 2280
415 416
415 2281
414 415
414 2282
413 414
413 2283
412 413
412 2284
411 412
411 2285
410 411
410 2286
409 410
409 2287
408 409
408 2288
407 408
407 2289
406 407
406 2290
405 406
405 2291
404 405
404 2292
403 404
403 2293
402 403
402 2294
401 402
401 2295
400 401
400 2296
399 400
399 2297
398 399
398 2298
397 398
397 2299
396 397
396 2300
395 396
395 2301
394 395
394 2302
393 394
393 2303
392 393
392 2304
391 392
391 2305
390 391
390 2306
389 390
389 2307
388 389
388 2308
387 388
387 2309
386 387
386 2310
385 386
385 2311
384 385
384 2312
383 384
383 2313
382 383
382 2314
381 382
381 2315
380 381
380 2316
379 380
379 2317
378 379
378 2318
377 378
377 2319
376 377
376 2320
375 376
375 2321
374 375
374 2322
373 374
373 2323
372 373
372 2324
371 372
371 2325
370 371
370 2326
369 370
369 2327
368 369
368 2328
367 368
367 2329
366 367
366 2330
365 366
365 2331
364 365
364 2332
363 364
363 2333
362 363
362 2334
361 362
361 2335
360 361
360 2336
359 360
359 2337
358 359
358 2338
357 358
357 2339
356 357
356 2340
355 356
355 2341
354 355
354 2342
353 354
353 2343
352 353
352 2344
351 352
351 2345
350 351
350 2346
349 350
349 2347
348 349
348 2348
347 348
347 2349
346 347
346 2350
345 346
345 2351
344 345
344 2352
343 344
343 2353
342 343
342 2354
341 342
341 2355
340 341
340 2356
339 340
339 2357
338 339
338 2358
337 338
337 2359
336 337
336 2360
335 336
335 2361
334 335
334 2362
333 334
333 2363
332 333
332 2364
331 332
331 2365
330 331
330 2366
329 330
329 2367
328 329
328 2368
327 328
327 2369
326 327
326 2370
325 326
325 2371
324 325
324 2372
323 324
323 2373
322 323
322 2374
321 322
321 2375
320 321
320 2376
319 320
319 2377
318 319
318 2378
317 318
317 2379
316 317
316 2380
315 316
315 2381
314 315
314 2382
313 314
313 2383
312 313
312 2384
311 312
311 2385
310 311
310 2386
309 310
309 2387
308 309
308 2388
307 308
307 2389
306 307
306 2390
305 306
305 2391
304 305
304 2392
303 304
303 2393
302 303
302 2394
301 302
301 2395
300 301
300 2396
299 300
299 2397
298 299
298 2398
297 298
297 2399
296 297
296 2400
295 296
295 2401
294 295
294 2402
293 294
293 2403
292 293
292 2404
291 292
291 2405
290 291
290 2406
289 290
289 2407
288 289
288 2408
287 288
287 2409
286 287
286 2410
285 286
285 2411
284 285
284 2412
283 284
283 2413
282 283
282 2414
281 282
281 2415
280 281
280 2416
279 280
279 2417
278 279
278 2418
277 278
277 2419
276 277
276 2420
275 276
275 2421
274 275
274 2422
273 274
273 2423
272 273
272 2424
271 272
271 2425
270 271
270 2426
269 270
269 2427
268 269
268 2428
267 268
267 2429
266 267
266 2430
265 266
265 2431
264 265
264 2432
263 264
263 2433
262 263
262 2434
261 262
261 2435
260 261
260 2436
259 260
259 2437
258 259
258 2438
257 258
257 2439
256 257
256 2440
255 256
255 2441
254 255
254 2442
253 254
253 2443
252 253
252 2444
251 252
251 2445
250 251
250 2446
249 250
249 2447
248 249
248 2448
247 248
247 2449
246 247
246 2450
245 246
245 2451
244 245
244 2452
243 244
243 2453
242 243
242 2454
241 242
241 2455
240 241
240 2456
239 240
239 2457
238 239
238 2458
237 238
237 2459
236 237
236 2460
235 236
235 2461
234 235
234 2462
233 234
233 2463
232 233
232 2464
231 232
231 2465
230 231
230 2466
229 230
229 2467
228 229
228 2468
227 228
227 2469
226 227
226 2470
225 226
225 2471
224 225
224 2472
223 224
223 2473
222 223
222 2474
221 222
221 2475
220 221
220 2476
219 220
219 2477
218 219
218 2478
217 218
217 2479
216 217
216 2480
215 216
215 2481
214 215
214 2482
213 214
213 2483
212 213
212 2484
211 212
211 2485
210 211
210 2486
209 210
209 2487
208 209
208 2488
207 208
207 2489
206 207
206 2490
205 206
205 2491
204 205
204 2492
203 204
203 2493
202 203
202 2494
201 202
201 2495
200 201
200 2496
199 200
199 2497
198 199
198 2498
197 198
197 2499
196 197
196 2500
195 196
195 2501
194 195
194 2502
193 194
193 2503
192 193
192 2504
191 192
191 2505
190 191
190 2506
189 190
189 2507
188 189
188 2508
187 188
187 2509
186 187
186 2510
185 186
185 2511
184 185
184 2512
183 184
183 2513
182 183
182 2514
181 182
181 2515
180 181
180 2516
179 180
179 2517
178 179
178 2518
177 178
177 2519
176 177
176 2520
175 176
175 2521
174 175
174 2522
173 174
173 2523
172 173
172 2524
171 172
171 2525
170 171
170 2526
169 170
169 2527
168 169
168 2528
167 168
167 2529
166 167
166 2530
165 166
165 2531
164 165
164 2532
163 164
163 2533
162 163
162 2534
161 162
161 2535
160 161
160 2536
159 160
159 2537
158 159
158 2538
157 158
157 2539
156 157
156 2540
155 156
155 2541
154 155
154 2542
153 154
153 2543
152 153
152 2544
151 152
151 2545
150 151
150 2546
149 150
149 2547
148 149
148 2548
147 148
147 2549
146 147
146 2550
145 146
145 2551
144 145
144 2552
143 144
143 2553
142 143
142 2554
141 142
141 2555
140 141
140 2556
139 140
139 2557
138 139
138 2558
137 138
137 2559
136 137
136 2560
135 136
135 2561
134 135
134 2562
133 134
133 2563
132 133
132 2564
131 132
131 2565
130 131
130 2566
129 130
129 2567
128 129
128 2568
127 128
127 2569
126 127
126 2570
125 126
125 2571
124 125
124 2572
123 124
123 2573
122 123
122 2574
121 122
121 2575
120 121
120 2576
119 120
119 2577
118 119
118 2578
117 118
117 2579
116 117
116 2580
115 116
115 2581
114 115
114 2582
113 114
113 2583
112 113
112 2584
111 112
111 2585
110 111
110 2586
109 110
109 2587
108 109
108 2588
107 108
107 2589
106 107
106 2590
105 106
105 2591
104 105
104 2592
103 104
103 2593
102 103
102 2594
101 102
101 2595
100 101
100 2596
99 100
99 2597
98 99
98 2598
97 98
97 2599
96 97
96 2600
95 96
95 2601
94 95
94 2602
93 94
93 2603
92 93
92 2604
91 92
91 2605
90 91
90 2606
89 90
89 2607
88 89
88 2608
87 88
87 2609
86 87
86 2610
85 86
85 2611
84 85
84 2612
83 84
83 2613
82 83
82 2614
81 82
81 2615
80 81
80 2616
79 80
79 2617
78 79
78 2618
77 78
77 2619
76 77
76 2620
75 76
75 2621
74 75
74 2622
73 74
73 2623
72 73
72 2624
71 72
71 2625
70 71
70 2626
69 70
69 2627
68 69
68 2628
67 68
67 2629
66 67
66 2630
65 66
65 2631
64 65
64 2632
63 64
63 2633
62 63
62 2634
61 62
61 2635
60 61
60 2636
59 60
59 2637
58 59
58 2638
57 58
57 2639
56 57
56 2640
55 56
55 2641
54 55
54 2642
53 54
53 2643
52 53
52 2644
51 52
51 2645
50 51
50 2646
49 50
49 2647
48 49
48 2648
47 48
47 2649
46 47
46 2650
45 46
45 2651
44 45
44 2652
43 44
43 2653
42 43
42 2654
41 42
41 2655
40 41
40 2656
39 40
39 2657
38 39
38 2658
37 38
37 2659
36 37
36 2660
35 36
35 2661
34 35
34 2662
33 34
33 2663
32 33
32 2664
31 32
31 2665
30 31
30 2666
29 30
29 2667
28 29
28 2668
27 28
27 2669
26 27
26 2670
25 26
25 2671
24 25
24 2672
23 24
23 2673
22 23
22 2674
21 22
21 2675
20 21
20 2676
19 20
19 2677
18 19
18 2678
17 18
17 2679
16 17
16 2680
15 16
15 2681
14 15
14 2682
13 14
13 2683
12 13
12 2684
11 12
11 2685
10 11
10 2686
9 10
9 2687
8 9
8 2688
7 8
7 2689
6 7
6 2690
5 6
5 2691
4 5
4 2692
3 4
3 2693
2 3
2 2694
1 2
1 2695
