2625 63314782
1312 1313
1312 1314
1311 1312
1311 1315
1310 1311
1310 1316
1309 1310
1309 1317
1308 1309
1308 1318
1307 1308
1307 1319
1306 1307
1306 1320
1305 1306
1305 1321
1304 1305
1304 1322
1303 1304
1303 1323
1302 1303
1302 1324
1301 1302
1301 1325
1300 1301
1300 1326
1299 1300
1299 1327
1298 1299
1298 1328
1297 1298
1297 1329
1296 1297
1296 1330
1295 1296
1295 1331
1294 1295
1294 1332
1293 1294
1293 1333
1292 1293
1292 1334
1291 1292
1291 1335
1290 1291
1290 1336
1289 1290
1289 1337
1288 1289
1288 1338
1287 1288
1287 1339
1286 1287
1286 1340
1285 1286
1285 1341
1284 1285
1284 1342
1283 1284
1283 1343
1282 1283
1282 1344
1281 1282
1281 1345
1280 1281
1280 1346
1279 1280
1279 1347
1278 1279
1278 1348
1277 1278
1277 1349
1276 1277
1276 1350
1275 1276
1275 1351
1274 1275
1274 1352
1273 1274
1273 1353
1272 1273
1272 1354
1271 1272
1271 1355
1270 1271
1270 1356
1269 1270
1269 1357
1268 1269
1268 1358
1267 1268
1267 1359
1266 1267
1266 1360
1265 1266
1265 1361
1264 1265
1264 1362
1263 1264
1263 1363
1262 1263
1262 1364
1261 1262
1261 1365
1260 1261
1260 1366
1259 1260
1259 1367
1258 1259
1258 1368
1257 1258
1257 1369
1256 1257
1256 1370
1255 1256
1255 1371
1254 1255
1254 1372
1253 1254
1253 1373
1252 1253
1252 1374
1251 1252
1251 1375
1250 1251
1250 1376
1249 1250
1249 1377
1248 1249
1248 1378
1247 1248
1247 1379
1246 1247
1246 1380
1245 1246
1245 1381
1244 1245
1244 1382
1243 1244
1243 1383
1242 1243
1242 1384
1241 1242
1241 1385
1240 1241
1240 1386
1239 1240
1239 1387
1238 1239
1238 1388
1237 1238
1237 1389
1236 1237
1236 1390
1235 1236
1235 1391
1234 1235
1234 1392
1233 1234
1233 1393
1232 1233
1232 1394
1231 1232
1231 1395
1230 1231
1230 1396
1229 1230
1229 1397
1228 1229
1228 1398
1227 1228
1227 1399
1226 1227
1226 1400
1225 1226
1225 1401
1224 1225
1224 1402
1223 1224
1223 1403
1222 1223
1222 1404
1221 1222
1221 1405
1220 1221
1220 1406
1219 1220
1219 1407
1218 1219
1218 1408
1217 1218
1217 1409
1216 1217
1216 1410
1215 1216
1215 1411
1214 1215
1214 1412
1213 1214
1213 1413
1212 1213
1212 1414
1211 1212
1211 1415
1210 1211
1210 1416
1209 1210
1209 1417
1208 1209
1208 1418
1207 1208
1207 1419
1206 1207
1206 1420
1205 1206
1205 1421
1204 1205
1204 1422
1203 1204
1203 1423
1202 1203
1202 1424
1201 1202
1201 1425
1200 1201
1200 1426
1199 1200
1199 1427
1198 1199
1198 1428
1197 1198
1197 1429
1196 1197
1196 1430
1195 1196
1195 1431
1194 1195
1194 1432
1193 1194
1193 1433
1192 1193
1192 1434
1191 1192
1191 1435
1190 1191
1190 1436
1189 1190
1189 1437
1188 1189
1188 1438
1187 1188
1187 1439
1186 1187
1186 1440
1185 1186
1185 1441
1184 1185
1184 1442
1183 1184
1183 1443
1182 1183
1182 1444
1181 1182
1181 1445
1180 1181
1180 1446
1179 1180
1179 1447
1178 1179
1178 1448
1177 1178
1177 1449
1176 1177
1176 1450
1175 1176
1175 1451
1174 1175
1174 1452
1173 1174
1173 1453
1172 1173
1172 1454
1171 1172
1171 1455
1170 1171
1170 1456
1169 1170
1169 1457
1168 1169
1168 1458
1167 1168
1167 1459
1166 1167
1166 1460
1165 1166
1165 1461
1164 1165
1164 1462
1163 1164
1163 1463
1162 1163
1162 1464
1161 1162
1161 1465
1160 1161
1160 1466
1159 1160
1159 1467
1158 1159
1158 1468
1157 1158
1157 1469
1156 1157
1156 1470
1155 1156
1155 1471
1154 1155
1154 1472
1153 1154
1153 1473
1152 1153
1152 1474
1151 1152
1151 1475
1150 1151
1150 1476
1149 1150
1149 1477
1148 1149
1148 1478
1147 1148
1147 1479
1146 1147
1146 1480
1145 1146
1145 1481
1144 1145
1144 1482
1143 1144
1143 1483
1142 1143
1142 1484
1141 1142
1141 1485
1140 1141
1140 1486
1139 1140
1139 1487
1138 1139
1138 1488
1137 1138
1137 1489
1136 1137
1136 1490
1135 1136
1135 1491
1134 1135
1134 1492
1133 1134
1133 1493
1132 1133
1132 1494
1131 1132
1131 1495
1130 1131
1130 1496
1129 1130
1129 1497
1128 1129
1128 1498
1127 1128
1127 1499
1126 1127
1126 1500
1125 1126
1125 1501
1124 1125
1124 1502
1123 1124
1123 1503
1122 1123
1122 1504
1121 1122
1121 1505
1120 1121
1120 1506
1119 1120
1119 1507
1118 1119
1118 1508
1117 1118
1117 1509
1116 1117
1116 1510
1115 1116
1115 1511
1114 1115
1114 1512
1113 1114
1113 1513
1112 1113
1112 1514
1111 1112
1111 1515
1110 1111
1110 1516
1109 1110
1109 1517
1108 1109
1108 1518
1107 1108
1107 1519
1106 1107
1106 1520
1105 1106
1105 1521
1104 1105
1104 1522
1103 1104
1103 1523
1102 1103
1102 1524
1101 1102
1101 1525
1100 1101
1100 1526
1099 1100
1099 1527
1098 1099
1098 1528
1097 1098
1097 1529
1096 1097
1096 1530
1095 1096
1095 1531
1094 1095
1094 1532
1093 1094
1093 1533
1092 1093
1092 1534
1091 1092
1091 1535
1090 1091
1090 1536
1089 1090
1089 1537
1088 1089
1088 1538
1087 1088
1087 1539
1086 1087
1086 1540
1085 1086
1085 1541
1084 1085
1084 1542
1083 1084
1083 1543
1082 1083
1082 1544
1081 1082
1081 1545
1080 1081
1080 1546
1079 1080
1079 1547
1078 1079
1078 1548
1077 1078
1077 1549
1076 1077
1076 1550
1075 1076
1075 1551
1074 1075
1074 1552
1073 1074
1073 1553
1072 1073
1072 1554
1071 1072
1071 1555
1070 1071
1070 1556
1069 1070
1069 1557
1068 1069
1068 1558
1067 1068
1067 1559
1066 1067
1066 1560
1065 1066
1065 1561
1064 1065
1064 1562
1063 1064
1063 1563
1062 1063
1062 1564
1061 1062
1061 1565
1060 1061
1060 1566
1059 1060
1059 1567
1058 1059
1058 1568
1057 1058
1057 1569
1056 1057
1056 1570
1055 1056
1055 1571
1054 1055
1054 1572
1053 1054
1053 1573
1052 1053
1052 1574
1051 1052
1051 1575
1050 1051
1050 1576
1049 1050
1049 1577
1048 1049
1048 1578
1047 1048
1047 1579
1046 1047
1046 1580
1045 1046
1045 1581
1044 1045
1044 1582
1043 1044
1043 1583
1042 1043
1042 1584
1041 1042
1041 1585
1040 1041
1040 1586
1039 1040
1039 1587
1038 1039
1038 1588
1037 1038
1037 1589
1036 1037
1036 1590
1035 1036
1035 1591
1034 1035
1034 1592
1033 1034
1033 1593
1032 1033
1032 1594
1031 1032
1031 1595
1030 1031
1030 1596
1029 1030
1029 1597
1028 1029
1028 1598
1027 1028
1027 1599
1026 1027
1026 1600
1025 1026
1025 1601
1024 1025
1024 1602
1023 1024
1023 1603
1022 1023
1022 1604
1021 1022
1021 1605
1020 1021
1020 1606
1019 1020
1019 1607
1018 1019
1018 1608
1017 1018
1017 1609
1016 1017
1016 1610
1015 1016
1015 1611
1014 1015
1014 1612
1013 1014
1013 1613
1012 1013
1012 1614
1011 1012
1011 1615
1010 1011
1010 1616
1009 1010
1009 1617
1008 1009
1008 1618
1007 1008
1007 1619
1006 1007
1006 1620
1005 1006
1005 1621
1004 1005
1004 1622
1003 1004
1003 1623
1002 1003
1002 1624
1001 1002
1001 1625
1000 1001
1000 1626
999 1000
999 1627
998 999
998 1628
997 998
997 1629
996 997
996 1630
995 996
995 1631
994 995
994 1632
993 994
993 1633
992 993
992 1634
991 992
991 1635
990 991
990 1636
989 990
989 1637
988 989
988 1638
987 988
987 1639
986 987
986 1640
985 986
985 1641
984 985
984 1642
983 984
983 1643
982 983
982 1644
981 982
981 1645
980 981
980 1646
979 980
979 1647
978 979
978 1648
977 978
977 1649
976 977
976 1650
975 976
975 1651
974 975
974 1652
973 974
973 1653
972 973
972 1654
971 972
971 1655
970 971
970 1656
969 970
969 1657
968 969
968 1658
967 968
967 1659
966 967
966 1660
965 966
965 1661
964 965
964 1662
963 964
963 1663
962 963
962 1664
961 962
961 1665
960 961
960 1666
959 960
959 1667
958 959
958 1668
957 958
957 1669
956 957
956 1670
955 956
955 1671
954 955
954 1672
953 954
953 1673
952 953
952 1674
951 952
951 1675
950 951
950 1676
949 950
949 1677
948 949
948 1678
947 948
947 1679
946 947
946 1680
945 946
945 1681
944 945
944 1682
943 944
943 1683
942 943
942 1684
941 942
941 1685
940 941
940 1686
939 940
939 1687
938 939
938 1688
937 938
937 1689
936 937
936 1690
935 936
935 1691
934 935
934 1692
933 934
933 1693
932 933
932 1694
931 932
931 1695
930 931
930 1696
929 930
929 1697
928 929
928 1698
927 928
927 1699
926 927
926 1700
925 926
925 1701
924 925
924 1702
923 924
923 1703
922 923
922 1704
921 922
921 1705
920 921
920 1706
919 920
919 1707
918 919
918 1708
917 918
917 1709
916 917
916 1710
915 916
915 1711
914 915
914 1712
913 914
913 1713
912 913
912 1714
911 912
911 1715
910 911
910 1716
909 910
909 1717
908 909
908 1718
907 908
907 1719
906 907
906 1720
905 906
905 1721
904 905
904 1722
903 904
903 1723
902 903
902 1724
901 902
901 1725
900 901
900 1726
899 900
899 1727
898 899
898 1728
897 898
897 1729
896 897
896 1730
895 896
895 1731
894 895
894 1732
893 894
893 1733
892 893
892 1734
891 892
891 1735
890 891
890 1736
889 890
889 1737
888 889
888 1738
887 888
887 1739
886 887
886 1740
885 886
885 1741
884 885
884 1742
883 884
883 1743
882 883
882 1744
881 882
881 1745
880 881
880 1746
879 880
879 1747
878 879
878 1748
877 878
877 1749
876 877
876 1750
875 876
875 1751
874 875
874 1752
873 874
873 1753
872 873
872 1754
871 872
871 1755
870 871
870 1756
869 870
869 1757
868 869
868 1758
867 868
867 1759
866 867
866 1760
865 866
865 1761
864 865
864 1762
863 864
863 1763
862 863
862 1764
861 862
861 1765
860 861
860 1766
859 860
859 1767
858 859
858 1768
857 858
857 1769
856 857
856 1770
855 856
855 1771
854 855
854 1772
853 854
853 1773
852 853
852 1774
851 852
851 1775
850 851
850 1776
849 850
849 1777
848 849
848 1778
847 848
847 1779
846 847
846 1780
845 846
845 1781
844 845
844 1782
843 844
843 1783
842 843
842 1784
841 842
841 1785
840 841
840 1786
839 840
839 1787
838 839
838 1788
837 838
837 1789
836 837
836 1790
835 836
835 1791
834 835
834 1792
833 834
833 1793
832 833
832 1794
831 832
831 1795
830 831
830 1796
829 830
829 1797
828 829
828 1798
827 828
827 1799
826 827
826 1800
825 826
825 1801
824 825
824 1802
823 824
823 1803
822 823
822 1804
821 822
821 1805
820 821
820 1806
819 820
819 1807
818 819
818 1808
817 818
817 1809
816 817
816 1810
815 816
815 1811
814 815
814 1812
813 814
813 1813
812 813
812 1814
811 812
811 1815
810 811
810 1816
809 810
809 1817
808 809
808 1818
807 808
807 1819
806 807
806 1820
805 806
805 1821
804 805
804 1822
803 804
803 1823
802 803
802 1824
801 802
801 1825
800 801
800 1826
799 800
799 1827
798 799
798 1828
797 798
797 1829
796 797
796 1830
795 796
795 1831
794 795
794 1832
793 794
793 1833
792 793
792 1834
791 792
791 1835
790 791
790 1836
789 790
789 1837
788 789
788 1838
787 788
787 1839
786 787
786 1840
785 786
785 1841
784 785
784 1842
783 784
783 1843
782 783
782 1844
781 782
781 1845
780 781
780 1846
779 780
779 1847
778 779
778 1848
777 778
777 1849
776 777
776 1850
775 776
775 1851
774 775
774 1852
773 774
773 1853
772 773
772 1854
771 772
771 1855
770 771
770 1856
769 770
769 1857
768 769
768 1858
767 768
767 1859
766 767
766 1860
765 766
765 1861
764 765
764 1862
763 764
763 1863
762 763
762 1864
761 762
761 1865
760 761
760 1866
759 760
759 1867
758 759
758 1868
757 758
757 1869
756 757
756 1870
755 756
755 1871
754 755
754 1872
753 754
753 1873
752 753
752 1874
751 752
751 1875
750 751
750 1876
749 750
749 1877
748 749
748 1878
747 748
747 1879
746 747
746 1880
745 746
745 1881
744 745
744 1882
743 744
743 1883
742 743
742 1884
741 742
741 1885
740 741
740 1886
739 740
739 1887
738 739
738 1888
737 738
737 1889
736 737
736 1890
735 736
735 1891
734 735
734 1892
733 734
733 1893
732 733
732 1894
731 732
731 1895
730 731
730 1896
729 730
729 1897
728 729
728 1898
727 728
727 1899
726 727
726 1900
725 726
725 1901
724 725
724 1902
723 724
723 1903
722 723
722 1904
721 722
721 1905
720 721
720 1906
719 720
719 1907
718 719
718 1908
717 718
717 1909
716 717
716 1910
715 716
715 1911
714 715
714 1912
713 714
713 1913
712 713
712 1914
711 712
711 1915
710 711
710 1916
709 710
709 1917
708 709
708 1918
707 708
707 1919
706 707
706 1920
705 706
705 1921
704 705
704 1922
703 704
703 1923
702 703
702 1924
701 702
701 1925
700 701
700 1926
699 700
699 1927
698 699
698 1928
697 698
697 1929
696 697
696 1930
695 696
695 1931
694 695
694 1932
693 694
693 1933
692 693
692 1934
691 692
691 1935
690 691
690 1936
689 690
689 1937
688 689
688 1938
687 688
687 1939
686 687
686 1940
685 686
685 1941
684 685
684 1942
683 684
683 1943
682 683
682 1944
681 682
681 1945
680 681
680 1946
679 680
679 1947
678 679
678 1948
677 678
677 1949
676 677
676 1950
675 676
675 1951
674 675
674 1952
673 674
673 1953
672 673
672 1954
671 672
671 1955
670 671
670 1956
669 670
669 1957
668 669
668 1958
667 668
667 1959
666 667
666 1960
665 666
665 1961
664 665
664 1962
663 664
663 1963
662 663
662 1964
661 662
661 1965
660 661
660 1966
659 660
659 1967
658 659
658 1968
657 658
657 1969
656 657
656 1970
655 656
655 1971
654 655
654 1972
653 654
653 1973
652 653
652 1974
651 652
651 1975
650 651
650 1976
649 650
649 1977
648 649
648 1978
647 648
647 1979
646 647
646 1980
645 646
645 1981
644 645
644 1982
643 644
643 1983
642 643
642 1984
641 642
641 1985
640 641
640 1986
639 640
639 1987
638 639
638 1988
637 638
637 1989
636 637
636 1990
635 636
635 1991
634 635
634 1992
633 634
633 1993
632 633
632 1994
631 632
631 1995
630 631
630 1996
629 630
629 1997
628 629
628 1998
627 628
627 1999
626 627
626 2000
625 626
625 2001
624 625
624 2002
623 624
623 2003
622 623
622 2004
621 622
621 2005
620 621
620 2006
619 620
619 2007
618 619
618 2008
617 618
617 2009
616 617
616 2010
615 616
615 2011
614 615
614 2012
613 614
613 2013
612 613
612 2014
611 612
611 2015
610 611
610 2016
609 610
609 2017
608 609
608 2018
607 608
607 2019
606 607
606 2020
605 606
605 2021
604 605
604 2022
603 604
603 2023
602 603
602 2024
601 602
601 2025
600 601
600 2026
599 600
599 2027
598 599
598 2028
597 598
597 2029
596 597
596 2030
595 596
595 2031
594 595
594 2032
593 594
593 2033
592 593
592 2034
591 592
591 2035
590 591
590 2036
589 590
589 2037
588 589
588 2038
587 588
587 2039
586 587
586 2040
585 586
585 2041
584 585
584 2042
583 584
583 2043
582 583
582 2044
581 582
581 2045
580 581
580 2046
579 580
579 2047
578 579
578 2048
577 578
577 2049
576 577
576 2050
575 576
575 2051
574 575
574 2052
573 574
573 2053
572 573
572 2054
571 572
571 2055
570 571
570 2056
569 570
569 2057
568 569
568 2058
567 568
567 2059
566 567
566 2060
565 566
565 2061
564 565
564 2062
563 564
563 2063
562 563
562 2064
561 562
561 2065
560 561
560 2066
559 560
559 2067
558 559
558 2068
557 558
557 2069
556 557
556 2070
555 556
555 2071
554 555
554 2072
553 554
553 2073
552 553
552 2074
551 552
551 2075
550 551
550 2076
549 550
549 2077
548 549
548 2078
547 548
547 2079
546 547
546 2080
545 546
545 2081
544 545
544 2082
543 544
543 2083
542 543
542 2084
541 542
541 2085
540 541
540 2086
539 540
539 2087
538 539
538 2088
537 538
537 2089
536 537
536 2090
535 536
535 2091
534 535
534 2092
533 534
533 2093
532 533
532 2094
531 532
531 2095
530 531
530 2096
529 530
529 2097
528 529
528 2098
527 528
527 2099
526 527
526 2100
525 526
525 2101
524 525
524 2102
523 524
523 2103
522 523
522 2104
521 522
521 2105
520 521
520 2106
519 520
519 2107
518 519
518 2108
517 518
517 2109
516 517
516 2110
515 516
515 2111
514 515
514 2112
513 514
513 2113
512 513
512 2114
511 512
511 2115
510 511
510 2116
509 510
509 2117
508 509
508 2118
507 508
507 2119
506 507
506 2120
505 506
505 2121
504 505
504 2122
503 504
503 2123
502 503
502 2124
501 502
501 2125
500 501
500 2126
499 500
499 2127
498 499
498 2128
497 498
497 2129
496 497
496 2130
495 496
495 2131
494 495
494 2132
493 494
493 2133
492 493
492 2134
491 492
491 2135
490 491
490 2136
489 490
489 2137
488 489
488 2138
487 488
487 2139
486 487
486 2140
485 486
485 2141
484 485
484 2142
483 484
483 2143
482 483
482 2144
481 482
481 2145
480 481
480 2146
479 480
479 2147
478 479
478 2148
477 478
477 2149
476 477
476 2150
475 476
475 2151
474 475
474 2152
473 474
473 2153
472 473
472 2154
471 472
471 2155
470 471
470 2156
469 470
469 2157
468 469
468 2158
467 468
467 2159
466 467
466 2160
465 466
465 2161
464 465
464 2162
463 464
463 2163
462 463
462 2164
461 462
461 2165
460 461
460 2166
459 460
459 2167
458 459
458 2168
457 458
457 2169
456 457
456 2170
455 456
455 2171
454 455
454 2172
453 454
453 2173
452 453
452 2174
451 452
451 2175
450 451
450 2176
449 450
449 2177
448 449
448 2178
447 448
447 2179
446 447
446 2180
445 446
445 2181
444 445
444 2182
443 444
443 2183
442 443
442 2184
441 442
441 2185
440 441
440 2186
439 440
439 2187
438 439
438 2188
437 438
437 2189
436 437
436 2190
435 436
435 2191
434 435
434 2192
433 434
433 2193
432 433
432 2194
431 432
431 2195
430 431
430 2196
429 430
429 2197
428 429
428 2198
427 428
427 2199
426 427
426 2200
425 426
425 2201
424 425
424 2202
423 424
423 2203
422 423
422 2204
421 422
421 2205
420 421
420 2206
419 420
419 2207
418 419
418 2208
417 418
417 2209
416 417
416 2210
415 416
415 2211
414 415
414 2212
413 414
413 2213
412 413
412 2214
411 412
411 2215
410 411
410 2216
409 410
409 2217
408 409
408 2218
407 408
407 2219
406 407
406 2220
405 406
405 2221
404 405
404 2222
403 404
403 2223
402 403
402 2224
401 402
401 2225
400 401
400 2226
399 400
399 2227
398 399
398 2228
397 398
397 2229
396 397
396 2230
395 396
395 2231
394 395
394 2232
393 394
393 2233
392 393
392 2234
391 392
391 2235
390 391
390 2236
389 390
389 2237
388 389
388 2238
387 388
387 2239
386 387
386 2240
385 386
385 2241
384 385
384 2242
383 384
383 2243
382 383
382 2244
381 382
381 2245
380 381
380 2246
379 380
379 2247
378 379
378 2248
377 378
377 2249
376 377
376 2250
375 376
375 2251
374 375
374 2252
373 374
373 2253
372 373
372 2254
371 372
371 2255
370 371
370 2256
369 370
369 2257
368 369
368 2258
367 368
367 2259
366 367
366 2260
365 366
365 2261
364 365
364 2262
363 364
363 2263
362 363
362 2264
361 362
361 2265
360 361
360 2266
359 360
359 2267
358 359
358 2268
357 358
357 2269
356 357
356 2270
355 356
355 2271
354 355
354 2272
353 354
353 2273
352 353
352 2274
351 352
351 2275
350 351
350 2276
349 350
349 2277
348 349
348 2278
347 348
347 2279
346 347
346 2280
345 346
345 2281
344 345
344 2282
343 344
343 2283
342 343
342 2284
341 342
341 2285
340 341
340 2286
339 340
339 2287
338 339
338 2288
337 338
337 2289
336 337
336 2290
335 336
335 2291
334 335
334 2292
333 334
333 2293
332 333
332 2294
331 332
331 2295
330 331
330 2296
329 330
329 2297
328 329
328 2298
327 328
327 2299
326 327
326 2300
325 326
325 2301
324 325
324 2302
323 324
323 2303
322 323
322 2304
321 322
321 2305
320 321
320 2306
319 320
319 2307
318 319
318 2308
317 318
317 2309
316 317
316 2310
315 316
315 2311
314 315
314 2312
313 314
313 2313
312 313
312 2314
311 312
311 2315
310 311
310 2316
309 310
309 2317
308 309
308 2318
307 308
307 2319
306 307
306 2320
305 306
305 2321
304 305
304 2322
303 304
303 2323
302 303
302 2324
301 302
301 2325
300 301
300 2326
299 300
299 2327
298 299
298 2328
297 298
297 2329
296 297
296 2330
295 296
295 2331
294 295
294 2332
293 294
293 2333
292 293
292 2334
291 292
291 2335
290 291
290 2336
289 290
289 2337
288 289
288 2338
287 288
287 2339
286 287
286 2340
285 286
285 2341
284 285
284 2342
283 284
283 2343
282 283
282 2344
281 282
281 2345
280 281
280 2346
279 280
279 2347
278 279
278 2348
277 278
277 2349
276 277
276 2350
275 276
275 2351
274 275
274 2352
273 274
273 2353
272 273
272 2354
271 272
271 2355
270 271
270 2356
269 270
269 2357
268 269
268 2358
267 268
267 2359
266 267
266 2360
265 266
265 2361
264 265
264 2362
263 264
263 2363
262 263
262 2364
261 262
261 2365
260 261
260 2366
259 260
259 2367
258 259
258 2368
257 258
257 2369
256 257
256 2370
255 256
255 2371
254 255
254 2372
253 254
253 2373
252 253
252 2374
251 252
251 2375
250 251
250 2376
249 250
249 2377
248 249
248 2378
247 248
247 2379
246 247
246 2380
245 246
245 2381
244 245
244 2382
243 244
243 2383
242 243
242 2384
241 242
241 2385
240 241
240 2386
239 240
239 2387
238 239
238 2388
237 238
237 2389
236 237
236 2390
235 236
235 2391
234 235
234 2392
233 234
233 2393
232 233
232 2394
231 232
231 2395
230 231
230 2396
229 230
229 2397
228 229
228 2398
227 228
227 2399
226 227
226 2400
225 226
225 2401
224 225
224 2402
223 224
223 2403
222 223
222 2404
221 222
221 2405
220 221
220 2406
219 220
219 2407
218 219
218 2408
217 218
217 2409
216 217
216 2410
215 216
215 2411
214 215
214 2412
213 214
213 2413
212 213
212 2414
211 212
211 2415
210 211
210 2416
209 210
209 2417
208 209
208 2418
207 208
207 2419
206 207
206 2420
205 206
205 2421
204 205
204 2422
203 204
203 2423
202 203
202 2424
201 202
201 2425
200 201
200 2426
199 200
199 2427
198 199
198 2428
197 198
197 2429
196 197
196 2430
195 196
195 2431
194 195
194 2432
193 194
193 2433
192 193
192 2434
191 192
191 2435
190 191
190 2436
189 190
189 2437
188 189
188 2438
187 188
187 2439
186 187
186 2440
185 186
185 2441
184 185
184 2442
183 184
183 2443
182 183
182 2444
181 182
181 2445
180 181
180 2446
179 180
179 2447
178 179
178 2448
177 178
177 2449
176 177
176 2450
175 176
175 2451
174 175
174 2452
173 174
173 2453
172 173
172 2454
171 172
171 2455
170 171
170 2456
169 170
169 2457
168 169
168 2458
167 168
167 2459
166 167
166 2460
165 166
165 2461
164 165
164 2462
163 164
163 2463
162 163
162 2464
161 162
161 2465
160 161
160 2466
159 160
159 2467
158 159
158 2468
157 158
157 2469
156 157
156 2470
155 156
155 2471
154 155
154 2472
153 154
153 2473
152 153
152 2474
151 152
151 2475
150 151
150 2476
149 150
149 2477
148 149
148 2478
147 148
147 2479
146 147
146 2480
145 146
145 2481
144 145
144 2482
143 144
143 2483
142 143
142 2484
141 142
141 2485
140 141
140 2486
139 140
139 2487
138 139
138 2488
137 138
137 2489
136 137
136 2490
135 136
135 2491
134 135
134 2492
133 134
133 2493
132 133
132 2494
131 132
131 2495
130 131
130 2496
129 130
129 2497
128 129
128 2498
127 128
127 2499
126 127
126 2500
125 126
125 2501
124 125
124 2502
123 124
123 2503
122 123
122 2504
121 122
121 2505
120 121
120 2506
119 120
119 2507
118 119
118 2508
117 118
117 2509
116 117
116 2510
115 116
115 2511
114 115
114 2512
113 114
113 2513
112 113
112 2514
111 112
111 2515
110 111
110 2516
109 110
109 2517
108 109
108 2518
107 108
107 2519
106 107
106 2520
105 106
105 2521
104 105
104 2522
103 104
103 2523
102 103
102 2524
101 102
101 2525
100 101
100 2526
99 100
99 2527
98 99
98 2528
97 98
97 2529
96 97
96 2530
95 96
95 2531
94 95
94 2532
93 94
93 2533
92 93
92 2534
91 92
91 2535
90 91
90 2536
89 90
89 2537
88 89
88 2538
87 88
87 2539
86 87
86 2540
85 86
85 2541
84 85
84 2542
83 84
83 2543
82 83
82 2544
81 82
81 2545
80 81
80 2546
79 80
79 2547
78 79
78 2548
77 78
77 2549
76 77
76 2550
75 76
75 2551
74 75
74 2552
73 74
73 2553
72 73
72 2554
71 72
71 2555
70 71
70 2556
69 70
69 2557
68 69
68 2558
67 68
67 2559
66 67
66 2560
65 66
65 2561
64 65
64 2562
63 64
63 2563
62 63
62 2564
61 62
61 2565
60 61
60 2566
59 60
59 2567
58 59
58 2568
57 58
57 2569
56 57
56 2570
55 56
55 2571
54 55
54 2572
53 54
53 2573
52 53
52 2574
51 52
51 2575
50 51
50 2576
49 50
49 2577
48 49
48 2578
47 48
47 2579
46 47
46 2580
45 46
45 2581
44 45
44 2582
43 44
43 2583
42 43
42 2584
41 42
41 2585
40 41
40 2586
39 40
39 2587
38 39
38 2588
37 38
37 2589
36 37
36 2590
35 36
35 2591
34 35
34 2592
33 34
33 2593
32 33
32 2594
31 32
31 2595
30 31
30 2596
29 30
29 2597
28 29
28 2598
27 28
27 2599
26 27
26 2600
25 26
25 2601
24 25
24 2602
23 24
23 2603
22 23
22 2604
21 22
21 2605
20 21
20 2606
19 20
19 2607
18 19
18 2608
17 18
17 2609
16 17
16 2610
15 16
15 2611
14 15
14 2612
13 14
13 2613
12 13
12 2614
11 12
11 2615
10 11
10 2616
9 10
9 2617
8 9
8 2618
7 8
7 2619
6 7
6 2620
5 6
5 2621
4 5
4 2622
3 4
3 2623
2 3
2 2624
1 2
1 2625
1 2626
