254 2896197
51 52
51 53
51 54
51 55
51 56
50 51
50 57
50 58
50 59
50 60
49 50
49 61
49 62
49 63
49 64
48 49
48 65
48 66
48 67
48 68
47 48
47 69
47 70
47 71
47 72
46 47
46 73
46 74
46 75
46 76
45 46
45 77
45 78
45 79
45 80
44 45
44 81
44 82
44 83
44 84
43 44
43 85
43 86
43 87
43 88
42 43
42 89
42 90
42 91
42 92
41 42
41 93
41 94
41 95
41 96
40 41
40 97
40 98
40 99
40 100
39 40
39 101
39 102
39 103
39 104
38 39
38 105
38 106
38 107
38 108
37 38
37 109
37 110
37 111
37 112
36 37
36 113
36 114
36 115
36 116
35 36
35 117
35 118
35 119
35 120
34 35
34 121
34 122
34 123
34 124
33 34
33 125
33 126
33 127
33 128
32 33
32 129
32 130
32 131
32 132
31 32
31 133
31 134
31 135
31 136
30 31
30 137
30 138
30 139
30 140
29 30
29 141
29 142
29 143
29 144
28 29
28 145
28 146
28 147
28 148
27 28
27 149
27 150
27 151
27 152
26 27
26 153
26 154
26 155
26 156
25 26
25 157
25 158
25 159
25 160
24 25
24 161
24 162
24 163
24 164
23 24
23 165
23 166
23 167
23 168
22 23
22 169
22 170
22 171
22 172
21 22
21 173
21 174
21 175
21 176
20 21
20 177
20 178
20 179
20 180
19 20
19 181
19 182
19 183
19 184
18 19
18 185
18 186
18 187
18 188
17 18
17 189
17 190
17 191
17 192
16 17
16 193
16 194
16 195
16 196
15 16
15 197
15 198
15 199
15 200
14 15
14 201
14 202
14 203
14 204
13 14
13 205
13 206
13 207
13 208
12 13
12 209
12 210
12 211
12 212
11 12
11 213
11 214
11 215
11 216
10 11
10 217
10 218
10 219
10 220
9 10
9 221
9 222
9 223
9 224
8 9
8 225
8 226
8 227
8 228
7 8
7 229
7 230
7 231
7 232
6 7
6 233
6 234
6 235
6 236
5 6
5 237
5 238
5 239
5 240
4 5
4 241
4 242
4 243
4 244
3 4
3 245
3 246
3 247
3 248
2 3
2 249
2 250
2 251
2 252
1 2
1 253
1 254
1 255
