2562 35788764
853 854
853 855
853 856
853 857
853 858
852 853
852 859
852 860
851 852
851 861
851 862
850 851
850 863
850 864
849 850
849 865
849 866
848 849
848 867
848 868
847 848
847 869
847 870
846 847
846 871
846 872
845 846
845 873
845 874
844 845
844 875
844 876
843 844
843 877
843 878
842 843
842 879
842 880
841 842
841 881
841 882
840 841
840 883
840 884
839 840
839 885
839 886
838 839
838 887
838 888
837 838
837 889
837 890
836 837
836 891
836 892
835 836
835 893
835 894
834 835
834 895
834 896
833 834
833 897
833 898
832 833
832 899
832 900
831 832
831 901
831 902
830 831
830 903
830 904
829 830
829 905
829 906
828 829
828 907
828 908
827 828
827 909
827 910
826 827
826 911
826 912
825 826
825 913
825 914
824 825
824 915
824 916
823 824
823 917
823 918
822 823
822 919
822 920
821 822
821 921
821 922
820 821
820 923
820 924
819 820
819 925
819 926
818 819
818 927
818 928
817 818
817 929
817 930
816 817
816 931
816 932
815 816
815 933
815 934
814 815
814 935
814 936
813 814
813 937
813 938
812 813
812 939
812 940
811 812
811 941
811 942
810 811
810 943
810 944
809 810
809 945
809 946
808 809
808 947
808 948
807 808
807 949
807 950
806 807
806 951
806 952
805 806
805 953
805 954
804 805
804 955
804 956
803 804
803 957
803 958
802 803
802 959
802 960
801 802
801 961
801 962
800 801
800 963
800 964
799 800
799 965
799 966
798 799
798 967
798 968
797 798
797 969
797 970
796 797
796 971
796 972
795 796
795 973
795 974
794 795
794 975
794 976
793 794
793 977
793 978
792 793
792 979
792 980
791 792
791 981
791 982
790 791
790 983
790 984
789 790
789 985
789 986
788 789
788 987
788 988
787 788
787 989
787 990
786 787
786 991
786 992
785 786
785 993
785 994
784 785
784 995
784 996
783 784
783 997
783 998
782 783
782 999
782 1000
781 782
781 1001
781 1002
780 781
780 1003
780 1004
779 780
779 1005
779 1006
778 779
778 1007
778 1008
777 778
777 1009
777 1010
776 777
776 1011
776 1012
775 776
775 1013
775 1014
774 775
774 1015
774 1016
773 774
773 1017
773 1018
772 773
772 1019
772 1020
771 772
771 1021
771 1022
770 771
770 1023
770 1024
769 770
769 1025
769 1026
768 769
768 1027
768 1028
767 768
767 1029
767 1030
766 767
766 1031
766 1032
765 766
765 1033
765 1034
764 765
764 1035
764 1036
763 764
763 1037
763 1038
762 763
762 1039
762 1040
761 762
761 1041
761 1042
760 761
760 1043
760 1044
759 760
759 1045
759 1046
758 759
758 1047
758 1048
757 758
757 1049
757 1050
756 757
756 1051
756 1052
755 756
755 1053
755 1054
754 755
754 1055
754 1056
753 754
753 1057
753 1058
752 753
752 1059
752 1060
751 752
751 1061
751 1062
750 751
750 1063
750 1064
749 750
749 1065
749 1066
748 749
748 1067
748 1068
747 748
747 1069
747 1070
746 747
746 1071
746 1072
745 746
745 1073
745 1074
744 745
744 1075
744 1076
743 744
743 1077
743 1078
742 743
742 1079
742 1080
741 742
741 1081
741 1082
740 741
740 1083
740 1084
739 740
739 1085
739 1086
738 739
738 1087
738 1088
737 738
737 1089
737 1090
736 737
736 1091
736 1092
735 736
735 1093
735 1094
734 735
734 1095
734 1096
733 734
733 1097
733 1098
732 733
732 1099
732 1100
731 732
731 1101
731 1102
730 731
730 1103
730 1104
729 730
729 1105
729 1106
728 729
728 1107
728 1108
727 728
727 1109
727 1110
726 727
726 1111
726 1112
725 726
725 1113
725 1114
724 725
724 1115
724 1116
723 724
723 1117
723 1118
722 723
722 1119
722 1120
721 722
721 1121
721 1122
720 721
720 1123
720 1124
719 720
719 1125
719 1126
718 719
718 1127
718 1128
717 718
717 1129
717 1130
716 717
716 1131
716 1132
715 716
715 1133
715 1134
714 715
714 1135
714 1136
713 714
713 1137
713 1138
712 713
712 1139
712 1140
711 712
711 1141
711 1142
710 711
710 1143
710 1144
709 710
709 1145
709 1146
708 709
708 1147
708 1148
707 708
707 1149
707 1150
706 707
706 1151
706 1152
705 706
705 1153
705 1154
704 705
704 1155
704 1156
703 704
703 1157
703 1158
702 703
702 1159
702 1160
701 702
701 1161
701 1162
700 701
700 1163
700 1164
699 700
699 1165
699 1166
698 699
698 1167
698 1168
697 698
697 1169
697 1170
696 697
696 1171
696 1172
695 696
695 1173
695 1174
694 695
694 1175
694 1176
693 694
693 1177
693 1178
692 693
692 1179
692 1180
691 692
691 1181
691 1182
690 691
690 1183
690 1184
689 690
689 1185
689 1186
688 689
688 1187
688 1188
687 688
687 1189
687 1190
686 687
686 1191
686 1192
685 686
685 1193
685 1194
684 685
684 1195
684 1196
683 684
683 1197
683 1198
682 683
682 1199
682 1200
681 682
681 1201
681 1202
680 681
680 1203
680 1204
679 680
679 1205
679 1206
678 679
678 1207
678 1208
677 678
677 1209
677 1210
676 677
676 1211
676 1212
675 676
675 1213
675 1214
674 675
674 1215
674 1216
673 674
673 1217
673 1218
672 673
672 1219
672 1220
671 672
671 1221
671 1222
670 671
670 1223
670 1224
669 670
669 1225
669 1226
668 669
668 1227
668 1228
667 668
667 1229
667 1230
666 667
666 1231
666 1232
665 666
665 1233
665 1234
664 665
664 1235
664 1236
663 664
663 1237
663 1238
662 663
662 1239
662 1240
661 662
661 1241
661 1242
660 661
660 1243
660 1244
659 660
659 1245
659 1246
658 659
658 1247
658 1248
657 658
657 1249
657 1250
656 657
656 1251
656 1252
655 656
655 1253
655 1254
654 655
654 1255
654 1256
653 654
653 1257
653 1258
652 653
652 1259
652 1260
651 652
651 1261
651 1262
650 651
650 1263
650 1264
649 650
649 1265
649 1266
648 649
648 1267
648 1268
647 648
647 1269
647 1270
646 647
646 1271
646 1272
645 646
645 1273
645 1274
644 645
644 1275
644 1276
643 644
643 1277
643 1278
642 643
642 1279
642 1280
641 642
641 1281
641 1282
640 641
640 1283
640 1284
639 640
639 1285
639 1286
638 639
638 1287
638 1288
637 638
637 1289
637 1290
636 637
636 1291
636 1292
635 636
635 1293
635 1294
634 635
634 1295
634 1296
633 634
633 1297
633 1298
632 633
632 1299
632 1300
631 632
631 1301
631 1302
630 631
630 1303
630 1304
629 630
629 1305
629 1306
628 629
628 1307
628 1308
627 628
627 1309
627 1310
626 627
626 1311
626 1312
625 626
625 1313
625 1314
624 625
624 1315
624 1316
623 624
623 1317
623 1318
622 623
622 1319
622 1320
621 622
621 1321
621 1322
620 621
620 1323
620 1324
619 620
619 1325
619 1326
618 619
618 1327
618 1328
617 618
617 1329
617 1330
616 617
616 1331
616 1332
615 616
615 1333
615 1334
614 615
614 1335
614 1336
613 614
613 1337
613 1338
612 613
612 1339
612 1340
611 612
611 1341
611 1342
610 611
610 1343
610 1344
609 610
609 1345
609 1346
608 609
608 1347
608 1348
607 608
607 1349
607 1350
606 607
606 1351
606 1352
605 606
605 1353
605 1354
604 605
604 1355
604 1356
603 604
603 1357
603 1358
602 603
602 1359
602 1360
601 602
601 1361
601 1362
600 601
600 1363
600 1364
599 600
599 1365
599 1366
598 599
598 1367
598 1368
597 598
597 1369
597 1370
596 597
596 1371
596 1372
595 596
595 1373
595 1374
594 595
594 1375
594 1376
593 594
593 1377
593 1378
592 593
592 1379
592 1380
591 592
591 1381
591 1382
590 591
590 1383
590 1384
589 590
589 1385
589 1386
588 589
588 1387
588 1388
587 588
587 1389
587 1390
586 587
586 1391
586 1392
585 586
585 1393
585 1394
584 585
584 1395
584 1396
583 584
583 1397
583 1398
582 583
582 1399
582 1400
581 582
581 1401
581 1402
580 581
580 1403
580 1404
579 580
579 1405
579 1406
578 579
578 1407
578 1408
577 578
577 1409
577 1410
576 577
576 1411
576 1412
575 576
575 1413
575 1414
574 575
574 1415
574 1416
573 574
573 1417
573 1418
572 573
572 1419
572 1420
571 572
571 1421
571 1422
570 571
570 1423
570 1424
569 570
569 1425
569 1426
568 569
568 1427
568 1428
567 568
567 1429
567 1430
566 567
566 1431
566 1432
565 566
565 1433
565 1434
564 565
564 1435
564 1436
563 564
563 1437
563 1438
562 563
562 1439
562 1440
561 562
561 1441
561 1442
560 561
560 1443
560 1444
559 560
559 1445
559 1446
558 559
558 1447
558 1448
557 558
557 1449
557 1450
556 557
556 1451
556 1452
555 556
555 1453
555 1454
554 555
554 1455
554 1456
553 554
553 1457
553 1458
552 553
552 1459
552 1460
551 552
551 1461
551 1462
550 551
550 1463
550 1464
549 550
549 1465
549 1466
548 549
548 1467
548 1468
547 548
547 1469
547 1470
546 547
546 1471
546 1472
545 546
545 1473
545 1474
544 545
544 1475
544 1476
543 544
543 1477
543 1478
542 543
542 1479
542 1480
541 542
541 1481
541 1482
540 541
540 1483
540 1484
539 540
539 1485
539 1486
538 539
538 1487
538 1488
537 538
537 1489
537 1490
536 537
536 1491
536 1492
535 536
535 1493
535 1494
534 535
534 1495
534 1496
533 534
533 1497
533 1498
532 533
532 1499
532 1500
531 532
531 1501
531 1502
530 531
530 1503
530 1504
529 530
529 1505
529 1506
528 529
528 1507
528 1508
527 528
527 1509
527 1510
526 527
526 1511
526 1512
525 526
525 1513
525 1514
524 525
524 1515
524 1516
523 524
523 1517
523 1518
522 523
522 1519
522 1520
521 522
521 1521
521 1522
520 521
520 1523
520 1524
519 520
519 1525
519 1526
518 519
518 1527
518 1528
517 518
517 1529
517 1530
516 517
516 1531
516 1532
515 516
515 1533
515 1534
514 515
514 1535
514 1536
513 514
513 1537
513 1538
512 513
512 1539
512 1540
511 512
511 1541
511 1542
510 511
510 1543
510 1544
509 510
509 1545
509 1546
508 509
508 1547
508 1548
507 508
507 1549
507 1550
506 507
506 1551
506 1552
505 506
505 1553
505 1554
504 505
504 1555
504 1556
503 504
503 1557
503 1558
502 503
502 1559
502 1560
501 502
501 1561
501 1562
500 501
500 1563
500 1564
499 500
499 1565
499 1566
498 499
498 1567
498 1568
497 498
497 1569
497 1570
496 497
496 1571
496 1572
495 496
495 1573
495 1574
494 495
494 1575
494 1576
493 494
493 1577
493 1578
492 493
492 1579
492 1580
491 492
491 1581
491 1582
490 491
490 1583
490 1584
489 490
489 1585
489 1586
488 489
488 1587
488 1588
487 488
487 1589
487 1590
486 487
486 1591
486 1592
485 486
485 1593
485 1594
484 485
484 1595
484 1596
483 484
483 1597
483 1598
482 483
482 1599
482 1600
481 482
481 1601
481 1602
480 481
480 1603
480 1604
479 480
479 1605
479 1606
478 479
478 1607
478 1608
477 478
477 1609
477 1610
476 477
476 1611
476 1612
475 476
475 1613
475 1614
474 475
474 1615
474 1616
473 474
473 1617
473 1618
472 473
472 1619
472 1620
471 472
471 1621
471 1622
470 471
470 1623
470 1624
469 470
469 1625
469 1626
468 469
468 1627
468 1628
467 468
467 1629
467 1630
466 467
466 1631
466 1632
465 466
465 1633
465 1634
464 465
464 1635
464 1636
463 464
463 1637
463 1638
462 463
462 1639
462 1640
461 462
461 1641
461 1642
460 461
460 1643
460 1644
459 460
459 1645
459 1646
458 459
458 1647
458 1648
457 458
457 1649
457 1650
456 457
456 1651
456 1652
455 456
455 1653
455 1654
454 455
454 1655
454 1656
453 454
453 1657
453 1658
452 453
452 1659
452 1660
451 452
451 1661
451 1662
450 451
450 1663
450 1664
449 450
449 1665
449 1666
448 449
448 1667
448 1668
447 448
447 1669
447 1670
446 447
446 1671
446 1672
445 446
445 1673
445 1674
444 445
444 1675
444 1676
443 444
443 1677
443 1678
442 443
442 1679
442 1680
441 442
441 1681
441 1682
440 441
440 1683
440 1684
439 440
439 1685
439 1686
438 439
438 1687
438 1688
437 438
437 1689
437 1690
436 437
436 1691
436 1692
435 436
435 1693
435 1694
434 435
434 1695
434 1696
433 434
433 1697
433 1698
432 433
432 1699
432 1700
431 432
431 1701
431 1702
430 431
430 1703
430 1704
429 430
429 1705
429 1706
428 429
428 1707
428 1708
427 428
427 1709
427 1710
426 427
426 1711
426 1712
425 426
425 1713
425 1714
424 425
424 1715
424 1716
423 424
423 1717
423 1718
422 423
422 1719
422 1720
421 422
421 1721
421 1722
420 421
420 1723
420 1724
419 420
419 1725
419 1726
418 419
418 1727
418 1728
417 418
417 1729
417 1730
416 417
416 1731
416 1732
415 416
415 1733
415 1734
414 415
414 1735
414 1736
413 414
413 1737
413 1738
412 413
412 1739
412 1740
411 412
411 1741
411 1742
410 411
410 1743
410 1744
409 410
409 1745
409 1746
408 409
408 1747
408 1748
407 408
407 1749
407 1750
406 407
406 1751
406 1752
405 406
405 1753
405 1754
404 405
404 1755
404 1756
403 404
403 1757
403 1758
402 403
402 1759
402 1760
401 402
401 1761
401 1762
400 401
400 1763
400 1764
399 400
399 1765
399 1766
398 399
398 1767
398 1768
397 398
397 1769
397 1770
396 397
396 1771
396 1772
395 396
395 1773
395 1774
394 395
394 1775
394 1776
393 394
393 1777
393 1778
392 393
392 1779
392 1780
391 392
391 1781
391 1782
390 391
390 1783
390 1784
389 390
389 1785
389 1786
388 389
388 1787
388 1788
387 388
387 1789
387 1790
386 387
386 1791
386 1792
385 386
385 1793
385 1794
384 385
384 1795
384 1796
383 384
383 1797
383 1798
382 383
382 1799
382 1800
381 382
381 1801
381 1802
380 381
380 1803
380 1804
379 380
379 1805
379 1806
378 379
378 1807
378 1808
377 378
377 1809
377 1810
376 377
376 1811
376 1812
375 376
375 1813
375 1814
374 375
374 1815
374 1816
373 374
373 1817
373 1818
372 373
372 1819
372 1820
371 372
371 1821
371 1822
370 371
370 1823
370 1824
369 370
369 1825
369 1826
368 369
368 1827
368 1828
367 368
367 1829
367 1830
366 367
366 1831
366 1832
365 366
365 1833
365 1834
364 365
364 1835
364 1836
363 364
363 1837
363 1838
362 363
362 1839
362 1840
361 362
361 1841
361 1842
360 361
360 1843
360 1844
359 360
359 1845
359 1846
358 359
358 1847
358 1848
357 358
357 1849
357 1850
356 357
356 1851
356 1852
355 356
355 1853
355 1854
354 355
354 1855
354 1856
353 354
353 1857
353 1858
352 353
352 1859
352 1860
351 352
351 1861
351 1862
350 351
350 1863
350 1864
349 350
349 1865
349 1866
348 349
348 1867
348 1868
347 348
347 1869
347 1870
346 347
346 1871
346 1872
345 346
345 1873
345 1874
344 345
344 1875
344 1876
343 344
343 1877
343 1878
342 343
342 1879
342 1880
341 342
341 1881
341 1882
340 341
340 1883
340 1884
339 340
339 1885
339 1886
338 339
338 1887
338 1888
337 338
337 1889
337 1890
336 337
336 1891
336 1892
335 336
335 1893
335 1894
334 335
334 1895
334 1896
333 334
333 1897
333 1898
332 333
332 1899
332 1900
331 332
331 1901
331 1902
330 331
330 1903
330 1904
329 330
329 1905
329 1906
328 329
328 1907
328 1908
327 328
327 1909
327 1910
326 327
326 1911
326 1912
325 326
325 1913
325 1914
324 325
324 1915
324 1916
323 324
323 1917
323 1918
322 323
322 1919
322 1920
321 322
321 1921
321 1922
320 321
320 1923
320 1924
319 320
319 1925
319 1926
318 319
318 1927
318 1928
317 318
317 1929
317 1930
316 317
316 1931
316 1932
315 316
315 1933
315 1934
314 315
314 1935
314 1936
313 314
313 1937
313 1938
312 313
312 1939
312 1940
311 312
311 1941
311 1942
310 311
310 1943
310 1944
309 310
309 1945
309 1946
308 309
308 1947
308 1948
307 308
307 1949
307 1950
306 307
306 1951
306 1952
305 306
305 1953
305 1954
304 305
304 1955
304 1956
303 304
303 1957
303 1958
302 303
302 1959
302 1960
301 302
301 1961
301 1962
300 301
300 1963
300 1964
299 300
299 1965
299 1966
298 299
298 1967
298 1968
297 298
297 1969
297 1970
296 297
296 1971
296 1972
295 296
295 1973
295 1974
294 295
294 1975
294 1976
293 294
293 1977
293 1978
292 293
292 1979
292 1980
291 292
291 1981
291 1982
290 291
290 1983
290 1984
289 290
289 1985
289 1986
288 289
288 1987
288 1988
287 288
287 1989
287 1990
286 287
286 1991
286 1992
285 286
285 1993
285 1994
284 285
284 1995
284 1996
283 284
283 1997
283 1998
282 283
282 1999
282 2000
281 282
281 2001
281 2002
280 281
280 2003
280 2004
279 280
279 2005
279 2006
278 279
278 2007
278 2008
277 278
277 2009
277 2010
276 277
276 2011
276 2012
275 276
275 2013
275 2014
274 275
274 2015
274 2016
273 274
273 2017
273 2018
272 273
272 2019
272 2020
271 272
271 2021
271 2022
270 271
270 2023
270 2024
269 270
269 2025
269 2026
268 269
268 2027
268 2028
267 268
267 2029
267 2030
266 267
266 2031
266 2032
265 266
265 2033
265 2034
264 265
264 2035
264 2036
263 264
263 2037
263 2038
262 263
262 2039
262 2040
261 262
261 2041
261 2042
260 261
260 2043
260 2044
259 260
259 2045
259 2046
258 259
258 2047
258 2048
257 258
257 2049
257 2050
256 257
256 2051
256 2052
255 256
255 2053
255 2054
254 255
254 2055
254 2056
253 254
253 2057
253 2058
252 253
252 2059
252 2060
251 252
251 2061
251 2062
250 251
250 2063
250 2064
249 250
249 2065
249 2066
248 249
248 2067
248 2068
247 248
247 2069
247 2070
246 247
246 2071
246 2072
245 246
245 2073
245 2074
244 245
244 2075
244 2076
243 244
243 2077
243 2078
242 243
242 2079
242 2080
241 242
241 2081
241 2082
240 241
240 2083
240 2084
239 240
239 2085
239 2086
238 239
238 2087
238 2088
237 238
237 2089
237 2090
236 237
236 2091
236 2092
235 236
235 2093
235 2094
234 235
234 2095
234 2096
233 234
233 2097
233 2098
232 233
232 2099
232 2100
231 232
231 2101
231 2102
230 231
230 2103
230 2104
229 230
229 2105
229 2106
228 229
228 2107
228 2108
227 228
227 2109
227 2110
226 227
226 2111
226 2112
225 226
225 2113
225 2114
224 225
224 2115
224 2116
223 224
223 2117
223 2118
222 223
222 2119
222 2120
221 222
221 2121
221 2122
220 221
220 2123
220 2124
219 220
219 2125
219 2126
218 219
218 2127
218 2128
217 218
217 2129
217 2130
216 217
216 2131
216 2132
215 216
215 2133
215 2134
214 215
214 2135
214 2136
213 214
213 2137
213 2138
212 213
212 2139
212 2140
211 212
211 2141
211 2142
210 211
210 2143
210 2144
209 210
209 2145
209 2146
208 209
208 2147
208 2148
207 208
207 2149
207 2150
206 207
206 2151
206 2152
205 206
205 2153
205 2154
204 205
204 2155
204 2156
203 204
203 2157
203 2158
202 203
202 2159
202 2160
201 202
201 2161
201 2162
200 201
200 2163
200 2164
199 200
199 2165
199 2166
198 199
198 2167
198 2168
197 198
197 2169
197 2170
196 197
196 2171
196 2172
195 196
195 2173
195 2174
194 195
194 2175
194 2176
193 194
193 2177
193 2178
192 193
192 2179
192 2180
191 192
191 2181
191 2182
190 191
190 2183
190 2184
189 190
189 2185
189 2186
188 189
188 2187
188 2188
187 188
187 2189
187 2190
186 187
186 2191
186 2192
185 186
185 2193
185 2194
184 185
184 2195
184 2196
183 184
183 2197
183 2198
182 183
182 2199
182 2200
181 182
181 2201
181 2202
180 181
180 2203
180 2204
179 180
179 2205
179 2206
178 179
178 2207
178 2208
177 178
177 2209
177 2210
176 177
176 2211
176 2212
175 176
175 2213
175 2214
174 175
174 2215
174 2216
173 174
173 2217
173 2218
172 173
172 2219
172 2220
171 172
171 2221
171 2222
170 171
170 2223
170 2224
169 170
169 2225
169 2226
168 169
168 2227
168 2228
167 168
167 2229
167 2230
166 167
166 2231
166 2232
165 166
165 2233
165 2234
164 165
164 2235
164 2236
163 164
163 2237
163 2238
162 163
162 2239
162 2240
161 162
161 2241
161 2242
160 161
160 2243
160 2244
159 160
159 2245
159 2246
158 159
158 2247
158 2248
157 158
157 2249
157 2250
156 157
156 2251
156 2252
155 156
155 2253
155 2254
154 155
154 2255
154 2256
153 154
153 2257
153 2258
152 153
152 2259
152 2260
151 152
151 2261
151 2262
150 151
150 2263
150 2264
149 150
149 2265
149 2266
148 149
148 2267
148 2268
147 148
147 2269
147 2270
146 147
146 2271
146 2272
145 146
145 2273
145 2274
144 145
144 2275
144 2276
143 144
143 2277
143 2278
142 143
142 2279
142 2280
141 142
141 2281
141 2282
140 141
140 2283
140 2284
139 140
139 2285
139 2286
138 139
138 2287
138 2288
137 138
137 2289
137 2290
136 137
136 2291
136 2292
135 136
135 2293
135 2294
134 135
134 2295
134 2296
133 134
133 2297
133 2298
132 133
132 2299
132 2300
131 132
131 2301
131 2302
130 131
130 2303
130 2304
129 130
129 2305
129 2306
128 129
128 2307
128 2308
127 128
127 2309
127 2310
126 127
126 2311
126 2312
125 126
125 2313
125 2314
124 125
124 2315
124 2316
123 124
123 2317
123 2318
122 123
122 2319
122 2320
121 122
121 2321
121 2322
120 121
120 2323
120 2324
119 120
119 2325
119 2326
118 119
118 2327
118 2328
117 118
117 2329
117 2330
116 117
116 2331
116 2332
115 116
115 2333
115 2334
114 115
114 2335
114 2336
113 114
113 2337
113 2338
112 113
112 2339
112 2340
111 112
111 2341
111 2342
110 111
110 2343
110 2344
109 110
109 2345
109 2346
108 109
108 2347
108 2348
107 108
107 2349
107 2350
106 107
106 2351
106 2352
105 106
105 2353
105 2354
104 105
104 2355
104 2356
103 104
103 2357
103 2358
102 103
102 2359
102 2360
101 102
101 2361
101 2362
100 101
100 2363
100 2364
99 100
99 2365
99 2366
98 99
98 2367
98 2368
97 98
97 2369
97 2370
96 97
96 2371
96 2372
95 96
95 2373
95 2374
94 95
94 2375
94 2376
93 94
93 2377
93 2378
92 93
92 2379
92 2380
91 92
91 2381
91 2382
90 91
90 2383
90 2384
89 90
89 2385
89 2386
88 89
88 2387
88 2388
87 88
87 2389
87 2390
86 87
86 2391
86 2392
85 86
85 2393
85 2394
84 85
84 2395
84 2396
83 84
83 2397
83 2398
82 83
82 2399
82 2400
81 82
81 2401
81 2402
80 81
80 2403
80 2404
79 80
79 2405
79 2406
78 79
78 2407
78 2408
77 78
77 2409
77 2410
76 77
76 2411
76 2412
75 76
75 2413
75 2414
74 75
74 2415
74 2416
73 74
73 2417
73 2418
72 73
72 2419
72 2420
71 72
71 2421
71 2422
70 71
70 2423
70 2424
69 70
69 2425
69 2426
68 69
68 2427
68 2428
67 68
67 2429
67 2430
66 67
66 2431
66 2432
65 66
65 2433
65 2434
64 65
64 2435
64 2436
63 64
63 2437
63 2438
62 63
62 2439
62 2440
61 62
61 2441
61 2442
60 61
60 2443
60 2444
59 60
59 2445
59 2446
58 59
58 2447
58 2448
57 58
57 2449
57 2450
56 57
56 2451
56 2452
55 56
55 2453
55 2454
54 55
54 2455
54 2456
53 54
53 2457
53 2458
52 53
52 2459
52 2460
51 52
51 2461
51 2462
50 51
50 2463
50 2464
49 50
49 2465
49 2466
48 49
48 2467
48 2468
47 48
47 2469
47 2470
46 47
46 2471
46 2472
45 46
45 2473
45 2474
44 45
44 2475
44 2476
43 44
43 2477
43 2478
42 43
42 2479
42 2480
41 42
41 2481
41 2482
40 41
40 2483
40 2484
39 40
39 2485
39 2486
38 39
38 2487
38 2488
37 38
37 2489
37 2490
36 37
36 2491
36 2492
35 36
35 2493
35 2494
34 35
34 2495
34 2496
33 34
33 2497
33 2498
32 33
32 2499
32 2500
31 32
31 2501
31 2502
30 31
30 2503
30 2504
29 30
29 2505
29 2506
28 29
28 2507
28 2508
27 28
27 2509
27 2510
26 27
26 2511
26 2512
25 26
25 2513
25 2514
24 25
24 2515
24 2516
23 24
23 2517
23 2518
22 23
22 2519
22 2520
21 22
21 2521
21 2522
20 21
20 2523
20 2524
19 20
19 2525
19 2526
18 19
18 2527
18 2528
17 18
17 2529
17 2530
16 17
16 2531
16 2532
15 16
15 2533
15 2534
14 15
14 2535
14 2536
13 14
13 2537
13 2538
12 13
12 2539
12 2540
11 12
11 2541
11 2542
10 11
10 2543
10 2544
9 10
9 2545
9 2546
8 9
8 2547
8 2548
7 8
7 2549
7 2550
6 7
6 2551
6 2552
5 6
5 2553
5 2554
4 5
4 2555
4 2556
3 4
3 2557
3 2558
2 3
2 2559
2 2560
1 2
1 2561
1 2562
1 2563
