2756 65276248
1378 1379
1378 1380
1377 1378
1377 1381
1376 1377
1376 1382
1375 1376
1375 1383
1374 1375
1374 1384
1373 1374
1373 1385
1372 1373
1372 1386
1371 1372
1371 1387
1370 1371
1370 1388
1369 1370
1369 1389
1368 1369
1368 1390
1367 1368
1367 1391
1366 1367
1366 1392
1365 1366
1365 1393
1364 1365
1364 1394
1363 1364
1363 1395
1362 1363
1362 1396
1361 1362
1361 1397
1360 1361
1360 1398
1359 1360
1359 1399
1358 1359
1358 1400
1357 1358
1357 1401
1356 1357
1356 1402
1355 1356
1355 1403
1354 1355
1354 1404
1353 1354
1353 1405
1352 1353
1352 1406
1351 1352
1351 1407
1350 1351
1350 1408
1349 1350
1349 1409
1348 1349
1348 1410
1347 1348
1347 1411
1346 1347
1346 1412
1345 1346
1345 1413
1344 1345
1344 1414
1343 1344
1343 1415
1342 1343
1342 1416
1341 1342
1341 1417
1340 1341
1340 1418
1339 1340
1339 1419
1338 1339
1338 1420
1337 1338
1337 1421
1336 1337
1336 1422
1335 1336
1335 1423
1334 1335
1334 1424
1333 1334
1333 1425
1332 1333
1332 1426
1331 1332
1331 1427
1330 1331
1330 1428
1329 1330
1329 1429
1328 1329
1328 1430
1327 1328
1327 1431
1326 1327
1326 1432
1325 1326
1325 1433
1324 1325
1324 1434
1323 1324
1323 1435
1322 1323
1322 1436
1321 1322
1321 1437
1320 1321
1320 1438
1319 1320
1319 1439
1318 1319
1318 1440
1317 1318
1317 1441
1316 1317
1316 1442
1315 1316
1315 1443
1314 1315
1314 1444
1313 1314
1313 1445
1312 1313
1312 1446
1311 1312
1311 1447
1310 1311
1310 1448
1309 1310
1309 1449
1308 1309
1308 1450
1307 1308
1307 1451
1306 1307
1306 1452
1305 1306
1305 1453
1304 1305
1304 1454
1303 1304
1303 1455
1302 1303
1302 1456
1301 1302
1301 1457
1300 1301
1300 1458
1299 1300
1299 1459
1298 1299
1298 1460
1297 1298
1297 1461
1296 1297
1296 1462
1295 1296
1295 1463
1294 1295
1294 1464
1293 1294
1293 1465
1292 1293
1292 1466
1291 1292
1291 1467
1290 1291
1290 1468
1289 1290
1289 1469
1288 1289
1288 1470
1287 1288
1287 1471
1286 1287
1286 1472
1285 1286
1285 1473
1284 1285
1284 1474
1283 1284
1283 1475
1282 1283
1282 1476
1281 1282
1281 1477
1280 1281
1280 1478
1279 1280
1279 1479
1278 1279
1278 1480
1277 1278
1277 1481
1276 1277
1276 1482
1275 1276
1275 1483
1274 1275
1274 1484
1273 1274
1273 1485
1272 1273
1272 1486
1271 1272
1271 1487
1270 1271
1270 1488
1269 1270
1269 1489
1268 1269
1268 1490
1267 1268
1267 1491
1266 1267
1266 1492
1265 1266
1265 1493
1264 1265
1264 1494
1263 1264
1263 1495
1262 1263
1262 1496
1261 1262
1261 1497
1260 1261
1260 1498
1259 1260
1259 1499
1258 1259
1258 1500
1257 1258
1257 1501
1256 1257
1256 1502
1255 1256
1255 1503
1254 1255
1254 1504
1253 1254
1253 1505
1252 1253
1252 1506
1251 1252
1251 1507
1250 1251
1250 1508
1249 1250
1249 1509
1248 1249
1248 1510
1247 1248
1247 1511
1246 1247
1246 1512
1245 1246
1245 1513
1244 1245
1244 1514
1243 1244
1243 1515
1242 1243
1242 1516
1241 1242
1241 1517
1240 1241
1240 1518
1239 1240
1239 1519
1238 1239
1238 1520
1237 1238
1237 1521
1236 1237
1236 1522
1235 1236
1235 1523
1234 1235
1234 1524
1233 1234
1233 1525
1232 1233
1232 1526
1231 1232
1231 1527
1230 1231
1230 1528
1229 1230
1229 1529
1228 1229
1228 1530
1227 1228
1227 1531
1226 1227
1226 1532
1225 1226
1225 1533
1224 1225
1224 1534
1223 1224
1223 1535
1222 1223
1222 1536
1221 1222
1221 1537
1220 1221
1220 1538
1219 1220
1219 1539
1218 1219
1218 1540
1217 1218
1217 1541
1216 1217
1216 1542
1215 1216
1215 1543
1214 1215
1214 1544
1213 1214
1213 1545
1212 1213
1212 1546
1211 1212
1211 1547
1210 1211
1210 1548
1209 1210
1209 1549
1208 1209
1208 1550
1207 1208
1207 1551
1206 1207
1206 1552
1205 1206
1205 1553
1204 1205
1204 1554
1203 1204
1203 1555
1202 1203
1202 1556
1201 1202
1201 1557
1200 1201
1200 1558
1199 1200
1199 1559
1198 1199
1198 1560
1197 1198
1197 1561
1196 1197
1196 1562
1195 1196
1195 1563
1194 1195
1194 1564
1193 1194
1193 1565
1192 1193
1192 1566
1191 1192
1191 1567
1190 1191
1190 1568
1189 1190
1189 1569
1188 1189
1188 1570
1187 1188
1187 1571
1186 1187
1186 1572
1185 1186
1185 1573
1184 1185
1184 1574
1183 1184
1183 1575
1182 1183
1182 1576
1181 1182
1181 1577
1180 1181
1180 1578
1179 1180
1179 1579
1178 1179
1178 1580
1177 1178
1177 1581
1176 1177
1176 1582
1175 1176
1175 1583
1174 1175
1174 1584
1173 1174
1173 1585
1172 1173
1172 1586
1171 1172
1171 1587
1170 1171
1170 1588
1169 1170
1169 1589
1168 1169
1168 1590
1167 1168
1167 1591
1166 1167
1166 1592
1165 1166
1165 1593
1164 1165
1164 1594
1163 1164
1163 1595
1162 1163
1162 1596
1161 1162
1161 1597
1160 1161
1160 1598
1159 1160
1159 1599
1158 1159
1158 1600
1157 1158
1157 1601
1156 1157
1156 1602
1155 1156
1155 1603
1154 1155
1154 1604
1153 1154
1153 1605
1152 1153
1152 1606
1151 1152
1151 1607
1150 1151
1150 1608
1149 1150
1149 1609
1148 1149
1148 1610
1147 1148
1147 1611
1146 1147
1146 1612
1145 1146
1145 1613
1144 1145
1144 1614
1143 1144
1143 1615
1142 1143
1142 1616
1141 1142
1141 1617
1140 1141
1140 1618
1139 1140
1139 1619
1138 1139
1138 1620
1137 1138
1137 1621
1136 1137
1136 1622
1135 1136
1135 1623
1134 1135
1134 1624
1133 1134
1133 1625
1132 1133
1132 1626
1131 1132
1131 1627
1130 1131
1130 1628
1129 1130
1129 1629
1128 1129
1128 1630
1127 1128
1127 1631
1126 1127
1126 1632
1125 1126
1125 1633
1124 1125
1124 1634
1123 1124
1123 1635
1122 1123
1122 1636
1121 1122
1121 1637
1120 1121
1120 1638
1119 1120
1119 1639
1118 1119
1118 1640
1117 1118
1117 1641
1116 1117
1116 1642
1115 1116
1115 1643
1114 1115
1114 1644
1113 1114
1113 1645
1112 1113
1112 1646
1111 1112
1111 1647
1110 1111
1110 1648
1109 1110
1109 1649
1108 1109
1108 1650
1107 1108
1107 1651
1106 1107
1106 1652
1105 1106
1105 1653
1104 1105
1104 1654
1103 1104
1103 1655
1102 1103
1102 1656
1101 1102
1101 1657
1100 1101
1100 1658
1099 1100
1099 1659
1098 1099
1098 1660
1097 1098
1097 1661
1096 1097
1096 1662
1095 1096
1095 1663
1094 1095
1094 1664
1093 1094
1093 1665
1092 1093
1092 1666
1091 1092
1091 1667
1090 1091
1090 1668
1089 1090
1089 1669
1088 1089
1088 1670
1087 1088
1087 1671
1086 1087
1086 1672
1085 1086
1085 1673
1084 1085
1084 1674
1083 1084
1083 1675
1082 1083
1082 1676
1081 1082
1081 1677
1080 1081
1080 1678
1079 1080
1079 1679
1078 1079
1078 1680
1077 1078
1077 1681
1076 1077
1076 1682
1075 1076
1075 1683
1074 1075
1074 1684
1073 1074
1073 1685
1072 1073
1072 1686
1071 1072
1071 1687
1070 1071
1070 1688
1069 1070
1069 1689
1068 1069
1068 1690
1067 1068
1067 1691
1066 1067
1066 1692
1065 1066
1065 1693
1064 1065
1064 1694
1063 1064
1063 1695
1062 1063
1062 1696
1061 1062
1061 1697
1060 1061
1060 1698
1059 1060
1059 1699
1058 1059
1058 1700
1057 1058
1057 1701
1056 1057
1056 1702
1055 1056
1055 1703
1054 1055
1054 1704
1053 1054
1053 1705
1052 1053
1052 1706
1051 1052
1051 1707
1050 1051
1050 1708
1049 1050
1049 1709
1048 1049
1048 1710
1047 1048
1047 1711
1046 1047
1046 1712
1045 1046
1045 1713
1044 1045
1044 1714
1043 1044
1043 1715
1042 1043
1042 1716
1041 1042
1041 1717
1040 1041
1040 1718
1039 1040
1039 1719
1038 1039
1038 1720
1037 1038
1037 1721
1036 1037
1036 1722
1035 1036
1035 1723
1034 1035
1034 1724
1033 1034
1033 1725
1032 1033
1032 1726
1031 1032
1031 1727
1030 1031
1030 1728
1029 1030
1029 1729
1028 1029
1028 1730
1027 1028
1027 1731
1026 1027
1026 1732
1025 1026
1025 1733
1024 1025
1024 1734
1023 1024
1023 1735
1022 1023
1022 1736
1021 1022
1021 1737
1020 1021
1020 1738
1019 1020
1019 1739
1018 1019
1018 1740
1017 1018
1017 1741
1016 1017
1016 1742
1015 1016
1015 1743
1014 1015
1014 1744
1013 1014
1013 1745
1012 1013
1012 1746
1011 1012
1011 1747
1010 1011
1010 1748
1009 1010
1009 1749
1008 1009
1008 1750
1007 1008
1007 1751
1006 1007
1006 1752
1005 1006
1005 1753
1004 1005
1004 1754
1003 1004
1003 1755
1002 1003
1002 1756
1001 1002
1001 1757
1000 1001
1000 1758
999 1000
999 1759
998 999
998 1760
997 998
997 1761
996 997
996 1762
995 996
995 1763
994 995
994 1764
993 994
993 1765
992 993
992 1766
991 992
991 1767
990 991
990 1768
989 990
989 1769
988 989
988 1770
987 988
987 1771
986 987
986 1772
985 986
985 1773
984 985
984 1774
983 984
983 1775
982 983
982 1776
981 982
981 1777
980 981
980 1778
979 980
979 1779
978 979
978 1780
977 978
977 1781
976 977
976 1782
975 976
975 1783
974 975
974 1784
973 974
973 1785
972 973
972 1786
971 972
971 1787
970 971
970 1788
969 970
969 1789
968 969
968 1790
967 968
967 1791
966 967
966 1792
965 966
965 1793
964 965
964 1794
963 964
963 1795
962 963
962 1796
961 962
961 1797
960 961
960 1798
959 960
959 1799
958 959
958 1800
957 958
957 1801
956 957
956 1802
955 956
955 1803
954 955
954 1804
953 954
953 1805
952 953
952 1806
951 952
951 1807
950 951
950 1808
949 950
949 1809
948 949
948 1810
947 948
947 1811
946 947
946 1812
945 946
945 1813
944 945
944 1814
943 944
943 1815
942 943
942 1816
941 942
941 1817
940 941
940 1818
939 940
939 1819
938 939
938 1820
937 938
937 1821
936 937
936 1822
935 936
935 1823
934 935
934 1824
933 934
933 1825
932 933
932 1826
931 932
931 1827
930 931
930 1828
929 930
929 1829
928 929
928 1830
927 928
927 1831
926 927
926 1832
925 926
925 1833
924 925
924 1834
923 924
923 1835
922 923
922 1836
921 922
921 1837
920 921
920 1838
919 920
919 1839
918 919
918 1840
917 918
917 1841
916 917
916 1842
915 916
915 1843
914 915
914 1844
913 914
913 1845
912 913
912 1846
911 912
911 1847
910 911
910 1848
909 910
909 1849
908 909
908 1850
907 908
907 1851
906 907
906 1852
905 906
905 1853
904 905
904 1854
903 904
903 1855
902 903
902 1856
901 902
901 1857
900 901
900 1858
899 900
899 1859
898 899
898 1860
897 898
897 1861
896 897
896 1862
895 896
895 1863
894 895
894 1864
893 894
893 1865
892 893
892 1866
891 892
891 1867
890 891
890 1868
889 890
889 1869
888 889
888 1870
887 888
887 1871
886 887
886 1872
885 886
885 1873
884 885
884 1874
883 884
883 1875
882 883
882 1876
881 882
881 1877
880 881
880 1878
879 880
879 1879
878 879
878 1880
877 878
877 1881
876 877
876 1882
875 876
875 1883
874 875
874 1884
873 874
873 1885
872 873
872 1886
871 872
871 1887
870 871
870 1888
869 870
869 1889
868 869
868 1890
867 868
867 1891
866 867
866 1892
865 866
865 1893
864 865
864 1894
863 864
863 1895
862 863
862 1896
861 862
861 1897
860 861
860 1898
859 860
859 1899
858 859
858 1900
857 858
857 1901
856 857
856 1902
855 856
855 1903
854 855
854 1904
853 854
853 1905
852 853
852 1906
851 852
851 1907
850 851
850 1908
849 850
849 1909
848 849
848 1910
847 848
847 1911
846 847
846 1912
845 846
845 1913
844 845
844 1914
843 844
843 1915
842 843
842 1916
841 842
841 1917
840 841
840 1918
839 840
839 1919
838 839
838 1920
837 838
837 1921
836 837
836 1922
835 836
835 1923
834 835
834 1924
833 834
833 1925
832 833
832 1926
831 832
831 1927
830 831
830 1928
829 830
829 1929
828 829
828 1930
827 828
827 1931
826 827
826 1932
825 826
825 1933
824 825
824 1934
823 824
823 1935
822 823
822 1936
821 822
821 1937
820 821
820 1938
819 820
819 1939
818 819
818 1940
817 818
817 1941
816 817
816 1942
815 816
815 1943
814 815
814 1944
813 814
813 1945
812 813
812 1946
811 812
811 1947
810 811
810 1948
809 810
809 1949
808 809
808 1950
807 808
807 1951
806 807
806 1952
805 806
805 1953
804 805
804 1954
803 804
803 1955
802 803
802 1956
801 802
801 1957
800 801
800 1958
799 800
799 1959
798 799
798 1960
797 798
797 1961
796 797
796 1962
795 796
795 1963
794 795
794 1964
793 794
793 1965
792 793
792 1966
791 792
791 1967
790 791
790 1968
789 790
789 1969
788 789
788 1970
787 788
787 1971
786 787
786 1972
785 786
785 1973
784 785
784 1974
783 784
783 1975
782 783
782 1976
781 782
781 1977
780 781
780 1978
779 780
779 1979
778 779
778 1980
777 778
777 1981
776 777
776 1982
775 776
775 1983
774 775
774 1984
773 774
773 1985
772 773
772 1986
771 772
771 1987
770 771
770 1988
769 770
769 1989
768 769
768 1990
767 768
767 1991
766 767
766 1992
765 766
765 1993
764 765
764 1994
763 764
763 1995
762 763
762 1996
761 762
761 1997
760 761
760 1998
759 760
759 1999
758 759
758 2000
757 758
757 2001
756 757
756 2002
755 756
755 2003
754 755
754 2004
753 754
753 2005
752 753
752 2006
751 752
751 2007
750 751
750 2008
749 750
749 2009
748 749
748 2010
747 748
747 2011
746 747
746 2012
745 746
745 2013
744 745
744 2014
743 744
743 2015
742 743
742 2016
741 742
741 2017
740 741
740 2018
739 740
739 2019
738 739
738 2020
737 738
737 2021
736 737
736 2022
735 736
735 2023
734 735
734 2024
733 734
733 2025
732 733
732 2026
731 732
731 2027
730 731
730 2028
729 730
729 2029
728 729
728 2030
727 728
727 2031
726 727
726 2032
725 726
725 2033
724 725
724 2034
723 724
723 2035
722 723
722 2036
721 722
721 2037
720 721
720 2038
719 720
719 2039
718 719
718 2040
717 718
717 2041
716 717
716 2042
715 716
715 2043
714 715
714 2044
713 714
713 2045
712 713
712 2046
711 712
711 2047
710 711
710 2048
709 710
709 2049
708 709
708 2050
707 708
707 2051
706 707
706 2052
705 706
705 2053
704 705
704 2054
703 704
703 2055
702 703
702 2056
701 702
701 2057
700 701
700 2058
699 700
699 2059
698 699
698 2060
697 698
697 2061
696 697
696 2062
695 696
695 2063
694 695
694 2064
693 694
693 2065
692 693
692 2066
691 692
691 2067
690 691
690 2068
689 690
689 2069
688 689
688 2070
687 688
687 2071
686 687
686 2072
685 686
685 2073
684 685
684 2074
683 684
683 2075
682 683
682 2076
681 682
681 2077
680 681
680 2078
679 680
679 2079
678 679
678 2080
677 678
677 2081
676 677
676 2082
675 676
675 2083
674 675
674 2084
673 674
673 2085
672 673
672 2086
671 672
671 2087
670 671
670 2088
669 670
669 2089
668 669
668 2090
667 668
667 2091
666 667
666 2092
665 666
665 2093
664 665
664 2094
663 664
663 2095
662 663
662 2096
661 662
661 2097
660 661
660 2098
659 660
659 2099
658 659
658 2100
657 658
657 2101
656 657
656 2102
655 656
655 2103
654 655
654 2104
653 654
653 2105
652 653
652 2106
651 652
651 2107
650 651
650 2108
649 650
649 2109
648 649
648 2110
647 648
647 2111
646 647
646 2112
645 646
645 2113
644 645
644 2114
643 644
643 2115
642 643
642 2116
641 642
641 2117
640 641
640 2118
639 640
639 2119
638 639
638 2120
637 638
637 2121
636 637
636 2122
635 636
635 2123
634 635
634 2124
633 634
633 2125
632 633
632 2126
631 632
631 2127
630 631
630 2128
629 630
629 2129
628 629
628 2130
627 628
627 2131
626 627
626 2132
625 626
625 2133
624 625
624 2134
623 624
623 2135
622 623
622 2136
621 622
621 2137
620 621
620 2138
619 620
619 2139
618 619
618 2140
617 618
617 2141
616 617
616 2142
615 616
615 2143
614 615
614 2144
613 614
613 2145
612 613
612 2146
611 612
611 2147
610 611
610 2148
609 610
609 2149
608 609
608 2150
607 608
607 2151
606 607
606 2152
605 606
605 2153
604 605
604 2154
603 604
603 2155
602 603
602 2156
601 602
601 2157
600 601
600 2158
599 600
599 2159
598 599
598 2160
597 598
597 2161
596 597
596 2162
595 596
595 2163
594 595
594 2164
593 594
593 2165
592 593
592 2166
591 592
591 2167
590 591
590 2168
589 590
589 2169
588 589
588 2170
587 588
587 2171
586 587
586 2172
585 586
585 2173
584 585
584 2174
583 584
583 2175
582 583
582 2176
581 582
581 2177
580 581
580 2178
579 580
579 2179
578 579
578 2180
577 578
577 2181
576 577
576 2182
575 576
575 2183
574 575
574 2184
573 574
573 2185
572 573
572 2186
571 572
571 2187
570 571
570 2188
569 570
569 2189
568 569
568 2190
567 568
567 2191
566 567
566 2192
565 566
565 2193
564 565
564 2194
563 564
563 2195
562 563
562 2196
561 562
561 2197
560 561
560 2198
559 560
559 2199
558 559
558 2200
557 558
557 2201
556 557
556 2202
555 556
555 2203
554 555
554 2204
553 554
553 2205
552 553
552 2206
551 552
551 2207
550 551
550 2208
549 550
549 2209
548 549
548 2210
547 548
547 2211
546 547
546 2212
545 546
545 2213
544 545
544 2214
543 544
543 2215
542 543
542 2216
541 542
541 2217
540 541
540 2218
539 540
539 2219
538 539
538 2220
537 538
537 2221
536 537
536 2222
535 536
535 2223
534 535
534 2224
533 534
533 2225
532 533
532 2226
531 532
531 2227
530 531
530 2228
529 530
529 2229
528 529
528 2230
527 528
527 2231
526 527
526 2232
525 526
525 2233
524 525
524 2234
523 524
523 2235
522 523
522 2236
521 522
521 2237
520 521
520 2238
519 520
519 2239
518 519
518 2240
517 518
517 2241
516 517
516 2242
515 516
515 2243
514 515
514 2244
513 514
513 2245
512 513
512 2246
511 512
511 2247
510 511
510 2248
509 510
509 2249
508 509
508 2250
507 508
507 2251
506 507
506 2252
505 506
505 2253
504 505
504 2254
503 504
503 2255
502 503
502 2256
501 502
501 2257
500 501
500 2258
499 500
499 2259
498 499
498 2260
497 498
497 2261
496 497
496 2262
495 496
495 2263
494 495
494 2264
493 494
493 2265
492 493
492 2266
491 492
491 2267
490 491
490 2268
489 490
489 2269
488 489
488 2270
487 488
487 2271
486 487
486 2272
485 486
485 2273
484 485
484 2274
483 484
483 2275
482 483
482 2276
481 482
481 2277
480 481
480 2278
479 480
479 2279
478 479
478 2280
477 478
477 2281
476 477
476 2282
475 476
475 2283
474 475
474 2284
473 474
473 2285
472 473
472 2286
471 472
471 2287
470 471
470 2288
469 470
469 2289
468 469
468 2290
467 468
467 2291
466 467
466 2292
465 466
465 2293
464 465
464 2294
463 464
463 2295
462 463
462 2296
461 462
461 2297
460 461
460 2298
459 460
459 2299
458 459
458 2300
457 458
457 2301
456 457
456 2302
455 456
455 2303
454 455
454 2304
453 454
453 2305
452 453
452 2306
451 452
451 2307
450 451
450 2308
449 450
449 2309
448 449
448 2310
447 448
447 2311
446 447
446 2312
445 446
445 2313
444 445
444 2314
443 444
443 2315
442 443
442 2316
441 442
441 2317
440 441
440 2318
439 440
439 2319
438 439
438 2320
437 438
437 2321
436 437
436 2322
435 436
435 2323
434 435
434 2324
433 434
433 2325
432 433
432 2326
431 432
431 2327
430 431
430 2328
429 430
429 2329
428 429
428 2330
427 428
427 2331
426 427
426 2332
425 426
425 2333
424 425
424 2334
423 424
423 2335
422 423
422 2336
421 422
421 2337
420 421
420 2338
419 420
419 2339
418 419
418 2340
417 418
417 2341
416 417
416 2342
415 416
415 2343
414 415
414 2344
413 414
413 2345
412 413
412 2346
411 412
411 2347
410 411
410 2348
409 410
409 2349
408 409
408 2350
407 408
407 2351
406 407
406 2352
405 406
405 2353
404 405
404 2354
403 404
403 2355
402 403
402 2356
401 402
401 2357
400 401
400 2358
399 400
399 2359
398 399
398 2360
397 398
397 2361
396 397
396 2362
395 396
395 2363
394 395
394 2364
393 394
393 2365
392 393
392 2366
391 392
391 2367
390 391
390 2368
389 390
389 2369
388 389
388 2370
387 388
387 2371
386 387
386 2372
385 386
385 2373
384 385
384 2374
383 384
383 2375
382 383
382 2376
381 382
381 2377
380 381
380 2378
379 380
379 2379
378 379
378 2380
377 378
377 2381
376 377
376 2382
375 376
375 2383
374 375
374 2384
373 374
373 2385
372 373
372 2386
371 372
371 2387
370 371
370 2388
369 370
369 2389
368 369
368 2390
367 368
367 2391
366 367
366 2392
365 366
365 2393
364 365
364 2394
363 364
363 2395
362 363
362 2396
361 362
361 2397
360 361
360 2398
359 360
359 2399
358 359
358 2400
357 358
357 2401
356 357
356 2402
355 356
355 2403
354 355
354 2404
353 354
353 2405
352 353
352 2406
351 352
351 2407
350 351
350 2408
349 350
349 2409
348 349
348 2410
347 348
347 2411
346 347
346 2412
345 346
345 2413
344 345
344 2414
343 344
343 2415
342 343
342 2416
341 342
341 2417
340 341
340 2418
339 340
339 2419
338 339
338 2420
337 338
337 2421
336 337
336 2422
335 336
335 2423
334 335
334 2424
333 334
333 2425
332 333
332 2426
331 332
331 2427
330 331
330 2428
329 330
329 2429
328 329
328 2430
327 328
327 2431
326 327
326 2432
325 326
325 2433
324 325
324 2434
323 324
323 2435
322 323
322 2436
321 322
321 2437
320 321
320 2438
319 320
319 2439
318 319
318 2440
317 318
317 2441
316 317
316 2442
315 316
315 2443
314 315
314 2444
313 314
313 2445
312 313
312 2446
311 312
311 2447
310 311
310 2448
309 310
309 2449
308 309
308 2450
307 308
307 2451
306 307
306 2452
305 306
305 2453
304 305
304 2454
303 304
303 2455
302 303
302 2456
301 302
301 2457
300 301
300 2458
299 300
299 2459
298 299
298 2460
297 298
297 2461
296 297
296 2462
295 296
295 2463
294 295
294 2464
293 294
293 2465
292 293
292 2466
291 292
291 2467
290 291
290 2468
289 290
289 2469
288 289
288 2470
287 288
287 2471
286 287
286 2472
285 286
285 2473
284 285
284 2474
283 284
283 2475
282 283
282 2476
281 282
281 2477
280 281
280 2478
279 280
279 2479
278 279
278 2480
277 278
277 2481
276 277
276 2482
275 276
275 2483
274 275
274 2484
273 274
273 2485
272 273
272 2486
271 272
271 2487
270 271
270 2488
269 270
269 2489
268 269
268 2490
267 268
267 2491
266 267
266 2492
265 266
265 2493
264 265
264 2494
263 264
263 2495
262 263
262 2496
261 262
261 2497
260 261
260 2498
259 260
259 2499
258 259
258 2500
257 258
257 2501
256 257
256 2502
255 256
255 2503
254 255
254 2504
253 254
253 2505
252 253
252 2506
251 252
251 2507
250 251
250 2508
249 250
249 2509
248 249
248 2510
247 248
247 2511
246 247
246 2512
245 246
245 2513
244 245
244 2514
243 244
243 2515
242 243
242 2516
241 242
241 2517
240 241
240 2518
239 240
239 2519
238 239
238 2520
237 238
237 2521
236 237
236 2522
235 236
235 2523
234 235
234 2524
233 234
233 2525
232 233
232 2526
231 232
231 2527
230 231
230 2528
229 230
229 2529
228 229
228 2530
227 228
227 2531
226 227
226 2532
225 226
225 2533
224 225
224 2534
223 224
223 2535
222 223
222 2536
221 222
221 2537
220 221
220 2538
219 220
219 2539
218 219
218 2540
217 218
217 2541
216 217
216 2542
215 216
215 2543
214 215
214 2544
213 214
213 2545
212 213
212 2546
211 212
211 2547
210 211
210 2548
209 210
209 2549
208 209
208 2550
207 208
207 2551
206 207
206 2552
205 206
205 2553
204 205
204 2554
203 204
203 2555
202 203
202 2556
201 202
201 2557
200 201
200 2558
199 200
199 2559
198 199
198 2560
197 198
197 2561
196 197
196 2562
195 196
195 2563
194 195
194 2564
193 194
193 2565
192 193
192 2566
191 192
191 2567
190 191
190 2568
189 190
189 2569
188 189
188 2570
187 188
187 2571
186 187
186 2572
185 186
185 2573
184 185
184 2574
183 184
183 2575
182 183
182 2576
181 182
181 2577
180 181
180 2578
179 180
179 2579
178 179
178 2580
177 178
177 2581
176 177
176 2582
175 176
175 2583
174 175
174 2584
173 174
173 2585
172 173
172 2586
171 172
171 2587
170 171
170 2588
169 170
169 2589
168 169
168 2590
167 168
167 2591
166 167
166 2592
165 166
165 2593
164 165
164 2594
163 164
163 2595
162 163
162 2596
161 162
161 2597
160 161
160 2598
159 160
159 2599
158 159
158 2600
157 158
157 2601
156 157
156 2602
155 156
155 2603
154 155
154 2604
153 154
153 2605
152 153
152 2606
151 152
151 2607
150 151
150 2608
149 150
149 2609
148 149
148 2610
147 148
147 2611
146 147
146 2612
145 146
145 2613
144 145
144 2614
143 144
143 2615
142 143
142 2616
141 142
141 2617
140 141
140 2618
139 140
139 2619
138 139
138 2620
137 138
137 2621
136 137
136 2622
135 136
135 2623
134 135
134 2624
133 134
133 2625
132 133
132 2626
131 132
131 2627
130 131
130 2628
129 130
129 2629
128 129
128 2630
127 128
127 2631
126 127
126 2632
125 126
125 2633
124 125
124 2634
123 124
123 2635
122 123
122 2636
121 122
121 2637
120 121
120 2638
119 120
119 2639
118 119
118 2640
117 118
117 2641
116 117
116 2642
115 116
115 2643
114 115
114 2644
113 114
113 2645
112 113
112 2646
111 112
111 2647
110 111
110 2648
109 110
109 2649
108 109
108 2650
107 108
107 2651
106 107
106 2652
105 106
105 2653
104 105
104 2654
103 104
103 2655
102 103
102 2656
101 102
101 2657
100 101
100 2658
99 100
99 2659
98 99
98 2660
97 98
97 2661
96 97
96 2662
95 96
95 2663
94 95
94 2664
93 94
93 2665
92 93
92 2666
91 92
91 2667
90 91
90 2668
89 90
89 2669
88 89
88 2670
87 88
87 2671
86 87
86 2672
85 86
85 2673
84 85
84 2674
83 84
83 2675
82 83
82 2676
81 82
81 2677
80 81
80 2678
79 80
79 2679
78 79
78 2680
77 78
77 2681
76 77
76 2682
75 76
75 2683
74 75
74 2684
73 74
73 2685
72 73
72 2686
71 72
71 2687
70 71
70 2688
69 70
69 2689
68 69
68 2690
67 68
67 2691
66 67
66 2692
65 66
65 2693
64 65
64 2694
63 64
63 2695
62 63
62 2696
61 62
61 2697
60 61
60 2698
59 60
59 2699
58 59
58 2700
57 58
57 2701
56 57
56 2702
55 56
55 2703
54 55
54 2704
53 54
53 2705
52 53
52 2706
51 52
51 2707
50 51
50 2708
49 50
49 2709
48 49
48 2710
47 48
47 2711
46 47
46 2712
45 46
45 2713
44 45
44 2714
43 44
43 2715
42 43
42 2716
41 42
41 2717
40 41
40 2718
39 40
39 2719
38 39
38 2720
37 38
37 2721
36 37
36 2722
35 36
35 2723
34 35
34 2724
33 34
33 2725
32 33
32 2726
31 32
31 2727
30 31
30 2728
29 30
29 2729
28 29
28 2730
27 28
27 2731
26 27
26 2732
25 26
25 2733
24 25
24 2734
23 24
23 2735
22 23
22 2736
21 22
21 2737
20 21
20 2738
19 20
19 2739
18 19
18 2740
17 18
17 2741
16 17
16 2742
15 16
15 2743
14 15
14 2744
13 14
13 2745
12 13
12 2746
11 12
11 2747
10 11
10 2748
9 10
9 2749
8 9
8 2750
7 8
7 2751
6 7
6 2752
5 6
5 2753
4 5
4 2754
3 4
3 2755
2 3
2 2756
1 2
1 2757
