2996 191750
2995 2996
2994 2995
2993 2994
2992 2993
2991 2992
2990 2991
2989 2990
2988 2989
2987 2988
2986 2987
2985 2986
2984 2985
2983 2984
2982 2983
2981 2982
2980 2981
2979 2980
2978 2979
2977 2978
2976 2977
2975 2976
2974 2975
2973 2974
2972 2973
2971 2972
2970 2971
2969 2970
2968 2969
2967 2968
2966 2967
2965 2966
2964 2965
2963 2964
2962 2963
2961 2962
2960 2961
2959 2960
2958 2959
2957 2958
2956 2957
2955 2956
2954 2955
2953 2954
2952 2953
2951 2952
2950 2951
2949 2950
2948 2949
2947 2948
2946 2947
2945 2946
2944 2945
2943 2944
2942 2943
2941 2942
2940 2941
2939 2940
2938 2939
2937 2938
2936 2937
2935 2936
2934 2935
2933 2934
2932 2933
2931 2932
2930 2931
2929 2930
2928 2929
2927 2928
2926 2927
2925 2926
2924 2925
2923 2924
2922 2923
2921 2922
2920 2921
2919 2920
2918 2919
2917 2918
2916 2917
2915 2916
2914 2915
2913 2914
2912 2913
2911 2912
2910 2911
2909 2910
2908 2909
2907 2908
2906 2907
2905 2906
2904 2905
2903 2904
2902 2903
2901 2902
2900 2901
2899 2900
2898 2899
2897 2898
2896 2897
2895 2896
2894 2895
2893 2894
2892 2893
2891 2892
2890 2891
2889 2890
2888 2889
2887 2888
2886 2887
2885 2886
2884 2885
2883 2884
2882 2883
2881 2882
2880 2881
2879 2880
2878 2879
2877 2878
2876 2877
2875 2876
2874 2875
2873 2874
2872 2873
2871 2872
2870 2871
2869 2870
2868 2869
2867 2868
2866 2867
2865 2866
2864 2865
2863 2864
2862 2863
2861 2862
2860 2861
2859 2860
2858 2859
2857 2858
2856 2857
2855 2856
2854 2855
2853 2854
2852 2853
2851 2852
2850 2851
2849 2850
2848 2849
2847 2848
2846 2847
2845 2846
2844 2845
2843 2844
2842 2843
2841 2842
2840 2841
2839 2840
2838 2839
2837 2838
2836 2837
2835 2836
2834 2835
2833 2834
2832 2833
2831 2832
2830 2831
2829 2830
2828 2829
2827 2828
2826 2827
2825 2826
2824 2825
2823 2824
2822 2823
2821 2822
2820 2821
2819 2820
2818 2819
2817 2818
2816 2817
2815 2816
2814 2815
2813 2814
2812 2813
2811 2812
2810 2811
2809 2810
2808 2809
2807 2808
2806 2807
2805 2806
2804 2805
2803 2804
2802 2803
2801 2802
2800 2801
2799 2800
2798 2799
2797 2798
2796 2797
2795 2796
2794 2795
2793 2794
2792 2793
2791 2792
2790 2791
2789 2790
2788 2789
2787 2788
2786 2787
2785 2786
2784 2785
2783 2784
2782 2783
2781 2782
2780 2781
2779 2780
2778 2779
2777 2778
2776 2777
2775 2776
2774 2775
2773 2774
2772 2773
2771 2772
2770 2771
2769 2770
2768 2769
2767 2768
2766 2767
2765 2766
2764 2765
2763 2764
2762 2763
2761 2762
2760 2761
2759 2760
2758 2759
2757 2758
2756 2757
2755 2756
2754 2755
2753 2754
2752 2753
2751 2752
2750 2751
2749 2750
2748 2749
2747 2748
2746 2747
2745 2746
2744 2745
2743 2744
2742 2743
2741 2742
2740 2741
2739 2740
2738 2739
2737 2738
2736 2737
2735 2736
2734 2735
2733 2734
2732 2733
2731 2732
2730 2731
2729 2730
2728 2729
2727 2728
2726 2727
2725 2726
2724 2725
2723 2724
2722 2723
2721 2722
2720 2721
2719 2720
2718 2719
2717 2718
2716 2717
2715 2716
2714 2715
2713 2714
2712 2713
2711 2712
2710 2711
2709 2710
2708 2709
2707 2708
2706 2707
2705 2706
2704 2705
2703 2704
2702 2703
2701 2702
2700 2701
2699 2700
2698 2699
2697 2698
2696 2697
2695 2696
2694 2695
2693 2694
2692 2693
2691 2692
2690 2691
2689 2690
2688 2689
2687 2688
2686 2687
2685 2686
2684 2685
2683 2684
2682 2683
2681 2682
2680 2681
2679 2680
2678 2679
2677 2678
2676 2677
2675 2676
2674 2675
2673 2674
2672 2673
2671 2672
2670 2671
2669 2670
2668 2669
2667 2668
2666 2667
2665 2666
2664 2665
2663 2664
2662 2663
2661 2662
2660 2661
2659 2660
2658 2659
2657 2658
2656 2657
2655 2656
2654 2655
2653 2654
2652 2653
2651 2652
2650 2651
2649 2650
2648 2649
2647 2648
2646 2647
2645 2646
2644 2645
2643 2644
2642 2643
2641 2642
2640 2641
2639 2640
2638 2639
2637 2638
2636 2637
2635 2636
2634 2635
2633 2634
2632 2633
2631 2632
2630 2631
2629 2630
2628 2629
2627 2628
2626 2627
2625 2626
2624 2625
2623 2624
2622 2623
2621 2622
2620 2621
2619 2620
2618 2619
2617 2618
2616 2617
2615 2616
2614 2615
2613 2614
2612 2613
2611 2612
2610 2611
2609 2610
2608 2609
2607 2608
2606 2607
2605 2606
2604 2605
2603 2604
2602 2603
2601 2602
2600 2601
2599 2600
2598 2599
2597 2598
2596 2597
2595 2596
2594 2595
2593 2594
2592 2593
2591 2592
2590 2591
2589 2590
2588 2589
2587 2588
2586 2587
2585 2586
2584 2585
2583 2584
2582 2583
2581 2582
2580 2581
2579 2580
2578 2579
2577 2578
2576 2577
2575 2576
2574 2575
2573 2574
2572 2573
2571 2572
2570 2571
2569 2570
2568 2569
2567 2568
2566 2567
2565 2566
2564 2565
2563 2564
2562 2563
2561 2562
2560 2561
2559 2560
2558 2559
2557 2558
2556 2557
2555 2556
2554 2555
2553 2554
2552 2553
2551 2552
2550 2551
2549 2550
2548 2549
2547 2548
2546 2547
2545 2546
2544 2545
2543 2544
2542 2543
2541 2542
2540 2541
2539 2540
2538 2539
2537 2538
2536 2537
2535 2536
2534 2535
2533 2534
2532 2533
2531 2532
2530 2531
2529 2530
2528 2529
2527 2528
2526 2527
2525 2526
2524 2525
2523 2524
2522 2523
2521 2522
2520 2521
2519 2520
2518 2519
2517 2518
2516 2517
2515 2516
2514 2515
2513 2514
2512 2513
2511 2512
2510 2511
2509 2510
2508 2509
2507 2508
2506 2507
2505 2506
2504 2505
2503 2504
2502 2503
2501 2502
2500 2501
2499 2500
2498 2499
2497 2498
2496 2497
2495 2496
2494 2495
2493 2494
2492 2493
2491 2492
2490 2491
2489 2490
2488 2489
2487 2488
2486 2487
2485 2486
2484 2485
2483 2484
2482 2483
2481 2482
2480 2481
2479 2480
2478 2479
2477 2478
2476 2477
2475 2476
2474 2475
2473 2474
2472 2473
2471 2472
2470 2471
2469 2470
2468 2469
2467 2468
2466 2467
2465 2466
2464 2465
2463 2464
2462 2463
2461 2462
2460 2461
2459 2460
2458 2459
2457 2458
2456 2457
2455 2456
2454 2455
2453 2454
2452 2453
2451 2452
2450 2451
2449 2450
2448 2449
2447 2448
2446 2447
2445 2446
2444 2445
2443 2444
2442 2443
2441 2442
2440 2441
2439 2440
2438 2439
2437 2438
2436 2437
2435 2436
2434 2435
2433 2434
2432 2433
2431 2432
2430 2431
2429 2430
2428 2429
2427 2428
2426 2427
2425 2426
2424 2425
2423 2424
2422 2423
2421 2422
2420 2421
2419 2420
2418 2419
2417 2418
2416 2417
2415 2416
2414 2415
2413 2414
2412 2413
2411 2412
2410 2411
2409 2410
2408 2409
2407 2408
2406 2407
2405 2406
2404 2405
2403 2404
2402 2403
2401 2402
2400 2401
2399 2400
2398 2399
2397 2398
2396 2397
2395 2396
2394 2395
2393 2394
2392 2393
2391 2392
2390 2391
2389 2390
2388 2389
2387 2388
2386 2387
2385 2386
2384 2385
2383 2384
2382 2383
2381 2382
2380 2381
2379 2380
2378 2379
2377 2378
2376 2377
2375 2376
2374 2375
2373 2374
2372 2373
2371 2372
2370 2371
2369 2370
2368 2369
2367 2368
2366 2367
2365 2366
2364 2365
2363 2364
2362 2363
2361 2362
2360 2361
2359 2360
2358 2359
2357 2358
2356 2357
2355 2356
2354 2355
2353 2354
2352 2353
2351 2352
2350 2351
2349 2350
2348 2349
2347 2348
2346 2347
2345 2346
2344 2345
2343 2344
2342 2343
2341 2342
2340 2341
2339 2340
2338 2339
2337 2338
2336 2337
2335 2336
2334 2335
2333 2334
2332 2333
2331 2332
2330 2331
2329 2330
2328 2329
2327 2328
2326 2327
2325 2326
2324 2325
2323 2324
2322 2323
2321 2322
2320 2321
2319 2320
2318 2319
2317 2318
2316 2317
2315 2316
2314 2315
2313 2314
2312 2313
2311 2312
2310 2311
2309 2310
2308 2309
2307 2308
2306 2307
2305 2306
2304 2305
2303 2304
2302 2303
2301 2302
2300 2301
2299 2300
2298 2299
2297 2298
2296 2297
2295 2296
2294 2295
2293 2294
2292 2293
2291 2292
2290 2291
2289 2290
2288 2289
2287 2288
2286 2287
2285 2286
2284 2285
2283 2284
2282 2283
2281 2282
2280 2281
2279 2280
2278 2279
2277 2278
2276 2277
2275 2276
2274 2275
2273 2274
2272 2273
2271 2272
2270 2271
2269 2270
2268 2269
2267 2268
2266 2267
2265 2266
2264 2265
2263 2264
2262 2263
2261 2262
2260 2261
2259 2260
2258 2259
2257 2258
2256 2257
2255 2256
2254 2255
2253 2254
2252 2253
2251 2252
2250 2251
2249 2250
2248 2249
2247 2248
2246 2247
2245 2246
2244 2245
2243 2244
2242 2243
2241 2242
2240 2241
2239 2240
2238 2239
2237 2238
2236 2237
2235 2236
2234 2235
2233 2234
2232 2233
2231 2232
2230 2231
2229 2230
2228 2229
2227 2228
2226 2227
2225 2226
2224 2225
2223 2224
2222 2223
2221 2222
2220 2221
2219 2220
2218 2219
2217 2218
2216 2217
2215 2216
2214 2215
2213 2214
2212 2213
2211 2212
2210 2211
2209 2210
2208 2209
2207 2208
2206 2207
2205 2206
2204 2205
2203 2204
2202 2203
2201 2202
2200 2201
2199 2200
2198 2199
2197 2198
2196 2197
2195 2196
2194 2195
2193 2194
2192 2193
2191 2192
2190 2191
2189 2190
2188 2189
2187 2188
2186 2187
2185 2186
2184 2185
2183 2184
2182 2183
2181 2182
2180 2181
2179 2180
2178 2179
2177 2178
2176 2177
2175 2176
2174 2175
2173 2174
2172 2173
2171 2172
2170 2171
2169 2170
2168 2169
2167 2168
2166 2167
2165 2166
2164 2165
2163 2164
2162 2163
2161 2162
2160 2161
2159 2160
2158 2159
2157 2158
2156 2157
2155 2156
2154 2155
2153 2154
2152 2153
2151 2152
2150 2151
2149 2150
2148 2149
2147 2148
2146 2147
2145 2146
2144 2145
2143 2144
2142 2143
2141 2142
2140 2141
2139 2140
2138 2139
2137 2138
2136 2137
2135 2136
2134 2135
2133 2134
2132 2133
2131 2132
2130 2131
2129 2130
2128 2129
2127 2128
2126 2127
2125 2126
2124 2125
2123 2124
2122 2123
2121 2122
2120 2121
2119 2120
2118 2119
2117 2118
2116 2117
2115 2116
2114 2115
2113 2114
2112 2113
2111 2112
2110 2111
2109 2110
2108 2109
2107 2108
2106 2107
2105 2106
2104 2105
2103 2104
2102 2103
2101 2102
2100 2101
2099 2100
2098 2099
2097 2098
2096 2097
2095 2096
2094 2095
2093 2094
2092 2093
2091 2092
2090 2091
2089 2090
2088 2089
2087 2088
2086 2087
2085 2086
2084 2085
2083 2084
2082 2083
2081 2082
2080 2081
2079 2080
2078 2079
2077 2078
2076 2077
2075 2076
2074 2075
2073 2074
2072 2073
2071 2072
2070 2071
2069 2070
2068 2069
2067 2068
2066 2067
2065 2066
2064 2065
2063 2064
2062 2063
2061 2062
2060 2061
2059 2060
2058 2059
2057 2058
2056 2057
2055 2056
2054 2055
2053 2054
2052 2053
2051 2052
2050 2051
2049 2050
2048 2049
2047 2048
2046 2047
2045 2046
2044 2045
2043 2044
2042 2043
2041 2042
2040 2041
2039 2040
2038 2039
2037 2038
2036 2037
2035 2036
2034 2035
2033 2034
2032 2033
2031 2032
2030 2031
2029 2030
2028 2029
2027 2028
2026 2027
2025 2026
2024 2025
2023 2024
2022 2023
2021 2022
2020 2021
2019 2020
2018 2019
2017 2018
2016 2017
2015 2016
2014 2015
2013 2014
2012 2013
2011 2012
2010 2011
2009 2010
2008 2009
2007 2008
2006 2007
2005 2006
2004 2005
2003 2004
2002 2003
2001 2002
2000 2001
1999 2000
1998 1999
1997 1998
1996 1997
1995 1996
1994 1995
1993 1994
1992 1993
1991 1992
1990 1991
1989 1990
1988 1989
1987 1988
1986 1987
1985 1986
1984 1985
1983 1984
1982 1983
1981 1982
1980 1981
1979 1980
1978 1979
1977 1978
1976 1977
1975 1976
1974 1975
1973 1974
1972 1973
1971 1972
1970 1971
1969 1970
1968 1969
1967 1968
1966 1967
1965 1966
1964 1965
1963 1964
1962 1963
1961 1962
1960 1961
1959 1960
1958 1959
1957 1958
1956 1957
1955 1956
1954 1955
1953 1954
1952 1953
1951 1952
1950 1951
1949 1950
1948 1949
1947 1948
1946 1947
1945 1946
1944 1945
1943 1944
1942 1943
1941 1942
1940 1941
1939 1940
1938 1939
1937 1938
1936 1937
1935 1936
1934 1935
1933 1934
1932 1933
1931 1932
1930 1931
1929 1930
1928 1929
1927 1928
1926 1927
1925 1926
1924 1925
1923 1924
1922 1923
1921 1922
1920 1921
1919 1920
1918 1919
1917 1918
1916 1917
1915 1916
1914 1915
1913 1914
1912 1913
1911 1912
1910 1911
1909 1910
1908 1909
1907 1908
1906 1907
1905 1906
1904 1905
1903 1904
1902 1903
1901 1902
1900 1901
1899 1900
1898 1899
1897 1898
1896 1897
1895 1896
1894 1895
1893 1894
1892 1893
1891 1892
1890 1891
1889 1890
1888 1889
1887 1888
1886 1887
1885 1886
1884 1885
1883 1884
1882 1883
1881 1882
1880 1881
1879 1880
1878 1879
1877 1878
1876 1877
1875 1876
1874 1875
1873 1874
1872 1873
1871 1872
1870 1871
1869 1870
1868 1869
1867 1868
1866 1867
1865 1866
1864 1865
1863 1864
1862 1863
1861 1862
1860 1861
1859 1860
1858 1859
1857 1858
1856 1857
1855 1856
1854 1855
1853 1854
1852 1853
1851 1852
1850 1851
1849 1850
1848 1849
1847 1848
1846 1847
1845 1846
1844 1845
1843 1844
1842 1843
1841 1842
1840 1841
1839 1840
1838 1839
1837 1838
1836 1837
1835 1836
1834 1835
1833 1834
1832 1833
1831 1832
1830 1831
1829 1830
1828 1829
1827 1828
1826 1827
1825 1826
1824 1825
1823 1824
1822 1823
1821 1822
1820 1821
1819 1820
1818 1819
1817 1818
1816 1817
1815 1816
1814 1815
1813 1814
1812 1813
1811 1812
1810 1811
1809 1810
1808 1809
1807 1808
1806 1807
1805 1806
1804 1805
1803 1804
1802 1803
1801 1802
1800 1801
1799 1800
1798 1799
1797 1798
1796 1797
1795 1796
1794 1795
1793 1794
1792 1793
1791 1792
1790 1791
1789 1790
1788 1789
1787 1788
1786 1787
1785 1786
1784 1785
1783 1784
1782 1783
1781 1782
1780 1781
1779 1780
1778 1779
1777 1778
1776 1777
1775 1776
1774 1775
1773 1774
1772 1773
1771 1772
1770 1771
1769 1770
1768 1769
1767 1768
1766 1767
1765 1766
1764 1765
1763 1764
1762 1763
1761 1762
1760 1761
1759 1760
1758 1759
1757 1758
1756 1757
1755 1756
1754 1755
1753 1754
1752 1753
1751 1752
1750 1751
1749 1750
1748 1749
1747 1748
1746 1747
1745 1746
1744 1745
1743 1744
1742 1743
1741 1742
1740 1741
1739 1740
1738 1739
1737 1738
1736 1737
1735 1736
1734 1735
1733 1734
1732 1733
1731 1732
1730 1731
1729 1730
1728 1729
1727 1728
1726 1727
1725 1726
1724 1725
1723 1724
1722 1723
1721 1722
1720 1721
1719 1720
1718 1719
1717 1718
1716 1717
1715 1716
1714 1715
1713 1714
1712 1713
1711 1712
1710 1711
1709 1710
1708 1709
1707 1708
1706 1707
1705 1706
1704 1705
1703 1704
1702 1703
1701 1702
1700 1701
1699 1700
1698 1699
1697 1698
1696 1697
1695 1696
1694 1695
1693 1694
1692 1693
1691 1692
1690 1691
1689 1690
1688 1689
1687 1688
1686 1687
1685 1686
1684 1685
1683 1684
1682 1683
1681 1682
1680 1681
1679 1680
1678 1679
1677 1678
1676 1677
1675 1676
1674 1675
1673 1674
1672 1673
1671 1672
1670 1671
1669 1670
1668 1669
1667 1668
1666 1667
1665 1666
1664 1665
1663 1664
1662 1663
1661 1662
1660 1661
1659 1660
1658 1659
1657 1658
1656 1657
1655 1656
1654 1655
1653 1654
1652 1653
1651 1652
1650 1651
1649 1650
1648 1649
1647 1648
1646 1647
1645 1646
1644 1645
1643 1644
1642 1643
1641 1642
1640 1641
1639 1640
1638 1639
1637 1638
1636 1637
1635 1636
1634 1635
1633 1634
1632 1633
1631 1632
1630 1631
1629 1630
1628 1629
1627 1628
1626 1627
1625 1626
1624 1625
1623 1624
1622 1623
1621 1622
1620 1621
1619 1620
1618 1619
1617 1618
1616 1617
1615 1616
1614 1615
1613 1614
1612 1613
1611 1612
1610 1611
1609 1610
1608 1609
1607 1608
1606 1607
1605 1606
1604 1605
1603 1604
1602 1603
1601 1602
1600 1601
1599 1600
1598 1599
1597 1598
1596 1597
1595 1596
1594 1595
1593 1594
1592 1593
1591 1592
1590 1591
1589 1590
1588 1589
1587 1588
1586 1587
1585 1586
1584 1585
1583 1584
1582 1583
1581 1582
1580 1581
1579 1580
1578 1579
1577 1578
1576 1577
1575 1576
1574 1575
1573 1574
1572 1573
1571 1572
1570 1571
1569 1570
1568 1569
1567 1568
1566 1567
1565 1566
1564 1565
1563 1564
1562 1563
1561 1562
1560 1561
1559 1560
1558 1559
1557 1558
1556 1557
1555 1556
1554 1555
1553 1554
1552 1553
1551 1552
1550 1551
1549 1550
1548 1549
1547 1548
1546 1547
1545 1546
1544 1545
1543 1544
1542 1543
1541 1542
1540 1541
1539 1540
1538 1539
1537 1538
1536 1537
1535 1536
1534 1535
1533 1534
1532 1533
1531 1532
1530 1531
1529 1530
1528 1529
1527 1528
1526 1527
1525 1526
1524 1525
1523 1524
1522 1523
1521 1522
1520 1521
1519 1520
1518 1519
1517 1518
1516 1517
1515 1516
1514 1515
1513 1514
1512 1513
1511 1512
1510 1511
1509 1510
1508 1509
1507 1508
1506 1507
1505 1506
1504 1505
1503 1504
1502 1503
1501 1502
1500 1501
1499 1500
1498 1499
1497 1498
1496 1497
1495 1496
1494 1495
1493 1494
1492 1493
1491 1492
1490 1491
1489 1490
1488 1489
1487 1488
1486 1487
1485 1486
1484 1485
1483 1484
1482 1483
1481 1482
1480 1481
1479 1480
1478 1479
1477 1478
1476 1477
1475 1476
1474 1475
1473 1474
1472 1473
1471 1472
1470 1471
1469 1470
1468 1469
1467 1468
1466 1467
1465 1466
1464 1465
1463 1464
1462 1463
1461 1462
1460 1461
1459 1460
1458 1459
1457 1458
1456 1457
1455 1456
1454 1455
1453 1454
1452 1453
1451 1452
1450 1451
1449 1450
1448 1449
1447 1448
1446 1447
1445 1446
1444 1445
1443 1444
1442 1443
1441 1442
1440 1441
1439 1440
1438 1439
1437 1438
1436 1437
1435 1436
1434 1435
1433 1434
1432 1433
1431 1432
1430 1431
1429 1430
1428 1429
1427 1428
1426 1427
1425 1426
1424 1425
1423 1424
1422 1423
1421 1422
1420 1421
1419 1420
1418 1419
1417 1418
1416 1417
1415 1416
1414 1415
1413 1414
1412 1413
1411 1412
1410 1411
1409 1410
1408 1409
1407 1408
1406 1407
1405 1406
1404 1405
1403 1404
1402 1403
1401 1402
1400 1401
1399 1400
1398 1399
1397 1398
1396 1397
1395 1396
1394 1395
1393 1394
1392 1393
1391 1392
1390 1391
1389 1390
1388 1389
1387 1388
1386 1387
1385 1386
1384 1385
1383 1384
1382 1383
1381 1382
1380 1381
1379 1380
1378 1379
1377 1378
1376 1377
1375 1376
1374 1375
1373 1374
1372 1373
1371 1372
1370 1371
1369 1370
1368 1369
1367 1368
1366 1367
1365 1366
1364 1365
1363 1364
1362 1363
1361 1362
1360 1361
1359 1360
1358 1359
1357 1358
1356 1357
1355 1356
1354 1355
1353 1354
1352 1353
1351 1352
1350 1351
1349 1350
1348 1349
1347 1348
1346 1347
1345 1346
1344 1345
1343 1344
1342 1343
1341 1342
1340 1341
1339 1340
1338 1339
1337 1338
1336 1337
1335 1336
1334 1335
1333 1334
1332 1333
1331 1332
1330 1331
1329 1330
1328 1329
1327 1328
1326 1327
1325 1326
1324 1325
1323 1324
1322 1323
1321 1322
1320 1321
1319 1320
1318 1319
1317 1318
1316 1317
1315 1316
1314 1315
1313 1314
1312 1313
1311 1312
1310 1311
1309 1310
1308 1309
1307 1308
1306 1307
1305 1306
1304 1305
1303 1304
1302 1303
1301 1302
1300 1301
1299 1300
1298 1299
1297 1298
1296 1297
1295 1296
1294 1295
1293 1294
1292 1293
1291 1292
1290 1291
1289 1290
1288 1289
1287 1288
1286 1287
1285 1286
1284 1285
1283 1284
1282 1283
1281 1282
1280 1281
1279 1280
1278 1279
1277 1278
1276 1277
1275 1276
1274 1275
1273 1274
1272 1273
1271 1272
1270 1271
1269 1270
1268 1269
1267 1268
1266 1267
1265 1266
1264 1265
1263 1264
1262 1263
1261 1262
1260 1261
1259 1260
1258 1259
1257 1258
1256 1257
1255 1256
1254 1255
1253 1254
1252 1253
1251 1252
1250 1251
1249 1250
1248 1249
1247 1248
1246 1247
1245 1246
1244 1245
1243 1244
1242 1243
1241 1242
1240 1241
1239 1240
1238 1239
1237 1238
1236 1237
1235 1236
1234 1235
1233 1234
1232 1233
1231 1232
1230 1231
1229 1230
1228 1229
1227 1228
1226 1227
1225 1226
1224 1225
1223 1224
1222 1223
1221 1222
1220 1221
1219 1220
1218 1219
1217 1218
1216 1217
1215 1216
1214 1215
1213 1214
1212 1213
1211 1212
1210 1211
1209 1210
1208 1209
1207 1208
1206 1207
1205 1206
1204 1205
1203 1204
1202 1203
1201 1202
1200 1201
1199 1200
1198 1199
1197 1198
1196 1197
1195 1196
1194 1195
1193 1194
1192 1193
1191 1192
1190 1191
1189 1190
1188 1189
1187 1188
1186 1187
1185 1186
1184 1185
1183 1184
1182 1183
1181 1182
1180 1181
1179 1180
1178 1179
1177 1178
1176 1177
1175 1176
1174 1175
1173 1174
1172 1173
1171 1172
1170 1171
1169 1170
1168 1169
1167 1168
1166 1167
1165 1166
1164 1165
1163 1164
1162 1163
1161 1162
1160 1161
1159 1160
1158 1159
1157 1158
1156 1157
1155 1156
1154 1155
1153 1154
1152 1153
1151 1152
1150 1151
1149 1150
1148 1149
1147 1148
1146 1147
1145 1146
1144 1145
1143 1144
1142 1143
1141 1142
1140 1141
1139 1140
1138 1139
1137 1138
1136 1137
1135 1136
1134 1135
1133 1134
1132 1133
1131 1132
1130 1131
1129 1130
1128 1129
1127 1128
1126 1127
1125 1126
1124 1125
1123 1124
1122 1123
1121 1122
1120 1121
1119 1120
1118 1119
1117 1118
1116 1117
1115 1116
1114 1115
1113 1114
1112 1113
1111 1112
1110 1111
1109 1110
1108 1109
1107 1108
1106 1107
1105 1106
1104 1105
1103 1104
1102 1103
1101 1102
1100 1101
1099 1100
1098 1099
1097 1098
1096 1097
1095 1096
1094 1095
1093 1094
1092 1093
1091 1092
1090 1091
1089 1090
1088 1089
1087 1088
1086 1087
1085 1086
1084 1085
1083 1084
1082 1083
1081 1082
1080 1081
1079 1080
1078 1079
1077 1078
1076 1077
1075 1076
1074 1075
1073 1074
1072 1073
1071 1072
1070 1071
1069 1070
1068 1069
1067 1068
1066 1067
1065 1066
1064 1065
1063 1064
1062 1063
1061 1062
1060 1061
1059 1060
1058 1059
1057 1058
1056 1057
1055 1056
1054 1055
1053 1054
1052 1053
1051 1052
1050 1051
1049 1050
1048 1049
1047 1048
1046 1047
1045 1046
1044 1045
1043 1044
1042 1043
1041 1042
1040 1041
1039 1040
1038 1039
1037 1038
1036 1037
1035 1036
1034 1035
1033 1034
1032 1033
1031 1032
1030 1031
1029 1030
1028 1029
1027 1028
1026 1027
1025 1026
1024 1025
1023 1024
1022 1023
1021 1022
1020 1021
1019 1020
1018 1019
1017 1018
1016 1017
1015 1016
1014 1015
1013 1014
1012 1013
1011 1012
1010 1011
1009 1010
1008 1009
1007 1008
1006 1007
1005 1006
1004 1005
1003 1004
1002 1003
1001 1002
1000 1001
999 1000
998 999
997 998
996 997
995 996
994 995
993 994
992 993
991 992
990 991
989 990
988 989
987 988
986 987
985 986
984 985
983 984
982 983
981 982
980 981
979 980
978 979
977 978
976 977
975 976
974 975
973 974
972 973
971 972
970 971
969 970
968 969
967 968
966 967
965 966
964 965
963 964
962 963
961 962
960 961
959 960
958 959
957 958
956 957
955 956
954 955
953 954
952 953
951 952
950 951
949 950
948 949
947 948
946 947
945 946
944 945
943 944
942 943
941 942
940 941
939 940
938 939
937 938
936 937
935 936
934 935
933 934
932 933
931 932
930 931
929 930
928 929
927 928
926 927
925 926
924 925
923 924
922 923
921 922
920 921
919 920
918 919
917 918
916 917
915 916
914 915
913 914
912 913
911 912
910 911
909 910
908 909
907 908
906 907
905 906
904 905
903 904
902 903
901 902
900 901
899 900
898 899
897 898
896 897
895 896
894 895
893 894
892 893
891 892
890 891
889 890
888 889
887 888
886 887
885 886
884 885
883 884
882 883
881 882
880 881
879 880
878 879
877 878
876 877
875 876
874 875
873 874
872 873
871 872
870 871
869 870
868 869
867 868
866 867
865 866
864 865
863 864
862 863
861 862
860 861
859 860
858 859
857 858
856 857
855 856
854 855
853 854
852 853
851 852
850 851
849 850
848 849
847 848
846 847
845 846
844 845
843 844
842 843
841 842
840 841
839 840
838 839
837 838
836 837
835 836
834 835
833 834
832 833
831 832
830 831
829 830
828 829
827 828
826 827
825 826
824 825
823 824
822 823
821 822
820 821
819 820
818 819
817 818
816 817
815 816
814 815
813 814
812 813
811 812
810 811
809 810
808 809
807 808
806 807
805 806
804 805
803 804
802 803
801 802
800 801
799 800
798 799
797 798
796 797
795 796
794 795
793 794
792 793
791 792
790 791
789 790
788 789
787 788
786 787
785 786
784 785
783 784
782 783
781 782
780 781
779 780
778 779
777 778
776 777
775 776
774 775
773 774
772 773
771 772
770 771
769 770
768 769
767 768
766 767
765 766
764 765
763 764
762 763
761 762
760 761
759 760
758 759
757 758
756 757
755 756
754 755
753 754
752 753
751 752
750 751
749 750
748 749
747 748
746 747
745 746
744 745
743 744
742 743
741 742
740 741
739 740
738 739
737 738
736 737
735 736
734 735
733 734
732 733
731 732
730 731
729 730
728 729
727 728
726 727
725 726
724 725
723 724
722 723
721 722
720 721
719 720
718 719
717 718
716 717
715 716
714 715
713 714
712 713
711 712
710 711
709 710
708 709
707 708
706 707
705 706
704 705
703 704
702 703
701 702
700 701
699 700
698 699
697 698
696 697
695 696
694 695
693 694
692 693
691 692
690 691
689 690
688 689
687 688
686 687
685 686
684 685
683 684
682 683
681 682
680 681
679 680
678 679
677 678
676 677
675 676
674 675
673 674
672 673
671 672
670 671
669 670
668 669
667 668
666 667
665 666
664 665
663 664
662 663
661 662
660 661
659 660
658 659
657 658
656 657
655 656
654 655
653 654
652 653
651 652
650 651
649 650
648 649
647 648
646 647
645 646
644 645
643 644
642 643
641 642
640 641
639 640
638 639
637 638
636 637
635 636
634 635
633 634
632 633
631 632
630 631
629 630
628 629
627 628
626 627
625 626
624 625
623 624
622 623
621 622
620 621
619 620
618 619
617 618
616 617
615 616
614 615
613 614
612 613
611 612
610 611
609 610
608 609
607 608
606 607
605 606
604 605
603 604
602 603
601 602
600 601
599 600
598 599
597 598
596 597
595 596
594 595
593 594
592 593
591 592
590 591
589 590
588 589
587 588
586 587
585 586
584 585
583 584
582 583
581 582
580 581
579 580
578 579
577 578
576 577
575 576
574 575
573 574
572 573
571 572
570 571
569 570
568 569
567 568
566 567
565 566
564 565
563 564
562 563
561 562
560 561
559 560
558 559
557 558
556 557
555 556
554 555
553 554
552 553
551 552
550 551
549 550
548 549
547 548
546 547
545 546
544 545
543 544
542 543
541 542
540 541
539 540
538 539
537 538
536 537
535 536
534 535
533 534
532 533
531 532
530 531
529 530
528 529
527 528
526 527
525 526
524 525
523 524
522 523
521 522
520 521
519 520
518 519
517 518
516 517
515 516
514 515
513 514
512 513
511 512
510 511
509 510
508 509
507 508
506 507
505 506
504 505
503 504
502 503
501 502
500 501
499 500
498 499
497 498
496 497
495 496
494 495
493 494
492 493
491 492
490 491
489 490
488 489
487 488
486 487
485 486
484 485
483 484
482 483
481 482
480 481
479 480
478 479
477 478
476 477
475 476
474 475
473 474
472 473
471 472
470 471
469 470
468 469
467 468
466 467
465 466
464 465
463 464
462 463
461 462
460 461
459 460
458 459
457 458
456 457
455 456
454 455
453 454
452 453
451 452
450 451
449 450
448 449
447 448
446 447
445 446
444 445
443 444
442 443
441 442
440 441
439 440
438 439
437 438
436 437
435 436
434 435
433 434
432 433
431 432
430 431
429 430
428 429
427 428
426 427
425 426
424 425
423 424
422 423
421 422
420 421
419 420
418 419
417 418
416 417
415 416
414 415
413 414
412 413
411 412
410 411
409 410
408 409
407 408
406 407
405 406
404 405
403 404
402 403
401 402
400 401
399 400
398 399
397 398
396 397
395 396
394 395
393 394
392 393
391 392
390 391
389 390
388 389
387 388
386 387
385 386
384 385
383 384
382 383
381 382
380 381
379 380
378 379
377 378
376 377
375 376
374 375
373 374
372 373
371 372
370 371
369 370
368 369
367 368
366 367
365 366
364 365
363 364
362 363
361 362
360 361
359 360
358 359
357 358
356 357
355 356
354 355
353 354
352 353
351 352
350 351
349 350
348 349
347 348
346 347
345 346
344 345
343 344
342 343
341 342
340 341
339 340
338 339
337 338
336 337
335 336
334 335
333 334
332 333
331 332
330 331
329 330
328 329
327 328
326 327
325 326
324 325
323 324
322 323
321 322
320 321
319 320
318 319
317 318
316 317
315 316
314 315
313 314
312 313
311 312
310 311
309 310
308 309
307 308
306 307
305 306
304 305
303 304
302 303
301 302
300 301
299 300
298 299
297 298
296 297
295 296
294 295
293 294
292 293
291 292
290 291
289 290
288 289
287 288
286 287
285 286
284 285
283 284
282 283
281 282
280 281
279 280
278 279
277 278
276 277
275 276
274 275
273 274
272 273
271 272
270 271
269 270
268 269
267 268
266 267
265 266
264 265
263 264
262 263
261 262
260 261
259 260
258 259
257 258
256 257
255 256
254 255
253 254
252 253
251 252
250 251
249 250
248 249
247 248
246 247
245 246
244 245
243 244
242 243
241 242
240 241
239 240
238 239
237 238
236 237
235 236
234 235
233 234
232 233
231 232
230 231
229 230
228 229
227 228
226 227
225 226
224 225
223 224
222 223
221 222
220 221
219 220
218 219
217 218
216 217
215 216
214 215
213 214
212 213
211 212
210 211
209 210
208 209
207 208
206 207
205 206
204 205
203 204
202 203
201 202
200 201
199 200
198 199
197 198
196 197
195 196
194 195
193 194
192 193
191 192
190 191
189 190
188 189
187 188
186 187
185 186
184 185
183 184
182 183
181 182
180 181
179 180
178 179
177 178
176 177
175 176
174 175
173 174
172 173
171 172
170 171
169 170
168 169
167 168
166 167
165 166
164 165
163 164
162 163
161 162
160 161
159 160
158 159
157 158
156 157
155 156
154 155
153 154
152 153
151 152
150 151
149 150
148 149
147 148
146 147
145 146
144 145
143 144
142 143
141 142
140 141
139 140
138 139
137 138
136 137
135 136
134 135
133 134
132 133
131 132
130 131
129 130
128 129
127 128
126 127
125 126
124 125
123 124
122 123
121 122
120 121
119 120
118 119
117 118
116 117
115 116
114 115
113 114
112 113
111 112
110 111
109 110
108 109
107 108
106 107
105 106
104 105
103 104
102 103
101 102
100 101
99 100
98 99
97 98
96 97
95 96
94 95
93 94
92 93
91 92
90 91
89 90
88 89
87 88
86 87
85 86
84 85
83 84
82 83
81 82
80 81
79 80
78 79
77 78
76 77
75 76
74 75
73 74
72 73
71 72
70 71
69 70
68 69
67 68
66 67
65 66
64 65
63 64
62 63
61 62
60 61
59 60
58 59
57 58
56 57
55 56
54 55
53 54
52 53
51 52
50 51
49 50
48 49
47 48
46 47
45 46
44 45
43 44
42 43
41 42
40 41
39 40
38 39
37 38
36 37
35 36
34 35
33 34
32 33
31 32
30 31
29 30
28 29
27 28
26 27
25 26
24 25
23 24
22 23
21 22
20 21
19 20
18 19
17 18
16 17
15 16
14 15
13 14
12 13
11 12
10 11
9 10
8 9
7 8
6 7
5 6
4 5
3 4
2 3
1 2
1 2997
