2992 81471772
1496 1497
1496 1498
1495 1496
1495 1499
1494 1495
1494 1500
1493 1494
1493 1501
1492 1493
1492 1502
1491 1492
1491 1503
1490 1491
1490 1504
1489 1490
1489 1505
1488 1489
1488 1506
1487 1488
1487 1507
1486 1487
1486 1508
1485 1486
1485 1509
1484 1485
1484 1510
1483 1484
1483 1511
1482 1483
1482 1512
1481 1482
1481 1513
1480 1481
1480 1514
1479 1480
1479 1515
1478 1479
1478 1516
1477 1478
1477 1517
1476 1477
1476 1518
1475 1476
1475 1519
1474 1475
1474 1520
1473 1474
1473 1521
1472 1473
1472 1522
1471 1472
1471 1523
1470 1471
1470 1524
1469 1470
1469 1525
1468 1469
1468 1526
1467 1468
1467 1527
1466 1467
1466 1528
1465 1466
1465 1529
1464 1465
1464 1530
1463 1464
1463 1531
1462 1463
1462 1532
1461 1462
1461 1533
1460 1461
1460 1534
1459 1460
1459 1535
1458 1459
1458 1536
1457 1458
1457 1537
1456 1457
1456 1538
1455 1456
1455 1539
1454 1455
1454 1540
1453 1454
1453 1541
1452 1453
1452 1542
1451 1452
1451 1543
1450 1451
1450 1544
1449 1450
1449 1545
1448 1449
1448 1546
1447 1448
1447 1547
1446 1447
1446 1548
1445 1446
1445 1549
1444 1445
1444 1550
1443 1444
1443 1551
1442 1443
1442 1552
1441 1442
1441 1553
1440 1441
1440 1554
1439 1440
1439 1555
1438 1439
1438 1556
1437 1438
1437 1557
1436 1437
1436 1558
1435 1436
1435 1559
1434 1435
1434 1560
1433 1434
1433 1561
1432 1433
1432 1562
1431 1432
1431 1563
1430 1431
1430 1564
1429 1430
1429 1565
1428 1429
1428 1566
1427 1428
1427 1567
1426 1427
1426 1568
1425 1426
1425 1569
1424 1425
1424 1570
1423 1424
1423 1571
1422 1423
1422 1572
1421 1422
1421 1573
1420 1421
1420 1574
1419 1420
1419 1575
1418 1419
1418 1576
1417 1418
1417 1577
1416 1417
1416 1578
1415 1416
1415 1579
1414 1415
1414 1580
1413 1414
1413 1581
1412 1413
1412 1582
1411 1412
1411 1583
1410 1411
1410 1584
1409 1410
1409 1585
1408 1409
1408 1586
1407 1408
1407 1587
1406 1407
1406 1588
1405 1406
1405 1589
1404 1405
1404 1590
1403 1404
1403 1591
1402 1403
1402 1592
1401 1402
1401 1593
1400 1401
1400 1594
1399 1400
1399 1595
1398 1399
1398 1596
1397 1398
1397 1597
1396 1397
1396 1598
1395 1396
1395 1599
1394 1395
1394 1600
1393 1394
1393 1601
1392 1393
1392 1602
1391 1392
1391 1603
1390 1391
1390 1604
1389 1390
1389 1605
1388 1389
1388 1606
1387 1388
1387 1607
1386 1387
1386 1608
1385 1386
1385 1609
1384 1385
1384 1610
1383 1384
1383 1611
1382 1383
1382 1612
1381 1382
1381 1613
1380 1381
1380 1614
1379 1380
1379 1615
1378 1379
1378 1616
1377 1378
1377 1617
1376 1377
1376 1618
1375 1376
1375 1619
1374 1375
1374 1620
1373 1374
1373 1621
1372 1373
1372 1622
1371 1372
1371 1623
1370 1371
1370 1624
1369 1370
1369 1625
1368 1369
1368 1626
1367 1368
1367 1627
1366 1367
1366 1628
1365 1366
1365 1629
1364 1365
1364 1630
1363 1364
1363 1631
1362 1363
1362 1632
1361 1362
1361 1633
1360 1361
1360 1634
1359 1360
1359 1635
1358 1359
1358 1636
1357 1358
1357 1637
1356 1357
1356 1638
1355 1356
1355 1639
1354 1355
1354 1640
1353 1354
1353 1641
1352 1353
1352 1642
1351 1352
1351 1643
1350 1351
1350 1644
1349 1350
1349 1645
1348 1349
1348 1646
1347 1348
1347 1647
1346 1347
1346 1648
1345 1346
1345 1649
1344 1345
1344 1650
1343 1344
1343 1651
1342 1343
1342 1652
1341 1342
1341 1653
1340 1341
1340 1654
1339 1340
1339 1655
1338 1339
1338 1656
1337 1338
1337 1657
1336 1337
1336 1658
1335 1336
1335 1659
1334 1335
1334 1660
1333 1334
1333 1661
1332 1333
1332 1662
1331 1332
1331 1663
1330 1331
1330 1664
1329 1330
1329 1665
1328 1329
1328 1666
1327 1328
1327 1667
1326 1327
1326 1668
1325 1326
1325 1669
1324 1325
1324 1670
1323 1324
1323 1671
1322 1323
1322 1672
1321 1322
1321 1673
1320 1321
1320 1674
1319 1320
1319 1675
1318 1319
1318 1676
1317 1318
1317 1677
1316 1317
1316 1678
1315 1316
1315 1679
1314 1315
1314 1680
1313 1314
1313 1681
1312 1313
1312 1682
1311 1312
1311 1683
1310 1311
1310 1684
1309 1310
1309 1685
1308 1309
1308 1686
1307 1308
1307 1687
1306 1307
1306 1688
1305 1306
1305 1689
1304 1305
1304 1690
1303 1304
1303 1691
1302 1303
1302 1692
1301 1302
1301 1693
1300 1301
1300 1694
1299 1300
1299 1695
1298 1299
1298 1696
1297 1298
1297 1697
1296 1297
1296 1698
1295 1296
1295 1699
1294 1295
1294 1700
1293 1294
1293 1701
1292 1293
1292 1702
1291 1292
1291 1703
1290 1291
1290 1704
1289 1290
1289 1705
1288 1289
1288 1706
1287 1288
1287 1707
1286 1287
1286 1708
1285 1286
1285 1709
1284 1285
1284 1710
1283 1284
1283 1711
1282 1283
1282 1712
1281 1282
1281 1713
1280 1281
1280 1714
1279 1280
1279 1715
1278 1279
1278 1716
1277 1278
1277 1717
1276 1277
1276 1718
1275 1276
1275 1719
1274 1275
1274 1720
1273 1274
1273 1721
1272 1273
1272 1722
1271 1272
1271 1723
1270 1271
1270 1724
1269 1270
1269 1725
1268 1269
1268 1726
1267 1268
1267 1727
1266 1267
1266 1728
1265 1266
1265 1729
1264 1265
1264 1730
1263 1264
1263 1731
1262 1263
1262 1732
1261 1262
1261 1733
1260 1261
1260 1734
1259 1260
1259 1735
1258 1259
1258 1736
1257 1258
1257 1737
1256 1257
1256 1738
1255 1256
1255 1739
1254 1255
1254 1740
1253 1254
1253 1741
1252 1253
1252 1742
1251 1252
1251 1743
1250 1251
1250 1744
1249 1250
1249 1745
1248 1249
1248 1746
1247 1248
1247 1747
1246 1247
1246 1748
1245 1246
1245 1749
1244 1245
1244 1750
1243 1244
1243 1751
1242 1243
1242 1752
1241 1242
1241 1753
1240 1241
1240 1754
1239 1240
1239 1755
1238 1239
1238 1756
1237 1238
1237 1757
1236 1237
1236 1758
1235 1236
1235 1759
1234 1235
1234 1760
1233 1234
1233 1761
1232 1233
1232 1762
1231 1232
1231 1763
1230 1231
1230 1764
1229 1230
1229 1765
1228 1229
1228 1766
1227 1228
1227 1767
1226 1227
1226 1768
1225 1226
1225 1769
1224 1225
1224 1770
1223 1224
1223 1771
1222 1223
1222 1772
1221 1222
1221 1773
1220 1221
1220 1774
1219 1220
1219 1775
1218 1219
1218 1776
1217 1218
1217 1777
1216 1217
1216 1778
1215 1216
1215 1779
1214 1215
1214 1780
1213 1214
1213 1781
1212 1213
1212 1782
1211 1212
1211 1783
1210 1211
1210 1784
1209 1210
1209 1785
1208 1209
1208 1786
1207 1208
1207 1787
1206 1207
1206 1788
1205 1206
1205 1789
1204 1205
1204 1790
1203 1204
1203 1791
1202 1203
1202 1792
1201 1202
1201 1793
1200 1201
1200 1794
1199 1200
1199 1795
1198 1199
1198 1796
1197 1198
1197 1797
1196 1197
1196 1798
1195 1196
1195 1799
1194 1195
1194 1800
1193 1194
1193 1801
1192 1193
1192 1802
1191 1192
1191 1803
1190 1191
1190 1804
1189 1190
1189 1805
1188 1189
1188 1806
1187 1188
1187 1807
1186 1187
1186 1808
1185 1186
1185 1809
1184 1185
1184 1810
1183 1184
1183 1811
1182 1183
1182 1812
1181 1182
1181 1813
1180 1181
1180 1814
1179 1180
1179 1815
1178 1179
1178 1816
1177 1178
1177 1817
1176 1177
1176 1818
1175 1176
1175 1819
1174 1175
1174 1820
1173 1174
1173 1821
1172 1173
1172 1822
1171 1172
1171 1823
1170 1171
1170 1824
1169 1170
1169 1825
1168 1169
1168 1826
1167 1168
1167 1827
1166 1167
1166 1828
1165 1166
1165 1829
1164 1165
1164 1830
1163 1164
1163 1831
1162 1163
1162 1832
1161 1162
1161 1833
1160 1161
1160 1834
1159 1160
1159 1835
1158 1159
1158 1836
1157 1158
1157 1837
1156 1157
1156 1838
1155 1156
1155 1839
1154 1155
1154 1840
1153 1154
1153 1841
1152 1153
1152 1842
1151 1152
1151 1843
1150 1151
1150 1844
1149 1150
1149 1845
1148 1149
1148 1846
1147 1148
1147 1847
1146 1147
1146 1848
1145 1146
1145 1849
1144 1145
1144 1850
1143 1144
1143 1851
1142 1143
1142 1852
1141 1142
1141 1853
1140 1141
1140 1854
1139 1140
1139 1855
1138 1139
1138 1856
1137 1138
1137 1857
1136 1137
1136 1858
1135 1136
1135 1859
1134 1135
1134 1860
1133 1134
1133 1861
1132 1133
1132 1862
1131 1132
1131 1863
1130 1131
1130 1864
1129 1130
1129 1865
1128 1129
1128 1866
1127 1128
1127 1867
1126 1127
1126 1868
1125 1126
1125 1869
1124 1125
1124 1870
1123 1124
1123 1871
1122 1123
1122 1872
1121 1122
1121 1873
1120 1121
1120 1874
1119 1120
1119 1875
1118 1119
1118 1876
1117 1118
1117 1877
1116 1117
1116 1878
1115 1116
1115 1879
1114 1115
1114 1880
1113 1114
1113 1881
1112 1113
1112 1882
1111 1112
1111 1883
1110 1111
1110 1884
1109 1110
1109 1885
1108 1109
1108 1886
1107 1108
1107 1887
1106 1107
1106 1888
1105 1106
1105 1889
1104 1105
1104 1890
1103 1104
1103 1891
1102 1103
1102 1892
1101 1102
1101 1893
1100 1101
1100 1894
1099 1100
1099 1895
1098 1099
1098 1896
1097 1098
1097 1897
1096 1097
1096 1898
1095 1096
1095 1899
1094 1095
1094 1900
1093 1094
1093 1901
1092 1093
1092 1902
1091 1092
1091 1903
1090 1091
1090 1904
1089 1090
1089 1905
1088 1089
1088 1906
1087 1088
1087 1907
1086 1087
1086 1908
1085 1086
1085 1909
1084 1085
1084 1910
1083 1084
1083 1911
1082 1083
1082 1912
1081 1082
1081 1913
1080 1081
1080 1914
1079 1080
1079 1915
1078 1079
1078 1916
1077 1078
1077 1917
1076 1077
1076 1918
1075 1076
1075 1919
1074 1075
1074 1920
1073 1074
1073 1921
1072 1073
1072 1922
1071 1072
1071 1923
1070 1071
1070 1924
1069 1070
1069 1925
1068 1069
1068 1926
1067 1068
1067 1927
1066 1067
1066 1928
1065 1066
1065 1929
1064 1065
1064 1930
1063 1064
1063 1931
1062 1063
1062 1932
1061 1062
1061 1933
1060 1061
1060 1934
1059 1060
1059 1935
1058 1059
1058 1936
1057 1058
1057 1937
1056 1057
1056 1938
1055 1056
1055 1939
1054 1055
1054 1940
1053 1054
1053 1941
1052 1053
1052 1942
1051 1052
1051 1943
1050 1051
1050 1944
1049 1050
1049 1945
1048 1049
1048 1946
1047 1048
1047 1947
1046 1047
1046 1948
1045 1046
1045 1949
1044 1045
1044 1950
1043 1044
1043 1951
1042 1043
1042 1952
1041 1042
1041 1953
1040 1041
1040 1954
1039 1040
1039 1955
1038 1039
1038 1956
1037 1038
1037 1957
1036 1037
1036 1958
1035 1036
1035 1959
1034 1035
1034 1960
1033 1034
1033 1961
1032 1033
1032 1962
1031 1032
1031 1963
1030 1031
1030 1964
1029 1030
1029 1965
1028 1029
1028 1966
1027 1028
1027 1967
1026 1027
1026 1968
1025 1026
1025 1969
1024 1025
1024 1970
1023 1024
1023 1971
1022 1023
1022 1972
1021 1022
1021 1973
1020 1021
1020 1974
1019 1020
1019 1975
1018 1019
1018 1976
1017 1018
1017 1977
1016 1017
1016 1978
1015 1016
1015 1979
1014 1015
1014 1980
1013 1014
1013 1981
1012 1013
1012 1982
1011 1012
1011 1983
1010 1011
1010 1984
1009 1010
1009 1985
1008 1009
1008 1986
1007 1008
1007 1987
1006 1007
1006 1988
1005 1006
1005 1989
1004 1005
1004 1990
1003 1004
1003 1991
1002 1003
1002 1992
1001 1002
1001 1993
1000 1001
1000 1994
999 1000
999 1995
998 999
998 1996
997 998
997 1997
996 997
996 1998
995 996
995 1999
994 995
994 2000
993 994
993 2001
992 993
992 2002
991 992
991 2003
990 991
990 2004
989 990
989 2005
988 989
988 2006
987 988
987 2007
986 987
986 2008
985 986
985 2009
984 985
984 2010
983 984
983 2011
982 983
982 2012
981 982
981 2013
980 981
980 2014
979 980
979 2015
978 979
978 2016
977 978
977 2017
976 977
976 2018
975 976
975 2019
974 975
974 2020
973 974
973 2021
972 973
972 2022
971 972
971 2023
970 971
970 2024
969 970
969 2025
968 969
968 2026
967 968
967 2027
966 967
966 2028
965 966
965 2029
964 965
964 2030
963 964
963 2031
962 963
962 2032
961 962
961 2033
960 961
960 2034
959 960
959 2035
958 959
958 2036
957 958
957 2037
956 957
956 2038
955 956
955 2039
954 955
954 2040
953 954
953 2041
952 953
952 2042
951 952
951 2043
950 951
950 2044
949 950
949 2045
948 949
948 2046
947 948
947 2047
946 947
946 2048
945 946
945 2049
944 945
944 2050
943 944
943 2051
942 943
942 2052
941 942
941 2053
940 941
940 2054
939 940
939 2055
938 939
938 2056
937 938
937 2057
936 937
936 2058
935 936
935 2059
934 935
934 2060
933 934
933 2061
932 933
932 2062
931 932
931 2063
930 931
930 2064
929 930
929 2065
928 929
928 2066
927 928
927 2067
926 927
926 2068
925 926
925 2069
924 925
924 2070
923 924
923 2071
922 923
922 2072
921 922
921 2073
920 921
920 2074
919 920
919 2075
918 919
918 2076
917 918
917 2077
916 917
916 2078
915 916
915 2079
914 915
914 2080
913 914
913 2081
912 913
912 2082
911 912
911 2083
910 911
910 2084
909 910
909 2085
908 909
908 2086
907 908
907 2087
906 907
906 2088
905 906
905 2089
904 905
904 2090
903 904
903 2091
902 903
902 2092
901 902
901 2093
900 901
900 2094
899 900
899 2095
898 899
898 2096
897 898
897 2097
896 897
896 2098
895 896
895 2099
894 895
894 2100
893 894
893 2101
892 893
892 2102
891 892
891 2103
890 891
890 2104
889 890
889 2105
888 889
888 2106
887 888
887 2107
886 887
886 2108
885 886
885 2109
884 885
884 2110
883 884
883 2111
882 883
882 2112
881 882
881 2113
880 881
880 2114
879 880
879 2115
878 879
878 2116
877 878
877 2117
876 877
876 2118
875 876
875 2119
874 875
874 2120
873 874
873 2121
872 873
872 2122
871 872
871 2123
870 871
870 2124
869 870
869 2125
868 869
868 2126
867 868
867 2127
866 867
866 2128
865 866
865 2129
864 865
864 2130
863 864
863 2131
862 863
862 2132
861 862
861 2133
860 861
860 2134
859 860
859 2135
858 859
858 2136
857 858
857 2137
856 857
856 2138
855 856
855 2139
854 855
854 2140
853 854
853 2141
852 853
852 2142
851 852
851 2143
850 851
850 2144
849 850
849 2145
848 849
848 2146
847 848
847 2147
846 847
846 2148
845 846
845 2149
844 845
844 2150
843 844
843 2151
842 843
842 2152
841 842
841 2153
840 841
840 2154
839 840
839 2155
838 839
838 2156
837 838
837 2157
836 837
836 2158
835 836
835 2159
834 835
834 2160
833 834
833 2161
832 833
832 2162
831 832
831 2163
830 831
830 2164
829 830
829 2165
828 829
828 2166
827 828
827 2167
826 827
826 2168
825 826
825 2169
824 825
824 2170
823 824
823 2171
822 823
822 2172
821 822
821 2173
820 821
820 2174
819 820
819 2175
818 819
818 2176
817 818
817 2177
816 817
816 2178
815 816
815 2179
814 815
814 2180
813 814
813 2181
812 813
812 2182
811 812
811 2183
810 811
810 2184
809 810
809 2185
808 809
808 2186
807 808
807 2187
806 807
806 2188
805 806
805 2189
804 805
804 2190
803 804
803 2191
802 803
802 2192
801 802
801 2193
800 801
800 2194
799 800
799 2195
798 799
798 2196
797 798
797 2197
796 797
796 2198
795 796
795 2199
794 795
794 2200
793 794
793 2201
792 793
792 2202
791 792
791 2203
790 791
790 2204
789 790
789 2205
788 789
788 2206
787 788
787 2207
786 787
786 2208
785 786
785 2209
784 785
784 2210
783 784
783 2211
782 783
782 2212
781 782
781 2213
780 781
780 2214
779 780
779 2215
778 779
778 2216
777 778
777 2217
776 777
776 2218
775 776
775 2219
774 775
774 2220
773 774
773 2221
772 773
772 2222
771 772
771 2223
770 771
770 2224
769 770
769 2225
768 769
768 2226
767 768
767 2227
766 767
766 2228
765 766
765 2229
764 765
764 2230
763 764
763 2231
762 763
762 2232
761 762
761 2233
760 761
760 2234
759 760
759 2235
758 759
758 2236
757 758
757 2237
756 757
756 2238
755 756
755 2239
754 755
754 2240
753 754
753 2241
752 753
752 2242
751 752
751 2243
750 751
750 2244
749 750
749 2245
748 749
748 2246
747 748
747 2247
746 747
746 2248
745 746
745 2249
744 745
744 2250
743 744
743 2251
742 743
742 2252
741 742
741 2253
740 741
740 2254
739 740
739 2255
738 739
738 2256
737 738
737 2257
736 737
736 2258
735 736
735 2259
734 735
734 2260
733 734
733 2261
732 733
732 2262
731 732
731 2263
730 731
730 2264
729 730
729 2265
728 729
728 2266
727 728
727 2267
726 727
726 2268
725 726
725 2269
724 725
724 2270
723 724
723 2271
722 723
722 2272
721 722
721 2273
720 721
720 2274
719 720
719 2275
718 719
718 2276
717 718
717 2277
716 717
716 2278
715 716
715 2279
714 715
714 2280
713 714
713 2281
712 713
712 2282
711 712
711 2283
710 711
710 2284
709 710
709 2285
708 709
708 2286
707 708
707 2287
706 707
706 2288
705 706
705 2289
704 705
704 2290
703 704
703 2291
702 703
702 2292
701 702
701 2293
700 701
700 2294
699 700
699 2295
698 699
698 2296
697 698
697 2297
696 697
696 2298
695 696
695 2299
694 695
694 2300
693 694
693 2301
692 693
692 2302
691 692
691 2303
690 691
690 2304
689 690
689 2305
688 689
688 2306
687 688
687 2307
686 687
686 2308
685 686
685 2309
684 685
684 2310
683 684
683 2311
682 683
682 2312
681 682
681 2313
680 681
680 2314
679 680
679 2315
678 679
678 2316
677 678
677 2317
676 677
676 2318
675 676
675 2319
674 675
674 2320
673 674
673 2321
672 673
672 2322
671 672
671 2323
670 671
670 2324
669 670
669 2325
668 669
668 2326
667 668
667 2327
666 667
666 2328
665 666
665 2329
664 665
664 2330
663 664
663 2331
662 663
662 2332
661 662
661 2333
660 661
660 2334
659 660
659 2335
658 659
658 2336
657 658
657 2337
656 657
656 2338
655 656
655 2339
654 655
654 2340
653 654
653 2341
652 653
652 2342
651 652
651 2343
650 651
650 2344
649 650
649 2345
648 649
648 2346
647 648
647 2347
646 647
646 2348
645 646
645 2349
644 645
644 2350
643 644
643 2351
642 643
642 2352
641 642
641 2353
640 641
640 2354
639 640
639 2355
638 639
638 2356
637 638
637 2357
636 637
636 2358
635 636
635 2359
634 635
634 2360
633 634
633 2361
632 633
632 2362
631 632
631 2363
630 631
630 2364
629 630
629 2365
628 629
628 2366
627 628
627 2367
626 627
626 2368
625 626
625 2369
624 625
624 2370
623 624
623 2371
622 623
622 2372
621 622
621 2373
620 621
620 2374
619 620
619 2375
618 619
618 2376
617 618
617 2377
616 617
616 2378
615 616
615 2379
614 615
614 2380
613 614
613 2381
612 613
612 2382
611 612
611 2383
610 611
610 2384
609 610
609 2385
608 609
608 2386
607 608
607 2387
606 607
606 2388
605 606
605 2389
604 605
604 2390
603 604
603 2391
602 603
602 2392
601 602
601 2393
600 601
600 2394
599 600
599 2395
598 599
598 2396
597 598
597 2397
596 597
596 2398
595 596
595 2399
594 595
594 2400
593 594
593 2401
592 593
592 2402
591 592
591 2403
590 591
590 2404
589 590
589 2405
588 589
588 2406
587 588
587 2407
586 587
586 2408
585 586
585 2409
584 585
584 2410
583 584
583 2411
582 583
582 2412
581 582
581 2413
580 581
580 2414
579 580
579 2415
578 579
578 2416
577 578
577 2417
576 577
576 2418
575 576
575 2419
574 575
574 2420
573 574
573 2421
572 573
572 2422
571 572
571 2423
570 571
570 2424
569 570
569 2425
568 569
568 2426
567 568
567 2427
566 567
566 2428
565 566
565 2429
564 565
564 2430
563 564
563 2431
562 563
562 2432
561 562
561 2433
560 561
560 2434
559 560
559 2435
558 559
558 2436
557 558
557 2437
556 557
556 2438
555 556
555 2439
554 555
554 2440
553 554
553 2441
552 553
552 2442
551 552
551 2443
550 551
550 2444
549 550
549 2445
548 549
548 2446
547 548
547 2447
546 547
546 2448
545 546
545 2449
544 545
544 2450
543 544
543 2451
542 543
542 2452
541 542
541 2453
540 541
540 2454
539 540
539 2455
538 539
538 2456
537 538
537 2457
536 537
536 2458
535 536
535 2459
534 535
534 2460
533 534
533 2461
532 533
532 2462
531 532
531 2463
530 531
530 2464
529 530
529 2465
528 529
528 2466
527 528
527 2467
526 527
526 2468
525 526
525 2469
524 525
524 2470
523 524
523 2471
522 523
522 2472
521 522
521 2473
520 521
520 2474
519 520
519 2475
518 519
518 2476
517 518
517 2477
516 517
516 2478
515 516
515 2479
514 515
514 2480
513 514
513 2481
512 513
512 2482
511 512
511 2483
510 511
510 2484
509 510
509 2485
508 509
508 2486
507 508
507 2487
506 507
506 2488
505 506
505 2489
504 505
504 2490
503 504
503 2491
502 503
502 2492
501 502
501 2493
500 501
500 2494
499 500
499 2495
498 499
498 2496
497 498
497 2497
496 497
496 2498
495 496
495 2499
494 495
494 2500
493 494
493 2501
492 493
492 2502
491 492
491 2503
490 491
490 2504
489 490
489 2505
488 489
488 2506
487 488
487 2507
486 487
486 2508
485 486
485 2509
484 485
484 2510
483 484
483 2511
482 483
482 2512
481 482
481 2513
480 481
480 2514
479 480
479 2515
478 479
478 2516
477 478
477 2517
476 477
476 2518
475 476
475 2519
474 475
474 2520
473 474
473 2521
472 473
472 2522
471 472
471 2523
470 471
470 2524
469 470
469 2525
468 469
468 2526
467 468
467 2527
466 467
466 2528
465 466
465 2529
464 465
464 2530
463 464
463 2531
462 463
462 2532
461 462
461 2533
460 461
460 2534
459 460
459 2535
458 459
458 2536
457 458
457 2537
456 457
456 2538
455 456
455 2539
454 455
454 2540
453 454
453 2541
452 453
452 2542
451 452
451 2543
450 451
450 2544
449 450
449 2545
448 449
448 2546
447 448
447 2547
446 447
446 2548
445 446
445 2549
444 445
444 2550
443 444
443 2551
442 443
442 2552
441 442
441 2553
440 441
440 2554
439 440
439 2555
438 439
438 2556
437 438
437 2557
436 437
436 2558
435 436
435 2559
434 435
434 2560
433 434
433 2561
432 433
432 2562
431 432
431 2563
430 431
430 2564
429 430
429 2565
428 429
428 2566
427 428
427 2567
426 427
426 2568
425 426
425 2569
424 425
424 2570
423 424
423 2571
422 423
422 2572
421 422
421 2573
420 421
420 2574
419 420
419 2575
418 419
418 2576
417 418
417 2577
416 417
416 2578
415 416
415 2579
414 415
414 2580
413 414
413 2581
412 413
412 2582
411 412
411 2583
410 411
410 2584
409 410
409 2585
408 409
408 2586
407 408
407 2587
406 407
406 2588
405 406
405 2589
404 405
404 2590
403 404
403 2591
402 403
402 2592
401 402
401 2593
400 401
400 2594
399 400
399 2595
398 399
398 2596
397 398
397 2597
396 397
396 2598
395 396
395 2599
394 395
394 2600
393 394
393 2601
392 393
392 2602
391 392
391 2603
390 391
390 2604
389 390
389 2605
388 389
388 2606
387 388
387 2607
386 387
386 2608
385 386
385 2609
384 385
384 2610
383 384
383 2611
382 383
382 2612
381 382
381 2613
380 381
380 2614
379 380
379 2615
378 379
378 2616
377 378
377 2617
376 377
376 2618
375 376
375 2619
374 375
374 2620
373 374
373 2621
372 373
372 2622
371 372
371 2623
370 371
370 2624
369 370
369 2625
368 369
368 2626
367 368
367 2627
366 367
366 2628
365 366
365 2629
364 365
364 2630
363 364
363 2631
362 363
362 2632
361 362
361 2633
360 361
360 2634
359 360
359 2635
358 359
358 2636
357 358
357 2637
356 357
356 2638
355 356
355 2639
354 355
354 2640
353 354
353 2641
352 353
352 2642
351 352
351 2643
350 351
350 2644
349 350
349 2645
348 349
348 2646
347 348
347 2647
346 347
346 2648
345 346
345 2649
344 345
344 2650
343 344
343 2651
342 343
342 2652
341 342
341 2653
340 341
340 2654
339 340
339 2655
338 339
338 2656
337 338
337 2657
336 337
336 2658
335 336
335 2659
334 335
334 2660
333 334
333 2661
332 333
332 2662
331 332
331 2663
330 331
330 2664
329 330
329 2665
328 329
328 2666
327 328
327 2667
326 327
326 2668
325 326
325 2669
324 325
324 2670
323 324
323 2671
322 323
322 2672
321 322
321 2673
320 321
320 2674
319 320
319 2675
318 319
318 2676
317 318
317 2677
316 317
316 2678
315 316
315 2679
314 315
314 2680
313 314
313 2681
312 313
312 2682
311 312
311 2683
310 311
310 2684
309 310
309 2685
308 309
308 2686
307 308
307 2687
306 307
306 2688
305 306
305 2689
304 305
304 2690
303 304
303 2691
302 303
302 2692
301 302
301 2693
300 301
300 2694
299 300
299 2695
298 299
298 2696
297 298
297 2697
296 297
296 2698
295 296
295 2699
294 295
294 2700
293 294
293 2701
292 293
292 2702
291 292
291 2703
290 291
290 2704
289 290
289 2705
288 289
288 2706
287 288
287 2707
286 287
286 2708
285 286
285 2709
284 285
284 2710
283 284
283 2711
282 283
282 2712
281 282
281 2713
280 281
280 2714
279 280
279 2715
278 279
278 2716
277 278
277 2717
276 277
276 2718
275 276
275 2719
274 275
274 2720
273 274
273 2721
272 273
272 2722
271 272
271 2723
270 271
270 2724
269 270
269 2725
268 269
268 2726
267 268
267 2727
266 267
266 2728
265 266
265 2729
264 265
264 2730
263 264
263 2731
262 263
262 2732
261 262
261 2733
260 261
260 2734
259 260
259 2735
258 259
258 2736
257 258
257 2737
256 257
256 2738
255 256
255 2739
254 255
254 2740
253 254
253 2741
252 253
252 2742
251 252
251 2743
250 251
250 2744
249 250
249 2745
248 249
248 2746
247 248
247 2747
246 247
246 2748
245 246
245 2749
244 245
244 2750
243 244
243 2751
242 243
242 2752
241 242
241 2753
240 241
240 2754
239 240
239 2755
238 239
238 2756
237 238
237 2757
236 237
236 2758
235 236
235 2759
234 235
234 2760
233 234
233 2761
232 233
232 2762
231 232
231 2763
230 231
230 2764
229 230
229 2765
228 229
228 2766
227 228
227 2767
226 227
226 2768
225 226
225 2769
224 225
224 2770
223 224
223 2771
222 223
222 2772
221 222
221 2773
220 221
220 2774
219 220
219 2775
218 219
218 2776
217 218
217 2777
216 217
216 2778
215 216
215 2779
214 215
214 2780
213 214
213 2781
212 213
212 2782
211 212
211 2783
210 211
210 2784
209 210
209 2785
208 209
208 2786
207 208
207 2787
206 207
206 2788
205 206
205 2789
204 205
204 2790
203 204
203 2791
202 203
202 2792
201 202
201 2793
200 201
200 2794
199 200
199 2795
198 199
198 2796
197 198
197 2797
196 197
196 2798
195 196
195 2799
194 195
194 2800
193 194
193 2801
192 193
192 2802
191 192
191 2803
190 191
190 2804
189 190
189 2805
188 189
188 2806
187 188
187 2807
186 187
186 2808
185 186
185 2809
184 185
184 2810
183 184
183 2811
182 183
182 2812
181 182
181 2813
180 181
180 2814
179 180
179 2815
178 179
178 2816
177 178
177 2817
176 177
176 2818
175 176
175 2819
174 175
174 2820
173 174
173 2821
172 173
172 2822
171 172
171 2823
170 171
170 2824
169 170
169 2825
168 169
168 2826
167 168
167 2827
166 167
166 2828
165 166
165 2829
164 165
164 2830
163 164
163 2831
162 163
162 2832
161 162
161 2833
160 161
160 2834
159 160
159 2835
158 159
158 2836
157 158
157 2837
156 157
156 2838
155 156
155 2839
154 155
154 2840
153 154
153 2841
152 153
152 2842
151 152
151 2843
150 151
150 2844
149 150
149 2845
148 149
148 2846
147 148
147 2847
146 147
146 2848
145 146
145 2849
144 145
144 2850
143 144
143 2851
142 143
142 2852
141 142
141 2853
140 141
140 2854
139 140
139 2855
138 139
138 2856
137 138
137 2857
136 137
136 2858
135 136
135 2859
134 135
134 2860
133 134
133 2861
132 133
132 2862
131 132
131 2863
130 131
130 2864
129 130
129 2865
128 129
128 2866
127 128
127 2867
126 127
126 2868
125 126
125 2869
124 125
124 2870
123 124
123 2871
122 123
122 2872
121 122
121 2873
120 121
120 2874
119 120
119 2875
118 119
118 2876
117 118
117 2877
116 117
116 2878
115 116
115 2879
114 115
114 2880
113 114
113 2881
112 113
112 2882
111 112
111 2883
110 111
110 2884
109 110
109 2885
108 109
108 2886
107 108
107 2887
106 107
106 2888
105 106
105 2889
104 105
104 2890
103 104
103 2891
102 103
102 2892
101 102
101 2893
100 101
100 2894
99 100
99 2895
98 99
98 2896
97 98
97 2897
96 97
96 2898
95 96
95 2899
94 95
94 2900
93 94
93 2901
92 93
92 2902
91 92
91 2903
90 91
90 2904
89 90
89 2905
88 89
88 2906
87 88
87 2907
86 87
86 2908
85 86
85 2909
84 85
84 2910
83 84
83 2911
82 83
82 2912
81 82
81 2913
80 81
80 2914
79 80
79 2915
78 79
78 2916
77 78
77 2917
76 77
76 2918
75 76
75 2919
74 75
74 2920
73 74
73 2921
72 73
72 2922
71 72
71 2923
70 71
70 2924
69 70
69 2925
68 69
68 2926
67 68
67 2927
66 67
66 2928
65 66
65 2929
64 65
64 2930
63 64
63 2931
62 63
62 2932
61 62
61 2933
60 61
60 2934
59 60
59 2935
58 59
58 2936
57 58
57 2937
56 57
56 2938
55 56
55 2939
54 55
54 2940
53 54
53 2941
52 53
52 2942
51 52
51 2943
50 51
50 2944
49 50
49 2945
48 49
48 2946
47 48
47 2947
46 47
46 2948
45 46
45 2949
44 45
44 2950
43 44
43 2951
42 43
42 2952
41 42
41 2953
40 41
40 2954
39 40
39 2955
38 39
38 2956
37 38
37 2957
36 37
36 2958
35 36
35 2959
34 35
34 2960
33 34
33 2961
32 33
32 2962
31 32
31 2963
30 31
30 2964
29 30
29 2965
28 29
28 2966
27 28
27 2967
26 27
26 2968
25 26
25 2969
24 25
24 2970
23 24
23 2971
22 23
22 2972
21 22
21 2973
20 21
20 2974
19 20
19 2975
18 19
18 2976
17 18
17 2977
16 17
16 2978
15 16
15 2979
14 15
14 2980
13 14
13 2981
12 13
12 2982
11 12
11 2983
10 11
10 2984
9 10
9 2985
8 9
8 2986
7 8
7 2987
6 7
6 2988
5 6
5 2989
4 5
4 2990
3 4
3 2991
2 3
2 2992
1 2
1 2993
