499935128622428175922250
785642814744687793908037
667575933433461346837348
477660620862795454274609
517691112522545096240936
359518124584273996250793
405156977659627354238170
311105298772686893886329
329395749746852105861792
830216971281923033296833
736530013538762933943589
666274741802021356691572
399302989269698576012605
790304372254346035356881
190778817835217941053205
719352475091575872900805
516956689628356513706690
495440458126334846143210
667733037389110710989008
528069671747271041594905
390628006678040994529901
571198598655612640901525
431559957682580490447410
227219247021548218936804
762555773544199334800616
501917905424451260962541
458699335975196393430985
478281681173629044706385
557333653829577438322865
324896331556082733846625
493900636000583594769389
610232401794326267198138
481275158659877118426836
467379420765081114483665
737279585428796543179594
420313502303462168673476
809893173353471360174045
481452306004724361446893
380385953434118600439952
507066056351825046392500
338198063754406199012621
488566237000207027502068
543293217809838264314024
513715357328579446461970
614147516431898129413853
813013958496889515602465
276495227471233826662106
419153695397027276175080
329277598242882854854925
291535398846654217673609
359977801831052517631962
574991019579663930068212
341478347161197591303764
486306096855397463674993
533045703401726849885525
519319520297814009861673
460526609755916048014100
336544985759438822158125
595270798491018592190914
333739665371183889640445
622966745611524265252925
487625341039021560315673
498088990225830112354754
819129770402170307780698
715609527299647490273378
442563501340548182302240
489723802914298389812884
423220614640843022813290
680271599250348245460770
737543457760092609595850
776670338083576519931737
609695946719142160708850
821315332432871561985680
900292779093495109449725
556086915597692810274500
466439087144245816557805
363374227464177735502250
340007519959159605043145
663154554206672301243130
484037140114374221153194
563753927541599348481362
405160851980389535958226
404890999325235751464289
515850670470069694082377
495073025492220978713744
549980167194700755091009
308721154804917755866681
178720975991883863412225
540596442590143596037705
522312593624592347876049
538896096150857191923301
167444596491346037627065
354519882124638182308058
317854181674091175543569
694481774802241649487850
418837326756496817914649
602129787029973512931466
404882622065699858122393
606292906191502960309177
814772100189063703256180
619537423579532442649450
466791861799185106702500
461413633879588168281373
561330634183206556783549
595437747679575603991634
509872830276548091305173
582065275575130159401045
358480616026327473335418
354808604343948864328154
838677373088369486551669
555304838711860622454530
498597183587211222002976
306210566534326212414212
501594910796934767872825
464462166658861785016445
375020710626928499592836
526282725170825285964149
725243581665841194684533
654085554681954457666341
701633744443352055738485
602741246773315219469957
324499667321525581439789
550476366898709766810952
378150366024825869040449
651915989674235736363010
635121774962542859657653
544420903592571482970722
451271330116672178919005
805073396821521919515250
145476288935486881770769
664677872323807120201540
269934676270654487943892
226522613223448495121233
251921339806423381046804
532748938346853770778034
409025271098410218675728
670729550819540667152778
450215304854867610579817
465491560934568273827913
461099942580725661626660
511836454433101391817250
444613575883426358128666
347415748254918293112018
546641475353211343714817
754130601224920344932105
390829521929904062342208
489381367664978086040210
676029574791898409569149
375414389127379236046084
321770511043203115215346
550734841944887653913346
456532240799689842741434
412359949818426898350585
343174266573350261417377
216538580917142716780360
675116713659453854239336
868227801384642531241897
695386936450600653074869
776404047414159459892232
461859885868897707956729
783862157640078929340853
571641594139122364964897
409995678882257485519765
358625340830698802951969
522103941144713961757561
301249871545035464919668
471862166635810686659513
620352855411729662302720
532198983463143784988353
343647653381690887320930
805105652384108765075653
706161678553585300781780
593534705402285724526681
302923153834772291459665
616188480637054349534501
491077117998057834894565
320589534596559972657226
628709946494612852386417
387494387318606025598090
443209373989202303266585
536720644444654933661205
610739508005501827223752
364235100828732974812802
450021504836291232106354
409217479810017975804788
413083467969574474692052
539693246548198075653648
664486156412723817086337
591536876671438050706369
648152468161312415763530
557381163793054352915593
465198625922865722221853
430244262252837426992660
249266365483540086342657
620043199418064954388580
572312737214243725840429
266070580653132275418500
600725685948884547763477
574297734464913920344325
482644712498033029297658
791398417530847090243149
399495300189376847563850
509438419160545801776506
570379927226229467002849
406024802921164404925000
343362285126009654975325
338776369480301949448298
411282156338377707342404
515040634837822187665225
467513415764076194671993
379910894319228929764354
449592414635306368306530
479599293834949114042826
418600465795657022116322
580447249908370689009325
557338243259608603533529
272313620726176206747873
566645345308955735846185
545334211023004634642641
476821940782405117342105
448895338044731042317992
444801262980408914523465
656296815816803041070612
673820869476202942411268
341566324460587433075501
538267070538753965198500
587300303748990848867842
644030473689892307816900
440167026440688556416464
529428482133033117721194
518129601564341319436885
770539045808099025709961
551537779745049925283690
452267539548462165755825
655537798816353059383673
472890340248641188764581
375907582670843589118096
484166909305927891324049
558564181409035066365169
390297418150053423725937
626578237015606560235253
502894071232908637947194
366557473153822119806741
508767752436957230176877
152209658220182327036077
254757011395299636892360
311227486739498214926269
339083939888900884460210
726461838507082563610093
418196485032410561604921
345883509755965941658000
313621190794986270994786
510745057147995226534449
731484410196266246720276
598630249860909033718900
827045105920258539907728
395642225618284141733832
638383260601212949572721
528015405094613150716009
646429640571274593256002
551929427925933483829097
320167566372200558346740
334334331677292813942660
586673675386176486398845
495202947657303431212186
949222321542670903289201
602758925142208505933890
481870804686629366520229
707304850433199629577209
530653443030091085133001
372726360318421673277997
507956444568600289263497
176717837331883415702132
889263732748621104602548
490645794997430426946877
509309460950363699522650
478725378198893212248989
502570599486255866409721
750443554252273647336386
828177566113653235086221
584963363645852962054180
400716407882178375724922
533021226620732389393009
398604158151109707803620
571235886075734131404701
225640462594989090999965
788945033672132665103632
509692482282913592723765
666686964543492863351746
262950318716347671195181
208654866243150865210490
289626629315434836334597
305339223531215168407213
331748979464187491711665
282612135767682145515925
952147762994933906068813
560614086324927541039626
843660061300617565265117
509998549816106062119333
186264081025691334310100
420677031228201158311525
465757188457210407311905
352231570291520765714600
409589122228857093861332
302509773600558778968745
612419323340722900551433
280447648040265245713066
631290316419892670519417
632147846286659783553184
377084888226009640654888
551129694640547073719869
626128896395955914987650
450094302853278803645525
442436609682181638710441
342706730539871757027097
380707873041274155164525
332733233935819038606938
467570376379938647081369
517659360197084646956392
660172469139336342750100
478717445879556074805506
247051498898778346675657
555980895284936198286617
376428999504622703504072
407523003134874142358925
816425140624923921383201
713685743899730836807477
422401267795890081162817
443021555441146227857602
280483773678148134292013
566612046900078389613640
768813870408804711121842
558176722135513487685125
681015089566049951241652
395882064395307195348017
325044850619521917127445
304250156439905337879188
707881982799732487541845
328806482005718441823794
695554025763175417672325
207811513507774202843156
347089967430936089019993
451014259052844172017725
320061613115874905662634
328421257620106950935956
398144833850926206023713
626642256782230183120874
375778053534980774599225
319408238136847410196265
445528273354288625896064
437806967266846942770836
494733152424866045635600
236425637305874137658706
443345383208494312729993
689476288580954559975277
418255017190175773995386
462377925148347730321889
750468430495203251366177
706713253973710102284625
499353658930774689036445
268367922434738483190133
348821396775337920464164
533113496827503762725396
334811602315191177129501
541717590386967193615765
281577558178724615375426
373209691150671592346002
641653545809050139522105
871637305358856947650000
643990995585589532930669
530583214859456320975293
574697883227622621740849
368745914567134158678592
525777699864743388552208
558248744700955195200338
804216650240138432619985
818614335339389882826013
558138412854602975068393
565479796497607017793681
556418189411078338058900
711425051532683894568445
520342230775490181388930
604078619099089297405610
765170865571391768296057
678871888652132518814600
537302993086959549906037
723397410263105324419976
391445091134105768227669
524181031762741984551697
554627145082262277116921
687044370916910103518885
718671642359716370822521
493287868242469092585445
442200002247148636158208
642039360864901190143048
824019369791543379798065
574498893772989015378280
695954429191064043020836
747610549860594794533682
383215496115851110554565
597936827322218815896194
148703346861691252309450
585398708975357205802256
172909699097025001730125
711342849859875457174765
327579421602977673406930
691260105402714140359749
690436812615288335045338
576361678975482833041225
710298117818428352955497
292555445459284970052953
522491191385477865444928
264426440021179717747280
349298005472028673079769
529416789523525182835856
664044758802484981646866
254167165115775731682133
550343209958555087539634
639156679682879122865581
450632992372006877568818
460027526434735280352449
321632778180405520161961
620747538726448753328645
606692671380321151111097
637849373383152092300228
888192319083912211813866
785069081740640238619589
536110140767175313196225
198429441584952853433657
365418850674307203052004
682588719410765970816610
464840087568902292031625
606466784844759691671970
711707822784693891815125
791790613414068139920002
479477528917650513653890
655022961211685262940162
405035643485163529473913
286901850958057763452064
542281697214296762229253
569532849864020364756877
437922885287706189922753
443445284902394873915138
698939914338671278647394
307098401167832476854937
509829436871410096104925
342538960242781779259536
891803139557199072149636
702664087606961325230761
426571208245418235703204
724725369794747365328360
647000426565861434788573
574390395387487170701605
413670231369261180994329
523403418746753136797330
346625556229126042375005
545019186558100612260530
379748525072526415790773
774197212179311116471060
665427884677739783811410
336587326238638056506274
466049004993513384170130
753294740230173806472365
585711585984423572937250
505315316714366013093850
629061013863544974804616
473839112915999987477760
523704552059586205204321
400991348569310153039520
422836110863889030157061
758695636093153635360122
593239812914640539160725
425732179548762988354778
366275155614269594264456
268602481964222120210669
389458432826773672125985
551437428584483434281769
552966423278210478260368
570715194720623106776437
755713113701209904874285
506974879409763992193730
488635403499683124009085
548560249840622481577954
473684896424131823411140
413612536912544617968161
248693632457468621913685
185643456787149344410066
667098134049901154131450
464828653168703694654562
597214004829297955123725
394107859385515782436420
415142091345282742553458
654994512091585720783525
274066686343020658515349
355847788298553618780680
167953217316715777732165
524185468495272244466221
962656421841856734958634
653217771490211090678932
240133848102803970500093
466558380429756095629705
602546333141359499497301
319831065113436063390053
635917867516014699107077
484327032516202989526225
204615356862254735422954
633862065705786529112645
629841162803542898278745
575423538040700432772850
673728448002275299233385
176104626180883546796836
717303401844520454964234
778132584616351995714980
781799642420326571835610
280532494426096160128978
162166733527316435902760
573576506116498975903573
434986293137866081030250
440291073899665715264525
687428107272303038685805
833693012526857459142260
306755512948519162838281
337850694849859153773444
472250124313135843371560
388410619188989101072013
371274530154212020935700
566987967963685248067028
613588019940912151808005
633775522512626345691401
334087116376346010137605
680117429304518546500081
493711657713423725716100
284440434324440279792306
385041768711043196157178
565752515749689802293812
463743856306302174541457
381868475415353818597973
600014776137775609227380
653459246015922264260036
479312035858360618227700
425215137969662846081818
427226600447843850813745
846602589313595890439045
546807488484078832016338
496059473459883903624185
651565665304209840538242
515424874117558150467013
465403840111415783889396
396855868407765349390925
491693606947602233635541
559134018243197470885825
517211185155166260589986
619432521174366998454800
244060263700207871846093
935996227635589789907050
439027974162274930725076
483929580055555935018770
298146679772398357763090
520838838599460385904297
316604486576533665005984
530436267861529051352128
498305723961700753102106
640514431809429227475445
558803737215665738888360
306452763564830844733557
538618309262698452968417
376349123134580057916445
572078026483136268675938
749208193950693574642285
257556951567056471807860
609180253845941986760250
507299448118000979009764
793924802172381912829969
715459026514185694583417
436184866908367150944100
671725127865597662111005
406754699049698367994250
601983264127547655273145
410502136440790571898265
846291256474836338297860
353483337340777440963890
606538375631515726365460
411354763016017723604393
419443772985758396069962
517148337789530258054945
453609127040324145623234
540863714511945483104906
529212159585379407184010
829165866147917994716386
400554503758781171258357
481146863130815750243316
420042028385407406838082
522687626667619648203965
418571597736144157859797
447058193468906840558608
310749594795396160641514
647837728750845872937508
640343074142784594252800
579605869286171717606560
460518614402506769915530
938368543476804304224125
594334028934423451149625
502929593850376340167796
574704386518978756231525
475149203663457110667589
809660317038424728445378
488898285006922933544090
398015794309637103770466
623128071716521201571417
787305651303635917736994
525236136259543390053549
287338916830308188034281
709858440045593385082628
623596411029874957733305
366984573858904713293105
411959634935205380235274
494956994381524792206050
368741229452808319629314
356855192463057023317226
348591770936758851100450
337332584942483059871338
752627634510558933456802
825615763363434507827328
620618336397422360580897
514206650404873984400649
284069889348803818891357
398808792267993401265677
415935417446797327429946
276772897002498151353074
375519618094716590383345
375138612672012138448330
338027597479130075555373
435172548502044976588250
557603847573512388680330
577984064595149339662372
662087008944167554427121
469442946546367452927581
168026478495761625437584
235296575828858635504738
461108738588574792432105
505772544470075826062165
748618155219277944437202
361683346229820014303965
305742355174660473970576
480014534496799074555401
470670603934573602390529
551346280164463677103989
413204244792823447302105
547904063359589627019073
571911361265668216570154
674825796833179878045338
318447576056745872464010
390182342306522793604145
805619735907157295420426
675335963240610520404730
464227972042605665348169
508341667206472091048776
511202257236495632327138
595336350652282180006312
718669791707155866068816
319096206544444919247892
507157672303429832176285
487757678382310290055945
466719973176478653414116
559137493292425250144384
539147733224741995746100
