275045049143538283383097
386879096055119849813349
334811952933908180672377
474193076570190423782352
572017174966982778253010
536102753392738832613773
309099910881974240938169
465194832123563157061121
342206813632696160916962
305256719053178571644500
503810177173409748964922
659451513748440777484240
496169642825114519985764
800296156782086009784898
541792557181344774601589
636871802581331224391097
721704145726599232270340
255971556124239966193193
439117259483787375087965
326445480556305662478434
460999920929297784241117
699447620406013889225040
560937513335414600834674
455671847034408849290420
505304542724764224215072
245047216431556239060232
398940744604830587498506
338289861638030452884154
415438030911470874211010
648193399964893672456004
598415010505035961368314
280056730713429296670805
443343316601783898526085
359565037073745387665917
705453197848382629316840
538174028329320241020497
360704353240607777562157
318206475931261803323393
800853946498766915151049
434763971309743389618625
271135528688214675846245
341140754713882630083965
506686438388476389974657
412696801208555157297929
246907286332824987709369
327525064848842107534480
652575516886710117057130
444283027866922445472618
435753861966937243393277
543491545912010749524761
627829698847269680485096
212940873969175030541561
648676827092073803465605
370043430278882781666709
442747369292264205593885
386015010573961154729165
284944989410523570324629
279543899755749712835090
647347294605955571919325
398349186706291316760065
881198601913863341610665
362210373384548341754425
428959146324344649183133
295781146825890030283953
490782382209051108819421
651852822742810881770117
542664844571212149734298
830238081709716703391177
339730305867848572704581
406626555590673033145925
589710314883181196917337
543061235507451726642930
274067464946085721249930
442062137293864664052881
506100680486411324822245
408510382078874944818253
478634172033148613683217
455923376237154846765725
351379301599168182355826
376569754338669055084180
658767636955506129324705
463157762860768729283210
346200244575898716251560
469964470154489635224965
532402686480997284662673
598311769542525157460125
572329880183071026188309
313757106250716195634769
330890824943207319493250
531179319570971717829825
393806844201912806026501
300838222739644457948677
136946112866187452295760
493177634266507301658482
457633274273999532217204
597352471145884334703917
401282382575762580496370
565761857056839844648130
440723442658515276703145
455612179853702364527245
328139625377429242237540
271801324520942027708500
356694619107444361650050
493767835093488978954061
341546663549965408043021
464666110540716694010788
631063304813669512717890
359864872455732962209322
612858728598774197546624
644199552436266512228250
458848310485776065631682
621587317395912381001017
409018923899424266853410
476048933620970634877177
394193932687009386518098
660491338728540396085768
241288783058610047751764
332460209122991265910626
243831387073218974383810
418477603228900066697929
283159515593691940794418
410837112856270473419786
361401089365683468108340
764219070769485571436866
156377809128786865390429
372393691910018696348650
622257346438260792565906
430202465261093935833041
499094332797640361585425
613490300202841757036354
474301361304117167990265
627885223563691929948489
738935516067048412522789
372632944322491009143346
470437319062434833136784
507554621079142363466945
664196691426837980286564
323837307330174536895218
395896491733245969471210
132450947186594070276205
493222347821764749758778
612696599650564010925668
286030976017834340868173
300727852952001942867650
544550142110969814880993
411705085210263042283885
251947220742641201011205
375606473830829886444112
343200450412745286329449
741029178114891282287117
641723806947050038558553
582020032312301604164852
373078611326085148695434
802742653073558170537009
212647756474236671256402
638074750270727496622585
411545010811460102986473
326254243735329104400874
647284563595875636685300
551235501503613056010161
623278589003854595583473
786711556441389186892244
494533112220157310316377
573293526414253335296258
558115957131388362284265
263546412568412034873268
334613788388522384372145
555178240377067282407833
515667639370079055977217
750726326622197534730025
607487927948617573703810
471416298720889505477477
609152490139500411067400
522327803790976382810225
442931054357236293721652
510269517173835120497945
346206056843552020558970
567327402434902100405650
511294649084116841264680
526373652793531956969029
750961136789842735504250
403134114427015323018105
353829257935032907094992
460032846716534353776698
250210754142569499797642
773089088554122993074650
406373160536187993695153
359152201919779958467994
431558032780017064016093
667487699163920535952237
373769447291717923989050
878258454680313578529320
203481057924275616115156
499125333937313478455218
235802350469238736767272
457558322539447370119849
419008358485426723691984
738032618266212562364345
490830793603204980667906
309398779093168484605225
695571406643666897220581
609069805392427919921474
486971583315864549398820
566808366469146222718453
360074131654995489489165
430196339598572161941442
499496032854754517852045
438377092344204169386772
545022000515319027596530
314616717961101540328565
740633865986590141988141
636543049634160255350585
335456714271676620537218
429359076699945120411917
320949820565620733733041
310495518877995137390597
451669587955207198225181
662039730508334511202505
694301006185900119234280
355694274595876692453940
435651917335717298455556
558387045725602555887680
455481281232116559938817
353829174678281474972033
80969818185462145618810
629835498441176573124965
577014367838566104755050
528074359745650399805096
518372868007764550176769
177378333628225426616746
324941782588577823837698
706086665619143083933978
379480284500838370464970
725047980129659688415301
615458931808052510632004
477959262121752214011205
377954719341997233041828
783826966359605498236250
371163202278971211908000
723467808658239942755380
632827521960075828958725
514616404005360815387161
400461263440699629996185
379150604283715572609010
198154219429039258547185
727235968151847634755188
616454205012130180381844
685971698423813152957325
447061111244682942170033
344387381514421880714202
639189897649945596064073
448046712780554857329805
704955637319309210388946
700997138533874640564565
523154922131717964476305
745794088570159717898365
556751467239545009954557
476543623063705363092301
257523219477381286887065
252558445169183843424628
186781829085435266465210
305853275626799124106450
353482843607264573532850
409296845304460863716040
309485195177289273590746
520776681398855333562805
376864814590017406052674
299328500312155023358114
479645343398660045015168
506005872141400378742920
718205156463756200474794
502412759967853691625546
534833682517847537820585
423769641749858383602517
621210423326324132324026
466071454976748532784416
695419868367111240484793
414340740736934552028064
293913813245263704322336
229696404040008919430365
257552573433771081316450
340433936203230783941281
286689873681589657989712
625343720236223269487477
483576244241605602041237
567495879792428187504612
621857242869761008583140
692968379248778677865050
671205098887632795388394
386146900110546024402772
769871276575954336391605
253121204113748442092945
364283930657778135619061
528344553895761119236785
685263379045120819507664
339682208599143911240721
431573687855678653044605
311048730244456373228085
575063169187152233895649
731702226256105918977085
564682632211752897970177
519504849160657571492389
462862976366146562265085
551790933354636375332161
335018582917525229707714
647993856264455787052437
431772232994914401417101
470490056218317078300538
232544598655186292425562
300085182921798385961588
516314667659110672949914
123263831420150373883250
342356040496182945529805
273401546135702117882132
537968307922943189208232
729466591627353213517577
212190913850352641583525
449081317104755507132269
335578254132857754684914
340174951906991287897442
252505951363427074099477
327248063875948136011642
693173781701683957921040
378268906126859219904010
609814495156437971965864
844809803871874791548130
533363456768984086005749
732998230054093415644713
481380203018487377062852
400188426647847044518226
300447985935704457911210
265337073972194790660730
847048407549844807460933
297500652161428992415540
316537545896256020908850
517395771861530238392053
721611647236411841871410
219526437542286454635985
598424370126219276162244
625671543144542854092605
635860296510075017752682
600369048882282596047850
593170198144966048530898
515156250808216846136810
341450377653506742101533
549748078463774487532570
445040852844880057280040
450902044209720394785089
403343428383863024090345
392618374531592208061185
282198680915172292448698
654737188408925005403209
729058068194241211625349
422841337260499763156002
534797235711382856659072
302991576576811702354201
627946210446703944552565
347191801007222595239440
393929599782947865808960
459558960176405007822352
206657895914749089132130
390169887238033717231745
407810375135545819300889
447716163614983996061690
297884201013750420229184
528049832796123228367501
507019742670394707017105
181219082828117263363586
658861170591665803390085
684662746417344371017834
509193486657826635554825
524846183572875144937349
646569968292446079874697
730512721885008035024685
364584787664771826646325
452110616858726937842121
290541836817371958829562
784862819475332042744426
476448194545065495745252
580903104058293408950794
609861649694879607658625
328568169598347726734612
337350023942963745209834
590808646893471395553034
201082818890084438500481
286420864752674382703985
561643302403629318196285
543074424980622375071885
753028127386694897082880
698468037086580532202500
388366752899369276656450
568148670065622695945733
863528251143976142332900
601907968993631056513160
408117401500500928344897
357550764842156319056465
381389642556985062532121
379804312478162916327488
684282172346286103884733
236573590469941182536000
265353982639986774050720
234049622750372372281796
804832958896493790643297
405089432485526014305605
438048750555274841109268
249856964317589064126948
508420711244529538955461
629734285838407863645845
427559129066865055694036
693097629912671523487117
609053610101795986706692
236527953591406047470050
545644425267126258497145
522647069122491573641365
482842231129729316883284
351779185123975271046250
513089580445799378840626
539092045169077340697325
388332498718175882868505
417430002651635361030457
428091590084718545299946
636429448663083060657641
530785088949813358167140
664850128561748379399789
627386449905273824124005
413680742027825550477557
564972842531899104039425
561931880015094269341700
261194010370038264379405
458270828459894877604213
456651408775705648914581
328242823677628581725585
639451853541925207715938
324380866587643160273744
473023491554800677199565
177349237064160426948170
377849724618147819491897
338732132882763671985488
286738860397698028381189
650181470053881411446530
405017449357374770103626
435485482777336352905620
512085223466467431252608
462819701162858402350621
361670963657811900045409
522838074645163324716628
338968701423855884521746
567142472455496753861629
421207639869278823738985
314788365080852523581780
508419439850453662766525
365275989338976805863605
654403890581200443048968
859978866634973730529893
387188725488817074124448
361045307978899276691069
687983124227447117508365
479645769035231617284205
503023103315738519868821
312433203841071408178785
392646080354349133848848
398461651892222694372781
538803493335691403705002
356111177348167737320186
721032996610278942035333
658646431742912524725410
440897033408102866993346
845190825858362040987122
479790860588034588608040
622580012440953341032997
648635015378148182047241
369685844512847215771730
719065431830015679057317
365888634658343175794717
622332714358672743412330
455070402829116038728226
759150292578303519638849
362462852321600140578149
576115234530537830817285
404037570162280346498266
578815328950918161720853
407184126072857217453170
249111168779091865864213
659539727047904709818465
495015048379948932844634
528756362993359540119188
112287530009913414672385
764556449435611651576573
490841261703396521621713
648732820871971291507682
415317868849139200382173
546503959746364965189930
543141218372221764075170
313493809654594379879578
436555274974148934965738
415266535528340080939978
358448799687257195510068
468741208098898243728685
546436846820141265960802
399441462812775217739825
564447429245159075704400
467905301475135712294937
460782904376378466670625
239921140026595215879652
274904154850514526747085
326952633804681399066109
719873043488596873075554
726031965593397806400881
436973959302816168673714
378279300900241805768306
492561640033912972350658
364295005190329798153381
479838334617851294182690
508687723335459930084740
360203885541415281925450
476562595076450164569605
539600321200993561669348
645790527975810637294058
454023791489390633239117
624656732139547802964922
286781268997539977826485
530233212641051508460253
588075250650593975617637
591703246011658659123725
234139698049961678221089
609147636919510445694370
401948350571078246542969
500085907514786923891117
607308483076023186537965
312952776259226017764665
451140221027316722513672
586675594274588461418885
804084352745358628730788
587935035160745003415829
165982548544392806414666
421813377957509085069290
330333573261166233162625
392005588869810485800808
502315535200084752776530
500777636735645444820800
708430241707210976388125
486479487769698069830429
512183841408623612763050
576671323378898735398298
573103181457215260936676
435195237277875064090945
220890446882992152760400
440373187022940901701693
245728836971899317306036
239320579822047758377898
390425666942200423096249
539713006534692971705204
486429941609566600079905
639989201985674150528145
623236926736870381285285
397141305521291459400337
401372547744099003528074
397979955639607114802377
420770660425389221397341
752864727192072251221684
266556054151805552523533
701514205234842715959762
702830007403951095073089
609939208386071571300200
693360460475929959177725
394214723852973174048173
267075495657609583773992
340161863183207251239773
429489699539472670004369
687930314776464871990661
497637440784997247863360
326970528696285990766101
644987438892113132978000
831497552505438516757949
566278211419324363082077
447083965974231166846096
745736375319164943693017
306287026549600308220165
512713882861666512117097
611085616872392260087880
314301924691624190824385
514527401143213678876338
777680775631672069227408
591640648514809487260136
121597542098341801724789
551482843286317548289480
639747462631211439377576
522015442129484460464717
495356500226476619934920
477524511857186013307765
438012107723913498631700
431251862461802673209010
333241253238988608626884
482896412610521944176985
588481222898155068057321
521253312929928703134170
426222242471949064884818
725163622375434920311465
383863118903620000034290
467827389259351377444196
583455346772386769810810
512146901604452930158921
522159041730961390125725
439941470180192466877081
304564466347252344219860
389731827821643162053570
188030584127739087716890
778722461841753656522786
562982811048401763592612
546024042906313169838820
566418966379055993705525
720552527395985972639057
429090850332811804804754
653241580909969904657005
522730428216675142051573
574452149128207877201705
257602614680746448132650
563980985480283077258341
460585901048757689936925
337504833544756349718425
524329668355379166782057
575410601825950569990728
372492153961647841362196
472177083119807682142354
658235758304288825342280
341404686616124310925456
627524135560503267034765
309946243025386556928477
305335496056002335882660
430753471562895839908729
830821756711018408149960
475376581206631622755210
392657354610270088039220
718408568039412356241725
684500841077854845143002
575042682937369670338618
642763814990907998722009
280856183803546253439956
480157452743089675162405
467609701356509802297145
692904410799190562794562
618461585445111636945754
412311877867616019205601
594999636591409069627561
607452575018539196623837
427808026030877843927965
435098885933140817379817
627045434071115582110361
440670493030398187567520
423991724970125575104832
485638584652068584701384
590299234050400913578832
634298499845024378611865
398121492248261955406789
688779755670820489700821
497774241331748755157000
709646519823546372814676
334371676119982275252010
259186994638483726034105
683729522962792375399805
430452491981104526920573
791660742161413571705349
640282057694242437023905
796804235988246347696957
504885093479396425185416
182017242515976616653200
