154993330622893511376765
141889780726328246519825
213266710999703039947796
175066382635916240940840
67357316327571838887813
220572360633585130040345
151209357354555163825185
72027213531818669974034
183480346108434190106002
44120860994205966259777
106180759570167979951264
107280746163130900044852
153886432676063133734993
165377725633023671125217
135022933615918651067365
208076041711868621511113
131496285594211421831257
102499766638829381538900
187265196890294170856336
183378825021551648666869
81319777325817268536145
166649649998340575733053
132103712336225531519140
108921938919668224988872
147576273800162266250146
251587848857884889007073
112560458911156395767849
117141574754960990903240
79062403134778562360825
109898453215047752571850
167658187040706887029885
221521414721981679310970
202499096261834368111370
150945037855640862400330
78518726281843241298580
48289817585098867302225
168211466542536054277609
133313230532339726353865
120247419646523534441381
173733160920818480945541
74547959957567417874193
239152424247065260880705
156051261641564806285233
137825089834487628551801
120026580507225860619208
268195081750048264515652
74342926746421733211629
119218437854937067901657
211234562971298189569817
105761820090005947185232
226164578469499802326617
124432554785110513619976
112095946149501206677460
96954445035827628011050
60680286441496599191528
89835068101229584692290
167781082677140348130793
125138142992478467439565
111732316672424402354749
176257406893633639574849
71274274660872316453393
111754838593657560628409
213254475887549013051898
143375482904958863570857
184529816499392572032026
142048949430917420160361
80427292618521254714305
75142325825811276318602
144895401076582476090020
201459259497915915718021
32176221977894262761186
142856950948251052560489
174062185759008717016680
115031381235250529003600
194301494376690828490285
143499753537714486339797
137021427641437110921956
70977258899497951300228
153287965324879464115060
194402825617837870295057
115594994687532109733385
167101807079077651793178
205722065387972834961298
89958897231117233995089
49684265344077703893625
218298368047787110786820
40858064301234101325290
216687891910863127190813
120139566089245987105098
190233798526592336268545
214939157938923915943200
128520546653705797452685
115511559233611094947728
90428361518920467419722
261713554141944567093220
131541436209219223856605
183642560180393707722628
48252656633340068508212
32335765876528879141485
79376870788233561130081
84661874650111323925001
67236178184719380877904
117131165466293446004610
178613361373354361228905
92113982695998269833672
126819538778330423067226
207240725499892707290400
114850698017921498662829
171759995154079610675825
148192788235956623247680
234750737111194616894093
115963331452930294954921
79472119547256572927765
158162118512286474552772
136401544019516163517768
189615797438044201816517
82874087768679176116921
150174366870392402518130
213375138322690167631496
184069279738650352888417
69728851055136608352680
205100048059919158073797
169975609561944645261700
162922290684165030907997
210404191751688820146178
215120498278936531186429
147665490505972127097289
149888204633428355160313
122228919533283877556857
174862096322890079063729
135782822265966089576528
61519664120503346556968
134814811542578842367060
154854332499561281156413
185020917825422917742330
75056871664040258996149
165303590922790199807665
113188189234482364019796
254273973701111543580525
143384164122805953629285
202415363514142859223284
187414335244225495376757
240304589777236899594914
173081242440464778297245
78576473192236054915837
133543969659197423178088
187318203690603285953077
186106987490667392611865
183883038766203011376290
131568212907667529463641
188947679831774207662330
196435036234243644500066
44175223909472112113000
61680566378125395012845
214105704368602507281085
72707705676697719368218
157467431028241383744101
97167946407649393400570
241761879851621439120626
60794263050036517683922
57441113250936046402865
94178870034186782379600
218161503333398645042362
224069270550370638940882
155672255034213601151665
166210860282809416263410
255459910126303960536850
78587368412652183790301
139204682245513349292244
155059937807743696607713
120612198962088404958980
41698705653882856430917
165388173761518567107089
120434224071249884490676
99326889871191246319945
86930088672467881955746
97168553258094510705405
117165694351011927381661
45557718000238393402986
114141092094478461224018
180583115588204540640904
156322568548558091519226
129822404397929870274612
189777923046338323673353
78909079692077844113768
88669011543202059203306
123829449663584459401538
183971699757099088841876
218328785345855809664325
249387218197369897091033
187057658283695579798696
170745850935187149073933
56346128104136061948341
128501737817380874820305
145300446632901090558866
104402266868017078896202
153283335305627394355176
284573491829286434248400
155828790499994920056970
120166827735213229017818
162762806268951017049290
223079658315922269382285
145592360626421947708249
104589028228503298268880
159787568950073809133765
178284492869438922476409
126078192065242624668872
103651884949532654351381
109801647617211547031225
39640801835210446163665
144511816535680037795368
162516290391572806997204
191803074240755049111562
125552521982299441608013
222640716142331316498920
191245881385477346481154
137026080931129874362145
159274973769060786152552
150923234938636409002330
79868273324223154592394
109087892308223437442194
171037130931062422138052
147658176696431740908421
198659436451010890924369
66909170155437113483353
208781145372086122461700
267389499229176979008164
97285565892427629632936
142120191830830929390029
151138615563217874208800
164229863706296642031850
259970373209565729819410
123951672088898550764660
145357620612717515391397
231299096464808242405922
152980864603640399228626
133879895342587762408441
100243530565680908468330
117167402636337354416629
60500640789701241118625
95954810439199343739588
247551889114074625010485
123795210701822711482405
150409939344973975618145
120114963102770287802260
115449656197367035089002
181753218092497750863257
190199264544483601878068
207515252442206244211085
218245102046163999556765
202943341115828087160077
105163979592052189674980
92489322977272284752594
213693531323276292100421
129179662094099313182720
186328412613443647107665
266638677708639351757289
101926218479426334794809
93941156456889925563362
204691963018849044640610
208345679259196256907705
137064965454160194487321
147557710535857555404805
177004821814976219353505
79923285413132751075946
93300132728784815123170
72731314139079733890029
104750540920862433281893
93415709088325997133282
163397493269971494615666
147339190445178746928041
191664366186332849860418
51456200389535819459353
140862992826200774506474
128967523439902488831802
190388033961003998451562
116166994656081291170338
145162658207889070271749
123203197889009152285709
77299967723777316522041
180675526353678270754177
25934671154031013471738
87856416092548819687624
138223366789405008283965
41417751816380895479653
95841107431941360633394
188949098584301229132941
226821583310154525296116
61004852093790462622672
53257495603032165690409
110725755657225261354061
264544293567832129237000
70526299372921405132837
166942759080075554146457
202832643393633291574978
186875865225838493219650
218532523101455924772725
190496444685963574064050
142153820163804077470145
68255482229012079110765
231792486431238730816101
224407685301494613482645
136217804275966432702306
294744263138529966969106
129884397028496212954176
92512398306760771253017
47725388966959903519673
267542130280349468894500
105852456273976076815666
143193243681386796707885
181824722399503926681956
145699577158559895503605
104386232361617220714993
181511782589071415296709
224724403921512005736370
123720290146733085792100
118924989891658864018442
157220740386370515408497
211115241314815442600197
40096985502142013812445
263069133430911563287685
180535065620022369482900
57968352439205953897093
254976897260371490176912
228494043837222833197684
107374454786673026963786
170574837454617844414725
125087188173177499702949
56458942407409669348770
229991447450143824208121
282095969544292268748578
187357246182108791439993
176483628636086578405064
150609065024824030527337
110075871629158619023025
166493409324879345669405
181047119751455457395050
194094378802926662957425
154444064643677917177226
223317513892066710397489
72384353919159627360929
184538271065823769848896
165195769466869012456425
68509008613888373568145
119438678426032922402450
73508503365856334649152
207946925146200846061485
231782945139738460340098
143932064994762341795984
136548087531204951985697
159660966766183014945625
132869707749560485077529
175729125314868933179970
177786555657904539586969
169936219332851256504500
88066490214778088213650
57260272195914775757300
90316030341063564946048
108827387286791694289700
205830966119040626204917
95082309703637203617224
240359025361073542775840
158595950775015305821129
220788056849683231660905
107383221175660733659005
61751683287101030328481
147045406236849434439725
98017078225842376089604
128680160046793381558025
82534142259818038560733
132659253348313559694746
146068915978584507928352
140083973697050894298082
137854978131738979934546
213684367577337522559109
60580903009987081500565
118371503534995772156944
117339147607068190388201
145111964547351242873480
97711704367274791228513
126384181723075747016660
175716342722549948618681
204100475546854649237185
206257173375182889349096
91929467289543010258777
184668582066941354579401
149206804983165505747802
140640378390923623924738
150056322665936652195185
73337159904479932910965
240642075419349241296298
100963694859548790135233
96111895726653356985040
131116358717601858092293
113085052296141102135865
179060199312377854246685
51982183775798500980370
234612046492005242057540
207712774894677058665940
146008565888526443713489
118922555781890450592125
85063583651799531689677
162277932752422793931005
201815850545762530461386
89856094197692781609832
191443302545963995883464
272275643274443697005485
117084641694037920983860
143796000618859627026713
75458699390818933148089
169230626746729308152405
184258031513698099324261
182759567809599232597634
49437528965276416828874
140807734698876190043029
147506993343854093707162
97493655583571480309765
176636865061853551273889
120662925454132449549053
250428121262914400245298
127398524162334253806770
95568032274694544573290
113425835956115577837812
214532265230262567586970
134208815960895251718493
124878604272523910648209
235757003341752253735805
198265239182049811569860
120856720974342398642708
140587980117544600697921
80420698429370804381266
101942398997591125608301
80580837886537150421685
111577036811073479572657
237509924670512551864053
234095756671835863965889
106532799616776254339405
121943921862448153578074
164119136463623805088517
191008741521643454267545
167328570693154881374440
150881960282018716212577
94562710131328103618325
283053561726827044372861
125642515874396855579317
63329682895525800120250
237436859101506483421789
129230370940607040381885
181772846859084166100617
99856913290277114103257
104489759644417816237585
114500869607239078480738
162774970308656450042849
114659742703559086690637
70348371317641926862625
158408606505825191950025
112270031809501033994389
130524901315522948338505
162075807054136871910530
164064089361981858093521
66780452138477173207537
169384440808775285415284
172158502389862850197409
85786751620480457736324
110668028996406861589140
158324629644942746700285
139743013293051785601570
175114187424207326153360
83066968101849223625434
149883738715168681854184
131429771439428109997073
111798810151907309796413
223552356830224912628360
233004607745816911377256
121737713153725996736770
274073312810059448163392
228579976547812273369168
205984178365859363029081
228908289455298146514781
201794724241691811065541
152768621295543976810621
174299973792428884490740
133356021420785607342386
170969069895945486032410
176346027489995549264434
90703157057111750891092
208579484724846530375642
114801477631101751983481
210542124283975064454957
225903842310910189586500
171495465535195509983153
124758259801840322801749
70536134705871393448949
102802833483248336998052
179864759572322787276530
112336701187271650425376
94829029072973381724514
215260219873648341540509
76967782227369583326797
93357455761237875924100
213513286878435882261125
177254444739375031461425
69106553574797806629869
250471341586050593424113
144504724087375035443425
253549074045420370098320
160572178231685684203337
156826105190710794736321
95773461761750003852850
181384916984621348432957
84269226966086673399085
122925174612043295976769
117601531626246479545885
123387870761449248265601
243055660209829576759525
229828700669808299354640
97891290040853485995040
183048383877216021381665
134597250261878935089184
203409131851373252258645
189320010445204773090346
152574473975927064624872
164671764292310382896125
95177329671765495042440
118166171929809876760469
229437804539345007306529
90323633911926141120250
138063071912962064694344
138689651164119401841965
159135766876199872280714
262284548915607232876112
108190786177526085785716
147916493877037322213793
103824812148560673751850
170149583726904931560450
177296781376601507354656
180583203273907146195204
278918078820511269097874
112047335467850042849056
217206806318179542300560
102578256407068031101472
184747960957178839166260
106832259550963989348433
115263690011945059176072
143966855871376853147540
77107676069627280311236
68757893910648648366137
166638724582987171396762
172954746653843536159945
121285980520410100724645
113681818274521243885352
77415273070705214999848
129861302529967960511921
257909396831312242759362
192879113860365285379258
175936632590875429680485
21522485292963919299521
168534727879489755485050
73707153012014412289673
125330661037618986189313
40376026475671997541425
171652845230038875303521
190963445617200570981745
220728578092237776557210
108619749365139620350730
125950051376726180538905
150277529271688610955345
145628106194956211885021
86735965611354833402098
160660775835654490835752
152682689977347378174730
68530209477210525076520
177154428911783524971541
115049727744003796193426
122929182572869602035321
95066087415427573456625
99721124268083616151285
227679442778955957702613
228182905806214413028010
211689980083564258096413
179206575279550512098165
220138870888613629985701
139811942839729438446665
149399116597751655971016
156279773448947285308133
98730587762385797988505
201684265555161321375796
126946286924660561634229
84815030116070418929229
163738020715007205210181
108152688096104140448690
108710953320032239141522
149235059257914435990500
238458715583647122889001
188940613787806115181508
79253812886007568448249
104552739190772365442441
89789636305674635022068
121511794156527772043290
91648738424510053469605
105963450881320414058513
201946624939832065291217
117899755639345508450409
47940436449234701400482
122333771436577212514985
81432197995682982327221
125420107673558812885002
129373529827956443532554
71894085945412688189437
118550841678876475650842
155047424676756119253652
178505563560663764266549
99316525268746267058305
171493668525149958442553
72352719882971040577762
17631271784852044376153
160258153471575716380772
228990627744095967757306
99851030895566853639802
138621497259076831967885
78802268256389497862197
190009398960960652000589
113071644969644318113769
88723973899362428685386
96434500385624145290065
189368591617167017998505
126245295750478855993393
104141439227091505178612
144606604427746878359125
188452765503033785498885
108765889794590499677245
101931096246836487994098
138843882738222218711668
176674800034651441062209
134286965581828318354745
179566465876068863628593
127314460263142874111701
133405503886197300273050
135971432998010199582481
153408760281749076695345
204639493618211543748025
93933900279984903809866
144030405486503729383556
106223403133423197620680
148940114170020075931268
153287778064507374775261
170922589950928105293557
130652253765124454263829
69300494622033554110498
126863211144669728780753
124200147361132639121305
215178149929199756041492
213252026702583829257872
125534837228205990822001
161605308738933710771093
155454345542493795427848
233907766981672541160650
73108605832199757218186
92160040318992543346090
166783019945217660270485
232386331891430135335261
173503066451007718911748
135287270650783488697370
94752155931836563036010
136537117620267493963298
204068591646585171578825
