47012290161613188597153
188283253322939767855762
140525804160219751508465
98719648142131946509205
124439141110012889470340
271065027010551209810105
180289732663828692913586
363931614476084089491218
276265381574747414916625
734070988594819175157832
665275119102716396941602
104197243975935142019194
140965828386497722606645
133038094546343577309781
373647425698543799946897
567219915161550781588265
122802153065931259979165
407904913653709751231965
44967074675012322821605
76376280519509715474122
261195936304219968755029
150497582856267977703400
359869460496059077846472
136675272347850719722858
295077504080444921985577
222183925979744358663400
494457914099297578439986
306290579366742154270820
357826872694486589487424
208762141639757107100425
107399071969895850993493
81272699693201794210376
301275163690878436465360
110352275748324563440532
101123075309863458205849
351139111690340450194804
220377478769344811294602
331856037972194337146989
436300449255130114795716
26850320016568065742933
492780708489974133331125
76025282187200288936058
500424266456620649556425
152302920621304213950181
359567545254363968215720
95699108599382931881332
368029190459037461694898
194862416661596113025153
222832396505682690615370
311360769546205200922985
53480106500151028113125
155535092158815014067124
311890623550803942496925
171108639919921219300073
283046739907106301279817
330643220128207361399005
137070588507406953606194
157449842387837255155940
286045946192386121570792
315630480047342547822178
141956077041985857425218
88402545252541618964098
450157343729420075683050
122952903053730115687225
411843343299558087492514
413934872177981009328840
261537815862165053480189
497378236216432541864570
278786687620099711365945
286861243939914807176665
45727548952317652888057
551498501191217971683569
215608455504705952618189
182676942978781789329896
20149657265320354900313
321087974730729508529401
248415110042560497525541
658526987034193757853746
170720542299700851506280
55982885342679895108820
67945239096991971442517
293714557820000459276228
118035312485781922716965
297017045819952685766498
683615193053511249720065
484748494597292169271306
431494194233467260979821
349298773119317767177874
116973802151345537474436
272573911013179270855741
334392511382423295805841
547097222100670876952909
218296416357367663603492
219964623421955932549778
165574955200831737364357
108021136949133527887165
145762065543835305372845
219073005227973545447321
190390039877970149645700
192981532705517377058009
95146180197815284626034
150567662840535240204628
215560414040051331519560
220398992109430209140977
407791293711459723415181
74834503485087685778309
94805249448090333229666
322134404319818943928420
404360928523502030257533
470235046995293636735549
33864018940395855075812
263817823572973936999681
96110256390596359958813
459176337929104676610056
116247780440839716834248
115418814700778677878868
62633620389312352412554
434516335271984846734452
117522051946403207049698
256319213529141592214148
315531305565005066740993
149845505519794865235912
190810595918104222748890
60815056164813727717576
96479740536267543662996
390352049697163206214945
122492869839666717213520
434071842955467749515818
178431726586683637402250
244109017717762013398733
413740001933775417735272
247349136572774236017185
274609301336533971338929
290656971306781992964132
256530782397404679874925
51787339977055821888194
22043759890018756512692
121732099915915073677066
367704782821204097510393
364827605817784729801266
89270462456559597948341
415444808814214568935748
438686369164412804057012
264923734403494134693362
486623993215774220071369
454776963482132547054317
218574608309944961997554
95755580605412811791541
428138701367104091692217
203284396911996225674329
79744951379458788820776
249350811145677937964549
665694389838679388616181
466333886938716447700549
588176308986450241626941
76751649501570684938986
250810853877866700370125
519978701768677264944689
129026603314876599939025
272665245621431955263050
100135139244237949868329
358703910775750195649864
125409663731536371566557
259300367458599429554149
441355815084784869723653
298391873203548243970745
169285627076622682544162
53419068286367942523485
226728196701649134078725
300155748958901323328776
92586059382582357301450
485260627257209382444293
189640531173800830015277
172850146060658802719706
180897611722030895007521
190433231088486681759049
90150142320496744104592
47330029361532812819017
282111709851189857089117
59169348467933649073265
217378192992078592853072
327697807310061357042900
347968657867896206159881
176624587686772099892680
93527665603792094654717
355838410721599871278544
186759186228046560162532
7391242614187645952882
238003822537404626475265
568986510753595189153834
359969643483291486797261
252174422947974418509781
419371626347750470874650
313076743518374609938333
308089175233944055943168
270311926928243376878125
347454130963235416050069
355850612516037151191357
189834698525827172871082
42432082209467373608145
56385569427829636381864
114490188928062128716036
146176550222815976716885
298353253110802200496980
306574762458729635802653
51324408034262163132977
173755095579484827642034
136858444697022481032808
398687334777471596348565
134015193285837386349377
46295050232596135809865
102676025952285702629914
188032650484444309228141
459392407010354718575989
415319080632590442776357
264493146550572659492125
342502986876692335604465
253496897497031965641290
402339073267866923862581
95761539461064590005149
71287636355092949867129
502581690325452152879866
100219999735471323051665
364041646681077689106004
381186478189777021799428
108546566892076559000005
34418365015463230927184
176834895221757046311700
83866369821421274380880
29051110910389449415210
461049806890139416235189
181101830824249755018125
66940021591275249975029
125904138441853116928340
416716607819876565644218
149877193608711995223440
611200355373676556567272
349029343861420072286682
397183016303963904750149
318170213921810345918216
59474008473162212425396
105022262356650377404474
67180278513617954252945
77552204218527135706781
35589832073247261473105
326537225489725947461473
218977216449495420550720
417541401482366247634882
276283938849220260961637
157837876114595776132274
253969552511051667295981
140605211504463867825064
250669921560792241575665
172913481079219192973425
118207870525754504357101
613560254747149901107997
301661689337899671260533
132431991011961017531141
170268986918609407666120
158688174458199726267610
315122469241932080391373
388767536038636639298845
177804957101194242336530
150955755213508547737618
92383480090589411702120
42687915329180836130813
151626947924086715234368
205926385058393238817045
79385459823715803623977
190165345928008254108477
340600223626206162780825
47413034112469808216185
56984219338168531509565
336791358181211645306576
331936216820038967703250
472106866153944923369588
127637402032484736278500
227215062083118679810888
250909708913247844080365
239269231510467787931425
557160784672110905316834
378544391379668926042909
173088183602777125268869
104211172373560505412989
419115949774961297065352
336579176766335540354837
258458255349256747284869
264248888793594503843725
76853811514908378914594
325781567638696538634113
237668660064759310199044
405471486176304260791306
330843200864036237616617
206229970697608995230890
210515629382669044835378
370494851761071305167761
64164053342084201497172
173085889577083944479905
330738989817338653694425
123278065095251927514740
212787316507597073653490
49207392877995871433325
316621164986737124241258
286187805008383142783285
276231524493514217475250
185882080386104718004916
116266875627136620168757
335205985866221250357026
578376586727465675056445
94372109001739465270425
119622960859919158668625
118926673178516704911145
114546722430426203311850
316050828867268038547344
443593598582041289925570
249708195889091610072242
201892830896608586045541
578098393252240021708352
194518296736847034489425
219005208179201089454729
287971285917079818409280
159929729876469266532521
443437105815430428678898
641006813490705852106337
370484386219553943729780
304793514363124655330885
132022407162445009060250
57798756587139718519620
118325980425710615372137
329672518967661290485690
80008059850861307481410
146803583055809458629706
257215514747714788658189
41597665153442081522576
155101714585760056504570
180501955939317936991681
14013524900772587983784
109276875530153094558005
683761470893628306903530
122661744633439129974410
463256924030656891724276
440786324165847698399569
199838696972470104459209
250746430345780206776065
225273116199433257921061
105284330064919554329129
92038985819931811817808
317335991376904386067330
280059238810136213339045
253717862872218992577657
403315922802994855017682
56083988693822286955265
151722691125432686156704
132275984163299218816777
672298863967113530967781
218271438093578641629197
364142977813634967423397
325954519135173205691633
346061886645322488332372
66846568516265673687725
167916522842684027588128
411715105038975614531290
99959173949844826990441
268742290000608250666066
77592045167926283916050
104705059779984350408266
44390165557951135165625
346741982783368205914400
629737243830420712078480
305948660937654536965585
172774259981472507581416
356758129993681354375044
225025240601177768196829
254913504791182280418205
110655307900986462072500
96724791034945282792676
196213710867498573948810
129855377030261414545570
117056278661249504472948
307959300091041626921501
372043240141399924741321
372644835979622706330106
287654861807045985522997
274053095621290264920961
323256363344465103946249
457968347037198354559808
310090060070509281478021
40630897534590761964232
144241835801411973763282
229712962868866407231720
324022471448537316788650
153183173180473801785245
158257743903871825695201
601711371019284059555012
241150943659221673699316
164879822033128447228469
60269678234529340235642
234408518903443515142021
79599308455003090185217
94950398775351977070418
522196845049096669481850
293941387861466747449760
237522926955500240030792
345406155619666297075994
140323489301286745692386
147671511043628206031005
267785007049881854284693
94765699694117208488722
183467211019532636560565
125780884022797905756202
113974636061013977818036
112266264296329486787321
411027165395008844009561
272664961540990752753185
183994014084824935676213
166922047538595326611549
398112313431563204468625
291445318492927782419233
47137481629969425009761
339128007170634459897593
77179843542942339188689
151187571496559784679154
87108746581160639678404
289132477681695378763940
186197819220015052941130
288008539677111062580101
290416843492137768464405
196506675077690110723682
343916269880365608826824
561361860329656946312528
296036919287925239420852
198744451082772951156370
110554206625695504312577
84246793111562537556200
90999476489917566359081
39709597368453630292525
63142324688477540133466
172404503395817501607581
58313844739643905177961
332268900070523403909445
151402241698685178827693
240462890749883338190330
417560209062051554811828
231283713837298890158450
388534358590834530842389
198246299762373610858317
135265586325791963817905
58451666931590630749690
37019269894304759930761
181915778297444338393058
254103528573276843997156
59790629745401205863869
407929326520033915409825
210366773272510711387673
167391657410282784462820
122998712893133342989904
176381154954645908007089
208808223208942329444074
173081365530305232067429
344189834928644521374805
83856363305891876559025
167762755649692304691941
355316464924234264926053
219360523798114504043794
248727999458271887963649
147515713205923849182020
177822091943619307875450
356852934092774446142020
494259525728032421238458
63156445583261414030530
391986066825252227855602
206537044745258636775746
96498785424532242692629
243084439381785550298000
262512050513757281188712
240303323656731987190600
185956402163872568919634
102327699278856482974525
580760956402520404163314
147721473075718790134625
146699041289677791745081
52218355442349682099970
287343466334181327811581
464073517754118963540896
209017354143557291718578
41593582562011059724465
164338187641004885554505
152464576823474096441021
338164290953091857631016
73271113106947701837625
85481051873585476413269
371273839042473298190500
230227080572980337868509
111827917886081137639028
57195403770270603256801
152160573375237655422409
355864599416027139311365
197423523576903332964665
62196783918559735139141
182832844766357288033800
109040877184452954216797
520426437617089882020137
115331982755785009186673
400683772344715722644725
108431900263698731755661
57750767377936755895849
121261776530371690654141
485409857629413216003410
121508406853740421185124
245861498630450182467445
163235704355818552068217
347541588426671524006745
457950901903412670118825
261810919568289039629138
162990382463624569932560
427618127342144024936005
45761756441695241300145
69495298819341542867205
210530523826807404444146
144868300169357146141706
161383313773291982209081
489324137883320399411600
229140095284805080316452
126107078425678769471524
303084144483027271210669
96480980839701136282545
321696256457352550177170
265909462543130645157812
50553393033057672026522
216356434653529133017405
35219013817024157025610
133508625538855398058593
197842572622073285990649
119252734125768258528925
37114208973426947760449
190489675431410470930000
127758488261172760701037
276621460055224335778432
60065297436658920113034
352636941066856241027112
14978614562275874058506
454130653535399316539890
432393113965735719829145
183084624340186323661649
100896168023752708034825
169611337123232846910301
350832312956404834193330
302565397954813073141914
415629579609608097033745
65278922280105106293301
369279541911648469915925
48582840533161922401320
51318755325763911865360
123440306711031284399685
127482187198892803499522
281933125054697469874084
234875235509460897881426
390550053564420268057738
211697601917389029749473
132757256442632299117000
331831747066122544603652
183777206943459008684786
70850328190590373556968
360221151670401363066409
196708984338168334989581
249311997070485551020162
329493445436506412525220
676119989002191147147898
181207541825621744779540
67829828842916347822586
319878964558217981887765
352572777537507554461033
393952578075710555689168
279776368482720186758612
290017475964162769584250
183508444380832785256354
147747503858730223416020
268008265982938930238333
151807252554417516118317
79830396029280808628905
72635079838986249757177
80590820075484443587717
103570021102932756399877
42509902759799991644242
78944748484610818275581
166825701570217077004213
84500992326202257818717
77265211784317451980025
353660876754928729661449
220176850855414228238978
344897692789524050391493
62389466499411785225497
197984407861646211432052
155992835238089711971282
265736548652308508995442
152511448983899208952610
355766943505742322125092
171559799923437518092825
170158891903896420882981
190079664898593303356570
286178522469352941404224
299112969760275076062858
174059440720051470386722
18178626795753835699457
393188564211095136884585
110131616656189774947989
443100817568327291384185
209213190688564817260489
47893355267386437009409
298516021361951566411044
47235506138979168939890
246396076951855768945058
99057762199646927968405
180946260768234282711176
24034725787158416488073
81991347244855573741033
363398004993892540873354
223857496606278205886354
407568200867418813642625
450460525034627648586253
250544296338024283060050
94549758508312810573480
296101948721223466465920
152272129084002361786757
31055068061582427037136
612272636957351368719706
249922539124903807903970
71574598633712296849345
155766768896072470239524
202846902227697872168644
155814968531609793285218
206813343847900705585457
55879686812966686251298
509674958512622829130825
218974969850522586004168
106004755857044569382261
239684253663625625496490
85606791926684265574345
264602605431423067320224
279703834128224281521413
102665359788099173743553
132331332360874894017017
174991376820612472383845
288923641347964176476816
326567027412308427540445
399218730270128731897601
273369729238921818735181
299505710236647384343961
21885139556074230890053
69336716673950303058585
422140378021448800675109
20422696228220124879442
104741524302592263353362
155121926001663565946201
243284193103971901111290
292197023155291399649354
158741625720943934323408
343508766310610600312177
254146306531217605821418
241745500776745181559625
278754711599685706515098
29780749263809983422002
293744873243213192695624
191620330783940744844320
78044238425272364526173
260207204710146007288817
