324829717118693518370417
258532842787394037809209
560698009162710511610170
472654849345491455337284
261011875929801140510153
426004823418046336316165
514491009012076427574202
529006111870975563927440
343996821160010268374477
299769120027275807672132
356394573095252216550457
554692017092247187760945
271473718132521444213193
601414676628546787695130
497043684400131648654617
308831661302455420372637
98109235874856133992258
809410534416293113295329
366726660693954953192104
399440419802806444584392
541152304192205702156725
416125914397074572925613
349495209494333879078177
220731524532233828288125
582724545130316939007688
238273209947433518043545
506100018627256945449193
559323978138511928475002
428907861076495330670013
540894474347422388615561
308414966394996138701666
639381831812269464066562
655583656168781746761233
512251792167598087549810
478131807200260524805066
716088559929622848685397
229244812112188179112997
443985066871448929324325
578136828904808262944557
785131026271821235510265
368303691470504547195869
566060351853754585204985
405469612301515594015049
658171578547673748300857
369096810727033067452033
256774179423049573155229
342333788674515559010962
534470230878362385211357
422681304082574917632008
411105185279372810411650
470757604101510154197922
585171758637448206775165
428333384405399802134749
301368137758551890648849
470469269601325809840037
661821870232685639950120
546162269906880386932453
354936760975007829299954
804046064337468168067458
255935070357695508691112
485111945725629669447389
598514411662718159815049
381810770000254074935593
225515874276807781315185
446874834139090264114049
396888376169568905802932
619701590376963146527669
762297033965577354427661
469333765379336340207409
443835156526132465972721
681358049627102952055645
266678159046340264414426
489073299386645366776594
446710056637563356548661
627948608687327907813236
328228412780366385387257
749763779577933833170705
353806892306987560362989
561688449800189771759125
632578077164341410509893
623700053177128226931865
345912756164052922080628
429464643105809500084026
503217338615739500163533
574903735512993485440586
401195041443966638444273
835031675735234597928089
373802437385891031325321
292593520884612383165098
514733012766723215375021
539372893376249127484154
401180791004740924560026
490619613542530972272473
403083804884900996692674
483918128745664290953953
126499311238096015322938
551884037990459743032829
438707803756056400309250
786715994648977378659101
608738969271653976898433
804033708216815932682401
541145685552373724723258
444135979572672922987336
483897340447075267604650
422702801347150680017765
262984094097173709568789
378216529819299693305881
319289807276429981145005
478442717719158448367285
408433135366747167229010
380039381062333303954354
641863482681920706802125
516013900430334844690177
371415042371222058325426
461545255093315047416500
499083894162390055443973
357132389818116880688020
297718354386517721972125
277897112881720632248224
402489465939140621367636
698103784413347647688082
366836984008257371640641
480398913016417407836137
590846739684923466355720
372151572401648365941305
466357612388938309675573
832971764628615884999045
401233136930937590200484
341528813426195426592490
316975731792080944244633
673593511811201673643834
750788396223395750523272
627113550823886454436613
304671414698183781240250
447367068381813807002837
713124577224404253664488
605360754715152693939305
359144308472545828131098
210410925649347195053242
131597996261203839605200
527307655506499065141985
298360274959164054478693
473838566451375129027464
325769317053125678885305
493713292869915810225872
625303511226399982231097
551954762385024767188810
209660068887854067203828
421112055263374461415274
641428551703453804846676
589499437149449843155721
631409098275828297845993
412485467302769061007474
454746863848865403211552
302223868354125646634317
234111907869539977705354
381966606497975524098281
710877419258295336123026
437990055354404701322701
476004277569089986229201
310690320015285653243093
410036355399922001871129
543167409592603945408265
400421759872725124441506
674717634093028609029098
485737722972248608214725
631057251190391905413146
403167166448039481644045
344846406259363117553028
404641962235163775402052
348879691555896259044117
434850695493024456826241
343748062472608261836713
279320710349108527567120
267188854451560800222285
653583126451894647795506
293770609576409271549485
456484096331038251658900
217734605477726031718369
294084584847713532540484
497710819081366986152020
606854040932265043885348
597450038409513433931914
424523612174702132360437
405741094696069420486721
547386452776864816835173
579515358620185281309700
539099232568276662108850
279962546046510946476980
581976987662615736967477
650720765819674115638225
458809600511644397266913
326475269760749857304618
362220521495764706197922
562082194547441899839184
569426125164206734341125
521927058609180486827914
350691467717143822491140
575638089451887932294929
583022001662727207031426
493794689712581965884905
684321828968505169640029
226686085341660808161290
302217819974068489142842
378730999993697330851001
442633362420743769712645
346964752298619598261364
383859559290061091639602
454680896524628883025237
410167762758439652997589
432397799122537959140404
316050554433420222245713
768790733443522763856345
401399480482895787026130
574466934217796114815349
353596389892721135115154
598175007801762540046306
458052549385171352699456
732537151826127683724954
493296760475049578470009
275518120730544162582057
437576947356323647085348
442968347146919048825032
425601555137238806742244
433235466641054495935141
224920569137995071930826
467219018877247109809000
518585368379341071136645
424129736297813552118594
397935445062144448832500
404999840487641635529032
153649767234308292813704
438060995179656113370625
394962737637112568871426
127867226479932955968869
251405034259254898480474
286733001335399558728429
538809269388054697686730
385732651489259444850052
438910895030073601653025
502181464923802044429625
605020057076497640026289
161437991034278285462941
542100000958703142685921
236549602332594354929897
490653134852658338125652
521770407188803202313733
683276778930452974299817
472388153637284559825961
645218847546957954877850
520438954210997085016360
419150596446848996534260
509106230411632746034157
682046132854868956677717
676740212538454578438322
291837980634542044960105
728055546459331319223560
337026268094458405326602
634675441725429490629802
563645022168084723699122
564567456931026447435741
556315174560345209461525
423326653337102033292052
316391130504685447610785
469692043175907616622842
653661466119238245948178
597134451372783344908740
535777747927583838202490
457188417119438032436465
629176366401001745062490
438684541131753959339401
260134002151537735130045
558722897181062306418185
534794495917507530996164
463133666380735485696265
609365237205953544217236
265100896904753449426896
568332585982087149689882
645661390217722656163301
558911629686586565508885
554973351357771666475785
243618883676496169826080
835621664738489363722241
438117747642836848787161
627111143784076521658237
725914014563208115870173
598426210914699343624625
415191114771963817598722
323186199063855532913341
660011531246935304490170
641964329123678762610098
433881507556206970252793
660382547962192419124969
304430572872016479517322
583881963127349559031316
585671339378521914654016
309561563127316116604637
628447025531271299982628
681682031578276311738329
608402852560204441643017
349979100835556418183245
239131561579008526063474
397452748968225190839946
736289875469137859235701
445339901351896802924573
269977522744185311205053
914054650711756793514658
293822925582142833021953
613124425912435459193509
656247504282491216606184
442184794694824224520285
539796120587512436208881
355766093818686577449769
441961283377430119643594
503455528300181503617458
563455130343616792533860
331041542286166268526925
684348830047328671527625
391744080085675492134032
350894183774417942613125
463016216543102233381672
245391342981001421913306
602123799384049696526705
657237396600088058133185
212077664658494648538961
404774485894452588623218
476484923348868146483524
480414382379703417291220
187297680126337831397609
127102797156635546712173
360257425879554997944266
752895921459345014280065
379352029680319116929570
509254750904594048452845
447592328724666285153793
378218722932681221953738
439716589750889309472553
460233278968193780517256
333848287758995742006522
433764616679613704013904
394914045313552340814877
535645850048282732828500
834918155194540173720200
714540061389552697799210
243402210567911967296738
721693530357050901248872
494174195550538378746625
447897219811690101747850
709313807709741218633377
704556036610771615530962
188531483639061392419445
672787282229359513590404
440070358920652554670165
607617488239902129587197
756164976667852433385960
524921602776756775760417
329132243565292375312826
864940975231389713152821
678829231177410931332930
324488004693539021354045
394820549956308010251685
532017742059413003533189
384904212789656291347610
435884935121745586703305
394704426984325203046729
409329973203099419474954
451072428571503859454514
608175171095179790559040
762768592607250597507152
457955884144441559818576
453096283824446672946128
328881680172313041390554
322438170311593650868138
549824302610070096168445
483457921829423042911754
489926969607085628107093
278418508383457194389837
544416501482682718186450
461103789845023068055482
157911949554668176286473
693551097421336109795432
709622158145287740199514
751328873487950200908804
227891949203920941710090
698224497087194628766466
327758802676365223212865
412537477322982780817058
372216384606970532640962
745987914152442765850553
283048532920498314296330
404529496176772895226500
449331740337996897166981
641572561912389135789097
296950981646722653310682
216731655441669894523040
769948014500931390733009
704255308909490179133113
460369095724214580692944
470919902734798905605837
441655628024052297540001
249581638422672607605122
476717936292641024227861
499267887528117682741442
446121455849373860305609
607823546273467513935985
425785006422156948897474
550528454487743618520545
725179387358836451996989
324378494757679871868808
470926285409195373272114
433835171207558411521220
396414939281420520222005
425989668608246731844618
374522524352326997826948
562951244181094992746660
388784714794761108710457
292019604617199953431818
594368144071695517850280
431366669604814718489945
555006026146936314202745
444269742673139955681433
496214692327272940672685
499831536231616107972221
589175971400608817482468
315439936038476856711914
351860181804592341826388
602029688487269981113773
420554805251711917999970
382225060815681089926144
703063243748135118722282
523335695973088493460869
438664462632272062924610
291692500704281809536365
656006712832708230026468
431370046673704558957540
304855698826092832699397
440778044271811814101514
410961361713084622632340
457409206136085435244153
460340903034649663436356
388821373556382188339161
394634908023040334152105
581889631125858307334212
552035748514434336989856
538827363745911451182626
601871599611004407252218
552829540042610738480434
667452359697902693384705
390974228460705320573441
560639279157424868347141
533068604178760289948020
496455788859588874253578
288646469682572893294013
655886073641127373444997
295065515279068954948361
460531990783265309089589
493710532868296049348125
279383742775961823960269
373682265828864524425556
721908653772672572012989
428327996956765069250729
834121671557694642477666
395711062342738220907280
551148720605534776495105
339877110416272496031625
300310198468158002816276
541223457900357983326061
286334594734857291026273
495965330324611038507109
595831660794512600209641
503115219974824616551328
253274290679873972612101
276970490413076719666900
518181734067741002613220
358520476672100357894485
737338732247816586515912
392343198344627215970068
621803124221847953277346
644688285918259829011025
598730692242501058764770
737314851853258264934980
350223910715050760576242
350719276067762166198125
530294092128883644807274
263584730805794397806797
567891784090251019918900
524746573580394529911905
603097691686311672289130
166495224164222544526114
692953422414161732026097
431197324630693029348530
586784511542806222972762
342184005735027682387474
517154128420900946076301
580256911255296147011829
394718371114876864621541
215968673428338969733768
449042991881865859911245
542636881406751456108576
303859120228753953757730
312900795785715588963604
485209415795885530428625
562554694902870501891218
280529986924433107683176
406020777321714738625305
485224550712383433776381
460209972881711580026357
682801781311532238613297
606663344807587610356858
626174322715452009578560
662441441923651375866656
799803034857246757944861
249191258156427330716521
199903639810450748883400
325135459436090332660133
425832535131230680191765
684998090280546367905513
500605425264634546567300
454999055279304977843737
643685557386947602178545
543192683786939763101416
506977099072934933296577
603082132636881311407201
402306853001487173583556
217390676131981685411784
275653902322923799666933
604767850067118289598213
206959569275122488821000
677908267348030691074657
490144211241956258766745
255900413265889642802824
172517072539183165778497
457816666134061137400309
537633467017884051388330
361770969544267871024685
388800279829492207329721
303192456297844137797000
685259563591165706533520
393176203329001649636573
391665717721061407857284
277376637337699807346977
376501366571477283042561
548177334343346466478634
516772902509400309712265
255735758525848476099633
585605488309780763943845
551521283627298068091713
466502106267397733643378
417815875943819101902641
379250359258901788222625
272740548605265171164557
637714263122510004188833
481955458322555050454018
250782560437937604301189
213912405665601726680001
541061319516242126214213
651114707980751670462106
517030721867417799612449
380621725695454400043050
385501341466370871738529
385568988640184018833796
557618922890302937177385
263752511295786138984637
621740652456951908138413
603079525292621715747853
524163795375054272148785
437129115126472611346634
647287841752310081364593
532254295854353153999794
279737176654615872836410
366679590186547626264125
473591405731911579319698
278273217678168531368776
286840019021905511565737
626810927582025833511460
424958081314047959485169
377774523253598681791081
561858668151328932001290
480567917199284390375505
217756911127297169614753
461999347753676376365794
619015695366590145205229
410143818828103688655745
505482660696138273584980
624138043639095992125234
232914171546175451396741
474940785769230296930549
574622206888105432975477
370658682152264566473445
337709014393876330047949
514893415039783946654288
704177725684911742531525
378392745320274766157765
594506725291999791318340
462948472337044070886088
594543580740617709276200
451067041384319203952341
337640735289807109399765
496051695819754549017525
251856897482516166509930
363016409995048179190397
750968013591685035415370
295069344610416171099053
311853834975511811690613
572268156924193407171722
583455771873354271185445
402437503305085030012264
212294879762387011342273
619705936608025316451473
706339838343027112518544
276229905099334414672121
722966893050095314039877
807770891339642924367865
295416873794891254162952
552553305243419564550260
598312550797402882715073
378645843481517139689825
365751567631898334434045
752346762954068856235349
314313611645098756276105
720648418694293145840337
480152007435316109719085
522315511292122703730122
403411644804508542121013
367881348714156678505385
757290471533354190839625
411340450326453666991037
507094546771022808925645
239449174818668561058209
277289727269866103178457
288968325736936698965636
267689382151602758799329
547012859972677587354340
417299177888673806176785
421589871828332501808762
255133872329895123131492
301256971127285189075802
730725082016278908975264
580515638432811171789172
342971122298794065444226
427679956185757983744061
327931292459206443765825
661068626609191730383988
470210258919929122549508
703490894246613596577469
580068655713246035725105
325946535999943233105608
592166537173164656445986
403382940601907134311985
159996444671891120222450
888487251418684641892469
456558376976349707331229
342925614015699421846985
216258931946893149048497
394925706415916805272698
523098583785139706850312
649932435355937351600882
544203852992437524635050
188573931538267672965970
676284062498521750346893
230558158785390451238884
594548520277438481193037
