272017015837620462980100
182626000009372759434325
328153506080227593126964
285154638688716190032514
321902106741584295733152
165123824893219889420705
265397002293779363010249
365389764016693407139072
198308790249598595889545
177044359644013320609424
117653575864813030016225
247223883088868448834865
175703077636504888221665
165120847428042892575065
278664876068568907123700
278858581375638236037442
232810220536185021312634
261579687872578435501609
310328161888909608762898
329054285334373537486276
362714518872219259352353
221625190796990741072482
340960457097042641560906
202308303379866791977841
165297218638695603144977
343103350293181903964500
216264062099585678814970
238331474041929555113465
253621366164909390212434
286393900366506127642970
191289665147394584164105
154440868993565329427188
273793142252686140041333
163408729174295420388037
246083334433459203680212
341628793932593606928932
336075658585016379574565
402926696299509228149540
330409983058240774206292
362435484395385795530277
93912883104124090354009
83084832667729354933178
303551418367040758001865
262224466630686021966562
256970650002087145834000
262022254091175132286100
268886441151288560268136
323939012252366795225125
268077179634309708151169
369204644720312247671137
333774595397533954148740
402010970684498311410746
402157461251411526353482
98825214427498745160970
171003803596730544756170
266654469272813666769205
153453666063207094407509
242725762894909600256977
363774097827466191104765
351565313030808235754580
202667876105925469512113
267494214517226044414340
207352989128232337962010
189553859365731192159741
120668916648946589055050
371629115347341671541256
134645151191800210699050
209273540106820664147569
237197081928549454453033
181864962694615079318066
78708659861286171722512
80931591369286685917069
201411674862403054990453
214889918683462798619610
311682476465238392908964
293752749123852753202625
180220523108860793663469
173909074625993860094500
148971626796608940437632
190364771499339513482605
149853269410451113038937
212071260984101216928353
310558203638627059482084
349106725895457945772066
58899280174197478847585
186211906908806273934433
219758439284541052040777
288709533203525141112520
304131469084365251099402
432229188150506758703240
228369492703439506082105
156990574389327991801810
305864793000856027215194
391911129259981058779978
351050097501097531593680
313428758307932664444050
285238796581565015481065
249612051291262374045442
260973775302078710182736
215923304950805279731825
311807099963338714001573
112930107897901273357525
263973143283688587223809
155005624642345191329297
205749313023026715565145
431877770951000409820772
211248563489356801671250
200853445170394697143725
386672664144155425858688
377568704549006453965829
196427433382095475571705
288705543508737186127130
132313955596481642404913
175760233115885430663433
159797884316200992840074
324857776288188557904813
355388114112307858897652
178823349879320073592405
257041348312648777679233
166542767401517499543146
239325900119693836016360
183808695763824415534097
275131322246880421907153
159409830251069297739050
206531031654713119637826
209310792460864201729010
186535091800125080493584
246724475341803855785285
111952235260668712254020
184129696224191198927893
273237113444898841263117
153840942349091397543845
230624623818615593234890
224547836631653890941940
243002724797933248053721
261629874416627353976125
231218813315063812532296
239236918638987749326513
199788420712856296013713
285640501224103250564245
90526799644365059904517
421072222199683154354505
344851833873825088217504
186000682555110319201213
301976451604496164261545
290953295524871977034050
347008178449503305693930
334312180004098943774914
184227120331154045031240
381439780489686236567481
228473178452190317106242
295144842890474487395173
327147263893593094527178
233130897349978804267837
167135537809988192609405
232236722442583948373896
320827206944945631037684
244655386451919128240393
188842629123358669463146
329566623298895737923041
139727234923399827512362
309775742191075900670545
306237181630566854740229
232919356974198672984253
364421912838276696430338
251300143823075500571941
268061701018327459277490
260008958738569332112850
309649121545561096008285
293618751825596913030925
182111594399035758857825
282543318918507835525957
382795588435634834607794
210719858743551748464900
292931948866907504534122
225584251137888648071657
287573460850977145870954
250910481508526654307380
158707907746379873251261
172655287177922620206185
113924918269224648239777
305544810288863862660962
182187761544301861104437
215602877735809266680389
130182004336007723354909
143030550446408751853844
454915585635828946387589
158914951668922629496912
295334933802849373322545
132675721033112643106202
394403081892380768839865
66164890932297658892441
223182020903981275384456
214620346865691935893621
243007022950005740736500
305688495149830003825154
283006903194691989327937
382453383534388388298666
298524342872829099831912
386164932774253489204361
306183917708084025515465
292499495022540687545826
227168699707779751097173
310344664035681821383225
281491886188084390463389
225401801510158563161789
202552978902449457362180
309672001130231541295210
338351206451989121153321
297762057187387929895973
363530211565266265398649
210674854091346920743421
305538268670155363528040
267068584968485656824785
237502507567603958914925
383137686237607891417040
350074954023219429295770
264183198210518028599833
317474234200367293885345
261901242611052561100449
129692767045213614609778
244294171230335343074117
266945130415401415109956
173133664207983938421280
338534152955436695397785
217611378246549062309561
391998362020741334601745
164577423665115212093704
311517465574152207296565
381104106716886884746973
284666308667019285345113
320430415250291781662794
206616446415419731551013
284321660952170242635880
55328565443608460224105
257818460320258485819970
217512330671617457337992
126221700748681229300089
286368980423958497551490
257034944371251014925941
216175908942082639878785
277114145690705171879269
268724509536463260322705
266846994508796674772666
194809919748489797392233
211344602124943217886884
280713855573520283812721
350251060678224390898925
131360730876208024030897
327408408093260037321362
288250286261561441064013
263217780213534119213476
214196213132367873060681
267839266113545093021205
283951578530025365784788
261106283962958886673373
331608142901131321797333
258593268734171722572145
217092344133732510140500
227400389525641498938346
274658205624809985026100
185294781306226150329604
394451835089546092097210
378200685704489263562489
169498605273353340246805
240873010946567197130138
365757585483629534791325
269898657933593634797890
258778011436412148899605
231826302813732646395938
296065534604417689810925
291874464539312290619332
378781853599671925092098
321723788454713132164744
367645247719878834960874
269132477971609722479498
288042835683249124559698
310995111351864335694857
356275789376960378787445
308097889245172092903829
270566669106341654642285
239764100244067476901018
455945452903381471272020
309526596632273947682202
61922039359003378500532
344769159686115634207120
239328022210855609215865
165073607755281446091281
221031392974094893975909
252589809198600257355901
319693359982379621136200
268722657419431204694333
233691145560947454398845
239289087757241982557221
219868134605359234746649
267176099376017466603865
314282807046131395356266
324220332387277980246410
298642115717577157544149
303868521853743564143522
212977992040159864151114
127610481297360084247898
350852679697753203195508
201163273975091472785717
274484312829903631699044
263583348759272205979220
277695083139127532750917
227894148101033361977000
240993862067841009219145
413706528291144653533081
148296562505421751475577
296529095464116646695188
240700277736284494898573
281813033632921232279554
233845165934166347237762
264320006833281193176592
281470321047006198888976
250302607518591922521834
115662908950693247430305
294782461226675871150221
119510240069961944160530
311401357071736708758365
292617485737544638073017
487708199596157840960769
144569236200105924567425
246428623094440144709545
310706218251283988549833
222196954378655907666018
191738163755867270161696
332866594570983382790050
108988485430233238829200
321074009585452999275949
251265635563359675046185
151619914667420196563290
137730185086168616480713
404847482776009552567577
184060336545136044092570
246482076673728991143685
216700453818612313308873
205496212002599835840196
305581408413160225618645
60249416257886915403445
249834703471702708698169
375498643551476829978325
347127982144338606042002
228687266884369684499285
242936329066034330157085
271676880276125655623240
109697961209303909833618
165603888128135592068921
214838949119488358814685
184241730335694764530450
298944062356086907139825
246192062247686751095681
160049889131106863558042
199043663401612103325901
215547867793622224125568
278983259812086618210088
271775643871482914519200
173089680486678208212461
169504912802585380680045
327193319060802777094937
351076517757837600625258
232170882545276014873706
386240069959339663224098
256059089528027094801925
285226087845926991471965
151732630879947061090477
271028218482899017771076
248086121174908046950036
291858086730199900476397
148631414627726971382180
318238995344638260002125
316735689306649325609524
99504310582789964341074
252694792715201112796704
152794485088023517114000
129306233527229711868269
386005030222335170378429
141734873942749072895314
159560174881650951945661
207553186309081503452356
170260065460900622214994
153302877449439857234308
326812255008470329967306
78706193093366344907737
301737495405843713820785
263074790625279785536068
168207671715921203706916
287853889247419566771856
257022279596053654159010
244542602951017624329301
290739374727737913010080
310145232029009296453333
331578220560859790139205
329183701014331394150564
367822472306334048801540
365264343530235870771889
187103160692863156124162
183332679348171641710930
249562967360902439812549
255014849463306141520085
457744317820115405046586
368316445880885268166020
238249890304687848033000
229130110850861661747997
283963354839279824062666
183974148603837833543125
262244573456141231848594
125536034233368115475890
382516368790657142942370
187279732672805882850498
354213857331118608915697
292501495710621789515874
284144114740539461683108
257055261021906354346144
169829099623074984603290
160574220068163824371837
129166874550732210146344
160238357565531318033682
253854094309513681278161
251582227660683534441040
280756247672796538030425
421725284623301068800100
270579334540677826007720
375085966747947914759794
321898184009413250629442
301204187188185591860225
156917885208671686883669
213743422284398093082866
400522362124479193457141
287040487879150853803745
269420268403003213192346
476968397470054341412765
146936800780436013247556
327468897872902682371737
228758206683237022123533
281590519100105329195525
319717786402968196703120
211358280333088890135181
332215024623032448874745
100266585751501491372445
211316050350928306357457
220872012122951021589538
247913336615490167035490
485556890404420797332980
279523608501859496184250
278553420746517623330740
297259614072262992667201
281792426253247765439684
259754509986121142535941
349468081569613984845508
244815398748098342618249
182843182849253738153929
221954544562768560943522
282328245396188599113445
193848358507461765857693
114106983408939565685282
347900475449532182085482
265450393369133064876040
334680671160132943093940
327559006058219824807834
204229304476331039442580
77513901229472826128306
152128303726188218671589
380238803954112382252469
292175891900224400293732
313439461209235800671305
294657120649004316654346
219613414115646849707125
439898801848812503677145
335954458174667574536320
146328958628991699530185
247042650031023019764946
328238259794355500992720
368251176111109981211657
331635032552371612361837
134706472547816244405637
378799634238529278003821
313242114045918903158578
379489038926373608033889
249465676915453994187629
298689535740622349891794
323242700710520340384505
253613938920179601124925
340299485837751101148853
293972863182881623618154
320895467553813323238882
323437855957193103484196
126047600020797519920193
161972945302375892854450
290824467491071089276676
338324826862982091035525
121372305140006521468829
196509334018055339162698
280264696201527796875250
253686900918279391508457
237617412574872667424029
233358302851027789949010
283264863756389535696769
182318460843433802434765
286272848874868935268869
317132342802080605442185
343097842788657419674625
311779953376134642646952
180535108642051755770714
175229634885953141380050
296522945722320254116240
145179426758516217018697
210830495693549845116904
204184377554041112510269
161260117347997978111001
375729741528412128276752
267940897791316604244953
231220575324672217169642
255414839766179623653736
212051951608417623182306
225785155462114054326152
344153965575703552505825
376296106687845846082132
201851260031582271396250
204615729877080089050405
382351569720427867717264
182729891799447040201849
208078319206502140048978
262882312769027828290489
342659142520044977890465
331226649318985576442761
202500032418556373282084
291926666635129170422345
129455433497041393660685
321409970397987871918736
231507588269956998433565
295915779431596700544013
359664775362167581149716
118382901508298694907042
207402014668804151820661
414166338738498625934825
267971569325661027963677
428881678285978404715077
201950183509082734723210
243413588531049261664100
210154147726126872722338
276207900396386797602581
386536341010947573201538
298552940390387769792065
286626128125852256020970
257855012021478372688373
340943303314244220853738
445131699223121836329925
214064061785436472957225
308561625583669529682106
309847038085805402166161
373731005230424090330418
259448941908194171881345
348482405506274321560650
388252713286928802004981
160834291743898724865896
336483062831826799239881
119712366407512710673517
235859037868078704333242
306796137548031079813457
168936992903459399762810
163933833861820195739705
312000065422779999313386
311302938180307063722436
407581016987997009715720
495232784598447605258964
288242861072296903775528
352275994825159950049104
289407220698622656536642
233169990919807913886897
232379346904903728162562
316364097982426893716740
356969375004920220957625
395356218183120581738321
110155070445321697934857
250003345229391208040261
353348983870124454729257
297679725677608262785157
396065139233070967344397
159081242244326900522557
242569124739243737583301
327751281391929692703421
189307206450992836551218
265426051948348972881089
70404969544990875172388
357132985995581779888297
155087125132809750126850
356671357291447479068570
195251353779600461639466
381038611927733775389413
262307497708652948096530
214219982076939812877577
369371393371386185967189
326906590715963025080909
228147943475892957428914
323924110422678420793025
140921919960053426144666
250773786303983579713834
353205643582891817435380
280725957482689250157082
277986927255504334630162
340206315268658526908104
482075996890701132314420
215765127779464341048125
284767350249530490490516
295156101551888895713965
316623713677878778460066
196092732766724729572709
143575381288936145659610
300735293471282256912601
309068633166844703383402
251549384066255294742917
151595205629780793330313
190466902822318032961570
207629857590036246610445
291988995893235893472084
269382513105051079373741
211130484194386853268125
280639580241366893015417
225284896083374778204017
322340669503774670687284
283733145776777219621933
288789007089270030273010
311821808809731343179656
143765218109112544560289
219878821317044676840178
269987934902929556668733
284769462569913370066873
292521349783655757545597
274069810714642944585338
196702882807760627424425
215819142980842842887944
281170841940647921176933
325993231164158667370064
312574285671306714392770
128612461881164595140074
325424502969243575499901
355671545716828370527865
114694554506980802449045
341052283909233250052560
272204550253535382018397
334406173560459552483770
228158548342787729567965
316747793906919611162856
193602588340322246232040
216213257581073988852136
309806564414419316478100
302754127697682922822073
180644602157956084597501
125400690807845998647997
196436592339363825875237
321643582953584884063297
220161182658511380276077
157942421915895505693093
340045551813883063271405
196863785003827342117090
111864166464395924817796
240118556248478099739005
220378816987307155234576
381445248844881027104189
149396421211845044364740
246978531505710659491300
256603672753888143542557
357146526184462001275018
