134277227700823933375025
334712049701054260463240
409119660384066069126610
436359010526940962506153
181241921348546406711565
361570744191770422388449
206512155018615051784685
308938000062926198696420
269970443546801055429284
413500122753155796644009
115264735982443018711316
570175365770697915817524
400753086317777617417760
241899849422651226073545
383275566824775964052650
480380639831412074777621
459710787236717979820922
365772036318824022493448
235648213313829203884885
434317740700589100253538
212949664507575843756562
248442217004720522888953
317492285411887635018493
230285392165758124525689
207418623464964302713570
311305463768373688181081
334644103351667916934632
386399151566879143856434
435036543654315558279721
533778746105642873649349
521326699883792632248553
128396881601382069705217
202257674337919928569018
358947025221122778310193
193937789396867187760765
358142638538424942210586
519168812788008787455677
398056388699931212941213
173735344492627486627754
377382743773921636528532
413882142086790480139493
309239563659030031044713
299051095537085969196733
259297847842271485039121
415525348830836973124045
254374264062555444432025
391006036638789516631969
232391331157244211748072
501320845925382746835920
377727940019100922129882
357913015112040327448105
376767155500693698968505
179188822864980436703845
212176248365563728729416
243242094492727946009761
251600552586355139421713
298623777046890835249418
465893156360913774574568
536949641905312494238874
339074587757304503973146
632243853728150876646173
178742574472588009878132
334139366291017774449938
191536762220240013077885
495088181839243615759245
397845518033692510059681
312458354043275469298256
370069247850974859548034
549892976148939923440289
233944270580530085868361
304326336719579013795434
226957096304275652364466
407778536800933904030746
449100789458714563815905
388756680830745641052181
293764716692099917040692
433811407391488565353025
239380713456490754424482
352170953518433767660562
394857412239483803895169
361499574445500001844122
583995085385311027041149
207857845970331717885316
388890439947904349237122
273569929096090102426525
237040669839225796810576
433678176060331716629285
200200488056592620108488
263864065137085857194417
345102651551707857676058
344751370805193486760485
119727126664743659158084
278019190235954666207754
389547252872645938138010
362755055881603627606237
272890279973549575276985
436859018727419016503056
237070415877705715897085
478336858345923560491157
559104383922238854308050
457174662376536450470449
555676283083202531642221
468999825813650457361141
163724159126261613404057
451251481178736220511656
373053898488529906639813
362043177462995639403305
368689904136244655766260
480707425765699008329353
321489662068382907756850
321539918880868332852224
254706910171923791001929
336457207056989583281578
292198438726660982219985
606895924724132822303314
413320878460951093202050
228572198620633885525866
268833364290035982540688
395582816462526736116098
309465258346266248012389
224976390492482253808208
280693993794550740354625
381770904617051226703497
334245208484720835306101
208016790473730708591050
277947848203988481464912
315325349844943077186385
383337599996945530637469
351977766148566500229745
347691744663900558634481
513322790802138954182269
362440902391728079664417
387257419555212724293730
181364679110934071826437
384362222237684746864925
364954036684000371658453
334420158919643558232500
102504940575944242119840
460531452116865631066489
388587341151691091874385
451857757695143278373154
317304300510282041390920
450468501644452925846637
160192316404804350010922
370069506494885216653433
465700979196686261855720
482331150640625674768882
344726191050111826073345
180544419797344351178026
348417960682453437212810
217295784029356019696090
523917964509041613528720
355875331857774925611029
183719208285133322372821
397165781933003976301625
399818875253074072037960
336374761332796200282242
200718460842767658241850
244393125037835429539897
379378666366536428545685
465048032142250764634921
183660622948791200433797
351735520042678604344720
292496375314660331161640
310744961033852563103269
198134644328355751403813
513322407298527364978532
430986935642844395037002
437307329122183887396245
465143102160294534034325
269410888108251427308065
355327467266324110670653
142111178794425046027856
298980568512673241607944
381525310123319728122841
342210769872983876988520
388738543148470280379058
395808594958575429029186
312193233530162652394805
265915840727524438789165
353544951485414564520713
467844296085468977853917
327839964153825954777248
421934297243947494199748
400277876612650041648458
306415647240635082179405
304870390136338854325448
181163810353725520251362
196293127961804230783285
316346964620988657122192
478605928376883304697650
416384883315388989062338
458778973749834138964657
367301791283231833535149
296719175929861952359445
406309171854556472515657
130800039614816407190786
472241515661235286972552
463684127234193632610281
379596085224490259372872
292022743447256025441056
360266547190615950593818
334703607816876354474349
278841881558651631796210
506425715163793213419346
373798620509770676463917
212986922760246346264778
434492106619120098665674
417657212946242838772573
560359367943393452004980
209536269135377087129441
172133652546799330024040
314747409307720223362600
424963756068990178534397
229764393668309979440813
194356460513679395968292
528314402186802121084666
254692477260359031819641
502929419880195573416597
204905964565854102950010
440069434147647458649805
362119147973440339405986
222179340403645318303433
255786620187334836236149
379344586078286070301265
248035158157030482355570
286733110929710695096985
418465667509795562888025
491319583635798394324297
344030751130884366306677
206731892504453447000977
400529352035258149782850
346960633944119442620672
371317547631045144306781
383502679819874864306765
211385456886759609115890
283436492895395780046745
482360757685029154015650
329439876301735749989825
405490452396348248025685
398646143228013738720650
161732001322256075468834
463715013194791010756545
326011839705202568505640
192750494828042610679298
252358760246816697863688
414065734210726162823177
468223453550844880151965
444488184238372304910133
365593246148786714976501
422966857609797760730050
247580083703313294101473
374322071045359773184509
414817146418017667791565
120674676798189803414842
331203650041466351722945
478982209984618349465000
318558648463558014998093
160084885272669124467445
346633500084570280515977
352226418130836992891161
285562082604769517417945
174834050893924874806282
297198439145557242904208
191486835410463477654068
305182039683394828754330
397680279875772741308385
477149334744343401085700
445511018840122115032298
512108607410433119930537
345437641582252249485877
544857175032653889016353
503958270785717920004725
400633034903988351080005
386438048391410132961821
370779588678691227082820
267697798003857549220029
318050719930514356506929
537054724008946321530181
304744363364554386131528
557002304346537278933157
542340002864398484614964
286247869622351550581138
357379963816733403001300
381141341184962511494116
473179026311914835394641
179521608554925548056253
463331068818300285373840
274628938297776956723933
334622543528234021242834
448104406691159258458994
336166268171847350648405
132205811001579317398325
326351360612490428675525
345161403530096010940778
301487580815016267683332
313518608366442196862065
519711612413675703934788
432716301015401221519005
424057144455829871388866
279642134551020557624530
96363762835529619304317
365998593950727146947616
416396831787043866264808
344876248587025077933826
267947668743821797817938
319189289107602483716690
390177830562657793235821
415372577337708688944130
279195324098491822031242
275276987147400938441172
244074281645208949399210
300480915395253393817697
197883924649871666499449
332103141056484286436610
461845577423127172214565
145211165699981945549066
271248209800577112980609
358714421512679326782689
343804145332101799106500
206936026097202777557746
241484483624362396958033
413619649712595950725273
300543511765167709696289
392481352377493825960925
331692677827177771934050
470764438255073215703266
581146359015879886953600
436931141359172005517218
194416993933825254620645
404444317759564066861993
353332999185060087875156
299643325448598309756868
230343587064462677128648
274730439343596202491850
319853446370926202071025
298307443477473699301348
173234758711796227156933
253729215535027562209490
297616368850526547682810
244022049050696984943349
469403669652959669520713
395700864585827086472441
325794452644219208750217
363199318294342997782729
229172850023307875431456
273866901832093307796061
338915898105527220162529
456888340475629479070433
235041729687359101531205
319073566730944406175985
376617736369895378766400
431707822232156846836532
472132969240489565267090
472051210808863837448729
232430464034211430862757
223750280720840612597233
349603931110178435806085
489057979644311083479796
226914286019677537289357
303324263950817159871770
56336426778035301641153
370608316372286168003668
133424278400296395309064
103651567596958114609361
301237298723119208305565
635517757356928111122209
347455452927717811839969
265274311414704483670564
307318049296741344113684
424957472674228629785789
425943180221011193714513
434735693893833839985725
402444819339324814569114
334939889115806479994681
286711145093320149831592
427193335245975870117109
316612891020576638116000
309780912669187443768448
233613306010567141948589
209762175554638399129000
369099410900186956739017
413328834990285230629925
205750463939992278913828
331221929773000046014184
228690842627537280381780
114079867314303616900993
334531426461977146176909
508387196500727969036165
497728886043174187797169
250219599489368244129745
440155780208342765088890
298878123249370844999665
430738083942155411550484
89813310426475180322180
134971760315054278623905
419843080815548436100256
344116389093273884669265
417125540498421198196090
162295794729083522168482
328133216522392513350809
327223440110646471995170
362021244596493181330949
320792069440698279312500
275714015860520490035914
185394168982097757579410
404328859497699261752714
514374110286737571084365
365462697813416992442817
146870392519582211959936
401458188299371160101492
388271885144719827929929
308106290197354790926109
368664674514909422289341
192354567301550742722010
299649678654737628654416
320901353899622263555280
292219324220428260819092
340849293293918690364537
473126386210901479831925
425091724030129245908513
465509824032775887523557
380771515033774333388273
185626069419152632335554
211615482757345563037765
223163019760306725838282
290456177645833657632113
441060601806506513016754
407178088629173100293465
206399398914874668743458
230402570411035602162980
381067708696050299448260
407392721510860875088809
315543451300010956673177
423748861322735454536509
189228141466408381578050
397195736067733661803285
367061254385234501388148
379263929173086091227817
546219834438195211354144
190611157025158104692650
347603881693546472565770
468772241549251199293504
427978314390923504475700
328255631151633729474602
439711135778012311369130
441669894782389668016850
293515688250470589541480
291970651369986572889860
495331814924591742911944
414932166837334141782650
340039378435767871686433
404771936310701594783785
519255417051763972922213
350263776143141565774772
341710192069523510395258
336673881206533103403496
168289831036332522445781
311026968442102647823076
431959685383830808171333
435690101668361343410834
248482147602431949350288
284098888580524442183810
360051795607585327933765
441228797851365216590621
457045480560356990462180
439435763380129852170665
302516906227079035357153
173363629679210563950281
310529934827495957679428
442134168890971128908548
456403140720382081276093
441628721573226916307200
373608196557035596158676
283628648190052825847860
264841387177209071236506
354179644120011162902410
330536595255247598655140
413788040450599212012905
412201977495307360550228
284066801000007169518673
138571406633938237168337
319629050425538341037546
459162392140606942820105
261079538481375784593476
392242906359905272076745
123673190069865770671828
276358150787050410628853
251920537236118126814589
345762064096519560447409
408783610354806267663121
174280012272886716975881
340456263926143007039761
401441095164656846514749
515399925934866140106833
210752919159450055527653
316397681801143120310138
261359202444231417713800
260570717408455221567213
272703710631660671750525
242519848158901861686277
287186969451190064974250
517330305339476343214697
276878057885799327629073
131078776434617404121096
535662065219992081698500
159421763940876006453325
264355018256159649425984
359503766052982099286530
301148783357697601266434
461591865991090065101681
418680235818227950773125
356106355658211571421264
493216269559658753585317
437849799453900940710661
382533126978202689778594
312116959398228369706010
468356218307434108867280
238013667372834841927013
440049737864549628386530
470957458228633557490545
548561332799766791001289
333171471891669052659041
127912631321126893142992
417521289798002433146954
332385778597174645620905
358481857370138693090425
355958123101135979048441
292000401181392845167592
338998242459284464739042
141554647296530395534973
324489176905361434447781
468468428168296174995577
263227262879195332272013
222416572263984814394650
258892661107344745170133
182687520832864536650130
403021875093688642331025
474984446271242383651797
456827463239671166240018
357185702683519703778385
285764138530471256979364
320300872634595130273489
238568492086831177473280
456758169148086185641172
289722068105930421333034
358512535846576610058925
491386443578257409992781
344968785434193783101549
396261386999061141237741
416994295554039062132552
346060478658012038872052
228395609848054131586765
413937228747015558023594
433850644908315611764965
492404225899110919751969
278507635132074852257258
456956589302615805441812
364171956877658943656941
345066103088916288788880
382412737741684509564829
563247464069805134716274
399082887953422109190770
221622578899260009129837
231937606040729619758338
150175492428029936127858
118795193061783758029520
235302021358542663067850
230524623662116943809073
373876305257043504930074
332460698837344395272937
304786950533864375742416
388525197273078720754810
198930210683216021549037
399633535019825946371237
323916091445098197633040
388606737315028231510237
204296468344285861117825
416652711043716123803138
112168959756093731957920
196237683707362868481865
321084105856448745399445
242072184243068949930325
381257280136412896528069
355439093664135310532154
397604895761673737275450
163601339198952166308085
427518366594724803140936
398739282820078367779369
403958588598941916309565
244620328668638750631794
411684099888052138082436
159012967162811018872445
253484500626551534933141
316244236584279657286813
173680747042525020681869
253620273379147824587024
479314913176293137647625
385018613053267145740957
298533142777765047228884
181150230237430981641025
313885516798350251041789
319365528209178148702170
182110660854940603162297
142682049025063772287220
379805337407059830056797
312916082569626000388018
315645765103182456107794
424157454956742172500445
453472249353035804806466
392716160696308093519082
433523680122752223356612
325998018845468473734557
301859604784318788892130
262362030962069577932010
133951110235426297371920
430480849611479289321005
345641279287639119784537
319565093209310300529565
516175373028805935266610
241582375445646145019156
271385014275444034137178
471499807708637344808689
422839784936032930879450
325209670383866646248114
351214344411024982532545
276847185536790768852901
265352162028295745423700
292142264938083024502736
356469053143527028399162
227941553164268065785185
344669570236157721400040
95534251200324499423810
169553473489786366482173
215631267463273775810218
154332285647917633322581
523572379392671989924058
368557892871277860008450
470830419984431615911321
431607123255897359628260
253961642632829925680666
403749451989349698392461
264285429402769507679300
367700909177790304151674
212124198442866952569220
232751776207551132093885
247211693092275582463477
398381199796275417601477
338644169315618871772165
236255965202535213970660
506239209828072484957637
407809475757989110519316
193096127482276799782226
339676947732503951190218
339054057008124853951633
412777650514224641648353
156453491034596983495274
542441535331628490026585
283577398152519706640649
265936568145655117883588
375823744098970989514505
409686359601397699012090
258518412155174682438253
421579275500749217126690
161384739279314261832161
290015840130342214261193
