373231358765525836435257
343485349287488089223093
284959540011197965667456
228751191767462963339218
1041796015247626382820253
370391916546376441823621
144657173664264451796450
888096166666488107423305
456200891766153853720020
860843436643238806083562
518941333699229457832450
520571535783161152226405
543330828934980934009865
569106981362062568871860
552083253414229080755140
443765729681137718359489
652446501245080532199848
161452008922922465307898
214771364876721526318805
587444930063186111313889
119525660034774446231496
395417805166799906561005
181688258755054450629256
496592933168479006701025
372024819432326228736698
911353502840677628274002
619437551636183510991620
444893166608289283225373
300686513670232302351168
617990776480317707703765
269201329699692105772009
809700205990800270667112
1101413916036071429892458
218529477399015442788061
264460563269484663454600
199774490369728300986770
735813389784052582176564
765116972204524131957434
616522280839896211462400
225920746522170454228189
352419153915571350044029
264723728597278750188517
863756608630206181391065
219863235583157037403769
371550681659567090585285
108330897622384020864965
100112593533651203380157
427807294381844532444500
455766735206615526062477
475755718082525316137524
175689521514177142788973
203509678243055663407689
733481130828710282734250
484481841472540769137220
236121620485290208793690
58826843178351687960749
483377644189296906930170
1043326107497907559189945
197959105840185713550490
1024672246433223429568532
554681738175533446247965
624591492942782339352725
114125191026581411146388
738549002183417942495809
313232422598677393648394
282291858368600105389858
697508031951486563449657
167647586428768936165345
1073681359073715224429298
182436110475711220245170
692490951250288104806725
636587179796272048812865
82930864747179228505281
981309606930724673996677
265695940592940866876842
788083780440117616378244
344605276736813956422026
1148932709350831649242368
632003874960224587556557
514629208244508669482185
423618130789244366036265
465997922281106624415037
787378073972873543760130
238232215271267772079549
113016299225541566859457
1095210924479267434537829
299091924451434785580436
734970109389491780157748
64934249617281884200618
308826085122213603476506
406690603493727786199301
204950548348806127060505
589313111648714729621858
823354275943892373607316
980726098912468799556005
336222803736248708673530
322464402901842654118010
777372726239450010133280
880466798915924581171369
290443245872435211475213
807359494023848783604658
1071561943264690760809981
496528571261497468476625
517208896214409169840912
684679525775938070349109
419956442155713058624576
483054655777171452012356
568609982338269837520125
758451948567595037669785
554803310199888505553797
1245795059977603616611657
755656724951709848106361
404856019907562971708721
98309027019398916089885
333306011992385356817885
153096692724908883546397
87184094264384378145154
328317130960417196223965
219043927554004201576490
628964448789939202954546
612180377237234259907034
447228477563716588727458
1110903803656318415306960
904089833480242924923988
767356533518068946941156
595754460410320060951865
566571749085722102332042
578753326953143782859700
681405756743199241685170
578116186152404947584421
459245364823506589154201
325822331782424894240749
722506482821304061870977
292185657535221902249650
286078697156266327282421
957972673854814394937065
333955017981637792449730
149381805304433624946962
376053021132186617364625
797439140561297769962624
439807009915899209880517
729032561140205816128433
48096030985455562684328
467481966344529414587585
877022966747653734281760
99898269955720521224234
706078906605947520370673
260348524439048238297284
111690235931918232882002
36988187338207372852778
818901307544973575527712
261139444813401099710245
264123223648555523667232
136234213535237562388481
288945019685139234874850
437638511843271889073738
750101949497725445339954
113500975831842556677077
447184984909759080997860
314341663516781374844624
790250496472778514820349
222117396001017081885385
543670753017780769999154
823864438315230454584517
443015300464215184992250
106237583576150047618474
84020358674095181139370
167299291356727070527154
669704526975418605896986
830358224453141534984137
725983398417617727222145
1293361773252657788169194
725208021188268466767425
305982054527638604080673
687374498509177401645992
515139047536899056741224
662394992267165600487677
1056171452485587800429101
195573312618579326651225
429227863737909750087041
125920790769285822828148
305871282987714178471130
831783078291891307528805
305165829262297367604916
372325164923605575734861
167578983373132076692129
153105213504523327469329
390645064778751575826256
673817241460083341323133
587911598745294972355609
722608479018485934326405
161580188433242803080321
268726674983794770492913
47183030767958803801000
204457382847433068999685
530799309611713274507185
232918899817618800822285
462451436188158430155377
841591119148209268953434
560822834521468020557233
528509689603927760015105
1062779857358160129749626
569962772666360132259257
433055294893638039510133
1005407271087650293602196
323100420594663998308501
1091572520052427039000621
570546268808285357112265
424233667160010644886625
794403109916027573208785
551791520476855104376801
271042266861749416586890
862327300138726736705081
295611436501877711302308
360228933826809345699034
586290943623446308754594
464073191465463004350701
194241421264964478139765
234914893460384697899252
1312413334478983379545922
471909090767594333990693
448805012578189165045962
840992988488280331528513
262100194003960611076522
417117051872797035384077
445687977452038178599745
639100738811338604972201
378929742189470829232532
978598150567892908076173
389917087647929335672362
527886532718323487901221
636395774642105094353925
1128353487199127316956002
507633015950038272190250
237445131674332984532602
194409684577982557806730
736034034629300672728249
506011545445384482428821
1157403479959847313497330
387161839193049456534986
410651774152225656663005
627443916648076002644489
471542952598815699321121
949663842436737738149701
103071997482971533740173
207190962576543487539556
367293537361235815408130
1110760388655980551520810
493731213709199319833221
362190220448361507351746
253255028599846739907073
332366957437687662011266
880714472769451850185373
643682482883480024924425
693575415985652473989505
386451931798420901103418
382371613165583556799556
659958110581229704105317
511183923237585217596740
245762518526736709756868
1143192454130513723554386
558740102944370713834873
73545488978857503972754
251481077920616334445460
249147682340665121272162
807030770191725216856309
324795678323399997580193
425480774142187583251282
302843679099139383286282
132321821915130119975525
492624645500275470335465
267550167382533334906000
128742522405728432489665
407426317617239442447570
491504322733259461339529
385960676163332754764402
456509440777077248723189
340553061273946069687140
87866475930677595674276
880494284986552252916132
1040013969243866486015585
231669964802664551084245
71037697650191235771425
203566910932610293187849
66457718579801843598740
1077452562896685580313780
703644492882300996575497
378772795424286950757122
311671574843774832020420
197616743893197000107602
964267233688425921822868
629546363325593990465453
358435336435663317002281
463990997442057152860138
722283353871201969567120
41099031482335245453128
583854435066886485366737
721382861486142621057298
398656778320854268336180
519636549965456816995474
1206324600943532210918809
850476532085599788728036
516538496317750697156210
774791288653328631527329
743825049894620174734405
606828413289259871451688
152305757644057721513797
452977233488280754311538
306994072885997825313362
793375992869163764444290
705838924204875868699850
701625179971824906761793
576122844155974783303028
506391684605850180899281
937901390651934845380000
94840434459358568750480
323371496186663428988874
865655748361043458785394
379518388166687580943637
143163174436741037732050
641794542708753395147264
998229756924947874235801
295901696665770938290665
421693559639479349125832
46083038469999668106292
1197639847061518606582765
465083983144952796163037
635450432647196941509608
239069792043677296285544
772126132313591788792097
894467552405233290026665
378389455918745542533805
254107810563561215170925
227949344563918932737105
761376149534131840294345
172133005019988957755369
432814362942554234494312
549743202983257362937930
28421923596579870862376
206672924231001257389985
838556564112051742397213
428675990934805970697972
380697378279822216859073
900096916808777399989465
237399533308210175959610
1390049548165987840318505
893949742936625609035316
538723506498463385549234
1065611023112075379932754
548223502370495677041917
473326155655722647229796
362049310906913488483386
221618559661620252398066
749047911270865541294789
380990526101248306930000
88433660661366408469909
846893857975664952651525
664623970839171415787680
515393930433871528759466
513915165923931462094893
951173229483023632601842
782316146741500989915754
800229227433457344867700
683455983591231461987185
629004054264413398797625
1015111860490645653128276
263237403413949415986089
140068301363050637429476
698896121243303187482549
749032668185506011583385
192103937022833444239376
226497901300564100009185
878199277895394836533445
65424452043097581636481
1006902688723171279722061
317025911779829825229485
358988335055628856458757
590840824362237436968720
223423575097104602704745
1184196719553650860068864
246403942259787910183226
747806506661558919129010
302716175826968402611162
1395825991574477606329261
193557386880728646576497
900415383270212565722180
356810580901104968333501
677466466157731255847749
124999811463474825912905
316243449172344134567380
534229583796544017635842
815365069553118926770477
849489867246928013941421
13434178276486334432528
1011685517040856542921481
512251626003806636296397
798011508304403045358689
566050893806964757135346
715491623191549940500797
577975576003410423623425
759673686581582784972605
481299400897211598599578
88141165041880407642917
601456269784818181109058
118925751342490153075728
285702934391441031974098
892986682243936551045098
860690390586184295261188
1133969947201095375340021
804510605866923300804665
357129514883869947123425
387533234478169936339237
386519187174625149078905
1156302500036243684250914
105691888335266618702585
946520051271674157546932
233393019481966221766018
813614158035421295065729
262856895163164208654081
360271478542873585188581
552640546831234782225460
870317084266518349526696
143024986404539878600349
602793587865415652823605
693881562196380659277109
833571705710158495463458
96872053152151203304010
389594567220553733321018
553650936887534230341217
177882176382286685641730
584045745393105910204020
198439147314751205028884
703381317805212953087354
936018169089317222281808
962904012736396598406325
468987684358604634569858
733631231815586543898274
252066733143742289473474
137525337652403387483217
451924806951356453629498
338695198158608353907333
397340346189309838971968
740932309299885923494672
960810664897318434509858
827181818074758671223977
87853223748312949288421
452234973833181190856225
64089868507572977439620
314627681581331845942241
943474968823851389282285
754045612868953013833618
629923983917275276067840
1272743460952033446975969
199818024609188291213513
473083863854164923678253
910305927468389518770100
371128010816741971655124
50194910964751085920834
772232238035139135990600
870627945364657427520261
372786809262465844417221
426270338338189577652017
223268138319555218132477
1418863211944974209509556
765186375769386708203474
1060580364327852099702325
556600391878008340632853
451427099740169850954586
499654399857546642479690
1206921310173031984585129
1029015365482887508691456
1121663758634385398053492
382243422740427944541865
753073378925307776925317
345245044844705699791381
624592319550909221190202
1262156494774271395070533
299708252084364630990850
532518926668913478819733
1093158197360044840305650
235066201381964847775517
797557989802477646639810
963638648902753134863940
959551982118830510320565
1048245144574143087643898
332695048603897584122234
1107403813287777899853401
49805214565444457540292
156510210955332471615418
429802515342195837107929
354422641508739617883121
267838793175396249262593
1078366790218895796113665
243040691037956365729474
793925527396351357029332
186051061556142812406221
566475385076784948043386
700269522942876230734650
662371664529351901049701
1285314535366461135548757
150326549023425415103957
130443092805907612259685
1076408309604483505125242
895139233177774052984474
329389897583126289225025
200979115052866670137636
1110229531599908241112480
466541606899572018645818
524241795014973119038994
582229248175118485583284
383608695123169680341117
679192801110950040924173
341537701308942258553924
362300445134709068317034
910785058295860640201033
1021583275255137631566676
602246244547629535956034
641673682440392631069349
666911397805649847627685
988141953593474789266769
246304466035728996390401
476638193980432500659620
622972671372827850446500
863110773309163484346434
114022963900639384186496
406210356703275938247700
702695086436018025470096
857716991149681723913064
199494513790620834640673
1091434107914009281700501
246221667890327912385573
921197048196497611861309
389021207800017893287780
119530307333024181567090
933115006669278946950377
282870295701195952593961
831032142741644005945192
775494824398388640495394
291181858564156889410933
619130588196419900843108
500269344580343640143650
956861775471879501991328
397015267043904824090921
598639069028788071179850
367215826324206410189012
719059815876542156474000
209220760028331998362993
389485349480679692481040
752375638920707931177700
147284322628795722636533
280619846980662386347588
450754767431178524048930
525917725565569066448797
1027789713781441826401514
292683422453943268830889
298431119655513934009226
384454408462970035200532
215871547812809792183345
739009319505315115014290
284728153238433163157249
288421682743084330176532
385038381481016560728161
204468803482303394227586
190052203450104278337410
41580067268594289389365
269261814239184471535125
717623860258935029883061
1302832979988205729445645
491847120319322583337810
183085314048387693776125
246184319818207125832525
269672860092499744879538
614657185715119297432546
239157807537498465273169
523761447727408709427976
580852603482403192815524
28756116315223712343680
136464686546870680076237
450457484236909994881600
382788306325114648721629
323156716057075642260250
182455800621185768082041
785534244227139964693162
660767846071949607764565
1081604776389566222540584
515087749277506286155496
684982955091059913137629
220573286007682445504132
171454768146181044945785
409719400194038434445917
231095165322734253973458
871072082885244819740409
1189476732077919467186836
627639609975996364129556
717630194742985518382804
452927455615986092661050
181597142656938586282913
264966363302976226931409
1096573506132539077630857
313312519671778172728282
259367688718097007632821
845593648061628388989728
985208710277818225619290
481314278837323617962258
365926043892038971001033
512100533876760559361744
275649523974019540958314
111403862367855938791205
1194283446138427727904928
911596698201137938899949
370528562245671231596210
296032501695113309988985
1296570821714480248423757
462036208542069173073170
362852335272947409695925
1075545270301130237478641
191468820852344012573608
982356777780105187352633
228555455310920324989081
367896784713836076138257
151193045286507162826890
759642388450001986429162
254001309892513782855281
332831491220134569178121
566599836321035755844642
582635119404673913809010
934986822987389308566228
225951029364974707491725
225849965423563160845949
702003430768945111451642
600538190290219554101073
202660389696330563609060
1235999856792643831131700
241001833878987142772273
300622017458997412133776
115749346914674925173989
952320143926338119008660
246620962176134290549634
386266598514163972360586
614263333231020159237442
302502417409875980691346
444505154993647695519332
1338459492907651161405200
663447739962256214567650
159164096301014254284690
293094930618367894321313
1004453852482029902093285
276129291481245705073941
875350399183243751192017
439490716443558274937994
668541168642649759728818
829884731471540725070554
436888566737864832712538
594063331042523080132640
345369538921083883293397
463217428605974065643057
758850307842906565787285
1190450658724215684916797
200887278517802870807841
300523347980660714729065
1071818171525971779924698
664496089116652948809888
558322763001060776546797
878433217521480329740925
290421727510368335688938
503288414199622362449521
