476350157808492131345393
600774482626087729039450
704223342812398811587397
250197031564404854307625
549643427624635564469797
530841830638917534979769
220064358239123890350346
224864488850381041716288
481920329599464007287074
730776279824574806111017
483880612199786772771940
144033422835736693033162
599651653508399414816525
666584519843252179364117
480778147308911200121332
698246325090687239925569
425522796825197165195489
356410939429920703505029
488613636523285562545561
246434127124104941948392
486035243829794689681745
743867648665507216111700
624271976168728521837949
607832558854661147579624
700547749932085107878394
583129279001042632129185
336156532741567150521309
494794114754098206865633
849060712141835789032405
409573864291395276216850
820513968360841851288425
401462213686149758254369
405481240187080665018228
475712211216032559012010
475361463653434943112481
558169326705629449982992
365064762772722757356778
512654822006269661334769
581595697541332310910034
328593397803499262891285
295891102509272535608185
857798363827304776462090
337282732564716436942921
313799180568135167217546
679391703933480711192020
402948887474272467955673
651824717349830431316317
463336627332062251812890
366759609092344423169617
803646377007869512467610
610993668088955240748189
505473673560934897093636
370461050394499761405757
537561292249431756220525
452940866038206294077201
693810479701641166859705
627288074981878505160745
527763136325143978385348
723979730597006857491682
448757368438268077591168
484000101030285616260325
491012201166071141390221
660654124820957004318496
882633891349452871214434
515167108728220662237250
249042705258809166524549
449162215960695610963850
584382602882449334568865
501325565843056504424212
775798249987335349389826
701409579181977135701725
628390129363835636570324
341963144664932554461217
743042552787466030286009
807654921086985931399376
623538110531932936413184
519692176081190828837234
506933625627650400728029
677904472419906191999437
740503362577789542090500
409534601777864520064301
454682482103248274295890
770121058612440200344925
785331446448421478024525
488519571080960771226237
401366224134952252851706
690902830202543243790928
268324527788723506175897
550997714651152858004225
490185272182888608642340
497762065848114654252637
491051058272504403571817
399193377358204041907348
507504285039866867289373
297512317562285138071474
189908597468372730138117
772504245936902839719944
262055194943746670800648
719229059271249961367938
719781601750638973446429
609971221066888784310346
732898661746234749995890
556347261561270526239362
403099953261277778659285
659609908415934152859845
607607399013068118577289
507330466031233773015410
617155366569178951053473
571494815353318625818933
533318142714962048722629
457850635474211123963153
394644276794585836165828
349272058498504568598505
294749050586163163909768
678612282439491272635949
410143805125303600004930
413743535736892210180010
299006262392035673693377
298540877293557062693525
315792856054997094234469
648621028421146124023609
760552028762907962412845
514361260338613374177809
394207571566842460236738
542378300409079299054100
425451631647925243943200
429935282233742586881673
519207818924698181564621
497110359424386707086394
440901791446383391572353
761739077401933997016677
343294129853175288905245
247220923148461531188322
606263636816225240195012
395940965452366874884132
460316042085887782492744
676897669805683794272657
510432532616560031300650
461541102815824612701300
455399649962597698498325
429134124157470913134400
424047396994813139091514
495567141780708813987658
446404653082052265800836
340303605908868523174285
587944737373344910745332
465539032506873468293965
516444006798387847316185
393208446813869602695074
577979304446082618458132
455012313076578701103874
493114928456017262102189
610480324264871763200272
251015949165284391764450
567356183231256523781685
391282797853376238581172
556195202075403486986765
519457920594762789990649
562511110550556142229365
220200250071389026171472
641004160840049935931665
731728113563052498099236
621530943086772164090176
385314064388845053705125
571035481370130082026761
555272264387490394770625
500756577241148466853250
297253925424956036869540
499979012795532924656418
561639991690178687903357
572837647669026627206437
325414928557607850147290
339067422263332617196901
590062917299322975778052
901108551358491944435050
861206402783768807479474
438661314500299411433650
259844295469969902577705
404588539396195007369121
826425871471304471708424
313203866686004580593425
466626922413552265542050
461564676146121786144769
703755130593363147886186
171464780231678596692866
383524507124230648982600
479978544969973741721945
751194173922757057570226
541492914869309297370440
456346014601500772883280
512562642790237709578496
595260260934584967469690
415014775694612004632117
827778591675488481465970
854152087190488069979881
422965598893735211916930
617712103540591537227362
306817198778501798521489
688287186093185904371449
638778139945841492371073
412969489685607470066690
499956007241257391339370
369469616555842227581425
511232215313278203711140
644841290530967071408810
563822803296466050452168
632980256415264722118050
418178737939544360242664
359187703888086500027816
872965430318666908758800
632094159327024128160005
753806721644935473371629
504108883429737525836816
657450793774095304071913
660088067198572409362794
280405462635363587081013
553891816005573670817860
207070745713086335940050
388110405480945445254305
246156062572496157775346
332115634418133927622472
493912116936936921763021
276294187780173322571930
518437623967154316051554
429533399389226120446093
838871920571522878035466
622509981525811774398893
365349794601671460328410
549469482763710821319368
740102038131165830141930
412437702761634177954577
748326506712754275389005
612168071170210080862645
396459273894517557577764
530892789434814021869965
647188200598040961091373
350702934884444304242856
546072636899556198537860
591439438814467824662265
273407851329782491968788
431949279119854301531986
302970130232063021646785
633215566735926726567833
438637642240211634297001
722428768214998516553626
495968668927170986407561
678014921827321072873957
539122927394490636336409
531177344645387383319009
694520402325729710810980
407696521740752221421161
509689763251687559549860
241500187143197058685810
677674476000371533513001
587067765722125910878253
614884116040750563653060
411686406920389540087265
587706280317473900798637
596298977743732594800866
640776249858175498354085
626368452760253681330576
803721765051025203208682
790108190415811063953098
577769416823168317027450
736595917804700964107012
567637241959274400120913
656047356020725682439577
233746943308532387314981
231467312808557796766925
518150622692414143503265
395839235797738525430237
531189009840864136865365
383613209720067713151697
538713352400852643747604
577195916706697340640146
303551991927229186766857
483741374046093364764602
576112068318635416160821
617781172308976454436506
647884485046339010056553
668313941792115689745217
369678985429507115277330
330525999473384746781641
676809893687134794282820
555411843951952602341428
660440041488148864306757
479926406429939791085737
642628034358033227717074
672830314909727623025156
281650306223966822249698
664609584964674645337617
444952040788029052525844
458969868263520825013832
759978405003889129076993
383881605743301167294740
541179059410912251546977
601529782307346041991620
526972737946696349705674
396657274613864375230585
636455613721893731757793
488175121238796271130545
562944783205005143306953
608571184189774629924970
362786813839366403302850
360323518448560856946772
433960342507297146978576
270178653686543615479010
639667417786766600276538
540943891256123907479425
424265312433376894881925
574729216636755579200633
476954857200849253816736
369295918560774605755673
654150477149759033630089
523514014328200731576872
385952050703494926949610
378358235275028681675465
499633861435952300270258
583228004596529637590065
813819063032771348948657
530968641488906287956389
698605381549733730447250
379667738724024813634192
493803413328242833799513
639442129385179334359688
416972317832649381696426
582425005683939629895001
647051690533336249805018
479473401289115945443085
295693835819572684370381
641338799655072812094457
648975629521773369422109
583123308714656129235400
492610661957667310523237
415366059043820180097706
554676277913445785607061
591428307125527872106649
557546234111793131930869
366023805025855796099685
398558176637100753715073
516275736097194815061905
306264967877559179134530
712562314788237219453850
660097086895557342229460
620716573595531210990677
658046288663217225689866
734766527835608159194562
591086369291257910380808
228862447682898071170960
715503767431069815312085
540556254796159684834000
422559123155531911813381
467609429834602258810437
659272386011391414945800
431362674840405416011825
783330780855455079368281
478999336194864437768737
419978198875113490223497
700238602759408988722525
765505852937628378363185
444342610098984277902866
604351094865895694767805
708291183893031191820328
425225637917593871342554
361895028038037826059922
485524926284434518178624
346775682455770825840553
520801060248577869457889
703362035586616462509026
498737843947516390613749
536956110769962162298664
720303529440494488657700
355038384185369924279236
433728349497583522508018
749713171183092853244525
312000791146060335883940
665065067959760474605513
362727359221712311827613
696932049507984750833281
439723377622736172798817
546609725175638308518269
542667331056248608191752
692102622666889943516297
521907804653104761421133
413724048570794425383394
427668652808668508354573
645130013484888473499152
332392795080179620461970
459051519996503471661377
792152491689042760927634
510328594039419628462564
526171729704107651916520
653296779933999272529992
498761613226185106463129
684418511987383765640900
595337435978191795803433
372412991740509041832868
541790327027995967428034
596968455178169537274341
240698983547729691755978
516093119156188351813664
435672396579776784520648
745189425205286032043957
381664434357576622503940
530783427541204523822225
254398240914310711456738
447776772476959618840850
578575776670456155359008
829937849484124656087605
605298721333902186030952
798022590365957641691629
696021864744423083398801
251784613204814865580673
390953126031307975912610
583982479179587252920850
500622751255732944146353
448568199388182751656626
376610450531132998532105
581059014710917811913202
543614257662720864880256
545667120519175826831752
369886062674593392630949
615676226693175478054737
573120449620308816239170
415249363708158487854020
492020276258119292889970
501131291017792299173770
489158959859361588107210
434565354491065753035901
345373578580409007028370
552350778234533511500660
469802014472758002669461
267724119001982174861693
570810132497430370233754
355972360246887157163813
395876011998717914967700
169296881071646072410340
482161334185559720396500
585184621444115858818714
818915928914813700388505
371635604594268586338565
505938807963440185100776
410364999334072018606565
447166760206606521696837
357061436351295259196698
576540094468149833852650
673450333699359752916340
567455926725692238274344
265774520193727238843210
503454034940947534043585
651925439677749538260017
257556224943016976819165
439096398115321801992033
291283298505337493430149
618602759335835566392644
301302159862960311595337
500237110261099651324968
404486864350576768392557
756043217157097705886037
475136554119659230695497
470810115200145708205173
437803237163365374004369
431680305475730062207561
600272569194443895422290
401594171589175172698549
792304352241215108217796
624052874267125049835296
460516071886950575174825
573888629841436381627170
323031356526123151693352
553582936845092895461433
364294120490432450553469
436328917416349297297385
484153059660428983747616
529027036226600475000260
639926627442268678243268
664922174800066650482041
875105696848906107325901
255488603146439684740520
405758645208584444794762
552200296097543622111050
651127755312014182700173
603287365665517066690274
557795796055652580258689
632174195373700632161029
727038836936773458326370
698042427368332079152765
590787841566264561695360
511916071902185116422621
388310879060586041384237
251983531511670537803396
602945796884095112374418
391089503820672326606848
719762280165979977264881
589214237353852703363857
674280436723298373875345
447587921945827196561605
435460562778452536393792
444659388698464344417060
578743287374420897182225
644267282087494154949712
414034321704337605964437
496146159523420176574754
820309209148199898384730
746980314673114569548593
607457817718900798675181
538935281253735598810169
859337009415079508200445
594118326000263186018234
620254559867821330830338
704130807135543882056404
484321234693524366642074
491618702325879909222949
385595028702997731607897
441224072192711112748994
576700281357326706886429
394207387941240451148360
626700114630461746678753
486869024829771210160385
841105762065773720654410
553007086170667489116832
419995962423230136811193
733889048207055279345909
641939783667406090282613
372097149374899352725297
707017388356949406408209
737987185924643854330578
574526397799828867827785
442305697515050317339081
385845009259127124108541
501709358595653323432850
494330918436775396656290
868037729036126995759825
603060315903207272520605
399071380642882722494410
682445707854524728285844
663404851291440131755025
447423158970636333480244
480216526843841616661034
655667090798757998463090
472986916710247467200257
519014589180551525839306
440490339694294045808692
684253587044463632638240
539216454862949524875890
396988932983650244191001
502190400920012617981018
779104514512654378380425
261406276964673635991541
172359918447443301290036
624204154691391059058258
455229943158229844036405
432675223674935633289881
474528876294300388328377
597569165781952846549832
562483773310709080458290
422957412633057985229245
649481978385584734164233
361680277742975984679833
321452051731870300001821
346860597285750717655690
681163423489395771776930
449095691482921894197697
614512440695949113782705
633428236229437958734228
607892217943693417021521
622304973427966540986500
553824919366084533585393
305793330710677699393197
513089678541397123900082
473316896559576598024645
594993250622772523314425
479903403015468633777361
718498665720915350754825
749430687964155656435594
543111666178465677603481
679677154752972381433105
772416590418206292500820
673897181559587183767946
209153056822012398462245
442647770607696040878010
554031872466103410704789
575684978987426574137738
354191960020917479844970
723453275960083074229525
561145893399497095314165
538301193950061276442450
428692060376633110430564
688440047371677885822325
619045076267225203552349
535477860701493438763737
533969097973063124738378
422805785500213905335365
877076016147353237478133
210491496220595999441378
694619291991821767975889
717075651107721037008724
367671547972346418338260
493512959329812138708085
326605776878407737646480
572583949082272837019305
350983452157306637790745
720203245505349260159905
622388594512120915708697
489427773855808620251668
466960107562221271008512
748371364796800567679405
578882667225727655026420
671968619709857499625544
221736894077079246307681
500273698264682959635205
610111075844188016792020
717573998819726123114845
721121021029334667716176
428991633620770368197453
779832396603510673708584
449587366806865265748884
459009016516154373876820
617682299825774980557928
341155874691895453065605
528016091674112023908384
541932133491298263598138
618102320123270787093698
558262622960000808963345
278113674004448721551066
432157657387018349388530
365242717802148214860922
590492556591031019424349
410389571675371683750130
411400254564168279211556
505281907658658952159274
473346826937072066264186
720771594249177130624730
285883937717517606846224
719647106944993307123194
682647111936583061607860
665853008819074763615784
478548811908906705299106
472036736815969273290641
540699483984038498257565
367268577118905584733588
493890323363750817341429
396857728862012995354948
604695157516389496510945
623416382821693938713661
619293846259379329239296
748470409067445134605933
494161613384681548303309
453985833754588278551524
696792759766095414112424
636236980610943252529089
523694546910815448303925
775302648677873693259121
493188797146431030403441
392284366331999138408525
623139281811570078464157
492427577746274326493896
355824752162221260039376
449795451969469165717072
681687187062790851022312
742554992073416271493181
608994149992604652739426
