980615290067578739407069
210792443101504602444305
371175891887336856928754
664997517653324036415440
497504389266602525660625
480933861952457644086065
1333157743821949284453129
844600234417489848747101
95125830607401682255074
774717336803530006614146
767350983585263904972745
1016725599618909858100233
1200153759324211814632010
123152375173113963567565
1088519040146442162891496
940447613434101223530253
325928945713026568974365
39386665493795205772561
37769246193923506997666
1198327272290127611681237
254205214583451566869674
410656645811042662749325
464112272287276087282216
413196534990112447306525
239384947049290350405490
496274942457905165794100
428043093377968139774705
530746068432137707634105
1532239098100111285733117
1575109629810796317085492
506729982910461098984785
631862798804036016001717
577130492000572199524850
806763039480584974250272
63309554506412907758665
443508015826913877629236
433527988816894350495826
682761127094779584301609
1229579688005689632862121
723407960431908201969826
1118181197554913779641833
977469432289521786586088
30671399264915655003985
856320727251591161630681
262079480884997258575252
201173665724145408321337
459579973244977877377156
626459497435772383892401
827984589014519669187866
120388206492794088133913
949270945198966006923072
586274435056564967986730
936846645616738333116394
1263270335059136844105893
265045869921165772038669
952504232820036972940426
22893796995266145383650
641445909085237452156722
17509944683183436719209
441914655361513488955641
519263402497118605429940
624360936213152093492314
1052968240163792654053349
985575333638950226406373
1636641206826677246454813
1137914396727384432897956
374830646451669395688850
225871272423593653157992
998715508536782906629505
360167996294640331902178
528650537097112805194829
1628590028634304535720330
801263083974170963521709
925425311155800950079976
1222777303248577352905525
1606910893421439859112381
20403978053801229021325
1240697961265110547923848
616644087804261757373850
208503740440999343074669
907039832543484885187346
1139079975321072657999793
238159845518557915477337
449892678163470667684157
132219108483439138197101
1039780200066010913830073
779959593577219171491594
1243869401694334049232512
665671583116826890037209
450493936798905981891882
262815358522301527783178
410946184028865513799924
856415776277793479751490
901963598206990296168153
287096610045412641573136
218920963529759706869525
639226840108571080075124
392726683246062754858484
283369786707934270763746
441027869574973277393152
135386329433194844579425
154936727923774537439845
851213303507441893823732
701116590629534660605856
1131785416303067548032057
792188266161322469911444
1248001305190960245508692
254856048378905258005330
1468761914184715764920178
358368657301486914860909
185053851024702012796160
1488906298661511838018913
1263420718298304618999746
242626180709936159052361
88018071531746679212500
490682766160626341135546
896077083879235798140457
787546683056549857374218
628619075434385423958160
359891512817377515742010
214180508114338727337458
839714903330032646797450
1037802514619331122484089
895543692041871525514570
502169985029184355450229
346555388673164397213005
206185056674271953243698
421117898939992916585821
279950284822487140777437
223679446666415473260962
516240514203634327091346
639683268640909318757665
555832719602164498537864
165553500784965793437821
1284650121964423011924068
271334066873135864071882
427171262194750234652753
1012502239722193281592642
769635976321650629606672
873028298423352745252116
705240436356792040360762
411459960561583718829221
635724852260272278381397
394334122398838548304562
246169456561613937426820
1436075847877688814885160
376844950870682264510240
264036790481541402584002
670453538373724718652250
1082442484305548575453997
1208787666862587049917293
990553445388084550839313
733809201792092869903074
890699159387862898522250
82279389053626061403949
1084470951889612685213738
187218699593783665140581
757108443808867180616249
877248915422655507331025
1018049724844772333261645
763035763058503693528010
1028793296583429730926964
436377108580603924509274
1188254642056606563054145
339313949031110998303321
86683342629224699323893
562445499469135002478745
1026169440967206085765562
973834423531633760274898
284404424221461717386218
171654759383606359727893
176467203884637393415573
741687079194856827426346
207460759285320362664674
764073845056996356685849
253043418083857819576013
1044357235379040309778728
1706057234259788323583298
474353597462415180851709
1102579795768135080320549
562969889488368300973653
470062502880772640334340
152091435951081761784392
449025444205532155992010
1096416051688673339281370
536267124343246637623985
739704439688299707015161
1158440459041492882285640
852246531533944141882625
496252736751048416628817
878820631043077673492029
305869058013717462107209
222484288033460476205137
588374003865252094547445
269635528800290207883965
600727654431638655447578
977758830679056223704125
610106307590359761718261
897129419606386183707521
183166365786444640256193
772730699897379477404693
257339914790119819390728
791332020385770469109066
136922391228649479530242
750931092367411461736877
912639217809920691772130
152951599377099179404969
761854549329074697951130
355671786955947894921025
347933226517103041817714
633956802647051383083589
584523692069567598184712
1090009766548238005166416
348006090644857948579993
995701939945411036840810
721115651184618192781469
486092889611198330125325
752680771545980762920097
107278808366720842360468
475090562329927811539738
408735458822449974284333
1161319419670416344200930
253975858478088916507225
602305855415276576258756
162756821590068983970632
816044986083734929466233
415209857791124313624340
556721698592012858986469
772393694155718072661152
819071076606312006614612
25785724702489581496264
680491598064127955063705
769449348525428123518810
1951278148483728460197409
583888814201335944748050
970707639202639385920616
425269068392599603679560
1123888784800040593646954
351241296444160241195429
903958891406310890814210
293627781992506951645825
1070519835613245179288233
951265889932780674863577
1177943842919468165736661
600153451770397889100114
453968340811114440652533
844833039417227801641522
661277478589253372050984
575230438066152791363904
97870547049464212634026
1230258715639605774975625
43749550729460552065589
1301577120939397841129754
273659926952555393851705
959789188112031972058400
502875233358094508244701
1011244755653019289880725
618436033945095033789714
702200769916922043506600
864220337770705207228061
599773670954709842128232
1167664642546226432501764
84863007687950612860205
1355574596966035473422365
310185721965555834871754
554533636503699061928681
1182947468010702514376085
1455680982533986779062425
497951444531631508236025
1131308555239239802974369
749048578647231737812978
1215001674045891850128980
102661448529271692767213
852959677115191028297681
245150892559020949439060
386291234134087933756594
92462415534340330392352
422385002603788546621780
253932288938266715332813
740738205085897589457160
111784017526018542283410
418140024298090527122561
504199242073520268450137
290833424793432469339290
1232163873480754730264425
1052216019039976160946617
819939621165071791729005
1004183759116112969207812
1483778130927996841725088
1727879227957116363987520
752657857551343634921604
1311074528800147626283669
934074069835880995605700
406971403474938548279881
1109933445941463626163085
1011109479112282998135953
397579002043907905096129
1384878790101677491147253
747929329028955665120269
908636416583059395119668
500010773980622584832722
596661192948253553903593
1032810266430683505370549
746554915002362153907024
1245996519847353830805581
351983233396842716684432
779656422041923465803922
752002233825280043728009
570439217702758630878329
169038234826911098232049
247685720127405443994788
355546437896109059581865
555326493996242583376429
601136821284306715942560
342535082455075322215757
474381413859677968646669
1254643651242206292031925
437478223080049541157440
134144222572209256470250
935615428761753551410597
586405120279585199036869
277533724018995776262065
4599568635581344890602
780926547459965253044549
574195483529492919289777
1363502241381414700082101
468909637238475757088596
761571696772070860465133
1008522083799778869275348
387910240386730713755585
387881141132581429648570
453922558814651108931554
1614938459279947610263426
940924590283295469908645
1343442229513456763176900
788847303386414795293586
1099296746108570731508730
672164877807359795182493
969125813557248247328650
629366828284082344418120
131430493133989445754202
749717696609544838874773
1982933650758661594555460
764116899568947399010005
768663731244265088150945
114637115471438230163453
379659472285134331847017
449356700178733044853921
603026341801879138159432
380252186788806829558162
582261735875139203252616
1137091112426743792139069
443511920714188280143421
38431671197478035870980
285475765495643416595173
578176205873016447578050
1665331675698197472123496
455954264861447829602425
616147890477205014566777
301936289831721739593269
206332727755838987851885
880394031180253591312257
1008732481391963868603925
625867275123503298794585
572458536912877750107746
231413588827469262869201
224552519900638410743905
487012046828192290999133
277135182611991929600233
570046598742520757499461
424859851422113589543373
555252596752764497201810
505611043054799865333218
1142961825197619066968584
1419958744753330658667856
66142113697626922699578
1739933248465407148404725
176249073601907253880036
43886703783715854550378
765916732101942944609378
57150924460062889967674
234130700110814064501704
989691832829483796867201
310131561135864857480909
354599979614513370114920
571397168631935707245009
413781849479260934852112
1062541228864138354856077
1044084296925323339508629
403346630049597813272545
755151458483175436140040
455176503058119651563049
169169108935135863029085
550386736922546715417145
997468783813137032107217
363585412738079769610477
1424370422597002171573617
371709182325368527528144
384531579871981209287296
826424756442509427561293
692980682984858739667720
574359358031892089057992
614912807009300726157125
1254439760107290445960192
227873056316863153761448
520003781151372584412580
125894009631971811760781
868141513021136008054842
653067462542664465410197
875600786621784075471709
381034853020887612531122
22717833020605771921330
464487221767969114504469
523504996524102963106386
860728421568527324184052
199129637695328341647361
1095202125322835249945970
506075434583670290322100
462288649572335863324170
396570991282948634518480
383558813018473135857629
715002751805243428422781
312938544334802858009492
398176928018111707745765
1016800400172517553009233
1084806750284402942318233
1743375663088797664003177
1172867487617133685601330
806270023785105313398061
797430597766934279467765
1246090490829502125498088
108769434888253695512141
1440543830053056773280509
48259821161048163417050
496185683569956098163322
500162100354139823664453
1060955196176651551981682
421442195602408812738673
793024850184974817262681
335875096599357249678970
454417019708633195449057
160987581432362185505341
693609908579778993625957
100825059931396028752520
1027520974155930561080453
207044088211241650989061
1772189044262630796199338
174035326081722952656097
357549638086574616661625
637096964457206356256925
496464558301442778541226
57052478710651374725570
668436886145885957872272
69103514030388489766165
890980052737810820918689
552155163945157445311498
457838411017647179173609
437588451904195925326600
553626788054032951822017
473943654966675542736050
981072776035951192814453
907474262752808326357381
954851165860910907663050
1294800762390251488164104
985242960965110743022601
852848368954393781373653
311756836452691405792516
874966318131983960079149
506917348123987468312970
287562997682409794848802
1086378700754149063937882
766301635524144049371956
300688944874278540515458
894972696622607701608976
939026604659869807313284
303855148880385812455981
612689799169174950904741
415845372455999966770088
303206309812457161818749
856545891747104079745577
456887195894294542644761
499074395097014902433000
802140449210153284198178
416081870025677459840050
1027491285450530886825073
268204322780952096650162
345304045535331916441504
495686432409340713954068
285666619607215769626964
185528729058408066977605
1305017104168694740404496
1452182068376538971822818
438639377435783632363933
1163794144338919150737530
413618584250694324048116
987147348664718615317621
72566952391831718358938
717263845347074954812340
715277412879855890321380
411856452250638459234905
1071586514086845320159138
212737681869789447928745
622647186296354928644850
243250659060056959393585
755085866120880655445794
1877707405418206531397122
118186695194055494584225
177564257991675017085472
217100049821363287210010
1217294475881387554940260
12904199038312502796809
752175878289603964568173
218413716547474358087533
1450884354905476849685905
756027450821202536502685
549357750029782509672250
250335151394373147991716
190254413414501900228360
268025680260364326727005
509096523837986850994841
501830618682960957156205
813476568195670506448084
928277553068093697960185
103610363691014614188292
649836403789653879367897
874403427106989083789344
406606736529915735798725
612852367936143473433728
271763222815217803319845
676509024553289153799956
800079434811034812752993
721867105540240755613505
416007080120146689435650
1321530048497421168574645
448392783355264866479129
303344572545894493267498
1385269844744986700502529
581844618816080170732276
270051139456769259806752
264515922412612822477525
416254845979663970048410
984637267965736982132605
108289188606859442813405
813343900611616224070897
133401010751601861440212
374816985502080747466421
279020760245433847107293
329394196359925860373978
350099505714347740302874
364202548009624361766114
35634420331232114619625
1456925974900203567312857
674967767069600282632793
267491630151340870464698
656581209424447530685033
1420638453880996821678145
572763652922665574217224
1073853439774381328749145
928369781512236873192749
1102749007978260905591386
192600473472659924070857
807155092260641687781025
953288396066220849408097
283958917620063598403021
677492123889392584639850
326079068219057862230729
230368233172496390900881
517576570899751280563285
317450586608743423526041
311110562710628603780789
336165598572856403134325
389528210736831773007250
1271927546322567233948500
412956193312610440726004
931665516355184147247962
276103786815090140878841
529379616094181157575626
727692541984946154705156
513090330331367691697522
167266083638698953362728
1364084156051038464864388
990963616336187202156832
18889816100223847226960
198307915426398471770528
667813768459958285344777
760551502545274607689738
221005734677295432301809
1569117132734719429734388
609763997325643386747217
393553212685250088635380
630212835879743193280585
1094244190782904245335396
912505106557138366532437
292570744094232414847282
863006951206520850316025
543954064895372982276793
44893411674325841391565
861094989483404991910612
1096132314575197067851117
841725980750846400257060
110136446799821212132805
627978706654600011182632
298468258756797825962705
632391325681652296202050
2065000675977586348932377
249193518349621125923136
657377823043344527544325
129534690843132851521802
390741680388697809338834
655916061896014183441138
652533484445989162656290
909678127605306246377284
509008038657206192241793
1206785758600943419827914
504221974897826242772090
1063120612249774091363645
694291836433694306867217
276812728642960655042120
322672110675027110178997
79355499188306334989000
1409018929339828454050490
211789921409964422035570
980406582427759253484274
1252669595069005275066217
1199882536151645609430362
390024086423008581489401
145506815251258959296416
790674967930754157053188
875893226817695191786845
523531513184116024096340
452199675513151631252260
262147606884287240463044
986480150083550923531257
209119108680919685019469
541749456398515643416801
443422305545794561234628
227362344155155933505977
352335861209444445875273
645261541811445813559037
395005083081485331436810
1158681253206031783679354
184600472517062912679700
220819327329777921229805
939112586809782395805513
126778776987613211690816
249236434753414926885920
1846006462496442086664290
534483306171196179955009
606218890767161535052657
936572320011432966342634
213922524612015149755410
1417904286864584343548498
817049435958157120125700
436744023354669020608690
796966803573859357700456
197880952236107265717157
1075961876456766761528221
250892761057639443199069
986095576116927456572564
988909155021991010949389
464567919879684202667650
385051576216704570553049
