587565043207496530228013
622418744871616202832794
659466382324012039192066
575722141134533480627266
186749720815762844620549
341890087200523993869205
616029578093250040365050
766187684641467113628730
336686367571388240814829
261685171642046324660365
398191733210752931098512
421349102733797842297937
313713926020912052539593
611985828754499227011360
353546894505158118161192
664505993701434754859381
454935145831124424214645
552967887038684983734922
331363185685416798983101
365637494712355910442170
725039887097582105629257
360478940161835050806032
582178302028718871008877
287692356622770290248601
433355700142422635133322
737650708751898740561165
553659681265762735585730
661136143200080729193576
671567080199674284255668
577688872830825596549850
780236273334081590271865
768378729374379146987060
321946946759074054892201
745385880424330209738602
320584821964558337919785
265674409099752155078084
631692644601173181067985
337544480995248409385770
378130530857271530117288
199061142898798433526289
568120544737550751965770
734323041117311022912833
540243878312971741721396
761912491949206516760314
654634720243982544641906
475030893274784966270528
378193544545982620578786
587707909453919143987186
351233720429767718143585
479424889263057019733221
430114339103220594186989
444380066217793597687060
691949524090742770420357
635992092500300809709677
814042135101678857738338
438514873523687076691273
604836483456089455211044
477366437744567580727178
514334546522916093986481
692201847681203529186589
493623675519963396048810
684082377889137126285557
629062939030757149913189
365624360870123233997005
417907672699306688932489
366387304681167310922116
384597533247246165709508
380776501812059674294205
360696363448316259726212
485666279265467511292346
340291845253067692501253
292298147364115064037829
650596118388723361781802
633894834767987740547624
480146446490274830222570
424063269517924932044717
579222066860143838565026
209074553715665670020260
444423525962334005787209
553912855388374514376789
428392376090810062466410
594344169732543688077210
369127558588444886156849
466931129300414045512985
706868800412987379934429
487398838059683109235738
431976638059237706495737
376404378062156307756490
401487381176276318079145
162409751055610135645745
450231253088892166510249
382749543662124668734945
840742884708569902101485
417594838347352914055601
754419149908999285384845
493487409890876715539213
338440910764927975901989
668179833764656751299141
317224838519391952115840
645910342216854063972725
673755875387823331578400
631173374392105928332036
800874306747130461892945
691897092871436305256978
464701529337486903725269
672360219680232341450473
513655046548733509242085
829818684591653667615809
295495593228075532705745
619106817153123946052705
464696662974930446759213
257091346781315588328329
706825110387896503237978
319292897232291034493825
578506485632796109433809
147016501631534979000349
350047905970099449679186
509459627599914706448225
375492463119093002636737
600948740920103326265192
539018356734224913188845
382023171261860944619016
168542223784031700991944
346934113445746773586180
466013620256054889416330
372945400440111534518145
528604538798192006996225
500872535543056589878852
441763217223841407261032
418000071411508221268552
355252322404914016587364
271356650010202044727994
393429627907924716979601
322274829030729670625081
474053162509374378004049
321792649056119594388445
405166782933979399069841
321017620063719041293329
378816937989721109903125
492895284031573252344385
421526237433178856225524
392559817919862834591898
289625958820475038191365
286616847670704145485413
493592114068340591841914
311192554120849748319880
553628485603684333545613
256417917071272460774920
657903830078071276971188
549607299387301490840228
503001219623354794028840
663443515745813158236362
642765176690081407995397
395245453620051584901973
537924176185627872983593
532513020475097010842602
642517552639204737457154
285078694018508861477474
435694475511442565798885
314854310647742696144453
340425482471074230006610
616387168716742852037341
250633626757439840385300
394709689378142346722161
587175553098535942080724
933830064180807473240921
212116932680831613052865
494225259203735822889565
190750365489737030033953
481616890688869387098538
362829570812422491552725
358974778706573030413864
366603494528943740872301
328202153589418994071225
663368709725410105499112
620875784068329775981162
280018643306921494175380
677723722680495097172765
575648395294216188953581
460161890477622788705181
822207465591630034757098
371388846270401066283130
643454157041082745010825
557809800766493912128865
652289705809526142183725
682140469454016370968925
302719836035975907086548
509910013491357368647229
431647972108417660167881
668131843908281099376628
438788281768472819275130
496205677059052507046404
431505315229183675774634
625545796947221099304466
434717352702315060174112
668838137025734826502673
281141152105620722058949
552746553345455558135665
793687448361987249031625
521497071654869090523080
488719253469572869354397
413978254515855290070949
301821299249408486078344
543152598293324177164625
307486194913701383049325
415732707778764215639281
583440966273900904447885
236123473855531279372352
368910771528377380831136
403922328960271973841172
711480039979211017783073
290361112929032707728800
730079519299609993585769
637593774940219220184776
489106829486553313766660
328422788869075118067253
523414696635767301362240
707785825102382108513009
545417915620571281079752
341842946185129921708180
372678400948360898730905
432007928561462685885700
414158869674464197214980
280906995362127566408829
610851745265021330353300
438291037450735599687525
523103475434314565068496
365608489125593818110517
465920974851377725202473
286845192809997540043921
347619335114028814122722
514436816562098643984104
411920882377852182390761
275823180145216967375250
300989662628966542752365
387849950635181285992121
428548395084950350023700
642473580934327507401060
252156930202354892641730
428353198672545234816146
383907380469317793641893
571168866852650740372025
359971257046897876039668
600129451376231484466585
364929837133017627937265
405531504106075842101353
522432892371741255581956
625508337907479735716537
521965164352587895095533
580884780264640086944050
466325648274812263582149
484115432884588323185789
316685729755579330973044
382939700104142951437589
418978884288562094923348
665181022892858476819058
529382176584335861052097
488139177657813512558234
539828125652000258495090
610312268923946722568618
608989302267740454835385
434552348372559945317514
612043848102116341617329
563153819178515880719834
302206961442136599473045
665412302654700141841466
254069909642727756560845
502447462557100333642090
411975360582495248090117
551242398440742818670661
414249826461063119614753
450759562776188814521288
564176850815508652046610
614140961909076154144657
612080710278795871051976
566146839235116335880424
505059924586033475444421
473368354342352161111981
496709227549859913887272
515526250582228291813009
444911918857627474117849
330982312519190091075476
410260446656116721382497
514814710479404537718562
471572091140877586399618
460542210899699778702077
245492137812254113874277
739494466836414130323721
565102883112942616645768
645431485865010014672218
698414709929706870772849
362137262290824998493125
347861958083207142600532
393718087988932091467274
352454918464883944712250
599818660321926651972946
586189605994840716884717
464745139781533104499121
401201816066401053588260
573865751533890625159744
699189801256457950940021
640250635758898774369058
580358716096329102024773
483862029426460881411001
495795377574649609311586
333870964815836215445202
610417375244939213077320
432316806350084441361461
696969982634466110110081
466005196824993907125442
515529782987463848208386
553640440615010582264968
342662584612250545319393
190903756297539699488273
402060854770743303059825
297558185654232451919588
637959735409669241804525
700145006350764560635490
572921844674031520726280
261818649848929091972642
377534033440956396806450
456756205343426725305469
566578470601723884616618
716524009269164233382858
434598936715800458340521
433257033714653038758500
486012813777232170027850
436051396243595610087130
428712439452905120384429
606009949484799185357632
351561643190992690682740
696403480545091801653520
471687376267020960849637
730033711836518341113857
262475589385830914962249
426275137786443739043508
521073728363066043693568
373287306320160779222521
363678634465826173904737
395407544838117872713993
458702592929743243397320
578361607943941348018337
385549356762317233940625
570163141523263204285514
486816141327357190330018
726797466676735356840968
403633937601302766374288
366277151336028595329357
357112676431766487651380
713102824015064087318297
406381846411094573334164
315101238369743572966312
441526375915245394028909
380000869807319537639760
298392577078480444833442
531947011672062468859505
433778115718526943020585
649702212799025804472317
707667111130333496702305
317787370164993008681320
382830527854143409095593
608143081560339378973221
264767994848988230125216
611599355769305261215457
692403268838295219678061
236193992024526402709149
248677674497849089918792
412848123513942966526210
540733322679378530138981
407352908134494357370717
528066523672593916012040
383677792188324706826020
814136395558863124009061
559838080754173520761274
458000077737832025030794
383020691963839888837649
508354330795825343724045
473942462426777620201130
793879449449627451921365
443727390621929263706506
517137775942231092826186
229833584544788479480640
520462417472301217827490
479401075899153629184437
650736538175463981094705
440119267185076419283317
416237184670436676829349
528680806734711317439025
499140859161292450282660
393780510222988304712970
501747953667130430983028
702507397541576091792500
364092094662846932724905
416388129114251332620457
511058078966720140751365
279024409101397693958002
739511989621892083571881
491007427616408472752848
278545089163000998059010
536156649611901406959754
322873237227117943894373
408752495703859205877320
771279725387040236366597
574419820249448670238730
581114947687553755725705
411343578675397910714960
621220406951770027288904
201050723940267627915805
436642011628358612212805
156727466112322949882473
514224608782782455237033
487091460110251611243600
608264748268127221143049
460449500400983527682000
347648642299641409570234
100226264547139484787410
240795312077042830706212
305566699121545886478056
384104336590508553320264
584470077171136251225170
688119213504234796012693
624561548539255879384813
571437644395696945769032
95401006968515570781605
720353392830644053186682
583739293840818231698905
664157441042279270188105
551602151785842549521256
803595531496079588204945
562188254335528894882065
532598367598227639586720
593684993429251605889556
500266313400368954291913
615234991676560980209906
551841508481684252921450
562924029321499849181828
652869234231196373466205
559319685531482365636441
529270725547028817001000
457898683788153777136981
535419071853027624066465
283285117402701675678290
460174980535714629739300
165298709094223631892068
514939510142881487115156
252846994531424354285458
633876860815338111319325
509482866434486071620033
657502800567024926701730
543492318433093597475386
653648259825666927069642
268033017573297895520522
434657880774673442339962
480755763170229817111921
319276476740711006234946
673970203187431136307901
543157179144981170438560
631746997986750128725805
365719929960572850638660
320493655658295952758917
242476977638266530312577
761240001349245658992769
345933610132862669513153
738167353995985248587845
709484726045770393511809
238302999324626476918730
618851703317433831489250
224523411978649002807794
295015950510677741809872
741499403799027517919641
618463402505595656765450
494760079298506411067450
866197326123077887541818
362665594398588006161860
476269206704722911417444
402505428042056656635418
327252485646617518493320
652593948478941669937241
689403049525985391098874
256398251871496218264722
470806576195950976837489
471403046964034659175700
469731286050561952056005
339503338578059558741224
561669482415262238543997
503089634981310187621770
507167392832513987821882
505832471531492072793956
516666508238882803302125
557757211543436529412450
589409871076221810544513
497987102920235339120474
237478692228001618834505
531414989074676486953010
267262900400117196759061
555309637926731384898618
826662292980051800785490
683681126729537791726565
423890123520878876129890
297437965064262211597525
326680770832179343869425
627103384145460572649394
582958779949736018565085
456685691799090624715528
455847895095712008711097
218798513844541976673981
520616634591174975412649
351455823265680637623652
501772466467263125110645
517385852663484579909160
736390778737928342002605
495375149519658314059877
236136343091969732063490
745202362027907361298466
611461357100135181582241
472462579196229378712365
509887142388530018083485
557135700664260685748570
710383172454549398469305
392860121104235709691556
243491996550724814254618
186046176090850034175697
463270637366380371973042
510515918819879066973877
718815884818115769216200
403797170509804475400848
502330166973496747979272
439013522261401190173810
188008621370791460338442
669247302633336267819400
468884608945617995321453
613137069772594648818760
369715119597534789616745
476998950579431605926885
682367583301628275857341
323161273306396994250977
542191888671257017124786
207998743073809445516020
900904056557896287904946
481537252214681465051605
585787279319403818202130
575340083667116768294093
591230534958951712509578
759670114271582256634026
480378583020036648234677
418568929723777372852617
848522117732811384304360
808905387013284205540292
561469513612261037132369
397091956225128720757010
449238839844758495272641
410384590131278302904242
408684681011890145197466
429307467199900931472058
602077494390186523655336
368730679332069940553329
475385646673132654032193
623396647776976183589608
427741090488217104449842
617652576461617224684776
588696075574515937982372
482954226803734421895281
208657225895785447767604
424963443973768457606693
169849424764373940014405
851355827158510611854885
229553974881402170007290
409441053798147665172105
357917323824979858073698
491734521200808103598609
368236258526012157748994
534314419516036265177376
572982403198450278229793
554142759538613487290037
517168728541628423843501
417750055345652869295954
791278440108572257127585
410688759663881164700480
354025113121219354914466
538538819637807139257973
490893618529309887044029
446863890782672672997096
529268802383680504481485
308087520864137938501801
382008454079314340687273
665047445736132374556105
560762100505268243735368
595344527136883197185585
358287903247972368225685
338365828453866469193953
459946642703530037948224
700815260004004148427778
219127793126889386336669
481907076208232962886593
297648859504442932308170
397732247892252734243650
386212646534952359170345
429528584732759230422925
404657865152833817921257
780283207263317528094308
219252149687243610150434
548157599967843224464885
638416542461826252326120
431248734383615249851037
279182325830637112968272
741729782887355555978477
700156627471676184080258
651144547102722529431752
432220505931675578586853
480789099177379257809773
530448634846534174510945
301091842121020926739882
316671699128935091152450
507527393098098808283770
408214649561915584530941
391474966837699208895194
584598095567616889419746
579829946247306579528296
395074990666361330166850
265946395573676927676293
425386085159189776224410
191949871881450031882730
458836807831319278157914
241767713729404211385565
216683352873929573848100
609245059609172984179780
549585812003209655728424
307005156383055007865626
387762684422066758426408
254086674126951069501565
446880536567473872971825
411567691305877682542402
795917800333496545330609
643303498790315965425778
255632316025461220572898
917653016130375933619217
633266855156598549010888
258821335652670538394420
291067920214883992142024
561400669351750039075841
551129333848461531740177
486680756541666151318100
353844196648040392536161
326180489541599393639674
317760188033446582130345
716370327146052454328245
413819502012223106819080
561037359144454634488130
678518973137500322926969
380574855910194287583220
400835177866483739858305
615349706785409253065377
416549080942955187225161
173711365034338508627233
543497244429968061300250
448627047229813329836738
321631628134104752746181
630536070789176240580200
603205098260687243574265
229973852132243701633300
349201160248953025363268
447671937191763160537832
